# lattice-best-path --lm-scale=11 --word-symbol-table=exp/tri1/graph/words.txt "ark:gunzip -c exp/tri1/decode/lat.*.gz|" ark,t:exp/tri1/decode/scoring/11.tra 
# Started at Sun May 16 20:45:08 CST 2021
#
lattice-best-path --lm-scale=11 --word-symbol-table=exp/tri1/graph/words.txt 'ark:gunzip -c exp/tri1/decode/lat.*.gz|' ark,t:exp/tri1/decode/scoring/11.tra 
LOG (lattice-best-path[5.5.896~1-8a59]:main():lattice-best-path.cc:99) For utterance weather001_001, best cost 673.706 + 53279.1 = 53952.8 over 517 frames.
weather001_001 DALAWANG LOW PRESSURE AREA SA LOOB NG PHILIPPINE AREA OF RESPONSIBILITY O PAR 
LOG (lattice-best-path[5.5.896~1-8a59]:main():lattice-best-path.cc:99) For utterance weather001_002, best cost 658.166 + 37873.3 = 38531.5 over 370 frames.
weather001_002 ANG MAGPAPAULAN SA MALAKING BAHAGI NG LUZON AT VISAYAS 
LOG (lattice-best-path[5.5.896~1-8a59]:main():lattice-best-path.cc:99) For utterance weather001_003, best cost 627.935 + 30453.1 = 31081 over 297 frames.
weather001_003 BASE SA PINAKAHULING WEATHER BULLETIN NG PAGASA 
LOG (lattice-best-path[5.5.896~1-8a59]:main():lattice-best-path.cc:99) For utterance weather001_004, best cost 2701.38 + 184026 = 186727 over 1788 frames.
weather001_004 ANG ISA SA MGA LPA NA ITO AY NASA LAYONG SEVEN HUNDRED FIFTEEN KILOMETERS SILANGAN NG BASCO BATANES ANG IKALAWANG LPA AY NAMATAAN SA LAYONG ONE HUNDRED THIRTY KILOMETERS WEST SOUTHWEST NG IBA ZAMBALES HINAHATAK NITO ANG SOUTHWEST MONSOON O HANGING HABAGAT 
LOG (lattice-best-path[5.5.896~1-8a59]:main():lattice-best-path.cc:99) For utterance weather001_005, best cost 1452.08 + 96196.1 = 97648.2 over 942 frames.
weather001_005 ASAHAN PO NGAYONG ARAW ANG MONSOON RAINS SA METRO MANILA ZAMBALES BATAAN CAVITE BATANGAS PALAWAN AT MINDORO PROVINCES 
LOG (lattice-best-path[5.5.896~1-8a59]:main():lattice-best-path.cc:99) For utterance weather001_006, best cost 1533.06 + 92208.1 = 93741.2 over 892 frames.
weather001_006 MAKARARANAS NAMAN ANG RAINSHOWERS AT THUNDERSTORMS SA BICOL WESTERN VISAYAS AT SA NALALABING BAHAGI NG CENTRAL LUZON CALABARZON AT MIMAROPA 
LOG (lattice-best-path[5.5.896~1-8a59]:main():lattice-best-path.cc:99) For utterance weather001_007, best cost 1691.43 + 103662 = 105353 over 1007 frames.
weather001_007 DAHIL NAMAN SA TROUGH O EXTENSION NG LPA DARANAS NG KALAT-KALAT NA RAINSHOWERS AT THUNDERSTORMS SA CAGAYAN VALLEY CORDILLERA ADMINISTRATIVE REGION AT ILOCOS 
LOG (lattice-best-path[5.5.896~1-8a59]:main():lattice-best-path.cc:99) For utterance weather001_008, best cost 1189.3 + 78918.2 = 80107.5 over 751 frames.
weather001_008 ISOLATED RAINSHOWERS NAMAN ANG IIRAL SA MINDANAO AT NALALABING BAHAGI NG VISAYAS DULOT NG LOCALIZED THUNDERSTORMS 
LOG (lattice-best-path[5.5.896~1-8a59]:main():lattice-best-path.cc:99) For utterance weather002_001, best cost 2323.78 + 125813 = 128136 over 1269 frames.
weather002_001 SA ATIN NAMANG ULAT PANAHON TATLO ANG LOW PRESSURE AREA O LPA NA BINABANTAYAN NG PAGASA ANG UNA YUNG AH UMAGA ANG SA LAYONG ONE HUNDRED MAY FIVE KILOMETERS TIMOG KANLURAN NG SINAIT ILOCOS SUR 
LOG (lattice-best-path[5.5.896~1-8a59]:main():lattice-best-path.cc:99) For utterance weather008_006, best cost 776.974 + 21391.8 = 22168.7 over 237 frames.
weather008_006 EH OPO SA NATITIRANG BAHAGI PAN ANG ATING BANSA 
LOG (lattice-best-path[5.5.896~1-8a59]:main():lattice-best-path.cc:99) For utterance weather008_007, best cost 1602.87 + 91254.4 = 92857.3 over 1000 frames.
weather008_007 KASAMA NA DIYAN YUNG NATITIRANG BAHAGI NG KABISAYAAN AT MINDANAO AY GENERALLY FAIR WEATHER TAYO SA ARAW NA ITO MALIBAN NA LAMANG SA MGA PULO-PULONG MGA PAGULAN O PAGKIDLAT PAGKULOG 
LOG (lattice-best-path[5.5.896~1-8a59]:main():lattice-best-path.cc:99) For utterance weather008_008, best cost 1538.36 + 89095.2 = 90633.5 over 990 frames.
weather008_008 ANG ATIN PONG GALE WARNING AY NAKATAAS PA RIN SA MGA BAYBAYING DAGAT NG BATANES CALAYAN BABUYAN CAGAYAN ISABELA AT NORTHERN COAST PO NG ILOCOS NORTE 
LOG (lattice-best-path[5.5.896~1-8a59]:main():lattice-best-path.cc:99) For utterance weather008_009, best cost 1480.39 + 102056 = 103536 over 1113 frames.
weather008_009 KAYA SA MGA NASABI KONG LUGAR AY HINDI PA RIN PINAPAYAGAN NG PHILIPPINE COAST GUARD NA PUMALAOT ANG ATING MGA KABABAYANG MANGINGISDA SAPAGKAT MAGING MAALON HANGGANG SA NAPAKAALON PA RIN PO NG MGA KARAGATAN DITO 
LOG (lattice-best-path[5.5.896~1-8a59]:main():lattice-best-path.cc:99) For utterance weather008_010, best cost 3692.3 + 261064 = 264756 over 2786 frames.
weather008_010 DUMAKO NAMAN TAYO SA MAGIGING AGWAT NG TEMPERATURA SA IBA'T IBANG LUGAR PO DITO SA PILIPINAS DITO NAMAN SA METRO MANILA INAASAHANG MAGIGING TEMPERATURE FORECAST PO O TEMPERATURE RANGE AY MULA SA TWENTY FOUR HANGGANG SA THIRTY ONE DEGREES CELSIUS SAMANTALA DITO NAMAN SA BAGUIO AY MULA SA FIFTEEN HANGGANG SA TWENTY TWO TAGAYTAY PO AY MULA SA TWENTY HANGGANG SA TWENTY NINE DEGREES CELSIUS HABANG SA PUERTO PRINCESA AY MULA SA TWENTY THREE HANGGANG SA THIRTY ONE DEGREES CELSIUS 
LOG (lattice-best-path[5.5.896~1-8a59]:main():lattice-best-path.cc:99) For utterance weather008_011, best cost 1581.09 + 110433 = 112014 over 1170 frames.
weather008_011 DUMAKO NAMAN TAYO SA CEBU INAASAHANG MAGIGING TEMPERATURE RANGE DOON AY MULA SA TWENTY FOUR HANGGANG SA THIRTY TWO DEGREES CELSIUS SAMANTALA SA ILOILO AY MULA SA TWENTY SIX HANGGANG SA THIRTY ONE DEGREES CELSIUS 
LOG (lattice-best-path[5.5.896~1-8a59]:main():lattice-best-path.cc:99) For utterance weather008_012, best cost 1228.41 + 82112.9 = 83341.3 over 882 frames.
weather008_012 SA DAVAO NAMAN AY MULA SA TWENTY FIVE HANGGANG SA THIRTY THREE DEGREES CELSIUS HABANG SA ZAMBOANGA AY MULA SA TWENTY FOUR HANGGANG SA THIRTY TWO DEGREES CELSIUS 
LOG (lattice-best-path[5.5.896~1-8a59]:main():lattice-best-path.cc:99) For utterance weather008_013, best cost 1900.28 + 70339.6 = 72239.9 over 741 frames.
weather008_013 SANTO AT PO FOR TODAY AY FIVE TWENTY EIGHT IN THE AFTERNOON SAMANTALANG INAASAHAN ATING SANTOS TOMORROW AY SIX ALA NANDUN MORNING 
LOG (lattice-best-path[5.5.896~1-8a59]:main():lattice-best-path.cc:99) For utterance weather008_014, best cost 704.623 + 47537.6 = 48242.2 over 513 frames.
weather008_014 YAN HO MUNA ANG LATEST MULA DITO SA PAGASA ITO PO SI LORIDIN DELA CRUZ NAG UULAT 
LOG (lattice-best-path[5.5.896~1-8a59]:main():lattice-best-path.cc:99) For utterance weather009_001, best cost 1405.12 + 76713.2 = 78118.3 over 772 frames.
weather009_001 MAGANDANG HAPON AT ITO ANG MAGIGING LAGAY NG ATING AT PANAHON NGAYONG DECEMBER SIX TWO THOUSAND AND SIXTEEN ARAW NG MARTES 
LOG (lattice-best-path[5.5.896~1-8a59]:main():lattice-best-path.cc:99) For utterance weather009_002, best cost 1706.28 + 96666.8 = 98373 over 974 frames.
weather009_002 DAHIL SA AMIHAN AY ASAHAN DITO SA ILOCOS REGION CORDILLERA ADMINISTRATIVE REGION AT CAGAYAN VALLEY REGION ANG AH MAULAP NA KALANGITAN NA MAY MAHINANG MGA PAGULAN 
LOG (lattice-best-path[5.5.896~1-8a59]:main():lattice-best-path.cc:99) For utterance weather009_003, best cost 2053.78 + 120583 = 122637 over 1244 frames.
weather009_003 EASTERLIES NAMAN ANG DAHILAN KUNG KAYAT ANG METRO MANILA AT NALALABING BAHAGI NG BANSA AY ASAHANG MAKAKARANAS NG MAALIWALAS NA KALANGITAN MALIBAN SA MGA PULO-PULONG PAGKIDLAT AT PAGKULOG SA HAPON O GABI 
LOG (lattice-best-path[5.5.896~1-8a59]:main():lattice-best-path.cc:99) For utterance weather009_004, best cost 4730.27 + 268521 = 273251 over 2719 frames.
weather009_004 ANG NA INA ATING AMIHAN AY INA INAASAHAN PO NATIN NAGI MAGIGING MAALON HANGGANG SA NAPAKAALON NG KARAGATAN DITO SA SEABOARDS NG NGA BATANES CALAYAN NORTHERN COAST NG CAGAYAN AT NORTHERN COAST NG ILOCOS NORTE KAYA PO NAGTAAS PO TAYO DIYAN NG GALE WARNING IBIG SABIHIN BAWAL PUMALAOT ANG ATING MGA KABABAYAN NA MAG GUMAGAMIT PO NG MALILIIT NA SASAKYANG PANDAGAT DAHIL LUBHA PONG MAPANGANIB NGAYON ANG PAGLALAYAG SA BAHAGING YAN NG ATING BANSA 
LOG (lattice-best-path[5.5.896~1-8a59]:main():lattice-best-path.cc:99) For utterance weather009_005, best cost 1904.17 + 87874.8 = 89779 over 882 frames.
weather009_005 PARA NAMAN SA MAGIGING LAGAY NG TEMPERATURA SA IBA'T-IBANG SYUDAD PO NG ATING BANSA ETO PO ANG ATING AT TEMPERATURE FORECAST RAINS FOR EACH CITIES 
LOG (lattice-best-path[5.5.896~1-8a59]:main():lattice-best-path.cc:99) For utterance weather009_006, best cost 4947.79 + 335727 = 340675 over 3404 frames.
weather009_006 METRO MANILA MERON PO TAYONG FORECAST TEMPERATURE NA TWENTY FOUR TO THIRTY TWO DEGREES CELSIUS AT DITO NAMAN SA TUGUEGARAO CITY AY MERON PO TAYONG TWENTY TWO TO TWENTY NINE DEGREES CELSIUS SAMANTALA SA BAGUIO CITY AY NASA FIFTEEN TO TWENTY FIVE DEGREES CELSIUS ANG INAASAHANG TEMPERATURA AT FOR LEGAZPI AY MERON TAYONG TWENTY SIX TO THIRTY ONE DEGREES CELSIUS SA METRO CEBU AY INAASAHAN DIN PO NA TEN NA TWENTY SIX TO THIRTY ONE DEGREES CELSIUS ANG MAGIGING AGWAT NG TEMPERATURA AT FOR METRO DAVAO WE HAVE TWENTY FIVE TO THIRTY ONE DEGREES CELSIUS 
LOG (lattice-best-path[5.5.896~1-8a59]:main():lattice-best-path.cc:99) For utterance weather009_007, best cost 1441.7 + 72816.3 = 74258 over 738 frames.
weather009_007 ANG ARAW PO AY LULUBOG ALAS SINGKO BENTE SAIS NG HAPON AT SISIKAT NAMAN YAN BUKAS ALAS SAIS NUEBE NG UMAGA 
LOG (lattice-best-path[5.5.896~1-8a59]:main():lattice-best-path.cc:99) For utterance weather009_008, best cost 844.68 + 53068.3 = 53913 over 545 frames.
weather009_008 MULA DITO SA WEATHER FORECASTING CENTER NG PAGASA ITO SI GLAIZA ESCOLIAR NAG UULAT 
LOG (lattice-best-path[5.5.896~1-8a59]:main():lattice-best-path.cc:99) For utterance weather010_001, best cost 956.424 + 50488.6 = 51445 over 438 frames.
weather010_001 ANG ULAT PANAHON NI GMA OPERATION NA KANYANG MANG TANI 
LOG (lattice-best-path[5.5.896~1-8a59]:main():lattice-best-path.cc:99) For utterance weather010_002, best cost 951.228 + 59415.2 = 60366.4 over 537 frames.
weather010_002 MGA KAPUSO NAITALA KANINANG UMAGA YUNG PINAKA MABABANG TEMPERATURA SA BANSA NGAYONG AMIHAN SEASON 
LOG (lattice-best-path[5.5.896~1-8a59]:main():lattice-best-path.cc:99) For utterance weather010_003, best cost 645.735 + 40864.9 = 41510.6 over 371 frames.
weather010_003 AYON SA PAGASA BUMAGSAK SA ELEVEN POINT TWO DEGREES CELSIUS 
LOG (lattice-best-path[5.5.896~1-8a59]:main():lattice-best-path.cc:99) For utterance weather010_004, best cost 1752.02 + 84048.3 = 85800.3 over 786 frames.
weather010_004 ANG TEMPERATURA DIYAN SA MAGBAGO CITY KANINA PO YANG MAG AALAS SINGKO NG UMAGA MGA KAPUSO ITO MAY PINAKA MALAMIG NA TEMPERATURA NGAYONG AMIHAN SEASON 
LOG (lattice-best-path[5.5.896~1-8a59]:main():lattice-best-path.cc:99) For utterance weather010_005, best cost 3226.55 + 150963 = 154189 over 1430 frames.
weather010_005 AT NGAYONG WEEKEND EH POSIBLENG BUMABA KAPAG SA TEN DEGREES CELSIUS O KAYA I ILAN NINE DEGREES CELSIUS YUNG TEMPERATURA DIYAN SA BAGYO AH MABABA NAMAN PO ANG TSANSANG UMULAN EH MGA PUPUNTA NG BAGYO EH MAGING I AM READY KAYO SA YUNG MGA DIYAN EH 
LOG (lattice-best-path[5.5.896~1-8a59]:main():lattice-best-path.cc:99) For utterance weather010_006, best cost 1495.94 + 104601 = 106097 over 975 frames.
weather010_006 SA METRO MANILA NASA TWENTY TO TWENTY ONE DEGREES CELSIUS NAMAN ANG POSIBLENG MINIMUM TEMPERATURE AT KATULAD SA BAGUIO WALA RING INAASAHANG ULAN NGAYONG WEEKEND 
LOG (lattice-best-path[5.5.896~1-8a59]:main():lattice-best-path.cc:99) For utterance weather010_007, best cost 4360.57 + 245570 = 249931 over 2322 frames.
weather010_007 SA LUZON MAGIGING MAULAN DIYAN SA MGA REHIYON NG CORDILLERA DIYAN SA MAY CAGAYAN VALLEY SA MGA PROBINSYA NG QUEZON AURORA MAGING SA MINDORO ORIENTAL AT DIYAN SA ILANG BAHAGI NG BICOL REGION BUKAS YAN SABADO HABANG SA LINGGO MAG TOTOO NITO YUNG ULAN SA MGA LUGAR SA CAGAYAN VALLEY DIYAN SA MAY AURORA AT NORTHERN QUEZON MAGING SA MINDORO ORIENTAL PERO WALA NASA BICOL REGION CENTRAL LUZON MAGING SA CORDILLERA AT ILOCOS REGION 
LOG (lattice-best-path[5.5.896~1-8a59]:main():lattice-best-path.cc:99) For utterance weather010_008, best cost 6377.19 + 377499 = 383876 over 3608 frames.
weather010_008 SA VISAYAS MAGHAPON MANG MAULAN DITO SA MAY LEYTE AT SAMAR PROVINCES MAGING SA ILANG BAHAGI NG NEGROS PROVINCES BUKAS NAMAN YAN NG HAPON AT PAPUNTA NITO YUNG ULAN DIYAN SA NEGROS AT AKLAN PROVINCES PAGDATING NG LINGGO PERO DITO SA ILANG BAHAGI NG VISAYAS HALOS WALA NG ULAN SA LINGGO SA MINDANAO BUONG ARAW NA MAULAN SA SURIGAO PROVINCES AT DAVAO ORIENTAL DIYAN MAY ARAW NG SABADO AT SA LINGGO MARAMING LUGAR SA EASTERN MINDANAO YUN AH DAVAO REGION AT CARAGA REGION MAY MGA PAGULAN AT MAULAN NA RIN SA NORTHERN MINDANAO PAGDATING SA HAPON NGAYONG WEEKEND 
LOG (lattice-best-path[5.5.896~1-8a59]:main():lattice-best-path.cc:99) For utterance weather010_009, best cost 2779.33 + 153726 = 156506 over 1427 frames.
weather010_009 APEKTADO RIN ANG MALAKAS NA AMIHAN ANG EASTERN SEABOARD NAMAN NG AH LUZON DITO SA MAY CAGAYAN VALLEY AURORA DIYAN SA MAY BICOL REGION HANGGANG SA MAY SAMAR PROVINCES IBIG SABIHIN PO YAN MATAAS ANG MGA ALON AT DELIKADO SA MGA MAGING 
LOG (lattice-best-path[5.5.896~1-8a59]:main():lattice-best-path.cc:99) For utterance weather010_010, best cost 2200.94 + 96314.8 = 98515.7 over 883 frames.
weather010_010 MGA KAPUSO WAG KAKALIMUTAN AH ANG I AM READY SA DOBOL B ALAS NUEBE THE LESS IS PO YAN NG UMAGA TUWING SABADO SA SUPER AH DIYAN DZ DOBOL B RADYO SEA NA 
LOG (lattice-best-path[5.5.896~1-8a59]:main():lattice-best-path.cc:99) For utterance weather010_011, best cost 870.981 + 77040.2 = 77911.2 over 732 frames.
weather010_011 AT YAN ANG LATEST MULA SA GMA WEATHER AKO PO SI NATHANIEL CRUZ MAGPLANO PARA SIGURADO I AM READY SERBISYONG TOTOO NG 
LOG (lattice-best-path[5.5.896~1-8a59]:main():lattice-best-path.cc:99) For utterance weather011_001, best cost 933.205 + 46917 = 47850.2 over 466 frames.
weather011_001 KAPUSO MATINDING INIT ANG NARAMDAMAN SA ILANG LUGAR SA BANSA NGAYONG UNANG ARAW NG MAYO 
LOG (lattice-best-path[5.5.896~1-8a59]:main():lattice-best-path.cc:99) For utterance weather011_002, best cost 4908.14 + 332311 = 337219 over 3290 frames.
weather011_002 SA DATOS NG PAGASA EH PUMALO SA FORTY SIX POINT NINE DEGREES CELSIUS YUNG INIT FACTOR DIYAN SA MAY CASIGURAN AURORA AT KANINANG ALAS DOS YAN NG HAPON UMABOT NAMAN SA FORTY SIX POINT THREE DEGREES CELSIUS ANG DAMANG INIT DIYAN SA MAY GIWAN EASTERN SAMAR ALAS ONSE NG UMAGA MGA KAPUSO HABANG FORTY FIVE POINT SIX DEGREES CELSIUS NAMAN DIYAN SA MAY DAGUPAN PANGASINAN AT SA METRO MANILA NASA FORTY DEGREES CELSIUS YUNG DAMANG INIT KANINANG ALAS DOS AT ALAS QUATRO NG HAPON PERO SA NAIA UMABOT NASA FORTY TWO POINT THREE DEGREES CELSIUS ANG INIT FACTOR 
LOG (lattice-best-path[5.5.896~1-8a59]:main():lattice-best-path.cc:99) For utterance weather011_003, best cost 1961.37 + 122981 = 124942 over 1228 frames.
weather011_003 AT MANATILING I AM READY BUKAS DAHIL POSIBLENG AH MARAMDAMAN MULI YUNG FORTY DEGREES CELSIUS NA INIT FACTOR DITO SA METRO MANILA PERO MGA KAPUSO AH ASAHAN ANG THUNDERSTORM SA HAPON AT SA GABI 
LOG (lattice-best-path[5.5.896~1-8a59]:main():lattice-best-path.cc:99) For utterance weather011_004, best cost 2011.12 + 109826 = 111837 over 1113 frames.
weather011_004 SA LUZON MAGHAPONG MAY ULAN SA MAY NORTHERN LUZON LALO DIYAN SA MAY CORDILLERA SA MGA PROBINSYA NG AURORAT QUEZON AT MAULAN NA RIN SA MAY CENTRAL LUZON CALABARZON AT MINDORO PAGDATING SA HAPON 
LOG (lattice-best-path[5.5.896~1-8a59]:main():lattice-best-path.cc:99) For utterance weather011_005, best cost 1171.37 + 76730.1 = 77901.4 over 778 frames.
weather011_005 SA VISAYAS WALANG ULAN SA UMAGA AT SA NEGROS PROVINCES AT DIYAN SA MAY LEYTE MAY MGA PAGULAN PAGDATING SA HAPON 
LOG (lattice-best-path[5.5.896~1-8a59]:main():lattice-best-path.cc:99) For utterance weather011_006, best cost 1803.71 + 111495 = 113299 over 1123 frames.
weather011_006 AT SA MINDANAO MAGHAPONG MAULAN SA REHIYON NG SOCSARGEN AT MAULAN NA RIN SA HALOS BUONG MINDANAO NA KUNG MINSAN MALALAKAS MGA KAPUSO MALIBAN DIYAN SA MAY REHIYON NG CARAGA SA HAPON 
LOG (lattice-best-path[5.5.896~1-8a59]:main():lattice-best-path.cc:99) For utterance weather011_007, best cost 815.99 + 78475.6 = 79291.6 over 782 frames.
weather011_007 AT YAN ANG LATEST MULA SA GMA WEATHER AKO PO SI NATHANIEL CRUZ MAGPLANO PARA SIGURADO I AM READY SERBISYONG TOTOO NG GMA NEWS 
LOG (lattice-best-path[5.5.896~1-8a59]:main():lattice-best-path.cc:99) For utterance weather012_001, best cost 606.011 + 34120.4 = 34726.4 over 327 frames.
weather012_001 NAGPAPATULOY PONG ALINSANGAN SA IBA'T-IBANG BAHAGI NG BANSA 
LOG (lattice-best-path[5.5.896~1-8a59]:main():lattice-best-path.cc:99) For utterance weather012_002, best cost 2241.86 + 133757 = 135999 over 1292 frames.
weather012_002 HAPON NAITALA NG PAGASA ANG FORTY SEVEN POINT NINE DEGREES CELSIUS NA INIT FACTOR SA COTABATO CITY FORTY FOUR POINT SIX DEGREES CELSIUS NAMAN SA DAGUPAN CITY PANGASINAN HABANG FORTY THREE POINT EIGHT DEGREES CELSIUS SA TUGUEGARAO CITY CAGAYAN 
LOG (lattice-best-path[5.5.896~1-8a59]:main():lattice-best-path.cc:99) For utterance weather012_003, best cost 2419.58 + 159938 = 162357 over 1567 frames.
weather012_003 BUKAS POSIBLENG PUMALO SA FORTY TWO DEGREES CELSIUS ANG INIT FACTOR SA DAGUPAN FORTY ONE DEGREES CELSIUS NAMAN SA COTABATO FORTY DEGREES CELSIUS SA TUGUEGARAO TWENTY NINE DEGREES CELSIUS AT CATBALOGAN AT ZAMBOANGA CITY ANG AT FORTY DEGREES CELSIUS O SUBIC BAY ZAMBALES 
LOG (lattice-best-path[5.5.896~1-8a59]:main():lattice-best-path.cc:99) For utterance weather012_004, best cost 928.636 + 55088.8 = 56017.5 over 535 frames.
weather012_004 ILOCOS SA METRO MANILA ASAHAN DING MAGING MAALINSANGAN SA FORTY DEGREES CELSIUS NA INIT FACTOR 
LOG (lattice-best-path[5.5.896~1-8a59]:main():lattice-best-path.cc:99) For utterance weather013_001, best cost 1836.43 + 76566.8 = 78403.2 over 719 frames.
weather013_001 MGA KAPUSO WALANG BAGYONG NABUO SA BANSA NGAYONG NA ABRIL AT NAGING MABABA RIN ANG DAMI NG ULAN NA EPEKTO PO YAN NG AH AND NIYO 
LOG (lattice-best-path[5.5.896~1-8a59]:main():lattice-best-path.cc:99) For utterance weather013_002, best cost 1604.45 + 79668.7 = 81273.2 over 768 frames.
weather013_002 AT NGAYONG PAPASOK NG BUWAN NG MAYO EH POSIBLENG MGA KAPUSO MABAWASAN ANG MGA LUGAR NA APEKTADO NG DROUGHT AT DRY SPELL 
LOG (lattice-best-path[5.5.896~1-8a59]:main():lattice-best-path.cc:99) For utterance weather013_003, best cost 2743.95 + 125543 = 128287 over 1197 frames.
weather013_003 MAY SA PAGASA WALA NG DROUGHT SA MINDANAO PAGKATAPOS NG PO NG MAYO PERO MAY MGA APEKTADO PA RING NA LUGAR SA LUZON GAYA NA LAMANG NANDITO REGION AT ILANG LUGAR DIYAN SA VISAYAS ITO YUNG EASTERN VISAYAS 
LOG (lattice-best-path[5.5.896~1-8a59]:main():lattice-best-path.cc:99) For utterance weather013_004, best cost 3516.09 + 188289 = 191805 over 1817 frames.
weather013_004 AT SA LAGAY NG PANAHON BUKAS WALA PA RING INAASAHANG ULAN DIYAN SA MALAKING BAHAGI NG LUZON BUKAS PERO PAGDATING NG HAPON ANG MAY ULAN SA ILOCOS REGION CORDILLERA CAGAYAN VALLEY AT SA MGA PROBINSYA NG DIYES SA MGA LESS TARLAC DIYAN SA MAY WELL MAY SIYA KASAMA NG AURORA PAGDATING SA HAPON 
LOG (lattice-best-path[5.5.896~1-8a59]:main():lattice-best-path.cc:99) For utterance weather013_005, best cost 2844.96 + 152804 = 155649 over 1465 frames.
weather013_005 AT DIYAN SA NORZAGARAY BULACAN KUNG SAAN NANDOON ANG RAMDAM WALA PA RING INAASAHANG ULAN BUKAS PERO POSIBLE PONG UMULAN SA HUWEBES AT SABADO PERO MGA KAPUSO AH MGA MAHIHINANG PAGULAN YAN NA HALOS HINDI MARARAMDAMAN YUNG PAGTAAS NG LEBEL NG TUBIG 
LOG (lattice-best-path[5.5.896~1-8a59]:main():lattice-best-path.cc:99) For utterance weather013_006, best cost 1312.27 + 91979.4 = 93291.6 over 893 frames.
weather013_006 AT SA METRO MANILA NASA THIRTY NINE DEGREES CELSIUS ANG INIT FACTOR NATIN BUKAS AT MAARAW WALA PA RING ULAN MAGHAPON 
LOG (lattice-best-path[5.5.896~1-8a59]:main():lattice-best-path.cc:99) For utterance weather013_007, best cost 1781.85 + 103258 = 105040 over 995 frames.
weather013_007 SA VISAYAS MAAYOS ANG PANAHON SA UMAGA PERO MAY ULAN NA SA WESTERN VISAYAS LALO NA SA MAY NEGROS PROVINCES AT DIYAN SA MAY AH CEBU AT BOHOL PAGDATING NAMAN ANG HAPON 
LOG (lattice-best-path[5.5.896~1-8a59]:main():lattice-best-path.cc:99) For utterance weather013_008, best cost 1900.99 + 106303 = 108204 over 1023 frames.
weather013_008 MAGHAPON MANG MAULAN SA MGA REHIYON NG NORTHERN MINDANAO AT DAVAO REGION AT MAGING I AM READY PO SA THUNDERSTORM NA KUNG MINSAN MALALAKAS MGA PULO ITO RAINS YAN PAGDATING SA HAPON 
LOG (lattice-best-path[5.5.896~1-8a59]:main():lattice-best-path.cc:99) For utterance weather013_009, best cost 1843.29 + 110168 = 112011 over 1074 frames.
weather013_009 AT SA DATOS EIGHTY MGA KAPUSO SAAN GINAGANAP ANG PALARONG PAMBANSA MAGHAPON NA MAKAKARANAS NG PAGULAN AT NASA FORTY DEGREES CELSIUS YUNG POSIBLENG INIT FACTOR 
LOG (lattice-best-path[5.5.896~1-8a59]:main():lattice-best-path.cc:99) For utterance weather013_010, best cost 798.157 + 78452.7 = 79250.8 over 748 frames.
weather013_010 AT YAN ANG LATEST MULA SA GMA WEATHER AKO PO SI NATHANIEL CRUZ MAGPLANO PARA SIGURADO I AM READY SERBISYONG TOTOO NG GMA NEWS 
LOG (lattice-best-path[5.5.896~1-8a59]:main():lattice-best-path.cc:99) For utterance weather014_001, best cost 729.879 + 51242.2 = 51972 over 426 frames.
weather014_001 WALANG BAGYONG NAMAMATAAN SA LOOB O LABAS NG PHILIPPINE AREA OF RESPONSIBILITY 
LOG (lattice-best-path[5.5.896~1-8a59]:main():lattice-best-path.cc:99) For utterance weather014_002, best cost 902.448 + 52963.1 = 53865.5 over 447 frames.
weather014_002 EASTERLIES ANG PANGUNAHING WEATHER SYSTEM NA NAKAKAAPEKTO NGAYON SA MARAMING LUGAR SA BANSA 
LOG (lattice-best-path[5.5.896~1-8a59]:main():lattice-best-path.cc:99) For utterance weather014_003, best cost 1065.99 + 57965.1 = 59031.1 over 489 frames.
weather014_003 MALAPIT ULAN SA SILANGANG BAHAGI NG LUZON VISAYAS AT MINDANAO AYON PO YAN SA PAGASA 
LOG (lattice-best-path[5.5.896~1-8a59]:main():lattice-best-path.cc:99) For utterance weather014_004, best cost 1713.91 + 108414 = 110128 over 917 frames.
weather014_004 BUKAS MAGIGING MAULAP AT MAALINSANGAN DITO SA METRO MANILA PERO BASE SA DATOS NG METRAWEATHER POSIBLE PA RIN ANG ULAN O KAYA'Y THUNDERSTORMS SA ILANG BAHAGI NG AH MANILA 
LOG (lattice-best-path[5.5.896~1-8a59]:main():lattice-best-path.cc:99) For utterance weather014_005, best cost 819.687 + 40645.1 = 41464.8 over 346 frames.
weather014_005 UMAGA PA LANG MAKARARANAS NAMAN ULAN NG SOUTHERN LUZON AT VISAYAS 
LOG (lattice-best-path[5.5.896~1-8a59]:main():lattice-best-path.cc:99) For utterance weather014_006, best cost 959.136 + 55850.2 = 56809.3 over 481 frames.
weather014_006 ASAHAN NAMAN ANG HANGGANG MATITINDING BUHOS NG ULAN SA MINDANAO PAGSAPIT NG HAPON AT GABI 
LOG (lattice-best-path[5.5.896~1-8a59]:main():lattice-best-path.cc:99) For utterance weather015_001, best cost 925.759 + 47564.6 = 48490.4 over 433 frames.
weather015_001 MGA KAPUSO KAKAIBANG INIT ANG NARAMDAMAN DIYAN SA PANGASINAN SA TAAS NG PAGASA 
LOG (lattice-best-path[5.5.896~1-8a59]:main():lattice-best-path.cc:99) For utterance weather015_002, best cost 2616.17 + 169112 = 171728 over 1487 frames.
weather015_002 PUMALO SA FORTY EIGHT POINT TWO DEGREES CELSIUS YUNG INIT FACTOR SA DAGUPAN PANGASINAN KAHAPON NG HAPON HABANG NASA FORTY FOUR POINT FIVE DEGREES CELSIUS NAMAN YUNG DAMANG INIT KANINANG HAPON YUNG MGA GANYANG KAALINSANGAN MGA KAPUSO AH POSIBLE PONG HEAT STRESS AT HEAT STROKE 
LOG (lattice-best-path[5.5.896~1-8a59]:main():lattice-best-path.cc:99) For utterance weather015_003, best cost 618.462 + 33103.3 = 33721.8 over 296 frames.
weather015_003 AT MAGING I AM READY PA RIN SA MAALINSANGANG PANAHON BUKAS 
LOG (lattice-best-path[5.5.896~1-8a59]:main():lattice-best-path.cc:99) For utterance weather015_004, best cost 3625.36 + 245223 = 248848 over 2214 frames.
weather015_004 SA DATOS NG METRAWEATHER NASA FORTY ONE DEGREES CELSIUS YUNG INIT FACTOR DIYAN SA DAGUPAN NASA FORTY DEGREES CELSIUS NAMAN YUNG DAMANG INIT POSIBLE SA TUGUEGARAO AT CABANATUAN AT THIRTY NINE DEGREES CELSIUS NAMAN DIYAN SA MAY CATBALOGAN AT TAGBILARAN SA VISAYAS AT SA MAY GENERAL SANTOS SA MINDANAO HABANG FORTY TWO DEGREES CELSIUS MGA KAPUSO ANG POSIBLENG DAMANG INIT DIYAN SA MAY COTABATO CITY 
LOG (lattice-best-path[5.5.896~1-8a59]:main():lattice-best-path.cc:99) For utterance weather015_005, best cost 1765.39 + 101263 = 103028 over 927 frames.
weather015_005 SA METRO MANILA POSIBLENG UMABOT NAMAN SA THIRTY SEVEN DEGREES CELSIUS YUNG DAMANG INIT AT BAHAGYANG MAULAP PA RIN PERO WALA PONG ULAN NA INAASAHAN SA MAGHAPON 
LOG (lattice-best-path[5.5.896~1-8a59]:main():lattice-best-path.cc:99) For utterance weather015_006, best cost 1992.28 + 120823 = 122815 over 1100 frames.
weather015_006 MAY SAMAR PANAHON SA LUZON BUKAS NG UMAGA PERO ASAHAN ANG ULAN DIYAN SA MAY CORDILLERA ILOCOS REGION SA MAY AH PROBINSYA NG CAGAYAN ISABELA DIYAN SA MAY ZAMBALES AT AURORA PAGDATING SA HAPON 
LOG (lattice-best-path[5.5.896~1-8a59]:main():lattice-best-path.cc:99) For utterance weather015_007, best cost 1695.6 + 112638 = 114334 over 1036 frames.
weather015_007 SA VISAYAS WALANG ULAN SA UMAGA PERO PAGDATING NG HAPON MAY ULAN DIYAN SA MAY EASTERN SAMAR SAMAR AT PAGDATING SA HAPON DIN KASAMA NA ANG LEYTE PROVINCES 
LOG (lattice-best-path[5.5.896~1-8a59]:main():lattice-best-path.cc:99) For utterance weather002_002, best cost 1439.46 + 96101.9 = 97541.4 over 961 frames.
weather002_002 ANG IKALAWA NAMAN MAY NASA THREE HUNDRED EIGHTY FIVE KILOMETERS SILANGAN NG APARRI CAGAYAN HABANG IKATLO AY NASA LABAS NG PHILIPPINE AREA OF RESPONSIBILITY 
LOG (lattice-best-path[5.5.896~1-8a59]:main():lattice-best-path.cc:99) For utterance weather002_003, best cost 1634.14 + 93640.6 = 95274.8 over 949 frames.
weather002_003 NAMATAAN ITO SA LAYONG ONE THOUSAND ONE HUNDRED TWENTY KILOMETERS EAST NG MINDANAO AYON SA PAGASA MABABA ANG TSANSANG NA MAGIGING BAGYO ANG TATLONG LPA 
LOG (lattice-best-path[5.5.896~1-8a59]:main():lattice-best-path.cc:99) For utterance weather002_004, best cost 4714.39 + 316451 = 321165 over 3153 frames.
weather002_004 AT NARITO NAMAN HANGIN MAGIGING TEMPERATURA BUKAS SA ILANG PILING LUGAR SA BANSA SA LUZON MAGIGING PINAKA MAINIT PA RIN SA TUGUEGARAO CITY KUNG SAAN PAPALO SA FORTY TWO DEGREES CELSIUS ANG HEAT INDEX SA VISAYAS PINAKAMATAAS NA INIT ANG MARARAMDAMANG SA DUMAGUETE THIRTY NINE DEGREES CELSIUS AT SA MINDANAO PINAKA MAINIT SA GENERAL SANTOS CITY KUNG SAAN NASA FORTY TWO DEGREES CELSIUS ANG MAXIMUM HEAT INDEX HABANG SA METRO MANILA INAASAHAN PAPALO SA FORTY ONE DEGREES CELSIUS ANG HEAT INDEX 
LOG (lattice-best-path[5.5.896~1-8a59]:main():lattice-best-path.cc:99) For utterance weather002_005, best cost 1681.31 + 87550.6 = 89231.9 over 859 frames.
weather002_005 MANATILING NAKATUTOK ABS-CBN ANC DZMM NEWS DOT ABS DASH CBN AT COM AT PATROL GABI PARA SA IBA PANG NAGBABAGANG BALITA AKO PO SI STANLEY PALISADA 
LOG (lattice-best-path[5.5.896~1-8a59]:main():lattice-best-path.cc:99) For utterance weather003_001, best cost 1333.18 + 96474.2 = 97807.4 over 1016 frames.
weather003_001 MAGANDANG ARAW PO SA ATING LAHAT WELCOME PO SA WEATHER FORECASTING SECTION NG PAGASA AT NARITO NA NGA ANG LATEST SA LAGAY NG ATING PANAHON NGAYONG ARAW NG MARTES ALAS SINGKO NG UMAGA 
LOG (lattice-best-path[5.5.896~1-8a59]:main():lattice-best-path.cc:99) For utterance weather003_002, best cost 4220 + 247002 = 251222 over 2581 frames.
weather003_002 UPDATE MULA SA NA BINABANTAYAN ATING BAGYO NASA WEST PHILIPPINE SEA NA PO ANG MATA NITO SI BAGYONG NINA AT KANINA NGAY HULI ITONG NAMATAAN SA LAYONG THREE HUNDRED SIXTY KILOMETERS KANLURAN NG IBA ZAMBALES AT NANATILI PO ITONG NASA TYPHOON CATEGORY TAGLAY PA RIN ANG LAKAS NG HANGIN UMAABOT SA ONE HUNDRED TWENTY KILOMETERS PER HOUR MALAPIT SA GITNA AT PAGBUGSO PO NG HANGING UMAABOT SA SA ONE HUNDRED SIXTY KILOMETERS PER HOUR 
LOG (lattice-best-path[5.5.896~1-8a59]:main():lattice-best-path.cc:99) For utterance weather003_003, best cost 1059.56 + 59641 = 60700.6 over 624 frames.
weather003_003 TINATAYA PONG KIKILOS ITO SA DIRECTION PAKANLURAN SA BILIS NA SEVENTEEN KILOMETERS PER HOUR 
LOG (lattice-best-path[5.5.896~1-8a59]:main():lattice-best-path.cc:99) For utterance weather003_004, best cost 2063.99 + 99365.5 = 101429 over 1062 frames.
weather003_004 AT KUNG HINDI PO MAGBAGO ANG BILIS NG TAKBO AT DIRECTION PO NITONG SI BAGYONG NINA INAASAHAN NATIN THAT LATE EVENING TODAY AY NASA LABAS NA PO ITO NG ATING AREA OF RESPONSIBILITY 
LOG (lattice-best-path[5.5.896~1-8a59]:main():lattice-best-path.cc:99) For utterance weather003_005, best cost 4441.25 + 224265 = 228706 over 2377 frames.
weather003_005 BAGAMAT WALA PO TAYONG NAKATAAS MAY NG TROPICAL CYCLONE WARNING SIGNAL SA NAMANG BAHAGI PAN ANG ATING KALUPAAN AY NANANATILI PONG MAKARANAS NG MAULAP NA KALANGITAN NA MAY MAHINANG MGA PAGULAN NG CAGAYAN VALLEY REGION DULOT PA RIN PO YAN NG NORTHEAST MONSOON O YUNG HANGING AMIHAN NA UMIIRAL SA HILAGANG LUZON SAMANTALANG ILOCOS REGION NAMAN KASAMA PO ANG CORDILLERA AY MAKAKARANAS NG MGA PULO-PULONG MAHIHINANG MGA PAG ULAN 
LOG (lattice-best-path[5.5.896~1-8a59]:main():lattice-best-path.cc:99) For utterance weather003_006, best cost 1888.78 + 105445 = 107334 over 1116 frames.
weather003_006 NEWS NAMAN FOR METRO MANILA AND FOR THE REST OF THE COUNTRY DAHIL INAASAHAN PO NATING GENERAL FAIR WEATHER AASAHAN NATIN NGAYON MALIBAN NA LAMANG SA MGA PULO-PULONG MGA PAGULAN O PAGKIDLAT PAGKULOG 
LOG (lattice-best-path[5.5.896~1-8a59]:main():lattice-best-path.cc:99) For utterance weather003_007, best cost 4385.84 + 261064 = 265450 over 2779 frames.
weather003_007 PAALALA PA RIN PO SA LAHAT PO NG ATING MGA KABABAYANG MANGINGISDA NAKATAAS PA RIN PO ANG ATING GALE WARNING SA LAHAT NG BAYBAYING DAGAT DOON SA NORTHERN LUZON KASAMA NA PO ANG MGA BAYBAYING DAGAT SA E SA ZAMBALES AT BATAAN KAYA HINDI PA RIN PINAPAYAGAN PHILIPPINE COAST GUARD NA PUMALAOT ANG ATING MGA KABABAYANG MANGINGISDA DITO LALONG LALO NA PO NO YUNG MGA GUMAGAMIT NG MALILIIT NA SASAKYANG PANDAGAT SAPAGKAT MAGIGING MAALON HANGGANG SA NAPAKAALON PA RIN PO NG MGA KARAGATAN DITO 
LOG (lattice-best-path[5.5.896~1-8a59]:main():lattice-best-path.cc:99) For utterance weather003_008, best cost 5260.17 + 328942 = 334202 over 3494 frames.
weather003_008 DUMAKO NAMAN TAYO SA MAGIGING AGWAT NG TEMPERATURA SA MGA PILING LUGAR DITO SA PILIPINAS INAASAHAN PO NATIN NA SA METRO MANILA AY BAHAGING TATAAS NA PO ANG TEMPERATURA DAHIL FAIR WEATHER NGA PO TAYO SA ARAW NA ITO MULA PO TWENTY FIVE HANGGANG SA THIRTY ONE DEGREES CELSIUS ANG ATING INAASAHANG MAGIGING TEMPERATURA SAMANTALANG DOON NAMAN SA BAGUIO AY MULA SA SIXTEEN HANGGANG SA TWENTY THREE DEGREES CELSIUS DOON NAMAN PO SA TAGAYTAY AY INAASAHAN NATIN MULA SA TWENTY ONE HANGGANG SA TWENTY EIGHT DEGREES CELSIUS ANG MAGIGING AGWAT NG TEMPERATURA SAMANTALANG TWENTY FIVE HANGGANG SA THIRTY TWO DEGREES CELSIUS NAMAN SA PUERTO PRINCESA 
LOG (lattice-best-path[5.5.896~1-8a59]:main():lattice-best-path.cc:99) For utterance weather003_009, best cost 2760.49 + 179057 = 181817 over 1883 frames.
weather003_009 DOON NAMAN PO SA METRO DA METRO CEBU AY MULA SA TWENTY SIX HANGGANG SA THIRTY TWO DEGREES CELSIUS SAMANTALANG TWENTY SIX HANGGANG THIRTY ONE DEGREES CELSIUS NAMAN SA ILOILO AT TWENTY SIX HANGGANG THIRTY TWO DEGREES CELSIUS PO SA METRO DAVAO AT TWENTY FOUR HANGGANG SA THIRTY THREE DEGREES CELSIUS NAMAN DOON PO SA ZAMBOANGA SI 
LOG (lattice-best-path[5.5.896~1-8a59]:main():lattice-best-path.cc:99) For utterance weather003_010, best cost 1830.93 + 88142.2 = 89973.1 over 943 frames.
weather003_010 ANG SA NA IS PO NATIN NGAYON IS SIX NINETEEN IN THE MORNING SAMANTALANG INAASAHAN DIN PO NATIN LULUBOG ANG ARAW SA GANAP NA ALAS SINGKO TRENTAY SINGKO NG HAPON 
LOG (lattice-best-path[5.5.896~1-8a59]:main():lattice-best-path.cc:99) For utterance weather003_011, best cost 647.83 + 40928.7 = 41576.5 over 441 frames.
weather003_011 YAN NA PO ANG LATEST MULA DITO SA PAGASA ITO PO SI LORIDIN DELA CRUZ 
LOG (lattice-best-path[5.5.896~1-8a59]:main():lattice-best-path.cc:99) For utterance weather004_001, best cost 3194.51 + 176924 = 180119 over 1879 frames.
weather004_001 MAGANDANG PAGBATI SA ATING MGA TAGA PANOOD AT PARA NGA DITO SA NILALAMAN NG ATING FIVE PM WEATHER FORECAST NGAYONG DECEMBER EIGHT TWO THOUSAND SIXTEEN AY PARA PO DITO IEXPLAIN PO NATIN KUNG BAKIT PO ITONG ANG NAFORECAST PO NATIN NA ANG MAGIGING TAYA NG PANAHON SA LOOB NG BENTE QUATRO ORAS 
LOG (lattice-best-path[5.5.896~1-8a59]:main():lattice-best-path.cc:99) For utterance weather004_002, best cost 1919.68 + 97351.5 = 99271.2 over 1024 frames.
weather004_002 O DITO PO SA ATING HIMAWARI IMAGE AY KUNG MAPAPANSIN NYO MERON PO TAYONG TAIL END OF PONG PO NG MASS NA NAKAKAAPEKTO PO YAN DITO SA SILANGANG BAHAGI NG ATING LUZON 
LOG (lattice-best-path[5.5.896~1-8a59]:main():lattice-best-path.cc:99) For utterance weather004_003, best cost 2823.89 + 174681 = 177505 over 1852 frames.
weather004_003 SA SA LOOB O NG DALAWANG HANGIN ISANG YUNG EASTERLIES AT ITONG NORTHEAST MONSOON DAHIL DIYAN ASAHAN NATIN METRO MANILA PROBINSYA NG CAGAYAN ISABELA NUEVA VIZCAYA QUIRINO RIZAL QUEZON KASAMA NA RIN ITONG BUONG REHIYON NG CENTRAL LUZON AT CORDILLERA 
LOG (lattice-best-path[5.5.896~1-8a59]:main():lattice-best-path.cc:99) For utterance weather004_004, best cost 1034.28 + 73277.9 = 74312.2 over 784 frames.
weather004_004 MAKARANAS YAN NG MAULAP NA KALANGITAN NA MAY KASAMA YANG MAHINA HANGGANG SA KATAMTAMANG MGA PAGULAN AT MGA PAGKIDLAT AT PAGKULOG 
LOG (lattice-best-path[5.5.896~1-8a59]:main():lattice-best-path.cc:99) For utterance weather004_005, best cost 1791.31 + 88301.9 = 90093.3 over 930 frames.
weather004_005 SAMANTALANG HINDI SA NATITIRANG BAHAGI NG CAGAYAN VALLEY ITONG PROBINSYA NG BATANES AT CALAYAN BUGSONG ISLAND AT DITO SA REHIYON NG ILOCOS REGION 
LOG (lattice-best-path[5.5.896~1-8a59]:main():lattice-best-path.cc:99) For utterance weather004_006, best cost 198.676 + 4888.62 = 5087.29 over 50 frames.
weather004_006 NGAYONG 
LOG (lattice-best-path[5.5.896~1-8a59]:main():lattice-best-path.cc:99) For utterance weather004_007, best cost 1266.89 + 61702.6 = 62969.5 over 651 frames.
weather004_007 DAHIL SA NORTHEAST MONSOON MAKAKARANAS AMIHAN NG MAULAP NA KALANGITAN NA MAY KASAMA LAMANG YANG MGA LIGHT RIN 
LOG (lattice-best-path[5.5.896~1-8a59]:main():lattice-best-path.cc:99) For utterance weather004_008, best cost 3183.21 + 182818 = 186001 over 1962 frames.
weather004_008 SAMANTALANG NATITIRANG BAHAGI NG ATING BANSA ANG ITONG NATITIRANG BAHAGI NG SOUTHERN LUZON BUONG KABISAYAAN BUONG MINDANAO MAGIGING MAGANDA ANG ATING TAYA NG PANAHON SA UMAGA PERO PAMINSAN MINSAN MAGKAKAROON PO TAYO NG PULO-PULONG MGA PAGKIDLAT AT PAGKULOG NGUNIT AT ANG ATING MGA LOCALIZE THUNDERSTORM NGUNIT ITO'Y PANANDALIAN LAMANG 
LOG (lattice-best-path[5.5.896~1-8a59]:main():lattice-best-path.cc:99) For utterance weather004_009, best cost 1742 + 92389.8 = 94131.8 over 982 frames.
weather004_009 SAMANTALANG ANG ATING LAGAY NG KARAGATAN DAHIL PAMINSAN NORTHEAST MONSOON NA NAKAKAAPEKTO DITO SA EXTREME NORTHERN LUZON PO DITO SA MAY DULONG HILAGANG LUZON 
LOG (lattice-best-path[5.5.896~1-8a59]:main():lattice-best-path.cc:99) For utterance weather004_010, best cost 2218.79 + 141273 = 143492 over 1518 frames.
weather004_010 ASAHAN NATIN NAMAN MERON TAYONG GALE WARNING DITO SA MGA BAYBAYIN NG BATANES CALAYAN BABUYAN HILAGANG BAYBAYIN NG CAGAYAN AT DITO SA PROBINSYA NG ILOCOS NORTE ILOCOS SUR LA UNION AT PANGASINAN 
LOG (lattice-best-path[5.5.896~1-8a59]:main():lattice-best-path.cc:99) For utterance weather004_011, best cost 1442.59 + 82468.8 = 83911.4 over 880 frames.
weather004_011 SO HINDI PO NATIN PINAPAYAGANG PUMALAOT YUNG MGA MALILIIT NA SASAKYANG PANDAGAT PERO YUNG MALALAKI AY PINAPAYUHANG MAG INGAT SA MGA MALALAKING ALON 
LOG (lattice-best-path[5.5.896~1-8a59]:main():lattice-best-path.cc:99) For utterance weather004_012, best cost 977.729 + 56544.4 = 57522.2 over 596 frames.
weather004_012 AT YAN ANG ATING LATEST UPDATE MULA DITO SA PAGASA WEATHER FORECASTING CENTER SHERYL IGNACIO NAG UULAT 
LOG (lattice-best-path[5.5.896~1-8a59]:main():lattice-best-path.cc:99) For utterance weather005_001, best cost 770.84 + 55085.3 = 55856.1 over 579 frames.
weather005_001 MAGANDANG ARAW PO SA ATING LAHAT NARITO ANG PINAKAHULING ULAT SA LAGAY NG ATING PANAHON NGAYONG ALAS SINGKO NG HAPON 
LOG (lattice-best-path[5.5.896~1-8a59]:main():lattice-best-path.cc:99) For utterance weather005_002, best cost 3801.67 + 238356 = 242157 over 2513 frames.
weather005_002 TATLONG WEATHER SYSTEM NG SA KASALUKUYAN AY NAKAKAAPEKTO SA PHILIPPINE LAND MASS AT ISA NA NGA PO DIYAN YUNG TINATAWAG NATING TAIL END OF A COLD FRONT NA SA NGAYON AY NAKAKAAPEKTO SA SILANGANG BAHAGI NG CENTRAL AT SOUTHERN LUZON KAYAT ASAHAN PA RIN HO NATIN ANG MAHINA HANGGANG SA KATAMTAMANG MGA PAGULAN AT PAGKIDLAT PAGKULOG SA KAMAYNILAAN SA MGA LUGAR PO NG SOUTHERN LUZON EXCEPT FOR PALAWAN AT SA LALAWIGAN NG AURORA 
LOG (lattice-best-path[5.5.896~1-8a59]:main():lattice-best-path.cc:99) For utterance weather005_003, best cost 4346.6 + 250553 = 254899 over 2638 frames.
weather005_003 SAMANTALA TROUGH PO MAG LOW PRESSURE AREA NAMAN ITO PONG LOW PRESSURE AREA HANGGANG SA NGAYON AY NASA LABAS PA RIN ANG ATING IINGAT NGUNIT YUNG KANYANG TROUGH PO YUNG BUNTOT AY PATULOY NA NAKAKAAPEKTO SA EASTERN AH SECTION OF VISAYAS KAYAT ASAHAN PA RIN HO NATIN ANG MAHINA HANGGANG SA KATAMTAMANG MGA PAGULAN AT PAGKIDLAT PAGKULOG SA SILANGANG KABISAYAAN KASAMA NA PO DIYAN ANG CARAGA AT DAVAO REGION AT SOCSARGEN REGION 
LOG (lattice-best-path[5.5.896~1-8a59]:main():lattice-best-path.cc:99) For utterance weather005_004, best cost 2717.78 + 159501 = 162219 over 1687 frames.
weather005_004 SA HILAGANG LUZON NAMAN AY PATULOY PA RING UMIIRAL NG NORTHEAST MONSOON O YUNG HANGING AMIHAN KAYAT ASAHAN PA RIN NATIN ANG MAHIHINANG MGA PAGULAN DOON SA REHIYON NG ILOCOS KASAMA PO DIYAN ANG CORDILLERA AT CAGAYAN VALLEY MAGING ANG NATITIRANG BAHAGI NG CENTRAL LUZON 
LOG (lattice-best-path[5.5.896~1-8a59]:main():lattice-best-path.cc:99) For utterance weather005_005, best cost 1302.1 + 83282.7 = 84584.8 over 885 frames.
weather005_005 SA NATITIRANG BAHAGI NAMAN ANG ATING BANSA AY GENERALLY FAIR WEATHER PO TAYO NGAYON MALIBAN NA LAMANG SA MGA PULO-PULONG MGA PAGULAN O PAGKIDLAT PAGKULOG 
LOG (lattice-best-path[5.5.896~1-8a59]:main():lattice-best-path.cc:99) For utterance weather005_006, best cost 2471.52 + 173165 = 175636 over 1833 frames.
weather005_006 ANG ATING GALE WARNING AY NAKATAAS PA RIN PO SA NORTHERN AND WESTERN SECTION NG AH NORTHERN LUZON KAYAT SA MGA NABANGGIT KONG LUGAR AY HINDI PA RIN HO PINAPAYAGAN NG PHILIPPINE COAST GUARD NA PUMALAOT ANG ATING MGA KABABAYANG MANGINGISDA SAPAGKAT MAGIGING MAALON HANGGANG SA NAPAKAALON PA RIN PO NG MGA KARAGATAN DITO 
LOG (lattice-best-path[5.5.896~1-8a59]:main():lattice-best-path.cc:99) For utterance weather005_007, best cost 3777.61 + 261762 = 265540 over 2785 frames.
weather005_007 DUMAKO NAMAN TAYO SA MAGIGING TEMPERATURE FORECAST PO NATIN SA IBA'T IBANG LUGAR DITO SA PILIPINAS DITO NALAMANG SA METRO MANILA INAASAHAN NATING ANG MAGIGING AGWAT NG TEMPERATURA AY MULA SA TWENTY FOUR HANGGANG SA THIRTY DEGREES CELSIUS SA BAGYO NAMAN AY MULA SA FIFTEEN HANGGANG SA TWENTY FOUR DEGREES CELSIUS SAMANTALANG SA TAGAYTAY AY MULA SA TWENTY TWO HANGGANG SA TWENTY SEVEN DEGREES CELSIUS AT SA PUERTO PRINCESA AY MULA SA TWENTY FOUR HANGGANG SA THIRTY TWO DEGREES CELSIUS 
LOG (lattice-best-path[5.5.896~1-8a59]:main():lattice-best-path.cc:99) For utterance weather005_008, best cost 2486.24 + 176120 = 178606 over 1862 frames.
weather005_008 METRO CEBU AY MULA SA TWENTY FIVE HANGGANG SA THIRTY ONE DEGREES CELSIUS SAMANTALA SA ILOILO AY MULA SA TWENTY FOUR HANGGANG THIRTY DEGREES CELSIUS ANG TINATAYANG MAGIGING AGWAT NG TEMPERATURA SAMANTALANG SA METRO DAVAO AY MULA SA TWENTY FIVE HANGGANG THIRTY DEGREES CELSIUS AT TWENTY FOUR HANGGANG THIRTY TWO DEGREES CELSIUS DOON SA ZAMBOANGA SIXTY 
LOG (lattice-best-path[5.5.896~1-8a59]:main():lattice-best-path.cc:99) For utterance weather005_009, best cost 2004.32 + 100029 = 102033 over 1057 frames.
weather005_009 ANG SA NA IS PO NATIN FOR TOMORROW INAASAHAN NATING SIX FOURTEEN IN THE MORNING MAGAGANAP SAMANTALA LULUBOG NAMAN ANG ARAW NATIN MAMAYA SA GANAP NA ALAS SINGKO BENTE NUEBE NG HAPON 
LOG (lattice-best-path[5.5.896~1-8a59]:main():lattice-best-path.cc:99) For utterance weather005_010, best cost 503.937 + 37192.8 = 37696.7 over 391 frames.
weather005_010 YAN ANG LATEST MULA DITO SA PAGASA ITO PO SI LORIDIN DELA CRUZ 
LOG (lattice-best-path[5.5.896~1-8a59]:main():lattice-best-path.cc:99) For utterance weather006_001, best cost 2065.55 + 108902 = 110967 over 1146 frames.
weather006_001 MAGANDANG HAPON SA ATING MGA TAGA PANOOD AT NANDITO PO ULIT TAYO PARA ALAMIN ANG NILALAMAN NG ATING FIVE PM WEATHER FORECAST NGAYONG ARAW NG BIYERNES DECEMBER SIXTEEN TWO TAAS AND SIXTEEN 
LOG (lattice-best-path[5.5.896~1-8a59]:main():lattice-best-path.cc:99) For utterance weather006_002, best cost 1582.11 + 92505.2 = 94087.3 over 966 frames.
weather006_002 MERON PO TAYONG TATLONG WEATHER SYSTEM NA NAKAKAAPEKTO DITO SA ATING BANSA ANG UNA PO AY ITONG NORTHEAST MONSOON NA NAKAKAAPEKTO PO YAN DITO SA MAY NORTHERN LUZON 
LOG (lattice-best-path[5.5.896~1-8a59]:main():lattice-best-path.cc:99) For utterance weather006_003, best cost 1931.15 + 105759 = 107690 over 1086 frames.
weather006_003 SAMANTALANG MERON PO TAYONG TAIL END OF A COLD PRONE O ETO PONG PAGSASALUBONG NG NORTHEAST MONSOON AT EASTERLIES NAKAKAAPEKTO NAMAN YAN DITO SA SILANGANG BAHAGI NG CENTRAL AND SOUTHERN LUZON 
LOG (lattice-best-path[5.5.896~1-8a59]:main():lattice-best-path.cc:99) For utterance weather006_004, best cost 1384.2 + 68584.2 = 69968.4 over 707 frames.
weather006_004 YUNG PANGATLONG WEATHER SYSTEM PO NATIN AY ITONG TROUGH NG LOW PRESSURE AREA NA NAKAKAAPEKTO NAMAN PO YAN DITO SA MAY MINDANAO 
LOG (lattice-best-path[5.5.896~1-8a59]:main():lattice-best-path.cc:99) For utterance weather006_005, best cost 1221.17 + 61033.4 = 62254.5 over 642 frames.
weather006_005 NA DIYAN ALAMIN PO NATIN YUNG MAGIGING TAYA NG PANAHON NATIN SA LOOB PO SA SUSUNOD NA BENTE QUATRO ORAS 
LOG (lattice-best-path[5.5.896~1-8a59]:main():lattice-best-path.cc:99) For utterance weather006_006, best cost 2680.13 + 159682 = 162362 over 1650 frames.
weather006_006 DITO PO SA PROBINSYA NG ISANG AURORA QUEZON KASAMA NA PO YUNG BUONG KABIKULAN AT DITO SA DITO SA MAY SAMAR PROVINCES MAGKAKAROON TAYO NG MODERATE TO OCCASIONALLY HEAVY RAINS NA MAAARI PO YANG MAGDULOT NG FLASH FLOOD AND LANDSLIDE 
LOG (lattice-best-path[5.5.896~1-8a59]:main():lattice-best-path.cc:99) For utterance weather006_007, best cost 2326.21 + 166261 = 168587 over 1730 frames.
weather006_007 SAMANTALANG SA METRO MANILA SA NATITIRANG BAHAGI NG CALABARZON MIMAROPA NATITIRANG BAHAGI NG VISAYAS AT BUONG MINDANAO ASAHAN PO NATIN MAGIGING MAULAP ANG ATING KALANGITAN NA MAY KASAMA YANG MAHINA HANGGANG SA KATAMTAMANG MGA PAGULAN AT MGA PAGKIDLAT AT PAGKULOG 
LOG (lattice-best-path[5.5.896~1-8a59]:main():lattice-best-path.cc:99) For utterance weather006_008, best cost 2353.71 + 150339 = 152693 over 1571 frames.
weather006_008 SAMANTALANG SA NATITIRANG BAHAGI NG LUZON ETO PONG REHIYON NG ILOCOS CORDILLERA CAGAYAN VALLEY NATITIRANG BAHAGI NG CENTRAL LUZON AY ASAHAN ANG PO NATIN MAGIGING MAULAP RIN ANG KALANGITAN NA MAY KASAMA LAMANG MGA MAHINANG MGA PAGULAN 
LOG (lattice-best-path[5.5.896~1-8a59]:main():lattice-best-path.cc:99) For utterance weather006_009, best cost 5644.88 + 350126 = 355770 over 3621 frames.
weather006_009 AT SILIPIN PO NATIN YUNG MAGIGING TAYA O MAGIGING AGWAT NG TEMPERATURA SA ILANG PILING LUGAR DITO PO SA METRO MANILA DAHIL PATULOY PA RIN NA MAKULIMLIM ANG ATING KALANGITAN YUNG RANGE PO NG TEMPERATURE NATIN AY NASA PAGITAN LAMANG NG TWENTY FOUR TO THIRTY DEGREES CELSIUS SA MAY BAGUIO DAHIL PATULOY PA RIN PONG NAMAMAYANI ITONG NORTHEAST MONSOON ANG RANGE NG TEMPERATURE NA ATING INAASAHAN AY CITY FIFTEEN TO TWENTY ONE DEGREES CELSIUS SA MAY TAGAYTAY NAMAN TWENTY ONE TO TWENTY SEVEN DEGREES CELSIUS SA MAY PUERTO PRINCESA ASAHAN PO NATIN TWENTY FOUR TO THIRTY ONE DEGREES CELSIUS 
LOG (lattice-best-path[5.5.896~1-8a59]:main():lattice-best-path.cc:99) For utterance weather006_010, best cost 3191.58 + 209989 = 213181 over 2167 frames.
weather006_010 SA ILANG LUGAR NAMAN PO SA MAY VISAYAS DITO PO SA METRO CEBU ANG INAASAHAN PO NATING AGWAT NG TEMPERATURA AY TWENTY FIVE TO THIRTY DEGREES CELSIUS SA MAY ILOILO TWENTY FIVE TO TWENTY NINE DEGREES CELSIUS SA MAY MINDANAO NAMAN PO ITONG DAVAO TWENTY FIVE TO THIRTY ONE DEGREES CELSIUS SA MAY ZAMBOANGA TWENTY FOUR TO THIRTY TWO DEGREES CELSIUS 
LOG (lattice-best-path[5.5.896~1-8a59]:main():lattice-best-path.cc:99) For utterance weather006_011, best cost 4212.87 + 267782 = 271995 over 2815 frames.
weather006_011 SILIPIN NAMAN PO NATIN YUNG MAGIGING TAYA NG ATING KARAGATAN PATULOY PA RIN PONG NAKATAAS ANG ATING GALE WARNING DITO PO SA SEABOARDS NG NORTHERN LUZON EASTERN SEABOARD NG CENTRAL LUZON EASTERN SEABOARD NG SOUTHERN LUZON AT EASTERN SEABOARD NG KABISAYAAN DAHIL DIYAN ASAHAN PO NATIN HINDI PO NATIN PINAPAYAGANG MAG LAYAG YUNG MALILIIT SASAKYANG PANDAGAT NGUNIT YUNG MGA MALALAKI NAMAN PO AY PINAPAYUHANG MAG INGAT SA MGA MALAPIT MALALAKING 
LOG (lattice-best-path[5.5.896~1-8a59]:main():lattice-best-path.cc:99) For utterance weather006_012, best cost 1656.73 + 87117.3 = 88774.1 over 903 frames.
weather006_012 AT ANG ATING ARAW INAASAHAN PO NATING LULUBOG FIVE THIRTY NGAYONG HAPON SAMANTALANG BUKAS NG UMAGA SISIKAT NAMAN ITO SA FORTY SIX FOURTEEN 
LOG (lattice-best-path[5.5.896~1-8a59]:main():lattice-best-path.cc:99) For utterance weather006_013, best cost 6144.14 + 376340 = 382484 over 3873 frames.
weather006_013 AT PARA NAMAN PO SA MGA LATEST UPDATE TUNGKOL PO SA ATING PANAHON MAAARI PO NATING I FOLLOW ANG ATING TWITTER ACCOUNT PAG DOST UNDERSCORE PAGASA MAARI PO NATING I LIKE ANG ATING FACEBOOK ACCOUNT PAGASA DOT DOST DOT GOV DOT PH ANG ATING YOUTUBE NAMAN PO PAGASA TV MAARI RIN PO NATING BISITAHIN ANG ATING WEBSITE WW DA AT PAGASA DOT DOST DOT GOV DOT PH AT MULA NGA PO DITO SA WEATHER FORECASTING CENTER SHERYL IGNACIO ISA PO SA MGA WEATHER FORECASTER NG PAGASA DOST NAG UULAT NAGBIBIGAY IMPORMASYON MARAMING SALAMAT PO SA INYONG PANONOOD HANGGANG SA MULI HAPPY WEEKEND 
LOG (lattice-best-path[5.5.896~1-8a59]:main():lattice-best-path.cc:99) For utterance weather007_001, best cost 1299.42 + 98342.6 = 99642 over 1058 frames.
weather007_001 MAGANDANG ARAW PO SA ATING LAHAT WELCOME SA WEATHER FORECASTING SECTION NG PAGASA AT NARITO NA NGA ANG LATEST SA LAGAY NG ATING PANAHON NGAYONG ARAW NG SABADO ALAS SINGKO NG HAPON 
LOG (lattice-best-path[5.5.896~1-8a59]:main():lattice-best-path.cc:99) For utterance weather007_002, best cost 1745.2 + 97833.5 = 99578.7 over 1027 frames.
weather007_002 DALAWANG WEATHER SYSTEM PA RIN ANG PATULOY NA NAGBIBIGAY O NAG CACAUSE NG MGA PAGULAN SA MALAKING BAHAGI PO NG ATING BANSA AT ISA NA NGA PO DIYAN YUNG TINATAWAG NATING TAIL END OF A COLD FRONT 
LOG (lattice-best-path[5.5.896~1-8a59]:main():lattice-best-path.cc:99) For utterance weather007_003, best cost 1353.42 + 60667.7 = 62021.1 over 655 frames.
weather007_003 ITO PO YUNG BOUNDARY SA PAGITAN NG DALAWANG MALAKING AIR MASS NA MALAKI PO ANG DIFFERENCE NG KANILANG TEMPERATURA 
LOG (lattice-best-path[5.5.896~1-8a59]:main():lattice-best-path.cc:99) For utterance weather007_004, best cost 5192.25 + 273611 = 278803 over 2935 frames.
weather007_004 KAYAT KUNG MAPAPANSIN PO NATIN KUMPARA PO NUNG MGA NAKARAANG ARAW AY BAHAGYANG BUMABA PO YUNG AXIS O RIN ISA NETONG TAIL END NATIN KAYAT DOON PO SA KABIKULAN AT SA EASTERN VISAYAS AT SA SILANGANG KABISAYAAN AY PATULOY PONG MAKAKARANAS ANG ATING MGA KABABAYAN DOON NG KATAMTAMAN HANGGANG SA KUNG MINSAN AY MALAKAS NA MGA PAGULAN KAYAT DOBLENG INGAT PO TAYO DAHIL ANG GANITONG KLASENG INTENSITY NG PAGULAN AY PWEDE PONG MAG AH BUHOS NG MGA PAGBAHA AT PAGGUHO NG LUPA 
LOG (lattice-best-path[5.5.896~1-8a59]:main():lattice-best-path.cc:99) For utterance weather007_005, best cost 1392.74 + 72132.7 = 73525.5 over 767 frames.
weather007_005 SAMANTALANG YUNG NORTHEAST MONSOON PA RIN PO NATIN O YUNG HANGING AMIHAN ANG PATULOY NA UMIIRAL SA NORTHERN AND CENTRAL LUZON 
LOG (lattice-best-path[5.5.896~1-8a59]:main():lattice-best-path.cc:99) For utterance weather007_006, best cost 2656.15 + 148196 = 150853 over 1584 frames.
weather007_006 KAYA DAHIL PO SA DALAWANG MALAKING WEATHER SYSTEM NA ITO HALOS BUONG LUZON PO KASAMA NA DIYAN ANG KABISAYAAN AT ANG MGA REHIYON NG CARAGA DAVAO AT SOCSARGEN AY MAGIGING MAULAP PO NA MAY MAHINA HANGGANG SA KATAMTAMANG MGA PAGULAN AT PAGKIDLAT PAGKULOG 
LOG (lattice-best-path[5.5.896~1-8a59]:main():lattice-best-path.cc:99) For utterance weather007_007, best cost 1754.68 + 98642.2 = 100397 over 1057 frames.
weather007_007 ULIT SA NALALABING BAHAGI NG ATING ANG NG MINDANAO BUKAS NAMAN DAHIL GENERALLY FAIR WEATHER PO TAYO DOON MALIBAN NA LAMANG SA MGA PULO-PULONG MGA PAGULAN O PAGKIDLAT PAGKULOG 
LOG (lattice-best-path[5.5.896~1-8a59]:main():lattice-best-path.cc:99) For utterance weather007_008, best cost 756.441 + 46882.4 = 47638.8 over 487 frames.
weather007_008 ANG ATING GALE WARNING AY NAKATAAS PA RIN PO SA MGA BAYBAYING DAGAT NG NORTHERN LUZON 
LOG (lattice-best-path[5.5.896~1-8a59]:main():lattice-best-path.cc:99) For utterance weather007_009, best cost 3375.12 + 220619 = 223994 over 2333 frames.
weather007_009 KASAMA PO DIYAN ANG EASTERN SEABOARD NG CENTRAL LUZON WHICH IS AURORA AT ANG EASTERN AND SOUTHERN SEABOARD PO NG SOUTHERN LUZON MAGING ANG MGA BAYBAYING DAGAT NG NORTHERN SAMAR AND EASTERN SAMAR KAYA SA MGA NABANGGIT KO PONG LUGAR AY HINDI PA RIN PINAPAYAGAN NG PHILIPPINE COAST GUARD NA PUMALAOT ANG ATING MGA KABABAYANG MANGINGISDA SAPAGKAT MAGIGING MAALON HANGGANG SA NAPAKAALON PO NG MGA KARAGATAN DOON 
LOG (lattice-best-path[5.5.896~1-8a59]:main():lattice-best-path.cc:99) For utterance weather007_010, best cost 895.513 + 48613.8 = 49509.3 over 520 frames.
weather007_010 DUMAKO NAMAN PO TAYO SA MAGIGING AGWAT NG TEMPERATURA SA ILANG MGA PILING LUGAR DITO SA PILIPINAS 
LOG (lattice-best-path[5.5.896~1-8a59]:main():lattice-best-path.cc:99) For utterance weather007_011, best cost 2615.77 + 126638 = 129254 over 1369 frames.
weather007_011 ITO NA LAMANG SA KAMAYNILAAN INAASAHANG ANG MAGIGING AGWAT NG TEMPERATURA AY MULA SA TWENTY FOUR HANGGANG SA TWENTY NINE DEGREES CELSIUS BHAGYA PONG BUMABA ANG MAXIMUM PO NATIN DAHIL NA NGA PO YAN SA ATING WEATHER CONDITION DITO NA MAULAP NA MAY MGA PAGULAN 
LOG (lattice-best-path[5.5.896~1-8a59]:main():lattice-best-path.cc:99) For utterance weather007_012, best cost 1598.46 + 100446 = 102045 over 1086 frames.
weather007_012 SAMANTALA SA BAGUIO AY MULA NAMAN SA FIFTEEN HANGGANG SA TWENTY ONE DEGREES CELSIUS ANG TINATAYANG MAGIGING AGWAT NG TEMPERATURA AT SA TAGAYTAY NAMAN AY MULA SA TWENTY HANGGANG SA TWENTY EIGHT DEGREES CELSIUS 
LOG (lattice-best-path[5.5.896~1-8a59]:main():lattice-best-path.cc:99) For utterance weather007_013, best cost 725.93 + 48663.5 = 49389.4 over 524 frames.
weather007_013 SAMANTALA SA PUERTO PRINCESA AY MULA SA TWENTY FIVE HANGGANG SA THIRTY ONE DEGREES CELSIUS 
LOG (lattice-best-path[5.5.896~1-8a59]:main():lattice-best-path.cc:99) For utterance weather007_014, best cost 2746.56 + 190349 = 193096 over 2031 frames.
weather007_014 DUMAKO NAMAN TAYO SA CEBU INAASAHANG TWENTY FOUR HANGGANG SA THIRTY ANG TEMPERATURE RANGE SAMANTALANG SA MAY ILOILO CITY AY MULA SA TWENTY FIVE HANGGANG SA TWENTY NINE DEGREES CELSIUS DOON NAMAN SA METRO DAVAO AY MULA SA TWENTY FOUR HANGGANG SA THIRTY DEGREES CELSIUS AT SA ZAMBOANGA CITY NAMAN AY MULA SA TWENTY FOUR HANGGANG SA THIRTY ONE DEGREES CELSIUS 
LOG (lattice-best-path[5.5.896~1-8a59]:main():lattice-best-path.cc:99) For utterance weather007_015, best cost 2004.23 + 88933.5 = 90937.7 over 948 frames.
weather007_015 ANG ATIN PONG SUNSET THREE AY INAASAHAN PONG FIVE THIRTY HINDI AFTERNOON SAMANTALANG ANG SA NA LESS PO NATIN BUKAS AY SIX FIFTEEN IN THE MORNING 
LOG (lattice-best-path[5.5.896~1-8a59]:main():lattice-best-path.cc:99) For utterance weather007_016, best cost 583.858 + 43802.2 = 44386.1 over 467 frames.
weather007_016 YAN HO MUNA ANG LATEST MULA DITO SA PAGASA ITO PO SI LORIDIN DELA CRUZ 
LOG (lattice-best-path[5.5.896~1-8a59]:main():lattice-best-path.cc:99) For utterance weather008_001, best cost 788.694 + 58753.1 = 59541.7 over 638 frames.
weather008_001 MAGANDANG ARAW PO SA ATING LAHAT NARITO ANG PINAKAHULING ULAT SA LAGAY NG ATING PANAHON NGAYONG ALAS SINGKO NG HAPON 
LOG (lattice-best-path[5.5.896~1-8a59]:main():lattice-best-path.cc:99) For utterance weather008_002, best cost 1669.53 + 83416.3 = 85085.9 over 913 frames.
weather008_002 MERON TAYONG BINABANTAYANG ISANG LOW PRESSURE AREA SA LOOB PO NG ATING PA HOUR AT HULI ITONG NAMATAAN KANINA SA VICINITY NG BUENAVISTA QUEZON PROVINCE 
LOG (lattice-best-path[5.5.896~1-8a59]:main():lattice-best-path.cc:99) For utterance weather008_003, best cost 2586.34 + 144780 = 147366 over 1600 frames.
weather008_003 KAYAT SA MGA LALAWIGAN PO NG CAMARINES NORTE AT SA LUZON AY PATULOY NATING PINAG IINGAT ANG ATING MGA KABABAYAN MULA SA KATAMTAMAN HANGGANG SA KUNG MINSAN AY MALAKAS NA MGA PAGULAN AT PAGKIDLAT PAGKULOG NA MAARI PONG MAGDULOT NG MGA PAGBAHA O PAGGUHO NG LUPA 
LOG (lattice-best-path[5.5.896~1-8a59]:main():lattice-best-path.cc:99) For utterance weather008_004, best cost 2919.21 + 175112 = 178031 over 1921 frames.
weather008_004 SAMANTALA SA MGA LUGAR PO DITO SA SOUTHERN LUZON EXCEPT FOR PALAWAN KASAMA PO DIYAN ANG LUGAR NG NORTHERN SAMAR METRO MANILA AT MGA LALAWIGAN PO NG CAGAYAN ISABELA AT AURORA AY MAGIGING MAULAP DIN TAYO SA ARAW NA ITO NA MAY MAHINA HANGGANG SA KATAMTAMANG MGA PAGULAN AT PAGKIDLAT PAGKULOG 
LOG (lattice-best-path[5.5.896~1-8a59]:main():lattice-best-path.cc:99) For utterance weather008_005, best cost 4053.36 + 207036 = 211090 over 2236 frames.
weather008_005 DAHIL PO SA PREVAILING PA RIN NA NORTHEAST MONSOON O YUNG HANGING AMIHAN AASAHAN PO NATIN NA SA ARAW NA ITO AY MAY MGA MAHINANG MGA PAGULAN PA RIN DOON SA MGA REHIYON NG NORTHERN LUZON SO YUN PO YUNG REGION NG ILOCOS KASAMA DIYAN ANG CORDILLERA REGION CAGAYAN VALLEY AT NATITIRANG BAHAGI PANG PO NG CENTRAL LUZON KASAMA PO SILA SA PWEDENG MAAPEKTUHAN NG MGA MAHINANG MGA PAGULAN 
LOG (lattice-best-path[5.5.896~1-8a59]:main():lattice-best-path.cc:124) Overall cost per frame is 99.8946 = 1.65788 [graph] + 98.2367 [acoustic] over 178460 frames.
LOG (lattice-best-path[5.5.896~1-8a59]:main():lattice-best-path.cc:128) Done 142 lattices, failed for 0
# Accounting: time=3 threads=1
# Ended (code 0) at Sun May 16 20:45:11 CST 2021, elapsed time 3 seconds
