# lattice-best-path --lm-scale=7 --word-symbol-table=exp/tri1/graph/words.txt "ark:gunzip -c exp/tri1/decode/lat.*.gz|" ark,t:exp/tri1/decode/scoring/7.tra 
# Started at Sat Apr  3 00:21:40 CST 2021
#
lattice-best-path --lm-scale=7 --word-symbol-table=exp/tri1/graph/words.txt 'ark:gunzip -c exp/tri1/decode/lat.*.gz|' ark,t:exp/tri1/decode/scoring/7.tra 
LOG (lattice-best-path[5.5.896~1-8a59]:main():lattice-best-path.cc:99) For utterance weather029_006, best cost 1625.16 + 134597 = 136223 over 1125 frames.
weather029_006 SA NGAYONG NASA ONE HUNDRED TEN KILOMETERS SILANGAN NG BALER AURORA ANG BAGYONG PEPITO MERON TWO MAXIMUM SUSTAINED WINDS SA NAG FIVE KILOMETERS PER HOUR AT PAGBUGSO KUNG GUSTINESS SA NINETY KILOMETERS PER HOUR 
LOG (lattice-best-path[5.5.896~1-8a59]:main():lattice-best-path.cc:99) For utterance weather029_007, best cost 829.332 + 66972.7 = 67802 over 553 frames.
weather029_007 BAHAGYANG BUMILIS ANG PAGKILOS NITO OK SA TRACK HEAT KILOMETERS PER HOUR PATUNGONG WEST NORTH WEST 
LOG (lattice-best-path[5.5.896~1-8a59]:main():lattice-best-path.cc:99) For utterance weather029_008, best cost 1486.03 + 71860.1 = 73346.2 over 578 frames.
weather029_008 SA FORECAST NAG YELO B YAN SIYANG PER PER NINYONG RAINS WEATHER FORECAST BUONG EAST SI AND OPO NIYA OF 
LOG (lattice-best-path[5.5.896~1-8a59]:main():lattice-best-path.cc:99) For utterance weather029_009, best cost 1312.26 + 99458 = 100770 over 814 frames.
weather029_009 NAKIKITANG TUTUMBUKIN ITONG ANG AURORA NGAYONG GABI AT AH KANINANG CENTRAL LUZON O SOUTHERN LUZON NA U NORTHERN LUZON HANGGANG BUKAS NG MADALING AH AH NA 
LOG (lattice-best-path[5.5.896~1-8a59]:main():lattice-best-path.cc:99) For utterance weather029_010, best cost 1879.15 + 207525 = 209404 over 1806 frames.
weather029_010 INAASAHAN ANG MALAKAS NA ULAN NGAYONG GABI SA AURORA ISABELA QUEZON BULACAN TARLAC CAMARINES NORTE NGAYON ECIJA NUEVA VIZCAYA QUIRINO RIN LANG CAGAYAN CORDILLERA LA NA UNION ILOCOS SUR TARLAC PAMPANGA BATAAN ZAMBALES AT PANGASINAN 
LOG (lattice-best-path[5.5.896~1-8a59]:main():lattice-best-path.cc:99) For utterance weather031_010, best cost 4238.4 + 276445 = 280684 over 2714 frames.
weather031_010 AT BABA IBA ILANG BAGYO SAMUEL NA ANG NA HALOS BUONG VISAYAS NA MAGDADALA NG PAULAN ANG MAULANG PANAHON DITO AH O PAGTAMA NITO SA MAY DINAGAT ISLAND YAN EH KO HINDI MAGBABAGO YUNG KANYANG DIRECTION EIGHT AT ANG READY NITO DITO SA MAY LEYTE LALO SA BANSA DEL LEYTE POSIBLENG DIYAN SA MAY BUONG CEBU DIYAN SA MAY NEGROS ISLAND LALO SA MAY NEGROS OCCIDENTAL DADAAN NG ILOILO ANTIQUE AND PAPUNTA NA AY NGA PALAWAN AT PAPALABAS NG NA O PAPUNTA NG WEST PHILIPPINE SEA 
LOG (lattice-best-path[5.5.896~1-8a59]:main():lattice-best-path.cc:99) For utterance weather031_011, best cost 2681.28 + 211297 = 213979 over 2081 frames.
weather031_011 KAYA MAGING I AM READY PO AH ANG MGA TAGA REHIYON NG CARAGA NORTHERN MINDANAO LALONG LALO NA I EASTERN VISAYAS IN SAMAR LEYTE PROVINCES SA MAULANG MAGDAMAG NA MAG KAPAG ULI MGA KAPUSO HANGGANG BUKAS PO YAN YUN NAKIKITA NYONG PULA AT SA AH PINK KAYA NINYONG MGA MATITINDING PAGULAN NA PWEDENG MARARANASAN SA MALAKING BAHAGI NG NA VISAYAS BUKAS 
LOG (lattice-best-path[5.5.896~1-8a59]:main():lattice-best-path.cc:99) For utterance weather031_012, best cost 1631.98 + 114554 = 116186 over 1128 frames.
weather031_012 MAGHAPON DIN MAULAN DIYAN SA MAY AH ZAMBOANGA AT DAVAO REGION AT SA BUONG VISAYAS BUKAS AT MAGING I AM READY PO SA BANTA NA NIYA LANDSLIDE AT REST FIVE SA NIYAN MGA MALAKAS NG PAGULAN 
LOG (lattice-best-path[5.5.896~1-8a59]:main():lattice-best-path.cc:99) For utterance weather031_013, best cost 1250.51 + 89128.9 = 90379.4 over 880 frames.
weather031_013 HABANG SA LUZON APEKTADO NAMAN ANG BAGYO ANG NG AH BICOL REGION MINDORO MARINDUQUE ROMBLON PERO YAN ANG SIMULA NA ANG NA BUKAS AH GABI 
LOG (lattice-best-path[5.5.896~1-8a59]:main():lattice-best-path.cc:99) For utterance weather031_014, best cost 1339.88 + 100655 = 101995 over 986 frames.
weather031_014 AT HINDI NAMAN APEKTADO NG BAGYO ANG NA NORTHERN AT CENTRAL LUZON NA MABABA LAMANG ANG TSANSANG UMULAN EH MGA MAHIHINANG PAGULAN DEL ISOLATED DIYAN SA MAY QUEZON AT AURORA PROVINCES 
LOG (lattice-best-path[5.5.896~1-8a59]:main():lattice-best-path.cc:99) For utterance weather031_015, best cost 966.795 + 81217.3 = 82184.1 over 803 frames.
weather031_015 AT SA METRO MANILA MAGIGING MAULAP BUKAS PERO HALOS WALANG ULAN NA INAASAHAN DAHIL MGA KAPUSO MALAYO PO KAYO SA CENTRO NG BAGYO 
LOG (lattice-best-path[5.5.896~1-8a59]:main():lattice-best-path.cc:99) For utterance weather031_016, best cost 1789.34 + 111556 = 113346 over 1080 frames.
weather031_016 MATAAS NAMAN ANG HALOS O MGA LUGAR NA MAY SIGNAL YUNG MAY KULAY YANG ASUL NA YAN KASAMA NA ANG NA DAVAO ORIENTAL AT OCCIDENTAL NA WALA SIGNAL PERO MALAKAS DIN YUNG INAASAHANG MGA PAGALON JESSICA 
LOG (lattice-best-path[5.5.896~1-8a59]:main():lattice-best-path.cc:99) For utterance weather031_017, best cost 2270.92 + 168102 = 170373 over 1550 frames.
weather031_017 MANG TANI ITO NA YUNG EPEKTO NG ANG AMIHAN NO YUNG MGA BAGYO AY KIDLAT SA MABABANG PARTE NA NA NG AH PILIPINAS TUMATAMA YUNG HABAGAT SA MID YUNG MATAAS NGAYON PO PABABA NA NG PABABA AMIHAN ONE O ONE MANG TANI ANO BANG PAGKAKAIBA NITO AMIHAN SA HABAGAT 
LOG (lattice-best-path[5.5.896~1-8a59]:main():lattice-best-path.cc:99) For utterance weather031_018, best cost 6098.98 + 475414 = 481513 over 4658 frames.
weather031_018 WELL UNANG UNA YUNG AH AH AMIHAN JESSICA DIYAN EIGHT TUYONG HANGIN WALANG MASYADONG PO IS YUNG PERO MAPAPANSIN MO YUNG BAGYO MALAPIT NA PERO HALOS HINDI PA RAMDAM YUNG MGA PAGULAN KUNG TITINGNAN MO YUNG RAINFALL MAP JESSICA YUNG NA PULA NA DARATING DITO SA AT EH YUNG NA MAMAYANG GABI HALOS NANDYAN YUNG BAGYO PERO MGA KA HINDI PA RAMDAM YUNG ULAN AT YAN YUNG NA NGAYONG HANGIN AMIHAN YUNG NORTHERN SA AH HEAT NG BAGYO ANG MAS MAULAN KUMPARA DITO SA MAY SOUTHERN PART HINDI KATULAD PAG HANGING HABAGAT JESSICA SA MAY SOUTHWEST YUNG BAGYO KAHIT NANDITO SA MAY AH EASTERN SECTION MAULAN DOON SA MAY WESTERN SA AH IN MAG YUNG NG AH WESTERN SENDONG BAGUIO DAHIL NGA YUNG MGA AH HABAGAT AT EH MAS MARAMING MOISTURE 
LOG (lattice-best-path[5.5.896~1-8a59]:main():lattice-best-path.cc:99) For utterance weather031_019, best cost 1608.32 + 116119 = 117728 over 1111 frames.
weather031_019 SO AH PAGKAKAIBA JESSICA PAGDATING SA AMIHAN HALOS WALANG MOISTURE KAYA HINDI NAGPAPALAKAS NG BAGYO YAN SA MATA LINGGO NG UMAGA AT DAAN MARAMING DALANG TUBIG SA NAMAN EH NAGPAPALAKAS NG BAGYO 
LOG (lattice-best-path[5.5.896~1-8a59]:main():lattice-best-path.cc:99) For utterance weather031_020, best cost 2260.55 + 143392 = 145653 over 1336 frames.
weather031_020 KAYA AH LAYONG MALA TUMAMANG BAGYO AT IS TANI OF MAY HIRIT AT EH SA BABA O SA COMPOSTELA VALLEY SA AH ILIGAN MANG TANI MALALAKAS DIN YUN AYON SENDONG AT TSAKA YUNG MGA BAGYO GOOD AKO NAGKAKAMALI 
LOG (lattice-best-path[5.5.896~1-8a59]:main():lattice-best-path.cc:99) For utterance weather031_021, best cost 2329.29 + 146290 = 148620 over 1418 frames.
weather031_021 ANG NANGYAYARI MAY KUNG TITIGNAN DATING YUNG PACIFIC OCEAN MAY MGA BAGYO NA MALAYO PA LANG DITO SA TEN NABUBUO DA KAYA HABANG NA SA MAY KARAGATAN YAN NAKAKAKUHA SA NA NG LAKAS LALONG LALO KUNG MGA MASASABAYAN CI AH NA NG MAHINANG AMIHAN 
LOG (lattice-best-path[5.5.896~1-8a59]:main():lattice-best-path.cc:99) For utterance weather031_022, best cost 1604.28 + 101801 = 103405 over 966 frames.
weather031_022 SA PAG MAHINA YUNG AMIHAN MO TAPOS NANDITO KAPAL AMA NGA PAG NG PUMASOK SA PHILIPPINE AREA OF RESPONSIBILITY ISA KA NA NG GANAP NA BAGYO NANDUN YUNG PAGKAKATAONG LALO SA NG LUMALAKAS 
LOG (lattice-best-path[5.5.896~1-8a59]:main():lattice-best-path.cc:99) For utterance weather031_023, best cost 3615.03 + 273686 = 277301 over 2611 frames.
weather031_023 NA NANDITO PALARONG SA LABAS NA PINAG AT MAHINA YUNG AMIHAN NIYA I HIHINA LUMAKAS SIYA KAYA NAGING MAPAMINSALA SAMANTALA ITO KASING SIYA SAMUEL DITO NALAMANG SEVEN DING TROPICAL DEPRESSION MALAPIT NA TUMAMA SA LUPA KAYA HINDI CI AH GANUNG KALAKAS PERO YUNG ISANG YUNG NAKIKITA NATIN JESSICA AT NAPANSIN MO RIN PAGDATING NG LAST QUARTER OF THE YEAR MAS KAKAUNTI YUNG BAGYO PERO MAS MADALAS TUMATAMA YANG KAYA NAGIGING MAS MAPAMINSALA 
LOG (lattice-best-path[5.5.896~1-8a59]:main():lattice-best-path.cc:99) For utterance weather031_024, best cost 2562.39 + 163217 = 165779 over 1483 frames.
weather031_024 O PARANG SA PHYSICS DIN ANG MANG TANI NO PAG MAS MARA MAS MAP MALAYO ANG PINANGGAGALINGAN DI LAND NAKAKAPAG DING SHERY ANG STRENGTH AT PO NGAYONG NG MAS MALAKAS YUNG PO YAN SA NIYA KATULAD NAGING YAN YOLANDA ITONG SI SAMUEL MALAPIT SA PILIPINAS NA BUBONG 
LOG (lattice-best-path[5.5.896~1-8a59]:main():lattice-best-path.cc:99) For utterance weather031_025, best cost 2320.12 + 170485 = 172805 over 1642 frames.
weather031_025 YES JESSICA YAN ANG MAGIGING YAN LINYA POSIBLE ISA MAGING ISANG TROPICAL STORM BAHAGYANG LALAKAS BAGO TUMAMA SA KALUPAAN PERO DEFINITELY HINDI SIYA MAGIGING KASING LAKAS LALO MGA NAG AALALA NG ISANG SUPER KAHIT PO NG O KATULAD NUNG MALA YOLANDANG BAGYO KIM ANG PROBLEMA LA ANG 
LOG (lattice-best-path[5.5.896~1-8a59]:main():lattice-best-path.cc:99) For utterance weather031_026, best cost 3534.78 + 267761 = 271296 over 2488 frames.
weather031_026 MAS PA HIRIT TED YUNG MABABANG BAHAGI YUNG IBABANG BAHAGI NG ATING BANSA KESA YUNG AH TAAS NO KASI TSAKA BANSA TAAS MERONG KANG CORDILLERA SIERRA MADRE BAY NG TEN RING DIYES PAG TUMAMA YUNG BAGYO NA HUMIHINA YUNG EPEKTO MANG TANI DITO SA BABA WALA BAYONG NG PARA NAMANG TEN WINDS INA HUMAHARANG DITO KASI PURO MGA PULO PULO O MGA ISLA ITONG MGA DADAANAN NIYA 
LOG (lattice-best-path[5.5.896~1-8a59]:main():lattice-best-path.cc:99) For utterance weather031_027, best cost 1882.18 + 122081 = 123963 over 1183 frames.
weather031_027 TAMA YAN JESSICA KUNG TITINGNAN ATIN YUNG TRACK NUNG BAGYO NO PAG YAN I TUMAMA SA MAY DINAGAT KAILAN ANG NANGYAYARI DIYAN JESSICA KUNG IKOCLOSE NA PO YAN PAGTAMA ALAS ISANG ISLA BABALIK ULI SA TAGA 
LOG (lattice-best-path[5.5.896~1-8a59]:main():lattice-best-path.cc:99) For utterance weather031_028, best cost 2811.39 + 187684 = 190495 over 1800 frames.
weather031_028 SO KAHIT PAPAANO MAKAKAIPON ANG LAKAS PAG TININGNAN MO YUNG CLOSE ANG NUNG FORECAST NA YAN JESSICA KADA TAMA NYAN SA ISLA DADAAN SA DAGAT POSIBLENG LUMAKAS ANG EH TATAMA NA NAMAN SA ISLA DAGAT NA NAMAN ULIT SO INYONG KANYANG TAMA SA LUPA BABALIK SA DAGAT EH PAPANO NA MAY MAY PILING LAKAS NGA 
LOG (lattice-best-path[5.5.896~1-8a59]:main():lattice-best-path.cc:99) For utterance weather031_029, best cost 2130.21 + 137714 = 139845 over 1297 frames.
weather031_029 B KATULAD KAPAL SA LUZON CI AH TUMAMA MALIBAN DOON SA BUNDOK NG SIERRA MADRE YUNG MALAKING LANDMASS NG LUZON EH NAKAKATULONG PARA MABAWASAN YUNG PINANGGAGALINGAN I GANYAN ANG ENERGY WHICH IS YUNG WEST SI OR NA NASA TAGA 
LOG (lattice-best-path[5.5.896~1-8a59]:main():lattice-best-path.cc:99) For utterance weather031_030, best cost 1792.89 + 121133 = 122926 over 1108 frames.
weather031_030 ANC AT TSAKA BATAY SA HISTORY TRACK RECORD NITONG MGA BAGYO AT THIS TAKBO REHIYON MANG TANI PARANG HULING HIRIT NILA EH KAYA MEDYO NAKAKATAKOT DIN ITONG MGA BAGYO PO WIND SA EH END OF NA YEAR 
LOG (lattice-best-path[5.5.896~1-8a59]:main():lattice-best-path.cc:99) For utterance weather031_031, best cost 2763.04 + 175988 = 178751 over 1664 frames.
weather031_031 YES JESSICA AT SIYA NA NABANGGIT MO ITO PURO HA INIT PO TEN LEYTE YUNG BAGYO KASI EH KAHIT GAANO KALAKAS PAG TUMAMA DIYAN SA NORTE MAS KAKAUNTI YUNG TAO SO ITONG ATING PINAG AH UUSAPAN NGAYON HINDI PO SIYA NAPAKALAKAS IN TERMS OF WIND PERO YUNG ULAN NIYA KAYAT YUNG DIN ANG DAPAT NATING PAG INGAT ANG 
LOG (lattice-best-path[5.5.896~1-8a59]:main():lattice-best-path.cc:99) For utterance weather031_032, best cost 4663.29 + 303060 = 307724 over 2945 frames.
weather031_032 MARAMING MGA NAKATIRA DIYAN MARAMING YANG AH MGA TAO DIYAN SA MGA ISLA NA YAN SO YUNG NGA MAS LAND AT LANDSLIDE KAHIT PO DIN YELO KALAKAS YUNG HANGIN YAN EH YUNG DALA DALANG ULAN YAN JESSICA KUNG TITINGNAN MO YUNG NA RIN PO FOR KESA TEN MAS MARAMI YUNG KULAY NA PULA ANG YUNG PINK AT YUNG NA YUNG O RAINS SO IBIG SABIHIN MAS MARAMING LUGAR ANG MAKAKARANAS NUNG MALALAKAS NA PAGULAN LALO NA NGAYONG GABI HANGGANG BUKAS ANG TROPICAL ATIN JESSICA NGAYONG GABI EH BUKAS HANGGANG SA NG MIYERKULES NA ANG UMAGA 
LOG (lattice-best-path[5.5.896~1-8a59]:main():lattice-best-path.cc:99) For utterance weather031_033, best cost 4642.36 + 310391 = 315034 over 2873 frames.
weather031_033 AY DING U BA YUNG MGA NA LANDSLIDE NA AREA SA NORTHERN LUZON YUNG IBA HINDI NAMAN KALAKASAN PERO NAGKA LANDSLIDE PA RIN SO YUNG MGA KABABAYAN PO NA YAN SA DADAANAN ANG NITONG SI BAGYONG SAMUEL NO RING I IDENTIFIED NAMAN MANG TANI YUNG MGA LANDSLIDE PRONE BATAY SA SI LAKAS AT NA NAG NA DING YANG AH NA ONE MATAGAL NA U MAYROON NYAN SA OK KUNG MALAPIT TO KAYO SA MGA BUBONG MALAPIT KAYO SA MGA I IDENTIFIED NA LANDSLIDE AREA PAG SINABING EVACUATE EVACUATE PO AH 
LOG (lattice-best-path[5.5.896~1-8a59]:main():lattice-best-path.cc:99) For utterance weather031_034, best cost 1592.34 + 90695.5 = 92287.8 over 865 frames.
weather031_034 TAMA YAN DIYAN SEA NA AT LINYA NO LALONG LALO NA ITONG NA ITONG MGA MGA PROBINSYA NA LANDSLIDE PRONE YUNG LEYTE YUNG SA JENNY TED LEYTE MAGING YUNG SA SI BUONG 
LOG (lattice-best-path[5.5.896~1-8a59]:main():lattice-best-path.cc:99) For utterance weather031_035, best cost 4693.64 + 311185 = 315878 over 3006 frames.
weather031_035 AT ISA PA JESSICA LAST WEEK MID NAMAN YAN NA NO PRE SHERY AREA HINDI SA BAGUIO PERO NAG PAULAN AT NAKA AT SA RIN NAKARANAS NG BAHA YUNG IBANG LUGAR SA SA MAY PANAY NA ILAN AT DIYAN SA MAY AH MINDANAO KAYA BASA PA RIN YUNG LUPA DADAANAN ULIT NG PANIBAGONG BAGYO NA MAY DALANG ULAN KAYA YUNG NGA KA PROBABILITY OR YUNG TSANSA MAG KAROON ANG MAS LALO BAHAGING AT LA SINAIT EH MAS MATAAS NGAYON DAHIL DIN NA ULAN NA PONG WEATHER SYSTEM NA NAGPAULAN DIYAN ANG ILANG ARAW LALO NA SA VISAYAS JESSICA 
LOG (lattice-best-path[5.5.896~1-8a59]:main():lattice-best-path.cc:99) For utterance weather031_036, best cost 895.967 + 49686.4 = 50582.4 over 442 frames.
weather031_036 PARA RIN SALAMAT MANG TANI NATHANIEL CRUZ GMA YUN RESIDENT I KIM NORTHERN SIDE 
LOG (lattice-best-path[5.5.896~1-8a59]:main():lattice-best-path.cc:99) For utterance weather031_037, best cost 523.674 + 79192.4 = 79716.1 over 767 frames.
weather031_037 AT YAN ANG LATEST MULA SA GMA WEATHER AKO PO SI NATHANIEL CRUZ MAGPLANO PARA SIGURADO I AM READY SERBISYONG TOTOO NG GMA NEWS 
LOG (lattice-best-path[5.5.896~1-8a59]:main():lattice-best-path.cc:99) For utterance weather029_011, best cost 979.229 + 75642.7 = 76621.9 over 642 frames.
weather029_011 BUKAS NG UMAGA KAPAG NASA DAGAT NA ANG CENTRO NG BAGYO OF SEA NA PA RIN MAKARANAS NG MALAKAS NA ULAN ANG ZAMBALES 
LOG (lattice-best-path[5.5.896~1-8a59]:main():lattice-best-path.cc:99) For utterance weather029_012, best cost 1694.09 + 125930 = 127624 over 1063 frames.
weather029_012 ITO MAS SA METRO MANILA AT NATITIRANG BAHAGI LUZON INAASAHAN AT AT ANG TAMAAN NA MAY PAMINSAN MINSAN MALAKAS NA BUHOS NG ULAN NGAYONG GABI TULAD NG MARA NASA NA AT AND KANILANG AKO 
LOG (lattice-best-path[5.5.896~1-8a59]:main():lattice-best-path.cc:99) For utterance weather029_013, best cost 1188.97 + 53982.1 = 55171.1 over 463 frames.
weather029_013 KESA TAMA UUWI PALARONG TO B KIDLAT HEAT LAYONG LALO SO NA NAKAMOTOR O NO 
LOG (lattice-best-path[5.5.896~1-8a59]:main():lattice-best-path.cc:99) For utterance weather029_014, best cost 2874.17 + 200742 = 203616 over 1694 frames.
weather029_014 BUKAS MAKAKAASA PA RIN KAYA NG MAGHAPONG BA ULAP AT MAULANG PANAHON SA METRO MANILA PERO INAASAHANG HIHINA ANG U ANG ULAN KUMPARA NGAYONG ARAW LALONG LALO NA PO PO NATIN PO NG HAPON O GABI NAKIKITANG PURO AT TEN MALIIT NA ANG PORSYENTO NG PAG ULAN KASI SOUTHERN DIN PER SI YAN CHANCE OF RING 
LOG (lattice-best-path[5.5.896~1-8a59]:main():lattice-best-path.cc:99) For utterance weather029_015, best cost 1315.45 + 90737.7 = 92053.2 over 764 frames.
weather029_015 SA VISAYAS AT MINDANAO NAMAN MAY TSANSA PA RIN NG PAMINSAN MINSANG MAHINA KADA SA PANG NAMANG ULAN NGAYONG GABI NINE SA TROUGH KONG TOTOO NG BAGYO 
LOG (lattice-best-path[5.5.896~1-8a59]:main():lattice-best-path.cc:99) For utterance weather029_016, best cost 1444.06 + 115256 = 116700 over 977 frames.
weather029_016 BUKAS INAASAHANG BUBUTI NA PANAHON SA VISAYAS AT MINDANAO MAGING MALA BA SA ILOILO BACOLOD AT DITO PO SA NORTHERN MINDANAO OK NA NA EACH TSANSA PA RIN NG THUNDERSTORMS 
LOG (lattice-best-path[5.5.896~1-8a59]:main():lattice-best-path.cc:99) For utterance weather029_017, best cost 595.431 + 35678.8 = 36274.3 over 295 frames.
weather029_017 YAN PULA DIN ANG PANAHON MAG INGAT PO KAYO MGA KAPAMILYA 
LOG (lattice-best-path[5.5.896~1-8a59]:main():lattice-best-path.cc:99) For utterance weather030_001, best cost 779.09 + 58502.9 = 59282 over 521 frames.
weather030_001 MGA KAPUSO BUKAS AH PONG MAG LALANDFALL ANG MATA NG BAGYO ROSITA DIYAN SA MAY ISABELA AURORA AREA AT 
LOG (lattice-best-path[5.5.896~1-8a59]:main():lattice-best-path.cc:99) For utterance weather030_002, best cost 463.126 + 37224.2 = 37687.4 over 344 frames.
weather030_002 NASA ILALIM NA RIN NG STORM SIGNALS ANG MALAKING BAHAGI NG LUZON 
LOG (lattice-best-path[5.5.896~1-8a59]:main():lattice-best-path.cc:99) For utterance weather030_003, best cost 335.031 + 16892.9 = 17227.9 over 153 frames.
weather030_003 KABILANG DAANG NA METRO MANILA 
LOG (lattice-best-path[5.5.896~1-8a59]:main():lattice-best-path.cc:99) For utterance weather030_004, best cost 1152.84 + 97962.8 = 99115.6 over 869 frames.
weather030_004 NAKATAAS NGAYON ANG AH TROPICAL CYCLONE WARNING SIGNAL DAM RITO EIGHT DIYAN SA MGA PROBINSYA ISABELA QUIRINO NORTHERN AURORA PERO VIZCAYAT IFUGAO 
LOG (lattice-best-path[5.5.896~1-8a59]:main():lattice-best-path.cc:99) For utterance weather030_005, best cost 1087.69 + 73371.2 = 74458.9 over 687 frames.
weather030_005 AT MULA PO NGAYONG GABI MGA KAPUSO NA BUKAS EH NAPAKA SUNGIT NA LAGING NG PANAHON ANG INAASAHAN DIYAN SA MGA LUGAR NA NABANGGIT 
LOG (lattice-best-path[5.5.896~1-8a59]:main():lattice-best-path.cc:99) For utterance weather030_006, best cost 2172.69 + 204692 = 206864 over 1884 frames.
weather030_006 SIGNAL NUMBER TWO NAMAN DIYAN SA CAGAYAN ILOCOS NORTE APAYAO ABRA KALINGA ILOCOS OR MAP AM PROVINCE LA UNION JENNY EH PANGASINAN TARLAC NUEVA ECIJA NORTHERN QUEZON KASAMA ANG POLILLO AH ILAN SOUTHERN AURORA ZAMBALES PAMPANGA AT BULACAN 
LOG (lattice-best-path[5.5.896~1-8a59]:main():lattice-best-path.cc:99) For utterance weather030_007, best cost 867.142 + 57518.9 = 58386 over 523 frames.
weather030_007 PO SO ULIT NA LAGAY NG PANAHON DIN ANG INAASAHAN BUKA O MAMAYANG GABI HANGGANG BUKAS DIYAN SA MGA PROBINSYA NA YAN 
LOG (lattice-best-path[5.5.896~1-8a59]:main():lattice-best-path.cc:99) For utterance weather030_008, best cost 1447.57 + 153288 = 154735 over 1403 frames.
weather030_008 HABANG SIGNAL NUMBER ONE NAMAN DITO SA METRO MANILA SA BATANES STROKE OF ISLANDS KASAMA ANG BABUYAN GROUP OF ISLANDS RIZAL SOUTHERN QUEZON DIYAN SA MAY LAGUNA BATANGAS BATAAN CAVITE AT CAMARINES NORTE 
LOG (lattice-best-path[5.5.896~1-8a59]:main():lattice-best-path.cc:99) For utterance weather030_009, best cost 863.782 + 73739.7 = 74603.5 over 687 frames.
weather030_009 MGA ULAN AT BUGSO NA NGA NI NAMAN ANG INAASAHAN SIMULA MAMAYA HANGGANG BUKAS SA MGA NABANGGIT NA LUGAR 
LOG (lattice-best-path[5.5.896~1-8a59]:main():lattice-best-path.cc:99) For utterance weather030_010, best cost 1195.09 + 109607 = 110802 over 1011 frames.
weather030_010 AYON SA PAGASA NASA LAYO NA LAMANG THREE HUNDRED TEN KILOMETERS DIYAN SA MAY SILANGAN HILAGANG SILANGAN O EAST NORTH EAST NG CASIGURAN AURORA ANG MATA NG BAGYONG ROSITA 
LOG (lattice-best-path[5.5.896~1-8a59]:main():lattice-best-path.cc:99) For utterance weather030_011, best cost 1879.77 + 160518 = 162398 over 1456 frames.
weather030_011 AT TAGLAY NITO ANG NA PARA LAKAS ANG HA ANG INA ONE HUNDRED FIFTY KILOMETERS PER HOUR MULA SA GITNA AT BUGSO NA HANGGANG ONE HUNDRED EIGHTY FIVE KILOMETERS PER HOUR AT KUMIKILOS ITO PAKANLURAN NA WESTWARD SA BILIS NAMAN NA FIFTEEN KILOMETERS PER HOUR 
LOG (lattice-best-path[5.5.896~1-8a59]:main():lattice-best-path.cc:99) For utterance weather030_012, best cost 1697.94 + 120031 = 121729 over 1129 frames.
weather030_012 AT SA TRACK NG PAGASA BUKAS NA PO NG UMAGA AT NAMAN DIYAN SA MAY SOUTHERN SA MAY LA O NG NORTHERN AURORA AREA YUNG BAGYO AT MAGHAPON DIN ITONG TATLO WELL YAN ANG NG NORTHERN LUZON 
LOG (lattice-best-path[5.5.896~1-8a59]:main():lattice-best-path.cc:99) For utterance weather030_013, best cost 2775.31 + 208514 = 211289 over 1917 frames.
weather030_013 AT MGA KAPUSO AH MAGING I AM READY PO SA BANTA NA ULAN SA E KASAMA NA RITO ANG NA RING NA YAN AT ANG MGA PAGBAHA AT DAAN SA MALAKAS NA ULAN LALONG LALO NA DOS SA MGA DADAANAN NG NA BAGYO O ITONG ISABELA AURORA AYON QUIRINO NUEVA VIZCAYA IFUGAO DIN DI AT LA UNION AT POSIBLE ANG PANGASINAN 
LOG (lattice-best-path[5.5.896~1-8a59]:main():lattice-best-path.cc:99) For utterance weather030_014, best cost 2371.55 + 187321 = 189693 over 1744 frames.
weather030_014 PATAAS YAN ANG ALON SA HALOS BUONG LUZON MULA YAN SA MAY AH MATA NG NASA NANDITO SA MAY AH CAGAYAN VALLEY ILOCOS REGION DIYAN SA MAY EASTERN VISAYAS YANG NORTHERN EACH EASTERN SAMAR KASAMA NA ANG EASTERN MINDANAO DAHIL AMA PO YAN SA PINAGSANIB NA EPEKTO NUNG BAGYO AT NG MALAKAS NA AMIHAN 
LOG (lattice-best-path[5.5.896~1-8a59]:main():lattice-best-path.cc:99) For utterance weather030_015, best cost 1514.57 + 127322 = 128837 over 1159 frames.
weather030_015 MAY BANTA RIN AN STORM SURGE DIYAN SA MGA PROBINSYA NA ISA DELA CAGAYAN DIYAN SA MAY AURORA ILOCOS SUR ILOCOS NORTE AT LA UNION NA POSIBLENG UMABOT NA ANG TATLONG METRO 
LOG (lattice-best-path[5.5.896~1-8a59]:main():lattice-best-path.cc:99) For utterance weather030_016, best cost 1122.14 + 101067 = 102189 over 924 frames.
weather030_016 HINDI NAMAN APEKTADO BAGYO VISAYAS AT MINDANAO AREA O KAPUSO AH MALALAKAS NA ULAN DITO SA MAY LUZON LALONG LALO NA SA NORTHERN AT CENTRAL LUZON 
LOG (lattice-best-path[5.5.896~1-8a59]:main():lattice-best-path.cc:99) For utterance weather030_017, best cost 498.553 + 80621 = 81119.6 over 740 frames.
weather030_017 AT YAN ANG LATEST MULA SA GMA WEATHER AKO PO SI NATHANIEL CRUZ MAGPLANO PARA SIGURADO I AM READY SERBISYONG TOTOO NG GMA NEWS 
LOG (lattice-best-path[5.5.896~1-8a59]:main():lattice-best-path.cc:99) For utterance weather031_001, best cost 1254.22 + 94906.4 = 96160.6 over 851 frames.
weather031_001 ISANG BAGYO O ANG NASA NO NGAYON NG PHILIPPINE AREA OF RESPONSIBILITY ANG BAGYONG SAMUEL NA INAASAHANG PAG AALAS NA ILAN LUGAR SA BANSA AH 
LOG (lattice-best-path[5.5.896~1-8a59]:main():lattice-best-path.cc:99) For utterance weather031_002, best cost 1234.39 + 76150 = 77384.4 over 675 frames.
weather031_002 ALAMIN PO NA AT YAN ANG LATEST SA LAGAY NG PANAHON MULA KAY JENNY REST ANG HEAT YUN NA LANG CLOSE NATHANIEL CRUZ MANG TANI 
LOG (lattice-best-path[5.5.896~1-8a59]:main():lattice-best-path.cc:99) For utterance weather031_003, best cost 778.209 + 59790.5 = 60568.7 over 560 frames.
weather031_003 SALAMAT JESSICA MGA KAPUSO MAGING I AM READY PO AH SO MAULANG PANAHON ANG MGA TAGA VISAYAS AT MINDANAO 
LOG (lattice-best-path[5.5.896~1-8a59]:main():lattice-best-path.cc:99) For utterance weather031_004, best cost 1030.39 + 68594.8 = 69625.2 over 642 frames.
weather031_004 CI ULAN NGAYONG GABI AT SA RIN AT SA PAPALAPIT NA TROPICAL DEPRESSION SAMUEL ANG UNANG BAGYO SA PINAG NGAYONG NOBYEMBRE 
LOG (lattice-best-path[5.5.896~1-8a59]:main():lattice-best-path.cc:99) For utterance weather031_005, best cost 1500.82 + 115245 = 116746 over 1094 frames.
weather031_005 NAKATAAS ANG STORM SIGNAL NUMBER ONE DIYAN SA MGA PROBINSYA NA SURIGAO DEL NORTE SO DITO DEL SUR AGUSAN DEL NORTE AGUSAN DEL SUR DINAGAT KAILAN MISAMIS ORIENTAL AT GABI DIN SA MINDANAO 
LOG (lattice-best-path[5.5.896~1-8a59]:main():lattice-best-path.cc:99) For utterance weather031_006, best cost 1505.93 + 154062 = 155568 over 1508 frames.
weather031_006 SIGNAL NUMBER ONE DIN SA MAY AH SAMAR EASTERN SAMAR BILIRAN LEYTE SOUTHERN LEYTE TEN SA BOHOL CEBU SIQUIJOR NEGROS ORIENTAL AT NEGROS OCCIDENTAL SA VISAYAS AT SA MASBATE SA LUZON 
LOG (lattice-best-path[5.5.896~1-8a59]:main():lattice-best-path.cc:99) For utterance weather031_007, best cost 2032.1 + 159550 = 161583 over 1529 frames.
weather031_007 NAMAN AH NA CENTRAL TROPICAL DEPRESSION SAMUEL O SA LAYO LAMANG FIVE HUNDRED FIVE KILOMETERS DIYAN SA MAY SILANGAN NG HINATUAN SURIGAO DEL SUR AT TAGLAY NITO LAKAS NG HANGIN YAN EIGHTY FIVE KILOMETERS PARA OR MALA SA GITNA AT BUGSO NA HANGGANG SIXTY FIVE KILOMETERS PER HOUR 
LOG (lattice-best-path[5.5.896~1-8a59]:main():lattice-best-path.cc:99) For utterance weather031_008, best cost 908.597 + 72274 = 73182.6 over 713 frames.
weather031_008 AT INAASAHAN NA KIKILOS ITO PAHILAGANG KANLURAN PO O NORTHWEST SA BILIS NAMAN AT TWENTY FIVE KILOMETERS PER HOUR 
LOG (lattice-best-path[5.5.896~1-8a59]:main():lattice-best-path.cc:99) For utterance weather031_009, best cost 1856.91 + 131328 = 133184 over 1289 frames.
weather031_009 AT SA FORECAST TRACK NG PAGASA EH POSIBLENG TUMAMA DIYAN SA MAY DINAGAT KAILAN O SA MAY AH POSIBLE ISA LEYTE ANG NA CENTRO NG BAGYO SAMUEL BUKAS PO YAN AT MAY TSANSA RIN NA LUMAKAS PA ITO BAGO MAG LANDFALL 
LOG (lattice-best-path[5.5.896~1-8a59]:main():lattice-best-path.cc:124) Overall cost per frame is 108.765 = 1.4586 [graph] + 107.306 [acoustic] over 83671 frames.
LOG (lattice-best-path[5.5.896~1-8a59]:main():lattice-best-path.cc:128) Done 66 lattices, failed for 0
# Accounting: time=0 threads=1
# Ended (code 0) at Sat Apr  3 00:21:40 CST 2021, elapsed time 0 seconds
