# lattice-best-path --lm-scale=12 --word-symbol-table=exp/tri1/graph/words.txt "ark:gunzip -c exp/tri1/decode/lat.*.gz|" ark,t:exp/tri1/decode/scoring/12.tra 
# Started at Sat Apr  3 00:21:40 CST 2021
#
lattice-best-path --lm-scale=12 --word-symbol-table=exp/tri1/graph/words.txt 'ark:gunzip -c exp/tri1/decode/lat.*.gz|' ark,t:exp/tri1/decode/scoring/12.tra 
LOG (lattice-best-path[5.5.896~1-8a59]:main():lattice-best-path.cc:99) For utterance weather029_006, best cost 2579.08 + 134755 = 137335 over 1125 frames.
weather029_006 SA NGAYON NASA ONE HUNDRED TEN KILOMETERS SILANGAN NG BALER AURORA ANG BAGYONG PEPITO MERON TWO MAXIMUM SUSTAINED WINDS ISA PANG FIVE KILOMETERS PER HOUR AT PAGBUGSO KUNG GUSTINESS NA NINETY KILOMETERS PER HOUR 
LOG (lattice-best-path[5.5.896~1-8a59]:main():lattice-best-path.cc:99) For utterance weather029_007, best cost 1047.81 + 67247.7 = 68295.5 over 553 frames.
weather029_007 BAHAGYANG BUMILIS ANG PAGKILOS NITO SA TWENTY KILOMETERS PER HOUR PATUNGONG WEST NORTHWEST 
LOG (lattice-best-path[5.5.896~1-8a59]:main():lattice-best-path.cc:99) For utterance weather029_008, best cost 2180.63 + 72184 = 74364.6 over 578 frames.
weather029_008 SA FORECAST BAGYO B YAN SIYANG PER PER NINYONG RAINS WEATHER FORECAST O EAST SI EH DOBOL YAN 
LOG (lattice-best-path[5.5.896~1-8a59]:main():lattice-best-path.cc:99) For utterance weather029_009, best cost 2021.65 + 99625 = 101647 over 814 frames.
weather029_009 NAKIKITANG TUTUMBUKIN ITONG ANG AURORA NGAYONG GABI AT AH KANINANG CENTRAL LUZON O SOUTHERN LUZON NG NORTHERN LUZON HANGGANG BUKAS NG MADALING NA ARAW 
LOG (lattice-best-path[5.5.896~1-8a59]:main():lattice-best-path.cc:99) For utterance weather029_010, best cost 2973.15 + 207709 = 210683 over 1806 frames.
weather029_010 INAASAHAN ANG MALAKAS NA ULAN NGAYONG GABI SA AURORA ISABELA QUEZON BULACAN TARLAC CAMARINES NORTE NGAYON ECIJA NUEVA VIZCAYA QUIRINO RIN ANG CAGAYAN CORDILLERA LA UNION ILOCOS SUR TARLAC PAMPANGA BATAAN ZAMBALES AT PANGASINAN 
LOG (lattice-best-path[5.5.896~1-8a59]:main():lattice-best-path.cc:99) For utterance weather031_010, best cost 6672.04 + 276942 = 283614 over 2714 frames.
weather031_010 AT BABA MAY NG BAGYONG SAMUEL ANG NA HALOS BUONG VISAYAS NA MAGDADALA PAU LA ANG MAULANG PANAHON DITO ANG PAGTAMA NITO SA MAY DINAGAT ISLAND YAN EH KUNG HINDI MAGBABAGO YUNG KANYANG DIRECTION EIGHT AT ANG READY NITO DITO SA MAY LEYTE LALO SA BANSA DEL LEYTE POSIBLENG DIYAN SA MAY BOHOL CEBU DIYAN SA MAY NEGROS ISLAND LALO SA MAY NEGROS OCCIDENTAL DADAAN NG ILOILO ANTIQUE EH PAPUNTA NA NG NIYA PALAWAN AT PAPALABAS NG NA O PAPUNTA NG WEST PHILIPPINE SEA 
LOG (lattice-best-path[5.5.896~1-8a59]:main():lattice-best-path.cc:99) For utterance weather031_011, best cost 4184.18 + 211647 = 215831 over 2081 frames.
weather031_011 KAYA MAGING I AM READY PO AH ANG MGA TAGA REHIYON NG CARAGA NORTHERN MINDANAO LALONG LALO NA I EASTERN VISAYAS RIN SAMAR LEYTE PROVINCES SA MAULANG MAGDAMAG NA MAGPAPATULOY MGA KAPUSO HANGGANG BUKAS PO YAN YUN NAKIKITA NYONG PULA AT SA AH PINK NA YAN YAN YUNG MGA MATITINDING PAGULAN NA PWEDENG MARARANASAN SA MALAKING BAHAGI NG NA VISAYAS BUKAS 
LOG (lattice-best-path[5.5.896~1-8a59]:main():lattice-best-path.cc:99) For utterance weather031_012, best cost 2597.92 + 114716 = 117314 over 1128 frames.
weather031_012 MAGHAPON DIN MAULAN DIYAN SA MAY AH ZAMBOANGA AT DAVAO REGION AT SA BUONG VISAYAS BUKAS AT MAGING I AM READY PO SA BANTA NG AH LANDSLIDE AT MAS FIVE SA NIYAN MGA MALAKAS O PAGULAN 
LOG (lattice-best-path[5.5.896~1-8a59]:main():lattice-best-path.cc:99) For utterance weather031_013, best cost 1874.95 + 89355.8 = 91230.8 over 880 frames.
weather031_013 HABANG SA LUZON APEKTADO NG BAGYO ANG NG AH BICOL REGION MINDORO MARINDUQUE ROMBLON PERO YAN ANG SIMULA LANG NA BUKAS AT GABI 
LOG (lattice-best-path[5.5.896~1-8a59]:main():lattice-best-path.cc:99) For utterance weather031_014, best cost 2243.8 + 100690 = 102934 over 986 frames.
weather031_014 AT HINDI NAMAN APEKTADO NG BAGYO ANG NA NORTHERN AT CENTRAL LUZON NA MABABA LAMANG ANG TSANSANG UMULAN EH MGA MAHIHINANG PAGULAN DEL ISOLATED DIYAN SA MAY QUEZON AURORA PROVINCES 
LOG (lattice-best-path[5.5.896~1-8a59]:main():lattice-best-path.cc:99) For utterance weather031_015, best cost 1657.36 + 81217.3 = 82874.6 over 803 frames.
weather031_015 AT SA METRO MANILA MAGIGING MAULAP BUKAS PERO HALOS WALANG ULAN NA INAASAHAN DAHIL MGA KAPUSO MALAYO PO KAYO SA CENTRO NG BAGYO 
LOG (lattice-best-path[5.5.896~1-8a59]:main():lattice-best-path.cc:99) For utterance weather031_016, best cost 2936.03 + 111661 = 114597 over 1080 frames.
weather031_016 MATAAS NAMAN ANG ALON SA MGA LUGAR NA MAY SIGNAL YUNG MAY KULAY YANG ASUL NA YAN KASAMA NA ANG NA DAVAO ORIENTAL AT OCCIDENTAL NA WALA SIGNAL PERO MALAKAS DIN YUNG INAASAHANG MGA PAGALON JESSICA 
LOG (lattice-best-path[5.5.896~1-8a59]:main():lattice-best-path.cc:99) For utterance weather031_017, best cost 3778.93 + 168194 = 171973 over 1550 frames.
weather031_017 MANG TANI ITO NA YUNG EPEKTO NG ANG AMIHAN NO YUNG MGA BAGYO AY KIDLAT SA MABABANG PARTE NA NA NA PILIPINAS TUMATAMA YUNG HABAGAT SA MID YUNG MATAAS NGAYON PO PABABA NG PABABA AMIHAN ONE O ONE MANG TANI ANO BANG PAGKAKAIBA NITO AMIHAN SA HABAGAT 
LOG (lattice-best-path[5.5.896~1-8a59]:main():lattice-best-path.cc:99) For utterance weather031_018, best cost 9775.57 + 475892 = 485668 over 4658 frames.
weather031_018 WELL UNANG UNA YUNG AH AMIHAN JESSICA JENNY TUYONG HANGIN WALANG MASYADONG PO IS YUNG PERO MAPAPANSIN MO YUNG BAGYO MALAPIT NA PERO HALOS HINDI PA RAMDAM YUNG MGA PAGULAN KUNG TITINGNAN MO YUNG RAINFALL MAP JESSICA YUNG AH PULA NA DARATING DITO SA AT EH YUNG NA MAMAYANG GABI HALOS NANDYAN YUNG BAGYO PERO PA HINDI PA RAMDAM YUNG ULAN AT YAN YUNG NA NGAYONG HANGIN AMIHAN YUNG NORTHERN SA E NG BAGYO ANG MAS MAULAN KUMPARA DITO SA MAY SOUTHERN PART HINDI KATULAD PAG HANGING HABAGAT JESSICA SA MAY SOUTHWEST YUNG BAGYO KAHIT NANDITO SA MAY AH EASTERN SECTION MAULAN DOON SA MAY WESTERN SA A COLD YUNG AH WESTERN SENDONG BAGUIO DAHIL NGA YUNG MGA HABAGAT AT EH MAS MARAMING MOISTURE 
LOG (lattice-best-path[5.5.896~1-8a59]:main():lattice-best-path.cc:99) For utterance weather031_019, best cost 2554.83 + 116292 = 118847 over 1111 frames.
weather031_019 SO ANG PAGKAKAIBA JESSICA PAGDATING SA AMIHAN HALOS WALANG MOISTURE KAYA HINDI NAGPAPALAKAS NG BAGYO YAN SAMANTALANG NG UMAGA AT DAAN MARAMING DALANG TUBIG SA NAMAN EH NAGPAPALAKAS NG BAGYO 
LOG (lattice-best-path[5.5.896~1-8a59]:main():lattice-best-path.cc:99) For utterance weather031_020, best cost 3483.46 + 143713 = 147196 over 1336 frames.
weather031_020 KAYA LANG YUNG MGA TUMAMANG BAGYO AT THIS MAY OF HIRIT AT EH SA BABA O SA COMPOSTELA VALLEY SA AH ILIGAN MANG TANI MALALAKAS DIN NGA YUNG SENDONG AT TSAKA YUNG MGA BAGYO GOOD AKO NAGKAKAMALI 
LOG (lattice-best-path[5.5.896~1-8a59]:main():lattice-best-path.cc:99) For utterance weather031_021, best cost 3252.38 + 146834 = 150086 over 1418 frames.
weather031_021 ANG NANGYAYARI NAMAN KUNG TITINGNAN NATIN YUNG PACIFIC OCEAN MAY MGA BAGYO NA MALAYO PA LANG DITO SA ATIN NABUBUO NA KAYA HABANG NA SA MAY KARAGATAN YAN NAKAKAKUHA SA NA NG LAKAS LALONG LALO KUNG MGA MASASABAYAN SIYA NG MAHINANG AMIHAN 
LOG (lattice-best-path[5.5.896~1-8a59]:main():lattice-best-path.cc:99) For utterance weather031_022, best cost 2324.92 + 102098 = 104423 over 966 frames.
weather031_022 SA PAG MAHINA YUNG AMIHAN MO TAPOS NANDITO KA PA LAMANG DAPAT NG PUMASOK SA PHILIPPINE AREA OF RESPONSIBILITY ISA KA NG GANAP NA BAGYO NANDUN YUNG PAGKAKATAONG LALO SIYANG LUMALAKAS 
LOG (lattice-best-path[5.5.896~1-8a59]:main():lattice-best-path.cc:99) For utterance weather031_023, best cost 5798.21 + 273948 = 279746 over 2611 frames.
weather031_023 NA NANDITO PALAWAN SA LABAS NA PINAG AT MAHINA YUNG AMIHAN NIYA I HIHINA LUMAKAS SIYA KAYA NAGING MAPAMINSALA SAMANTALA ITO KASING SIYA SAMUEL DITO NALAMANG SEVEN IN TROPICAL DEPRESSION MALAPIT NA TUMAMA SA LUPA KAYA HINDI SA GANUNG KALAKAS PERO YUNG ISANG NAKIKITA NATIN JESSICA AT NAPANSIN MO RIN PAGDATING NG LAST QUARTER OF THE YEAR MAS KAKAUNTI YUNG BAGYO PERO MAS MADALAS TUMATAMA YAN KAYA NAGIGING MAS MAPAMINSALA 
LOG (lattice-best-path[5.5.896~1-8a59]:main():lattice-best-path.cc:99) For utterance weather031_024, best cost 3858.65 + 163614 = 167472 over 1483 frames.
weather031_024 O PARANG SA PHYSICS DIN MANG TANI NO PAG MAS MARA MAS MAP MALAYO ANG PINANGGAGALINGAN DI YAN NAKAKAPAG DIN SHANSHAN STRENGTH AT MOMENTUM MAS MALAKAS YUNG PO YAN SA NIYA KATULAD NAGING YAN YOLANDA ITONG SI SAMUEL MALAPIT SA PILIPINAS NABUO 
LOG (lattice-best-path[5.5.896~1-8a59]:main():lattice-best-path.cc:99) For utterance weather031_025, best cost 3492.6 + 170851 = 174344 over 1642 frames.
weather031_025 YES JESSICA YAN ANG MAGIGING YAN LINYA POSIBLE ISA MAGING ISANG TROPICAL STORM BAHAGYANG LALAKAS BAGO TUMAMA SA KALUPAAN PERO DEFINITELY HINDI SIYA MAGIGING KASING LAKAS LALO MGA NAG AALALA NG ISANG SUPER TYPHOON O KATULAD NUNG MALA YOLANDANG BAGYO ANG PROBLEMA LANG 
LOG (lattice-best-path[5.5.896~1-8a59]:main():lattice-best-path.cc:99) For utterance weather031_026, best cost 5518.01 + 268205 = 273723 over 2488 frames.
weather031_026 MAS PA DIN LEYTE YUNG MABABANG BAHAGI YUNG IBABANG BAHAGI NG ATING BANSA KESA YUNG AH TAAS NO KASI TSAKA BANSA TAAS MERONG KANG CORDILLERA SIERRA MADRE MANG TANI DIYES PAG TUMAMA YUNG BAGYO NA HUMIHINA YUNG EPEKTO MANG TANI DITO SA BABA WALA TAYONG NG PARA NAMAN TEN WINDS INA HUMAHARANG DITO KASI PURO MGA PULO PULO O MGA ISLA ITONG MGA DADAANAN NIYA 
LOG (lattice-best-path[5.5.896~1-8a59]:main():lattice-best-path.cc:99) For utterance weather031_027, best cost 2830.77 + 122371 = 125202 over 1183 frames.
weather031_027 TAMA YAN JESSICA KUNG TITINGNAN NATIN YUNG TRACK NUNG BAGYO NO PAG YAN TUMAMA SA MAY DINAGAT KAILAN ANG NANGYAYARI DIYAN JESSICA KUNG IKOCLOSE NA PO YAN PAGTAMA NYAN SA ISANG ISLA BABALIK ULIT SA TAGA 
LOG (lattice-best-path[5.5.896~1-8a59]:main():lattice-best-path.cc:99) For utterance weather031_028, best cost 4339.48 + 188074 = 192414 over 1800 frames.
weather031_028 SO KAHIT PAPAANO MAKAKAIPON NG LAKAS PAG TININGNAN MO YUNG CLOSE ANG NUNG FORECAST NA YAN JESSICA KADA TAMA NYAN SA ISLA DADAAN SA DAGAT POSIBLENG LUMAKAS ULIT TATAMA NA NAMAN SA ISLA DAGAT NA NAMAN ULIT SO YUNG KANYANG TAMA SA LUPA BABALIK SA DAGAT KAHIT PAPANO NA MAY MAY PILING LAKAS NGA 
LOG (lattice-best-path[5.5.896~1-8a59]:main():lattice-best-path.cc:99) For utterance weather031_029, best cost 3375.82 + 137938 = 141314 over 1297 frames.
weather031_029 CITY KATULAD KAPAG SA LUZON SA TUMAMA MALIBAN DOON SA BUNDOK NG SIERRA MADRE YUNG MALAKING LANDMASS NG LUZON EH NAKAKATULONG PARA MABAWASAN YUNG PINANGGAGALINGAN EH GANYAN ANG ENERGY WHICH IS YUNG WEST SI OR NA NASA TAGA 
LOG (lattice-best-path[5.5.896~1-8a59]:main():lattice-best-path.cc:99) For utterance weather031_030, best cost 2728.65 + 121387 = 124115 over 1108 frames.
weather031_030 ANC AT TSAKA BATAY SA HISTORY TRACK RECORD NITONG MGA BAGYO THIS TAKBO REHIYON MANG TANI PARANG HULING HIRIT NILA EH KAYA MEDYO NAKAKATAKOT DIN ITONG MGA BAGYO BAWAL SA END OF THE YEAR 
LOG (lattice-best-path[5.5.896~1-8a59]:main():lattice-best-path.cc:99) For utterance weather031_031, best cost 4316.03 + 176326 = 180642 over 1664 frames.
weather031_031 YES JESSICA AT SIYA NA NABANGGIT MO ITO PURO KAHIT PO EH LEYTE YUNG BAGYO KASI KAHIT GAANO KALAKAS PAG TUMAMA DIYAN SA NORTE MAS KAKAUNTI YUNG TAO SO ITONG ATING PINAG AH UUSAPAN NGAYON HINDI PO SIYA NAPAKALAKAS IN TERMS OF WIND PERO YUNG ULAN NIYA KAYA HINDI NG DAPAT NATING PAG INGAT ANG 
LOG (lattice-best-path[5.5.896~1-8a59]:main():lattice-best-path.cc:99) For utterance weather031_032, best cost 7030.47 + 303766 = 310796 over 2945 frames.
weather031_032 MARAMING MGA NAKATIRA DIYAN MARAMING AH MGA TAO DIYAN SA MGA ISLA NA YAN SO YUNG NGA MAS LAND AT LANDSLIDE KAHIT PO DIN PERO KALAKAS YUNG HANGIN NYAN EH YUNG DALA DALANG ULAN NYAN JESSICA KUNG TITINGNAN MO YUNG NA RIN PO PAGASA TEN MAS MARAMI YUNG KULAY NA PULA YUNG PINK AT YUNG NA YUNG ORANGE SO IBIG SABIHIN MAS MARAMING LUGAR ANG MAKAKARANAS NUNG MALALAKAS NA PAGULAN LALO NA NGAYONG GABI HANGGANG BUKAS ANG TROPICAL NATIN JESSICA NGAYONG GABI BUKAS HANGGANG SA MIYERKULES NA ANG UMAGA 
LOG (lattice-best-path[5.5.896~1-8a59]:main():lattice-best-path.cc:99) For utterance weather031_033, best cost 6927.36 + 311200 = 318127 over 2873 frames.
weather031_033 HINDI NUNG BA YUNG MGA NA LANDSLIDE NA AREA SA NORTHERN LUZON YUNG IBA HINDI NAMAN KALAKASAN PERO NAGKA LANDSLIDE PA RIN SO YUNG MGA KABABAYAN PO NATIN SA DADAANAN NG NITONG SI BAGYONG SAMUEL NO RIN AH IDENTIFIED NAMAN MANG TANI YUNG MGA LANDSLIDE PRONE BATAY SA SI LAKAS AT NA NG BAHAGING YAN AH NONE MATAGAL NA U MAYROON YAN SO KUNG MALAPIT KAYO SA MGA BUBONG MALAPIT KAYO SA MGA IDENTIFIED NA LANDSLIDE AREA PAG SINABING EVACUATE EVACUATE PO AH 
LOG (lattice-best-path[5.5.896~1-8a59]:main():lattice-best-path.cc:99) For utterance weather031_034, best cost 2455.96 + 90872.1 = 93328.1 over 865 frames.
weather031_034 TAMA YAN JESSICA AT LINYA NO LALONG LALO NA ITONG NA ITONG MGA MGA PROBINSYA NA LANDSLIDE PRONE YUNG LEYTE YUNG SA JENNY TED LEYTE MAGING YUNG SA SINGKO 
LOG (lattice-best-path[5.5.896~1-8a59]:main():lattice-best-path.cc:99) For utterance weather031_035, best cost 7510.56 + 311546 = 319057 over 3006 frames.
weather031_035 AT ISA PA JESSICA LAST WEEK MAY NAMAN SAAN NANDOON PRESSURE AREA HINDI SA BAGUIO PERO NAG PAULAN AT NAKA AT SA RIN NAKARANAS NG BAHA YUNG IBANG LUGAR SA SA MAY PANAY ISLAND AT DIYAN SA MAY AH MINDANAO KAYA BASA PA RIN YUNG LUPA DADAANAN ULIT NG PANIBAGONG BAGYO NA MAY DALANG ULAN KAYA YUNG NGA KA PROBABILITY OR YUNG TSANSA MAG KAROON NG MAS LALO BAHAGING AT LA SINAIT EH MAS MATAAS NGAYON DAHIL DI NA ULAN NA PONG WEATHER SYSTEM NA NAGPAULAN DIYAN ANG ILANG ARAW LALO NA SA VISAYAS JESSICA 
LOG (lattice-best-path[5.5.896~1-8a59]:main():lattice-best-path.cc:99) For utterance weather031_036, best cost 946.651 + 50114.2 = 51060.8 over 442 frames.
weather031_036 MARAMING SALAMAT MANG TANI NATHANIEL CRUZ GMA RESIDENT DROUGHT AT NEWS 
LOG (lattice-best-path[5.5.896~1-8a59]:main():lattice-best-path.cc:99) For utterance weather031_037, best cost 897.727 + 79192.4 = 80090.2 over 767 frames.
weather031_037 AT YAN ANG LATEST MULA SA GMA WEATHER AKO PO SI NATHANIEL CRUZ MAGPLANO PARA SIGURADO I AM READY SERBISYONG TOTOO NG GMA NEWS 
LOG (lattice-best-path[5.5.896~1-8a59]:main():lattice-best-path.cc:99) For utterance weather029_011, best cost 1600.39 + 75696.8 = 77297.2 over 642 frames.
weather029_011 BUKAS NG UMAGA KAPAG NASA DAGAT NA ANG CENTRO NG BAGYONG SEA NA PA RIN MAKARANAS NG MALAKAS NA ULAN ANG ZAMBALES 
LOG (lattice-best-path[5.5.896~1-8a59]:main():lattice-best-path.cc:99) For utterance weather029_012, best cost 2589.24 + 126165 = 128754 over 1063 frames.
weather029_012 ITO NAMAN SA METRO MANILA AT NATITIRANG BAHAGI LUZON INAASAHAN AT AT ANG TAMA NA MAY PAMINSAN MINSAN MALAKAS NA BUHOS NG ULAN NGAYONG GABI TULAD NG PARA NASA NATING KANINANG HAPON 
LOG (lattice-best-path[5.5.896~1-8a59]:main():lattice-best-path.cc:99) For utterance weather029_013, best cost 1711.2 + 54231.3 = 55942.5 over 463 frames.
weather029_013 KESA TAMA UUWI PALARONG TUBIG KIDLAT LAYONG LALO SO NA NAKAMOTOR O 
LOG (lattice-best-path[5.5.896~1-8a59]:main():lattice-best-path.cc:99) For utterance weather029_014, best cost 4284.74 + 201217 = 205502 over 1694 frames.
weather029_014 BUKAS MAKAKAASA PA RIN KAYA NG MAGHAPONG MAULAP AT MAULANG PANAHON SA METRO MANILA PERO INAASAHANG HIHINA ANG U ANG ULAN KUMPARA NGAYONG ARAW LALONG LALO NA PO PO NATIN PO NG HAPON O GABI NAKIKITA PO NATING PALISADA ANG PORSYENTO NG PAGULAN KASI SOUTHERN DIN RESIDENT CHANCE OF RING 
LOG (lattice-best-path[5.5.896~1-8a59]:main():lattice-best-path.cc:99) For utterance weather029_015, best cost 1866.28 + 91032.2 = 92898.5 over 764 frames.
weather029_015 SA VISAYAS AT MINDANAO NAMAN MAY TSANSA PA RIN NG PAMINSAN MINSANG MAHINA TANI SA KATAMTAMANG ULAN NGAYONG GABI YAN SA TROUGH O BUNTOT NG BAGYO 
LOG (lattice-best-path[5.5.896~1-8a59]:main():lattice-best-path.cc:99) For utterance weather029_016, best cost 2158.81 + 115494 = 117653 over 977 frames.
weather029_016 BUKAS INAASAHANG BUBUTI NA PANAHON SA VISAYAS AT MINDANAO MALIBAN NA BA SA ILOILO BACOLOD AT DITO PO SA NORTHERN MINDANAO NA NITO TSANSA PA RIN NG THUNDERSTORMS 
LOG (lattice-best-path[5.5.896~1-8a59]:main():lattice-best-path.cc:99) For utterance weather029_017, best cost 950.964 + 35739.4 = 36690.4 over 295 frames.
weather029_017 YAN PO LAGING NG PANAHON MAG INGAT PO KAYO MGA KAPAMILYA 
LOG (lattice-best-path[5.5.896~1-8a59]:main():lattice-best-path.cc:99) For utterance weather030_001, best cost 1259.34 + 58561.1 = 59820.5 over 521 frames.
weather030_001 MGA KAPUSO BUKAS NA PO MAG LALANDFALL ANG MATA NG BAGYO ROSITA DIYAN SA MAY ISABELA AURORA AREA AT 
LOG (lattice-best-path[5.5.896~1-8a59]:main():lattice-best-path.cc:99) For utterance weather030_002, best cost 793.931 + 37224.2 = 38018.2 over 344 frames.
weather030_002 NASA ILALIM NA RIN NG STORM SIGNALS ANG MALAKING BAHAGI NG LUZON 
LOG (lattice-best-path[5.5.896~1-8a59]:main():lattice-best-path.cc:99) For utterance weather030_003, best cost 539.164 + 16914 = 17453.2 over 153 frames.
weather030_003 KABILANG NA ANG NA METRO MANILA 
LOG (lattice-best-path[5.5.896~1-8a59]:main():lattice-best-path.cc:99) For utterance weather030_004, best cost 1771.61 + 98121.1 = 99892.7 over 869 frames.
weather030_004 NAKATAAS NGAYON ANG AH TROPICAL CYCLONE WARNING SIGNAL NA RITO EIGHT DIYAN SA MGA PROBINSYA ISABELA QUIRINO NORTHERN AURORA NUEVA VIZCAYAT IFUGAO 
LOG (lattice-best-path[5.5.896~1-8a59]:main():lattice-best-path.cc:99) For utterance weather030_005, best cost 1845.34 + 73385.8 = 75231.1 over 687 frames.
weather030_005 AT MULA PO NGAYONG GABI MGA KAPUSO NA BUKAS EH NAPAKA SUNGIT ALAMIN NG PANAHON ANG INAASAHAN DIYAN SA MGA LUGAR NA NABANGGIT 
LOG (lattice-best-path[5.5.896~1-8a59]:main():lattice-best-path.cc:99) For utterance weather030_006, best cost 3566.77 + 204812 = 208379 over 1884 frames.
weather030_006 SIGNAL NUMBER TWO NAMAN DIYAN SA CAGAYAN ILOCOS NORTE APAYAO ABRA KALINGA ILOCOS SUR MAP AM PROVINCE LA UNION JENNY AT PANGASINAN TARLAC NUEVA ECIJA NORTHERN QUEZON KASAMA ANG POLILLO AH ILAN SOUTHERN AURORA ZAMBALES PAMPANGA AT BULACAN 
LOG (lattice-best-path[5.5.896~1-8a59]:main():lattice-best-path.cc:99) For utterance weather030_007, best cost 1361.94 + 57604.9 = 58966.9 over 523 frames.
weather030_007 PO SUNGIT NA LAGAY NG PANAHON DIN ANG INAASAHAN BUKA O MAMAYANG GABI HANGGANG BUKAS DIYAN SA MGA PROBINSYA NA YAN 
LOG (lattice-best-path[5.5.896~1-8a59]:main():lattice-best-path.cc:99) For utterance weather030_008, best cost 2481.55 + 153288 = 155769 over 1403 frames.
weather030_008 HABANG SIGNAL NUMBER ONE NAMAN DITO SA METRO MANILA SA BATANES STROKE OF ISLANDS KASAMA ANG BABUYAN GROUP OF ISLANDS RIZAL SOUTHERN QUEZON DIYAN SA MAY LAGUNA BATANGAS BATAAN CAVITE AT CAMARINES NORTE 
LOG (lattice-best-path[5.5.896~1-8a59]:main():lattice-best-path.cc:99) For utterance weather030_009, best cost 1390.82 + 73809.6 = 75200.4 over 687 frames.
weather030_009 MGA ULAN AT BUGSO NG HANGIN NAMAN ANG INAASAHAN SIMULA MAMAYA HANGGANG BUKAS SA MGA NABANGGIT NA LUGAR 
LOG (lattice-best-path[5.5.896~1-8a59]:main():lattice-best-path.cc:99) For utterance weather030_010, best cost 2048.72 + 109607 = 111655 over 1011 frames.
weather030_010 AYON SA PAGASA NASA LAYO NA LAMANG THREE HUNDRED TEN KILOMETERS DIYAN SA MAY SILANGAN HILAGANG SILANGAN O EAST NORTH EAST NG CASIGURAN AURORA ANG MATA NG BAGYONG ROSITA 
LOG (lattice-best-path[5.5.896~1-8a59]:main():lattice-best-path.cc:99) For utterance weather030_011, best cost 3053.79 + 160639 = 163692 over 1456 frames.
weather030_011 AT TAGLAY NITO ANG NA PARA LAKAS ANG HA ANG INA ONE HUNDRED FIFTY KILOMETERS PER HOUR MALAPIT SA GITNA AT BUGSO NA HANGGANG ONE HUNDRED EIGHTY FIVE KILOMETERS PER HOUR AT KUMIKILOS ITO PAKANLURAN O WESTWARD SA BILIS NAMAN NA FIFTEEN KILOMETERS PER HOUR 
LOG (lattice-best-path[5.5.896~1-8a59]:main():lattice-best-path.cc:99) For utterance weather030_012, best cost 2663.25 + 120219 = 122882 over 1129 frames.
weather030_012 AT SA TRACK NG PAGASA BUKAS NA PO NG UMAGA TATAMA DIYAN SA MAY SOUTHERN SA MAY LA O NG NORTHERN AURORA AREA YUNG BAGYO AT MAGHAPON DIN ITONG KATAWAN RIN ANG NORTHERN LUZON 
LOG (lattice-best-path[5.5.896~1-8a59]:main():lattice-best-path.cc:99) For utterance weather030_013, best cost 4218.89 + 208989 = 213208 over 1917 frames.
weather030_013 AT MGA KAPUSO AH MAGING I AM READY PO SA BANTA NG ULAN SA E KASAMA NA RITO ANG NA RING NA YAN AT ANG MGA PAGBAHA AT DAAN SA MALALAKAS NA ULAN LALONG LALO NA ITO SA MGA DADAANAN NG NA BAGYO ITONG ISABELA AURORA AYON QUIRINO NUEVA VIZCAYA IFUGAO BENGUET LA UNION AT POSIBLE ANG PANGASINAN 
LOG (lattice-best-path[5.5.896~1-8a59]:main():lattice-best-path.cc:99) For utterance weather030_014, best cost 4065.52 + 187321 = 191387 over 1744 frames.
weather030_014 PATAAS YAN ANG ALON SA HALOS BUONG LUZON MULA YAN SA MAY AH MATA NG NASA NANDITO SA MAY AH CAGAYAN VALLEY ILOCOS REGION DIYAN SA MAY EASTERN VISAYAS YANG NORTHERN EACH EASTERN SAMAR KASAMA NA ANG EASTERN MINDANAO DAHIL AMA PO YAN SA PINAGSANIB NA EPEKTO NUNG BAGYO AT NG MALAKAS NA AMIHAN 
LOG (lattice-best-path[5.5.896~1-8a59]:main():lattice-best-path.cc:99) For utterance weather030_015, best cost 2275.51 + 127541 = 129817 over 1159 frames.
weather030_015 MAY BANTA RIN NG STORM SURGE DIYAN SA MGA PROBINSYA NA ISABELA CAGAYAN DIYAN SA MAY AURORA ILOCOS SUR ILOCOS NORTE AT LA UNION NA POSIBLENG UMABOT NA ANG TATLONG METRO 
LOG (lattice-best-path[5.5.896~1-8a59]:main():lattice-best-path.cc:99) For utterance weather030_016, best cost 1923.66 + 101067 = 102991 over 924 frames.
weather030_016 HINDI NAMAN APEKTADO BAGYO VISAYAS AT MINDANAO AREA O KAPUSO AH MALALAKAS NA ULAN DITO SA MAY LUZON LALONG LALO NA SA NORTHERN AT CENTRAL LUZON 
LOG (lattice-best-path[5.5.896~1-8a59]:main():lattice-best-path.cc:99) For utterance weather030_017, best cost 854.662 + 80621 = 81475.7 over 740 frames.
weather030_017 AT YAN ANG LATEST MULA SA GMA WEATHER AKO PO SI NATHANIEL CRUZ MAGPLANO PARA SIGURADO I AM READY SERBISYONG TOTOO NG GMA NEWS 
LOG (lattice-best-path[5.5.896~1-8a59]:main():lattice-best-path.cc:99) For utterance weather031_001, best cost 1513.22 + 95374.6 = 96887.8 over 851 frames.
weather031_001 ISANG BAGYO ANG NASA LOOB NGAYON NG PHILIPPINE AREA OF RESPONSIBILITY ANG BAGYONG SAMUEL NA INAASAHANG TATAMA SA ILANG LUGAR SA BANSA 
LOG (lattice-best-path[5.5.896~1-8a59]:main():lattice-best-path.cc:99) For utterance weather031_002, best cost 1641.51 + 76525.1 = 78166.7 over 675 frames.
weather031_002 ALAMIN PO NA AT YAN ANG LATEST SA LAGAY NG PANAHON MULA KAY GMA RESIDENT ITO MARTES NATHANIEL CRUZ MANG TANI 
LOG (lattice-best-path[5.5.896~1-8a59]:main():lattice-best-path.cc:99) For utterance weather031_003, best cost 1257.51 + 59844.7 = 61102.2 over 560 frames.
weather031_003 SALAMAT JESSICA MGA KAPUSO MAGING I AM READY PO AH SA MAULANG PANAHON ANG MGA TAGA VISAYAS AT MINDANAO 
LOG (lattice-best-path[5.5.896~1-8a59]:main():lattice-best-path.cc:99) For utterance weather031_004, best cost 1627.5 + 68691.8 = 70319.3 over 642 frames.
weather031_004 SIMULA NGAYONG GABI AT YAN AY DAHIL SA PAPALAPIT NA TROPICAL DEPRESSION SAMUEL ANG UNANG BAGYO SA PINAG NGAYONG NOBYEMBRE 
LOG (lattice-best-path[5.5.896~1-8a59]:main():lattice-best-path.cc:99) For utterance weather031_005, best cost 2109.5 + 115608 = 117718 over 1094 frames.
weather031_005 NAKATAAS ANG STORM SIGNAL NUMBER ONE DIYAN SA MGA PROBINSYA NG SURIGAO DEL NORTE SURIGAO DEL SUR AGUSAN DEL NORTE AGUSAN DEL SUR DINAGAT ISLAND MISAMIS ORIENTAL AT GABI DIN SA MINDANAO 
LOG (lattice-best-path[5.5.896~1-8a59]:main():lattice-best-path.cc:99) For utterance weather031_006, best cost 2479.92 + 154123 = 156603 over 1508 frames.
weather031_006 SIGNAL NUMBER ONE DIN SA MAY AH SAMAR EASTERN SAMAR BILIRAN LEYTE SOUTHERN LEYTE DIYAN SA BOHOL CEBU SIQUIJOR NEGROS ORIENTAL AT NEGROS OCCIDENTAL SA VISAYAS AT SA MASBATE SA LUZON 
LOG (lattice-best-path[5.5.896~1-8a59]:main():lattice-best-path.cc:99) For utterance weather031_007, best cost 3216.05 + 159759 = 162975 over 1529 frames.
weather031_007 NAMATAAN ANG CENTRO NG TROPICAL DEPRESSION SAMUEL SA LAYO LAMANG FIVE HUNDRED FIVE KILOMETERS DIYAN SA MAY SILANGAN NG HINATUAN SURIGAO DEL SUR AT TAGLAY NITO LAKAS NG HANGIN YAN EIGHTY FIVE KILOMETERS PARA OR MALA SA GITNA AT BUGSO NA HANGGANG SIXTY FIVE KILOMETERS PER HOUR 
LOG (lattice-best-path[5.5.896~1-8a59]:main():lattice-best-path.cc:99) For utterance weather031_008, best cost 1384.29 + 72388.2 = 73772.5 over 713 frames.
weather031_008 AT INAASAHAN NA KIKILOS ITO PA HILAGANG KANLURAN O NORTHWEST SA BILIS NAMAN NA TWENTY FIVE KILOMETERS PER HOUR 
LOG (lattice-best-path[5.5.896~1-8a59]:main():lattice-best-path.cc:99) For utterance weather031_009, best cost 2876.71 + 131562 = 134439 over 1289 frames.
weather031_009 AT SA FORECAST TRACK NG PAGASA EH POSIBLENG TUMAMA DIYAN SA MAY DINAGAT ISLAND O SA MAY AH POSIBLE SA LEYTE ANG NA CENTRO NG BAGYONG SAMUEL BUKAS PO YAN AT MAY TSANSA RIN NA LUMAKAS PA ITO BAGO MAG LANDFALL 
LOG (lattice-best-path[5.5.896~1-8a59]:main():lattice-best-path.cc:124) Overall cost per frame is 109.75 = 2.2654 [graph] + 107.485 [acoustic] over 83671 frames.
LOG (lattice-best-path[5.5.896~1-8a59]:main():lattice-best-path.cc:128) Done 66 lattices, failed for 0
# Accounting: time=0 threads=1
# Ended (code 0) at Sat Apr  3 00:21:40 CST 2021, elapsed time 0 seconds
