# lattice-best-path --lm-scale=17 --word-symbol-table=exp/tri1/graph/words.txt "ark:gunzip -c exp/tri1/decode/lat.*.gz|" ark,t:exp/tri1/decode/scoring/17.tra 
# Started at Sun May 16 20:45:08 CST 2021
#
lattice-best-path --lm-scale=17 --word-symbol-table=exp/tri1/graph/words.txt 'ark:gunzip -c exp/tri1/decode/lat.*.gz|' ark,t:exp/tri1/decode/scoring/17.tra 
LOG (lattice-best-path[5.5.896~1-8a59]:main():lattice-best-path.cc:99) For utterance weather001_001, best cost 1041.18 + 53279.1 = 54320.3 over 517 frames.
weather001_001 DALAWANG LOW PRESSURE AREA SA LOOB NG PHILIPPINE AREA OF RESPONSIBILITY O PAR 
LOG (lattice-best-path[5.5.896~1-8a59]:main():lattice-best-path.cc:99) For utterance weather001_002, best cost 1017.17 + 37873.3 = 38890.5 over 370 frames.
weather001_002 ANG MAGPAPAULAN SA MALAKING BAHAGI NG LUZON AT VISAYAS 
LOG (lattice-best-path[5.5.896~1-8a59]:main():lattice-best-path.cc:99) For utterance weather001_003, best cost 970.445 + 30453.1 = 31423.5 over 297 frames.
weather001_003 BASE SA PINAKAHULING WEATHER BULLETIN NG PAGASA 
LOG (lattice-best-path[5.5.896~1-8a59]:main():lattice-best-path.cc:99) For utterance weather001_004, best cost 4174.85 + 184026 = 188201 over 1788 frames.
weather001_004 ANG ISA SA MGA LPA NA ITO AY NASA LAYONG SEVEN HUNDRED FIFTEEN KILOMETERS SILANGAN NG BASCO BATANES ANG IKALAWANG LPA AY NAMATAAN SA LAYONG ONE HUNDRED THIRTY KILOMETERS WEST SOUTHWEST NG IBA ZAMBALES HINAHATAK NITO ANG SOUTHWEST MONSOON O HANGING HABAGAT 
LOG (lattice-best-path[5.5.896~1-8a59]:main():lattice-best-path.cc:99) For utterance weather001_005, best cost 2244.12 + 96196.1 = 98440.2 over 942 frames.
weather001_005 ASAHAN PO NGAYONG ARAW ANG MONSOON RAINS SA METRO MANILA ZAMBALES BATAAN CAVITE BATANGAS PALAWAN AT MINDORO PROVINCES 
LOG (lattice-best-path[5.5.896~1-8a59]:main():lattice-best-path.cc:99) For utterance weather001_006, best cost 2369.27 + 92208.1 = 94577.4 over 892 frames.
weather001_006 MAKARARANAS NAMAN ANG RAINSHOWERS AT THUNDERSTORMS SA BICOL WESTERN VISAYAS AT SA NALALABING BAHAGI NG CENTRAL LUZON CALABARZON AT MIMAROPA 
LOG (lattice-best-path[5.5.896~1-8a59]:main():lattice-best-path.cc:99) For utterance weather001_007, best cost 2614.03 + 103662 = 106276 over 1007 frames.
weather001_007 DAHIL NAMAN SA TROUGH O EXTENSION NG LPA DARANAS NG KALAT-KALAT NA RAINSHOWERS AT THUNDERSTORMS SA CAGAYAN VALLEY CORDILLERA ADMINISTRATIVE REGION AT ILOCOS 
LOG (lattice-best-path[5.5.896~1-8a59]:main():lattice-best-path.cc:99) For utterance weather001_008, best cost 1838.01 + 78918.2 = 80756.2 over 751 frames.
weather001_008 ISOLATED RAINSHOWERS NAMAN ANG IIRAL SA MINDANAO AT NALALABING BAHAGI NG VISAYAS DULOT NG LOCALIZED THUNDERSTORMS 
LOG (lattice-best-path[5.5.896~1-8a59]:main():lattice-best-path.cc:99) For utterance weather002_001, best cost 3386.77 + 125994 = 129380 over 1269 frames.
weather002_001 SA ATIN NAMANG ULAT PANAHON TATLO ANG LOW PRESSURE AREA O LPA NA BINABANTAYAN NG PAGASA ANG UNA YUNG AH MGA SA LAYONG ONE HUNDRED NINE FIVE KILOMETERS TIMOG KANLURAN NG SINAIT ILOCOS SUR 
LOG (lattice-best-path[5.5.896~1-8a59]:main():lattice-best-path.cc:99) For utterance weather008_006, best cost 903.87 + 21621.2 = 22525 over 237 frames.
weather008_006 MERON PO SA NATITIRANG BAHAGI PO NG ATING BANSA 
LOG (lattice-best-path[5.5.896~1-8a59]:main():lattice-best-path.cc:99) For utterance weather008_007, best cost 2477.16 + 91254.4 = 93731.6 over 1000 frames.
weather008_007 KASAMA NA DIYAN YUNG NATITIRANG BAHAGI NG KABISAYAAN AT MINDANAO AY GENERALLY FAIR WEATHER TAYO SA ARAW NA ITO MALIBAN NA LAMANG SA MGA PULO-PULONG MGA PAGULAN O PAGKIDLAT PAGKULOG 
LOG (lattice-best-path[5.5.896~1-8a59]:main():lattice-best-path.cc:99) For utterance weather008_008, best cost 2377.47 + 89095.2 = 91472.6 over 990 frames.
weather008_008 ANG ATIN PONG GALE WARNING AY NAKATAAS PA RIN SA MGA BAYBAYING DAGAT NG BATANES CALAYAN BABUYAN CAGAYAN ISABELA AT NORTHERN COAST PO NG ILOCOS NORTE 
LOG (lattice-best-path[5.5.896~1-8a59]:main():lattice-best-path.cc:99) For utterance weather008_009, best cost 2287.88 + 102056 = 104344 over 1113 frames.
weather008_009 KAYA SA MGA NASABI KONG LUGAR AY HINDI PA RIN PINAPAYAGAN NG PHILIPPINE COAST GUARD NA PUMALAOT ANG ATING MGA KABABAYANG MANGINGISDA SAPAGKAT MAGING MAALON HANGGANG SA NAPAKAALON PA RIN PO NG MGA KARAGATAN DITO 
LOG (lattice-best-path[5.5.896~1-8a59]:main():lattice-best-path.cc:99) For utterance weather008_010, best cost 5706.29 + 261064 = 266770 over 2786 frames.
weather008_010 DUMAKO NAMAN TAYO SA MAGIGING AGWAT NG TEMPERATURA SA IBA'T IBANG LUGAR PO DITO SA PILIPINAS DITO NAMAN SA METRO MANILA INAASAHANG MAGIGING TEMPERATURE FORECAST PO O TEMPERATURE RANGE AY MULA SA TWENTY FOUR HANGGANG SA THIRTY ONE DEGREES CELSIUS SAMANTALA DITO NAMAN SA BAGUIO AY MULA SA FIFTEEN HANGGANG SA TWENTY TWO TAGAYTAY PO AY MULA SA TWENTY HANGGANG SA TWENTY NINE DEGREES CELSIUS HABANG SA PUERTO PRINCESA AY MULA SA TWENTY THREE HANGGANG SA THIRTY ONE DEGREES CELSIUS 
LOG (lattice-best-path[5.5.896~1-8a59]:main():lattice-best-path.cc:99) For utterance weather008_011, best cost 2443.51 + 110433 = 112877 over 1170 frames.
weather008_011 DUMAKO NAMAN TAYO SA CEBU INAASAHANG MAGIGING TEMPERATURE RANGE DOON AY MULA SA TWENTY FOUR HANGGANG SA THIRTY TWO DEGREES CELSIUS SAMANTALA SA ILOILO AY MULA SA TWENTY SIX HANGGANG SA THIRTY ONE DEGREES CELSIUS 
LOG (lattice-best-path[5.5.896~1-8a59]:main():lattice-best-path.cc:99) For utterance weather008_012, best cost 1898.45 + 82112.9 = 84011.3 over 882 frames.
weather008_012 SA DAVAO NAMAN AY MULA SA TWENTY FIVE HANGGANG SA THIRTY THREE DEGREES CELSIUS HABANG SA ZAMBOANGA AY MULA SA TWENTY FOUR HANGGANG SA THIRTY TWO DEGREES CELSIUS 
LOG (lattice-best-path[5.5.896~1-8a59]:main():lattice-best-path.cc:99) For utterance weather008_013, best cost 2450.74 + 70697.1 = 73147.8 over 741 frames.
weather008_013 SA LEYTE PO FOR TODAY AY FIVE TWENTY EIGHT IN THE AFTERNOON SAMANTALANG INAASAHAN NATING SANTOS TOMORROW AY SIX ELEVEN IN THE MORNING 
LOG (lattice-best-path[5.5.896~1-8a59]:main():lattice-best-path.cc:99) For utterance weather008_014, best cost 1088.96 + 47537.6 = 48626.6 over 513 frames.
weather008_014 YAN HO MUNA ANG LATEST MULA DITO SA PAGASA ITO PO SI LORIDIN DELA CRUZ NAG UULAT 
LOG (lattice-best-path[5.5.896~1-8a59]:main():lattice-best-path.cc:99) For utterance weather009_001, best cost 2096.95 + 76771.7 = 78868.6 over 772 frames.
weather009_001 MAGANDANG HAPON AT ITO ANG MAGIGING LAGAY NG ATING AH PANAHON NGAYONG DECEMBER SIX TWO THOUSAND AND SIXTEEN ARAW NG MARTES 
LOG (lattice-best-path[5.5.896~1-8a59]:main():lattice-best-path.cc:99) For utterance weather009_002, best cost 2636.98 + 96666.8 = 99303.7 over 974 frames.
weather009_002 DAHIL SA AMIHAN AY ASAHAN DITO SA ILOCOS REGION CORDILLERA ADMINISTRATIVE REGION AT CAGAYAN VALLEY REGION ANG AH MAULAP NA KALANGITAN NA MAY MAHINANG MGA PAGULAN 
LOG (lattice-best-path[5.5.896~1-8a59]:main():lattice-best-path.cc:99) For utterance weather009_003, best cost 3174.02 + 120583 = 123757 over 1244 frames.
weather009_003 EASTERLIES NAMAN ANG DAHILAN KUNG KAYAT ANG METRO MANILA AT NALALABING BAHAGI NG BANSA AY ASAHANG MAKAKARANAS NG MAALIWALAS NA KALANGITAN MALIBAN SA MGA PULO-PULONG PAGKIDLAT AT PAGKULOG SA HAPON O GABI 
LOG (lattice-best-path[5.5.896~1-8a59]:main():lattice-best-path.cc:99) For utterance weather009_004, best cost 7200.79 + 268607 = 275808 over 2719 frames.
weather009_004 ANG NA INA ATING AMIHAN AY INA INAASAHAN PO NATIN NAGI MAGIGING MAALON HANGGANG SA NAPAKAALON NG KARAGATAN DITO SA SEABOARDS NG NG BATANES CALAYAN NORTHERN COAST NG CAGAYAN AT NORTHERN COAST NG ILOCOS NORTE KAYA PO NAGTAAS PO TAYO DIYAN NG GALE WARNING IBIG SABIHIN BAWAL PUMALAOT ANG ATING MGA KABABAYAN NA MAG GUMAGAMIT PO NG MALILIIT NA SASAKYANG PANDAGAT DAHIL LUBHA PONG MAPANGANIB NGAYON ANG PAGLALAYAG SA BAHAGING YAN NG ATING BANSA 
LOG (lattice-best-path[5.5.896~1-8a59]:main():lattice-best-path.cc:99) For utterance weather009_005, best cost 2627.61 + 88115.5 = 90743.1 over 882 frames.
weather009_005 PARA NAMAN SA MAGIGING LAGAY NG TEMPERATURA SA IBA'T-IBANG SYUDAD PO NG ATING BANSA ITO PO ANG ATING AT TEMPERATURE FORECAST RANGE FOR EACH CITIES 
LOG (lattice-best-path[5.5.896~1-8a59]:main():lattice-best-path.cc:99) For utterance weather009_006, best cost 7408.13 + 335892 = 343300 over 3404 frames.
weather009_006 METRO MANILA MERON PO TAYONG FORECAST TEMPERATURE NA TWENTY FOUR TO THIRTY TWO DEGREES CELSIUS AT DITO NAMAN SA TUGUEGARAO CITY AY MERON PO TAYONG TWENTY TWO TO TWENTY NINE DEGREES CELSIUS SAMANTALA SA BAGUIO CITY AY NASA FIFTEEN TO TWENTY FIVE DEGREES CELSIUS ANG INAASAHANG TEMPERATURA AT FOR LEGAZPI AY MERON TAYONG TWENTY SIX TO THIRTY ONE DEGREES CELSIUS SA METRO CEBU AY INAASAHAN DIN PO NATIN NA TWENTY SIX TO THIRTY ONE DEGREES CELSIUS ANG MAGIGING AGWAT NG TEMPERATURA AT FOR METRO DAVAO WE HAVE TWENTY FIVE TO THIRTY ONE DEGREES CELSIUS 
LOG (lattice-best-path[5.5.896~1-8a59]:main():lattice-best-path.cc:99) For utterance weather009_007, best cost 2228.09 + 72816.3 = 75044.4 over 738 frames.
weather009_007 ANG ARAW PO AY LULUBOG ALAS SINGKO BENTE SAIS NG HAPON AT SISIKAT NAMAN YAN BUKAS ALAS SAIS NUEBE NG UMAGA 
LOG (lattice-best-path[5.5.896~1-8a59]:main():lattice-best-path.cc:99) For utterance weather009_008, best cost 1305.41 + 53068.3 = 54373.7 over 545 frames.
weather009_008 MULA DITO SA WEATHER FORECASTING CENTER NG PAGASA ITO SI GLAIZA ESCOLIAR NAG UULAT 
LOG (lattice-best-path[5.5.896~1-8a59]:main():lattice-best-path.cc:99) For utterance weather010_001, best cost 1076.91 + 50837.1 = 51914 over 438 frames.
weather010_001 ULAT PANAHON NI GMA RESIDENT NATHANIEL MANG TANI 
LOG (lattice-best-path[5.5.896~1-8a59]:main():lattice-best-path.cc:99) For utterance weather010_002, best cost 1470.08 + 59415.2 = 60885.2 over 537 frames.
weather010_002 MGA KAPUSO NAITALA KANINANG UMAGA YUNG PINAKA MABABANG TEMPERATURA SA BANSA NGAYONG AMIHAN SEASON 
LOG (lattice-best-path[5.5.896~1-8a59]:main():lattice-best-path.cc:99) For utterance weather010_003, best cost 997.955 + 40864.9 = 41862.8 over 371 frames.
weather010_003 AYON SA PAGASA BUMAGSAK SA ELEVEN POINT TWO DEGREES CELSIUS 
LOG (lattice-best-path[5.5.896~1-8a59]:main():lattice-best-path.cc:99) For utterance weather010_004, best cost 2707.66 + 84048.3 = 86756 over 786 frames.
weather010_004 ANG TEMPERATURA DIYAN SA MAGBAGO CITY KANINA PO YANG MAG AALAS SINGKO NG UMAGA MGA KAPUSO ITO MAY PINAKA MALAMIG NA TEMPERATURA NGAYONG AMIHAN SEASON 
LOG (lattice-best-path[5.5.896~1-8a59]:main():lattice-best-path.cc:99) For utterance weather010_005, best cost 4577.43 + 151276 = 155853 over 1430 frames.
weather010_005 AT NGAYONG WEEKEND EH POSIBLENG BUMABA PA SA TEN DEGREES CELSIUS O KAYA'Y ILAN NINE DEGREES CELSIUS YUNG TEMPERATURA DIYAN SA BAGYO AH MABABA NAMAN PO ANG TSANSANG UMULAN EH MGA PUPUNTA NG BAGYO EH MAGING I AM READY KAYO SA YUNG MGA JACKET 
LOG (lattice-best-path[5.5.896~1-8a59]:main():lattice-best-path.cc:99) For utterance weather010_006, best cost 2311.91 + 104601 = 106913 over 975 frames.
weather010_006 SA METRO MANILA NASA TWENTY TO TWENTY ONE DEGREES CELSIUS NAMAN ANG POSIBLENG MINIMUM TEMPERATURE AT KATULAD SA BAGUIO WALA RING INAASAHANG ULAN NGAYONG WEEKEND 
LOG (lattice-best-path[5.5.896~1-8a59]:main():lattice-best-path.cc:99) For utterance weather010_007, best cost 6305.57 + 245867 = 252172 over 2322 frames.
weather010_007 SA LUZON MAGIGING MAULAN DIYAN SA MGA REHIYON NG CORDILLERA DIYAN SA MAY CAGAYAN VALLEY SA MGA PROBINSYA NG QUEZON AURORA MAGING SA MINDORO ORIENTAL AT DIYAN SA ILANG BAHAGI NG BICOL REGION BUKAS YAN SABADO HABANG SA LINGGO MAGTUTULOY TULOY YUNG ULAN SA MGA LUGAR SA CAGAYAN VALLEY DIYAN SA MAY AURORA AT NORTHERN QUEZON MAGING SA MINDORO ORIENTAL PERO WALA NASA BICOL REGION CENTRAL LUZON MAGING SA CORDILLERA AT ILOCOS REGION 
LOG (lattice-best-path[5.5.896~1-8a59]:main():lattice-best-path.cc:99) For utterance weather010_008, best cost 9428.86 + 377844 = 387273 over 3608 frames.
weather010_008 SA VISAYAS MAGHAPON MANG MAULAN DITO SA MAY LEYTE AT SAMAR PROVINCES MAGING SA ILANG BAHAGI NG NEGROS PROVINCES BUKAS NAMAN YAN NG HAPON AT MAGTUTULOY TULOY YUNG ULAN DIYAN SA NEGROS AT AKLAN PROVINCES PAGDATING NG LINGGO PERO DITO SA ILANG BAHAGI NG VISAYAS HALOS WALA NG ULAN SA LINGGO SA MINDANAO BUONG ARAW NA MAULAN SA SURIGAO PROVINCES AT DAVAO ORIENTAL YAN MAY ARAW NG SABADO AT SA LINGGO MARAMING LUGAR SA EASTERN MINDANAO YANG AH DAVAO REGION AT CARAGA REGION MAY MGA PAGULAN AT MAULAN NA RIN SA NORTHERN MINDANAO PAGDATING SA HAPON NGAYONG WEEKEND 
LOG (lattice-best-path[5.5.896~1-8a59]:main():lattice-best-path.cc:99) For utterance weather010_009, best cost 4295.33 + 153726 = 158022 over 1427 frames.
weather010_009 APEKTADO RIN ANG MALAKAS NA AMIHAN ANG EASTERN SEABOARD NAMAN NG AH LUZON DITO SA MAY CAGAYAN VALLEY AURORA DIYAN SA MAY BICOL REGION HANGGANG SA MAY SAMAR PROVINCES IBIG SABIHIN PO YAN MATAAS ANG MGA ALON AT DELIKADO SA MGA MAGING 
LOG (lattice-best-path[5.5.896~1-8a59]:main():lattice-best-path.cc:99) For utterance weather010_010, best cost 2946.73 + 96704.8 = 99651.5 over 883 frames.
weather010_010 MGA KAPUSO WAG KAKALIMUTAN HA ANG I AM READY SA DOBOL B ALAS NUEBE THE LESS HISTORY NG UMAGA TUWING SABADO SA SUPER RADYO NA DZ DOBOL B LAGUNA 
LOG (lattice-best-path[5.5.896~1-8a59]:main():lattice-best-path.cc:99) For utterance weather010_011, best cost 1346.06 + 77040.2 = 78386.3 over 732 frames.
weather010_011 AT YAN ANG LATEST MULA SA GMA WEATHER AKO PO SI NATHANIEL CRUZ MAGPLANO PARA SIGURADO I AM READY SERBISYONG TOTOO NG 
LOG (lattice-best-path[5.5.896~1-8a59]:main():lattice-best-path.cc:99) For utterance weather011_001, best cost 1442.23 + 46917 = 48359.2 over 466 frames.
weather011_001 KAPUSO MATINDING INIT ANG NARAMDAMAN SA ILANG LUGAR SA BANSA NGAYONG UNANG ARAW NG MAYO 
LOG (lattice-best-path[5.5.896~1-8a59]:main():lattice-best-path.cc:99) For utterance weather011_002, best cost 7585.3 + 332311 = 339897 over 3290 frames.
weather011_002 SA DATOS NG PAGASA EH PUMALO SA FORTY SIX POINT NINE DEGREES CELSIUS YUNG INIT FACTOR DIYAN SA MAY CASIGURAN AURORA AT KANINANG ALAS DOS YAN NG HAPON UMABOT NAMAN SA FORTY SIX POINT THREE DEGREES CELSIUS ANG DAMANG INIT DIYAN SA MAY GIWAN EASTERN SAMAR ALAS ONSE NG UMAGA MGA KAPUSO HABANG FORTY FIVE POINT SIX DEGREES CELSIUS NAMAN DIYAN SA MAY DAGUPAN PANGASINAN AT SA METRO MANILA NASA FORTY DEGREES CELSIUS YUNG DAMANG INIT KANINANG ALAS DOS AT ALAS QUATRO NG HAPON PERO SA NAIA UMABOT NASA FORTY TWO POINT THREE DEGREES CELSIUS ANG INIT FACTOR 
LOG (lattice-best-path[5.5.896~1-8a59]:main():lattice-best-path.cc:99) For utterance weather011_003, best cost 3031.21 + 122981 = 126012 over 1228 frames.
weather011_003 AT MANATILING I AM READY BUKAS DAHIL POSIBLENG AH MARAMDAMAN MULI YUNG FORTY DEGREES CELSIUS NA INIT FACTOR DITO SA METRO MANILA PERO MGA KAPUSO AH ASAHAN ANG THUNDERSTORM SA HAPON AT SA GABI 
LOG (lattice-best-path[5.5.896~1-8a59]:main():lattice-best-path.cc:99) For utterance weather011_004, best cost 3108.1 + 109826 = 112934 over 1113 frames.
weather011_004 SA LUZON MAGHAPONG MAY ULAN SA MAY NORTHERN LUZON LALO DIYAN SA MAY CORDILLERA SA MGA PROBINSYA NG AURORAT QUEZON AT MAULAN NA RIN SA MAY CENTRAL LUZON CALABARZON AT MINDORO PAGDATING SA HAPON 
LOG (lattice-best-path[5.5.896~1-8a59]:main():lattice-best-path.cc:99) For utterance weather011_005, best cost 1810.3 + 76730.1 = 78540.4 over 778 frames.
weather011_005 SA VISAYAS WALANG ULAN SA UMAGA AT SA NEGROS PROVINCES AT DIYAN SA MAY LEYTE MAY MGA PAGULAN PAGDATING SA HAPON 
LOG (lattice-best-path[5.5.896~1-8a59]:main():lattice-best-path.cc:99) For utterance weather011_006, best cost 2787.55 + 111495 = 114283 over 1123 frames.
weather011_006 AT SA MINDANAO MAGHAPONG MAULAN SA REHIYON NG SOCSARGEN AT MAULAN NA RIN SA HALOS BUONG MINDANAO NA KUNG MINSAN MALALAKAS MGA KAPUSO MALIBAN DIYAN SA MAY REHIYON NG CARAGA SA HAPON 
LOG (lattice-best-path[5.5.896~1-8a59]:main():lattice-best-path.cc:99) For utterance weather011_007, best cost 1261.08 + 78475.6 = 79736.7 over 782 frames.
weather011_007 AT YAN ANG LATEST MULA SA GMA WEATHER AKO PO SI NATHANIEL CRUZ MAGPLANO PARA SIGURADO I AM READY SERBISYONG TOTOO NG GMA NEWS 
LOG (lattice-best-path[5.5.896~1-8a59]:main():lattice-best-path.cc:99) For utterance weather012_001, best cost 936.562 + 34120.4 = 35057 over 327 frames.
weather012_001 NAGPAPATULOY PONG ALINSANGAN SA IBA'T-IBANG BAHAGI NG BANSA 
LOG (lattice-best-path[5.5.896~1-8a59]:main():lattice-best-path.cc:99) For utterance weather012_002, best cost 3464.7 + 133757 = 137222 over 1292 frames.
weather012_002 HAPON NAITALA NG PAGASA ANG FORTY SEVEN POINT NINE DEGREES CELSIUS NA INIT FACTOR SA COTABATO CITY FORTY FOUR POINT SIX DEGREES CELSIUS NAMAN SA DAGUPAN CITY PANGASINAN HABANG FORTY THREE POINT EIGHT DEGREES CELSIUS SA TUGUEGARAO CITY CAGAYAN 
LOG (lattice-best-path[5.5.896~1-8a59]:main():lattice-best-path.cc:99) For utterance weather012_003, best cost 3462.05 + 160162 = 163624 over 1567 frames.
weather012_003 BUKAS POSIBLENG PUMALO SA FORTY TWO DEGREES CELSIUS ANG INIT FACTOR SA DAGUPAN FORTY ONE DEGREES CELSIUS NAMAN SA COTABATO FORTY DEGREES CELSIUS SA TUGUEGARAO THIRTY NINE DEGREES CELSIUS AT CATBALOGAN AT ZAMBOANGA CITY ANG FORTY DEGREES CELSIUS SA SUBIC BAY ZAMBALES 
LOG (lattice-best-path[5.5.896~1-8a59]:main():lattice-best-path.cc:99) For utterance weather012_004, best cost 1348.47 + 55145.9 = 56494.4 over 535 frames.
weather012_004 DITO PO SA METRO MANILA ASAHAN DING MAGING MAALINSANGAN SA FORTY DEGREES CELSIUS NA INIT FACTOR 
LOG (lattice-best-path[5.5.896~1-8a59]:main():lattice-best-path.cc:99) For utterance weather013_001, best cost 2545.88 + 76819 = 79364.9 over 719 frames.
weather013_001 MGA KAPUSO WALANG BAGYONG NABUO SA BANSA NGAYONG NA ABRIL AT NAGING MABABA RIN ANG DAMI NG ULAN NA EPEKTO PO YAN NG NG GMA NEWS 
LOG (lattice-best-path[5.5.896~1-8a59]:main():lattice-best-path.cc:99) For utterance weather013_002, best cost 2479.61 + 79668.7 = 82148.3 over 768 frames.
weather013_002 AT NGAYONG PAPASOK NG BUWAN NG MAYO EH POSIBLENG MGA KAPUSO MABAWASAN ANG MGA LUGAR NA APEKTADO NG DROUGHT AT DRY SPELL 
LOG (lattice-best-path[5.5.896~1-8a59]:main():lattice-best-path.cc:99) For utterance weather013_003, best cost 4063.79 + 125663 = 129727 over 1197 frames.
weather013_003 SA PAGASA WALA NG DROUGHT SA MINDANAO PAGKATAPOS NG PO NG MAYO PERO MAY MGA APEKTADO PA RIN NA LUGAR SA LUZON GAYA NA LAMANG NG BICOL REGION AT ILANG LUGAR DIYAN SA VISAYAS ITO YUNG EASTERN VISAYAS 
LOG (lattice-best-path[5.5.896~1-8a59]:main():lattice-best-path.cc:99) For utterance weather013_004, best cost 4848.42 + 188741 = 193590 over 1817 frames.
weather013_004 AT SA LAGAY NG PANAHON BUKAS WALA PA RING INAASAHANG ULAN DIYAN SA MALAKING BAHAGI NG LUZON BUKAS PERO PAGDATING NG HAPON MAY ULAN SA ILOCOS REGION CORDILLERA CAGAYAN VALLEY AT SA MGA PROBINSYA NG DIYES SA MGA LESS TARLAC DIYAN SA MAY NUEVA ECIJA KASAMA NG AURORA PAGDATING SA HAPON 
LOG (lattice-best-path[5.5.896~1-8a59]:main():lattice-best-path.cc:99) For utterance weather013_005, best cost 4332.72 + 152849 = 157182 over 1465 frames.
weather013_005 AT DIYAN SA NORZAGARAY BULACAN KUNG SAAN NANDOON ANG ANGAT DAM EH WALA PA RING INAASAHANG ULAN BUKAS PERO POSIBLE PONG UMULAN SA HUWEBES AT SABADO PERO MGA KAPUSO AH MGA MAHIHINANG PAGULAN YAN NA HALOS HINDI MARARAMDAMAN YUNG PAGTAAS NG LEBEL NG TUBIG 
LOG (lattice-best-path[5.5.896~1-8a59]:main():lattice-best-path.cc:99) For utterance weather013_006, best cost 1953.57 + 92031.6 = 93985.1 over 893 frames.
weather013_006 SA METRO MANILA NASA THIRTY NINE DEGREES CELSIUS ANG INIT FACTOR NATIN BUKAS AT MAARAW WALA PA RING ULAN MAGHAPON 
LOG (lattice-best-path[5.5.896~1-8a59]:main():lattice-best-path.cc:99) For utterance weather013_007, best cost 2699.34 + 103305 = 106004 over 995 frames.
weather013_007 SA VISAYAS MAAYOS ANG PANAHON SA UMAGA PERO MAY ULAN NA SA WESTERN VISAYAS LALO NA SA MAY NEGROS PROVINCES AT DIYAN SA MAY AH CEBU AT BOHOL PAGDATING NAMAN HAPON 
LOG (lattice-best-path[5.5.896~1-8a59]:main():lattice-best-path.cc:99) For utterance weather013_008, best cost 2674.63 + 106474 = 109148 over 1023 frames.
weather013_008 MAGHAPON MANG MAULAN SA MGA REHIYON NG NORTHERN MINDANAO AT DAVAO REGION AT MAGING I AM READY PO SA THUNDERSTORM NA KUNG MINSAN MALALAKAS MGA KULAY ORANGE YAN PAGDATING SA HAPON 
LOG (lattice-best-path[5.5.896~1-8a59]:main():lattice-best-path.cc:99) For utterance weather013_009, best cost 2848.73 + 110168 = 113017 over 1074 frames.
weather013_009 AT SA DATOS EIGHTY MGA KAPUSO SAAN GINAGANAP ANG PALARONG PAMBANSA MAGHAPON NA MAKAKARANAS NG PAGULAN AT NASA FORTY DEGREES CELSIUS YUNG POSIBLENG INIT FACTOR 
LOG (lattice-best-path[5.5.896~1-8a59]:main():lattice-best-path.cc:99) For utterance weather013_010, best cost 1233.51 + 78452.7 = 79686.2 over 748 frames.
weather013_010 AT YAN ANG LATEST MULA SA GMA WEATHER AKO PO SI NATHANIEL CRUZ MAGPLANO PARA SIGURADO I AM READY SERBISYONG TOTOO NG GMA NEWS 
LOG (lattice-best-path[5.5.896~1-8a59]:main():lattice-best-path.cc:99) For utterance weather014_001, best cost 1128 + 51242.2 = 52370.2 over 426 frames.
weather014_001 WALANG BAGYONG NAMAMATAAN SA LOOB O LABAS NG PHILIPPINE AREA OF RESPONSIBILITY 
LOG (lattice-best-path[5.5.896~1-8a59]:main():lattice-best-path.cc:99) For utterance weather014_002, best cost 1394.69 + 52963.1 = 54357.8 over 447 frames.
weather014_002 EASTERLIES ANG PANGUNAHING WEATHER SYSTEM NA NAKAKAAPEKTO NGAYON SA MARAMING LUGAR SA BANSA 
LOG (lattice-best-path[5.5.896~1-8a59]:main():lattice-best-path.cc:99) For utterance weather014_003, best cost 1531.77 + 58074.5 = 59606.3 over 489 frames.
weather014_003 MANILA SA SILANGANG BAHAGI NG LUZON VISAYAS AT MINDANAO AYON PO YAN SA PAGASA 
LOG (lattice-best-path[5.5.896~1-8a59]:main():lattice-best-path.cc:99) For utterance weather014_004, best cost 2648.77 + 108414 = 111063 over 917 frames.
weather014_004 BUKAS MAGIGING MAULAP AT MAALINSANGAN DITO SA METRO MANILA PERO BASE SA DATOS NG METRAWEATHER POSIBLE PA RIN ANG ULAN O KAYA'Y THUNDERSTORMS SA ILANG BAHAGI NG AH MANILA 
LOG (lattice-best-path[5.5.896~1-8a59]:main():lattice-best-path.cc:99) For utterance weather014_005, best cost 1266.79 + 40645.1 = 41911.9 over 346 frames.
weather014_005 UMAGA PA LANG MAKARARANAS NAMAN ULAN NG SOUTHERN LUZON AT VISAYAS 
LOG (lattice-best-path[5.5.896~1-8a59]:main():lattice-best-path.cc:99) For utterance weather014_006, best cost 1482.3 + 55850.2 = 57332.5 over 481 frames.
weather014_006 ASAHAN NAMAN ANG HANGGANG MATITINDING BUHOS NG ULAN SA MINDANAO PAGSAPIT NG HAPON AT GABI 
LOG (lattice-best-path[5.5.896~1-8a59]:main():lattice-best-path.cc:99) For utterance weather015_001, best cost 1295.11 + 47671.6 = 48966.8 over 433 frames.
weather015_001 MGA KAPUSO KAKAIBANG INIT ANG NARAMDAMAN DIYAN SA PANGASINAN SA DATOS NG PAGASA 
LOG (lattice-best-path[5.5.896~1-8a59]:main():lattice-best-path.cc:99) For utterance weather015_002, best cost 4043.17 + 169112 = 173155 over 1487 frames.
weather015_002 PUMALO SA FORTY EIGHT POINT TWO DEGREES CELSIUS YUNG INIT FACTOR SA DAGUPAN PANGASINAN KAHAPON NG HAPON HABANG NASA FORTY FOUR POINT FIVE DEGREES CELSIUS NAMAN YUNG DAMANG INIT KANINANG HAPON YUNG MGA GANYANG KAALINSANGAN MGA KAPUSO AH POSIBLE PONG HEAT STRESS AT HEAT STROKE 
LOG (lattice-best-path[5.5.896~1-8a59]:main():lattice-best-path.cc:99) For utterance weather015_003, best cost 955.805 + 33103.3 = 34059.1 over 296 frames.
weather015_003 AT MAGING I AM READY PA RIN SA MAALINSANGANG PANAHON BUKAS 
LOG (lattice-best-path[5.5.896~1-8a59]:main():lattice-best-path.cc:99) For utterance weather015_004, best cost 5602.83 + 245223 = 250825 over 2214 frames.
weather015_004 SA DATOS NG METRAWEATHER NASA FORTY ONE DEGREES CELSIUS YUNG INIT FACTOR DIYAN SA DAGUPAN NASA FORTY DEGREES CELSIUS NAMAN YUNG DAMANG INIT POSIBLE SA TUGUEGARAO AT CABANATUAN AT THIRTY NINE DEGREES CELSIUS NAMAN DIYAN SA MAY CATBALOGAN AT TAGBILARAN SA VISAYAS AT SA MAY GENERAL SANTOS SA MINDANAO HABANG FORTY TWO DEGREES CELSIUS MGA KAPUSO ANG POSIBLENG DAMANG INIT DIYAN SA MAY COTABATO CITY 
LOG (lattice-best-path[5.5.896~1-8a59]:main():lattice-best-path.cc:99) For utterance weather015_005, best cost 2728.33 + 101263 = 103991 over 927 frames.
weather015_005 SA METRO MANILA POSIBLENG UMABOT NAMAN SA THIRTY SEVEN DEGREES CELSIUS YUNG DAMANG INIT AT BAHAGYANG MAULAP PA RIN PERO WALA PONG ULAN NA INAASAHAN SA MAGHAPON 
LOG (lattice-best-path[5.5.896~1-8a59]:main():lattice-best-path.cc:99) For utterance weather015_006, best cost 3078.97 + 120823 = 123902 over 1100 frames.
weather015_006 MAY SAMAR PANAHON SA LUZON BUKAS NG UMAGA PERO ASAHAN ANG ULAN DIYAN SA MAY CORDILLERA ILOCOS REGION SA MAY AH PROBINSYA NG CAGAYAN ISABELA DIYAN SA MAY ZAMBALES AT AURORA PAGDATING SA HAPON 
LOG (lattice-best-path[5.5.896~1-8a59]:main():lattice-best-path.cc:99) For utterance weather015_007, best cost 2620.47 + 112638 = 115259 over 1036 frames.
weather015_007 SA VISAYAS WALANG ULAN SA UMAGA PERO PAGDATING NG HAPON MAY ULAN DIYAN SA MAY EASTERN SAMAR SAMAR AT PAGDATING SA HAPON DIN KASAMA NA ANG LEYTE PROVINCES 
LOG (lattice-best-path[5.5.896~1-8a59]:main():lattice-best-path.cc:99) For utterance weather002_002, best cost 2130.17 + 96168.6 = 98298.8 over 961 frames.
weather002_002 ANG IKALAWA NAMAN AY NASA THREE HUNDRED EIGHTY FIVE KILOMETERS SILANGAN NG APARRI CAGAYAN HABANG IKATLO AY NASA LABAS NG PHILIPPINE AREA OF RESPONSIBILITY 
LOG (lattice-best-path[5.5.896~1-8a59]:main():lattice-best-path.cc:99) For utterance weather002_003, best cost 2525.48 + 93640.6 = 96166.1 over 949 frames.
weather002_003 NAMATAAN ITO SA LAYONG ONE THOUSAND ONE HUNDRED TWENTY KILOMETERS EAST NG MINDANAO AYON SA PAGASA MABABA ANG TSANSANG NA MAGIGING BAGYO ANG TATLONG LPA 
LOG (lattice-best-path[5.5.896~1-8a59]:main():lattice-best-path.cc:99) For utterance weather002_004, best cost 7026.85 + 316643 = 323670 over 3153 frames.
weather002_004 AT NARITO NAMAN ANG MAGIGING TEMPERATURA SA ILANG PILING LUGAR SA BANSA SA LUZON MAGIGING PINAKA MAINIT PA RIN SA TUGUEGARAO CITY KUNG SAAN PAPALO SA FORTY TWO DEGREES CELSIUS ANG HEAT INDEX SA VISAYAS PINAKAMATAAS NA INIT ANG MARARAMDAMANG SA DUMAGUETE THIRTY NINE DEGREES CELSIUS AT SA MINDANAO PINAKA MAINIT SA GENERAL SANTOS CITY KUNG SAAN NASA FORTY TWO DEGREES CELSIUS ANG MAXIMUM HEAT INDEX HABANG SA METRO MANILA INAASAHAN PAPALO SA FORTY ONE DEGREES CELSIUS ANG HEAT INDEX 
LOG (lattice-best-path[5.5.896~1-8a59]:main():lattice-best-path.cc:99) For utterance weather002_005, best cost 2424.42 + 87683.6 = 90108 over 859 frames.
weather002_005 MANATILING NAKATUTOK ABS-CBN ANC DZMM NEWS DOT ABS DASH CBN DOT COM AT PATROL GABI PARA SA IBA PANG NAGBABAGANG BALITA AKO PO SI STANLEY PALISADA 
LOG (lattice-best-path[5.5.896~1-8a59]:main():lattice-best-path.cc:99) For utterance weather003_001, best cost 2060.36 + 96474.2 = 98534.6 over 1016 frames.
weather003_001 MAGANDANG ARAW PO SA ATING LAHAT WELCOME PO SA WEATHER FORECASTING SECTION NG PAGASA AT NARITO NA NGA ANG LATEST SA LAGAY NG ATING PANAHON NGAYONG ARAW NG MARTES ALAS SINGKO NG UMAGA 
LOG (lattice-best-path[5.5.896~1-8a59]:main():lattice-best-path.cc:99) For utterance weather003_002, best cost 6445.57 + 247057 = 253502 over 2581 frames.
weather003_002 UPDATE MULA SA NA BINABANTAYAN ATING BAGYO NASA WEST PHILIPPINE SEA NA PO ANG MATA NITO SI BAGYONG NINA AT KANINA NGAY HULI ITONG NAMATAAN SA LAYONG THREE HUNDRED SIXTY KILOMETERS KANLURAN NG IBA ZAMBALES AT NANATILI PO ITONG NASA TYPHOON CATEGORY TAGLAY PA RIN ANG LAKAS NG HANGIN UMAABOT SA ONE HUNDRED TWENTY KILOMETERS PER HOUR MALAPIT SA GITNA AT PAGBUGSO PO NG HANGIN UMAABOT SA SA ONE HUNDRED FIFTY KILOMETERS PER HOUR 
LOG (lattice-best-path[5.5.896~1-8a59]:main():lattice-best-path.cc:99) For utterance weather003_003, best cost 1637.5 + 59641 = 61278.5 over 624 frames.
weather003_003 TINATAYA PONG KIKILOS ITO SA DIRECTION PAKANLURAN SA BILIS NA SEVENTEEN KILOMETERS PER HOUR 
LOG (lattice-best-path[5.5.896~1-8a59]:main():lattice-best-path.cc:99) For utterance weather003_004, best cost 3189.81 + 99365.5 = 102555 over 1062 frames.
weather003_004 AT KUNG HINDI PO MAGBAGO ANG BILIS NG TAKBO AT DIRECTION PO NITONG SI BAGYONG NINA INAASAHAN NATIN THAT LATE EVENING TODAY AY NASA LABAS NA PO ITO NG ATING AREA OF RESPONSIBILITY 
LOG (lattice-best-path[5.5.896~1-8a59]:main():lattice-best-path.cc:99) For utterance weather003_005, best cost 6513.73 + 224539 = 231053 over 2377 frames.
weather003_005 BAGAMAT WALA PO TAYONG NAKATAAS NGAYON ANG TROPICAL CYCLONE WARNING SIGNAL SA NG BAHAGI PO NG ATING KALUPAAN AY NANANATILI PONG MAKARANAS NG MAULAP NA KALANGITAN NA MAY MAHINANG MGA PAGULAN NG CAGAYAN VALLEY REGION DULOT PA RIN PO YAN NG NORTHEAST MONSOON O YUNG HANGING AMIHAN NA UMIIRAL SA HILAGANG LUZON SAMANTALANG ILOCOS REGION NAMAN KASAMA PO ANG CORDILLERA AY MAKAKARANAS NG MGA PULO-PULONG MAHIHINANG MGA PAG ULAN 
LOG (lattice-best-path[5.5.896~1-8a59]:main():lattice-best-path.cc:99) For utterance weather003_006, best cost 2919.02 + 105445 = 108364 over 1116 frames.
weather003_006 NEWS NAMAN FOR METRO MANILA AND FOR THE REST OF THE COUNTRY DAHIL INAASAHAN PO NATING GENERAL FAIR WEATHER AASAHAN NATIN NGAYON MALIBAN NA LAMANG SA MGA PULO-PULONG MGA PAGULAN O PAGKIDLAT PAGKULOG 
LOG (lattice-best-path[5.5.896~1-8a59]:main():lattice-best-path.cc:99) For utterance weather003_007, best cost 6778.11 + 261064 = 267842 over 2779 frames.
weather003_007 PAALALA PA RIN PO SA LAHAT PO NG ATING MGA KABABAYANG MANGINGISDA NAKATAAS PA RIN PO ANG ATING GALE WARNING SA LAHAT NG BAYBAYING DAGAT DOON SA NORTHERN LUZON KASAMA NA PO ANG MGA BAYBAYING DAGAT SA E SA ZAMBALES AT BATAAN KAYA HINDI PA RIN PINAPAYAGAN PHILIPPINE COAST GUARD NA PUMALAOT ANG ATING MGA KABABAYANG MANGINGISDA DITO LALONG LALO NA PO NO YUNG MGA GUMAGAMIT NG MALILIIT NA SASAKYANG PANDAGAT SAPAGKAT MAGIGING MAALON HANGGANG SA NAPAKAALON PA RIN PO NG MGA KARAGATAN DITO 
LOG (lattice-best-path[5.5.896~1-8a59]:main():lattice-best-path.cc:99) For utterance weather003_008, best cost 8129.36 + 328942 = 337072 over 3494 frames.
weather003_008 DUMAKO NAMAN TAYO SA MAGIGING AGWAT NG TEMPERATURA SA MGA PILING LUGAR DITO SA PILIPINAS INAASAHAN PO NATIN NA SA METRO MANILA AY BAHAGING TATAAS NA PO ANG TEMPERATURA DAHIL FAIR WEATHER NGA PO TAYO SA ARAW NA ITO MULA PO TWENTY FIVE HANGGANG SA THIRTY ONE DEGREES CELSIUS ANG ATING INAASAHANG MAGIGING TEMPERATURA SAMANTALANG DOON NAMAN SA BAGUIO AY MULA SA SIXTEEN HANGGANG SA TWENTY THREE DEGREES CELSIUS DOON NAMAN PO SA TAGAYTAY AY INAASAHAN NATIN MULA SA TWENTY ONE HANGGANG SA TWENTY EIGHT DEGREES CELSIUS ANG MAGIGING AGWAT NG TEMPERATURA SAMANTALANG TWENTY FIVE HANGGANG SA THIRTY TWO DEGREES CELSIUS NAMAN SA PUERTO PRINCESA 
LOG (lattice-best-path[5.5.896~1-8a59]:main():lattice-best-path.cc:99) For utterance weather003_009, best cost 4169.5 + 179130 = 183300 over 1883 frames.
weather003_009 DOON NAMAN PO SA METRO DA METRO CEBU AY MULA SA TWENTY SIX HANGGANG SA THIRTY TWO DEGREES CELSIUS SAMANTALANG TWENTY SIX HANGGANG THIRTY ONE DEGREES CELSIUS NAMAN SA ILOILO AT TWENTY SIX HANGGANG THIRTY TWO DEGREES CELSIUS PO SA METRO DAVAO AT TWENTY FOUR HANGGANG SA THIRTY THREE DEGREES CELSIUS NAMAN DOON PO SA ZAMBOANGA CITY 
LOG (lattice-best-path[5.5.896~1-8a59]:main():lattice-best-path.cc:99) For utterance weather003_010, best cost 2487.51 + 88448.3 = 90935.9 over 943 frames.
weather003_010 ANG SUNRISE PO NATIN NGAYON IS SIX NINETEEN IN THE MORNING SAMANTALANG INAASAHAN DIN PO NATIN LULUBOG ANG ARAW SA GANAP NA ALAS SINGKO TRENTAY SINGKO NG HAPON 
LOG (lattice-best-path[5.5.896~1-8a59]:main():lattice-best-path.cc:99) For utterance weather003_011, best cost 1001.19 + 40928.7 = 41929.8 over 441 frames.
weather003_011 YAN NA PO ANG LATEST MULA DITO SA PAGASA ITO PO SI LORIDIN DELA CRUZ 
LOG (lattice-best-path[5.5.896~1-8a59]:main():lattice-best-path.cc:99) For utterance weather004_001, best cost 4875.54 + 176969 = 181844 over 1879 frames.
weather004_001 MAGANDANG PAGBATI SA ATING MGA TAGA PANOOD AT PARA NGA DITO SA NILALAMAN NG ATING FIVE PM WEATHER FORECAST NGAYONG DECEMBER EIGHT TWO THOUSAND SIXTEEN AY PARA PO DITO IEXPLAIN PO NATIN KUNG BAKIT PO ITONG ANG NAFORECAST PO NATIN NA MAGIGING TAYA NG PANAHON SA LOOB NG BENTE QUATRO ORAS 
LOG (lattice-best-path[5.5.896~1-8a59]:main():lattice-best-path.cc:99) For utterance weather004_002, best cost 2875.91 + 97416.3 = 100292 over 1024 frames.
weather004_002 O DITO PO SA ATING HIMAWARI IMAGE AY KUNG MAPAPANSIN NYO MERON PO TAYONG TAIL END OF A COLD PO NG MASS NA NAKAKAAPEKTO PO YAN DITO SA SILANGANG BAHAGI NG ATING LUZON 
LOG (lattice-best-path[5.5.896~1-8a59]:main():lattice-best-path.cc:99) For utterance weather004_003, best cost 4307.43 + 174722 = 179029 over 1852 frames.
weather004_003 SA SA LOOB O NG DALAWANG HANGIN ISANG YUNG EASTERLIES AT ITONG NORTHEAST MONSOON DAHIL DIYAN ASAHAN NATIN METRO MANILA PROBINSYA NG CAGAYAN ISABELA NUEVA VIZCAYA QUIRINO RIZAL QUEZON KASAMA NA ITONG BUONG REHIYON NG CENTRAL LUZON AT CORDILLERA 
LOG (lattice-best-path[5.5.896~1-8a59]:main():lattice-best-path.cc:99) For utterance weather004_004, best cost 1598.43 + 73277.9 = 74876.3 over 784 frames.
weather004_004 MAKARANAS YAN NG MAULAP NA KALANGITAN NA MAY KASAMA YANG MAHINA HANGGANG SA KATAMTAMANG MGA PAGULAN AT MGA PAGKIDLAT AT PAGKULOG 
LOG (lattice-best-path[5.5.896~1-8a59]:main():lattice-best-path.cc:99) For utterance weather004_005, best cost 2431.52 + 88574.6 = 91006.2 over 930 frames.
weather004_005 SAMANTALANG DITO SA NATITIRANG BAHAGI NG CAGAYAN VALLEY ITONG PROBINSYA NG BATANES AT KALAYAAN GROUPS OF ISLAND AT DITO SA REHIYON NG ILOCOS REGION 
LOG (lattice-best-path[5.5.896~1-8a59]:main():lattice-best-path.cc:99) For utterance weather004_006, best cost 287.983 + 4907.66 = 5195.64 over 50 frames.
weather004_006 AY 
LOG (lattice-best-path[5.5.896~1-8a59]:main():lattice-best-path.cc:99) For utterance weather004_007, best cost 1846.16 + 61784.7 = 63630.9 over 651 frames.
weather004_007 DAHIL SA NORTHEAST MONSOON MAKAKARANAS AMIHAN NG MAULAP NA KALANGITAN NA MAY KASAMA LAMANG YANG MGA LIGHT RAINS 
LOG (lattice-best-path[5.5.896~1-8a59]:main():lattice-best-path.cc:99) For utterance weather004_008, best cost 4807.54 + 182895 = 187703 over 1962 frames.
weather004_008 SAMANTALANG NATITIRANG BAHAGI NG ATING BANSA ITONG NATITIRANG BAHAGI NG SOUTHERN LUZON BUONG KABISAYAAN BUONG MINDANAO MAGIGING MAGANDA ANG ATING TAYA NG PANAHON SA UMAGA PERO PAMINSAN MINSAN MAGKAKAROON PO TAYO NG PULO-PULONG MGA PAGKIDLAT AT PAGKULOG NGUNIT AT ANG ATING MGA LOCALIZE THUNDERSTORM NGUNIT ITO'Y PANANDALIAN LAMANG 
LOG (lattice-best-path[5.5.896~1-8a59]:main():lattice-best-path.cc:99) For utterance weather004_009, best cost 2681.34 + 92399.2 = 95080.6 over 982 frames.
weather004_009 SAMANTALANG ANG ATING LAGAY NG KARAGATAN NG PAMINSAN NORTHEAST MONSOON NA NAKAKAAPEKTO DITO SA EXTREME NORTHERN LUZON PO DITO SA MAY DULONG HILAGANG LUZON 
LOG (lattice-best-path[5.5.896~1-8a59]:main():lattice-best-path.cc:99) For utterance weather004_010, best cost 3429.03 + 141273 = 144702 over 1518 frames.
weather004_010 ASAHAN NATIN NAMAN MERON TAYONG GALE WARNING DITO SA MGA BAYBAYIN NG BATANES CALAYAN BABUYAN HILAGANG BAYBAYIN NG CAGAYAN AT DITO SA PROBINSYA NG ILOCOS NORTE ILOCOS SUR LA UNION AT PANGASINAN 
LOG (lattice-best-path[5.5.896~1-8a59]:main():lattice-best-path.cc:99) For utterance weather004_011, best cost 2146.01 + 82548.5 = 84694.5 over 880 frames.
weather004_011 HINDI PO NATIN PINAPAYAGANG PUMALAOT YUNG MGA MALILIIT NA SASAKYANG PANDAGAT PERO YUNG MALALAKI AY PINAPAYUHANG MAG INGAT SA MGA MALALAKING ALON 
LOG (lattice-best-path[5.5.896~1-8a59]:main():lattice-best-path.cc:99) For utterance weather004_012, best cost 1511.04 + 56544.4 = 58055.5 over 596 frames.
weather004_012 AT YAN ANG ATING LATEST UPDATE MULA DITO SA PAGASA WEATHER FORECASTING CENTER SHERYL IGNACIO NAG UULAT 
LOG (lattice-best-path[5.5.896~1-8a59]:main():lattice-best-path.cc:99) For utterance weather005_001, best cost 1191.3 + 55085.3 = 56276.6 over 579 frames.
weather005_001 MAGANDANG ARAW PO SA ATING LAHAT NARITO ANG PINAKAHULING ULAT SA LAGAY NG ATING PANAHON NGAYONG ALAS SINGKO NG HAPON 
LOG (lattice-best-path[5.5.896~1-8a59]:main():lattice-best-path.cc:99) For utterance weather005_002, best cost 5840.27 + 238388 = 244228 over 2513 frames.
weather005_002 TATLONG WEATHER SYSTEM ANG SA KASALUKUYAN AY NAKAKAAPEKTO SA PHILIPPINE LAND MASS AT ISA NA NGA PO DIYAN YUNG TINATAWAG NATING TAIL END OF A COLD FRONT NA SA NGAYON AY NAKAKAAPEKTO SA SILANGANG BAHAGI NG CENTRAL AT SOUTHERN LUZON KAYAT ASAHAN PA RIN HO NATIN ANG MAHINA HANGGANG SA KATAMTAMANG MGA PAGULAN AT PAGKIDLAT PAGKULOG SA KAMAYNILAAN SA MGA LUGAR PO NG SOUTHERN LUZON EXCEPT FOR PALAWAN AT SA LALAWIGAN NG AURORA 
LOG (lattice-best-path[5.5.896~1-8a59]:main():lattice-best-path.cc:99) For utterance weather005_003, best cost 6476.21 + 250723 = 257199 over 2638 frames.
weather005_003 SAMANTALA TROUGH BAGONG LOW PRESSURE AREA NAMAN ITO PONG LOW PRESSURE AREA HANGGANG SA NGAYON AY NASA LABAS PA RIN ANG ATING IINGAT NGUNIT YUNG KANYANG TROUGH O BUNTOT AY PATULOY NA NAKAKAAPEKTO SA EASTERN AH SECTION OF VISAYAS KAYAT ASAHAN PA RIN HO NATIN ANG MAHINA HANGGANG SA KATAMTAMANG MGA PAGULAN AT PAGKIDLAT PAGKULOG SA SILANGANG KABISAYAAN KASAMA NA PO DIYAN ANG CARAGA AT DAVAO REGION AT SOCSARGEN REGION 
LOG (lattice-best-path[5.5.896~1-8a59]:main():lattice-best-path.cc:99) For utterance weather005_004, best cost 4087.07 + 159601 = 163688 over 1687 frames.
weather005_004 SA HILAGANG LUZON NAMAN AY PATULOY PA RING UMIIRAL NG NORTHEAST MONSOON O YUNG HANGING AMIHAN KAYAT ASAHAN PA RIN NATIN NG MAHINANG MGA PAGULAN DOON SA REHIYON NG ILOCOS KASAMA PO DIYAN ANG CORDILLERA AT CAGAYAN VALLEY MAGING NATITIRANG BAHAGI NG CENTRAL LUZON 
LOG (lattice-best-path[5.5.896~1-8a59]:main():lattice-best-path.cc:99) For utterance weather005_005, best cost 2003.99 + 83290.4 = 85294.4 over 885 frames.
weather005_005 SA NATITIRANG BAHAGI NAMAN NG ATING BANSA AY GENERALLY FAIR WEATHER PO TAYO NGAYON MALIBAN NA LAMANG SA MGA PULO-PULONG MGA PAGULAN O PAGKIDLAT PAGKULOG 
LOG (lattice-best-path[5.5.896~1-8a59]:main():lattice-best-path.cc:99) For utterance weather005_006, best cost 3726.24 + 173229 = 176955 over 1833 frames.
weather005_006 ANG ATING GALE WARNING AY NAKATAAS PA RIN PO SA NORTHERN AND WESTERN SECTION NG AH NORTHERN LUZON KAYA SA MGA NABANGGIT KONG LUGAR AY HINDI PA RIN HO PINAPAYAGAN NG PHILIPPINE COAST GUARD NA PUMALAOT ANG ATING MGA KABABAYANG MANGINGISDA SAPAGKAT MAGIGING MAALON HANGGANG SA NAPAKAALON PA RIN PO NG MGA KARAGATAN DITO 
LOG (lattice-best-path[5.5.896~1-8a59]:main():lattice-best-path.cc:99) For utterance weather005_007, best cost 5766.6 + 261809 = 267576 over 2785 frames.
weather005_007 DUMAKO NAMAN TAYO SA MAGIGING TEMPERATURE FORECAST PO NATIN SA IBA'T IBANG LUGAR DITO SA PILIPINAS DITO NALAMANG SA METRO MANILA INAASAHAN NATING ANG MAGIGING AGWAT NG TEMPERATURA AY MULA SA TWENTY FOUR HANGGANG SA THIRTY DEGREES CELSIUS SA BAGUIO NAMAN AY MULA SA FIFTEEN HANGGANG SA TWENTY FOUR DEGREES CELSIUS SAMANTALANG SA TAGAYTAY AY MULA SA TWENTY TWO HANGGANG SA TWENTY SEVEN DEGREES CELSIUS AT SA PUERTO PRINCESA AY MULA SA TWENTY FOUR HANGGANG SA THIRTY TWO DEGREES CELSIUS 
LOG (lattice-best-path[5.5.896~1-8a59]:main():lattice-best-path.cc:99) For utterance weather005_008, best cost 3700.51 + 176216 = 179917 over 1862 frames.
weather005_008 METRO CEBU AY MULA SA TWENTY FIVE HANGGANG SA THIRTY ONE DEGREES CELSIUS SAMANTALA SA ILOILO AY MULA SA TWENTY FOUR HANGGANG THIRTY DEGREES CELSIUS ANG TINATAYANG MAGIGING AGWAT NG TEMPERATURA SAMANTALANG SA METRO DAVAO AY MULA SA TWENTY FIVE HANGGANG THIRTY DEGREES CELSIUS AT TWENTY FOUR HANGGANG THIRTY TWO DEGREES CELSIUS DOON SA ZAMBOANGA CITY 
LOG (lattice-best-path[5.5.896~1-8a59]:main():lattice-best-path.cc:99) For utterance weather005_009, best cost 2768.95 + 100262 = 103031 over 1057 frames.
weather005_009 ANG SUNRISE PO NATIN FOR TOMORROW INAASAHAN NATING SIX FOURTEEN IN THE MORNING MAGAGANAP SAMANTALA LULUBOG NAMAN ANG ARAW NATIN MAMAYA SA GANAP NA ALAS SINGKO BENTE NUEBE NG HAPON 
LOG (lattice-best-path[5.5.896~1-8a59]:main():lattice-best-path.cc:99) For utterance weather005_010, best cost 778.811 + 37192.8 = 37971.6 over 391 frames.
weather005_010 YAN ANG LATEST MULA DITO SA PAGASA ITO PO SI LORIDIN DELA CRUZ 
LOG (lattice-best-path[5.5.896~1-8a59]:main():lattice-best-path.cc:99) For utterance weather006_001, best cost 2934.16 + 109119 = 112054 over 1146 frames.
weather006_001 MAGANDANG HAPON SA ATING MGA TAGA PANOOD AT NANDITO PO ULIT TAYO PARA ALAMIN ANG NILALAMAN NG ATING FIVE PM WEATHER FORECAST NGAYONG ARAW NG BIYERNES DECEMBER SIXTEEN TWO THOUSAND AND SIXTEEN 
LOG (lattice-best-path[5.5.896~1-8a59]:main():lattice-best-path.cc:99) For utterance weather006_002, best cost 2445.08 + 92505.2 = 94950.3 over 966 frames.
weather006_002 MERON PO TAYONG TATLONG WEATHER SYSTEM NA NAKAKAAPEKTO DITO SA ATING BANSA ANG UNA PO AY ITONG NORTHEAST MONSOON NA NAKAKAAPEKTO PO YAN DITO SA MAY NORTHERN LUZON 
LOG (lattice-best-path[5.5.896~1-8a59]:main():lattice-best-path.cc:99) For utterance weather006_003, best cost 2984.5 + 105759 = 108744 over 1086 frames.
weather006_003 SAMANTALANG MERON PO TAYONG TAIL END OF A COLD PRONE O ETO PONG PAGSASALUBONG NG NORTHEAST MONSOON AT EASTERLIES NAKAKAAPEKTO NAMAN YAN DITO SA SILANGANG BAHAGI NG CENTRAL AND SOUTHERN LUZON 
LOG (lattice-best-path[5.5.896~1-8a59]:main():lattice-best-path.cc:99) For utterance weather006_004, best cost 2139.21 + 68584.2 = 70723.4 over 707 frames.
weather006_004 YUNG PANGATLONG WEATHER SYSTEM PO NATIN AY ITONG TROUGH NG LOW PRESSURE AREA NA NAKAKAAPEKTO NAMAN PO YAN DITO SA MAY MINDANAO 
LOG (lattice-best-path[5.5.896~1-8a59]:main():lattice-best-path.cc:99) For utterance weather006_005, best cost 1887.26 + 61033.4 = 62920.6 over 642 frames.
weather006_005 NA DIYAN ALAMIN PO NATIN YUNG MAGIGING TAYA NG PANAHON NATIN SA LOOB PO SA SUSUNOD NA BENTE QUATRO ORAS 
LOG (lattice-best-path[5.5.896~1-8a59]:main():lattice-best-path.cc:99) For utterance weather006_006, best cost 4142.02 + 159682 = 163824 over 1650 frames.
weather006_006 DITO PO SA PROBINSYA NG ISANG AURORA QUEZON KASAMA NA PO YUNG BUONG KABIKULAN AT DITO SA DITO SA MAY SAMAR PROVINCES MAGKAKAROON TAYO NG MODERATE TO OCCASIONALLY HEAVY RAINS NA MAAARI PO YANG MAGDULOT NG FLASH FLOOD AND LANDSLIDE 
LOG (lattice-best-path[5.5.896~1-8a59]:main():lattice-best-path.cc:99) For utterance weather006_007, best cost 3595.06 + 166261 = 169856 over 1730 frames.
weather006_007 SAMANTALANG SA METRO MANILA SA NATITIRANG BAHAGI NG CALABARZON MIMAROPA NATITIRANG BAHAGI NG VISAYAS AT BUONG MINDANAO ASAHAN PO NATIN MAGIGING MAULAP ANG ATING KALANGITAN NA MAY KASAMA YANG MAHINA HANGGANG SA KATAMTAMANG MGA PAGULAN AT MGA PAGKIDLAT AT PAGKULOG 
LOG (lattice-best-path[5.5.896~1-8a59]:main():lattice-best-path.cc:99) For utterance weather006_008, best cost 3466.21 + 150471 = 153937 over 1571 frames.
weather006_008 SAMANTALANG SA NATITIRANG BAHAGI NG LUZON ETO PONG REHIYON NG ILOCOS CORDILLERA CAGAYAN VALLEY NATITIRANG BAHAGI NG CENTRAL LUZON AY ASAHAN ANG PO NATIN MAGIGING MAULAP NA KALANGITAN NA MAY KASAMA LAMANG MGA MAHINANG MGA PAGULAN 
LOG (lattice-best-path[5.5.896~1-8a59]:main():lattice-best-path.cc:99) For utterance weather006_009, best cost 8619.01 + 350198 = 358817 over 3621 frames.
weather006_009 AT SILIPIN PO NATIN YUNG MAGIGING TAYA O MAGIGING AGWAT NG TEMPERATURA SA ILANG PILING LUGAR DITO PO SA METRO MANILA DAHIL PATULOY PA RIN NA MAKULIMLIM ANG ATING KALANGITAN YUNG RANGE PO NG TEMPERATURE NATIN AY NASA PAGITAN LAMANG NG TWENTY FOUR TO THIRTY DEGREES CELSIUS SA MAY BAGUIO DAHIL PATULOY PA RIN PONG NAMAMAYANI ITONG NORTHEAST MONSOON RAINS NG TEMPERATURE NA ATING INAASAHAN AY CITY FIFTEEN TO TWENTY ONE DEGREES CELSIUS SA MAY TAGAYTAY NAMAN TWENTY ONE TO TWENTY SEVEN DEGREES CELSIUS SA MAY PUERTO PRINCESA ASAHAN PO NATIN TWENTY FOUR TO THIRTY ONE DEGREES CELSIUS 
LOG (lattice-best-path[5.5.896~1-8a59]:main():lattice-best-path.cc:99) For utterance weather006_010, best cost 4874.32 + 210041 = 214915 over 2167 frames.
weather006_010 SA ILANG LUGAR NAMAN PO SA MAY VISAYAS DITO PO SA METRO CEBU AY INAASAHAN PO NATING AGWAT NG TEMPERATURA AY TWENTY FIVE TO THIRTY DEGREES CELSIUS SA MAY ILOILO TWENTY FIVE TO TWENTY NINE DEGREES CELSIUS SA MAY MINDANAO NAMAN PO ITONG DAVAO TWENTY FIVE TO THIRTY ONE DEGREES CELSIUS SA MAY ZAMBOANGA TWENTY FOUR TO THIRTY TWO DEGREES CELSIUS 
LOG (lattice-best-path[5.5.896~1-8a59]:main():lattice-best-path.cc:99) For utterance weather006_011, best cost 6510.8 + 267782 = 274293 over 2815 frames.
weather006_011 SILIPIN NAMAN PO NATIN YUNG MAGIGING TAYA NG ATING KARAGATAN PATULOY PA RIN PONG NAKATAAS ANG ATING GALE WARNING DITO PO SA SEABOARDS NG NORTHERN LUZON EASTERN SEABOARD NG CENTRAL LUZON EASTERN SEABOARD NG SOUTHERN LUZON AT EASTERN SEABOARD NG KABISAYAAN DAHIL DIYAN ASAHAN PO NATIN HINDI PO NATIN PINAPAYAGANG MAG LAYAG YUNG MALILIIT SASAKYANG PANDAGAT NGUNIT YUNG MGA MALALAKI NAMAN PO AY PINAPAYUHANG MAG INGAT SA MGA MALAPIT MALALAKING 
LOG (lattice-best-path[5.5.896~1-8a59]:main():lattice-best-path.cc:99) For utterance weather006_012, best cost 2560.4 + 87117.3 = 89677.7 over 903 frames.
weather006_012 AT ANG ATING ARAW INAASAHAN PO NATING LULUBOG FIVE THIRTY NGAYONG HAPON SAMANTALANG BUKAS NG UMAGA SISIKAT NAMAN ITO SA FORTY SIX FOURTEEN 
LOG (lattice-best-path[5.5.896~1-8a59]:main():lattice-best-path.cc:99) For utterance weather006_013, best cost 9409.32 + 376412 = 385821 over 3873 frames.
weather006_013 AT PARA NAMAN PO SA MGA LATEST UPDATE TUNGKOL PO SA ATING PANAHON MAAARI PO NATING I FOLLOW ANG ATING TWITTER ACCOUNT PAG DOST UNDERSCORE PAGASA MAARI PO NATING I LIKE ANG ATING FACEBOOK ACCOUNT PAGASA DOT DOST DOT GOV DOT PH ANG ATING YOUTUBE NAMAN PO PAGASA TV MAARI RIN PO NATING BISITAHIN ANG ATING WEBSITE WW DAAN PAGASA DOT DOST DOT GOV DOT PH AT MULA NGA PO DITO SA WEATHER FORECASTING CENTER SHERYL IGNACIO ISA PO SA MGA WEATHER FORECASTER NG PAGASA DOST NAG UULAT NAGBIBIGAY IMPORMASYON MARAMING SALAMAT PO SA INYONG PANONOOD HANGGANG SA MULI HAPPY WEEKEND 
LOG (lattice-best-path[5.5.896~1-8a59]:main():lattice-best-path.cc:99) For utterance weather007_001, best cost 2008.2 + 98342.6 = 100351 over 1058 frames.
weather007_001 MAGANDANG ARAW PO SA ATING LAHAT WELCOME SA WEATHER FORECASTING SECTION NG PAGASA AT NARITO NA NGA ANG LATEST SA LAGAY NG ATING PANAHON NGAYONG ARAW NG SABADO ALAS SINGKO NG HAPON 
LOG (lattice-best-path[5.5.896~1-8a59]:main():lattice-best-path.cc:99) For utterance weather007_002, best cost 2697.13 + 97833.5 = 100531 over 1027 frames.
weather007_002 DALAWANG WEATHER SYSTEM PA RIN ANG PATULOY NA NAGBIBIGAY O NAG CACAUSE NG MGA PAGULAN SA MALAKING BAHAGI PO NG ATING BANSA AT ISA NA NGA PO DIYAN YUNG TINATAWAG NATING TAIL END OF A COLD FRONT 
LOG (lattice-best-path[5.5.896~1-8a59]:main():lattice-best-path.cc:99) For utterance weather007_003, best cost 2091.65 + 60667.7 = 62759.3 over 655 frames.
weather007_003 ITO PO YUNG BOUNDARY SA PAGITAN NG DALAWANG MALAKING AIR MASS NA MALAKI PO ANG DIFFERENCE NG KANILANG TEMPERATURA 
LOG (lattice-best-path[5.5.896~1-8a59]:main():lattice-best-path.cc:99) For utterance weather007_004, best cost 7703.23 + 273829 = 281532 over 2935 frames.
weather007_004 KAYAT KUNG MAPAPANSIN PO NATIN KUMPARA PO NUNG MGA NAKARAANG ARAW AY BAHAGYANG BUMABA PO YUNG AXIS O ORIENTATION NETONG TAIL END NATIN KAYAT DOON PO SA KABIKULAN AT SA EASTERN VISAYAS AT SA SILANGANG KABISAYAAN AY PATULOY PONG MAKAKARANAS ANG ATING MGA KABABAYAN DOON NG KATAMTAMAN HANGGANG SA KUNG MINSAN AY MALAKAS NA MGA PAGULAN KAYAT DOBLENG INGAT PO TAYO DAHIL ANG GANITONG KLASENG INTENSITY NG PAGULAN AY PWEDE PONG MAG AH BUHOS NG MGA PAGBAHA AT PAGGUHO NG LUPA 
LOG (lattice-best-path[5.5.896~1-8a59]:main():lattice-best-path.cc:99) For utterance weather007_005, best cost 2152.42 + 72132.7 = 74285.1 over 767 frames.
weather007_005 SAMANTALANG YUNG NORTHEAST MONSOON PA RIN PO NATIN O YUNG HANGING AMIHAN ANG PATULOY NA UMIIRAL SA NORTHERN AND CENTRAL LUZON 
LOG (lattice-best-path[5.5.896~1-8a59]:main():lattice-best-path.cc:99) For utterance weather007_006, best cost 4104.96 + 148196 = 152301 over 1584 frames.
weather007_006 KAYA DAHIL PO SA DALAWANG MALAKING WEATHER SYSTEM NA ITO HALOS BUONG LUZON PO KASAMA NA DIYAN ANG KABISAYAAN AT ANG MGA REHIYON NG CARAGA DAVAO AT SOCSARGEN AY MAGIGING MAULAP PO NA MAY MAHINA HANGGANG SA KATAMTAMANG MGA PAGULAN AT PAGKIDLAT PAGKULOG 
LOG (lattice-best-path[5.5.896~1-8a59]:main():lattice-best-path.cc:99) For utterance weather007_007, best cost 2512.53 + 98803 = 101316 over 1057 frames.
weather007_007 ULAN SA NALALABING BAHAGI NG ATING AH NG MINDANAO GOOD NEWS NAMAN DAHIL GENERALLY FAIR WEATHER PO TAYO DOON MALIBAN NA LAMANG SA MGA PULO-PULONG MGA PAGULAN O PAGKIDLAT PAGKULOG 
LOG (lattice-best-path[5.5.896~1-8a59]:main():lattice-best-path.cc:99) For utterance weather007_008, best cost 1169.05 + 46882.4 = 48051.4 over 487 frames.
weather007_008 ANG ATING GALE WARNING AY NAKATAAS PA RIN PO SA MGA BAYBAYING DAGAT NG NORTHERN LUZON 
LOG (lattice-best-path[5.5.896~1-8a59]:main():lattice-best-path.cc:99) For utterance weather007_009, best cost 5216.1 + 220619 = 225835 over 2333 frames.
weather007_009 KASAMA PO DIYAN ANG EASTERN SEABOARD NG CENTRAL LUZON WHICH IS AURORA AT ANG EASTERN AND SOUTHERN SEABOARD PO NG SOUTHERN LUZON MAGING ANG MGA BAYBAYING DAGAT NG NORTHERN SAMAR AND EASTERN SAMAR KAYA SA MGA NABANGGIT KO PONG LUGAR AY HINDI PA RIN PINAPAYAGAN NG PHILIPPINE COAST GUARD NA PUMALAOT ANG ATING MGA KABABAYANG MANGINGISDA SAPAGKAT MAGIGING MAALON HANGGANG SA NAPAKAALON PO NG MGA KARAGATAN DOON 
LOG (lattice-best-path[5.5.896~1-8a59]:main():lattice-best-path.cc:99) For utterance weather007_010, best cost 1383.97 + 48613.8 = 49997.8 over 520 frames.
weather007_010 DUMAKO NAMAN PO TAYO SA MAGIGING AGWAT NG TEMPERATURA SA ILANG MGA PILING LUGAR DITO SA PILIPINAS 
LOG (lattice-best-path[5.5.896~1-8a59]:main():lattice-best-path.cc:99) For utterance weather007_011, best cost 3879.4 + 126772 = 130651 over 1369 frames.
weather007_011 DITO NALAMANG SA KAMAYNILAAN INAASAHANG MAGIGING AGWAT NG TEMPERATURA AY MULA SA TWENTY FOUR HANGGANG SA TWENTY NINE DEGREES CELSIUS BHAGYA PONG BUMABA ANG MAXIMUM PO NATIN DAHIL NA NGA PO YAN SA ATING WEATHER CONDITION DITO NA MAULAP NA MAY MGA PAGULAN 
LOG (lattice-best-path[5.5.896~1-8a59]:main():lattice-best-path.cc:99) For utterance weather007_012, best cost 2470.34 + 100446 = 102916 over 1086 frames.
weather007_012 SAMANTALA SA BAGUIO AY MULA NAMAN SA FIFTEEN HANGGANG SA TWENTY ONE DEGREES CELSIUS ANG TINATAYANG MAGIGING AGWAT NG TEMPERATURA AT SA TAGAYTAY NAMAN AY MULA SA TWENTY HANGGANG SA TWENTY EIGHT DEGREES CELSIUS 
LOG (lattice-best-path[5.5.896~1-8a59]:main():lattice-best-path.cc:99) For utterance weather007_013, best cost 1121.89 + 48663.5 = 49785.4 over 524 frames.
weather007_013 SAMANTALA SA PUERTO PRINCESA AY MULA SA TWENTY FIVE HANGGANG SA THIRTY ONE DEGREES CELSIUS 
LOG (lattice-best-path[5.5.896~1-8a59]:main():lattice-best-path.cc:99) For utterance weather007_014, best cost 4244.69 + 190349 = 194594 over 2031 frames.
weather007_014 DUMAKO NAMAN TAYO SA CEBU INAASAHANG TWENTY FOUR HANGGANG SA THIRTY ANG TEMPERATURE RANGE SAMANTALANG SA MAY ILOILO CITY AY MULA SA TWENTY FIVE HANGGANG SA TWENTY NINE DEGREES CELSIUS DOON NAMAN SA METRO DAVAO AY MULA SA TWENTY FOUR HANGGANG SA THIRTY DEGREES CELSIUS AT SA ZAMBOANGA CITY NAMAN AY MULA SA TWENTY FOUR HANGGANG SA THIRTY ONE DEGREES CELSIUS 
LOG (lattice-best-path[5.5.896~1-8a59]:main():lattice-best-path.cc:99) For utterance weather007_015, best cost 2767.8 + 89180.4 = 91948.2 over 948 frames.
weather007_015 ANG ATIN PONG SUNSET TODAY AY INAASAHAN PONG FIVE THIRTY HINDI AFTERNOON SAMANTALANG ANG SA MAY PO NATIN BUKAS AY SIX FIFTEEN IN THE MORNING 
LOG (lattice-best-path[5.5.896~1-8a59]:main():lattice-best-path.cc:99) For utterance weather007_016, best cost 902.327 + 43802.2 = 44704.5 over 467 frames.
weather007_016 YAN HO MUNA ANG LATEST MULA DITO SA PAGASA ITO PO SI LORIDIN DELA CRUZ 
LOG (lattice-best-path[5.5.896~1-8a59]:main():lattice-best-path.cc:99) For utterance weather008_001, best cost 1218.89 + 58753.1 = 59971.9 over 638 frames.
weather008_001 MAGANDANG ARAW PO SA ATING LAHAT NARITO ANG PINAKAHULING ULAT SA LAGAY NG ATING PANAHON NGAYONG ALAS SINGKO NG HAPON 
LOG (lattice-best-path[5.5.896~1-8a59]:main():lattice-best-path.cc:99) For utterance weather008_002, best cost 2480.37 + 83498.7 = 85979.1 over 913 frames.
weather008_002 MERON TAYONG BINABANTAYANG ISANG LOW PRESSURE AREA SA LOOB PO NG ATING PA AT HULI ITONG NAMATAAN KANINA SA VICINITY NG BUENAVISTA QUEZON PROVINCE 
LOG (lattice-best-path[5.5.896~1-8a59]:main():lattice-best-path.cc:99) For utterance weather008_003, best cost 3882.04 + 144871 = 148753 over 1600 frames.
weather008_003 KAYAT SA MGA LALAWIGAN PO NG CAMARINES NORTE AT QUEZON AY PATULOY NATING PINAG IINGAT NG ATING MGA KABABAYAN MULA SA KATAMTAMAN HANGGANG SA KUNG MINSAN AY MALAKAS NA MGA PAGULAN AT PAGKIDLAT PAGKULOG NA MAARI PONG MAGDULOT NG MGA PAGBAHA O PAGGUHO NG LUPA 
LOG (lattice-best-path[5.5.896~1-8a59]:main():lattice-best-path.cc:99) For utterance weather008_004, best cost 4511.51 + 175112 = 179623 over 1921 frames.
weather008_004 SAMANTALA SA MGA LUGAR PO DITO SA SOUTHERN LUZON EXCEPT FOR PALAWAN KASAMA PO DIYAN ANG LUGAR NG NORTHERN SAMAR METRO MANILA AT MGA LALAWIGAN PO NG CAGAYAN ISABELA AT AURORA AY MAGIGING MAULAP DIN TAYO SA ARAW NA ITO NA MAY MAHINA HANGGANG SA KATAMTAMANG MGA PAGULAN AT PAGKIDLAT PAGKULOG 
LOG (lattice-best-path[5.5.896~1-8a59]:main():lattice-best-path.cc:99) For utterance weather008_005, best cost 6127.47 + 207132 = 213260 over 2236 frames.
weather008_005 DAHIL PO SA PREVAILING PA RIN NA NORTHEAST MONSOON O YUNG HANGING AMIHAN AASAHAN PO NATIN NA SA ARAW NA ITO AY MAY MGA MAHINANG MGA PAGULAN PA RIN DOON SA MGA REHIYON NG NORTHERN LUZON SO YUN PO YUNG REGION NG ILOCOS KASAMA DIYAN ANG CORDILLERA REGION CAGAYAN VALLEY AT NATITIRANG BAHAGI NG PO NG CENTRAL LUZON KASAMA PO SILA SA PWEDENG MAAPEKTUHAN NG MGA MAHINANG MGA PAGULAN 
LOG (lattice-best-path[5.5.896~1-8a59]:main():lattice-best-path.cc:124) Overall cost per frame is 100.784 = 2.4987 [graph] + 98.2858 [acoustic] over 178460 frames.
LOG (lattice-best-path[5.5.896~1-8a59]:main():lattice-best-path.cc:128) Done 142 lattices, failed for 0
# Accounting: time=3 threads=1
# Ended (code 0) at Sun May 16 20:45:11 CST 2021, elapsed time 3 seconds
