# gunzip -c exp/tri4a/decode.si/depth_tmp.*.gz | steps/diagnostic/analyze_lattice_depth_stats.py exp/tri4a/graph exp/tri4a/decode.si/ali_frame_tmp.gz 
# Started at Sun Apr  4 23:48:09 CST 2021
#
The total amount of data analyzed assuming 100 frames per second is 0.2 hours
Overall, lattice depth (10,50,90-percentile)=(1,1,6) and mean=2.7
Nonsilence phones as a group account for 85.0% of frames, with lattice depth (10,50,90-percentile)=(1,1,5) and mean=2.6
Phone SIL accounts for 15.0% of frames, with lattice depth (10,50,90-percentile)=(1,1,8) and mean=3.1
Phone 6_I accounts for 7.4% of frames, with lattice depth (10,50,90-percentile)=(1,1,5) and mean=2.6
Phone i_I accounts for 3.7% of frames, with lattice depth (10,50,90-percentile)=(1,1,4) and mean=2.4
Phone a_I accounts for 3.3% of frames, with lattice depth (10,50,90-percentile)=(1,1,4) and mean=2.3
Phone 6_E accounts for 3.2% of frames, with lattice depth (10,50,90-percentile)=(1,2,8) and mean=3.4
Phone s_B accounts for 3.1% of frames, with lattice depth (10,50,90-percentile)=(1,1,5) and mean=2.3
Phone n_E accounts for 3.0% of frames, with lattice depth (10,50,90-percentile)=(1,2,7) and mean=3.1
Phone N_E accounts for 2.8% of frames, with lattice depth (10,50,90-percentile)=(1,1,8) and mean=3.4
Phone o_E accounts for 2.6% of frames, with lattice depth (10,50,90-percentile)=(1,1,6) and mean=3.0
Phone s_I accounts for 2.5% of frames, with lattice depth (10,50,90-percentile)=(1,1,5) and mean=2.1
Phone l_I accounts for 2.4% of frames, with lattice depth (10,50,90-percentile)=(1,1,5) and mean=2.4
Phone s_E accounts for 2.3% of frames, with lattice depth (10,50,90-percentile)=(1,1,4) and mean=2.3
Phone o_I accounts for 2.3% of frames, with lattice depth (10,50,90-percentile)=(1,1,4) and mean=2.1
Phone e_I accounts for 2.2% of frames, with lattice depth (10,50,90-percentile)=(1,1,4) and mean=1.9
Phone t_I accounts for 2.2% of frames, with lattice depth (10,50,90-percentile)=(1,1,5) and mean=2.3
Phone m_B accounts for 1.9% of frames, with lattice depth (10,50,90-percentile)=(1,2,7) and mean=3.0
Phone u_I accounts for 1.8% of frames, with lattice depth (10,50,90-percentile)=(1,1,4) and mean=2.3
Phone r_I accounts for 1.8% of frames, with lattice depth (10,50,90-percentile)=(1,1,4) and mean=1.9
Phone n_I accounts for 1.8% of frames, with lattice depth (10,50,90-percentile)=(1,1,5) and mean=2.3
Phone g_I accounts for 1.7% of frames, with lattice depth (10,50,90-percentile)=(1,1,4) and mean=2.1
Phone a_E accounts for 1.7% of frames, with lattice depth (10,50,90-percentile)=(1,1,7) and mean=2.8
Phone n_B accounts for 1.6% of frames, with lattice depth (10,50,90-percentile)=(1,2,7) and mean=3.3
Phone 6_B accounts for 1.6% of frames, with lattice depth (10,50,90-percentile)=(1,2,7) and mean=3.1
Phone p_B accounts for 1.5% of frames, with lattice depth (10,50,90-percentile)=(1,2,6) and mean=2.7
Phone m_I accounts for 1.4% of frames, with lattice depth (10,50,90-percentile)=(1,1,4) and mean=2.2
Phone j_I accounts for 1.4% of frames, with lattice depth (10,50,90-percentile)=(1,1,6) and mean=2.7
Phone k_I accounts for 1.3% of frames, with lattice depth (10,50,90-percentile)=(1,1,3) and mean=1.9
Phone b_B accounts for 1.2% of frames, with lattice depth (10,50,90-percentile)=(1,1,7) and mean=2.7
Phone j_B accounts for 1.1% of frames, with lattice depth (10,50,90-percentile)=(1,2,9) and mean=3.6
Phone b_I accounts for 1.1% of frames, with lattice depth (10,50,90-percentile)=(1,1,3) and mean=2.1
Phone t_E accounts for 1.0% of frames, with lattice depth (10,50,90-percentile)=(1,2,8) and mean=3.2
Phone i_E accounts for 1.0% of frames, with lattice depth (10,50,90-percentile)=(1,1,7) and mean=2.6
Phone k_B accounts for 0.9% of frames, with lattice depth (10,50,90-percentile)=(1,2,9) and mean=3.8
Phone i_B accounts for 0.9% of frames, with lattice depth (10,50,90-percentile)=(1,2,8) and mean=3.3
Phone N_S accounts for 0.9% of frames, with lattice depth (10,50,90-percentile)=(1,3,8) and mean=3.8
Phone p_I accounts for 0.9% of frames, with lattice depth (10,50,90-percentile)=(1,1,4) and mean=1.9
Phone d_B accounts for 0.8% of frames, with lattice depth (10,50,90-percentile)=(1,2,9) and mean=3.6
Phone l_B accounts for 0.8% of frames, with lattice depth (10,50,90-percentile)=(1,2,8) and mean=3.3
Phone j_E accounts for 0.7% of frames, with lattice depth (10,50,90-percentile)=(1,1,10) and mean=3.6
Phone N_I accounts for 0.7% of frames, with lattice depth (10,50,90-percentile)=(1,1,5) and mean=2.1
Phone t_B accounts for 0.6% of frames, with lattice depth (10,50,90-percentile)=(1,1,7) and mean=3.0
Phone r_E accounts for 0.6% of frames, with lattice depth (10,50,90-percentile)=(1,1,4) and mean=2.1
Phone d_I accounts for 0.6% of frames, with lattice depth (10,50,90-percentile)=(1,1,4) and mean=1.7
# Accounting: time=1 threads=1
# Ended (code 0) at Sun Apr  4 23:48:10 CST 2021, elapsed time 1 seconds
