# gmm-latgen-faster --max-active=2000 --beam=10.0 --lattice-beam=6.0 --acoustic-scale=0.083333 --allow-partial=true --word-symbol-table=exp/tri4a/graph/words.txt exp/tri4a/final.alimdl exp/tri4a/graph/HCLG.fst "ark,s,cs:apply-cmvn  --utt2spk=ark:data/test/split16/2/utt2spk scp:data/test/split16/2/cmvn.scp scp:data/test/split16/2/feats.scp ark:- | splice-feats  ark:- ark:- | transform-feats exp/tri4a/final.mat ark:- ark:- |" "ark:|gzip -c > exp/tri4a/decode.si/lat.2.gz" 
# Started at Sun Apr  4 23:47:50 CST 2021
#
gmm-latgen-faster --max-active=2000 --beam=10.0 --lattice-beam=6.0 --acoustic-scale=0.083333 --allow-partial=true --word-symbol-table=exp/tri4a/graph/words.txt exp/tri4a/final.alimdl exp/tri4a/graph/HCLG.fst 'ark,s,cs:apply-cmvn  --utt2spk=ark:data/test/split16/2/utt2spk scp:data/test/split16/2/cmvn.scp scp:data/test/split16/2/feats.scp ark:- | splice-feats  ark:- ark:- | transform-feats exp/tri4a/final.mat ark:- ark:- |' 'ark:|gzip -c > exp/tri4a/decode.si/lat.2.gz' 
apply-cmvn --utt2spk=ark:data/test/split16/2/utt2spk scp:data/test/split16/2/cmvn.scp scp:data/test/split16/2/feats.scp ark:- 
splice-feats ark:- ark:- 
transform-feats exp/tri4a/final.mat ark:- ark:- 
weather029_011 BUKAS NG UMAGA KAPAG NASA DAGAT NA ANG CENTRO NG BAGYO POSIBLE PA RIN MAKARANAS NG MALAKAS NA ULAN ANG ZAMBALES 
LOG (gmm-latgen-faster[5.5.896~1-8a59]:DecodeUtteranceLatticeFaster():decoder-wrappers.cc:375) Log-like per frame for utterance weather029_011 is -6.044 over 642 frames.
LOG (apply-cmvn[5.5.896~1-8a59]:main():apply-cmvn.cc:162) Applied cepstral mean normalization to 4 utterances, errors on 0
weather029_012 ITO MAS SA METRO MANILA AT NATITIRANG BAHAGI NA LUZON INAASAHAN AT AH PABABA NA MAY PAMINSAN MINSAN MALAKAS NA BUHOS NG ULAN NGAYONG GABI TO MARA NASA LAYONG KANINANG HAPON 
LOG (gmm-latgen-faster[5.5.896~1-8a59]:DecodeUtteranceLatticeFaster():decoder-wrappers.cc:375) Log-like per frame for utterance weather029_012 is -6.03911 over 1063 frames.
weather029_013 SA NAUWI BATAAN O B KIDLAT TAYO LALO NA SO NAKAMOTOR ANO 
LOG (gmm-latgen-faster[5.5.896~1-8a59]:DecodeUtteranceLatticeFaster():decoder-wrappers.cc:375) Log-like per frame for utterance weather029_013 is -6.21313 over 463 frames.
LOG (transform-feats[5.5.896~1-8a59]:main():transform-feats.cc:158) Overall average [pseudo-]logdet is -88.4635 over 3862 frames.
LOG (transform-feats[5.5.896~1-8a59]:main():transform-feats.cc:161) Applied transform to 4 utterances; 0 had errors.
weather029_014 BUKAS MAKAKAASA PA RIN TAYO NA MAG HAPONG MAULAP AT MAULAN PANAHON SA METRO MANILA PERO INAASAHAN ILANG ANG ULAN KUMPARA NGAYONG ARAW LALONG LALO NABUO GABI PO NG HAPON O GABI MAKIKITA PRE TED MALIIT NA ANG PORSYENTO NG PAG ULAN NA SA SOUTHERN PILING RESIDENT SHOWERS SO IN 
LOG (gmm-latgen-faster[5.5.896~1-8a59]:DecodeUtteranceLatticeFaster():decoder-wrappers.cc:375) Log-like per frame for utterance weather029_014 is -6.15246 over 1694 frames.
LOG (gmm-latgen-faster[5.5.896~1-8a59]:main():gmm-latgen-faster.cc:176) Time taken 6.70858s: real-time factor assuming 100 frames/sec is 0.173707
LOG (gmm-latgen-faster[5.5.896~1-8a59]:main():gmm-latgen-faster.cc:179) Done 4 utterances, failed for 0
LOG (gmm-latgen-faster[5.5.896~1-8a59]:main():gmm-latgen-faster.cc:181) Overall log-likelihood per frame is -6.1105 over 3862 frames.
# Accounting: time=8 threads=1
# Ended (code 0) at Sun Apr  4 23:47:58 CST 2021, elapsed time 8 seconds
