# gmm-latgen-faster --max-active=2000 --beam=10.0 --lattice-beam=6.0 --acoustic-scale=0.083333 --allow-partial=true --word-symbol-table=exp/tri4a/graph/words.txt exp/tri4a/final.alimdl exp/tri4a/graph/HCLG.fst "ark,s,cs:apply-cmvn  --utt2spk=ark:data/test/split16/13/utt2spk scp:data/test/split16/13/cmvn.scp scp:data/test/split16/13/feats.scp ark:- | splice-feats  ark:- ark:- | transform-feats exp/tri4a/final.mat ark:- ark:- |" "ark:|gzip -c > exp/tri4a/decode.si/lat.13.gz" 
# Started at Sun Apr  4 23:47:50 CST 2021
#
gmm-latgen-faster --max-active=2000 --beam=10.0 --lattice-beam=6.0 --acoustic-scale=0.083333 --allow-partial=true --word-symbol-table=exp/tri4a/graph/words.txt exp/tri4a/final.alimdl exp/tri4a/graph/HCLG.fst 'ark,s,cs:apply-cmvn  --utt2spk=ark:data/test/split16/13/utt2spk scp:data/test/split16/13/cmvn.scp scp:data/test/split16/13/feats.scp ark:- | splice-feats  ark:- ark:- | transform-feats exp/tri4a/final.mat ark:- ark:- |' 'ark:|gzip -c > exp/tri4a/decode.si/lat.13.gz' 
transform-feats exp/tri4a/final.mat ark:- ark:- 
splice-feats ark:- ark:- 
apply-cmvn --utt2spk=ark:data/test/split16/13/utt2spk scp:data/test/split16/13/cmvn.scp scp:data/test/split16/13/feats.scp ark:- 
weather031_022 KAPAG MAHINA YUNG AMIHAN MO TAPOS NANDITO PAPALABAS NG AH BAGO PUMASOK SA PILIPINAS AREA OF RESPONSIBILITY ISA KA NA NG GANAP NA BAGYO NANDUN YUNG PAGKAKATAONG LALO ISANG LUMALAKAS 
LOG (gmm-latgen-faster[5.5.896~1-8a59]:DecodeUtteranceLatticeFaster():decoder-wrappers.cc:375) Log-like per frame for utterance weather031_022 is -4.94265 over 966 frames.
LOG (apply-cmvn[5.5.896~1-8a59]:main():apply-cmvn.cc:162) Applied cepstral mean normalization to 4 utterances, errors on 0
weather031_023 NA NANDITO PALAWAN SA LABAS NG PINAG AT MAHINA YUNG AMIHAN YAN AH YELLOW LUMAKAS YAN KAYA NAGING MAPAMINSALA SAMANTALA ITO KASING SI NA SAMUEL DITO NALAMANG SEVENTEEN TROPICAL DEPRESSION MALAPIT NA TUMAMA SA LUPA KAYA HINDI SA GANUNG KALAKAS PERO YUNG ISANG NAKIKITA NATING JESSICA AT NAPANSIN MO RIN PAGDATING NG LAST QUARTER OF THE YEAR MAS KAKAUNTI YUNG BAGYO PERO MAS MADALAS TUMATAMA YUNG KAYA NAGIGING MAS MAPAMINSALA 
LOG (gmm-latgen-faster[5.5.896~1-8a59]:DecodeUtteranceLatticeFaster():decoder-wrappers.cc:375) Log-like per frame for utterance weather031_023 is -4.86777 over 2611 frames.
weather031_024 O PARA SA PHYSICS DIN MANG TANI NO PAG MAS MARA MAS MAP MALAYO ANG PINANGGAGALINGAN ILAN NAKAKAPAG DIN CI AN NG STRENGTH AT MOMENTUM MAS MALAKAS YUNG PUWERSA NIYA KATULAD NAGI YAN YOLANDA ITONG SI SAMUEL MALAPIT SA PILIPINAS NABUO 
LOG (gmm-latgen-faster[5.5.896~1-8a59]:DecodeUtteranceLatticeFaster():decoder-wrappers.cc:375) Log-like per frame for utterance weather031_024 is -5.25129 over 1483 frames.
LOG (transform-feats[5.5.896~1-8a59]:main():transform-feats.cc:158) Overall average [pseudo-]logdet is -88.4635 over 6702 frames.
LOG (transform-feats[5.5.896~1-8a59]:main():transform-feats.cc:161) Applied transform to 4 utterances; 0 had errors.
weather031_025 YES JESSICA NIYA ANG MAGIGING ANO NIYA POSIBLE ISANG MAGING ISANG TROPICAL STORM BAHAGYANG LALAKAS BAGO TUMAMA SA KALUPAAN PERO DEFINITELY HINDI SIYA MAGIGING KASING LAKAS LALO MGA NAG AALALA NG ISANG SUPER PA RIN PONG O KATULAD NUNG MALA YOLANDANG BAGYO ANG PROBLEMA LANG 
LOG (gmm-latgen-faster[5.5.896~1-8a59]:DecodeUtteranceLatticeFaster():decoder-wrappers.cc:375) Log-like per frame for utterance weather031_025 is -4.80343 over 1642 frames.
LOG (gmm-latgen-faster[5.5.896~1-8a59]:main():gmm-latgen-faster.cc:176) Time taken 10.0442s: real-time factor assuming 100 frames/sec is 0.149869
LOG (gmm-latgen-faster[5.5.896~1-8a59]:main():gmm-latgen-faster.cc:179) Done 4 utterances, failed for 0
LOG (gmm-latgen-faster[5.5.896~1-8a59]:main():gmm-latgen-faster.cc:181) Overall log-likelihood per frame is -4.94766 over 6702 frames.
# Accounting: time=11 threads=1
# Ended (code 0) at Sun Apr  4 23:48:01 CST 2021, elapsed time 11 seconds
