# gmm-latgen-faster --max-active=2000 --beam=10.0 --lattice-beam=6.0 --acoustic-scale=0.083333 --allow-partial=true --word-symbol-table=exp/tri4a/graph/words.txt exp/tri4a/final.alimdl exp/tri4a/graph/HCLG.fst "ark,s,cs:apply-cmvn  --utt2spk=ark:data/test/split16/6/utt2spk scp:data/test/split16/6/cmvn.scp scp:data/test/split16/6/feats.scp ark:- | splice-feats  ark:- ark:- | transform-feats exp/tri4a/final.mat ark:- ark:- |" "ark:|gzip -c > exp/tri4a/decode.si/lat.6.gz" 
# Started at Sun Apr  4 23:47:50 CST 2021
#
gmm-latgen-faster --max-active=2000 --beam=10.0 --lattice-beam=6.0 --acoustic-scale=0.083333 --allow-partial=true --word-symbol-table=exp/tri4a/graph/words.txt exp/tri4a/final.alimdl exp/tri4a/graph/HCLG.fst 'ark,s,cs:apply-cmvn  --utt2spk=ark:data/test/split16/6/utt2spk scp:data/test/split16/6/cmvn.scp scp:data/test/split16/6/feats.scp ark:- | splice-feats  ark:- ark:- | transform-feats exp/tri4a/final.mat ark:- ark:- |' 'ark:|gzip -c > exp/tri4a/decode.si/lat.6.gz' 
transform-feats exp/tri4a/final.mat ark:- ark:- 
splice-feats ark:- ark:- 
apply-cmvn --utt2spk=ark:data/test/split16/6/utt2spk scp:data/test/split16/6/cmvn.scp scp:data/test/split16/6/feats.scp ark:- 
weather030_010 AYON SA PAGASA NASA LAYO NA LAMANG THREE HUNDRED TEN KILOMETERS DIYAN SA MAY SILANGAN HILAGANG SILANGAN O EAST NORTH EAST NG CASIGURAN AURORA ANG MATA ANG BAGYONG ROSITA 
LOG (gmm-latgen-faster[5.5.896~1-8a59]:DecodeUtteranceLatticeFaster():decoder-wrappers.cc:375) Log-like per frame for utterance weather030_010 is -5.11814 over 1011 frames.
LOG (apply-cmvn[5.5.896~1-8a59]:main():apply-cmvn.cc:162) Applied cepstral mean normalization to 4 utterances, errors on 0
weather030_011 AT TAGLAY NITO ANG NA PARA LAKAS NG HANGIN NA WALANG DIN FIFTY KILOMETERS PER HOUR MALAPIT SA GITNA AT BUGSO NA HANGGANG ONE HUNDRED EIGHTY FIVE KILOMETERS ARAW OR AT KUMIKILOS ITO PAKANLURAN O WESTWARD SA BILIS NAMAN NA FIFTEEN KILOMETERS PER HOUR 
LOG (gmm-latgen-faster[5.5.896~1-8a59]:DecodeUtteranceLatticeFaster():decoder-wrappers.cc:375) Log-like per frame for utterance weather030_011 is -5.39356 over 1456 frames.
weather030_012 AT SA TRACK NG PAGASA BUKAS AKO NG UMAGA TATAMA DIYAN SA MAY SA DA ISABELA ONE NORTHERN AURORA AREA YUNG BAGYO AT MAGHAPON DIN ITONG PATULOY ANG NORTHERN LUZON 
LOG (gmm-latgen-faster[5.5.896~1-8a59]:DecodeUtteranceLatticeFaster():decoder-wrappers.cc:375) Log-like per frame for utterance weather030_012 is -5.03251 over 1129 frames.
LOG (transform-feats[5.5.896~1-8a59]:main():transform-feats.cc:158) Overall average [pseudo-]logdet is -88.4635 over 5513 frames.
LOG (transform-feats[5.5.896~1-8a59]:main():transform-feats.cc:161) Applied transform to 4 utterances; 0 had errors.
weather030_013 AT MGA KAPUSO AH MAGING I AM READY PO SA BANTA NG ULAN SA AH IN KASAMA NA RITO ANG NA DIN DEL AT ANG MGA PAGBAHA DAAN SA MALALAKAS NA ULAN LALONG LALO NA DOS SA MGA DADAANAN NG NA BAGYO ITONG ISABELA AURORA YANG QUIRINO NUEVA VIZCAYA IFUGAO RIN DEL LA UNION AT POSIBLENG ANG PANGASINAN 
LOG (gmm-latgen-faster[5.5.896~1-8a59]:DecodeUtteranceLatticeFaster():decoder-wrappers.cc:375) Log-like per frame for utterance weather030_013 is -5.19124 over 1917 frames.
LOG (gmm-latgen-faster[5.5.896~1-8a59]:main():gmm-latgen-faster.cc:176) Time taken 6.96368s: real-time factor assuming 100 frames/sec is 0.126314
LOG (gmm-latgen-faster[5.5.896~1-8a59]:main():gmm-latgen-faster.cc:179) Done 4 utterances, failed for 0
LOG (gmm-latgen-faster[5.5.896~1-8a59]:main():gmm-latgen-faster.cc:181) Overall log-likelihood per frame is -5.19876 over 5513 frames.
# Accounting: time=8 threads=1
# Ended (code 0) at Sun Apr  4 23:47:58 CST 2021, elapsed time 8 seconds
