# gmm-latgen-faster --max-active=2000 --beam=10.0 --lattice-beam=6.0 --acoustic-scale=0.083333 --allow-partial=true --word-symbol-table=exp/tri4a/graph/words.txt exp/tri4a/final.alimdl exp/tri4a/graph/HCLG.fst "ark,s,cs:apply-cmvn  --utt2spk=ark:data/test/split16/5/utt2spk scp:data/test/split16/5/cmvn.scp scp:data/test/split16/5/feats.scp ark:- | splice-feats  ark:- ark:- | transform-feats exp/tri4a/final.mat ark:- ark:- |" "ark:|gzip -c > exp/tri4a/decode.si/lat.5.gz" 
# Started at Sun Apr  4 23:47:50 CST 2021
#
gmm-latgen-faster --max-active=2000 --beam=10.0 --lattice-beam=6.0 --acoustic-scale=0.083333 --allow-partial=true --word-symbol-table=exp/tri4a/graph/words.txt exp/tri4a/final.alimdl exp/tri4a/graph/HCLG.fst 'ark,s,cs:apply-cmvn  --utt2spk=ark:data/test/split16/5/utt2spk scp:data/test/split16/5/cmvn.scp scp:data/test/split16/5/feats.scp ark:- | splice-feats  ark:- ark:- | transform-feats exp/tri4a/final.mat ark:- ark:- |' 'ark:|gzip -c > exp/tri4a/decode.si/lat.5.gz' 
splice-feats ark:- ark:- 
transform-feats exp/tri4a/final.mat ark:- ark:- 
apply-cmvn --utt2spk=ark:data/test/split16/5/utt2spk scp:data/test/split16/5/cmvn.scp scp:data/test/split16/5/feats.scp ark:- 
LOG (apply-cmvn[5.5.896~1-8a59]:main():apply-cmvn.cc:162) Applied cepstral mean normalization to 4 utterances, errors on 0
weather030_006 SIGNAL NUMBER TWO NAMAN DIYAN SA KADA YAN ILOCOS NORTE NA APAYAO ABRA KALINGA ILOCOS SUR MOUNTAIN PROVINCE LA UNION DIN DIN AT PANGASINAN TARLAC NUEVA ECIJA NORTHERN QUEZON KASAMA ANG POLILLO AH ILAN SA DIYAN AURORA ZAMBALES PAMPANGA AT BULACAN 
LOG (gmm-latgen-faster[5.5.896~1-8a59]:DecodeUtteranceLatticeFaster():decoder-wrappers.cc:375) Log-like per frame for utterance weather030_006 is -5.16778 over 1884 frames.
weather030_007 MAS ULIT NA LAGAY NG PANAHON DIN ANG INAASAHAN BUKA O MAMAYANG GABI HANGGANG BUKAS DIYAN SA MGA PROBINSYA NA YAN 
LOG (gmm-latgen-faster[5.5.896~1-8a59]:DecodeUtteranceLatticeFaster():decoder-wrappers.cc:375) Log-like per frame for utterance weather030_007 is -5.24631 over 523 frames.
weather030_008 HABANG SIGNAL NUMBER ONE NAMAN DITO SA METRO MANILA SA BATANES LUPA PARA ILAN KASAMA ANG BABUYAN DROUGHT ISLANDS RIZAL SOUTHERN QUEZON DIYAN SA MAY LAGUNA BATANGAS BATAAN CAVITE AT CAMARINES NORTE 
LOG (gmm-latgen-faster[5.5.896~1-8a59]:DecodeUtteranceLatticeFaster():decoder-wrappers.cc:375) Log-like per frame for utterance weather030_008 is -5.21073 over 1403 frames.
LOG (transform-feats[5.5.896~1-8a59]:main():transform-feats.cc:158) Overall average [pseudo-]logdet is -88.4635 over 4497 frames.
LOG (transform-feats[5.5.896~1-8a59]:main():transform-feats.cc:161) Applied transform to 4 utterances; 0 had errors.
weather030_009 MGA ULAN AT BUGSO NG HANGIN NAMAN ANG INAASAHAN SIMULA MAMAYA HANGGANG BUKAS SA MGA NABANGGIT NA LUGAR 
LOG (gmm-latgen-faster[5.5.896~1-8a59]:DecodeUtteranceLatticeFaster():decoder-wrappers.cc:375) Log-like per frame for utterance weather030_009 is -5.04715 over 687 frames.
LOG (gmm-latgen-faster[5.5.896~1-8a59]:main():gmm-latgen-faster.cc:176) Time taken 6.45131s: real-time factor assuming 100 frames/sec is 0.143458
LOG (gmm-latgen-faster[5.5.896~1-8a59]:main():gmm-latgen-faster.cc:179) Done 4 utterances, failed for 0
LOG (gmm-latgen-faster[5.5.896~1-8a59]:main():gmm-latgen-faster.cc:181) Overall log-likelihood per frame is -5.17188 over 4497 frames.
# Accounting: time=8 threads=1
# Ended (code 0) at Sun Apr  4 23:47:58 CST 2021, elapsed time 8 seconds
