# gmm-latgen-faster --max-active=2000 --beam=10.0 --lattice-beam=6.0 --acoustic-scale=0.083333 --allow-partial=true --word-symbol-table=exp/tri4a/graph/words.txt exp/tri4a/final.alimdl exp/tri4a/graph/HCLG.fst "ark,s,cs:apply-cmvn  --utt2spk=ark:data/test/split16/7/utt2spk scp:data/test/split16/7/cmvn.scp scp:data/test/split16/7/feats.scp ark:- | splice-feats  ark:- ark:- | transform-feats exp/tri4a/final.mat ark:- ark:- |" "ark:|gzip -c > exp/tri4a/decode.si/lat.7.gz" 
# Started at Sun Apr  4 23:47:50 CST 2021
#
gmm-latgen-faster --max-active=2000 --beam=10.0 --lattice-beam=6.0 --acoustic-scale=0.083333 --allow-partial=true --word-symbol-table=exp/tri4a/graph/words.txt exp/tri4a/final.alimdl exp/tri4a/graph/HCLG.fst 'ark,s,cs:apply-cmvn  --utt2spk=ark:data/test/split16/7/utt2spk scp:data/test/split16/7/cmvn.scp scp:data/test/split16/7/feats.scp ark:- | splice-feats  ark:- ark:- | transform-feats exp/tri4a/final.mat ark:- ark:- |' 'ark:|gzip -c > exp/tri4a/decode.si/lat.7.gz' 
splice-feats ark:- ark:- 
apply-cmvn --utt2spk=ark:data/test/split16/7/utt2spk scp:data/test/split16/7/cmvn.scp scp:data/test/split16/7/feats.scp ark:- 
transform-feats exp/tri4a/final.mat ark:- ark:- 
LOG (apply-cmvn[5.5.896~1-8a59]:main():apply-cmvn.cc:162) Applied cepstral mean normalization to 4 utterances, errors on 0
weather030_014 PATAAS ILANG AH ALON SA HALOS BUONG LUZON MULA YAN SA MAY AH BATANGAS ANG YAN DITO SA MAY AH CAGAYAN VALLEY ILOCOS REGION DIYAN SA MAY EASTERN VISAYAS YANG NORTHERN EACH EASTERN SAMAR KASAMA NA ANG EASTERN MINDANAO DAHIL NAMAN PO YAN SA PINAGSANIB NA EPEKTO NUNG BAGYO AT NG MALAKAS NA AMIHAN 
LOG (gmm-latgen-faster[5.5.896~1-8a59]:DecodeUtteranceLatticeFaster():decoder-wrappers.cc:375) Log-like per frame for utterance weather030_014 is -5.06133 over 1744 frames.
weather030_015 MAY BANTA RIN NG STORM STRESS DIYAN SA MGA PROBINSYA NA ISABELA TAGA YAN DIYAN SA MAY AURORA ILOCOS SUR ILOCOS NORTE AT LA UNION NA POSIBLENG UMABOT NA ANG TAKBO METRO 
LOG (gmm-latgen-faster[5.5.896~1-8a59]:DecodeUtteranceLatticeFaster():decoder-wrappers.cc:375) Log-like per frame for utterance weather030_015 is -5.35026 over 1159 frames.
weather030_016 DI NAMAN APEKTADO NG BAGYO ANG VISAYAS AT MINDANAO PERO ILANG KAPUSO AH MALALAKAS NA ULAN DITO SA MAY I LUZON LALONG LALO NA SA NORTHERN AT CENTRAL LUZON 
LOG (gmm-latgen-faster[5.5.896~1-8a59]:DecodeUtteranceLatticeFaster():decoder-wrappers.cc:375) Log-like per frame for utterance weather030_016 is -5.24894 over 924 frames.
LOG (transform-feats[5.5.896~1-8a59]:main():transform-feats.cc:158) Overall average [pseudo-]logdet is -88.4635 over 4567 frames.
LOG (transform-feats[5.5.896~1-8a59]:main():transform-feats.cc:161) Applied transform to 4 utterances; 0 had errors.
weather030_017 AT YAN ANG LATEST MULA SA GMA WEATHER AKO PO SI NATHANIEL CRUZ MAGPLANO PARA SIGURADO I AM READY SERBISYONG TOTOO NG GMA NEWS 
LOG (gmm-latgen-faster[5.5.896~1-8a59]:DecodeUtteranceLatticeFaster():decoder-wrappers.cc:375) Log-like per frame for utterance weather030_017 is -4.86997 over 740 frames.
LOG (gmm-latgen-faster[5.5.896~1-8a59]:main():gmm-latgen-faster.cc:176) Time taken 7.18357s: real-time factor assuming 100 frames/sec is 0.157293
LOG (gmm-latgen-faster[5.5.896~1-8a59]:main():gmm-latgen-faster.cc:179) Done 4 utterances, failed for 0
LOG (gmm-latgen-faster[5.5.896~1-8a59]:main():gmm-latgen-faster.cc:181) Overall log-likelihood per frame is -5.1416 over 4567 frames.
# Accounting: time=8 threads=1
# Ended (code 0) at Sun Apr  4 23:47:58 CST 2021, elapsed time 8 seconds
