# align-text ark:<( ali-to-phones exp/tri1/final.mdl "ark:gunzip -c exp/tri1_decode/ali.1.gz|" ark,t:- | int2sym.pl -f 2- exp/tri1_decode/phones.txt - ) ark:<( lattice-to-phone-lattice exp/tri1/final.mdl "ark:gunzip -c exp/tri1/decode/lat.1.gz|" ark:- | lattice-best-path --acoustic-scale=0.1 ark:- ark,t:- ark:/dev/null | int2sym.pl -f 2- exp/tri1_decode/phones.txt - ) ark:exp/tri1_decode/confusions.1.txt 
# Started at Sun May 16 21:01:38 CST 2021
#
ali-to-phones exp/tri1/final.mdl 'ark:gunzip -c exp/tri1_decode/ali.1.gz|' ark,t:- 
lattice-best-path --acoustic-scale=0.1 ark:- ark,t:- ark:/dev/null 
align-text ark:/dev/fd/63 ark:/dev/fd/62 ark:exp/tri1_decode/confusions.1.txt 
lattice-to-phone-lattice exp/tri1/final.mdl 'ark:gunzip -c exp/tri1/decode/lat.1.gz|' ark:- 
LOG (ali-to-phones[5.5.896~1-8a59]:main():ali-to-phones.cc:134) Done 9 utterances.
LOG (lattice-best-path[5.5.896~1-8a59]:main():lattice-best-path.cc:99) For utterance weather001_001, best cost 61.246 + 5327.91 = 5389.16 over 517 frames.
LOG (lattice-best-path[5.5.896~1-8a59]:main():lattice-best-path.cc:99) For utterance weather001_002, best cost 59.8333 + 3787.33 = 3847.16 over 370 frames.
LOG (lattice-best-path[5.5.896~1-8a59]:main():lattice-best-path.cc:99) For utterance weather001_003, best cost 57.085 + 3045.31 = 3102.39 over 297 frames.
LOG (lattice-best-path[5.5.896~1-8a59]:main():lattice-best-path.cc:99) For utterance weather001_004, best cost 251.34 + 18396.6 = 18648 over 1788 frames.
LOG (lattice-best-path[5.5.896~1-8a59]:main():lattice-best-path.cc:99) For utterance weather001_005, best cost 132.007 + 9619.61 = 9751.62 over 942 frames.
LOG (lattice-best-path[5.5.896~1-8a59]:main():lattice-best-path.cc:99) For utterance weather001_006, best cost 139.369 + 9220.81 = 9360.18 over 892 frames.
LOG (lattice-best-path[5.5.896~1-8a59]:main():lattice-best-path.cc:99) For utterance weather001_007, best cost 153.766 + 10366.2 = 10519.9 over 1007 frames.
LOG (lattice-best-path[5.5.896~1-8a59]:main():lattice-best-path.cc:99) For utterance weather001_008, best cost 108.118 + 7891.82 = 7999.94 over 751 frames.
LOG (lattice-to-phone-lattice[5.5.896~1-8a59]:main():lattice-to-phone-lattice.cc:94) Done converting 9 lattices.
LOG (lattice-best-path[5.5.896~1-8a59]:main():lattice-best-path.cc:99) For utterance weather002_001, best cost 211.252 + 12581.3 = 12792.5 over 1269 frames.
LOG (lattice-best-path[5.5.896~1-8a59]:main():lattice-best-path.cc:124) Overall cost per frame is 10.3933 = 0.149881 [graph] + 10.2434 [acoustic] over 7833 frames.
LOG (lattice-best-path[5.5.896~1-8a59]:main():lattice-best-path.cc:128) Done 9 lattices, failed for 0
LOG (align-text[5.5.896~1-8a59]:main():align-text.cc:135) Done 9 sentences, failed for 0
# Accounting: time=4 threads=1
# Ended (code 0) at Sun May 16 21:01:42 CST 2021, elapsed time 4 seconds
