# align-text ark:<( ali-to-phones exp/tri1/final.mdl "ark:gunzip -c exp/tri1_decode/ali.2.gz|" ark,t:- | int2sym.pl -f 2- exp/tri1_decode/phones.txt - ) ark:<( lattice-to-phone-lattice exp/tri1/final.mdl "ark:gunzip -c exp/tri1/decode/lat.2.gz|" ark:- | lattice-best-path --acoustic-scale=0.1 ark:- ark,t:- ark:/dev/null | int2sym.pl -f 2- exp/tri1_decode/phones.txt - ) ark:exp/tri1_decode/confusions.2.txt 
# Started at Sun May 16 21:01:38 CST 2021
#
ali-to-phones exp/tri1/final.mdl 'ark:gunzip -c exp/tri1_decode/ali.2.gz|' ark,t:- 
lattice-to-phone-lattice exp/tri1/final.mdl 'ark:gunzip -c exp/tri1/decode/lat.2.gz|' ark:- 
align-text ark:/dev/fd/63 ark:/dev/fd/62 ark:exp/tri1_decode/confusions.2.txt 
lattice-best-path --acoustic-scale=0.1 ark:- ark,t:- ark:/dev/null 
LOG (lattice-best-path[5.5.896~1-8a59]:main():lattice-best-path.cc:99) For utterance weather002_002, best cost 130.86 + 9610.19 = 9741.05 over 961 frames.
LOG (lattice-best-path[5.5.896~1-8a59]:main():lattice-best-path.cc:99) For utterance weather002_003, best cost 148.558 + 9364.07 = 9512.62 over 949 frames.
LOG (lattice-best-path[5.5.896~1-8a59]:main():lattice-best-path.cc:99) For utterance weather002_004, best cost 428.581 + 31645.1 = 32073.6 over 3153 frames.
LOG (lattice-best-path[5.5.896~1-8a59]:main():lattice-best-path.cc:99) For utterance weather002_005, best cost 152.846 + 8755.06 = 8907.91 over 859 frames.
LOG (lattice-best-path[5.5.896~1-8a59]:main():lattice-best-path.cc:99) For utterance weather003_001, best cost 121.198 + 9647.42 = 9768.62 over 1016 frames.
LOG (lattice-best-path[5.5.896~1-8a59]:main():lattice-best-path.cc:99) For utterance weather003_002, best cost 383.636 + 24700.2 = 25083.8 over 2581 frames.
LOG (lattice-best-path[5.5.896~1-8a59]:main():lattice-best-path.cc:99) For utterance weather003_003, best cost 96.3235 + 5964.1 = 6060.43 over 624 frames.
LOG (lattice-best-path[5.5.896~1-8a59]:main():lattice-best-path.cc:99) For utterance weather003_004, best cost 187.636 + 9936.55 = 10124.2 over 1062 frames.
LOG (lattice-to-phone-lattice[5.5.896~1-8a59]:main():lattice-to-phone-lattice.cc:94) Done converting 9 lattices.
LOG (ali-to-phones[5.5.896~1-8a59]:main():ali-to-phones.cc:134) Done 9 utterances.
LOG (lattice-best-path[5.5.896~1-8a59]:main():lattice-best-path.cc:99) For utterance weather003_005, best cost 403.75 + 22426.5 = 22830.3 over 2377 frames.
LOG (lattice-best-path[5.5.896~1-8a59]:main():lattice-best-path.cc:124) Overall cost per frame is 9.87355 = 0.151185 [graph] + 9.72236 [acoustic] over 13582 frames.
LOG (lattice-best-path[5.5.896~1-8a59]:main():lattice-best-path.cc:128) Done 9 lattices, failed for 0
LOG (align-text[5.5.896~1-8a59]:main():align-text.cc:135) Done 9 sentences, failed for 0
# Accounting: time=3 threads=1
# Ended (code 0) at Sun May 16 21:01:42 CST 2021, elapsed time 3 seconds
