# align-text ark:<( ali-to-phones exp/tri1/final.mdl "ark:gunzip -c exp/tri1_decode/ali.5.gz|" ark,t:- | int2sym.pl -f 2- exp/tri1_decode/phones.txt - ) ark:<( lattice-to-phone-lattice exp/tri1/final.mdl "ark:gunzip -c exp/tri1/decode/lat.5.gz|" ark:- | lattice-best-path --acoustic-scale=0.1 ark:- ark,t:- ark:/dev/null | int2sym.pl -f 2- exp/tri1_decode/phones.txt - ) ark:exp/tri1_decode/confusions.5.txt 
# Started at Sun May 16 21:01:38 CST 2021
#
align-text ark:/dev/fd/63 ark:/dev/fd/62 ark:exp/tri1_decode/confusions.5.txt 
lattice-best-path --acoustic-scale=0.1 ark:- ark,t:- ark:/dev/null 
ali-to-phones exp/tri1/final.mdl 'ark:gunzip -c exp/tri1_decode/ali.5.gz|' ark,t:- 
lattice-to-phone-lattice exp/tri1/final.mdl 'ark:gunzip -c exp/tri1/decode/lat.5.gz|' ark:- 
LOG (ali-to-phones[5.5.896~1-8a59]:main():ali-to-phones.cc:134) Done 9 utterances.
LOG (lattice-best-path[5.5.896~1-8a59]:main():lattice-best-path.cc:99) For utterance weather005_001, best cost 70.0764 + 5508.53 = 5578.61 over 579 frames.
LOG (lattice-best-path[5.5.896~1-8a59]:main():lattice-best-path.cc:99) For utterance weather005_002, best cost 345.606 + 23835.6 = 24181.2 over 2513 frames.
LOG (lattice-best-path[5.5.896~1-8a59]:main():lattice-best-path.cc:99) For utterance weather005_003, best cost 395.145 + 25055.2 = 25450.4 over 2638 frames.
LOG (lattice-best-path[5.5.896~1-8a59]:main():lattice-best-path.cc:99) For utterance weather005_004, best cost 252.766 + 15944.2 = 16196.9 over 1687 frames.
LOG (lattice-best-path[5.5.896~1-8a59]:main():lattice-best-path.cc:99) For utterance weather005_005, best cost 118.373 + 8328.27 = 8446.65 over 885 frames.
LOG (lattice-best-path[5.5.896~1-8a59]:main():lattice-best-path.cc:99) For utterance weather005_006, best cost 224.683 + 17316.5 = 17541.2 over 1833 frames.
LOG (lattice-best-path[5.5.896~1-8a59]:main():lattice-best-path.cc:99) For utterance weather005_007, best cost 343.419 + 26176.2 = 26519.6 over 2785 frames.
LOG (lattice-best-path[5.5.896~1-8a59]:main():lattice-best-path.cc:99) For utterance weather005_008, best cost 226.022 + 17612 = 17838 over 1862 frames.
LOG (lattice-to-phone-lattice[5.5.896~1-8a59]:main():lattice-to-phone-lattice.cc:94) Done converting 9 lattices.
LOG (lattice-best-path[5.5.896~1-8a59]:main():lattice-best-path.cc:99) For utterance weather005_009, best cost 182.211 + 10002.9 = 10185.1 over 1057 frames.
LOG (lattice-best-path[5.5.896~1-8a59]:main():lattice-best-path.cc:124) Overall cost per frame is 9.59263 = 0.136265 [graph] + 9.45637 [acoustic] over 15839 frames.
LOG (lattice-best-path[5.5.896~1-8a59]:main():lattice-best-path.cc:128) Done 9 lattices, failed for 0
LOG (align-text[5.5.896~1-8a59]:main():align-text.cc:135) Done 9 sentences, failed for 0
# Accounting: time=3 threads=1
# Ended (code 0) at Sun May 16 21:01:42 CST 2021, elapsed time 3 seconds
