# gmm-latgen-faster --max-active=7000 --beam=13.0 --lattice-beam=6.0 --acoustic-scale=0.083333 --determinize-lattice=false --allow-partial=true --word-symbol-table=exp/tri4a/graph/words.txt exp/tri4a/final.mdl exp/tri4a/graph/HCLG.fst "ark,s,cs:apply-cmvn  --utt2spk=ark:data/test/split16/11/utt2spk scp:data/test/split16/11/cmvn.scp scp:data/test/split16/11/feats.scp ark:- | splice-feats  ark:- ark:- | transform-feats exp/tri4a/final.mat ark:- ark:- | transform-feats --utt2spk=ark:data/test/split16/11/utt2spk ark:exp/tri4a/decode/pre_trans.11 ark:- ark:- |" "ark:|gzip -c > exp/tri4a/decode/lat.tmp.11.gz" 
# Started at Sun Apr  4 23:48:21 CST 2021
#
gmm-latgen-faster --max-active=7000 --beam=13.0 --lattice-beam=6.0 --acoustic-scale=0.083333 --determinize-lattice=false --allow-partial=true --word-symbol-table=exp/tri4a/graph/words.txt exp/tri4a/final.mdl exp/tri4a/graph/HCLG.fst 'ark,s,cs:apply-cmvn  --utt2spk=ark:data/test/split16/11/utt2spk scp:data/test/split16/11/cmvn.scp scp:data/test/split16/11/feats.scp ark:- | splice-feats  ark:- ark:- | transform-feats exp/tri4a/final.mat ark:- ark:- | transform-feats --utt2spk=ark:data/test/split16/11/utt2spk ark:exp/tri4a/decode/pre_trans.11 ark:- ark:- |' 'ark:|gzip -c > exp/tri4a/decode/lat.tmp.11.gz' 
transform-feats exp/tri4a/final.mat ark:- ark:- 
transform-feats --utt2spk=ark:data/test/split16/11/utt2spk ark:exp/tri4a/decode/pre_trans.11 ark:- ark:- 
apply-cmvn --utt2spk=ark:data/test/split16/11/utt2spk scp:data/test/split16/11/cmvn.scp scp:data/test/split16/11/feats.scp ark:- 
splice-feats ark:- ark:- 
LOG (apply-cmvn[5.5.896~1-8a59]:main():apply-cmvn.cc:162) Applied cepstral mean normalization to 4 utterances, errors on 0
weather031_014 AT HINDI NAMAN APEKTADO NG BAGYO ANG AH NORTHERN AT CENTRAL LUZON NA MABABA LAMANG ANG TSANSANG UMULAN EH MGA MAHIHINANG PAGULAN DIYAN ISOLATED DIYAN SA MAY QUEZON AT AURORA PROVINCES 
LOG (gmm-latgen-faster[5.5.896~1-8a59]:DecodeUtteranceLatticeFaster():decoder-wrappers.cc:375) Log-like per frame for utterance weather031_014 is -4.40267 over 986 frames.
weather031_015 AT SA METRO MANILA MAGIGING MAULAP BUKAS PERO HALOS WALANG ULAN NA INAASAHAN DAHIL MGA KAPUSO MALAYO PO TAYO SA CENTRO NG BAGYO 
LOG (gmm-latgen-faster[5.5.896~1-8a59]:DecodeUtteranceLatticeFaster():decoder-wrappers.cc:375) Log-like per frame for utterance weather031_015 is -4.23677 over 803 frames.
LOG (transform-feats[5.5.896~1-8a59]:main():transform-feats.cc:158) Overall average [pseudo-]logdet is -88.4635 over 4419 frames.
LOG (transform-feats[5.5.896~1-8a59]:main():transform-feats.cc:161) Applied transform to 4 utterances; 0 had errors.
weather031_016 MATAAS NAMAN ANG ALON SA MGA LUGAR NA MAY SIGNAL YUNG MAY KULAY ASUL NA YAN KASAMA NA ANG NA DAVAO ORIENTAL AT OCCIDENTAL NA ULAN SIGNAL PERO MALAKAS DIN YUNG INAASAHANG MGA PAGALON JESSICA 
LOG (gmm-latgen-faster[5.5.896~1-8a59]:DecodeUtteranceLatticeFaster():decoder-wrappers.cc:375) Log-like per frame for utterance weather031_016 is -4.50561 over 1080 frames.
LOG (transform-feats[5.5.896~1-8a59]:main():transform-feats.cc:158) Overall average logdet is 2.19745 over 4419 frames.
LOG (transform-feats[5.5.896~1-8a59]:main():transform-feats.cc:161) Applied transform to 4 utterances; 0 had errors.
weather031_017 MANG TANI ITO NA YUNG EPEKTO UNANG AMIHAN NO YUNG MGA BAGYO I BIGLANG SA MABABANG PARTE NA NA MGA PILIPINAS TUMATAMA YUNG HABAGAT SA MAY TO MATAAS NGAYON PO PABABA NG PABABA AMIHAN ONE O ONE MANG TANI ANO BANG PAGKAKAIBA NITO AMIHAN SA HABAGAT 
LOG (gmm-latgen-faster[5.5.896~1-8a59]:DecodeUtteranceLatticeFaster():decoder-wrappers.cc:375) Log-like per frame for utterance weather031_017 is -4.54287 over 1550 frames.
LOG (gmm-latgen-faster[5.5.896~1-8a59]:main():gmm-latgen-faster.cc:176) Time taken 10.1359s: real-time factor assuming 100 frames/sec is 0.22937
LOG (gmm-latgen-faster[5.5.896~1-8a59]:main():gmm-latgen-faster.cc:179) Done 4 utterances, failed for 0
LOG (gmm-latgen-faster[5.5.896~1-8a59]:main():gmm-latgen-faster.cc:181) Overall log-likelihood per frame is -4.44686 over 4419 frames.
# Accounting: time=12 threads=1
# Ended (code 0) at Sun Apr  4 23:48:33 CST 2021, elapsed time 12 seconds
