# lattice-determinize-pruned --acoustic-scale=0.083333 --beam=4.0 "ark:gunzip -c exp/tri4a/decode/lat.tmp.14.gz|" ark:- | lattice-to-post --acoustic-scale=0.083333 ark:- ark:- | weight-silence-post 0.01 1:2:3:4:5:6:7:8:9:10 exp/tri4a/final.mdl ark:- ark:- | gmm-est-fmllr --fmllr-update-type=full --spk2utt=ark:data/test/split16/14/spk2utt exp/tri4a/final.mdl "ark,s,cs:apply-cmvn  --utt2spk=ark:data/test/split16/14/utt2spk scp:data/test/split16/14/cmvn.scp scp:data/test/split16/14/feats.scp ark:- | splice-feats  ark:- ark:- | transform-feats exp/tri4a/final.mat ark:- ark:- | transform-feats --utt2spk=ark:data/test/split16/14/utt2spk ark:exp/tri4a/decode/pre_trans.14 ark:- ark:- |" ark,s,cs:- ark:exp/tri4a/decode/trans_tmp.14 && compose-transforms --b-is-affine=true ark:exp/tri4a/decode/trans_tmp.14 ark:exp/tri4a/decode/pre_trans.14 ark:exp/tri4a/decode/trans.14 
# Started at Sun Apr  4 23:48:39 CST 2021
#
weight-silence-post 0.01 1:2:3:4:5:6:7:8:9:10 exp/tri4a/final.mdl ark:- ark:- 
lattice-determinize-pruned --acoustic-scale=0.083333 --beam=4.0 'ark:gunzip -c exp/tri4a/decode/lat.tmp.14.gz|' ark:- 
lattice-to-post --acoustic-scale=0.083333 ark:- ark:- 
gmm-est-fmllr --fmllr-update-type=full --spk2utt=ark:data/test/split16/14/spk2utt exp/tri4a/final.mdl 'ark,s,cs:apply-cmvn  --utt2spk=ark:data/test/split16/14/utt2spk scp:data/test/split16/14/cmvn.scp scp:data/test/split16/14/feats.scp ark:- | splice-feats  ark:- ark:- | transform-feats exp/tri4a/final.mat ark:- ark:- | transform-feats --utt2spk=ark:data/test/split16/14/utt2spk ark:exp/tri4a/decode/pre_trans.14 ark:- ark:- |' ark,s,cs:- ark:exp/tri4a/decode/trans_tmp.14 
transform-feats --utt2spk=ark:data/test/split16/14/utt2spk ark:exp/tri4a/decode/pre_trans.14 ark:- ark:- 
splice-feats ark:- ark:- 
apply-cmvn --utt2spk=ark:data/test/split16/14/utt2spk scp:data/test/split16/14/cmvn.scp scp:data/test/split16/14/feats.scp ark:- 
transform-feats exp/tri4a/final.mat ark:- ark:- 
LOG (lattice-determinize-pruned[5.5.896~1-8a59]:main():lattice-determinize-pruned.cc:159) Average input-lattice depth (measured at at state level) is 7.2333, output depth is 1.63254, over 6768 frames  (average num-frames = 1692).
LOG (lattice-determinize-pruned[5.5.896~1-8a59]:main():lattice-determinize-pruned.cc:164) Done 4 lattices, determinization finished earlier than specified by the beam (or output was empty) on 0 of these.
LOG (lattice-to-post[5.5.896~1-8a59]:main():lattice-to-post.cc:106) Overall average log-like/frame is -4.48428 over 6768 frames.  Average acoustic like/frame is -4.28397
LOG (lattice-to-post[5.5.896~1-8a59]:main():lattice-to-post.cc:110) Done 4 lattices.
LOG (apply-cmvn[5.5.896~1-8a59]:main():apply-cmvn.cc:162) Applied cepstral mean normalization to 4 utterances, errors on 0
LOG (gmm-est-fmllr[5.5.896~1-8a59]:ComputeFmllrMatrixDiagGmmFull():fmllr-diag-gmm.cc:262) fMLLR objf improvement is 0.418353 per frame over 2190.07 frames.
LOG (gmm-est-fmllr[5.5.896~1-8a59]:main():gmm-est-fmllr.cc:143) For speaker weather031_026, auxf-impr from fMLLR is 0.418353, over 2190.07 frames.
LOG (weight-silence-post[5.5.896~1-8a59]:main():weight-silence-post.cc:95) Done 4 posteriors.
LOG (gmm-est-fmllr[5.5.896~1-8a59]:ComputeFmllrMatrixDiagGmmFull():fmllr-diag-gmm.cc:262) fMLLR objf improvement is 0.664693 per frame over 983.152 frames.
LOG (gmm-est-fmllr[5.5.896~1-8a59]:main():gmm-est-fmllr.cc:143) For speaker weather031_027, auxf-impr from fMLLR is 0.664693, over 983.152 frames.
LOG (transform-feats[5.5.896~1-8a59]:main():transform-feats.cc:158) Overall average [pseudo-]logdet is -88.4635 over 6768 frames.
LOG (transform-feats[5.5.896~1-8a59]:main():transform-feats.cc:161) Applied transform to 4 utterances; 0 had errors.
LOG (gmm-est-fmllr[5.5.896~1-8a59]:ComputeFmllrMatrixDiagGmmFull():fmllr-diag-gmm.cc:262) fMLLR objf improvement is 0.467113 per frame over 1516.09 frames.
LOG (gmm-est-fmllr[5.5.896~1-8a59]:main():gmm-est-fmllr.cc:143) For speaker weather031_028, auxf-impr from fMLLR is 0.467113, over 1516.09 frames.
LOG (transform-feats[5.5.896~1-8a59]:main():transform-feats.cc:158) Overall average logdet is -0.445658 over 6768 frames.
LOG (transform-feats[5.5.896~1-8a59]:main():transform-feats.cc:161) Applied transform to 4 utterances; 0 had errors.
LOG (gmm-est-fmllr[5.5.896~1-8a59]:ComputeFmllrMatrixDiagGmmFull():fmllr-diag-gmm.cc:262) fMLLR objf improvement is 0.568014 per frame over 1137.81 frames.
LOG (gmm-est-fmllr[5.5.896~1-8a59]:main():gmm-est-fmllr.cc:143) For speaker weather031_029, auxf-impr from fMLLR is 0.568014, over 1137.81 frames.
LOG (gmm-est-fmllr[5.5.896~1-8a59]:main():gmm-est-fmllr.cc:188) Done 4 files, 0 with no posts, 0 with other errors.
LOG (gmm-est-fmllr[5.5.896~1-8a59]:main():gmm-est-fmllr.cc:190) Overall fMLLR auxf impr per frame is 0.501825 over 5827.12 frames.
compose-transforms --b-is-affine=true ark:exp/tri4a/decode/trans_tmp.14 ark:exp/tri4a/decode/pre_trans.14 ark:exp/tri4a/decode/trans.14 
# Accounting: time=5 threads=1
# Ended (code 0) at Sun Apr  4 23:48:44 CST 2021, elapsed time 5 seconds
