# gunzip -c exp/tri4a/decode.si/lat.7.gz | lattice-to-post --acoustic-scale=0.083333 ark:- ark:- | weight-silence-post 0.01 1:2:3:4:5:6:7:8:9:10 exp/tri4a/final.alimdl ark:- ark:- | gmm-post-to-gpost exp/tri4a/final.alimdl "ark,s,cs:apply-cmvn  --utt2spk=ark:data/test/split16/7/utt2spk scp:data/test/split16/7/cmvn.scp scp:data/test/split16/7/feats.scp ark:- | splice-feats  ark:- ark:- | transform-feats exp/tri4a/final.mat ark:- ark:- |" ark:- ark:- | gmm-est-fmllr-gpost --fmllr-update-type=full --spk2utt=ark:data/test/split16/7/spk2utt exp/tri4a/final.mdl "ark,s,cs:apply-cmvn  --utt2spk=ark:data/test/split16/7/utt2spk scp:data/test/split16/7/cmvn.scp scp:data/test/split16/7/feats.scp ark:- | splice-feats  ark:- ark:- | transform-feats exp/tri4a/final.mat ark:- ark:- |" ark,s,cs:- ark:exp/tri4a/decode/pre_trans.7 
# Started at Sun Apr  4 23:48:15 CST 2021
#
gmm-post-to-gpost exp/tri4a/final.alimdl 'ark,s,cs:apply-cmvn  --utt2spk=ark:data/test/split16/7/utt2spk scp:data/test/split16/7/cmvn.scp scp:data/test/split16/7/feats.scp ark:- | splice-feats  ark:- ark:- | transform-feats exp/tri4a/final.mat ark:- ark:- |' ark:- ark:- 
lattice-to-post --acoustic-scale=0.083333 ark:- ark:- 
splice-feats ark:- ark:- 
weight-silence-post 0.01 1:2:3:4:5:6:7:8:9:10 exp/tri4a/final.alimdl ark:- ark:- 
LOG (lattice-to-post[5.5.896~1-8a59]:main():lattice-to-post.cc:106) Overall average log-like/frame is -5.1405 over 4567 frames.  Average acoustic like/frame is -4.96843
LOG (lattice-to-post[5.5.896~1-8a59]:main():lattice-to-post.cc:110) Done 4 lattices.
gmm-est-fmllr-gpost --fmllr-update-type=full --spk2utt=ark:data/test/split16/7/spk2utt exp/tri4a/final.mdl 'ark,s,cs:apply-cmvn  --utt2spk=ark:data/test/split16/7/utt2spk scp:data/test/split16/7/cmvn.scp scp:data/test/split16/7/feats.scp ark:- | splice-feats  ark:- ark:- | transform-feats exp/tri4a/final.mat ark:- ark:- |' ark,s,cs:- ark:exp/tri4a/decode/pre_trans.7 
transform-feats exp/tri4a/final.mat ark:- ark:- 
apply-cmvn --utt2spk=ark:data/test/split16/7/utt2spk scp:data/test/split16/7/cmvn.scp scp:data/test/split16/7/feats.scp ark:- 
splice-feats ark:- ark:- 
transform-feats exp/tri4a/final.mat ark:- ark:- 
apply-cmvn --utt2spk=ark:data/test/split16/7/utt2spk scp:data/test/split16/7/cmvn.scp scp:data/test/split16/7/feats.scp ark:- 
LOG (weight-silence-post[5.5.896~1-8a59]:main():weight-silence-post.cc:95) Done 4 posteriors.
LOG (apply-cmvn[5.5.896~1-8a59]:main():apply-cmvn.cc:162) Applied cepstral mean normalization to 4 utterances, errors on 0
LOG (apply-cmvn[5.5.896~1-8a59]:main():apply-cmvn.cc:162) Applied cepstral mean normalization to 4 utterances, errors on 0
LOG (gmm-est-fmllr-gpost[5.5.896~1-8a59]:ComputeFmllrMatrixDiagGmmFull():fmllr-diag-gmm.cc:262) fMLLR objf improvement is 12.222 per frame over 1486.02 frames.
LOG (gmm-est-fmllr-gpost[5.5.896~1-8a59]:main():gmm-est-fmllr-gpost.cc:141) For speaker weather030_014, auxf-impr from fMLLR is 12.222, over 1486.02 frames.

LOG (gmm-est-fmllr-gpost[5.5.896~1-8a59]:ComputeFmllrMatrixDiagGmmFull():fmllr-diag-gmm.cc:262) fMLLR objf improvement is 14.7558 per frame over 938.948 frames.
LOG (gmm-est-fmllr-gpost[5.5.896~1-8a59]:main():gmm-est-fmllr-gpost.cc:141) For speaker weather030_015, auxf-impr from fMLLR is 14.7558, over 938.948 frames.

LOG (transform-feats[5.5.896~1-8a59]:main():transform-feats.cc:158) Overall average [pseudo-]logdet is -88.4635 over 4567 frames.
LOG (transform-feats[5.5.896~1-8a59]:main():transform-feats.cc:161) Applied transform to 4 utterances; 0 had errors.
LOG (gmm-est-fmllr-gpost[5.5.896~1-8a59]:ComputeFmllrMatrixDiagGmmFull():fmllr-diag-gmm.cc:262) fMLLR objf improvement is 15.4106 per frame over 793.485 frames.
LOG (gmm-est-fmllr-gpost[5.5.896~1-8a59]:main():gmm-est-fmllr-gpost.cc:141) For speaker weather030_016, auxf-impr from fMLLR is 15.4106, over 793.485 frames.

LOG (transform-feats[5.5.896~1-8a59]:main():transform-feats.cc:158) Overall average [pseudo-]logdet is -88.4635 over 4567 frames.
LOG (transform-feats[5.5.896~1-8a59]:main():transform-feats.cc:161) Applied transform to 4 utterances; 0 had errors.
LOG (gmm-post-to-gpost[5.5.896~1-8a59]:main():gmm-post-to-gpost.cc:124) Done 4 files, 0 with no posteriors, 0 with other errors.
LOG (gmm-post-to-gpost[5.5.896~1-8a59]:main():gmm-post-to-gpost.cc:128) Overall avg like per frame (Gaussian only) = -61.1709 over 3890.15 frames.
LOG (gmm-post-to-gpost[5.5.896~1-8a59]:main():gmm-post-to-gpost.cc:131) Done converting post to gpost
LOG (gmm-est-fmllr-gpost[5.5.896~1-8a59]:ComputeFmllrMatrixDiagGmmFull():fmllr-diag-gmm.cc:262) fMLLR objf improvement is 17.5961 per frame over 671.69 frames.
LOG (gmm-est-fmllr-gpost[5.5.896~1-8a59]:main():gmm-est-fmllr-gpost.cc:141) For speaker weather030_017, auxf-impr from fMLLR is 17.5961, over 671.69 frames.

LOG (gmm-est-fmllr-gpost[5.5.896~1-8a59]:main():gmm-est-fmllr-gpost.cc:186) Done 4 files, 0 with no gposts, 0 with other errors.
LOG (gmm-est-fmllr-gpost[5.5.896~1-8a59]:main():gmm-est-fmllr-gpost.cc:188) Overall fMLLR auxf impr per frame is 14.4119 over 3890.14 frames.
# Accounting: time=4 threads=1
# Ended (code 0) at Sun Apr  4 23:48:19 CST 2021, elapsed time 4 seconds
