# lattice-determinize-pruned --acoustic-scale=0.083333 --beam=4.0 "ark:gunzip -c exp/tri4a/decode/lat.tmp.13.gz|" ark:- | lattice-to-post --acoustic-scale=0.083333 ark:- ark:- | weight-silence-post 0.01 1:2:3:4:5:6:7:8:9:10 exp/tri4a/final.mdl ark:- ark:- | gmm-est-fmllr --fmllr-update-type=full --spk2utt=ark:data/test/split16/13/spk2utt exp/tri4a/final.mdl "ark,s,cs:apply-cmvn  --utt2spk=ark:data/test/split16/13/utt2spk scp:data/test/split16/13/cmvn.scp scp:data/test/split16/13/feats.scp ark:- | splice-feats  ark:- ark:- | transform-feats exp/tri4a/final.mat ark:- ark:- | transform-feats --utt2spk=ark:data/test/split16/13/utt2spk ark:exp/tri4a/decode/pre_trans.13 ark:- ark:- |" ark,s,cs:- ark:exp/tri4a/decode/trans_tmp.13 && compose-transforms --b-is-affine=true ark:exp/tri4a/decode/trans_tmp.13 ark:exp/tri4a/decode/pre_trans.13 ark:exp/tri4a/decode/trans.13 
# Started at Sun Apr  4 23:48:39 CST 2021
#
lattice-to-post --acoustic-scale=0.083333 ark:- ark:- 
weight-silence-post 0.01 1:2:3:4:5:6:7:8:9:10 exp/tri4a/final.mdl ark:- ark:- 
gmm-est-fmllr --fmllr-update-type=full --spk2utt=ark:data/test/split16/13/spk2utt exp/tri4a/final.mdl 'ark,s,cs:apply-cmvn  --utt2spk=ark:data/test/split16/13/utt2spk scp:data/test/split16/13/cmvn.scp scp:data/test/split16/13/feats.scp ark:- | splice-feats  ark:- ark:- | transform-feats exp/tri4a/final.mat ark:- ark:- | transform-feats --utt2spk=ark:data/test/split16/13/utt2spk ark:exp/tri4a/decode/pre_trans.13 ark:- ark:- |' ark,s,cs:- ark:exp/tri4a/decode/trans_tmp.13 
lattice-determinize-pruned --acoustic-scale=0.083333 --beam=4.0 'ark:gunzip -c exp/tri4a/decode/lat.tmp.13.gz|' ark:- 
splice-feats ark:- ark:- 
transform-feats --utt2spk=ark:data/test/split16/13/utt2spk ark:exp/tri4a/decode/pre_trans.13 ark:- ark:- 
transform-feats exp/tri4a/final.mat ark:- ark:- 
apply-cmvn --utt2spk=ark:data/test/split16/13/utt2spk scp:data/test/split16/13/cmvn.scp scp:data/test/split16/13/feats.scp ark:- 
LOG (lattice-determinize-pruned[5.5.896~1-8a59]:main():lattice-determinize-pruned.cc:159) Average input-lattice depth (measured at at state level) is 6.80662, output depth is 1.60042, over 6702 frames  (average num-frames = 1675.5).
LOG (lattice-determinize-pruned[5.5.896~1-8a59]:main():lattice-determinize-pruned.cc:164) Done 4 lattices, determinization finished earlier than specified by the beam (or output was empty) on 0 of these.
LOG (lattice-to-post[5.5.896~1-8a59]:main():lattice-to-post.cc:106) Overall average log-like/frame is -4.52394 over 6702 frames.  Average acoustic like/frame is -4.33304
LOG (lattice-to-post[5.5.896~1-8a59]:main():lattice-to-post.cc:110) Done 4 lattices.
LOG (gmm-est-fmllr[5.5.896~1-8a59]:ComputeFmllrMatrixDiagGmmFull():fmllr-diag-gmm.cc:262) fMLLR objf improvement is 0.622222 per frame over 874.578 frames.
LOG (gmm-est-fmllr[5.5.896~1-8a59]:main():gmm-est-fmllr.cc:143) For speaker weather031_022, auxf-impr from fMLLR is 0.622222, over 874.578 frames.
LOG (weight-silence-post[5.5.896~1-8a59]:main():weight-silence-post.cc:95) Done 4 posteriors.
LOG (apply-cmvn[5.5.896~1-8a59]:main():apply-cmvn.cc:162) Applied cepstral mean normalization to 4 utterances, errors on 0
LOG (gmm-est-fmllr[5.5.896~1-8a59]:ComputeFmllrMatrixDiagGmmFull():fmllr-diag-gmm.cc:262) fMLLR objf improvement is 0.457274 per frame over 2172.49 frames.
LOG (gmm-est-fmllr[5.5.896~1-8a59]:main():gmm-est-fmllr.cc:143) For speaker weather031_023, auxf-impr from fMLLR is 0.457274, over 2172.49 frames.
LOG (transform-feats[5.5.896~1-8a59]:main():transform-feats.cc:158) Overall average [pseudo-]logdet is -88.4635 over 6702 frames.
LOG (transform-feats[5.5.896~1-8a59]:main():transform-feats.cc:161) Applied transform to 4 utterances; 0 had errors.
LOG (gmm-est-fmllr[5.5.896~1-8a59]:ComputeFmllrMatrixDiagGmmFull():fmllr-diag-gmm.cc:262) fMLLR objf improvement is 0.564243 per frame over 1331.53 frames.
LOG (gmm-est-fmllr[5.5.896~1-8a59]:main():gmm-est-fmllr.cc:143) For speaker weather031_024, auxf-impr from fMLLR is 0.564243, over 1331.53 frames.
LOG (transform-feats[5.5.896~1-8a59]:main():transform-feats.cc:158) Overall average logdet is -0.344504 over 6702 frames.
LOG (transform-feats[5.5.896~1-8a59]:main():transform-feats.cc:161) Applied transform to 4 utterances; 0 had errors.
LOG (gmm-est-fmllr[5.5.896~1-8a59]:ComputeFmllrMatrixDiagGmmFull():fmllr-diag-gmm.cc:262) fMLLR objf improvement is 0.427038 per frame over 1417.64 frames.
LOG (gmm-est-fmllr[5.5.896~1-8a59]:main():gmm-est-fmllr.cc:143) For speaker weather031_025, auxf-impr from fMLLR is 0.427038, over 1417.64 frames.
LOG (gmm-est-fmllr[5.5.896~1-8a59]:main():gmm-est-fmllr.cc:188) Done 4 files, 0 with no posts, 0 with other errors.
LOG (gmm-est-fmllr[5.5.896~1-8a59]:main():gmm-est-fmllr.cc:190) Overall fMLLR auxf impr per frame is 0.499341 over 5796.24 frames.
compose-transforms --b-is-affine=true ark:exp/tri4a/decode/trans_tmp.13 ark:exp/tri4a/decode/pre_trans.13 ark:exp/tri4a/decode/trans.13 
# Accounting: time=5 threads=1
# Ended (code 0) at Sun Apr  4 23:48:44 CST 2021, elapsed time 5 seconds
