# gunzip -c exp/tri4a/decode.si/lat.2.gz | lattice-to-post --acoustic-scale=0.083333 ark:- ark:- | weight-silence-post 0.01 1:2:3:4:5:6:7:8:9:10 exp/tri4a/final.alimdl ark:- ark:- | gmm-post-to-gpost exp/tri4a/final.alimdl "ark,s,cs:apply-cmvn  --utt2spk=ark:data/test/split16/2/utt2spk scp:data/test/split16/2/cmvn.scp scp:data/test/split16/2/feats.scp ark:- | splice-feats  ark:- ark:- | transform-feats exp/tri4a/final.mat ark:- ark:- |" ark:- ark:- | gmm-est-fmllr-gpost --fmllr-update-type=full --spk2utt=ark:data/test/split16/2/spk2utt exp/tri4a/final.mdl "ark,s,cs:apply-cmvn  --utt2spk=ark:data/test/split16/2/utt2spk scp:data/test/split16/2/cmvn.scp scp:data/test/split16/2/feats.scp ark:- | splice-feats  ark:- ark:- | transform-feats exp/tri4a/final.mat ark:- ark:- |" ark,s,cs:- ark:exp/tri4a/decode/pre_trans.2 
# Started at Sun Apr  4 23:48:15 CST 2021
#
weight-silence-post 0.01 1:2:3:4:5:6:7:8:9:10 exp/tri4a/final.alimdl ark:- ark:- 
lattice-to-post --acoustic-scale=0.083333 ark:- ark:- 
gmm-est-fmllr-gpost --fmllr-update-type=full --spk2utt=ark:data/test/split16/2/spk2utt exp/tri4a/final.mdl 'ark,s,cs:apply-cmvn  --utt2spk=ark:data/test/split16/2/utt2spk scp:data/test/split16/2/cmvn.scp scp:data/test/split16/2/feats.scp ark:- | splice-feats  ark:- ark:- | transform-feats exp/tri4a/final.mat ark:- ark:- |' ark,s,cs:- ark:exp/tri4a/decode/pre_trans.2 
LOG (lattice-to-post[5.5.896~1-8a59]:main():lattice-to-post.cc:106) Overall average log-like/frame is -6.10846 over 3862 frames.  Average acoustic like/frame is -5.89128
LOG (lattice-to-post[5.5.896~1-8a59]:main():lattice-to-post.cc:110) Done 4 lattices.
gmm-post-to-gpost exp/tri4a/final.alimdl 'ark,s,cs:apply-cmvn  --utt2spk=ark:data/test/split16/2/utt2spk scp:data/test/split16/2/cmvn.scp scp:data/test/split16/2/feats.scp ark:- | splice-feats  ark:- ark:- | transform-feats exp/tri4a/final.mat ark:- ark:- |' ark:- ark:- 
transform-feats exp/tri4a/final.mat ark:- ark:- 
apply-cmvn --utt2spk=ark:data/test/split16/2/utt2spk scp:data/test/split16/2/cmvn.scp scp:data/test/split16/2/feats.scp ark:- 
splice-feats ark:- ark:- 
transform-feats exp/tri4a/final.mat ark:- ark:- 
splice-feats ark:- ark:- 
apply-cmvn --utt2spk=ark:data/test/split16/2/utt2spk scp:data/test/split16/2/cmvn.scp scp:data/test/split16/2/feats.scp ark:- 
LOG (weight-silence-post[5.5.896~1-8a59]:main():weight-silence-post.cc:95) Done 4 posteriors.
LOG (apply-cmvn[5.5.896~1-8a59]:main():apply-cmvn.cc:162) Applied cepstral mean normalization to 4 utterances, errors on 0
LOG (gmm-est-fmllr-gpost[5.5.896~1-8a59]:ComputeFmllrMatrixDiagGmmFull():fmllr-diag-gmm.cc:262) fMLLR objf improvement is 19.9712 per frame over 596.813 frames.
LOG (gmm-est-fmllr-gpost[5.5.896~1-8a59]:main():gmm-est-fmllr-gpost.cc:141) For speaker weather029_011, auxf-impr from fMLLR is 19.9712, over 596.813 frames.

LOG (apply-cmvn[5.5.896~1-8a59]:main():apply-cmvn.cc:162) Applied cepstral mean normalization to 4 utterances, errors on 0
LOG (gmm-est-fmllr-gpost[5.5.896~1-8a59]:ComputeFmllrMatrixDiagGmmFull():fmllr-diag-gmm.cc:262) fMLLR objf improvement is 16.2212 per frame over 921.983 frames.
LOG (gmm-est-fmllr-gpost[5.5.896~1-8a59]:main():gmm-est-fmllr-gpost.cc:141) For speaker weather029_012, auxf-impr from fMLLR is 16.2212, over 921.983 frames.

LOG (transform-feats[5.5.896~1-8a59]:main():transform-feats.cc:158) Overall average [pseudo-]logdet is -88.4635 over 3862 frames.
LOG (transform-feats[5.5.896~1-8a59]:main():transform-feats.cc:161) Applied transform to 4 utterances; 0 had errors.
WARNING (gmm-est-fmllr-gpost[5.5.896~1-8a59]:Update():fmllr-diag-gmm.cc:162) Not updating fMLLR since below min-count: count is 352.762
LOG (gmm-est-fmllr-gpost[5.5.896~1-8a59]:main():gmm-est-fmllr-gpost.cc:141) For speaker weather029_013, auxf-impr from fMLLR is 0, over 352.762 frames.

LOG (transform-feats[5.5.896~1-8a59]:main():transform-feats.cc:158) Overall average [pseudo-]logdet is -88.4635 over 3862 frames.
LOG (transform-feats[5.5.896~1-8a59]:main():transform-feats.cc:161) Applied transform to 4 utterances; 0 had errors.
LOG (gmm-post-to-gpost[5.5.896~1-8a59]:main():gmm-post-to-gpost.cc:124) Done 4 files, 0 with no posteriors, 0 with other errors.
LOG (gmm-post-to-gpost[5.5.896~1-8a59]:main():gmm-post-to-gpost.cc:128) Overall avg like per frame (Gaussian only) = -71.4237 over 3312.28 frames.
LOG (gmm-post-to-gpost[5.5.896~1-8a59]:main():gmm-post-to-gpost.cc:131) Done converting post to gpost
LOG (gmm-est-fmllr-gpost[5.5.896~1-8a59]:ComputeFmllrMatrixDiagGmmFull():fmllr-diag-gmm.cc:262) fMLLR objf improvement is 14.2176 per frame over 1440.72 frames.
LOG (gmm-est-fmllr-gpost[5.5.896~1-8a59]:main():gmm-est-fmllr-gpost.cc:141) For speaker weather029_014, auxf-impr from fMLLR is 14.2176, over 1440.72 frames.

LOG (gmm-est-fmllr-gpost[5.5.896~1-8a59]:main():gmm-est-fmllr-gpost.cc:186) Done 4 files, 0 with no gposts, 0 with other errors.
LOG (gmm-est-fmllr-gpost[5.5.896~1-8a59]:main():gmm-est-fmllr-gpost.cc:188) Overall fMLLR auxf impr per frame is 14.2978 over 3312.28 frames.
# Accounting: time=4 threads=1
# Ended (code 0) at Sun Apr  4 23:48:20 CST 2021, elapsed time 4 seconds
