# ali-to-post "ark:gunzip -c exp/tri2a/ali.11.gz|" ark:- | weight-silence-post 0.0 1:2:3:4:5:6:7:8:9:10 exp/tri2a/12.mdl ark:- ark:- | gmm-acc-mllt --rand-prune=4.0 exp/tri2a/12.mdl "ark,s,cs:apply-cmvn  --utt2spk=ark:data/train/split16/11/utt2spk scp:data/train/split16/11/cmvn.scp scp:data/train/split16/11/feats.scp ark:- | splice-feats --left-context=3 --right-context=3 ark:- ark:- | transform-feats exp/tri2a/6.mat ark:- ark:- |" ark:- exp/tri2a/12.11.macc 
# Started at Sun May 16 20:47:18 CST 2021
#
weight-silence-post 0.0 1:2:3:4:5:6:7:8:9:10 exp/tri2a/12.mdl ark:- ark:- 
ali-to-post 'ark:gunzip -c exp/tri2a/ali.11.gz|' ark:- 
gmm-acc-mllt --rand-prune=4.0 exp/tri2a/12.mdl 'ark,s,cs:apply-cmvn  --utt2spk=ark:data/train/split16/11/utt2spk scp:data/train/split16/11/cmvn.scp scp:data/train/split16/11/feats.scp ark:- | splice-feats --left-context=3 --right-context=3 ark:- ark:- | transform-feats exp/tri2a/6.mat ark:- ark:- |' ark:- exp/tri2a/12.11.macc 
apply-cmvn --utt2spk=ark:data/train/split16/11/utt2spk scp:data/train/split16/11/cmvn.scp scp:data/train/split16/11/feats.scp ark:- 
transform-feats exp/tri2a/6.mat ark:- ark:- 
splice-feats --left-context=3 --right-context=3 ark:- ark:- 
LOG (gmm-acc-mllt[5.5.896~1-8a59]:main():gmm-acc-mllt.cc:108) Average like for this file is -42.2834 over 712 frames.
LOG (gmm-acc-mllt[5.5.896~1-8a59]:main():gmm-acc-mllt.cc:108) Average like for this file is -40.6112 over 925 frames.
LOG (gmm-acc-mllt[5.5.896~1-8a59]:main():gmm-acc-mllt.cc:108) Average like for this file is -40.4826 over 970 frames.
LOG (gmm-acc-mllt[5.5.896~1-8a59]:main():gmm-acc-mllt.cc:108) Average like for this file is -41.4917 over 986 frames.
LOG (gmm-acc-mllt[5.5.896~1-8a59]:main():gmm-acc-mllt.cc:108) Average like for this file is -41.8284 over 746 frames.
LOG (gmm-acc-mllt[5.5.896~1-8a59]:main():gmm-acc-mllt.cc:108) Average like for this file is -43.0822 over 1322 frames.
LOG (gmm-acc-mllt[5.5.896~1-8a59]:main():gmm-acc-mllt.cc:108) Average like for this file is -42.2235 over 1035 frames.
LOG (gmm-acc-mllt[5.5.896~1-8a59]:main():gmm-acc-mllt.cc:108) Average like for this file is -40.9874 over 1728 frames.
LOG (gmm-acc-mllt[5.5.896~1-8a59]:main():gmm-acc-mllt.cc:108) Average like for this file is -42.8816 over 1226 frames.
LOG (gmm-acc-mllt[5.5.896~1-8a59]:main():gmm-acc-mllt.cc:108) Average like for this file is -41.3656 over 1608 frames.
LOG (gmm-acc-mllt[5.5.896~1-8a59]:main():gmm-acc-mllt.cc:114) Avg like per frame so far is -41.7148
LOG (gmm-acc-mllt[5.5.896~1-8a59]:main():gmm-acc-mllt.cc:108) Average like for this file is -41.3304 over 1496 frames.
LOG (gmm-acc-mllt[5.5.896~1-8a59]:main():gmm-acc-mllt.cc:108) Average like for this file is -41.7913 over 1233 frames.
LOG (gmm-acc-mllt[5.5.896~1-8a59]:main():gmm-acc-mllt.cc:108) Average like for this file is -42.8787 over 866 frames.
LOG (gmm-acc-mllt[5.5.896~1-8a59]:main():gmm-acc-mllt.cc:108) Average like for this file is -43.6527 over 1317 frames.
LOG (gmm-acc-mllt[5.5.896~1-8a59]:main():gmm-acc-mllt.cc:108) Average like for this file is -42.9202 over 838 frames.
LOG (gmm-acc-mllt[5.5.896~1-8a59]:main():gmm-acc-mllt.cc:108) Average like for this file is -41.6635 over 948 frames.
LOG (gmm-acc-mllt[5.5.896~1-8a59]:main():gmm-acc-mllt.cc:108) Average like for this file is -42.168 over 892 frames.
LOG (gmm-acc-mllt[5.5.896~1-8a59]:main():gmm-acc-mllt.cc:108) Average like for this file is -39.9453 over 1202 frames.
LOG (gmm-acc-mllt[5.5.896~1-8a59]:main():gmm-acc-mllt.cc:108) Average like for this file is -40.6727 over 1378 frames.
LOG (gmm-acc-mllt[5.5.896~1-8a59]:main():gmm-acc-mllt.cc:108) Average like for this file is -42.3351 over 671 frames.
LOG (gmm-acc-mllt[5.5.896~1-8a59]:main():gmm-acc-mllt.cc:114) Avg like per frame so far is -41.7735
LOG (gmm-acc-mllt[5.5.896~1-8a59]:main():gmm-acc-mllt.cc:108) Average like for this file is -41.3378 over 754 frames.
LOG (gmm-acc-mllt[5.5.896~1-8a59]:main():gmm-acc-mllt.cc:108) Average like for this file is -40.2527 over 510 frames.
LOG (gmm-acc-mllt[5.5.896~1-8a59]:main():gmm-acc-mllt.cc:108) Average like for this file is -40.7217 over 640 frames.
LOG (gmm-acc-mllt[5.5.896~1-8a59]:main():gmm-acc-mllt.cc:108) Average like for this file is -40.6593 over 1207 frames.
LOG (gmm-acc-mllt[5.5.896~1-8a59]:main():gmm-acc-mllt.cc:108) Average like for this file is -40.8232 over 690 frames.
LOG (gmm-acc-mllt[5.5.896~1-8a59]:main():gmm-acc-mllt.cc:108) Average like for this file is -40.7243 over 755 frames.
LOG (gmm-acc-mllt[5.5.896~1-8a59]:main():gmm-acc-mllt.cc:108) Average like for this file is -42.8239 over 1828 frames.
LOG (gmm-acc-mllt[5.5.896~1-8a59]:main():gmm-acc-mllt.cc:108) Average like for this file is -41.2581 over 1415 frames.
LOG (gmm-acc-mllt[5.5.896~1-8a59]:main():gmm-acc-mllt.cc:108) Average like for this file is -44.1506 over 731 frames.
LOG (gmm-acc-mllt[5.5.896~1-8a59]:main():gmm-acc-mllt.cc:108) Average like for this file is -41.8812 over 1359 frames.
LOG (gmm-acc-mllt[5.5.896~1-8a59]:main():gmm-acc-mllt.cc:114) Avg like per frame so far is -41.7268
LOG (gmm-acc-mllt[5.5.896~1-8a59]:main():gmm-acc-mllt.cc:108) Average like for this file is -41.6009 over 711 frames.
LOG (gmm-acc-mllt[5.5.896~1-8a59]:main():gmm-acc-mllt.cc:108) Average like for this file is -40.3949 over 816 frames.
LOG (gmm-acc-mllt[5.5.896~1-8a59]:main():gmm-acc-mllt.cc:108) Average like for this file is -42.121 over 992 frames.
LOG (ali-to-post[5.5.896~1-8a59]:main():ali-to-post.cc:73) Converted 45 alignments.
LOG (gmm-acc-mllt[5.5.896~1-8a59]:main():gmm-acc-mllt.cc:108) Average like for this file is -44.2329 over 1121 frames.
LOG (gmm-acc-mllt[5.5.896~1-8a59]:main():gmm-acc-mllt.cc:108) Average like for this file is -43.5774 over 992 frames.
LOG (gmm-acc-mllt[5.5.896~1-8a59]:main():gmm-acc-mllt.cc:108) Average like for this file is -46.0975 over 743 frames.
LOG (gmm-acc-mllt[5.5.896~1-8a59]:main():gmm-acc-mllt.cc:108) Average like for this file is -46.2916 over 1336 frames.
LOG (gmm-acc-mllt[5.5.896~1-8a59]:main():gmm-acc-mllt.cc:108) Average like for this file is -46.8339 over 656 frames.
LOG (gmm-acc-mllt[5.5.896~1-8a59]:main():gmm-acc-mllt.cc:108) Average like for this file is -43.97 over 740 frames.
LOG (weight-silence-post[5.5.896~1-8a59]:main():weight-silence-post.cc:95) Done 45 posteriors.
LOG (gmm-acc-mllt[5.5.896~1-8a59]:main():gmm-acc-mllt.cc:108) Average like for this file is -45.9807 over 701 frames.
LOG (gmm-acc-mllt[5.5.896~1-8a59]:main():gmm-acc-mllt.cc:114) Avg like per frame so far is -42.2464
LOG (gmm-acc-mllt[5.5.896~1-8a59]:main():gmm-acc-mllt.cc:108) Average like for this file is -45.8668 over 1036 frames.
LOG (apply-cmvn[5.5.896~1-8a59]:main():apply-cmvn.cc:162) Applied cepstral mean normalization to 45 utterances, errors on 0
LOG (gmm-acc-mllt[5.5.896~1-8a59]:main():gmm-acc-mllt.cc:108) Average like for this file is -44.2458 over 689 frames.
LOG (gmm-acc-mllt[5.5.896~1-8a59]:main():gmm-acc-mllt.cc:108) Average like for this file is -47.0302 over 438 frames.
LOG (gmm-acc-mllt[5.5.896~1-8a59]:main():gmm-acc-mllt.cc:108) Average like for this file is -46.9497 over 569 frames.
LOG (transform-feats[5.5.896~1-8a59]:main():transform-feats.cc:158) Overall average [pseudo-]logdet is -84.1854 over 49003 frames.
LOG (transform-feats[5.5.896~1-8a59]:main():transform-feats.cc:161) Applied transform to 45 utterances; 0 had errors.
LOG (gmm-acc-mllt[5.5.896~1-8a59]:main():gmm-acc-mllt.cc:108) Average like for this file is -45.7 over 1006 frames.
LOG (gmm-acc-mllt[5.5.896~1-8a59]:main():gmm-acc-mllt.cc:119) Done 45 files, 0 with no posteriors, 0 with other errors.
LOG (gmm-acc-mllt[5.5.896~1-8a59]:main():gmm-acc-mllt.cc:123) Overall avg like per frame (Gaussian only) = -42.5467 over 44534 frames.
LOG (gmm-acc-mllt[5.5.896~1-8a59]:main():gmm-acc-mllt.cc:127) Written accs.
# Accounting: time=4 threads=1
# Ended (code 0) at Sun May 16 20:47:23 CST 2021, elapsed time 4 seconds
