# ali-to-post "ark:gunzip -c exp/tri2a/ali.2.gz|" ark:- | weight-silence-post 0.0 1:2:3:4:5:6:7:8:9:10 exp/tri2a/6.mdl ark:- ark:- | gmm-acc-mllt --rand-prune=4.0 exp/tri2a/6.mdl "ark,s,cs:apply-cmvn  --utt2spk=ark:data/train/split16/2/utt2spk scp:data/train/split16/2/cmvn.scp scp:data/train/split16/2/feats.scp ark:- | splice-feats --left-context=3 --right-context=3 ark:- ark:- | transform-feats exp/tri2a/4.mat ark:- ark:- |" ark:- exp/tri2a/6.2.macc 
# Started at Sun May 16 20:46:31 CST 2021
#
gmm-acc-mllt --rand-prune=4.0 exp/tri2a/6.mdl 'ark,s,cs:apply-cmvn  --utt2spk=ark:data/train/split16/2/utt2spk scp:data/train/split16/2/cmvn.scp scp:data/train/split16/2/feats.scp ark:- | splice-feats --left-context=3 --right-context=3 ark:- ark:- | transform-feats exp/tri2a/4.mat ark:- ark:- |' ark:- exp/tri2a/6.2.macc 
weight-silence-post 0.0 1:2:3:4:5:6:7:8:9:10 exp/tri2a/6.mdl ark:- ark:- 
splice-feats --left-context=3 --right-context=3 ark:- ark:- 
ali-to-post 'ark:gunzip -c exp/tri2a/ali.2.gz|' ark:- 
apply-cmvn --utt2spk=ark:data/train/split16/2/utt2spk scp:data/train/split16/2/cmvn.scp scp:data/train/split16/2/feats.scp ark:- 
transform-feats exp/tri2a/4.mat ark:- ark:- 
LOG (gmm-acc-mllt[5.5.896~1-8a59]:main():gmm-acc-mllt.cc:108) Average like for this file is -57.9153 over 629 frames.
LOG (gmm-acc-mllt[5.5.896~1-8a59]:main():gmm-acc-mllt.cc:108) Average like for this file is -56.5444 over 326 frames.
LOG (gmm-acc-mllt[5.5.896~1-8a59]:main():gmm-acc-mllt.cc:108) Average like for this file is -58.9906 over 1127 frames.
LOG (gmm-acc-mllt[5.5.896~1-8a59]:main():gmm-acc-mllt.cc:108) Average like for this file is -55.6152 over 1243 frames.
LOG (gmm-acc-mllt[5.5.896~1-8a59]:main():gmm-acc-mllt.cc:108) Average like for this file is -55.8837 over 1139 frames.
LOG (gmm-acc-mllt[5.5.896~1-8a59]:main():gmm-acc-mllt.cc:108) Average like for this file is -55.7632 over 358 frames.
LOG (gmm-acc-mllt[5.5.896~1-8a59]:main():gmm-acc-mllt.cc:108) Average like for this file is -56.2814 over 894 frames.
LOG (gmm-acc-mllt[5.5.896~1-8a59]:main():gmm-acc-mllt.cc:108) Average like for this file is -55.225 over 907 frames.
LOG (gmm-acc-mllt[5.5.896~1-8a59]:main():gmm-acc-mllt.cc:108) Average like for this file is -55.1585 over 166 frames.
LOG (gmm-acc-mllt[5.5.896~1-8a59]:main():gmm-acc-mllt.cc:108) Average like for this file is -56.7064 over 689 frames.
LOG (gmm-acc-mllt[5.5.896~1-8a59]:main():gmm-acc-mllt.cc:114) Avg like per frame so far is -56.5286
LOG (gmm-acc-mllt[5.5.896~1-8a59]:main():gmm-acc-mllt.cc:108) Average like for this file is -63.6543 over 469 frames.
LOG (gmm-acc-mllt[5.5.896~1-8a59]:main():gmm-acc-mllt.cc:108) Average like for this file is -59.9472 over 456 frames.
LOG (gmm-acc-mllt[5.5.896~1-8a59]:main():gmm-acc-mllt.cc:108) Average like for this file is -61.1522 over 451 frames.
LOG (gmm-acc-mllt[5.5.896~1-8a59]:main():gmm-acc-mllt.cc:108) Average like for this file is -56.941 over 671 frames.
LOG (gmm-acc-mllt[5.5.896~1-8a59]:main():gmm-acc-mllt.cc:108) Average like for this file is -56.5363 over 453 frames.
LOG (gmm-acc-mllt[5.5.896~1-8a59]:main():gmm-acc-mllt.cc:108) Average like for this file is -56.7136 over 335 frames.
LOG (gmm-acc-mllt[5.5.896~1-8a59]:main():gmm-acc-mllt.cc:108) Average like for this file is -57.9912 over 786 frames.
LOG (gmm-acc-mllt[5.5.896~1-8a59]:main():gmm-acc-mllt.cc:108) Average like for this file is -56.3292 over 321 frames.
LOG (gmm-acc-mllt[5.5.896~1-8a59]:main():gmm-acc-mllt.cc:108) Average like for this file is -58.5845 over 271 frames.
LOG (ali-to-post[5.5.896~1-8a59]:main():ali-to-post.cc:73) Converted 44 alignments.
LOG (weight-silence-post[5.5.896~1-8a59]:main():weight-silence-post.cc:95) Done 44 posteriors.
LOG (gmm-acc-mllt[5.5.896~1-8a59]:main():gmm-acc-mllt.cc:108) Average like for this file is -59.8598 over 606 frames.
LOG (gmm-acc-mllt[5.5.896~1-8a59]:main():gmm-acc-mllt.cc:114) Avg like per frame so far is -57.4223
LOG (gmm-acc-mllt[5.5.896~1-8a59]:main():gmm-acc-mllt.cc:108) Average like for this file is -62.5597 over 519 frames.
LOG (gmm-acc-mllt[5.5.896~1-8a59]:main():gmm-acc-mllt.cc:108) Average like for this file is -60.3734 over 859 frames.
LOG (gmm-acc-mllt[5.5.896~1-8a59]:main():gmm-acc-mllt.cc:108) Average like for this file is -59.7088 over 581 frames.
LOG (gmm-acc-mllt[5.5.896~1-8a59]:main():gmm-acc-mllt.cc:108) Average like for this file is -60.079 over 2069 frames.
LOG (gmm-acc-mllt[5.5.896~1-8a59]:main():gmm-acc-mllt.cc:108) Average like for this file is -59.6716 over 1254 frames.
LOG (gmm-acc-mllt[5.5.896~1-8a59]:main():gmm-acc-mllt.cc:108) Average like for this file is -62.3361 over 997 frames.
LOG (gmm-acc-mllt[5.5.896~1-8a59]:main():gmm-acc-mllt.cc:108) Average like for this file is -58.8936 over 610 frames.
LOG (gmm-acc-mllt[5.5.896~1-8a59]:main():gmm-acc-mllt.cc:108) Average like for this file is -59.69 over 1424 frames.
LOG (gmm-acc-mllt[5.5.896~1-8a59]:main():gmm-acc-mllt.cc:108) Average like for this file is -58.2008 over 899 frames.
LOG (gmm-acc-mllt[5.5.896~1-8a59]:main():gmm-acc-mllt.cc:108) Average like for this file is -62.6932 over 444 frames.
LOG (gmm-acc-mllt[5.5.896~1-8a59]:main():gmm-acc-mllt.cc:114) Avg like per frame so far is -58.6482
LOG (gmm-acc-mllt[5.5.896~1-8a59]:main():gmm-acc-mllt.cc:108) Average like for this file is -64.2832 over 1112 frames.
LOG (gmm-acc-mllt[5.5.896~1-8a59]:main():gmm-acc-mllt.cc:108) Average like for this file is -62.005 over 1837 frames.
LOG (gmm-acc-mllt[5.5.896~1-8a59]:main():gmm-acc-mllt.cc:108) Average like for this file is -62.8835 over 527 frames.
LOG (gmm-acc-mllt[5.5.896~1-8a59]:main():gmm-acc-mllt.cc:108) Average like for this file is -61.8609 over 441 frames.
LOG (gmm-acc-mllt[5.5.896~1-8a59]:main():gmm-acc-mllt.cc:108) Average like for this file is -60.6157 over 403 frames.
LOG (gmm-acc-mllt[5.5.896~1-8a59]:main():gmm-acc-mllt.cc:108) Average like for this file is -60.7741 over 1033 frames.
LOG (gmm-acc-mllt[5.5.896~1-8a59]:main():gmm-acc-mllt.cc:108) Average like for this file is -61.2598 over 465 frames.
LOG (gmm-acc-mllt[5.5.896~1-8a59]:main():gmm-acc-mllt.cc:108) Average like for this file is -61.0421 over 619 frames.
LOG (gmm-acc-mllt[5.5.896~1-8a59]:main():gmm-acc-mllt.cc:108) Average like for this file is -60.3322 over 452 frames.
LOG (apply-cmvn[5.5.896~1-8a59]:main():apply-cmvn.cc:162) Applied cepstral mean normalization to 45 utterances, errors on 0
LOG (gmm-acc-mllt[5.5.896~1-8a59]:main():gmm-acc-mllt.cc:108) Average like for this file is -64.2888 over 1078 frames.
LOG (gmm-acc-mllt[5.5.896~1-8a59]:main():gmm-acc-mllt.cc:114) Avg like per frame so far is -59.6044
LOG (gmm-acc-mllt[5.5.896~1-8a59]:main():gmm-acc-mllt.cc:108) Average like for this file is -60.8189 over 878 frames.
LOG (gmm-acc-mllt[5.5.896~1-8a59]:main():gmm-acc-mllt.cc:108) Average like for this file is -61.9225 over 192 frames.
LOG (gmm-acc-mllt[5.5.896~1-8a59]:main():gmm-acc-mllt.cc:108) Average like for this file is -60.8552 over 453 frames.
LOG (transform-feats[5.5.896~1-8a59]:main():transform-feats.cc:158) Overall average [pseudo-]logdet is -84.9238 over 35694 frames.
LOG (transform-feats[5.5.896~1-8a59]:main():transform-feats.cc:161) Applied transform to 45 utterances; 0 had errors.
LOG (gmm-acc-mllt[5.5.896~1-8a59]:main():gmm-acc-mllt.cc:108) Average like for this file is -59.36 over 312 frames.
LOG (gmm-acc-mllt[5.5.896~1-8a59]:main():gmm-acc-mllt.cc:119) Done 44 files, 1 with no posteriors, 0 with other errors.
LOG (gmm-acc-mllt[5.5.896~1-8a59]:main():gmm-acc-mllt.cc:123) Overall avg like per frame (Gaussian only) = -59.6674 over 31755 frames.
LOG (gmm-acc-mllt[5.5.896~1-8a59]:main():gmm-acc-mllt.cc:127) Written accs.
# Accounting: time=4 threads=1
# Ended (code 0) at Sun May 16 20:46:36 CST 2021, elapsed time 4 seconds
