# ali-to-post "ark:gunzip -c exp/tri2a/ali.7.gz|" ark:- | weight-silence-post 0.0 1:2:3:4:5:6:7:8:9:10 exp/tri2a/4.mdl ark:- ark:- | gmm-acc-mllt --rand-prune=4.0 exp/tri2a/4.mdl "ark,s,cs:apply-cmvn  --utt2spk=ark:data/train/split16/7/utt2spk scp:data/train/split16/7/cmvn.scp scp:data/train/split16/7/feats.scp ark:- | splice-feats --left-context=3 --right-context=3 ark:- ark:- | transform-feats exp/tri2a/2.mat ark:- ark:- |" ark:- exp/tri2a/4.7.macc 
# Started at Sun May 16 20:46:15 CST 2021
#
weight-silence-post 0.0 1:2:3:4:5:6:7:8:9:10 exp/tri2a/4.mdl ark:- ark:- 
ali-to-post 'ark:gunzip -c exp/tri2a/ali.7.gz|' ark:- 
gmm-acc-mllt --rand-prune=4.0 exp/tri2a/4.mdl 'ark,s,cs:apply-cmvn  --utt2spk=ark:data/train/split16/7/utt2spk scp:data/train/split16/7/cmvn.scp scp:data/train/split16/7/feats.scp ark:- | splice-feats --left-context=3 --right-context=3 ark:- ark:- | transform-feats exp/tri2a/2.mat ark:- ark:- |' ark:- exp/tri2a/4.7.macc 
transform-feats exp/tri2a/2.mat ark:- ark:- 
splice-feats --left-context=3 --right-context=3 ark:- ark:- 
apply-cmvn --utt2spk=ark:data/train/split16/7/utt2spk scp:data/train/split16/7/cmvn.scp scp:data/train/split16/7/feats.scp ark:- 
LOG (gmm-acc-mllt[5.5.896~1-8a59]:main():gmm-acc-mllt.cc:108) Average like for this file is -54.5229 over 831 frames.
LOG (gmm-acc-mllt[5.5.896~1-8a59]:main():gmm-acc-mllt.cc:108) Average like for this file is -53.9409 over 447 frames.
LOG (gmm-acc-mllt[5.5.896~1-8a59]:main():gmm-acc-mllt.cc:108) Average like for this file is -51.5271 over 1244 frames.
LOG (gmm-acc-mllt[5.5.896~1-8a59]:main():gmm-acc-mllt.cc:108) Average like for this file is -53.0969 over 852 frames.
LOG (gmm-acc-mllt[5.5.896~1-8a59]:main():gmm-acc-mllt.cc:108) Average like for this file is -53.3635 over 954 frames.
LOG (gmm-acc-mllt[5.5.896~1-8a59]:main():gmm-acc-mllt.cc:108) Average like for this file is -52.3047 over 546 frames.
LOG (gmm-acc-mllt[5.5.896~1-8a59]:main():gmm-acc-mllt.cc:108) Average like for this file is -51.4224 over 628 frames.
LOG (gmm-acc-mllt[5.5.896~1-8a59]:main():gmm-acc-mllt.cc:108) Average like for this file is -53.4362 over 784 frames.
LOG (gmm-acc-mllt[5.5.896~1-8a59]:main():gmm-acc-mllt.cc:108) Average like for this file is -53.5505 over 422 frames.
LOG (gmm-acc-mllt[5.5.896~1-8a59]:main():gmm-acc-mllt.cc:108) Average like for this file is -56.1611 over 609 frames.
LOG (gmm-acc-mllt[5.5.896~1-8a59]:main():gmm-acc-mllt.cc:114) Avg like per frame so far is -53.193
LOG (gmm-acc-mllt[5.5.896~1-8a59]:main():gmm-acc-mllt.cc:108) Average like for this file is -53.4269 over 709 frames.
LOG (gmm-acc-mllt[5.5.896~1-8a59]:main():gmm-acc-mllt.cc:108) Average like for this file is -51.1347 over 379 frames.
LOG (gmm-acc-mllt[5.5.896~1-8a59]:main():gmm-acc-mllt.cc:108) Average like for this file is -57.2009 over 1173 frames.
LOG (gmm-acc-mllt[5.5.896~1-8a59]:main():gmm-acc-mllt.cc:108) Average like for this file is -59.8466 over 1309 frames.
LOG (gmm-acc-mllt[5.5.896~1-8a59]:main():gmm-acc-mllt.cc:108) Average like for this file is -60.0648 over 604 frames.
LOG (gmm-acc-mllt[5.5.896~1-8a59]:main():gmm-acc-mllt.cc:108) Average like for this file is -59.9067 over 1264 frames.
LOG (gmm-acc-mllt[5.5.896~1-8a59]:main():gmm-acc-mllt.cc:108) Average like for this file is -60.2667 over 1025 frames.
LOG (gmm-acc-mllt[5.5.896~1-8a59]:main():gmm-acc-mllt.cc:108) Average like for this file is -59.6391 over 1057 frames.
LOG (gmm-acc-mllt[5.5.896~1-8a59]:main():gmm-acc-mllt.cc:108) Average like for this file is -60.1892 over 1215 frames.
LOG (gmm-acc-mllt[5.5.896~1-8a59]:main():gmm-acc-mllt.cc:108) Average like for this file is -60.7504 over 420 frames.
LOG (gmm-acc-mllt[5.5.896~1-8a59]:main():gmm-acc-mllt.cc:114) Avg like per frame so far is -56.2996
LOG (gmm-acc-mllt[5.5.896~1-8a59]:main():gmm-acc-mllt.cc:108) Average like for this file is -58.817 over 618 frames.
LOG (gmm-acc-mllt[5.5.896~1-8a59]:main():gmm-acc-mllt.cc:108) Average like for this file is -58.5173 over 1018 frames.
LOG (gmm-acc-mllt[5.5.896~1-8a59]:main():gmm-acc-mllt.cc:108) Average like for this file is -58.8771 over 842 frames.
LOG (gmm-acc-mllt[5.5.896~1-8a59]:main():gmm-acc-mllt.cc:108) Average like for this file is -58.9899 over 947 frames.
LOG (gmm-acc-mllt[5.5.896~1-8a59]:main():gmm-acc-mllt.cc:108) Average like for this file is -59.1121 over 1248 frames.
LOG (ali-to-post[5.5.896~1-8a59]:main():ali-to-post.cc:73) Converted 44 alignments.
LOG (weight-silence-post[5.5.896~1-8a59]:main():weight-silence-post.cc:95) Done 44 posteriors.
LOG (gmm-acc-mllt[5.5.896~1-8a59]:main():gmm-acc-mllt.cc:108) Average like for this file is -56.4129 over 418 frames.
LOG (gmm-acc-mllt[5.5.896~1-8a59]:main():gmm-acc-mllt.cc:108) Average like for this file is -58.5927 over 781 frames.
LOG (gmm-acc-mllt[5.5.896~1-8a59]:main():gmm-acc-mllt.cc:108) Average like for this file is -57.9517 over 474 frames.
LOG (gmm-acc-mllt[5.5.896~1-8a59]:main():gmm-acc-mllt.cc:108) Average like for this file is -56.6463 over 352 frames.
LOG (gmm-acc-mllt[5.5.896~1-8a59]:main():gmm-acc-mllt.cc:108) Average like for this file is -57.7789 over 351 frames.
LOG (gmm-acc-mllt[5.5.896~1-8a59]:main():gmm-acc-mllt.cc:114) Avg like per frame so far is -56.9503
LOG (gmm-acc-mllt[5.5.896~1-8a59]:main():gmm-acc-mllt.cc:108) Average like for this file is -57.9326 over 901 frames.
LOG (gmm-acc-mllt[5.5.896~1-8a59]:main():gmm-acc-mllt.cc:108) Average like for this file is -58.9864 over 1059 frames.
LOG (gmm-acc-mllt[5.5.896~1-8a59]:main():gmm-acc-mllt.cc:108) Average like for this file is -58.7494 over 560 frames.
LOG (gmm-acc-mllt[5.5.896~1-8a59]:main():gmm-acc-mllt.cc:108) Average like for this file is -59.92 over 587 frames.
LOG (gmm-acc-mllt[5.5.896~1-8a59]:main():gmm-acc-mllt.cc:108) Average like for this file is -57.4378 over 434 frames.
LOG (gmm-acc-mllt[5.5.896~1-8a59]:main():gmm-acc-mllt.cc:108) Average like for this file is -67.0148 over 613 frames.
LOG (gmm-acc-mllt[5.5.896~1-8a59]:main():gmm-acc-mllt.cc:108) Average like for this file is -65.737 over 1627 frames.
LOG (gmm-acc-mllt[5.5.896~1-8a59]:main():gmm-acc-mllt.cc:108) Average like for this file is -64.158 over 648 frames.
LOG (gmm-acc-mllt[5.5.896~1-8a59]:main():gmm-acc-mllt.cc:108) Average like for this file is -65.7483 over 745 frames.
LOG (gmm-acc-mllt[5.5.896~1-8a59]:main():gmm-acc-mllt.cc:108) Average like for this file is -66.3993 over 370 frames.
LOG (gmm-acc-mllt[5.5.896~1-8a59]:main():gmm-acc-mllt.cc:114) Avg like per frame so far is -58.2762
LOG (apply-cmvn[5.5.896~1-8a59]:main():apply-cmvn.cc:162) Applied cepstral mean normalization to 45 utterances, errors on 0
LOG (gmm-acc-mllt[5.5.896~1-8a59]:main():gmm-acc-mllt.cc:108) Average like for this file is -67.0312 over 513 frames.
LOG (gmm-acc-mllt[5.5.896~1-8a59]:main():gmm-acc-mllt.cc:108) Average like for this file is -67.4143 over 913 frames.
LOG (transform-feats[5.5.896~1-8a59]:main():transform-feats.cc:158) Overall average [pseudo-]logdet is -85.3837 over 38777 frames.
LOG (transform-feats[5.5.896~1-8a59]:main():transform-feats.cc:161) Applied transform to 45 utterances; 0 had errors.
LOG (gmm-acc-mllt[5.5.896~1-8a59]:main():gmm-acc-mllt.cc:108) Average like for this file is -66.6449 over 618 frames.
LOG (gmm-acc-mllt[5.5.896~1-8a59]:main():gmm-acc-mllt.cc:108) Average like for this file is -60.1152 over 273 frames.
LOG (gmm-acc-mllt[5.5.896~1-8a59]:main():gmm-acc-mllt.cc:119) Done 44 files, 1 with no posteriors, 0 with other errors.
LOG (gmm-acc-mllt[5.5.896~1-8a59]:main():gmm-acc-mllt.cc:123) Overall avg like per frame (Gaussian only) = -58.8306 over 33382 frames.
LOG (gmm-acc-mllt[5.5.896~1-8a59]:main():gmm-acc-mllt.cc:127) Written accs.
# Accounting: time=4 threads=1
# Ended (code 0) at Sun May 16 20:46:19 CST 2021, elapsed time 4 seconds
