# gmm-est --write-occs=exp/tri2a/28.occs --mix-up=15000 --power=0.25 exp/tri2a/27.mdl "gmm-sum-accs - exp/tri2a/27.*.acc |" exp/tri2a/28.mdl 
# Started at Sun May 16 20:49:07 CST 2021
#
gmm-est --write-occs=exp/tri2a/28.occs --mix-up=15000 --power=0.25 exp/tri2a/27.mdl 'gmm-sum-accs - exp/tri2a/27.*.acc |' exp/tri2a/28.mdl 
gmm-sum-accs - exp/tri2a/27.1.acc exp/tri2a/27.10.acc exp/tri2a/27.11.acc exp/tri2a/27.12.acc exp/tri2a/27.13.acc exp/tri2a/27.14.acc exp/tri2a/27.15.acc exp/tri2a/27.16.acc exp/tri2a/27.2.acc exp/tri2a/27.3.acc exp/tri2a/27.4.acc exp/tri2a/27.5.acc exp/tri2a/27.6.acc exp/tri2a/27.7.acc exp/tri2a/27.8.acc exp/tri2a/27.9.acc 
LOG (gmm-sum-accs[5.5.896~1-8a59]:main():gmm-sum-accs.cc:63) Summed 16 stats, total count 694759, avg like/frame -46.8936
LOG (gmm-sum-accs[5.5.896~1-8a59]:main():gmm-sum-accs.cc:66) Total count of stats is 694759
LOG (gmm-sum-accs[5.5.896~1-8a59]:main():gmm-sum-accs.cc:67) Written stats to -
LOG (gmm-est[5.5.896~1-8a59]:MleUpdate():transition-model.cc:528) TransitionModel::Update, objf change is 0 per frame over 694759 frames. 
LOG (gmm-est[5.5.896~1-8a59]:MleUpdate():transition-model.cc:531) 200 probabilities floored, 1089 out of 2658 transition-states skipped due to insuffient data (it is normal to have some skipped.)
LOG (gmm-est[5.5.896~1-8a59]:main():gmm-est.cc:102) Transition model update: Overall 0 log-like improvement per frame over 694759 frames.
WARNING (gmm-est[5.5.896~1-8a59]:MleDiagGmmUpdate():mle-diag-gmm.cc:365) Gaussian has too little data but not removing it because it is the last Gaussian: i = 0, occ = 0, weight = 1
WARNING (gmm-est[5.5.896~1-8a59]:MleDiagGmmUpdate():mle-diag-gmm.cc:359) Too little data - removing Gaussian (weight 0.025922, occupation count 9.824589, vector size 40)
WARNING (gmm-est[5.5.896~1-8a59]:MleDiagGmmUpdate():mle-diag-gmm.cc:359) Too little data - removing Gaussian (weight 0.020510, occupation count 9.004052, vector size 40)
WARNING (gmm-est[5.5.896~1-8a59]:MleDiagGmmUpdate():mle-diag-gmm.cc:359) Too little data - removing Gaussian (weight 0.021883, occupation count 9.497245, vector size 40)
LOG (gmm-est[5.5.896~1-8a59]:MleAmDiagGmmUpdate():mle-am-diag-gmm.cc:225) 4 variance elements floored in 3 Gaussians, out of 14998
LOG (gmm-est[5.5.896~1-8a59]:MleAmDiagGmmUpdate():mle-am-diag-gmm.cc:229) Removed 3 Gaussians due to counts < --min-gaussian-occupancy=10 and --remove-low-count-gaussians=true
LOG (gmm-est[5.5.896~1-8a59]:main():gmm-est.cc:113) GMM update: Overall 0.0688695 objective function improvement per frame over 694759 frames
LOG (gmm-est[5.5.896~1-8a59]:main():gmm-est.cc:116) GMM update: Overall avg like per frame = -46.8936 over 694759 frames.
LOG (gmm-est[5.5.896~1-8a59]:SplitByCount():am-diag-gmm.cc:116) Split 560 states with target = 15000, power = 0.25, perturb_factor = 0.01 and min_count = 20, split #Gauss from 14998 to 15001
LOG (gmm-est[5.5.896~1-8a59]:main():gmm-est.cc:146) Written model to exp/tri2a/28.mdl
# Accounting: time=1 threads=1
# Ended (code 0) at Sun May 16 20:49:08 CST 2021, elapsed time 1 seconds
