# gmm-est --write-occs=exp/tri2a/32.occs --mix-up=15000 --power=0.25 exp/tri2a/31.mdl "gmm-sum-accs - exp/tri2a/31.*.acc |" exp/tri2a/32.mdl 
# Started at Sun May 16 20:49:41 CST 2021
#
gmm-est --write-occs=exp/tri2a/32.occs --mix-up=15000 --power=0.25 exp/tri2a/31.mdl 'gmm-sum-accs - exp/tri2a/31.*.acc |' exp/tri2a/32.mdl 
gmm-sum-accs - exp/tri2a/31.1.acc exp/tri2a/31.10.acc exp/tri2a/31.11.acc exp/tri2a/31.12.acc exp/tri2a/31.13.acc exp/tri2a/31.14.acc exp/tri2a/31.15.acc exp/tri2a/31.16.acc exp/tri2a/31.2.acc exp/tri2a/31.3.acc exp/tri2a/31.4.acc exp/tri2a/31.5.acc exp/tri2a/31.6.acc exp/tri2a/31.7.acc exp/tri2a/31.8.acc exp/tri2a/31.9.acc 
LOG (gmm-sum-accs[5.5.896~1-8a59]:main():gmm-sum-accs.cc:63) Summed 16 stats, total count 694759, avg like/frame -46.3853
LOG (gmm-sum-accs[5.5.896~1-8a59]:main():gmm-sum-accs.cc:66) Total count of stats is 694759
LOG (gmm-sum-accs[5.5.896~1-8a59]:main():gmm-sum-accs.cc:67) Written stats to -
LOG (gmm-est[5.5.896~1-8a59]:MleUpdate():transition-model.cc:528) TransitionModel::Update, objf change is 0 per frame over 694759 frames. 
LOG (gmm-est[5.5.896~1-8a59]:MleUpdate():transition-model.cc:531) 200 probabilities floored, 1088 out of 2658 transition-states skipped due to insuffient data (it is normal to have some skipped.)
LOG (gmm-est[5.5.896~1-8a59]:main():gmm-est.cc:102) Transition model update: Overall 0 log-like improvement per frame over 694759 frames.
WARNING (gmm-est[5.5.896~1-8a59]:MleDiagGmmUpdate():mle-diag-gmm.cc:365) Gaussian has too little data but not removing it because it is the last Gaussian: i = 0, occ = 0, weight = 1
WARNING (gmm-est[5.5.896~1-8a59]:MleDiagGmmUpdate():mle-diag-gmm.cc:359) Too little data - removing Gaussian (weight 0.018750, occupation count 9.356240, vector size 40)
WARNING (gmm-est[5.5.896~1-8a59]:MleDiagGmmUpdate():mle-diag-gmm.cc:359) Too little data - removing Gaussian (weight 0.020809, occupation count 9.988316, vector size 40)
LOG (gmm-est[5.5.896~1-8a59]:MleAmDiagGmmUpdate():mle-am-diag-gmm.cc:225) 3 variance elements floored in 2 Gaussians, out of 15018
LOG (gmm-est[5.5.896~1-8a59]:MleAmDiagGmmUpdate():mle-am-diag-gmm.cc:229) Removed 2 Gaussians due to counts < --min-gaussian-occupancy=10 and --remove-low-count-gaussians=true
LOG (gmm-est[5.5.896~1-8a59]:main():gmm-est.cc:113) GMM update: Overall 0.0235544 objective function improvement per frame over 694759 frames
LOG (gmm-est[5.5.896~1-8a59]:main():gmm-est.cc:116) GMM update: Overall avg like per frame = -46.3853 over 694759 frames.
LOG (gmm-est[5.5.896~1-8a59]:SplitByCount():am-diag-gmm.cc:116) Split 560 states with target = 15000, power = 0.25, perturb_factor = 0.01 and min_count = 20, split #Gauss from 15018 to 15020
LOG (gmm-est[5.5.896~1-8a59]:main():gmm-est.cc:146) Written model to exp/tri2a/32.mdl
# Accounting: time=0 threads=1
# Ended (code 0) at Sun May 16 20:49:42 CST 2021, elapsed time 0 seconds
