# gmm-est --write-occs=exp/tri2a/13.occs --mix-up=6992 --power=0.25 exp/tri2a/12.mdl "gmm-sum-accs - exp/tri2a/12.*.acc |" exp/tri2a/13.mdl 
# Started at Sun May 16 20:47:29 CST 2021
#
gmm-est --write-occs=exp/tri2a/13.occs --mix-up=6992 --power=0.25 exp/tri2a/12.mdl 'gmm-sum-accs - exp/tri2a/12.*.acc |' exp/tri2a/13.mdl 
gmm-sum-accs - exp/tri2a/12.1.acc exp/tri2a/12.10.acc exp/tri2a/12.11.acc exp/tri2a/12.12.acc exp/tri2a/12.13.acc exp/tri2a/12.14.acc exp/tri2a/12.15.acc exp/tri2a/12.16.acc exp/tri2a/12.2.acc exp/tri2a/12.3.acc exp/tri2a/12.4.acc exp/tri2a/12.5.acc exp/tri2a/12.6.acc exp/tri2a/12.7.acc exp/tri2a/12.8.acc exp/tri2a/12.9.acc 
LOG (gmm-sum-accs[5.5.896~1-8a59]:main():gmm-sum-accs.cc:63) Summed 16 stats, total count 694759, avg like/frame -49.7236
LOG (gmm-sum-accs[5.5.896~1-8a59]:main():gmm-sum-accs.cc:66) Total count of stats is 694759
LOG (gmm-sum-accs[5.5.896~1-8a59]:main():gmm-sum-accs.cc:67) Written stats to -
LOG (gmm-est[5.5.896~1-8a59]:MleUpdate():transition-model.cc:528) TransitionModel::Update, objf change is 0 per frame over 694759 frames. 
LOG (gmm-est[5.5.896~1-8a59]:MleUpdate():transition-model.cc:531) 203 probabilities floored, 1086 out of 2658 transition-states skipped due to insuffient data (it is normal to have some skipped.)
LOG (gmm-est[5.5.896~1-8a59]:main():gmm-est.cc:102) Transition model update: Overall 0 log-like improvement per frame over 694759 frames.
WARNING (gmm-est[5.5.896~1-8a59]:MleDiagGmmUpdate():mle-diag-gmm.cc:365) Gaussian has too little data but not removing it because it is the last Gaussian: i = 0, occ = 0, weight = 1
WARNING (gmm-est[5.5.896~1-8a59]:MleDiagGmmUpdate():mle-diag-gmm.cc:359) Too little data - removing Gaussian (weight 0.054345, occupation count 9.999512, vector size 40)
LOG (gmm-est[5.5.896~1-8a59]:MleAmDiagGmmUpdate():mle-am-diag-gmm.cc:225) 2 variance elements floored in 1 Gaussians, out of 6419
LOG (gmm-est[5.5.896~1-8a59]:MleAmDiagGmmUpdate():mle-am-diag-gmm.cc:229) Removed 1 Gaussians due to counts < --min-gaussian-occupancy=10 and --remove-low-count-gaussians=true
LOG (gmm-est[5.5.896~1-8a59]:main():gmm-est.cc:113) GMM update: Overall 0.175342 objective function improvement per frame over 694759 frames
LOG (gmm-est[5.5.896~1-8a59]:main():gmm-est.cc:116) GMM update: Overall avg like per frame = -49.7236 over 694759 frames.
LOG (gmm-est[5.5.896~1-8a59]:SplitByCount():am-diag-gmm.cc:116) Split 560 states with target = 6992, power = 0.25, perturb_factor = 0.01 and min_count = 20, split #Gauss from 6419 to 6992
LOG (gmm-est[5.5.896~1-8a59]:main():gmm-est.cc:146) Written model to exp/tri2a/13.mdl
# Accounting: time=0 threads=1
# Ended (code 0) at Sun May 16 20:47:29 CST 2021, elapsed time 0 seconds
