# gmm-est --write-occs=exp/tri2a/18.occs --mix-up=9852 --power=0.25 exp/tri2a/17.mdl "gmm-sum-accs - exp/tri2a/17.*.acc |" exp/tri2a/18.mdl 
# Started at Sun May 16 20:47:57 CST 2021
#
gmm-est --write-occs=exp/tri2a/18.occs --mix-up=9852 --power=0.25 exp/tri2a/17.mdl 'gmm-sum-accs - exp/tri2a/17.*.acc |' exp/tri2a/18.mdl 
gmm-sum-accs - exp/tri2a/17.1.acc exp/tri2a/17.10.acc exp/tri2a/17.11.acc exp/tri2a/17.12.acc exp/tri2a/17.13.acc exp/tri2a/17.14.acc exp/tri2a/17.15.acc exp/tri2a/17.16.acc exp/tri2a/17.2.acc exp/tri2a/17.3.acc exp/tri2a/17.4.acc exp/tri2a/17.5.acc exp/tri2a/17.6.acc exp/tri2a/17.7.acc exp/tri2a/17.8.acc exp/tri2a/17.9.acc 
LOG (gmm-sum-accs[5.5.896~1-8a59]:main():gmm-sum-accs.cc:63) Summed 16 stats, total count 694759, avg like/frame -48.5814
LOG (gmm-sum-accs[5.5.896~1-8a59]:main():gmm-sum-accs.cc:66) Total count of stats is 694759
LOG (gmm-sum-accs[5.5.896~1-8a59]:main():gmm-sum-accs.cc:67) Written stats to -
LOG (gmm-est[5.5.896~1-8a59]:MleUpdate():transition-model.cc:528) TransitionModel::Update, objf change is 0 per frame over 694759 frames. 
LOG (gmm-est[5.5.896~1-8a59]:MleUpdate():transition-model.cc:531) 203 probabilities floored, 1086 out of 2658 transition-states skipped due to insuffient data (it is normal to have some skipped.)
LOG (gmm-est[5.5.896~1-8a59]:main():gmm-est.cc:102) Transition model update: Overall 0 log-like improvement per frame over 694759 frames.
WARNING (gmm-est[5.5.896~1-8a59]:MleDiagGmmUpdate():mle-diag-gmm.cc:365) Gaussian has too little data but not removing it because it is the last Gaussian: i = 0, occ = 0, weight = 1
WARNING (gmm-est[5.5.896~1-8a59]:MleDiagGmmUpdate():mle-diag-gmm.cc:359) Too little data - removing Gaussian (weight 0.049746, occupation count 9.153328, vector size 40)
WARNING (gmm-est[5.5.896~1-8a59]:MleDiagGmmUpdate():mle-diag-gmm.cc:359) Too little data - removing Gaussian (weight 0.067991, occupation count 9.994620, vector size 40)
WARNING (gmm-est[5.5.896~1-8a59]:MleDiagGmmUpdate():mle-diag-gmm.cc:359) Too little data - removing Gaussian (weight 0.026917, occupation count 9.932212, vector size 40)
WARNING (gmm-est[5.5.896~1-8a59]:MleDiagGmmUpdate():mle-diag-gmm.cc:359) Too little data - removing Gaussian (weight 0.040983, occupation count 9.672021, vector size 40)
LOG (gmm-est[5.5.896~1-8a59]:MleAmDiagGmmUpdate():mle-am-diag-gmm.cc:225) 3 variance elements floored in 2 Gaussians, out of 9276
LOG (gmm-est[5.5.896~1-8a59]:MleAmDiagGmmUpdate():mle-am-diag-gmm.cc:229) Removed 4 Gaussians due to counts < --min-gaussian-occupancy=10 and --remove-low-count-gaussians=true
LOG (gmm-est[5.5.896~1-8a59]:main():gmm-est.cc:113) GMM update: Overall 0.100126 objective function improvement per frame over 694759 frames
LOG (gmm-est[5.5.896~1-8a59]:main():gmm-est.cc:116) GMM update: Overall avg like per frame = -48.5814 over 694759 frames.
LOG (gmm-est[5.5.896~1-8a59]:SplitByCount():am-diag-gmm.cc:116) Split 560 states with target = 9852, power = 0.25, perturb_factor = 0.01 and min_count = 20, split #Gauss from 9276 to 9852
LOG (gmm-est[5.5.896~1-8a59]:main():gmm-est.cc:146) Written model to exp/tri2a/18.mdl
# Accounting: time=0 threads=1
# Ended (code 0) at Sun May 16 20:47:58 CST 2021, elapsed time 0 seconds
