# gmm-est --write-occs=exp/tri2a/3.occs --mix-up=1272 --power=0.25 exp/tri2a/2.mdl "gmm-sum-accs - exp/tri2a/2.*.acc |" exp/tri2a/3.mdl 
# Started at Sun May 16 20:46:08 CST 2021
#
gmm-est --write-occs=exp/tri2a/3.occs --mix-up=1272 --power=0.25 exp/tri2a/2.mdl 'gmm-sum-accs - exp/tri2a/2.*.acc |' exp/tri2a/3.mdl 
gmm-sum-accs - exp/tri2a/2.1.acc exp/tri2a/2.10.acc exp/tri2a/2.11.acc exp/tri2a/2.12.acc exp/tri2a/2.13.acc exp/tri2a/2.14.acc exp/tri2a/2.15.acc exp/tri2a/2.16.acc exp/tri2a/2.2.acc exp/tri2a/2.3.acc exp/tri2a/2.4.acc exp/tri2a/2.5.acc exp/tri2a/2.6.acc exp/tri2a/2.7.acc exp/tri2a/2.8.acc exp/tri2a/2.9.acc 
LOG (gmm-sum-accs[5.5.896~1-8a59]:main():gmm-sum-accs.cc:63) Summed 16 stats, total count 694624, avg like/frame -54.7572
LOG (gmm-sum-accs[5.5.896~1-8a59]:main():gmm-sum-accs.cc:66) Total count of stats is 694624
LOG (gmm-sum-accs[5.5.896~1-8a59]:main():gmm-sum-accs.cc:67) Written stats to -
LOG (gmm-est[5.5.896~1-8a59]:MleUpdate():transition-model.cc:528) TransitionModel::Update, objf change is 0 per frame over 694624 frames. 
LOG (gmm-est[5.5.896~1-8a59]:MleUpdate():transition-model.cc:531) 134 probabilities floored, 1089 out of 2658 transition-states skipped due to insuffient data (it is normal to have some skipped.)
LOG (gmm-est[5.5.896~1-8a59]:main():gmm-est.cc:102) Transition model update: Overall 0 log-like improvement per frame over 694624 frames.
WARNING (gmm-est[5.5.896~1-8a59]:MleDiagGmmUpdate():mle-diag-gmm.cc:365) Gaussian has too little data but not removing it because it is the last Gaussian: i = 0, occ = 0, weight = 1
LOG (gmm-est[5.5.896~1-8a59]:MleAmDiagGmmUpdate():mle-am-diag-gmm.cc:225) 0 variance elements floored in 0 Gaussians, out of 700
LOG (gmm-est[5.5.896~1-8a59]:MleAmDiagGmmUpdate():mle-am-diag-gmm.cc:229) Removed 0 Gaussians due to counts < --min-gaussian-occupancy=10 and --remove-low-count-gaussians=true
LOG (gmm-est[5.5.896~1-8a59]:main():gmm-est.cc:113) GMM update: Overall 0.588624 objective function improvement per frame over 694624 frames
LOG (gmm-est[5.5.896~1-8a59]:main():gmm-est.cc:116) GMM update: Overall avg like per frame = -54.7572 over 694624 frames.
LOG (gmm-est[5.5.896~1-8a59]:SplitByCount():am-diag-gmm.cc:116) Split 560 states with target = 1272, power = 0.25, perturb_factor = 0.01 and min_count = 20, split #Gauss from 700 to 1272
LOG (gmm-est[5.5.896~1-8a59]:main():gmm-est.cc:146) Written model to exp/tri2a/3.mdl
# Accounting: time=1 threads=1
# Ended (code 0) at Sun May 16 20:46:09 CST 2021, elapsed time 1 seconds
