# gmm-est --write-occs=exp/tri2a/2.occs --mix-up=700 --power=0.25 exp/tri2a/1.mdl "gmm-sum-accs - exp/tri2a/1.*.acc |" exp/tri2a/2.mdl 
# Started at Sun May 16 20:45:57 CST 2021
#
gmm-est --write-occs=exp/tri2a/2.occs --mix-up=700 --power=0.25 exp/tri2a/1.mdl 'gmm-sum-accs - exp/tri2a/1.*.acc |' exp/tri2a/2.mdl 
gmm-sum-accs - exp/tri2a/1.1.acc exp/tri2a/1.10.acc exp/tri2a/1.11.acc exp/tri2a/1.12.acc exp/tri2a/1.13.acc exp/tri2a/1.14.acc exp/tri2a/1.15.acc exp/tri2a/1.16.acc exp/tri2a/1.2.acc exp/tri2a/1.3.acc exp/tri2a/1.4.acc exp/tri2a/1.5.acc exp/tri2a/1.6.acc exp/tri2a/1.7.acc exp/tri2a/1.8.acc exp/tri2a/1.9.acc 
LOG (gmm-sum-accs[5.5.896~1-8a59]:main():gmm-sum-accs.cc:63) Summed 16 stats, total count 694624, avg like/frame -54.7501
LOG (gmm-sum-accs[5.5.896~1-8a59]:main():gmm-sum-accs.cc:66) Total count of stats is 694624
LOG (gmm-sum-accs[5.5.896~1-8a59]:main():gmm-sum-accs.cc:67) Written stats to -
LOG (gmm-est[5.5.896~1-8a59]:MleUpdate():transition-model.cc:528) TransitionModel::Update, objf change is 0.229503 per frame over 694624 frames. 
LOG (gmm-est[5.5.896~1-8a59]:MleUpdate():transition-model.cc:531) 134 probabilities floored, 1089 out of 2658 transition-states skipped due to insuffient data (it is normal to have some skipped.)
LOG (gmm-est[5.5.896~1-8a59]:main():gmm-est.cc:102) Transition model update: Overall 0.229503 log-like improvement per frame over 694624 frames.
WARNING (gmm-est[5.5.896~1-8a59]:MleDiagGmmUpdate():mle-diag-gmm.cc:365) Gaussian has too little data but not removing it because it is the last Gaussian: i = 0, occ = 0, weight = 1
LOG (gmm-est[5.5.896~1-8a59]:MleAmDiagGmmUpdate():mle-am-diag-gmm.cc:225) 0 variance elements floored in 0 Gaussians, out of 560
LOG (gmm-est[5.5.896~1-8a59]:MleAmDiagGmmUpdate():mle-am-diag-gmm.cc:229) Removed 0 Gaussians due to counts < --min-gaussian-occupancy=10 and --remove-low-count-gaussians=true
LOG (gmm-est[5.5.896~1-8a59]:main():gmm-est.cc:113) GMM update: Overall 3.55689e-07 objective function improvement per frame over 694624 frames
LOG (gmm-est[5.5.896~1-8a59]:main():gmm-est.cc:116) GMM update: Overall avg like per frame = -54.7501 over 694624 frames.
LOG (gmm-est[5.5.896~1-8a59]:SplitByCount():am-diag-gmm.cc:116) Split 560 states with target = 700, power = 0.25, perturb_factor = 0.01 and min_count = 20, split #Gauss from 560 to 700
LOG (gmm-est[5.5.896~1-8a59]:main():gmm-est.cc:146) Written model to exp/tri2a/2.mdl
# Accounting: time=1 threads=1
# Ended (code 0) at Sun May 16 20:45:58 CST 2021, elapsed time 1 seconds
