# gmm-est --write-occs=exp/tri2a/10.occs --mix-up=5276 --power=0.25 exp/tri2a/9.mdl "gmm-sum-accs - exp/tri2a/9.*.acc |" exp/tri2a/10.mdl 
# Started at Sun May 16 20:46:58 CST 2021
#
gmm-est --write-occs=exp/tri2a/10.occs --mix-up=5276 --power=0.25 exp/tri2a/9.mdl 'gmm-sum-accs - exp/tri2a/9.*.acc |' exp/tri2a/10.mdl 
gmm-sum-accs - exp/tri2a/9.1.acc exp/tri2a/9.10.acc exp/tri2a/9.11.acc exp/tri2a/9.12.acc exp/tri2a/9.13.acc exp/tri2a/9.14.acc exp/tri2a/9.15.acc exp/tri2a/9.16.acc exp/tri2a/9.2.acc exp/tri2a/9.3.acc exp/tri2a/9.4.acc exp/tri2a/9.5.acc exp/tri2a/9.6.acc exp/tri2a/9.7.acc exp/tri2a/9.8.acc exp/tri2a/9.9.acc 
LOG (gmm-sum-accs[5.5.896~1-8a59]:main():gmm-sum-accs.cc:63) Summed 16 stats, total count 694624, avg like/frame -51.0362
LOG (gmm-sum-accs[5.5.896~1-8a59]:main():gmm-sum-accs.cc:66) Total count of stats is 694624
LOG (gmm-sum-accs[5.5.896~1-8a59]:main():gmm-sum-accs.cc:67) Written stats to -
LOG (gmm-est[5.5.896~1-8a59]:MleUpdate():transition-model.cc:528) TransitionModel::Update, objf change is 0 per frame over 694624 frames. 
LOG (gmm-est[5.5.896~1-8a59]:MleUpdate():transition-model.cc:531) 134 probabilities floored, 1089 out of 2658 transition-states skipped due to insuffient data (it is normal to have some skipped.)
LOG (gmm-est[5.5.896~1-8a59]:main():gmm-est.cc:102) Transition model update: Overall 0 log-like improvement per frame over 694624 frames.
WARNING (gmm-est[5.5.896~1-8a59]:MleDiagGmmUpdate():mle-diag-gmm.cc:365) Gaussian has too little data but not removing it because it is the last Gaussian: i = 0, occ = 0, weight = 1
WARNING (gmm-est[5.5.896~1-8a59]:MleDiagGmmUpdate():mle-diag-gmm.cc:359) Too little data - removing Gaussian (weight 0.098048, occupation count 8.432129, vector size 40)
WARNING (gmm-est[5.5.896~1-8a59]:MleDiagGmmUpdate():mle-diag-gmm.cc:359) Too little data - removing Gaussian (weight 0.058256, occupation count 8.971445, vector size 40)
LOG (gmm-est[5.5.896~1-8a59]:MleAmDiagGmmUpdate():mle-am-diag-gmm.cc:225) 0 variance elements floored in 0 Gaussians, out of 4702
LOG (gmm-est[5.5.896~1-8a59]:MleAmDiagGmmUpdate():mle-am-diag-gmm.cc:229) Removed 2 Gaussians due to counts < --min-gaussian-occupancy=10 and --remove-low-count-gaussians=true
LOG (gmm-est[5.5.896~1-8a59]:main():gmm-est.cc:113) GMM update: Overall 0.237676 objective function improvement per frame over 694624 frames
LOG (gmm-est[5.5.896~1-8a59]:main():gmm-est.cc:116) GMM update: Overall avg like per frame = -51.0362 over 694624 frames.
LOG (gmm-est[5.5.896~1-8a59]:SplitByCount():am-diag-gmm.cc:116) Split 560 states with target = 5276, power = 0.25, perturb_factor = 0.01 and min_count = 20, split #Gauss from 4702 to 5276
LOG (gmm-est[5.5.896~1-8a59]:main():gmm-est.cc:146) Written model to exp/tri2a/10.mdl
# Accounting: time=0 threads=1
# Ended (code 0) at Sun May 16 20:46:58 CST 2021, elapsed time 0 seconds
