# gmm-latgen-faster --max-active=7000 "--beam=13.0" --lattice-beam=6.0 --acoustic-scale=0.083333 --allow-partial=true --word-symbol-table=exp/mono/graph/words.txt exp/mono/final.mdl exp/mono/graph/HCLG.fst "ark,s,cs:apply-cmvn  --utt2spk=ark:data/test/split16/15/utt2spk scp:data/test/split16/15/cmvn.scp scp:data/test/split16/15/feats.scp ark:- | add-deltas  ark:- ark:- |" "ark:|gzip -c > exp/mono/decode/lat.15.gz" 
# Started at Wed Mar 31 21:47:26 CST 2021
#
gmm-latgen-faster --max-active=7000 '--beam=13.0' --lattice-beam=6.0 --acoustic-scale=0.083333 --allow-partial=true --word-symbol-table=exp/mono/graph/words.txt exp/mono/final.mdl exp/mono/graph/HCLG.fst 'ark,s,cs:apply-cmvn  --utt2spk=ark:data/test/split16/15/utt2spk scp:data/test/split16/15/cmvn.scp scp:data/test/split16/15/feats.scp ark:- | add-deltas  ark:- ark:- |' 'ark:|gzip -c > exp/mono/decode/lat.15.gz' 
apply-cmvn --utt2spk=ark:data/test/split16/15/utt2spk scp:data/test/split16/15/cmvn.scp scp:data/test/split16/15/feats.scp ark:- 
add-deltas ark:- ark:- 
weather031_030 JESSICA TSAKA BATAY SA HISTORY TRACK RECORD NITONG MGA BAGYO THIS TIME OF THE YEAR MANG TANI PARANG HULING HIRIT NILA EH KAYA MEDYO NAKAKATAKOT DIN ITONG MGA BAGYO TOWARDS AH END OF THE YEAR 
LOG (gmm-latgen-faster[5.5.896~1-8a59]:DecodeUtteranceLatticeFaster():decoder-wrappers.cc:375) Log-like per frame for utterance weather031_030 is -9.17685 over 1108 frames.
weather031_031 YES JESSICA AT YAN NABANGGIT MO ITO PURO HIGHLY POPULATED YUNG BAGYO KASI KAHIT GAANO KALAKAS PAG TUMAMA DIYAN SA NORTE MAS KAKAUNTI YUNG TAO SO ITONG ATING PINAG AH UUSAPAN NGAYON HINDI PO SA NAGPAPALAKAS IN TERMS OF WIND PERO YUNG ULAN YAN KAYA HINDI NG DAPAT NATING PAG INGATAN 
LOG (gmm-latgen-faster[5.5.896~1-8a59]:DecodeUtteranceLatticeFaster():decoder-wrappers.cc:375) Log-like per frame for utterance weather031_031 is -8.99419 over 1664 frames.
LOG (apply-cmvn[5.5.896~1-8a59]:main():apply-cmvn.cc:162) Applied cepstral mean normalization to 4 utterances, errors on 0
weather031_032 MARAMING MGA NAKATIRA DIYAN MARAMING AH MGA TAO DIYAN SA MGA ISLA NA YAN SO YUNG AH WESTWARD AT MAS AT AT CORDILLERA KALAKAS YUNG HANGIN NYAN YUNG DALA DALANG ULAN NYAN JESSICA KUNG TITINGNAN MO YUNG RAINFALL FORECAST NATIN MAS MARAMI YUNG ULAN NA PULA YUNG PINK AT YUNG AH YUNG ORANGE SO IBIG SABIHIN MAS MARAMING LUGAR ANG MAKAKARANAS NUNG MALALAKAS NA PAGULAN LALO NA NGAYONG GABI HANGGANG BUKAS ANG KRITIKAL NATIN JESSICA NGAYONG GABI BUKAS HANGGANG SA MIYERKULES NG UMAGA 
LOG (gmm-latgen-faster[5.5.896~1-8a59]:DecodeUtteranceLatticeFaster():decoder-wrappers.cc:375) Log-like per frame for utterance weather031_032 is -8.76341 over 2945 frames.
weather031_033 REGION MAY ONE AH LANDSLIDE AREA SA NORTHERN LUZON YUNG IBA HINDI NAMAN KALAKASAN PERO NAGKA LANDSLIDE PA RIN SO YUNG MGA KABABAYAN PO NATIN SA DADAANAN NG NITONG SI BAGYONG SAMUEL NO PRE IDENTIFIED NAMAN MANG TANI YUNG MGA LANDSLIDE PRONE BATAY SA DIYAN SA NA NG AH DENR NO MATAGAL NA KUNG MERON YAN SO KUNG MALAPIT KAYO SA MGA BUNDOK MALAPIT KAYO SA MGA IDENTIFIED NA LANDSLIDE AREA PAG SINABING EVACUATE EVACUATE HO HA 
LOG (gmm-latgen-faster[5.5.896~1-8a59]:DecodeUtteranceLatticeFaster():decoder-wrappers.cc:375) Log-like per frame for utterance weather031_033 is -9.083 over 2873 frames.
LOG (gmm-latgen-faster[5.5.896~1-8a59]:main():gmm-latgen-faster.cc:176) Time taken 17.6289s: real-time factor assuming 100 frames/sec is 0.205226
LOG (gmm-latgen-faster[5.5.896~1-8a59]:main():gmm-latgen-faster.cc:179) Done 4 utterances, failed for 0
LOG (gmm-latgen-faster[5.5.896~1-8a59]:main():gmm-latgen-faster.cc:181) Overall log-likelihood per frame is -8.96833 over 8590 frames.
# Accounting: time=18 threads=1
# Ended (code 0) at Wed Mar 31 21:47:44 CST 2021, elapsed time 18 seconds
