# gmm-latgen-faster --max-active=7000 "--beam=13.0" --lattice-beam=6.0 --acoustic-scale=0.083333 --allow-partial=true --word-symbol-table=exp/mono/graph/words.txt exp/mono/final.mdl exp/mono/graph/HCLG.fst "ark,s,cs:apply-cmvn  --utt2spk=ark:data/test/split16/2/utt2spk scp:data/test/split16/2/cmvn.scp scp:data/test/split16/2/feats.scp ark:- | add-deltas  ark:- ark:- |" "ark:|gzip -c > exp/mono/decode/lat.2.gz" 
# Started at Wed Mar 31 21:47:26 CST 2021
#
gmm-latgen-faster --max-active=7000 '--beam=13.0' --lattice-beam=6.0 --acoustic-scale=0.083333 --allow-partial=true --word-symbol-table=exp/mono/graph/words.txt exp/mono/final.mdl exp/mono/graph/HCLG.fst 'ark,s,cs:apply-cmvn  --utt2spk=ark:data/test/split16/2/utt2spk scp:data/test/split16/2/cmvn.scp scp:data/test/split16/2/feats.scp ark:- | add-deltas  ark:- ark:- |' 'ark:|gzip -c > exp/mono/decode/lat.2.gz' 
apply-cmvn --utt2spk=ark:data/test/split16/2/utt2spk scp:data/test/split16/2/cmvn.scp scp:data/test/split16/2/feats.scp ark:- 
add-deltas ark:- ark:- 
weather029_011 BUKAS NG UMAGA KAPAG NASA DAGAT NA ANG CENTRO NG BAGYO POSIBLE AT RIN MAKARANAS NG MALAKAS NA ULAN ANG ZAMBALES 
LOG (gmm-latgen-faster[5.5.896~1-8a59]:DecodeUtteranceLatticeFaster():decoder-wrappers.cc:375) Log-like per frame for utterance weather029_011 is -9.93814 over 642 frames.
weather029_012 DITO PO SA METRO MANILA AT NATITIRANG BAHAGI NG LUZON INAASAHAN KATAMTAMAN NA MAY PAMINSAN MINSAN MALAKAS NA BUHOS NG ULAN NGAYONG GABI TULAD NG NARANASAN NATIN KANINANG HAPON 
LOG (gmm-latgen-faster[5.5.896~1-8a59]:DecodeUtteranceLatticeFaster():decoder-wrappers.cc:375) Log-like per frame for utterance weather029_012 is -9.9587 over 1063 frames.
LOG (apply-cmvn[5.5.896~1-8a59]:main():apply-cmvn.cc:162) Applied cepstral mean normalization to 4 utterances, errors on 0
weather029_013 KESA MGA UUWI PA LANG DOBLE INGAT PO TAYO UNDERSCORE NAKAMOTOR ANO 
LOG (gmm-latgen-faster[5.5.896~1-8a59]:DecodeUtteranceLatticeFaster():decoder-wrappers.cc:375) Log-like per frame for utterance weather029_013 is -9.75843 over 463 frames.
weather029_014 BUKAS MAKAKAASA PAGITAN NG MAGHAPONG MAULAP AT MAULAN PANAHON SA METRO MANILA PERO INAASAHANG HIHINA ANG U ANG ULAN KUMPARA NGAYONG ARAW LALONG LALO NA PO PO NATIN PO NG HAPON O GABI MAKIKITA PO NATIN MALIIT NA ANG PORSYENTO NG PAGULAN NASA SEVENTEEN PERCENT SA SIXTEEN 
LOG (gmm-latgen-faster[5.5.896~1-8a59]:DecodeUtteranceLatticeFaster():decoder-wrappers.cc:375) Log-like per frame for utterance weather029_014 is -9.91752 over 1694 frames.
LOG (gmm-latgen-faster[5.5.896~1-8a59]:main():gmm-latgen-faster.cc:176) Time taken 13.0983s: real-time factor assuming 100 frames/sec is 0.33916
LOG (gmm-latgen-faster[5.5.896~1-8a59]:main():gmm-latgen-faster.cc:179) Done 4 utterances, failed for 0
LOG (gmm-latgen-faster[5.5.896~1-8a59]:main():gmm-latgen-faster.cc:181) Overall log-likelihood per frame is -9.91321 over 3862 frames.
# Accounting: time=14 threads=1
# Ended (code 0) at Wed Mar 31 21:47:40 CST 2021, elapsed time 14 seconds
