# gmm-latgen-faster --max-active=7000 "--beam=13.0" --lattice-beam=6.0 --acoustic-scale=0.083333 --allow-partial=true --word-symbol-table=exp/mono/graph/words.txt exp/mono/final.mdl exp/mono/graph/HCLG.fst "ark,s,cs:apply-cmvn  --utt2spk=ark:data/test/split16/6/utt2spk scp:data/test/split16/6/cmvn.scp scp:data/test/split16/6/feats.scp ark:- | add-deltas  ark:- ark:- |" "ark:|gzip -c > exp/mono/decode/lat.6.gz" 
# Started at Wed Mar 31 21:47:26 CST 2021
#
gmm-latgen-faster --max-active=7000 '--beam=13.0' --lattice-beam=6.0 --acoustic-scale=0.083333 --allow-partial=true --word-symbol-table=exp/mono/graph/words.txt exp/mono/final.mdl exp/mono/graph/HCLG.fst 'ark,s,cs:apply-cmvn  --utt2spk=ark:data/test/split16/6/utt2spk scp:data/test/split16/6/cmvn.scp scp:data/test/split16/6/feats.scp ark:- | add-deltas  ark:- ark:- |' 'ark:|gzip -c > exp/mono/decode/lat.6.gz' 
apply-cmvn --utt2spk=ark:data/test/split16/6/utt2spk scp:data/test/split16/6/cmvn.scp scp:data/test/split16/6/feats.scp ark:- 
add-deltas ark:- ark:- 
weather030_010 AY SA PAGASA NASA LAYO NA LAMANG THREE HUNDRED TEN KILOMETERS DIYAN SA MAY SILANGAN HILAGANG SILANGAN O EAST NORTH EAST NG CASIGURAN AURORA ANG MATA NG BAGYONG ROSITA 
LOG (gmm-latgen-faster[5.5.896~1-8a59]:DecodeUtteranceLatticeFaster():decoder-wrappers.cc:375) Log-like per frame for utterance weather030_010 is -9.24114 over 1011 frames.
weather030_011 AT TAGLAY NITO ANG NAPAKA LAKAS NG HANGIN AH ONE HUNDRED FIFTY KILOMETERS PER HOUR MALAPIT SA GITNA AT BUGSO NA HANGGANG ONE HUNDRED EIGHTY FIVE KILOMETERS PER HOUR AT KUMIKILOS ITO KANLURAN O WESTWARD SA BILIS NAMAN NA FIFTEEN KILOMETERS PER HOUR 
LOG (gmm-latgen-faster[5.5.896~1-8a59]:DecodeUtteranceLatticeFaster():decoder-wrappers.cc:375) Log-like per frame for utterance weather030_011 is -9.27632 over 1456 frames.
LOG (apply-cmvn[5.5.896~1-8a59]:main():apply-cmvn.cc:162) Applied cepstral mean normalization to 4 utterances, errors on 0
weather030_012 AT SA TRACK NG PAGASA BUKAS PO NG UMAGA TATAMA MISAMIS AT ISABELA O NORTHERN AURORA AREA YUNG BAGYO AT MAGHAPON DIN ITONG PAPAULAN ANG NORTHERN LUZON 
LOG (gmm-latgen-faster[5.5.896~1-8a59]:DecodeUtteranceLatticeFaster():decoder-wrappers.cc:375) Log-like per frame for utterance weather030_012 is -9.13142 over 1129 frames.
weather030_013 AT MGA KAPUSO AT MAGING I AM READY PO SA BANTA NG LANDSLIDE KASAMA NA RITO ANG NA BENTE AT ANG MGA PAGBAHA MAS MALAKAS ULAN LALONG LALO NA SA MGA DADAANAN MGA BAGYO ITONG ISABELA AURORA YANG QUIRINO NUEVA VIZCAYA IFUGAO BENGUET LA UNION AT POSIBLENG ANG PANGASINAN 
LOG (gmm-latgen-faster[5.5.896~1-8a59]:DecodeUtteranceLatticeFaster():decoder-wrappers.cc:375) Log-like per frame for utterance weather030_013 is -9.21941 over 1917 frames.
LOG (gmm-latgen-faster[5.5.896~1-8a59]:main():gmm-latgen-faster.cc:176) Time taken 11.7499s: real-time factor assuming 100 frames/sec is 0.213131
LOG (gmm-latgen-faster[5.5.896~1-8a59]:main():gmm-latgen-faster.cc:179) Done 4 utterances, failed for 0
LOG (gmm-latgen-faster[5.5.896~1-8a59]:main():gmm-latgen-faster.cc:181) Overall log-likelihood per frame is -9.2204 over 5513 frames.
# Accounting: time=12 threads=1
# Ended (code 0) at Wed Mar 31 21:47:38 CST 2021, elapsed time 12 seconds
