# gmm-acc-stats-ali exp/tri4a/21.mdl "ark,s,cs:apply-cmvn  --utt2spk=ark:data/train/split4/4/utt2spk scp:data/train/split4/4/cmvn.scp scp:data/train/split4/4/feats.scp ark:- | splice-feats  ark:- ark:- | transform-feats exp/tri3a_ali/final.mat ark:- ark:- | transform-feats --utt2spk=ark:data/train/split4/4/utt2spk ark:exp/tri4a/trans.4 ark:- ark:- |" "ark,s,cs:gunzip -c exp/tri4a/ali.4.gz|" exp/tri4a/21.4.acc 
# Started at Sun Apr  4 23:46:57 CST 2021
#
gmm-acc-stats-ali exp/tri4a/21.mdl 'ark,s,cs:apply-cmvn  --utt2spk=ark:data/train/split4/4/utt2spk scp:data/train/split4/4/cmvn.scp scp:data/train/split4/4/feats.scp ark:- | splice-feats  ark:- ark:- | transform-feats exp/tri3a_ali/final.mat ark:- ark:- | transform-feats --utt2spk=ark:data/train/split4/4/utt2spk ark:exp/tri4a/trans.4 ark:- ark:- |' 'ark,s,cs:gunzip -c exp/tri4a/ali.4.gz|' exp/tri4a/21.4.acc 
apply-cmvn --utt2spk=ark:data/train/split4/4/utt2spk scp:data/train/split4/4/cmvn.scp scp:data/train/split4/4/feats.scp ark:- 
splice-feats ark:- ark:- 
transform-feats exp/tri3a_ali/final.mat ark:- ark:- 
transform-feats --utt2spk=ark:data/train/split4/4/utt2spk ark:exp/tri4a/trans.4 ark:- ark:- 
WARNING (gmm-acc-stats-ali[5.5.896~1-8a59]:main():gmm-acc-stats-ali.cc:79) No alignment for utterance weather023_001
LOG (gmm-acc-stats-ali[5.5.896~1-8a59]:main():gmm-acc-stats-ali.cc:105) Processed 50 utterances; for utterance weather027_005 avg. like is -49.826 over 352 frames.
LOG (apply-cmvn[5.5.896~1-8a59]:main():apply-cmvn.cc:162) Applied cepstral mean normalization to 66 utterances, errors on 0
LOG (transform-feats[5.5.896~1-8a59]:main():transform-feats.cc:158) Overall average [pseudo-]logdet is -88.4635 over 47295 frames.
LOG (transform-feats[5.5.896~1-8a59]:main():transform-feats.cc:161) Applied transform to 66 utterances; 0 had errors.
LOG (transform-feats[5.5.896~1-8a59]:main():transform-feats.cc:158) Overall average logdet is 1.73636 over 47295 frames.
LOG (transform-feats[5.5.896~1-8a59]:main():transform-feats.cc:161) Applied transform to 66 utterances; 0 had errors.
LOG (gmm-acc-stats-ali[5.5.896~1-8a59]:main():gmm-acc-stats-ali.cc:112) Done 65 files, 1 with errors.
LOG (gmm-acc-stats-ali[5.5.896~1-8a59]:main():gmm-acc-stats-ali.cc:115) Overall avg like per frame (Gaussian only) = -50.5399 over 47029 frames.
LOG (gmm-acc-stats-ali[5.5.896~1-8a59]:main():gmm-acc-stats-ali.cc:123) Written accs.
# Accounting: time=1 threads=1
# Ended (code 0) at Sun Apr  4 23:46:58 CST 2021, elapsed time 1 seconds
