# ali-to-post "ark:gunzip -c exp/tri4a/ali.3.gz|" ark:- | gmm-acc-stats-twofeats exp/tri4a/35.mdl "ark,s,cs:apply-cmvn  --utt2spk=ark:data/train/split4/3/utt2spk scp:data/train/split4/3/cmvn.scp scp:data/train/split4/3/feats.scp ark:- | splice-feats  ark:- ark:- | transform-feats exp/tri3a_ali/final.mat ark:- ark:- | transform-feats --utt2spk=ark:data/train/split4/3/utt2spk ark:exp/tri4a/trans.3 ark:- ark:- |" "ark,s,cs:apply-cmvn  --utt2spk=ark:data/train/split4/3/utt2spk scp:data/train/split4/3/cmvn.scp scp:data/train/split4/3/feats.scp ark:- | splice-feats  ark:- ark:- | transform-feats exp/tri3a_ali/final.mat ark:- ark:- |" ark,s,cs:- exp/tri4a/35.3.acc 
# Started at Sun Apr  4 23:47:39 CST 2021
#
ali-to-post 'ark:gunzip -c exp/tri4a/ali.3.gz|' ark:- 
gmm-acc-stats-twofeats exp/tri4a/35.mdl 'ark,s,cs:apply-cmvn  --utt2spk=ark:data/train/split4/3/utt2spk scp:data/train/split4/3/cmvn.scp scp:data/train/split4/3/feats.scp ark:- | splice-feats  ark:- ark:- | transform-feats exp/tri3a_ali/final.mat ark:- ark:- | transform-feats --utt2spk=ark:data/train/split4/3/utt2spk ark:exp/tri4a/trans.3 ark:- ark:- |' 'ark,s,cs:apply-cmvn  --utt2spk=ark:data/train/split4/3/utt2spk scp:data/train/split4/3/cmvn.scp scp:data/train/split4/3/feats.scp ark:- | splice-feats  ark:- ark:- | transform-feats exp/tri3a_ali/final.mat ark:- ark:- |' ark,s,cs:- exp/tri4a/35.3.acc 
splice-feats ark:- ark:- 
transform-feats --utt2spk=ark:data/train/split4/3/utt2spk ark:exp/tri4a/trans.3 ark:- ark:- 
transform-feats exp/tri3a_ali/final.mat ark:- ark:- 
apply-cmvn --utt2spk=ark:data/train/split4/3/utt2spk scp:data/train/split4/3/cmvn.scp scp:data/train/split4/3/feats.scp ark:- 
splice-feats ark:- ark:- 
transform-feats exp/tri3a_ali/final.mat ark:- ark:- 
apply-cmvn --utt2spk=ark:data/train/split4/3/utt2spk scp:data/train/split4/3/cmvn.scp scp:data/train/split4/3/feats.scp ark:- 
LOG (gmm-acc-stats-twofeats[5.5.896~1-8a59]:main():gmm-acc-stats-twofeats.cc:140) Average like for this file is -60.7014 over 346 frames.
LOG (gmm-acc-stats-twofeats[5.5.896~1-8a59]:main():gmm-acc-stats-twofeats.cc:140) Average like for this file is -61.1057 over 481 frames.
LOG (gmm-acc-stats-twofeats[5.5.896~1-8a59]:main():gmm-acc-stats-twofeats.cc:140) Average like for this file is -53.8579 over 433 frames.
LOG (gmm-acc-stats-twofeats[5.5.896~1-8a59]:main():gmm-acc-stats-twofeats.cc:140) Average like for this file is -50.6002 over 1487 frames.
LOG (gmm-acc-stats-twofeats[5.5.896~1-8a59]:main():gmm-acc-stats-twofeats.cc:140) Average like for this file is -54.3927 over 296 frames.
LOG (gmm-acc-stats-twofeats[5.5.896~1-8a59]:main():gmm-acc-stats-twofeats.cc:140) Average like for this file is -50.1511 over 2214 frames.
LOG (gmm-acc-stats-twofeats[5.5.896~1-8a59]:main():gmm-acc-stats-twofeats.cc:140) Average like for this file is -48.5541 over 927 frames.
LOG (gmm-acc-stats-twofeats[5.5.896~1-8a59]:main():gmm-acc-stats-twofeats.cc:140) Average like for this file is -48.9508 over 1100 frames.
LOG (gmm-acc-stats-twofeats[5.5.896~1-8a59]:main():gmm-acc-stats-twofeats.cc:140) Average like for this file is -47.7843 over 1036 frames.
LOG (gmm-acc-stats-twofeats[5.5.896~1-8a59]:main():gmm-acc-stats-twofeats.cc:140) Average like for this file is -50.0264 over 1166 frames.
LOG (gmm-acc-stats-twofeats[5.5.896~1-8a59]:main():gmm-acc-stats-twofeats.cc:146) Avg like per frame so far is -50.8943
LOG (gmm-acc-stats-twofeats[5.5.896~1-8a59]:main():gmm-acc-stats-twofeats.cc:140) Average like for this file is -47.7419 over 745 frames.
LOG (gmm-acc-stats-twofeats[5.5.896~1-8a59]:main():gmm-acc-stats-twofeats.cc:140) Average like for this file is -49.1818 over 481 frames.
LOG (gmm-acc-stats-twofeats[5.5.896~1-8a59]:main():gmm-acc-stats-twofeats.cc:140) Average like for this file is -50.3296 over 1770 frames.
LOG (gmm-acc-stats-twofeats[5.5.896~1-8a59]:main():gmm-acc-stats-twofeats.cc:140) Average like for this file is -49.5915 over 1389 frames.
LOG (gmm-acc-stats-twofeats[5.5.896~1-8a59]:main():gmm-acc-stats-twofeats.cc:140) Average like for this file is -50.0868 over 1041 frames.
LOG (gmm-acc-stats-twofeats[5.5.896~1-8a59]:main():gmm-acc-stats-twofeats.cc:140) Average like for this file is -49.7051 over 1072 frames.
LOG (gmm-acc-stats-twofeats[5.5.896~1-8a59]:main():gmm-acc-stats-twofeats.cc:140) Average like for this file is -49.6263 over 1236 frames.
LOG (gmm-acc-stats-twofeats[5.5.896~1-8a59]:main():gmm-acc-stats-twofeats.cc:140) Average like for this file is -51.0777 over 1288 frames.
LOG (gmm-acc-stats-twofeats[5.5.896~1-8a59]:main():gmm-acc-stats-twofeats.cc:140) Average like for this file is -51.5911 over 575 frames.
LOG (gmm-acc-stats-twofeats[5.5.896~1-8a59]:main():gmm-acc-stats-twofeats.cc:140) Average like for this file is -51.5366 over 1799 frames.
LOG (gmm-acc-stats-twofeats[5.5.896~1-8a59]:main():gmm-acc-stats-twofeats.cc:146) Avg like per frame so far is -50.5173
LOG (gmm-acc-stats-twofeats[5.5.896~1-8a59]:main():gmm-acc-stats-twofeats.cc:140) Average like for this file is -48.1956 over 730 frames.
LOG (gmm-acc-stats-twofeats[5.5.896~1-8a59]:main():gmm-acc-stats-twofeats.cc:140) Average like for this file is -48.5269 over 654 frames.
LOG (gmm-acc-stats-twofeats[5.5.896~1-8a59]:main():gmm-acc-stats-twofeats.cc:140) Average like for this file is -51.0179 over 1876 frames.
LOG (gmm-acc-stats-twofeats[5.5.896~1-8a59]:main():gmm-acc-stats-twofeats.cc:140) Average like for this file is -53.9875 over 724 frames.
LOG (gmm-acc-stats-twofeats[5.5.896~1-8a59]:main():gmm-acc-stats-twofeats.cc:140) Average like for this file is -50.3249 over 1050 frames.
LOG (gmm-acc-stats-twofeats[5.5.896~1-8a59]:main():gmm-acc-stats-twofeats.cc:140) Average like for this file is -51.0168 over 1992 frames.
LOG (gmm-acc-stats-twofeats[5.5.896~1-8a59]:main():gmm-acc-stats-twofeats.cc:140) Average like for this file is -49.2283 over 741 frames.
LOG (gmm-acc-stats-twofeats[5.5.896~1-8a59]:main():gmm-acc-stats-twofeats.cc:140) Average like for this file is -51.3614 over 1627 frames.
LOG (gmm-acc-stats-twofeats[5.5.896~1-8a59]:main():gmm-acc-stats-twofeats.cc:140) Average like for this file is -49.1973 over 756 frames.
LOG (gmm-acc-stats-twofeats[5.5.896~1-8a59]:main():gmm-acc-stats-twofeats.cc:140) Average like for this file is -48.6295 over 654 frames.
LOG (gmm-acc-stats-twofeats[5.5.896~1-8a59]:main():gmm-acc-stats-twofeats.cc:146) Avg like per frame so far is -50.4995
LOG (gmm-acc-stats-twofeats[5.5.896~1-8a59]:main():gmm-acc-stats-twofeats.cc:140) Average like for this file is -50.9122 over 1472 frames.
LOG (gmm-acc-stats-twofeats[5.5.896~1-8a59]:main():gmm-acc-stats-twofeats.cc:140) Average like for this file is -49.5335 over 1151 frames.
LOG (gmm-acc-stats-twofeats[5.5.896~1-8a59]:main():gmm-acc-stats-twofeats.cc:140) Average like for this file is -48.8567 over 854 frames.
LOG (gmm-acc-stats-twofeats[5.5.896~1-8a59]:main():gmm-acc-stats-twofeats.cc:140) Average like for this file is -50.4796 over 1302 frames.
LOG (gmm-acc-stats-twofeats[5.5.896~1-8a59]:main():gmm-acc-stats-twofeats.cc:140) Average like for this file is -51.0114 over 1411 frames.
LOG (gmm-acc-stats-twofeats[5.5.896~1-8a59]:main():gmm-acc-stats-twofeats.cc:140) Average like for this file is -50.5788 over 1531 frames.
LOG (gmm-acc-stats-twofeats[5.5.896~1-8a59]:main():gmm-acc-stats-twofeats.cc:140) Average like for this file is -51.13 over 1229 frames.
LOG (gmm-acc-stats-twofeats[5.5.896~1-8a59]:main():gmm-acc-stats-twofeats.cc:140) Average like for this file is -48.3531 over 765 frames.
LOG (gmm-acc-stats-twofeats[5.5.896~1-8a59]:main():gmm-acc-stats-twofeats.cc:140) Average like for this file is -55.8586 over 499 frames.
LOG (gmm-acc-stats-twofeats[5.5.896~1-8a59]:main():gmm-acc-stats-twofeats.cc:140) Average like for this file is -50.0747 over 686 frames.
LOG (gmm-acc-stats-twofeats[5.5.896~1-8a59]:main():gmm-acc-stats-twofeats.cc:146) Avg like per frame so far is -50.5095
LOG (gmm-acc-stats-twofeats[5.5.896~1-8a59]:main():gmm-acc-stats-twofeats.cc:140) Average like for this file is -49.9436 over 764 frames.
LOG (gmm-acc-stats-twofeats[5.5.896~1-8a59]:main():gmm-acc-stats-twofeats.cc:140) Average like for this file is -50.4903 over 1118 frames.
LOG (gmm-acc-stats-twofeats[5.5.896~1-8a59]:main():gmm-acc-stats-twofeats.cc:140) Average like for this file is -53.4217 over 333 frames.
LOG (gmm-acc-stats-twofeats[5.5.896~1-8a59]:main():gmm-acc-stats-twofeats.cc:140) Average like for this file is -49.8869 over 1115 frames.
LOG (gmm-acc-stats-twofeats[5.5.896~1-8a59]:main():gmm-acc-stats-twofeats.cc:140) Average like for this file is -50.7437 over 3079 frames.
LOG (gmm-acc-stats-twofeats[5.5.896~1-8a59]:main():gmm-acc-stats-twofeats.cc:140) Average like for this file is -51.5993 over 1882 frames.
LOG (gmm-acc-stats-twofeats[5.5.896~1-8a59]:main():gmm-acc-stats-twofeats.cc:140) Average like for this file is -46.8437 over 760 frames.
LOG (gmm-acc-stats-twofeats[5.5.896~1-8a59]:main():gmm-acc-stats-twofeats.cc:140) Average like for this file is -48.4671 over 574 frames.
LOG (gmm-acc-stats-twofeats[5.5.896~1-8a59]:main():gmm-acc-stats-twofeats.cc:140) Average like for this file is -49.9743 over 561 frames.
LOG (gmm-acc-stats-twofeats[5.5.896~1-8a59]:main():gmm-acc-stats-twofeats.cc:140) Average like for this file is -47.9862 over 567 frames.
LOG (gmm-acc-stats-twofeats[5.5.896~1-8a59]:main():gmm-acc-stats-twofeats.cc:146) Avg like per frame so far is -50.4514
LOG (gmm-acc-stats-twofeats[5.5.896~1-8a59]:main():gmm-acc-stats-twofeats.cc:140) Average like for this file is -49.369 over 769 frames.
LOG (gmm-acc-stats-twofeats[5.5.896~1-8a59]:main():gmm-acc-stats-twofeats.cc:140) Average like for this file is -49.8057 over 944 frames.
LOG (gmm-acc-stats-twofeats[5.5.896~1-8a59]:main():gmm-acc-stats-twofeats.cc:140) Average like for this file is -46.7647 over 686 frames.
LOG (gmm-acc-stats-twofeats[5.5.896~1-8a59]:main():gmm-acc-stats-twofeats.cc:140) Average like for this file is -50.1092 over 624 frames.
LOG (gmm-acc-stats-twofeats[5.5.896~1-8a59]:main():gmm-acc-stats-twofeats.cc:140) Average like for this file is -45.4412 over 578 frames.
LOG (gmm-acc-stats-twofeats[5.5.896~1-8a59]:main():gmm-acc-stats-twofeats.cc:140) Average like for this file is -49.3803 over 717 frames.
LOG (gmm-acc-stats-twofeats[5.5.896~1-8a59]:main():gmm-acc-stats-twofeats.cc:140) Average like for this file is -54.3898 over 340 frames.
LOG (gmm-acc-stats-twofeats[5.5.896~1-8a59]:main():gmm-acc-stats-twofeats.cc:140) Average like for this file is -47.3638 over 1291 frames.
LOG (gmm-acc-stats-twofeats[5.5.896~1-8a59]:main():gmm-acc-stats-twofeats.cc:140) Average like for this file is -45.7439 over 1407 frames.
LOG (ali-to-post[5.5.896~1-8a59]:main():ali-to-post.cc:73) Converted 67 alignments.
LOG (gmm-acc-stats-twofeats[5.5.896~1-8a59]:main():gmm-acc-stats-twofeats.cc:140) Average like for this file is -45.3084 over 1315 frames.
LOG (gmm-acc-stats-twofeats[5.5.896~1-8a59]:main():gmm-acc-stats-twofeats.cc:146) Avg like per frame so far is -50.0663
LOG (gmm-acc-stats-twofeats[5.5.896~1-8a59]:main():gmm-acc-stats-twofeats.cc:140) Average like for this file is -51.9909 over 390 frames.
LOG (apply-cmvn[5.5.896~1-8a59]:main():apply-cmvn.cc:162) Applied cepstral mean normalization to 67 utterances, errors on 0
LOG (gmm-acc-stats-twofeats[5.5.896~1-8a59]:main():gmm-acc-stats-twofeats.cc:140) Average like for this file is -45.7758 over 1027 frames.
LOG (apply-cmvn[5.5.896~1-8a59]:main():apply-cmvn.cc:162) Applied cepstral mean normalization to 67 utterances, errors on 0
LOG (gmm-acc-stats-twofeats[5.5.896~1-8a59]:main():gmm-acc-stats-twofeats.cc:140) Average like for this file is -46.2195 over 1030 frames.
LOG (gmm-acc-stats-twofeats[5.5.896~1-8a59]:main():gmm-acc-stats-twofeats.cc:140) Average like for this file is -51.1928 over 195 frames.
LOG (gmm-acc-stats-twofeats[5.5.896~1-8a59]:main():gmm-acc-stats-twofeats.cc:140) Average like for this file is -45.0505 over 776 frames.
LOG (transform-feats[5.5.896~1-8a59]:main():transform-feats.cc:158) Overall average [pseudo-]logdet is -88.4635 over 66358 frames.
LOG (transform-feats[5.5.896~1-8a59]:main():transform-feats.cc:161) Applied transform to 67 utterances; 0 had errors.
LOG (gmm-acc-stats-twofeats[5.5.896~1-8a59]:main():gmm-acc-stats-twofeats.cc:140) Average like for this file is -57.7621 over 469 frames.
LOG (transform-feats[5.5.896~1-8a59]:main():transform-feats.cc:158) Overall average logdet is 1.85799 over 66358 frames.
LOG (transform-feats[5.5.896~1-8a59]:main():transform-feats.cc:161) Applied transform to 67 utterances; 0 had errors.
LOG (transform-feats[5.5.896~1-8a59]:main():transform-feats.cc:158) Overall average [pseudo-]logdet is -88.4635 over 66358 frames.
LOG (transform-feats[5.5.896~1-8a59]:main():transform-feats.cc:161) Applied transform to 67 utterances; 0 had errors.
LOG (gmm-acc-stats-twofeats[5.5.896~1-8a59]:main():gmm-acc-stats-twofeats.cc:140) Average like for this file is -54.6837 over 461 frames.
LOG (gmm-acc-stats-twofeats[5.5.896~1-8a59]:main():gmm-acc-stats-twofeats.cc:150) Done 67 files, 0 with no posteriors, 0 with no second features, 0 with other errors.
LOG (gmm-acc-stats-twofeats[5.5.896~1-8a59]:main():gmm-acc-stats-twofeats.cc:155) Overall avg like per frame (Gaussian only) = -49.9826 over 66358 frames.
LOG (gmm-acc-stats-twofeats[5.5.896~1-8a59]:main():gmm-acc-stats-twofeats.cc:163) Written accs.
# Accounting: time=2 threads=1
# Ended (code 0) at Sun Apr  4 23:47:41 CST 2021, elapsed time 2 seconds
