# ali-to-post "ark:gunzip -c exp/tri4a/ali.4.gz|" ark:- | weight-silence-post 0.0 1:2:3:4:5:6:7:8:9:10 exp/tri4a/4.mdl ark:- ark:- | gmm-est-fmllr --fmllr-update-type=full --spk2utt=ark:data/train/split4/4/spk2utt exp/tri4a/4.mdl "ark,s,cs:apply-cmvn  --utt2spk=ark:data/train/split4/4/utt2spk scp:data/train/split4/4/cmvn.scp scp:data/train/split4/4/feats.scp ark:- | splice-feats  ark:- ark:- | transform-feats exp/tri3a_ali/final.mat ark:- ark:- | transform-feats --utt2spk=ark:data/train/split4/4/utt2spk ark:exp/tri4a/trans.4 ark:- ark:- |" ark:- ark:exp/tri4a/tmp_trans.4 
# Started at Sun Apr  4 23:45:38 CST 2021
#
ali-to-post 'ark:gunzip -c exp/tri4a/ali.4.gz|' ark:- 
weight-silence-post 0.0 1:2:3:4:5:6:7:8:9:10 exp/tri4a/4.mdl ark:- ark:- 
gmm-est-fmllr --fmllr-update-type=full --spk2utt=ark:data/train/split4/4/spk2utt exp/tri4a/4.mdl 'ark,s,cs:apply-cmvn  --utt2spk=ark:data/train/split4/4/utt2spk scp:data/train/split4/4/cmvn.scp scp:data/train/split4/4/feats.scp ark:- | splice-feats  ark:- ark:- | transform-feats exp/tri3a_ali/final.mat ark:- ark:- | transform-feats --utt2spk=ark:data/train/split4/4/utt2spk ark:exp/tri4a/trans.4 ark:- ark:- |' ark:- ark:exp/tri4a/tmp_trans.4 
apply-cmvn --utt2spk=ark:data/train/split4/4/utt2spk scp:data/train/split4/4/cmvn.scp scp:data/train/split4/4/feats.scp ark:- 
transform-feats --utt2spk=ark:data/train/split4/4/utt2spk ark:exp/tri4a/trans.4 ark:- ark:- 
splice-feats ark:- ark:- 
transform-feats exp/tri3a_ali/final.mat ark:- ark:- 
WARNING (gmm-est-fmllr[5.5.896~1-8a59]:Update():fmllr-diag-gmm.cc:162) Not updating fMLLR since below min-count: count is 447
LOG (gmm-est-fmllr[5.5.896~1-8a59]:main():gmm-est-fmllr.cc:143) For speaker weather022_003, auxf-impr from fMLLR is 0, over 447 frames.
LOG (gmm-est-fmllr[5.5.896~1-8a59]:ComputeFmllrMatrixDiagGmmFull():fmllr-diag-gmm.cc:262) fMLLR objf improvement is 0.169052 per frame over 689 frames.
LOG (gmm-est-fmllr[5.5.896~1-8a59]:main():gmm-est-fmllr.cc:143) For speaker weather022_004, auxf-impr from fMLLR is 0.169052, over 689 frames.
WARNING (gmm-est-fmllr[5.5.896~1-8a59]:Update():fmllr-diag-gmm.cc:162) Not updating fMLLR since below min-count: count is 467
LOG (gmm-est-fmllr[5.5.896~1-8a59]:main():gmm-est-fmllr.cc:143) For speaker weather022_005, auxf-impr from fMLLR is 0, over 467 frames.
WARNING (gmm-est-fmllr[5.5.896~1-8a59]:Update():fmllr-diag-gmm.cc:162) Not updating fMLLR since below min-count: count is 332
LOG (gmm-est-fmllr[5.5.896~1-8a59]:main():gmm-est-fmllr.cc:143) For speaker weather022_006, auxf-impr from fMLLR is 0, over 332 frames.
LOG (gmm-est-fmllr[5.5.896~1-8a59]:ComputeFmllrMatrixDiagGmmFull():fmllr-diag-gmm.cc:262) fMLLR objf improvement is 0.166408 per frame over 790 frames.
LOG (gmm-est-fmllr[5.5.896~1-8a59]:main():gmm-est-fmllr.cc:143) For speaker weather022_007, auxf-impr from fMLLR is 0.166408, over 790 frames.
WARNING (gmm-est-fmllr[5.5.896~1-8a59]:Update():fmllr-diag-gmm.cc:162) Not updating fMLLR since below min-count: count is 322
LOG (gmm-est-fmllr[5.5.896~1-8a59]:main():gmm-est-fmllr.cc:143) For speaker weather022_008, auxf-impr from fMLLR is 0, over 322 frames.
WARNING (gmm-est-fmllr[5.5.896~1-8a59]:Update():fmllr-diag-gmm.cc:162) Not updating fMLLR since below min-count: count is 268
LOG (gmm-est-fmllr[5.5.896~1-8a59]:main():gmm-est-fmllr.cc:143) For speaker weather022_009, auxf-impr from fMLLR is 0, over 268 frames.
LOG (ali-to-post[5.5.896~1-8a59]:main():ali-to-post.cc:73) Converted 65 alignments.
LOG (weight-silence-post[5.5.896~1-8a59]:main():weight-silence-post.cc:95) Done 65 posteriors.
WARNING (gmm-est-fmllr[5.5.896~1-8a59]:main():gmm-est-fmllr.cc:118) Did not find posteriors for utterance weather023_001
WARNING (gmm-est-fmllr[5.5.896~1-8a59]:Update():fmllr-diag-gmm.cc:162) Not updating fMLLR since below min-count: count is 0
LOG (gmm-est-fmllr[5.5.896~1-8a59]:main():gmm-est-fmllr.cc:143) For speaker weather023_001, auxf-impr from fMLLR is -nan, over 0 frames.
LOG (gmm-est-fmllr[5.5.896~1-8a59]:ComputeFmllrMatrixDiagGmmFull():fmllr-diag-gmm.cc:262) fMLLR objf improvement is 0.195363 per frame over 600 frames.
LOG (gmm-est-fmllr[5.5.896~1-8a59]:main():gmm-est-fmllr.cc:143) For speaker weather023_002, auxf-impr from fMLLR is 0.195363, over 600 frames.
LOG (gmm-est-fmllr[5.5.896~1-8a59]:ComputeFmllrMatrixDiagGmmFull():fmllr-diag-gmm.cc:262) fMLLR objf improvement is 0.159053 per frame over 511 frames.
LOG (gmm-est-fmllr[5.5.896~1-8a59]:main():gmm-est-fmllr.cc:143) For speaker weather023_003, auxf-impr from fMLLR is 0.159053, over 511 frames.
LOG (gmm-est-fmllr[5.5.896~1-8a59]:ComputeFmllrMatrixDiagGmmFull():fmllr-diag-gmm.cc:262) fMLLR objf improvement is 0.192425 per frame over 862 frames.
LOG (gmm-est-fmllr[5.5.896~1-8a59]:main():gmm-est-fmllr.cc:143) For speaker weather023_004, auxf-impr from fMLLR is 0.192425, over 862 frames.
LOG (gmm-est-fmllr[5.5.896~1-8a59]:ComputeFmllrMatrixDiagGmmFull():fmllr-diag-gmm.cc:262) fMLLR objf improvement is 0.243782 per frame over 561 frames.
LOG (gmm-est-fmllr[5.5.896~1-8a59]:main():gmm-est-fmllr.cc:143) For speaker weather023_005, auxf-impr from fMLLR is 0.243782, over 561 frames.
LOG (gmm-est-fmllr[5.5.896~1-8a59]:ComputeFmllrMatrixDiagGmmFull():fmllr-diag-gmm.cc:262) fMLLR objf improvement is 0.121609 per frame over 2051 frames.
LOG (gmm-est-fmllr[5.5.896~1-8a59]:main():gmm-est-fmllr.cc:143) For speaker weather023_006, auxf-impr from fMLLR is 0.121609, over 2051 frames.
LOG (gmm-est-fmllr[5.5.896~1-8a59]:ComputeFmllrMatrixDiagGmmFull():fmllr-diag-gmm.cc:262) fMLLR objf improvement is 0.149884 per frame over 1268 frames.
LOG (gmm-est-fmllr[5.5.896~1-8a59]:main():gmm-est-fmllr.cc:143) For speaker weather023_007, auxf-impr from fMLLR is 0.149884, over 1268 frames.
LOG (gmm-est-fmllr[5.5.896~1-8a59]:ComputeFmllrMatrixDiagGmmFull():fmllr-diag-gmm.cc:262) fMLLR objf improvement is 0.182293 per frame over 999 frames.
LOG (gmm-est-fmllr[5.5.896~1-8a59]:main():gmm-est-fmllr.cc:143) For speaker weather023_008, auxf-impr from fMLLR is 0.182293, over 999 frames.
LOG (gmm-est-fmllr[5.5.896~1-8a59]:ComputeFmllrMatrixDiagGmmFull():fmllr-diag-gmm.cc:262) fMLLR objf improvement is 0.25859 per frame over 616 frames.
LOG (gmm-est-fmllr[5.5.896~1-8a59]:main():gmm-est-fmllr.cc:143) For speaker weather023_009, auxf-impr from fMLLR is 0.25859, over 616 frames.
LOG (gmm-est-fmllr[5.5.896~1-8a59]:ComputeFmllrMatrixDiagGmmFull():fmllr-diag-gmm.cc:262) fMLLR objf improvement is 0.165146 per frame over 1398 frames.
LOG (gmm-est-fmllr[5.5.896~1-8a59]:main():gmm-est-fmllr.cc:143) For speaker weather023_010, auxf-impr from fMLLR is 0.165146, over 1398 frames.
LOG (gmm-est-fmllr[5.5.896~1-8a59]:ComputeFmllrMatrixDiagGmmFull():fmllr-diag-gmm.cc:262) fMLLR objf improvement is 0.134418 per frame over 900 frames.
LOG (gmm-est-fmllr[5.5.896~1-8a59]:main():gmm-est-fmllr.cc:143) For speaker weather023_011, auxf-impr from fMLLR is 0.134418, over 900 frames.
WARNING (gmm-est-fmllr[5.5.896~1-8a59]:Update():fmllr-diag-gmm.cc:162) Not updating fMLLR since below min-count: count is 446
LOG (gmm-est-fmllr[5.5.896~1-8a59]:main():gmm-est-fmllr.cc:143) For speaker weather023_012, auxf-impr from fMLLR is 0, over 446 frames.
LOG (gmm-est-fmllr[5.5.896~1-8a59]:ComputeFmllrMatrixDiagGmmFull():fmllr-diag-gmm.cc:262) fMLLR objf improvement is 0.165379 per frame over 1107 frames.
LOG (gmm-est-fmllr[5.5.896~1-8a59]:main():gmm-est-fmllr.cc:143) For speaker weather023_013, auxf-impr from fMLLR is 0.165379, over 1107 frames.
LOG (gmm-est-fmllr[5.5.896~1-8a59]:ComputeFmllrMatrixDiagGmmFull():fmllr-diag-gmm.cc:262) fMLLR objf improvement is 0.101239 per frame over 1818 frames.
LOG (gmm-est-fmllr[5.5.896~1-8a59]:main():gmm-est-fmllr.cc:143) For speaker weather023_014, auxf-impr from fMLLR is 0.101239, over 1818 frames.
LOG (gmm-est-fmllr[5.5.896~1-8a59]:ComputeFmllrMatrixDiagGmmFull():fmllr-diag-gmm.cc:262) fMLLR objf improvement is 0.235114 per frame over 531 frames.
LOG (gmm-est-fmllr[5.5.896~1-8a59]:main():gmm-est-fmllr.cc:143) For speaker weather024_001, auxf-impr from fMLLR is 0.235114, over 531 frames.
WARNING (gmm-est-fmllr[5.5.896~1-8a59]:Update():fmllr-diag-gmm.cc:162) Not updating fMLLR since below min-count: count is 437
LOG (gmm-est-fmllr[5.5.896~1-8a59]:main():gmm-est-fmllr.cc:143) For speaker weather024_002, auxf-impr from fMLLR is 0, over 437 frames.
WARNING (gmm-est-fmllr[5.5.896~1-8a59]:Update():fmllr-diag-gmm.cc:162) Not updating fMLLR since below min-count: count is 405
LOG (gmm-est-fmllr[5.5.896~1-8a59]:main():gmm-est-fmllr.cc:143) For speaker weather024_003, auxf-impr from fMLLR is 0, over 405 frames.
LOG (gmm-est-fmllr[5.5.896~1-8a59]:ComputeFmllrMatrixDiagGmmFull():fmllr-diag-gmm.cc:262) fMLLR objf improvement is 0.243082 per frame over 1025 frames.
LOG (gmm-est-fmllr[5.5.896~1-8a59]:main():gmm-est-fmllr.cc:143) For speaker weather024_004, auxf-impr from fMLLR is 0.243082, over 1025 frames.
WARNING (gmm-est-fmllr[5.5.896~1-8a59]:Update():fmllr-diag-gmm.cc:162) Not updating fMLLR since below min-count: count is 454
LOG (gmm-est-fmllr[5.5.896~1-8a59]:main():gmm-est-fmllr.cc:143) For speaker weather024_005, auxf-impr from fMLLR is 0, over 454 frames.
LOG (gmm-est-fmllr[5.5.896~1-8a59]:ComputeFmllrMatrixDiagGmmFull():fmllr-diag-gmm.cc:262) fMLLR objf improvement is 0.222066 per frame over 605 frames.
LOG (gmm-est-fmllr[5.5.896~1-8a59]:main():gmm-est-fmllr.cc:143) For speaker weather024_006, auxf-impr from fMLLR is 0.222066, over 605 frames.
WARNING (gmm-est-fmllr[5.5.896~1-8a59]:Update():fmllr-diag-gmm.cc:162) Not updating fMLLR since below min-count: count is 463
LOG (gmm-est-fmllr[5.5.896~1-8a59]:main():gmm-est-fmllr.cc:143) For speaker weather025_001, auxf-impr from fMLLR is 0, over 463 frames.
LOG (gmm-est-fmllr[5.5.896~1-8a59]:ComputeFmllrMatrixDiagGmmFull():fmllr-diag-gmm.cc:262) fMLLR objf improvement is 0.235503 per frame over 992 frames.
LOG (gmm-est-fmllr[5.5.896~1-8a59]:main():gmm-est-fmllr.cc:143) For speaker weather025_002, auxf-impr from fMLLR is 0.235503, over 992 frames.
LOG (gmm-est-fmllr[5.5.896~1-8a59]:ComputeFmllrMatrixDiagGmmFull():fmllr-diag-gmm.cc:262) fMLLR objf improvement is 0.219942 per frame over 847 frames.
LOG (gmm-est-fmllr[5.5.896~1-8a59]:main():gmm-est-fmllr.cc:143) For speaker weather025_003, auxf-impr from fMLLR is 0.219942, over 847 frames.
WARNING (gmm-est-fmllr[5.5.896~1-8a59]:Update():fmllr-diag-gmm.cc:162) Not updating fMLLR since below min-count: count is 187
LOG (gmm-est-fmllr[5.5.896~1-8a59]:main():gmm-est-fmllr.cc:143) For speaker weather025_004, auxf-impr from fMLLR is 0, over 187 frames.
WARNING (gmm-est-fmllr[5.5.896~1-8a59]:Update():fmllr-diag-gmm.cc:162) Not updating fMLLR since below min-count: count is 429
LOG (gmm-est-fmllr[5.5.896~1-8a59]:main():gmm-est-fmllr.cc:143) For speaker weather025_005, auxf-impr from fMLLR is 0, over 429 frames.
WARNING (gmm-est-fmllr[5.5.896~1-8a59]:Update():fmllr-diag-gmm.cc:162) Not updating fMLLR since below min-count: count is 307
LOG (gmm-est-fmllr[5.5.896~1-8a59]:main():gmm-est-fmllr.cc:143) For speaker weather025_006, auxf-impr from fMLLR is 0, over 307 frames.
WARNING (gmm-est-fmllr[5.5.896~1-8a59]:Update():fmllr-diag-gmm.cc:162) Not updating fMLLR since below min-count: count is 164
LOG (gmm-est-fmllr[5.5.896~1-8a59]:main():gmm-est-fmllr.cc:143) For speaker weather025_007, auxf-impr from fMLLR is 0, over 164 frames.
WARNING (gmm-est-fmllr[5.5.896~1-8a59]:Update():fmllr-diag-gmm.cc:162) Not updating fMLLR since below min-count: count is 189
LOG (gmm-est-fmllr[5.5.896~1-8a59]:main():gmm-est-fmllr.cc:143) For speaker weather025_008, auxf-impr from fMLLR is 0, over 189 frames.
LOG (gmm-est-fmllr[5.5.896~1-8a59]:ComputeFmllrMatrixDiagGmmFull():fmllr-diag-gmm.cc:262) fMLLR objf improvement is 0.172678 per frame over 994 frames.
LOG (gmm-est-fmllr[5.5.896~1-8a59]:main():gmm-est-fmllr.cc:143) For speaker weather025_009, auxf-impr from fMLLR is 0.172678, over 994 frames.
LOG (gmm-est-fmllr[5.5.896~1-8a59]:ComputeFmllrMatrixDiagGmmFull():fmllr-diag-gmm.cc:262) fMLLR objf improvement is 0.279202 per frame over 554 frames.
LOG (gmm-est-fmllr[5.5.896~1-8a59]:main():gmm-est-fmllr.cc:143) For speaker weather025_010, auxf-impr from fMLLR is 0.279202, over 554 frames.
WARNING (gmm-est-fmllr[5.5.896~1-8a59]:Update():fmllr-diag-gmm.cc:162) Not updating fMLLR since below min-count: count is 392
LOG (gmm-est-fmllr[5.5.896~1-8a59]:main():gmm-est-fmllr.cc:143) For speaker weather025_011, auxf-impr from fMLLR is 0, over 392 frames.
LOG (gmm-est-fmllr[5.5.896~1-8a59]:ComputeFmllrMatrixDiagGmmFull():fmllr-diag-gmm.cc:262) fMLLR objf improvement is 0.194015 per frame over 1059 frames.
LOG (gmm-est-fmllr[5.5.896~1-8a59]:main():gmm-est-fmllr.cc:143) For speaker weather025_012, auxf-impr from fMLLR is 0.194015, over 1059 frames.
WARNING (gmm-est-fmllr[5.5.896~1-8a59]:Update():fmllr-diag-gmm.cc:162) Not updating fMLLR since below min-count: count is 285
LOG (gmm-est-fmllr[5.5.896~1-8a59]:main():gmm-est-fmllr.cc:143) For speaker weather025_013, auxf-impr from fMLLR is 0, over 285 frames.
WARNING (gmm-est-fmllr[5.5.896~1-8a59]:Update():fmllr-diag-gmm.cc:162) Not updating fMLLR since below min-count: count is 60
LOG (gmm-est-fmllr[5.5.896~1-8a59]:main():gmm-est-fmllr.cc:143) For speaker weather025_014, auxf-impr from fMLLR is 0, over 60 frames.
WARNING (gmm-est-fmllr[5.5.896~1-8a59]:Update():fmllr-diag-gmm.cc:162) Not updating fMLLR since below min-count: count is 175
LOG (gmm-est-fmllr[5.5.896~1-8a59]:main():gmm-est-fmllr.cc:143) For speaker weather026_001, auxf-impr from fMLLR is 0, over 175 frames.
LOG (gmm-est-fmllr[5.5.896~1-8a59]:ComputeFmllrMatrixDiagGmmFull():fmllr-diag-gmm.cc:262) fMLLR objf improvement is 0.155696 per frame over 840 frames.
LOG (gmm-est-fmllr[5.5.896~1-8a59]:main():gmm-est-fmllr.cc:143) For speaker weather026_002, auxf-impr from fMLLR is 0.155696, over 840 frames.
LOG (gmm-est-fmllr[5.5.896~1-8a59]:ComputeFmllrMatrixDiagGmmFull():fmllr-diag-gmm.cc:262) fMLLR objf improvement is 0.223915 per frame over 626 frames.
LOG (gmm-est-fmllr[5.5.896~1-8a59]:main():gmm-est-fmllr.cc:143) For speaker weather026_003, auxf-impr from fMLLR is 0.223915, over 626 frames.
WARNING (gmm-est-fmllr[5.5.896~1-8a59]:Update():fmllr-diag-gmm.cc:162) Not updating fMLLR since below min-count: count is 354
LOG (gmm-est-fmllr[5.5.896~1-8a59]:main():gmm-est-fmllr.cc:143) For speaker weather026_004, auxf-impr from fMLLR is 0, over 354 frames.
LOG (gmm-est-fmllr[5.5.896~1-8a59]:ComputeFmllrMatrixDiagGmmFull():fmllr-diag-gmm.cc:262) fMLLR objf improvement is 0.175481 per frame over 1026 frames.
LOG (gmm-est-fmllr[5.5.896~1-8a59]:main():gmm-est-fmllr.cc:143) For speaker weather026_005, auxf-impr from fMLLR is 0.175481, over 1026 frames.
LOG (gmm-est-fmllr[5.5.896~1-8a59]:ComputeFmllrMatrixDiagGmmFull():fmllr-diag-gmm.cc:262) fMLLR objf improvement is 0.228697 per frame over 502 frames.
LOG (gmm-est-fmllr[5.5.896~1-8a59]:main():gmm-est-fmllr.cc:143) For speaker weather027_001, auxf-impr from fMLLR is 0.228697, over 502 frames.
LOG (gmm-est-fmllr[5.5.896~1-8a59]:ComputeFmllrMatrixDiagGmmFull():fmllr-diag-gmm.cc:262) fMLLR objf improvement is 0.190814 per frame over 531 frames.
LOG (gmm-est-fmllr[5.5.896~1-8a59]:main():gmm-est-fmllr.cc:143) For speaker weather027_002, auxf-impr from fMLLR is 0.190814, over 531 frames.
WARNING (gmm-est-fmllr[5.5.896~1-8a59]:Update():fmllr-diag-gmm.cc:162) Not updating fMLLR since below min-count: count is 377
LOG (gmm-est-fmllr[5.5.896~1-8a59]:main():gmm-est-fmllr.cc:143) For speaker weather027_003, auxf-impr from fMLLR is 0, over 377 frames.
WARNING (gmm-est-fmllr[5.5.896~1-8a59]:Update():fmllr-diag-gmm.cc:162) Not updating fMLLR since below min-count: count is 456
LOG (gmm-est-fmllr[5.5.896~1-8a59]:main():gmm-est-fmllr.cc:143) For speaker weather027_004, auxf-impr from fMLLR is 0, over 456 frames.
WARNING (gmm-est-fmllr[5.5.896~1-8a59]:Update():fmllr-diag-gmm.cc:162) Not updating fMLLR since below min-count: count is 343
LOG (gmm-est-fmllr[5.5.896~1-8a59]:main():gmm-est-fmllr.cc:143) For speaker weather027_005, auxf-impr from fMLLR is 0, over 343 frames.
LOG (gmm-est-fmllr[5.5.896~1-8a59]:ComputeFmllrMatrixDiagGmmFull():fmllr-diag-gmm.cc:262) fMLLR objf improvement is 0.201065 per frame over 524 frames.
LOG (gmm-est-fmllr[5.5.896~1-8a59]:main():gmm-est-fmllr.cc:143) For speaker weather027_006, auxf-impr from fMLLR is 0.201065, over 524 frames.
LOG (gmm-est-fmllr[5.5.896~1-8a59]:ComputeFmllrMatrixDiagGmmFull():fmllr-diag-gmm.cc:262) fMLLR objf improvement is 0.135324 per frame over 764 frames.
LOG (gmm-est-fmllr[5.5.896~1-8a59]:main():gmm-est-fmllr.cc:143) For speaker weather027_007, auxf-impr from fMLLR is 0.135324, over 764 frames.
LOG (gmm-est-fmllr[5.5.896~1-8a59]:ComputeFmllrMatrixDiagGmmFull():fmllr-diag-gmm.cc:262) fMLLR objf improvement is 0.13607 per frame over 827 frames.
LOG (gmm-est-fmllr[5.5.896~1-8a59]:main():gmm-est-fmllr.cc:143) For speaker weather027_008, auxf-impr from fMLLR is 0.13607, over 827 frames.
LOG (gmm-est-fmllr[5.5.896~1-8a59]:ComputeFmllrMatrixDiagGmmFull():fmllr-diag-gmm.cc:262) fMLLR objf improvement is 0.18393 per frame over 774 frames.
LOG (gmm-est-fmllr[5.5.896~1-8a59]:main():gmm-est-fmllr.cc:143) For speaker weather028_001, auxf-impr from fMLLR is 0.18393, over 774 frames.
WARNING (gmm-est-fmllr[5.5.896~1-8a59]:Update():fmllr-diag-gmm.cc:162) Not updating fMLLR since below min-count: count is 290
LOG (gmm-est-fmllr[5.5.896~1-8a59]:main():gmm-est-fmllr.cc:143) For speaker weather028_002, auxf-impr from fMLLR is 0, over 290 frames.
LOG (gmm-est-fmllr[5.5.896~1-8a59]:ComputeFmllrMatrixDiagGmmFull():fmllr-diag-gmm.cc:262) fMLLR objf improvement is 0.238131 per frame over 532 frames.
LOG (gmm-est-fmllr[5.5.896~1-8a59]:main():gmm-est-fmllr.cc:143) For speaker weather028_003, auxf-impr from fMLLR is 0.238131, over 532 frames.
LOG (gmm-est-fmllr[5.5.896~1-8a59]:ComputeFmllrMatrixDiagGmmFull():fmllr-diag-gmm.cc:262) fMLLR objf improvement is 0.181699 per frame over 681 frames.
LOG (gmm-est-fmllr[5.5.896~1-8a59]:main():gmm-est-fmllr.cc:143) For speaker weather028_004, auxf-impr from fMLLR is 0.181699, over 681 frames.
LOG (gmm-est-fmllr[5.5.896~1-8a59]:ComputeFmllrMatrixDiagGmmFull():fmllr-diag-gmm.cc:262) fMLLR objf improvement is 0.204117 per frame over 582 frames.
LOG (gmm-est-fmllr[5.5.896~1-8a59]:main():gmm-est-fmllr.cc:143) For speaker weather028_005, auxf-impr from fMLLR is 0.204117, over 582 frames.
LOG (gmm-est-fmllr[5.5.896~1-8a59]:ComputeFmllrMatrixDiagGmmFull():fmllr-diag-gmm.cc:262) fMLLR objf improvement is 0.187139 per frame over 629 frames.
LOG (gmm-est-fmllr[5.5.896~1-8a59]:main():gmm-est-fmllr.cc:143) For speaker weather028_006, auxf-impr from fMLLR is 0.187139, over 629 frames.
WARNING (gmm-est-fmllr[5.5.896~1-8a59]:Update():fmllr-diag-gmm.cc:162) Not updating fMLLR since below min-count: count is 405
LOG (gmm-est-fmllr[5.5.896~1-8a59]:main():gmm-est-fmllr.cc:143) For speaker weather028_007, auxf-impr from fMLLR is 0, over 405 frames.
LOG (apply-cmvn[5.5.896~1-8a59]:main():apply-cmvn.cc:162) Applied cepstral mean normalization to 66 utterances, errors on 0
WARNING (gmm-est-fmllr[5.5.896~1-8a59]:Update():fmllr-diag-gmm.cc:162) Not updating fMLLR since below min-count: count is 431
LOG (gmm-est-fmllr[5.5.896~1-8a59]:main():gmm-est-fmllr.cc:143) For speaker weather029_001, auxf-impr from fMLLR is 0, over 431 frames.
WARNING (gmm-est-fmllr[5.5.896~1-8a59]:Update():fmllr-diag-gmm.cc:162) Not updating fMLLR since below min-count: count is 423
LOG (gmm-est-fmllr[5.5.896~1-8a59]:main():gmm-est-fmllr.cc:143) For speaker weather029_002, auxf-impr from fMLLR is 0, over 423 frames.
LOG (gmm-est-fmllr[5.5.896~1-8a59]:ComputeFmllrMatrixDiagGmmFull():fmllr-diag-gmm.cc:262) fMLLR objf improvement is 0.181949 per frame over 1269 frames.
LOG (gmm-est-fmllr[5.5.896~1-8a59]:main():gmm-est-fmllr.cc:143) For speaker weather029_003, auxf-impr from fMLLR is 0.181949, over 1269 frames.
LOG (transform-feats[5.5.896~1-8a59]:main():transform-feats.cc:158) Overall average [pseudo-]logdet is -88.4635 over 47295 frames.
LOG (transform-feats[5.5.896~1-8a59]:main():transform-feats.cc:161) Applied transform to 66 utterances; 0 had errors.
LOG (gmm-est-fmllr[5.5.896~1-8a59]:ComputeFmllrMatrixDiagGmmFull():fmllr-diag-gmm.cc:262) fMLLR objf improvement is 0.156476 per frame over 1193 frames.
LOG (gmm-est-fmllr[5.5.896~1-8a59]:main():gmm-est-fmllr.cc:143) For speaker weather029_004, auxf-impr from fMLLR is 0.156476, over 1193 frames.
LOG (transform-feats[5.5.896~1-8a59]:main():transform-feats.cc:158) Overall average logdet is 1.25481 over 47295 frames.
LOG (transform-feats[5.5.896~1-8a59]:main():transform-feats.cc:161) Applied transform to 66 utterances; 0 had errors.
LOG (gmm-est-fmllr[5.5.896~1-8a59]:ComputeFmllrMatrixDiagGmmFull():fmllr-diag-gmm.cc:262) fMLLR objf improvement is 0.138537 per frame over 1007 frames.
LOG (gmm-est-fmllr[5.5.896~1-8a59]:main():gmm-est-fmllr.cc:143) For speaker weather029_005, auxf-impr from fMLLR is 0.138537, over 1007 frames.
LOG (gmm-est-fmllr[5.5.896~1-8a59]:main():gmm-est-fmllr.cc:188) Done 65 files, 1 with no posts, 0 with other errors.
LOG (gmm-est-fmllr[5.5.896~1-8a59]:main():gmm-est-fmllr.cc:190) Overall fMLLR auxf impr per frame is 0.138793 over 42392 frames.
# Accounting: time=6 threads=1
# Ended (code 0) at Sun Apr  4 23:45:44 CST 2021, elapsed time 6 seconds
