# gmm-est --power=0.2 --write-occs=exp/tri4a/7.occs --mix-up=47040 exp/tri4a/6.mdl "gmm-sum-accs - exp/tri4a/6.*.acc |" exp/tri4a/7.mdl 
# Started at Sun Apr  4 23:46:01 CST 2021
#
gmm-est --power=0.2 --write-occs=exp/tri4a/7.occs --mix-up=47040 exp/tri4a/6.mdl 'gmm-sum-accs - exp/tri4a/6.*.acc |' exp/tri4a/7.mdl 
gmm-sum-accs - exp/tri4a/6.1.acc exp/tri4a/6.2.acc exp/tri4a/6.3.acc exp/tri4a/6.4.acc 
LOG (gmm-sum-accs[5.5.896~1-8a59]:main():gmm-sum-accs.cc:63) Summed 4 stats, total count 279009, avg like/frame -52.1318
LOG (gmm-sum-accs[5.5.896~1-8a59]:main():gmm-sum-accs.cc:66) Total count of stats is 279009
LOG (gmm-sum-accs[5.5.896~1-8a59]:main():gmm-sum-accs.cc:67) Written stats to -
LOG (gmm-est[5.5.896~1-8a59]:MleUpdate():transition-model.cc:528) TransitionModel::Update, objf change is 0 per frame over 279009 frames. 
LOG (gmm-est[5.5.896~1-8a59]:MleUpdate():transition-model.cc:531) 214 probabilities floored, 3847 out of 6636 transition-states skipped due to insuffient data (it is normal to have some skipped.)
LOG (gmm-est[5.5.896~1-8a59]:main():gmm-est.cc:102) Transition model update: Overall 0 log-like improvement per frame over 279009 frames.
WARNING (gmm-est[5.5.896~1-8a59]:MleDiagGmmUpdate():mle-diag-gmm.cc:359) Too little data - removing Gaussian (weight 0.000581, occupation count 8.737723, vector size 40)
WARNING (gmm-est[5.5.896~1-8a59]:MleDiagGmmUpdate():mle-diag-gmm.cc:359) Too little data - removing Gaussian (weight 0.000601, occupation count 9.029325, vector size 40)
WARNING (gmm-est[5.5.896~1-8a59]:MleDiagGmmUpdate():mle-diag-gmm.cc:359) Too little data - removing Gaussian (weight 0.000616, occupation count 9.263221, vector size 40)
WARNING (gmm-est[5.5.896~1-8a59]:MleDiagGmmUpdate():mle-diag-gmm.cc:359) Too little data - removing Gaussian (weight 0.000663, occupation count 9.960207, vector size 40)
WARNING (gmm-est[5.5.896~1-8a59]:MleDiagGmmUpdate():mle-diag-gmm.cc:359) Too little data - removing Gaussian (weight 0.000565, occupation count 8.497941, vector size 40)
WARNING (gmm-est[5.5.896~1-8a59]:MleDiagGmmUpdate():mle-diag-gmm.cc:359) Too little data - removing Gaussian (weight 0.000544, occupation count 8.179552, vector size 40)
WARNING (gmm-est[5.5.896~1-8a59]:MleDiagGmmUpdate():mle-diag-gmm.cc:359) Too little data - removing Gaussian (weight 0.000611, occupation count 9.177840, vector size 40)
WARNING (gmm-est[5.5.896~1-8a59]:MleDiagGmmUpdate():mle-diag-gmm.cc:359) Too little data - removing Gaussian (weight 0.000651, occupation count 9.787881, vector size 40)
WARNING (gmm-est[5.5.896~1-8a59]:MleDiagGmmUpdate():mle-diag-gmm.cc:359) Too little data - removing Gaussian (weight 0.000642, occupation count 9.647353, vector size 40)
WARNING (gmm-est[5.5.896~1-8a59]:MleDiagGmmUpdate():mle-diag-gmm.cc:359) Too little data - removing Gaussian (weight 0.000620, occupation count 9.319556, vector size 40)
WARNING (gmm-est[5.5.896~1-8a59]:MleDiagGmmUpdate():mle-diag-gmm.cc:359) Too little data - removing Gaussian (weight 0.000662, occupation count 9.949510, vector size 40)
WARNING (gmm-est[5.5.896~1-8a59]:MleDiagGmmUpdate():mle-diag-gmm.cc:359) Too little data - removing Gaussian (weight 0.000525, occupation count 7.886074, vector size 40)
WARNING (gmm-est[5.5.896~1-8a59]:MleDiagGmmUpdate():mle-diag-gmm.cc:359) Too little data - removing Gaussian (weight 0.000657, occupation count 9.873703, vector size 40)
WARNING (gmm-est[5.5.896~1-8a59]:MleDiagGmmUpdate():mle-diag-gmm.cc:359) Too little data - removing Gaussian (weight 0.000642, occupation count 9.648864, vector size 40)
WARNING (gmm-est[5.5.896~1-8a59]:MleDiagGmmUpdate():mle-diag-gmm.cc:359) Too little data - removing Gaussian (weight 0.000659, occupation count 9.907269, vector size 40)
WARNING (gmm-est[5.5.896~1-8a59]:MleDiagGmmUpdate():mle-diag-gmm.cc:359) Too little data - removing Gaussian (weight 0.000661, occupation count 9.932019, vector size 40)
WARNING (gmm-est[5.5.896~1-8a59]:MleDiagGmmUpdate():mle-diag-gmm.cc:359) Too little data - removing Gaussian (weight 0.000661, occupation count 9.937981, vector size 40)
WARNING (gmm-est[5.5.896~1-8a59]:MleDiagGmmUpdate():mle-diag-gmm.cc:359) Too little data - removing Gaussian (weight 0.000619, occupation count 9.309140, vector size 40)
WARNING (gmm-est[5.5.896~1-8a59]:MleDiagGmmUpdate():mle-diag-gmm.cc:359) Too little data - removing Gaussian (weight 0.000651, occupation count 9.779813, vector size 40)
WARNING (gmm-est[5.5.896~1-8a59]:MleDiagGmmUpdate():mle-diag-gmm.cc:359) Too little data - removing Gaussian (weight 0.000605, occupation count 9.097341, vector size 40)
WARNING (gmm-est[5.5.896~1-8a59]:MleDiagGmmUpdate():mle-diag-gmm.cc:365) Gaussian has too little data but not removing it because it is the last Gaussian: i = 0, occ = 4, weight = 1
WARNING (gmm-est[5.5.896~1-8a59]:MleDiagGmmUpdate():mle-diag-gmm.cc:359) Too little data - removing Gaussian (weight 0.064198, occupation count 9.758089, vector size 40)
WARNING (gmm-est[5.5.896~1-8a59]:MleDiagGmmUpdate():mle-diag-gmm.cc:359) Too little data - removing Gaussian (weight 0.030262, occupation count 9.744373, vector size 40)
WARNING (gmm-est[5.5.896~1-8a59]:MleDiagGmmUpdate():mle-diag-gmm.cc:359) Too little data - removing Gaussian (weight 0.025771, occupation count 8.298329, vector size 40)
WARNING (gmm-est[5.5.896~1-8a59]:MleDiagGmmUpdate():mle-diag-gmm.cc:359) Too little data - removing Gaussian (weight 0.019585, occupation count 8.911039, vector size 40)
WARNING (gmm-est[5.5.896~1-8a59]:MleDiagGmmUpdate():mle-diag-gmm.cc:359) Too little data - removing Gaussian (weight 0.020168, occupation count 9.176310, vector size 40)
WARNING (gmm-est[5.5.896~1-8a59]:MleDiagGmmUpdate():mle-diag-gmm.cc:359) Too little data - removing Gaussian (weight 0.019438, occupation count 8.844511, vector size 40)
WARNING (gmm-est[5.5.896~1-8a59]:MleDiagGmmUpdate():mle-diag-gmm.cc:359) Too little data - removing Gaussian (weight 0.029976, occupation count 6.564847, vector size 40)
WARNING (gmm-est[5.5.896~1-8a59]:MleDiagGmmUpdate():mle-diag-gmm.cc:359) Too little data - removing Gaussian (weight 0.029675, occupation count 9.288218, vector size 40)
WARNING (gmm-est[5.5.896~1-8a59]:MleDiagGmmUpdate():mle-diag-gmm.cc:359) Too little data - removing Gaussian (weight 0.001893, occupation count 9.524809, vector size 40)
WARNING (gmm-est[5.5.896~1-8a59]:MleDiagGmmUpdate():mle-diag-gmm.cc:359) Too little data - removing Gaussian (weight 0.001971, occupation count 9.919248, vector size 40)
WARNING (gmm-est[5.5.896~1-8a59]:MleDiagGmmUpdate():mle-diag-gmm.cc:359) Too little data - removing Gaussian (weight 0.001739, occupation count 8.752995, vector size 40)
WARNING (gmm-est[5.5.896~1-8a59]:MleDiagGmmUpdate():mle-diag-gmm.cc:359) Too little data - removing Gaussian (weight 0.001877, occupation count 9.443960, vector size 40)
WARNING (gmm-est[5.5.896~1-8a59]:MleDiagGmmUpdate():mle-diag-gmm.cc:359) Too little data - removing Gaussian (weight 0.001953, occupation count 9.825946, vector size 40)
WARNING (gmm-est[5.5.896~1-8a59]:MleDiagGmmUpdate():mle-diag-gmm.cc:359) Too little data - removing Gaussian (weight 0.001598, occupation count 8.040017, vector size 40)
WARNING (gmm-est[5.5.896~1-8a59]:MleDiagGmmUpdate():mle-diag-gmm.cc:359) Too little data - removing Gaussian (weight 0.001396, occupation count 7.022244, vector size 40)
WARNING (gmm-est[5.5.896~1-8a59]:MleDiagGmmUpdate():mle-diag-gmm.cc:359) Too little data - removing Gaussian (weight 0.001716, occupation count 8.633292, vector size 40)
WARNING (gmm-est[5.5.896~1-8a59]:MleDiagGmmUpdate():mle-diag-gmm.cc:359) Too little data - removing Gaussian (weight 0.001865, occupation count 9.382833, vector size 40)
WARNING (gmm-est[5.5.896~1-8a59]:MleDiagGmmUpdate():mle-diag-gmm.cc:359) Too little data - removing Gaussian (weight 0.001983, occupation count 9.979105, vector size 40)
WARNING (gmm-est[5.5.896~1-8a59]:MleDiagGmmUpdate():mle-diag-gmm.cc:359) Too little data - removing Gaussian (weight 0.001615, occupation count 8.127281, vector size 40)
WARNING (gmm-est[5.5.896~1-8a59]:MleDiagGmmUpdate():mle-diag-gmm.cc:359) Too little data - removing Gaussian (weight 0.001780, occupation count 8.954523, vector size 40)
WARNING (gmm-est[5.5.896~1-8a59]:MleDiagGmmUpdate():mle-diag-gmm.cc:359) Too little data - removing Gaussian (weight 0.001443, occupation count 7.261585, vector size 40)
WARNING (gmm-est[5.5.896~1-8a59]:MleDiagGmmUpdate():mle-diag-gmm.cc:359) Too little data - removing Gaussian (weight 0.001460, occupation count 7.347600, vector size 40)
WARNING (gmm-est[5.5.896~1-8a59]:MleDiagGmmUpdate():mle-diag-gmm.cc:359) Too little data - removing Gaussian (weight 0.001970, occupation count 9.911566, vector size 40)
WARNING (gmm-est[5.5.896~1-8a59]:MleDiagGmmUpdate():mle-diag-gmm.cc:359) Too little data - removing Gaussian (weight 0.001576, occupation count 7.931945, vector size 40)
WARNING (gmm-est[5.5.896~1-8a59]:MleDiagGmmUpdate():mle-diag-gmm.cc:359) Too little data - removing Gaussian (weight 0.027176, occupation count 9.783195, vector size 40)
WARNING (gmm-est[5.5.896~1-8a59]:MleDiagGmmUpdate():mle-diag-gmm.cc:359) Too little data - removing Gaussian (weight 0.009894, occupation count 9.626935, vector size 40)
WARNING (gmm-est[5.5.896~1-8a59]:MleDiagGmmUpdate():mle-diag-gmm.cc:359) Too little data - removing Gaussian (weight 0.009863, occupation count 9.596250, vector size 40)
WARNING (gmm-est[5.5.896~1-8a59]:MleDiagGmmUpdate():mle-diag-gmm.cc:359) Too little data - removing Gaussian (weight 0.009433, occupation count 9.178158, vector size 40)
WARNING (gmm-est[5.5.896~1-8a59]:MleDiagGmmUpdate():mle-diag-gmm.cc:359) Too little data - removing Gaussian (weight 0.008667, occupation count 8.432672, vector size 40)
WARNING (gmm-est[5.5.896~1-8a59]:MleDiagGmmUpdate():mle-diag-gmm.cc:359) Too little data - removing Gaussian (weight 0.002380, occupation count 9.281602, vector size 40)
WARNING (gmm-est[5.5.896~1-8a59]:MleDiagGmmUpdate():mle-diag-gmm.cc:359) Too little data - removing Gaussian (weight 0.002122, occupation count 8.275789, vector size 40)
WARNING (gmm-est[5.5.896~1-8a59]:MleDiagGmmUpdate():mle-diag-gmm.cc:359) Too little data - removing Gaussian (weight 0.002345, occupation count 9.147412, vector size 40)
WARNING (gmm-est[5.5.896~1-8a59]:MleDiagGmmUpdate():mle-diag-gmm.cc:359) Too little data - removing Gaussian (weight 0.002182, occupation count 8.510977, vector size 40)
WARNING (gmm-est[5.5.896~1-8a59]:MleDiagGmmUpdate():mle-diag-gmm.cc:359) Too little data - removing Gaussian (weight 0.002060, occupation count 8.034993, vector size 40)
WARNING (gmm-est[5.5.896~1-8a59]:MleDiagGmmUpdate():mle-diag-gmm.cc:359) Too little data - removing Gaussian (weight 0.002023, occupation count 7.891430, vector size 40)
WARNING (gmm-est[5.5.896~1-8a59]:MleDiagGmmUpdate():mle-diag-gmm.cc:359) Too little data - removing Gaussian (weight 0.001908, occupation count 7.441305, vector size 40)
WARNING (gmm-est[5.5.896~1-8a59]:MleDiagGmmUpdate():mle-diag-gmm.cc:359) Too little data - removing Gaussian (weight 0.023967, occupation count 6.615026, vector size 40)
WARNING (gmm-est[5.5.896~1-8a59]:MleDiagGmmUpdate():mle-diag-gmm.cc:359) Too little data - removing Gaussian (weight 0.026052, occupation count 7.190270, vector size 40)
WARNING (gmm-est[5.5.896~1-8a59]:MleDiagGmmUpdate():mle-diag-gmm.cc:359) Too little data - removing Gaussian (weight 0.002056, occupation count 9.656031, vector size 40)
WARNING (gmm-est[5.5.896~1-8a59]:MleDiagGmmUpdate():mle-diag-gmm.cc:359) Too little data - removing Gaussian (weight 0.002117, occupation count 9.943454, vector size 40)
WARNING (gmm-est[5.5.896~1-8a59]:MleDiagGmmUpdate():mle-diag-gmm.cc:359) Too little data - removing Gaussian (weight 0.002026, occupation count 9.512079, vector size 40)
WARNING (gmm-est[5.5.896~1-8a59]:MleDiagGmmUpdate():mle-diag-gmm.cc:359) Too little data - removing Gaussian (weight 0.001923, occupation count 9.032180, vector size 40)
WARNING (gmm-est[5.5.896~1-8a59]:MleDiagGmmUpdate():mle-diag-gmm.cc:359) Too little data - removing Gaussian (weight 0.001636, occupation count 7.682124, vector size 40)
WARNING (gmm-est[5.5.896~1-8a59]:MleDiagGmmUpdate():mle-diag-gmm.cc:359) Too little data - removing Gaussian (weight 0.001804, occupation count 8.469869, vector size 40)
WARNING (gmm-est[5.5.896~1-8a59]:MleDiagGmmUpdate():mle-diag-gmm.cc:359) Too little data - removing Gaussian (weight 0.001776, occupation count 8.339170, vector size 40)
WARNING (gmm-est[5.5.896~1-8a59]:MleDiagGmmUpdate():mle-diag-gmm.cc:359) Too little data - removing Gaussian (weight 0.001941, occupation count 9.113314, vector size 40)
WARNING (gmm-est[5.5.896~1-8a59]:MleDiagGmmUpdate():mle-diag-gmm.cc:359) Too little data - removing Gaussian (weight 0.001733, occupation count 8.138720, vector size 40)
WARNING (gmm-est[5.5.896~1-8a59]:MleDiagGmmUpdate():mle-diag-gmm.cc:359) Too little data - removing Gaussian (weight 0.001444, occupation count 6.779526, vector size 40)
WARNING (gmm-est[5.5.896~1-8a59]:MleDiagGmmUpdate():mle-diag-gmm.cc:359) Too little data - removing Gaussian (weight 0.001911, occupation count 8.972847, vector size 40)
WARNING (gmm-est[5.5.896~1-8a59]:MleDiagGmmUpdate():mle-diag-gmm.cc:359) Too little data - removing Gaussian (weight 0.001659, occupation count 7.792722, vector size 40)
WARNING (gmm-est[5.5.896~1-8a59]:MleDiagGmmUpdate():mle-diag-gmm.cc:359) Too little data - removing Gaussian (weight 0.002097, occupation count 9.846977, vector size 40)
WARNING (gmm-est[5.5.896~1-8a59]:MleDiagGmmUpdate():mle-diag-gmm.cc:359) Too little data - removing Gaussian (weight 0.002094, occupation count 9.832808, vector size 40)
WARNING (gmm-est[5.5.896~1-8a59]:MleDiagGmmUpdate():mle-diag-gmm.cc:359) Too little data - removing Gaussian (weight 0.001827, occupation count 8.581402, vector size 40)
WARNING (gmm-est[5.5.896~1-8a59]:MleDiagGmmUpdate():mle-diag-gmm.cc:359) Too little data - removing Gaussian (weight 0.002037, occupation count 9.565748, vector size 40)
WARNING (gmm-est[5.5.896~1-8a59]:MleDiagGmmUpdate():mle-diag-gmm.cc:359) Too little data - removing Gaussian (weight 0.025052, occupation count 9.169172, vector size 40)
WARNING (gmm-est[5.5.896~1-8a59]:MleDiagGmmUpdate():mle-diag-gmm.cc:359) Too little data - removing Gaussian (weight 0.026527, occupation count 9.708896, vector size 40)
WARNING (gmm-est[5.5.896~1-8a59]:MleDiagGmmUpdate():mle-diag-gmm.cc:359) Too little data - removing Gaussian (weight 0.033697, occupation count 8.626337, vector size 40)
WARNING (gmm-est[5.5.896~1-8a59]:MleDiagGmmUpdate():mle-diag-gmm.cc:359) Too little data - removing Gaussian (weight 0.027807, occupation count 7.118512, vector size 40)
WARNING (gmm-est[5.5.896~1-8a59]:MleDiagGmmUpdate():mle-diag-gmm.cc:359) Too little data - removing Gaussian (weight 0.037213, occupation count 9.898739, vector size 40)
WARNING (gmm-est[5.5.896~1-8a59]:MleDiagGmmUpdate():mle-diag-gmm.cc:359) Too little data - removing Gaussian (weight 0.026008, occupation count 9.154974, vector size 40)
WARNING (gmm-est[5.5.896~1-8a59]:MleDiagGmmUpdate():mle-diag-gmm.cc:359) Too little data - removing Gaussian (weight 0.021320, occupation count 6.566468, vector size 40)
WARNING (gmm-est[5.5.896~1-8a59]:MleDiagGmmUpdate():mle-diag-gmm.cc:359) Too little data - removing Gaussian (weight 0.029108, occupation count 8.965343, vector size 40)
WARNING (gmm-est[5.5.896~1-8a59]:MleDiagGmmUpdate():mle-diag-gmm.cc:359) Too little data - removing Gaussian (weight 0.088716, occupation count 8.428018, vector size 40)
WARNING (gmm-est[5.5.896~1-8a59]:MleDiagGmmUpdate():mle-diag-gmm.cc:359) Too little data - removing Gaussian (weight 0.006592, occupation count 8.418344, vector size 40)
WARNING (gmm-est[5.5.896~1-8a59]:MleDiagGmmUpdate():mle-diag-gmm.cc:359) Too little data - removing Gaussian (weight 0.006136, occupation count 7.835931, vector size 40)
WARNING (gmm-est[5.5.896~1-8a59]:MleDiagGmmUpdate():mle-diag-gmm.cc:359) Too little data - removing Gaussian (weight 0.007623, occupation count 9.734661, vector size 40)
WARNING (gmm-est[5.5.896~1-8a59]:MleDiagGmmUpdate():mle-diag-gmm.cc:359) Too little data - removing Gaussian (weight 0.007602, occupation count 9.707962, vector size 40)
WARNING (gmm-est[5.5.896~1-8a59]:MleDiagGmmUpdate():mle-diag-gmm.cc:359) Too little data - removing Gaussian (weight 0.004067, occupation count 5.193053, vector size 40)
WARNING (gmm-est[5.5.896~1-8a59]:MleDiagGmmUpdate():mle-diag-gmm.cc:359) Too little data - removing Gaussian (weight 0.002447, occupation count 3.124720, vector size 40)
WARNING (gmm-est[5.5.896~1-8a59]:MleDiagGmmUpdate():mle-diag-gmm.cc:359) Too little data - removing Gaussian (weight 0.007613, occupation count 9.722046, vector size 40)
WARNING (gmm-est[5.5.896~1-8a59]:MleDiagGmmUpdate():mle-diag-gmm.cc:359) Too little data - removing Gaussian (weight 0.002406, occupation count 3.072152, vector size 40)
WARNING (gmm-est[5.5.896~1-8a59]:MleDiagGmmUpdate():mle-diag-gmm.cc:359) Too little data - removing Gaussian (weight 0.020046, occupation count 7.377048, vector size 40)
WARNING (gmm-est[5.5.896~1-8a59]:MleDiagGmmUpdate():mle-diag-gmm.cc:359) Too little data - removing Gaussian (weight 0.039725, occupation count 8.302576, vector size 40)
WARNING (gmm-est[5.5.896~1-8a59]:MleDiagGmmUpdate():mle-diag-gmm.cc:359) Too little data - removing Gaussian (weight 0.042263, occupation count 8.832902, vector size 40)
WARNING (gmm-est[5.5.896~1-8a59]:MleDiagGmmUpdate():mle-diag-gmm.cc:359) Too little data - removing Gaussian (weight 0.010693, occupation count 7.752497, vector size 40)
WARNING (gmm-est[5.5.896~1-8a59]:MleDiagGmmUpdate():mle-diag-gmm.cc:359) Too little data - removing Gaussian (weight 0.050507, occupation count 8.535759, vector size 40)
WARNING (gmm-est[5.5.896~1-8a59]:MleDiagGmmUpdate():mle-diag-gmm.cc:359) Too little data - removing Gaussian (weight 0.029476, occupation count 9.167166, vector size 40)
WARNING (gmm-est[5.5.896~1-8a59]:MleDiagGmmUpdate():mle-diag-gmm.cc:359) Too little data - removing Gaussian (weight 0.014289, occupation count 6.930147, vector size 40)
WARNING (gmm-est[5.5.896~1-8a59]:MleDiagGmmUpdate():mle-diag-gmm.cc:359) Too little data - removing Gaussian (weight 0.016400, occupation count 7.953784, vector size 40)
WARNING (gmm-est[5.5.896~1-8a59]:MleDiagGmmUpdate():mle-diag-gmm.cc:359) Too little data - removing Gaussian (weight 0.011214, occupation count 7.434889, vector size 40)
WARNING (gmm-est[5.5.896~1-8a59]:MleDiagGmmUpdate():mle-diag-gmm.cc:359) Too little data - removing Gaussian (weight 0.012274, occupation count 8.137379, vector size 40)
WARNING (gmm-est[5.5.896~1-8a59]:MleDiagGmmUpdate():mle-diag-gmm.cc:359) Too little data - removing Gaussian (weight 0.014554, occupation count 9.649574, vector size 40)
WARNING (gmm-est[5.5.896~1-8a59]:MleDiagGmmUpdate():mle-diag-gmm.cc:359) Too little data - removing Gaussian (weight 0.014794, occupation count 9.808390, vector size 40)
WARNING (gmm-est[5.5.896~1-8a59]:MleDiagGmmUpdate():mle-diag-gmm.cc:359) Too little data - removing Gaussian (weight 0.013422, occupation count 8.898583, vector size 40)
WARNING (gmm-est[5.5.896~1-8a59]:MleDiagGmmUpdate():mle-diag-gmm.cc:359) Too little data - removing Gaussian (weight 0.022584, occupation count 8.536796, vector size 40)
WARNING (gmm-est[5.5.896~1-8a59]:MleDiagGmmUpdate():mle-diag-gmm.cc:359) Too little data - removing Gaussian (weight 0.021102, occupation count 9.917737, vector size 40)
WARNING (gmm-est[5.5.896~1-8a59]:MleDiagGmmUpdate():mle-diag-gmm.cc:359) Too little data - removing Gaussian (weight 0.020663, occupation count 9.711448, vector size 40)
WARNING (gmm-est[5.5.896~1-8a59]:MleDiagGmmUpdate():mle-diag-gmm.cc:359) Too little data - removing Gaussian (weight 0.020045, occupation count 9.421269, vector size 40)
WARNING (gmm-est[5.5.896~1-8a59]:MleDiagGmmUpdate():mle-diag-gmm.cc:359) Too little data - removing Gaussian (weight 0.013035, occupation count 6.178799, vector size 40)
WARNING (gmm-est[5.5.896~1-8a59]:MleDiagGmmUpdate():mle-diag-gmm.cc:359) Too little data - removing Gaussian (weight 0.020850, occupation count 9.882668, vector size 40)
WARNING (gmm-est[5.5.896~1-8a59]:MleDiagGmmUpdate():mle-diag-gmm.cc:359) Too little data - removing Gaussian (weight 0.020915, occupation count 9.913590, vector size 40)
WARNING (gmm-est[5.5.896~1-8a59]:MleDiagGmmUpdate():mle-diag-gmm.cc:359) Too little data - removing Gaussian (weight 0.058197, occupation count 9.660668, vector size 40)
WARNING (gmm-est[5.5.896~1-8a59]:MleDiagGmmUpdate():mle-diag-gmm.cc:359) Too little data - removing Gaussian (weight 0.032852, occupation count 9.625662, vector size 40)
WARNING (gmm-est[5.5.896~1-8a59]:MleDiagGmmUpdate():mle-diag-gmm.cc:359) Too little data - removing Gaussian (weight 0.025320, occupation count 9.317603, vector size 40)
WARNING (gmm-est[5.5.896~1-8a59]:MleDiagGmmUpdate():mle-diag-gmm.cc:359) Too little data - removing Gaussian (weight 0.023564, occupation count 8.671405, vector size 40)
WARNING (gmm-est[5.5.896~1-8a59]:MleDiagGmmUpdate():mle-diag-gmm.cc:359) Too little data - removing Gaussian (weight 0.040983, occupation count 8.893314, vector size 40)
WARNING (gmm-est[5.5.896~1-8a59]:MleDiagGmmUpdate():mle-diag-gmm.cc:359) Too little data - removing Gaussian (weight 0.064098, occupation count 9.422438, vector size 40)
WARNING (gmm-est[5.5.896~1-8a59]:MleDiagGmmUpdate():mle-diag-gmm.cc:359) Too little data - removing Gaussian (weight 0.094511, occupation count 8.127935, vector size 40)
WARNING (gmm-est[5.5.896~1-8a59]:MleDiagGmmUpdate():mle-diag-gmm.cc:359) Too little data - removing Gaussian (weight 0.065171, occupation count 9.449804, vector size 40)
WARNING (gmm-est[5.5.896~1-8a59]:MleDiagGmmUpdate():mle-diag-gmm.cc:359) Too little data - removing Gaussian (weight 0.030502, occupation count 7.930554, vector size 40)
WARNING (gmm-est[5.5.896~1-8a59]:MleDiagGmmUpdate():mle-diag-gmm.cc:359) Too little data - removing Gaussian (weight 0.030265, occupation count 9.775573, vector size 40)
WARNING (gmm-est[5.5.896~1-8a59]:MleDiagGmmUpdate():mle-diag-gmm.cc:359) Too little data - removing Gaussian (weight 0.028483, occupation count 9.200114, vector size 40)
WARNING (gmm-est[5.5.896~1-8a59]:MleDiagGmmUpdate():mle-diag-gmm.cc:359) Too little data - removing Gaussian (weight 0.020792, occupation count 7.942706, vector size 40)
WARNING (gmm-est[5.5.896~1-8a59]:MleDiagGmmUpdate():mle-diag-gmm.cc:359) Too little data - removing Gaussian (weight 0.053348, occupation count 9.015855, vector size 40)
WARNING (gmm-est[5.5.896~1-8a59]:MleDiagGmmUpdate():mle-diag-gmm.cc:359) Too little data - removing Gaussian (weight 0.026614, occupation count 6.706677, vector size 40)
WARNING (gmm-est[5.5.896~1-8a59]:MleDiagGmmUpdate():mle-diag-gmm.cc:359) Too little data - removing Gaussian (weight 0.036353, occupation count 9.160977, vector size 40)
WARNING (gmm-est[5.5.896~1-8a59]:MleDiagGmmUpdate():mle-diag-gmm.cc:359) Too little data - removing Gaussian (weight 0.020732, occupation count 9.826757, vector size 40)
WARNING (gmm-est[5.5.896~1-8a59]:MleDiagGmmUpdate():mle-diag-gmm.cc:359) Too little data - removing Gaussian (weight 0.015900, occupation count 9.079060, vector size 40)
WARNING (gmm-est[5.5.896~1-8a59]:MleDiagGmmUpdate():mle-diag-gmm.cc:359) Too little data - removing Gaussian (weight 0.014420, occupation count 8.233847, vector size 40)
WARNING (gmm-est[5.5.896~1-8a59]:MleDiagGmmUpdate():mle-diag-gmm.cc:359) Too little data - removing Gaussian (weight 0.014705, occupation count 8.396368, vector size 40)
WARNING (gmm-est[5.5.896~1-8a59]:MleDiagGmmUpdate():mle-diag-gmm.cc:359) Too little data - removing Gaussian (weight 0.016740, occupation count 9.558692, vector size 40)
WARNING (gmm-est[5.5.896~1-8a59]:MleDiagGmmUpdate():mle-diag-gmm.cc:359) Too little data - removing Gaussian (weight 0.010537, occupation count 6.016826, vector size 40)
WARNING (gmm-est[5.5.896~1-8a59]:MleDiagGmmUpdate():mle-diag-gmm.cc:359) Too little data - removing Gaussian (weight 0.013488, occupation count 7.701740, vector size 40)
WARNING (gmm-est[5.5.896~1-8a59]:MleDiagGmmUpdate():mle-diag-gmm.cc:359) Too little data - removing Gaussian (weight 0.011714, occupation count 6.688704, vector size 40)
WARNING (gmm-est[5.5.896~1-8a59]:MleDiagGmmUpdate():mle-diag-gmm.cc:359) Too little data - removing Gaussian (weight 0.015234, occupation count 8.698657, vector size 40)
WARNING (gmm-est[5.5.896~1-8a59]:MleDiagGmmUpdate():mle-diag-gmm.cc:359) Too little data - removing Gaussian (weight 0.029106, occupation count 8.818989, vector size 40)
WARNING (gmm-est[5.5.896~1-8a59]:MleDiagGmmUpdate():mle-diag-gmm.cc:359) Too little data - removing Gaussian (weight 0.074117, occupation count 9.264658, vector size 40)
WARNING (gmm-est[5.5.896~1-8a59]:MleDiagGmmUpdate():mle-diag-gmm.cc:359) Too little data - removing Gaussian (weight 0.041190, occupation count 9.102880, vector size 40)
WARNING (gmm-est[5.5.896~1-8a59]:MleDiagGmmUpdate():mle-diag-gmm.cc:359) Too little data - removing Gaussian (weight 0.016655, occupation count 9.310033, vector size 40)
WARNING (gmm-est[5.5.896~1-8a59]:MleDiagGmmUpdate():mle-diag-gmm.cc:359) Too little data - removing Gaussian (weight 0.015693, occupation count 8.772592, vector size 40)
WARNING (gmm-est[5.5.896~1-8a59]:MleDiagGmmUpdate():mle-diag-gmm.cc:359) Too little data - removing Gaussian (weight 0.015786, occupation count 8.824508, vector size 40)
WARNING (gmm-est[5.5.896~1-8a59]:MleDiagGmmUpdate():mle-diag-gmm.cc:359) Too little data - removing Gaussian (weight 0.040102, occupation count 8.301097, vector size 40)
WARNING (gmm-est[5.5.896~1-8a59]:MleDiagGmmUpdate():mle-diag-gmm.cc:359) Too little data - removing Gaussian (weight 0.033449, occupation count 9.164958, vector size 40)
WARNING (gmm-est[5.5.896~1-8a59]:MleDiagGmmUpdate():mle-diag-gmm.cc:359) Too little data - removing Gaussian (weight 0.010336, occupation count 7.431550, vector size 40)
WARNING (gmm-est[5.5.896~1-8a59]:MleDiagGmmUpdate():mle-diag-gmm.cc:359) Too little data - removing Gaussian (weight 0.011941, occupation count 8.585359, vector size 40)
WARNING (gmm-est[5.5.896~1-8a59]:MleDiagGmmUpdate():mle-diag-gmm.cc:359) Too little data - removing Gaussian (weight 0.056295, occupation count 8.331667, vector size 40)
WARNING (gmm-est[5.5.896~1-8a59]:MleDiagGmmUpdate():mle-diag-gmm.cc:365) Gaussian has too little data but not removing it because it is the last Gaussian: i = 0, occ = 7, weight = 1
WARNING (gmm-est[5.5.896~1-8a59]:MleDiagGmmUpdate():mle-diag-gmm.cc:359) Too little data - removing Gaussian (weight 0.042969, occupation count 9.066535, vector size 40)
WARNING (gmm-est[5.5.896~1-8a59]:MleDiagGmmUpdate():mle-diag-gmm.cc:359) Too little data - removing Gaussian (weight 0.010975, occupation count 7.583811, vector size 40)
WARNING (gmm-est[5.5.896~1-8a59]:MleDiagGmmUpdate():mle-diag-gmm.cc:359) Too little data - removing Gaussian (weight 0.027433, occupation count 9.327217, vector size 40)
WARNING (gmm-est[5.5.896~1-8a59]:MleDiagGmmUpdate():mle-diag-gmm.cc:359) Too little data - removing Gaussian (weight 0.036087, occupation count 9.923916, vector size 40)
WARNING (gmm-est[5.5.896~1-8a59]:MleDiagGmmUpdate():mle-diag-gmm.cc:359) Too little data - removing Gaussian (weight 0.036042, occupation count 9.911522, vector size 40)
WARNING (gmm-est[5.5.896~1-8a59]:MleDiagGmmUpdate():mle-diag-gmm.cc:359) Too little data - removing Gaussian (weight 0.034334, occupation count 9.441764, vector size 40)
WARNING (gmm-est[5.5.896~1-8a59]:MleDiagGmmUpdate():mle-diag-gmm.cc:359) Too little data - removing Gaussian (weight 0.035013, occupation count 9.943746, vector size 40)
WARNING (gmm-est[5.5.896~1-8a59]:MleDiagGmmUpdate():mle-diag-gmm.cc:359) Too little data - removing Gaussian (weight 0.031726, occupation count 9.771476, vector size 40)
WARNING (gmm-est[5.5.896~1-8a59]:MleDiagGmmUpdate():mle-diag-gmm.cc:359) Too little data - removing Gaussian (weight 0.045259, occupation count 9.413961, vector size 40)
WARNING (gmm-est[5.5.896~1-8a59]:MleDiagGmmUpdate():mle-diag-gmm.cc:359) Too little data - removing Gaussian (weight 0.032185, occupation count 6.694481, vector size 40)
WARNING (gmm-est[5.5.896~1-8a59]:MleDiagGmmUpdate():mle-diag-gmm.cc:359) Too little data - removing Gaussian (weight 0.032946, occupation count 8.170667, vector size 40)
WARNING (gmm-est[5.5.896~1-8a59]:MleDiagGmmUpdate():mle-diag-gmm.cc:359) Too little data - removing Gaussian (weight 0.026593, occupation count 7.924666, vector size 40)
WARNING (gmm-est[5.5.896~1-8a59]:MleDiagGmmUpdate():mle-diag-gmm.cc:359) Too little data - removing Gaussian (weight 0.027700, occupation count 8.254658, vector size 40)
WARNING (gmm-est[5.5.896~1-8a59]:MleDiagGmmUpdate():mle-diag-gmm.cc:359) Too little data - removing Gaussian (weight 0.083373, occupation count 9.754653, vector size 40)
WARNING (gmm-est[5.5.896~1-8a59]:MleDiagGmmUpdate():mle-diag-gmm.cc:359) Too little data - removing Gaussian (weight 0.048307, occupation count 8.502082, vector size 40)
WARNING (gmm-est[5.5.896~1-8a59]:MleDiagGmmUpdate():mle-diag-gmm.cc:359) Too little data - removing Gaussian (weight 0.064928, occupation count 7.401845, vector size 40)
WARNING (gmm-est[5.5.896~1-8a59]:MleDiagGmmUpdate():mle-diag-gmm.cc:359) Too little data - removing Gaussian (weight 0.016690, occupation count 9.496452, vector size 40)
WARNING (gmm-est[5.5.896~1-8a59]:MleDiagGmmUpdate():mle-diag-gmm.cc:359) Too little data - removing Gaussian (weight 0.021061, occupation count 8.445430, vector size 40)
WARNING (gmm-est[5.5.896~1-8a59]:MleDiagGmmUpdate():mle-diag-gmm.cc:359) Too little data - removing Gaussian (weight 0.020352, occupation count 8.161128, vector size 40)
WARNING (gmm-est[5.5.896~1-8a59]:MleDiagGmmUpdate():mle-diag-gmm.cc:359) Too little data - removing Gaussian (weight 0.024439, occupation count 9.800070, vector size 40)
WARNING (gmm-est[5.5.896~1-8a59]:MleDiagGmmUpdate():mle-diag-gmm.cc:359) Too little data - removing Gaussian (weight 0.025590, occupation count 7.753736, vector size 40)
WARNING (gmm-est[5.5.896~1-8a59]:MleDiagGmmUpdate():mle-diag-gmm.cc:359) Too little data - removing Gaussian (weight 0.030766, occupation count 9.322064, vector size 40)
WARNING (gmm-est[5.5.896~1-8a59]:MleDiagGmmUpdate():mle-diag-gmm.cc:359) Too little data - removing Gaussian (weight 0.018646, occupation count 8.894038, vector size 40)
WARNING (gmm-est[5.5.896~1-8a59]:MleDiagGmmUpdate():mle-diag-gmm.cc:359) Too little data - removing Gaussian (weight 0.044348, occupation count 9.490494, vector size 40)
WARNING (gmm-est[5.5.896~1-8a59]:MleDiagGmmUpdate():mle-diag-gmm.cc:359) Too little data - removing Gaussian (weight 0.032382, occupation count 7.933693, vector size 40)
WARNING (gmm-est[5.5.896~1-8a59]:MleDiagGmmUpdate():mle-diag-gmm.cc:359) Too little data - removing Gaussian (weight 0.078747, occupation count 9.292191, vector size 40)
WARNING (gmm-est[5.5.896~1-8a59]:MleDiagGmmUpdate():mle-diag-gmm.cc:359) Too little data - removing Gaussian (weight 0.042341, occupation count 9.357462, vector size 40)
WARNING (gmm-est[5.5.896~1-8a59]:MleDiagGmmUpdate():mle-diag-gmm.cc:359) Too little data - removing Gaussian (weight 0.042358, occupation count 9.361090, vector size 40)
WARNING (gmm-est[5.5.896~1-8a59]:MleDiagGmmUpdate():mle-diag-gmm.cc:359) Too little data - removing Gaussian (weight 0.024468, occupation count 8.833053, vector size 40)
WARNING (gmm-est[5.5.896~1-8a59]:MleDiagGmmUpdate():mle-diag-gmm.cc:359) Too little data - removing Gaussian (weight 0.020244, occupation count 8.704873, vector size 40)
WARNING (gmm-est[5.5.896~1-8a59]:MleDiagGmmUpdate():mle-diag-gmm.cc:359) Too little data - removing Gaussian (weight 0.021895, occupation count 9.414791, vector size 40)
WARNING (gmm-est[5.5.896~1-8a59]:MleDiagGmmUpdate():mle-diag-gmm.cc:359) Too little data - removing Gaussian (weight 0.136707, occupation count 9.979600, vector size 40)
WARNING (gmm-est[5.5.896~1-8a59]:MleDiagGmmUpdate():mle-diag-gmm.cc:359) Too little data - removing Gaussian (weight 0.023303, occupation count 7.993065, vector size 40)
WARNING (gmm-est[5.5.896~1-8a59]:MleDiagGmmUpdate():mle-diag-gmm.cc:359) Too little data - removing Gaussian (weight 0.018866, occupation count 6.470903, vector size 40)
WARNING (gmm-est[5.5.896~1-8a59]:MleDiagGmmUpdate():mle-diag-gmm.cc:359) Too little data - removing Gaussian (weight 0.019815, occupation count 6.796424, vector size 40)
WARNING (gmm-est[5.5.896~1-8a59]:MleDiagGmmUpdate():mle-diag-gmm.cc:359) Too little data - removing Gaussian (weight 0.015706, occupation count 8.716778, vector size 40)
WARNING (gmm-est[5.5.896~1-8a59]:MleDiagGmmUpdate():mle-diag-gmm.cc:359) Too little data - removing Gaussian (weight 0.013898, occupation count 7.713532, vector size 40)
WARNING (gmm-est[5.5.896~1-8a59]:MleDiagGmmUpdate():mle-diag-gmm.cc:359) Too little data - removing Gaussian (weight 0.021363, occupation count 9.271516, vector size 40)
WARNING (gmm-est[5.5.896~1-8a59]:MleDiagGmmUpdate():mle-diag-gmm.cc:359) Too little data - removing Gaussian (weight 0.015849, occupation count 6.878483, vector size 40)
WARNING (gmm-est[5.5.896~1-8a59]:MleDiagGmmUpdate():mle-diag-gmm.cc:359) Too little data - removing Gaussian (weight 0.041169, occupation count 7.039861, vector size 40)
WARNING (gmm-est[5.5.896~1-8a59]:MleDiagGmmUpdate():mle-diag-gmm.cc:359) Too little data - removing Gaussian (weight 0.056175, occupation count 9.605934, vector size 40)
WARNING (gmm-est[5.5.896~1-8a59]:MleDiagGmmUpdate():mle-diag-gmm.cc:359) Too little data - removing Gaussian (weight 0.020026, occupation count 8.130483, vector size 40)
WARNING (gmm-est[5.5.896~1-8a59]:MleDiagGmmUpdate():mle-diag-gmm.cc:359) Too little data - removing Gaussian (weight 0.051464, occupation count 9.469340, vector size 40)
WARNING (gmm-est[5.5.896~1-8a59]:MleDiagGmmUpdate():mle-diag-gmm.cc:359) Too little data - removing Gaussian (weight 0.030885, occupation count 6.979974, vector size 40)
WARNING (gmm-est[5.5.896~1-8a59]:MleDiagGmmUpdate():mle-diag-gmm.cc:359) Too little data - removing Gaussian (weight 0.072838, occupation count 9.031881, vector size 40)
WARNING (gmm-est[5.5.896~1-8a59]:MleDiagGmmUpdate():mle-diag-gmm.cc:359) Too little data - removing Gaussian (weight 0.033222, occupation count 9.003196, vector size 40)
WARNING (gmm-est[5.5.896~1-8a59]:MleDiagGmmUpdate():mle-diag-gmm.cc:359) Too little data - removing Gaussian (weight 0.029428, occupation count 8.946120, vector size 40)
WARNING (gmm-est[5.5.896~1-8a59]:MleDiagGmmUpdate():mle-diag-gmm.cc:359) Too little data - removing Gaussian (weight 0.030682, occupation count 9.327177, vector size 40)
WARNING (gmm-est[5.5.896~1-8a59]:MleDiagGmmUpdate():mle-diag-gmm.cc:359) Too little data - removing Gaussian (weight 0.067453, occupation count 9.780754, vector size 40)
WARNING (gmm-est[5.5.896~1-8a59]:MleDiagGmmUpdate():mle-diag-gmm.cc:359) Too little data - removing Gaussian (weight 0.032030, occupation count 7.975430, vector size 40)
WARNING (gmm-est[5.5.896~1-8a59]:MleDiagGmmUpdate():mle-diag-gmm.cc:359) Too little data - removing Gaussian (weight 0.018519, occupation count 7.481731, vector size 40)
WARNING (gmm-est[5.5.896~1-8a59]:MleDiagGmmUpdate():mle-diag-gmm.cc:359) Too little data - removing Gaussian (weight 0.016463, occupation count 6.980227, vector size 40)
WARNING (gmm-est[5.5.896~1-8a59]:MleDiagGmmUpdate():mle-diag-gmm.cc:359) Too little data - removing Gaussian (weight 0.023388, occupation count 9.916460, vector size 40)
WARNING (gmm-est[5.5.896~1-8a59]:MleDiagGmmUpdate():mle-diag-gmm.cc:359) Too little data - removing Gaussian (weight 0.016222, occupation count 8.646087, vector size 40)
WARNING (gmm-est[5.5.896~1-8a59]:MleDiagGmmUpdate():mle-diag-gmm.cc:359) Too little data - removing Gaussian (weight 0.017016, occupation count 9.069741, vector size 40)
WARNING (gmm-est[5.5.896~1-8a59]:MleDiagGmmUpdate():mle-diag-gmm.cc:359) Too little data - removing Gaussian (weight 0.014974, occupation count 7.981020, vector size 40)
WARNING (gmm-est[5.5.896~1-8a59]:MleDiagGmmUpdate():mle-diag-gmm.cc:359) Too little data - removing Gaussian (weight 0.014735, occupation count 7.853762, vector size 40)
WARNING (gmm-est[5.5.896~1-8a59]:MleDiagGmmUpdate():mle-diag-gmm.cc:359) Too little data - removing Gaussian (weight 0.018336, occupation count 9.772938, vector size 40)
WARNING (gmm-est[5.5.896~1-8a59]:MleDiagGmmUpdate():mle-diag-gmm.cc:359) Too little data - removing Gaussian (weight 0.057785, occupation count 8.552150, vector size 40)
WARNING (gmm-est[5.5.896~1-8a59]:MleDiagGmmUpdate():mle-diag-gmm.cc:359) Too little data - removing Gaussian (weight 0.020788, occupation count 7.629068, vector size 40)
WARNING (gmm-est[5.5.896~1-8a59]:MleDiagGmmUpdate():mle-diag-gmm.cc:359) Too little data - removing Gaussian (weight 0.027083, occupation count 9.939291, vector size 40)
WARNING (gmm-est[5.5.896~1-8a59]:MleDiagGmmUpdate():mle-diag-gmm.cc:359) Too little data - removing Gaussian (weight 0.033407, occupation count 9.320436, vector size 40)
WARNING (gmm-est[5.5.896~1-8a59]:MleDiagGmmUpdate():mle-diag-gmm.cc:359) Too little data - removing Gaussian (weight 0.026830, occupation count 9.122032, vector size 40)
WARNING (gmm-est[5.5.896~1-8a59]:MleDiagGmmUpdate():mle-diag-gmm.cc:359) Too little data - removing Gaussian (weight 0.117987, occupation count 9.910938, vector size 40)
WARNING (gmm-est[5.5.896~1-8a59]:MleDiagGmmUpdate():mle-diag-gmm.cc:359) Too little data - removing Gaussian (weight 0.015837, occupation count 9.058826, vector size 40)
WARNING (gmm-est[5.5.896~1-8a59]:MleDiagGmmUpdate():mle-diag-gmm.cc:359) Too little data - removing Gaussian (weight 0.013756, occupation count 7.868185, vector size 40)
WARNING (gmm-est[5.5.896~1-8a59]:MleDiagGmmUpdate():mle-diag-gmm.cc:359) Too little data - removing Gaussian (weight 0.016921, occupation count 9.679066, vector size 40)
WARNING (gmm-est[5.5.896~1-8a59]:MleDiagGmmUpdate():mle-diag-gmm.cc:359) Too little data - removing Gaussian (weight 0.026924, occupation count 9.450487, vector size 40)
WARNING (gmm-est[5.5.896~1-8a59]:MleDiagGmmUpdate():mle-diag-gmm.cc:359) Too little data - removing Gaussian (weight 0.062258, occupation count 8.965101, vector size 40)
WARNING (gmm-est[5.5.896~1-8a59]:MleDiagGmmUpdate():mle-diag-gmm.cc:359) Too little data - removing Gaussian (weight 0.026105, occupation count 9.267196, vector size 40)
WARNING (gmm-est[5.5.896~1-8a59]:MleDiagGmmUpdate():mle-diag-gmm.cc:359) Too little data - removing Gaussian (weight 0.027014, occupation count 9.589853, vector size 40)
WARNING (gmm-est[5.5.896~1-8a59]:MleDiagGmmUpdate():mle-diag-gmm.cc:359) Too little data - removing Gaussian (weight 0.022638, occupation count 9.779523, vector size 40)
WARNING (gmm-est[5.5.896~1-8a59]:MleDiagGmmUpdate():mle-diag-gmm.cc:359) Too little data - removing Gaussian (weight 0.069881, occupation count 8.805023, vector size 40)
WARNING (gmm-est[5.5.896~1-8a59]:MleDiagGmmUpdate():mle-diag-gmm.cc:359) Too little data - removing Gaussian (weight 0.020606, occupation count 9.210808, vector size 40)
WARNING (gmm-est[5.5.896~1-8a59]:MleDiagGmmUpdate():mle-diag-gmm.cc:359) Too little data - removing Gaussian (weight 0.020693, occupation count 9.249691, vector size 40)
WARNING (gmm-est[5.5.896~1-8a59]:MleDiagGmmUpdate():mle-diag-gmm.cc:359) Too little data - removing Gaussian (weight 0.047763, occupation count 9.982447, vector size 40)
WARNING (gmm-est[5.5.896~1-8a59]:MleDiagGmmUpdate():mle-diag-gmm.cc:359) Too little data - removing Gaussian (weight 0.020750, occupation count 9.005478, vector size 40)
WARNING (gmm-est[5.5.896~1-8a59]:MleDiagGmmUpdate():mle-diag-gmm.cc:359) Too little data - removing Gaussian (weight 0.020847, occupation count 9.047693, vector size 40)
WARNING (gmm-est[5.5.896~1-8a59]:MleDiagGmmUpdate():mle-diag-gmm.cc:359) Too little data - removing Gaussian (weight 0.022671, occupation count 9.839029, vector size 40)
WARNING (gmm-est[5.5.896~1-8a59]:MleDiagGmmUpdate():mle-diag-gmm.cc:359) Too little data - removing Gaussian (weight 0.029277, occupation count 8.373097, vector size 40)
WARNING (gmm-est[5.5.896~1-8a59]:MleDiagGmmUpdate():mle-diag-gmm.cc:359) Too little data - removing Gaussian (weight 0.029683, occupation count 9.171896, vector size 40)
WARNING (gmm-est[5.5.896~1-8a59]:MleDiagGmmUpdate():mle-diag-gmm.cc:359) Too little data - removing Gaussian (weight 0.026382, occupation count 8.152171, vector size 40)
WARNING (gmm-est[5.5.896~1-8a59]:MleDiagGmmUpdate():mle-diag-gmm.cc:359) Too little data - removing Gaussian (weight 0.071510, occupation count 9.939829, vector size 40)
WARNING (gmm-est[5.5.896~1-8a59]:MleDiagGmmUpdate():mle-diag-gmm.cc:359) Too little data - removing Gaussian (weight 0.013413, occupation count 9.402437, vector size 40)
WARNING (gmm-est[5.5.896~1-8a59]:MleDiagGmmUpdate():mle-diag-gmm.cc:359) Too little data - removing Gaussian (weight 0.013963, occupation count 9.788004, vector size 40)
WARNING (gmm-est[5.5.896~1-8a59]:MleDiagGmmUpdate():mle-diag-gmm.cc:359) Too little data - removing Gaussian (weight 0.012759, occupation count 8.944388, vector size 40)
WARNING (gmm-est[5.5.896~1-8a59]:MleDiagGmmUpdate():mle-diag-gmm.cc:359) Too little data - removing Gaussian (weight 0.055933, occupation count 9.228917, vector size 40)
WARNING (gmm-est[5.5.896~1-8a59]:MleDiagGmmUpdate():mle-diag-gmm.cc:359) Too little data - removing Gaussian (weight 0.055055, occupation count 9.634627, vector size 40)
WARNING (gmm-est[5.5.896~1-8a59]:MleDiagGmmUpdate():mle-diag-gmm.cc:359) Too little data - removing Gaussian (weight 0.037984, occupation count 8.850225, vector size 40)
WARNING (gmm-est[5.5.896~1-8a59]:MleDiagGmmUpdate():mle-diag-gmm.cc:359) Too little data - removing Gaussian (weight 0.022238, occupation count 7.716677, vector size 40)
WARNING (gmm-est[5.5.896~1-8a59]:MleDiagGmmUpdate():mle-diag-gmm.cc:359) Too little data - removing Gaussian (weight 0.030212, occupation count 9.093882, vector size 40)
WARNING (gmm-est[5.5.896~1-8a59]:MleDiagGmmUpdate():mle-diag-gmm.cc:359) Too little data - removing Gaussian (weight 0.063366, occupation count 9.695034, vector size 40)
WARNING (gmm-est[5.5.896~1-8a59]:MleDiagGmmUpdate():mle-diag-gmm.cc:359) Too little data - removing Gaussian (weight 0.017651, occupation count 7.766508, vector size 40)
WARNING (gmm-est[5.5.896~1-8a59]:MleDiagGmmUpdate():mle-diag-gmm.cc:359) Too little data - removing Gaussian (weight 0.008450, occupation count 7.613170, vector size 40)
WARNING (gmm-est[5.5.896~1-8a59]:MleDiagGmmUpdate():mle-diag-gmm.cc:359) Too little data - removing Gaussian (weight 0.010583, occupation count 9.535463, vector size 40)
WARNING (gmm-est[5.5.896~1-8a59]:MleDiagGmmUpdate():mle-diag-gmm.cc:359) Too little data - removing Gaussian (weight 0.009742, occupation count 8.777856, vector size 40)
WARNING (gmm-est[5.5.896~1-8a59]:MleDiagGmmUpdate():mle-diag-gmm.cc:359) Too little data - removing Gaussian (weight 0.015529, occupation count 7.500670, vector size 40)
WARNING (gmm-est[5.5.896~1-8a59]:MleDiagGmmUpdate():mle-diag-gmm.cc:359) Too little data - removing Gaussian (weight 0.018739, occupation count 9.050941, vector size 40)
WARNING (gmm-est[5.5.896~1-8a59]:MleDiagGmmUpdate():mle-diag-gmm.cc:359) Too little data - removing Gaussian (weight 0.059855, occupation count 9.277491, vector size 40)
WARNING (gmm-est[5.5.896~1-8a59]:MleDiagGmmUpdate():mle-diag-gmm.cc:359) Too little data - removing Gaussian (weight 0.030500, occupation count 8.052124, vector size 40)
WARNING (gmm-est[5.5.896~1-8a59]:MleDiagGmmUpdate():mle-diag-gmm.cc:359) Too little data - removing Gaussian (weight 0.034962, occupation count 9.229956, vector size 40)
WARNING (gmm-est[5.5.896~1-8a59]:MleDiagGmmUpdate():mle-diag-gmm.cc:359) Too little data - removing Gaussian (weight 0.038623, occupation count 9.578397, vector size 40)
WARNING (gmm-est[5.5.896~1-8a59]:MleDiagGmmUpdate():mle-diag-gmm.cc:359) Too little data - removing Gaussian (weight 0.055413, occupation count 8.810693, vector size 40)
WARNING (gmm-est[5.5.896~1-8a59]:MleDiagGmmUpdate():mle-diag-gmm.cc:359) Too little data - removing Gaussian (weight 0.021039, occupation count 8.057999, vector size 40)
WARNING (gmm-est[5.5.896~1-8a59]:MleDiagGmmUpdate():mle-diag-gmm.cc:359) Too little data - removing Gaussian (weight 0.028179, occupation count 9.468304, vector size 40)
WARNING (gmm-est[5.5.896~1-8a59]:MleDiagGmmUpdate():mle-diag-gmm.cc:359) Too little data - removing Gaussian (weight 0.028692, occupation count 9.640474, vector size 40)
WARNING (gmm-est[5.5.896~1-8a59]:MleDiagGmmUpdate():mle-diag-gmm.cc:359) Too little data - removing Gaussian (weight 0.119048, occupation count 9.999990, vector size 40)
WARNING (gmm-est[5.5.896~1-8a59]:MleDiagGmmUpdate():mle-diag-gmm.cc:359) Too little data - removing Gaussian (weight 0.020150, occupation count 6.931554, vector size 40)
WARNING (gmm-est[5.5.896~1-8a59]:MleDiagGmmUpdate():mle-diag-gmm.cc:359) Too little data - removing Gaussian (weight 0.038148, occupation count 9.460612, vector size 40)
WARNING (gmm-est[5.5.896~1-8a59]:MleDiagGmmUpdate():mle-diag-gmm.cc:359) Too little data - removing Gaussian (weight 0.028180, occupation count 7.636783, vector size 40)
WARNING (gmm-est[5.5.896~1-8a59]:MleDiagGmmUpdate():mle-diag-gmm.cc:359) Too little data - removing Gaussian (weight 0.028072, occupation count 8.421597, vector size 40)
WARNING (gmm-est[5.5.896~1-8a59]:MleDiagGmmUpdate():mle-diag-gmm.cc:359) Too little data - removing Gaussian (weight 0.024265, occupation count 9.778655, vector size 40)
WARNING (gmm-est[5.5.896~1-8a59]:MleDiagGmmUpdate():mle-diag-gmm.cc:359) Too little data - removing Gaussian (weight 0.024775, occupation count 9.984295, vector size 40)
WARNING (gmm-est[5.5.896~1-8a59]:MleDiagGmmUpdate():mle-diag-gmm.cc:359) Too little data - removing Gaussian (weight 0.030908, occupation count 8.067102, vector size 40)
WARNING (gmm-est[5.5.896~1-8a59]:MleDiagGmmUpdate():mle-diag-gmm.cc:359) Too little data - removing Gaussian (weight 0.011104, occupation count 6.184736, vector size 40)
WARNING (gmm-est[5.5.896~1-8a59]:MleDiagGmmUpdate():mle-diag-gmm.cc:359) Too little data - removing Gaussian (weight 0.022891, occupation count 9.293798, vector size 40)
WARNING (gmm-est[5.5.896~1-8a59]:MleDiagGmmUpdate():mle-diag-gmm.cc:359) Too little data - removing Gaussian (weight 0.023771, occupation count 9.651128, vector size 40)
WARNING (gmm-est[5.5.896~1-8a59]:MleDiagGmmUpdate():mle-diag-gmm.cc:359) Too little data - removing Gaussian (weight 0.011573, occupation count 7.800417, vector size 40)
WARNING (gmm-est[5.5.896~1-8a59]:MleDiagGmmUpdate():mle-diag-gmm.cc:359) Too little data - removing Gaussian (weight 0.017649, occupation count 7.677483, vector size 40)
WARNING (gmm-est[5.5.896~1-8a59]:MleDiagGmmUpdate():mle-diag-gmm.cc:359) Too little data - removing Gaussian (weight 0.039367, occupation count 9.369328, vector size 40)
WARNING (gmm-est[5.5.896~1-8a59]:MleDiagGmmUpdate():mle-diag-gmm.cc:359) Too little data - removing Gaussian (weight 0.055164, occupation count 9.046884, vector size 40)
WARNING (gmm-est[5.5.896~1-8a59]:MleDiagGmmUpdate():mle-diag-gmm.cc:359) Too little data - removing Gaussian (weight 0.050666, occupation count 9.069127, vector size 40)
WARNING (gmm-est[5.5.896~1-8a59]:MleDiagGmmUpdate():mle-diag-gmm.cc:359) Too little data - removing Gaussian (weight 0.026298, occupation count 9.993139, vector size 40)
WARNING (gmm-est[5.5.896~1-8a59]:MleDiagGmmUpdate():mle-diag-gmm.cc:359) Too little data - removing Gaussian (weight 0.019894, occupation count 8.892710, vector size 40)
WARNING (gmm-est[5.5.896~1-8a59]:MleDiagGmmUpdate():mle-diag-gmm.cc:359) Too little data - removing Gaussian (weight 0.021164, occupation count 8.804125, vector size 40)
WARNING (gmm-est[5.5.896~1-8a59]:MleDiagGmmUpdate():mle-diag-gmm.cc:359) Too little data - removing Gaussian (weight 0.034126, occupation count 9.794140, vector size 40)
WARNING (gmm-est[5.5.896~1-8a59]:MleDiagGmmUpdate():mle-diag-gmm.cc:359) Too little data - removing Gaussian (weight 0.040336, occupation count 7.421839, vector size 40)
WARNING (gmm-est[5.5.896~1-8a59]:MleDiagGmmUpdate():mle-diag-gmm.cc:359) Too little data - removing Gaussian (weight 0.017631, occupation count 9.115157, vector size 40)
WARNING (gmm-est[5.5.896~1-8a59]:MleDiagGmmUpdate():mle-diag-gmm.cc:359) Too little data - removing Gaussian (weight 0.063080, occupation count 9.651279, vector size 40)
WARNING (gmm-est[5.5.896~1-8a59]:MleDiagGmmUpdate():mle-diag-gmm.cc:359) Too little data - removing Gaussian (weight 0.020145, occupation count 8.138727, vector size 40)
WARNING (gmm-est[5.5.896~1-8a59]:MleDiagGmmUpdate():mle-diag-gmm.cc:359) Too little data - removing Gaussian (weight 0.014985, occupation count 9.365796, vector size 40)
WARNING (gmm-est[5.5.896~1-8a59]:MleDiagGmmUpdate():mle-diag-gmm.cc:359) Too little data - removing Gaussian (weight 0.014471, occupation count 9.044228, vector size 40)
WARNING (gmm-est[5.5.896~1-8a59]:MleDiagGmmUpdate():mle-diag-gmm.cc:359) Too little data - removing Gaussian (weight 0.015415, occupation count 9.634659, vector size 40)
WARNING (gmm-est[5.5.896~1-8a59]:MleDiagGmmUpdate():mle-diag-gmm.cc:359) Too little data - removing Gaussian (weight 0.024376, occupation count 8.165915, vector size 40)
WARNING (gmm-est[5.5.896~1-8a59]:MleDiagGmmUpdate():mle-diag-gmm.cc:359) Too little data - removing Gaussian (weight 0.031268, occupation count 8.317411, vector size 40)
WARNING (gmm-est[5.5.896~1-8a59]:MleDiagGmmUpdate():mle-diag-gmm.cc:359) Too little data - removing Gaussian (weight 0.026198, occupation count 8.042829, vector size 40)
WARNING (gmm-est[5.5.896~1-8a59]:MleDiagGmmUpdate():mle-diag-gmm.cc:359) Too little data - removing Gaussian (weight 0.044455, occupation count 9.691262, vector size 40)
WARNING (gmm-est[5.5.896~1-8a59]:MleDiagGmmUpdate():mle-diag-gmm.cc:359) Too little data - removing Gaussian (weight 0.016094, occupation count 7.725119, vector size 40)
WARNING (gmm-est[5.5.896~1-8a59]:MleDiagGmmUpdate():mle-diag-gmm.cc:359) Too little data - removing Gaussian (weight 0.039524, occupation count 8.932327, vector size 40)
WARNING (gmm-est[5.5.896~1-8a59]:MleDiagGmmUpdate():mle-diag-gmm.cc:359) Too little data - removing Gaussian (weight 0.034320, occupation count 9.712494, vector size 40)
WARNING (gmm-est[5.5.896~1-8a59]:MleDiagGmmUpdate():mle-diag-gmm.cc:359) Too little data - removing Gaussian (weight 0.026438, occupation count 8.513127, vector size 40)
WARNING (gmm-est[5.5.896~1-8a59]:MleDiagGmmUpdate():mle-diag-gmm.cc:359) Too little data - removing Gaussian (weight 0.027472, occupation count 8.845889, vector size 40)
WARNING (gmm-est[5.5.896~1-8a59]:MleDiagGmmUpdate():mle-diag-gmm.cc:359) Too little data - removing Gaussian (weight 0.038474, occupation count 9.002807, vector size 40)
WARNING (gmm-est[5.5.896~1-8a59]:MleDiagGmmUpdate():mle-diag-gmm.cc:359) Too little data - removing Gaussian (weight 0.030028, occupation count 9.428914, vector size 40)
WARNING (gmm-est[5.5.896~1-8a59]:MleDiagGmmUpdate():mle-diag-gmm.cc:359) Too little data - removing Gaussian (weight 0.031673, occupation count 9.945326, vector size 40)
WARNING (gmm-est[5.5.896~1-8a59]:MleDiagGmmUpdate():mle-diag-gmm.cc:359) Too little data - removing Gaussian (weight 0.019452, occupation count 7.994574, vector size 40)
WARNING (gmm-est[5.5.896~1-8a59]:MleDiagGmmUpdate():mle-diag-gmm.cc:359) Too little data - removing Gaussian (weight 0.014922, occupation count 8.490474, vector size 40)
WARNING (gmm-est[5.5.896~1-8a59]:MleDiagGmmUpdate():mle-diag-gmm.cc:359) Too little data - removing Gaussian (weight 0.010847, occupation count 8.514526, vector size 40)
WARNING (gmm-est[5.5.896~1-8a59]:MleDiagGmmUpdate():mle-diag-gmm.cc:359) Too little data - removing Gaussian (weight 0.011691, occupation count 9.177614, vector size 40)
WARNING (gmm-est[5.5.896~1-8a59]:MleDiagGmmUpdate():mle-diag-gmm.cc:359) Too little data - removing Gaussian (weight 0.009296, occupation count 7.296982, vector size 40)
WARNING (gmm-est[5.5.896~1-8a59]:MleDiagGmmUpdate():mle-diag-gmm.cc:359) Too little data - removing Gaussian (weight 0.033136, occupation count 8.747889, vector size 40)
WARNING (gmm-est[5.5.896~1-8a59]:MleDiagGmmUpdate():mle-diag-gmm.cc:359) Too little data - removing Gaussian (weight 0.030916, occupation count 9.243779, vector size 40)
WARNING (gmm-est[5.5.896~1-8a59]:MleDiagGmmUpdate():mle-diag-gmm.cc:359) Too little data - removing Gaussian (weight 0.040783, occupation count 8.809134, vector size 40)
WARNING (gmm-est[5.5.896~1-8a59]:MleDiagGmmUpdate():mle-diag-gmm.cc:359) Too little data - removing Gaussian (weight 0.007433, occupation count 6.422149, vector size 40)
WARNING (gmm-est[5.5.896~1-8a59]:MleDiagGmmUpdate():mle-diag-gmm.cc:359) Too little data - removing Gaussian (weight 0.011448, occupation count 9.890790, vector size 40)
WARNING (gmm-est[5.5.896~1-8a59]:MleDiagGmmUpdate():mle-diag-gmm.cc:359) Too little data - removing Gaussian (weight 0.065453, occupation count 9.490739, vector size 40)
WARNING (gmm-est[5.5.896~1-8a59]:MleDiagGmmUpdate():mle-diag-gmm.cc:359) Too little data - removing Gaussian (weight 0.029883, occupation count 9.233918, vector size 40)
WARNING (gmm-est[5.5.896~1-8a59]:MleDiagGmmUpdate():mle-diag-gmm.cc:359) Too little data - removing Gaussian (weight 0.025687, occupation count 7.449372, vector size 40)
WARNING (gmm-est[5.5.896~1-8a59]:MleDiagGmmUpdate():mle-diag-gmm.cc:359) Too little data - removing Gaussian (weight 0.012076, occupation count 7.040058, vector size 40)
WARNING (gmm-est[5.5.896~1-8a59]:MleDiagGmmUpdate():mle-diag-gmm.cc:359) Too little data - removing Gaussian (weight 0.010381, occupation count 6.052276, vector size 40)
WARNING (gmm-est[5.5.896~1-8a59]:MleDiagGmmUpdate():mle-diag-gmm.cc:359) Too little data - removing Gaussian (weight 0.011306, occupation count 6.591241, vector size 40)
WARNING (gmm-est[5.5.896~1-8a59]:MleDiagGmmUpdate():mle-diag-gmm.cc:359) Too little data - removing Gaussian (weight 0.009717, occupation count 5.665295, vector size 40)
WARNING (gmm-est[5.5.896~1-8a59]:MleDiagGmmUpdate():mle-diag-gmm.cc:359) Too little data - removing Gaussian (weight 0.012855, occupation count 7.494617, vector size 40)
WARNING (gmm-est[5.5.896~1-8a59]:MleDiagGmmUpdate():mle-diag-gmm.cc:359) Too little data - removing Gaussian (weight 0.014246, occupation count 8.305661, vector size 40)
WARNING (gmm-est[5.5.896~1-8a59]:MleDiagGmmUpdate():mle-diag-gmm.cc:359) Too little data - removing Gaussian (weight 0.014756, occupation count 8.602792, vector size 40)
WARNING (gmm-est[5.5.896~1-8a59]:MleDiagGmmUpdate():mle-diag-gmm.cc:359) Too little data - removing Gaussian (weight 0.059660, occupation count 9.903510, vector size 40)
WARNING (gmm-est[5.5.896~1-8a59]:MleDiagGmmUpdate():mle-diag-gmm.cc:359) Too little data - removing Gaussian (weight 0.010479, occupation count 7.366797, vector size 40)
WARNING (gmm-est[5.5.896~1-8a59]:MleDiagGmmUpdate():mle-diag-gmm.cc:359) Too little data - removing Gaussian (weight 0.007293, occupation count 5.127326, vector size 40)
WARNING (gmm-est[5.5.896~1-8a59]:MleDiagGmmUpdate():mle-diag-gmm.cc:359) Too little data - removing Gaussian (weight 0.013570, occupation count 9.539921, vector size 40)
WARNING (gmm-est[5.5.896~1-8a59]:MleDiagGmmUpdate():mle-diag-gmm.cc:359) Too little data - removing Gaussian (weight 0.009126, occupation count 6.415437, vector size 40)
WARNING (gmm-est[5.5.896~1-8a59]:MleDiagGmmUpdate():mle-diag-gmm.cc:359) Too little data - removing Gaussian (weight 0.012787, occupation count 8.989457, vector size 40)
WARNING (gmm-est[5.5.896~1-8a59]:MleDiagGmmUpdate():mle-diag-gmm.cc:359) Too little data - removing Gaussian (weight 0.010661, occupation count 7.494506, vector size 40)
WARNING (gmm-est[5.5.896~1-8a59]:MleDiagGmmUpdate():mle-diag-gmm.cc:359) Too little data - removing Gaussian (weight 0.010914, occupation count 7.672654, vector size 40)
WARNING (gmm-est[5.5.896~1-8a59]:MleDiagGmmUpdate():mle-diag-gmm.cc:359) Too little data - removing Gaussian (weight 0.013788, occupation count 9.693099, vector size 40)
WARNING (gmm-est[5.5.896~1-8a59]:MleDiagGmmUpdate():mle-diag-gmm.cc:359) Too little data - removing Gaussian (weight 0.055511, occupation count 9.880930, vector size 40)
WARNING (gmm-est[5.5.896~1-8a59]:MleDiagGmmUpdate():mle-diag-gmm.cc:359) Too little data - removing Gaussian (weight 0.019179, occupation count 6.079768, vector size 40)
WARNING (gmm-est[5.5.896~1-8a59]:MleDiagGmmUpdate():mle-diag-gmm.cc:359) Too little data - removing Gaussian (weight 0.031840, occupation count 9.806617, vector size 40)
WARNING (gmm-est[5.5.896~1-8a59]:MleDiagGmmUpdate():mle-diag-gmm.cc:359) Too little data - removing Gaussian (weight 0.032019, occupation count 9.861708, vector size 40)
WARNING (gmm-est[5.5.896~1-8a59]:MleDiagGmmUpdate():mle-diag-gmm.cc:359) Too little data - removing Gaussian (weight 0.056029, occupation count 8.516414, vector size 40)
WARNING (gmm-est[5.5.896~1-8a59]:MleDiagGmmUpdate():mle-diag-gmm.cc:359) Too little data - removing Gaussian (weight 0.015334, occupation count 8.326413, vector size 40)
WARNING (gmm-est[5.5.896~1-8a59]:MleDiagGmmUpdate():mle-diag-gmm.cc:359) Too little data - removing Gaussian (weight 0.034704, occupation count 7.461368, vector size 40)
WARNING (gmm-est[5.5.896~1-8a59]:MleDiagGmmUpdate():mle-diag-gmm.cc:359) Too little data - removing Gaussian (weight 0.020922, occupation count 9.540431, vector size 40)
WARNING (gmm-est[5.5.896~1-8a59]:MleDiagGmmUpdate():mle-diag-gmm.cc:359) Too little data - removing Gaussian (weight 0.034142, occupation count 9.423079, vector size 40)
WARNING (gmm-est[5.5.896~1-8a59]:MleDiagGmmUpdate():mle-diag-gmm.cc:359) Too little data - removing Gaussian (weight 0.040281, occupation count 8.177130, vector size 40)
WARNING (gmm-est[5.5.896~1-8a59]:MleDiagGmmUpdate():mle-diag-gmm.cc:359) Too little data - removing Gaussian (weight 0.015558, occupation count 8.634421, vector size 40)
WARNING (gmm-est[5.5.896~1-8a59]:MleDiagGmmUpdate():mle-diag-gmm.cc:359) Too little data - removing Gaussian (weight 0.017376, occupation count 9.643947, vector size 40)
WARNING (gmm-est[5.5.896~1-8a59]:MleDiagGmmUpdate():mle-diag-gmm.cc:359) Too little data - removing Gaussian (weight 0.014903, occupation count 8.271436, vector size 40)
WARNING (gmm-est[5.5.896~1-8a59]:MleDiagGmmUpdate():mle-diag-gmm.cc:359) Too little data - removing Gaussian (weight 0.009853, occupation count 9.399628, vector size 40)
WARNING (gmm-est[5.5.896~1-8a59]:MleDiagGmmUpdate():mle-diag-gmm.cc:359) Too little data - removing Gaussian (weight 0.008952, occupation count 8.540113, vector size 40)
WARNING (gmm-est[5.5.896~1-8a59]:MleDiagGmmUpdate():mle-diag-gmm.cc:359) Too little data - removing Gaussian (weight 0.009197, occupation count 8.773933, vector size 40)
WARNING (gmm-est[5.5.896~1-8a59]:MleDiagGmmUpdate():mle-diag-gmm.cc:359) Too little data - removing Gaussian (weight 0.066714, occupation count 9.006433, vector size 40)
WARNING (gmm-est[5.5.896~1-8a59]:MleDiagGmmUpdate():mle-diag-gmm.cc:359) Too little data - removing Gaussian (weight 0.030109, occupation count 8.942251, vector size 40)
WARNING (gmm-est[5.5.896~1-8a59]:MleDiagGmmUpdate():mle-diag-gmm.cc:359) Too little data - removing Gaussian (weight 0.014455, occupation count 7.010545, vector size 40)
WARNING (gmm-est[5.5.896~1-8a59]:MleDiagGmmUpdate():mle-diag-gmm.cc:359) Too little data - removing Gaussian (weight 0.019723, occupation count 9.565672, vector size 40)
WARNING (gmm-est[5.5.896~1-8a59]:MleDiagGmmUpdate():mle-diag-gmm.cc:359) Too little data - removing Gaussian (weight 0.042600, occupation count 9.925820, vector size 40)
WARNING (gmm-est[5.5.896~1-8a59]:MleDiagGmmUpdate():mle-diag-gmm.cc:359) Too little data - removing Gaussian (weight 0.012398, occupation count 6.546330, vector size 40)
WARNING (gmm-est[5.5.896~1-8a59]:MleDiagGmmUpdate():mle-diag-gmm.cc:359) Too little data - removing Gaussian (weight 0.014546, occupation count 7.680171, vector size 40)
WARNING (gmm-est[5.5.896~1-8a59]:MleDiagGmmUpdate():mle-diag-gmm.cc:359) Too little data - removing Gaussian (weight 0.012984, occupation count 6.855342, vector size 40)
WARNING (gmm-est[5.5.896~1-8a59]:MleDiagGmmUpdate():mle-diag-gmm.cc:359) Too little data - removing Gaussian (weight 0.047030, occupation count 8.700540, vector size 40)
WARNING (gmm-est[5.5.896~1-8a59]:MleDiagGmmUpdate():mle-diag-gmm.cc:359) Too little data - removing Gaussian (weight 0.048402, occupation count 8.954382, vector size 40)
WARNING (gmm-est[5.5.896~1-8a59]:MleDiagGmmUpdate():mle-diag-gmm.cc:359) Too little data - removing Gaussian (weight 0.028589, occupation count 9.291264, vector size 40)
WARNING (gmm-est[5.5.896~1-8a59]:MleDiagGmmUpdate():mle-diag-gmm.cc:359) Too little data - removing Gaussian (weight 0.022141, occupation count 7.594306, vector size 40)
WARNING (gmm-est[5.5.896~1-8a59]:MleDiagGmmUpdate():mle-diag-gmm.cc:359) Too little data - removing Gaussian (weight 0.022552, occupation count 7.735179, vector size 40)
WARNING (gmm-est[5.5.896~1-8a59]:MleDiagGmmUpdate():mle-diag-gmm.cc:359) Too little data - removing Gaussian (weight 0.056840, occupation count 9.435359, vector size 40)
WARNING (gmm-est[5.5.896~1-8a59]:MleDiagGmmUpdate():mle-diag-gmm.cc:359) Too little data - removing Gaussian (weight 0.031490, occupation count 9.226473, vector size 40)
WARNING (gmm-est[5.5.896~1-8a59]:MleDiagGmmUpdate():mle-diag-gmm.cc:359) Too little data - removing Gaussian (weight 0.025906, occupation count 9.663006, vector size 40)
WARNING (gmm-est[5.5.896~1-8a59]:MleDiagGmmUpdate():mle-diag-gmm.cc:359) Too little data - removing Gaussian (weight 0.047694, occupation count 6.534112, vector size 40)
WARNING (gmm-est[5.5.896~1-8a59]:MleDiagGmmUpdate():mle-diag-gmm.cc:359) Too little data - removing Gaussian (weight 0.052351, occupation count 9.894421, vector size 40)
WARNING (gmm-est[5.5.896~1-8a59]:MleDiagGmmUpdate():mle-diag-gmm.cc:359) Too little data - removing Gaussian (weight 0.053489, occupation count 8.504755, vector size 40)
WARNING (gmm-est[5.5.896~1-8a59]:MleDiagGmmUpdate():mle-diag-gmm.cc:359) Too little data - removing Gaussian (weight 0.018471, occupation count 7.813285, vector size 40)
WARNING (gmm-est[5.5.896~1-8a59]:MleDiagGmmUpdate():mle-diag-gmm.cc:359) Too little data - removing Gaussian (weight 0.051021, occupation count 9.642995, vector size 40)
WARNING (gmm-est[5.5.896~1-8a59]:MleDiagGmmUpdate():mle-diag-gmm.cc:359) Too little data - removing Gaussian (weight 0.018522, occupation count 9.946386, vector size 40)
WARNING (gmm-est[5.5.896~1-8a59]:MleDiagGmmUpdate():mle-diag-gmm.cc:359) Too little data - removing Gaussian (weight 0.027045, occupation count 7.112860, vector size 40)
WARNING (gmm-est[5.5.896~1-8a59]:MleDiagGmmUpdate():mle-diag-gmm.cc:359) Too little data - removing Gaussian (weight 0.023443, occupation count 7.196934, vector size 40)
WARNING (gmm-est[5.5.896~1-8a59]:MleDiagGmmUpdate():mle-diag-gmm.cc:359) Too little data - removing Gaussian (weight 0.031874, occupation count 9.785360, vector size 40)
WARNING (gmm-est[5.5.896~1-8a59]:MleDiagGmmUpdate():mle-diag-gmm.cc:359) Too little data - removing Gaussian (weight 0.016843, occupation count 7.444593, vector size 40)
WARNING (gmm-est[5.5.896~1-8a59]:MleDiagGmmUpdate():mle-diag-gmm.cc:359) Too little data - removing Gaussian (weight 0.015561, occupation count 6.878168, vector size 40)
WARNING (gmm-est[5.5.896~1-8a59]:MleDiagGmmUpdate():mle-diag-gmm.cc:359) Too little data - removing Gaussian (weight 0.160474, occupation count 9.949373, vector size 40)
WARNING (gmm-est[5.5.896~1-8a59]:MleDiagGmmUpdate():mle-diag-gmm.cc:359) Too little data - removing Gaussian (weight 0.039278, occupation count 8.876904, vector size 40)
WARNING (gmm-est[5.5.896~1-8a59]:MleDiagGmmUpdate():mle-diag-gmm.cc:359) Too little data - removing Gaussian (weight 0.047531, occupation count 8.508121, vector size 40)
WARNING (gmm-est[5.5.896~1-8a59]:MleDiagGmmUpdate():mle-diag-gmm.cc:359) Too little data - removing Gaussian (weight 0.024120, occupation count 8.273236, vector size 40)
WARNING (gmm-est[5.5.896~1-8a59]:MleDiagGmmUpdate():mle-diag-gmm.cc:359) Too little data - removing Gaussian (weight 0.015541, occupation count 6.511755, vector size 40)
WARNING (gmm-est[5.5.896~1-8a59]:MleDiagGmmUpdate():mle-diag-gmm.cc:359) Too little data - removing Gaussian (weight 0.029718, occupation count 8.558758, vector size 40)
WARNING (gmm-est[5.5.896~1-8a59]:MleDiagGmmUpdate():mle-diag-gmm.cc:359) Too little data - removing Gaussian (weight 0.020075, occupation count 9.374794, vector size 40)
WARNING (gmm-est[5.5.896~1-8a59]:MleDiagGmmUpdate():mle-diag-gmm.cc:359) Too little data - removing Gaussian (weight 0.022790, occupation count 7.908150, vector size 40)
WARNING (gmm-est[5.5.896~1-8a59]:MleDiagGmmUpdate():mle-diag-gmm.cc:359) Too little data - removing Gaussian (weight 0.022162, occupation count 7.690067, vector size 40)
WARNING (gmm-est[5.5.896~1-8a59]:MleDiagGmmUpdate():mle-diag-gmm.cc:359) Too little data - removing Gaussian (weight 0.054165, occupation count 8.720531, vector size 40)
WARNING (gmm-est[5.5.896~1-8a59]:MleDiagGmmUpdate():mle-diag-gmm.cc:359) Too little data - removing Gaussian (weight 0.081308, occupation count 8.943853, vector size 40)
WARNING (gmm-est[5.5.896~1-8a59]:MleDiagGmmUpdate():mle-diag-gmm.cc:359) Too little data - removing Gaussian (weight 0.023872, occupation count 9.334126, vector size 40)
WARNING (gmm-est[5.5.896~1-8a59]:MleDiagGmmUpdate():mle-diag-gmm.cc:359) Too little data - removing Gaussian (weight 0.027293, occupation count 9.798284, vector size 40)
WARNING (gmm-est[5.5.896~1-8a59]:MleDiagGmmUpdate():mle-diag-gmm.cc:359) Too little data - removing Gaussian (weight 0.014556, occupation count 9.723538, vector size 40)
WARNING (gmm-est[5.5.896~1-8a59]:MleDiagGmmUpdate():mle-diag-gmm.cc:359) Too little data - removing Gaussian (weight 0.014660, occupation count 9.792713, vector size 40)
WARNING (gmm-est[5.5.896~1-8a59]:MleDiagGmmUpdate():mle-diag-gmm.cc:359) Too little data - removing Gaussian (weight 0.030432, occupation count 9.525082, vector size 40)
WARNING (gmm-est[5.5.896~1-8a59]:MleDiagGmmUpdate():mle-diag-gmm.cc:359) Too little data - removing Gaussian (weight 0.028919, occupation count 8.907140, vector size 40)
WARNING (gmm-est[5.5.896~1-8a59]:MleDiagGmmUpdate():mle-diag-gmm.cc:359) Too little data - removing Gaussian (weight 0.023520, occupation count 7.620507, vector size 40)
WARNING (gmm-est[5.5.896~1-8a59]:MleDiagGmmUpdate():mle-diag-gmm.cc:359) Too little data - removing Gaussian (weight 0.052645, occupation count 8.686451, vector size 40)
WARNING (gmm-est[5.5.896~1-8a59]:MleDiagGmmUpdate():mle-diag-gmm.cc:359) Too little data - removing Gaussian (weight 0.019004, occupation count 8.627811, vector size 40)
WARNING (gmm-est[5.5.896~1-8a59]:MleDiagGmmUpdate():mle-diag-gmm.cc:359) Too little data - removing Gaussian (weight 0.021131, occupation count 9.593268, vector size 40)
WARNING (gmm-est[5.5.896~1-8a59]:MleDiagGmmUpdate():mle-diag-gmm.cc:359) Too little data - removing Gaussian (weight 0.044978, occupation count 9.760158, vector size 40)
WARNING (gmm-est[5.5.896~1-8a59]:MleDiagGmmUpdate():mle-diag-gmm.cc:359) Too little data - removing Gaussian (weight 0.035913, occupation count 7.793023, vector size 40)
WARNING (gmm-est[5.5.896~1-8a59]:MleDiagGmmUpdate():mle-diag-gmm.cc:359) Too little data - removing Gaussian (weight 0.072743, occupation count 8.656396, vector size 40)
WARNING (gmm-est[5.5.896~1-8a59]:MleDiagGmmUpdate():mle-diag-gmm.cc:359) Too little data - removing Gaussian (weight 0.031902, occupation count 7.497013, vector size 40)
WARNING (gmm-est[5.5.896~1-8a59]:MleDiagGmmUpdate():mle-diag-gmm.cc:359) Too little data - removing Gaussian (weight 0.034387, occupation count 8.080933, vector size 40)
WARNING (gmm-est[5.5.896~1-8a59]:MleDiagGmmUpdate():mle-diag-gmm.cc:359) Too little data - removing Gaussian (weight 0.011080, occupation count 8.608813, vector size 40)
WARNING (gmm-est[5.5.896~1-8a59]:MleDiagGmmUpdate():mle-diag-gmm.cc:359) Too little data - removing Gaussian (weight 0.011194, occupation count 8.697752, vector size 40)
WARNING (gmm-est[5.5.896~1-8a59]:MleDiagGmmUpdate():mle-diag-gmm.cc:359) Too little data - removing Gaussian (weight 0.012764, occupation count 9.917306, vector size 40)
WARNING (gmm-est[5.5.896~1-8a59]:MleDiagGmmUpdate():mle-diag-gmm.cc:359) Too little data - removing Gaussian (weight 0.024454, occupation count 9.903818, vector size 40)
WARNING (gmm-est[5.5.896~1-8a59]:MleDiagGmmUpdate():mle-diag-gmm.cc:359) Too little data - removing Gaussian (weight 0.064905, occupation count 9.865537, vector size 40)
WARNING (gmm-est[5.5.896~1-8a59]:MleDiagGmmUpdate():mle-diag-gmm.cc:359) Too little data - removing Gaussian (weight 0.021781, occupation count 8.516561, vector size 40)
WARNING (gmm-est[5.5.896~1-8a59]:MleDiagGmmUpdate():mle-diag-gmm.cc:359) Too little data - removing Gaussian (weight 0.040274, occupation count 9.746250, vector size 40)
WARNING (gmm-est[5.5.896~1-8a59]:MleDiagGmmUpdate():mle-diag-gmm.cc:359) Too little data - removing Gaussian (weight 0.086568, occupation count 9.955265, vector size 40)
WARNING (gmm-est[5.5.896~1-8a59]:MleDiagGmmUpdate():mle-diag-gmm.cc:359) Too little data - removing Gaussian (weight 0.039601, occupation count 9.504139, vector size 40)
WARNING (gmm-est[5.5.896~1-8a59]:MleDiagGmmUpdate():mle-diag-gmm.cc:359) Too little data - removing Gaussian (weight 0.040641, occupation count 9.306856, vector size 40)
LOG (gmm-est[5.5.896~1-8a59]:MleAmDiagGmmUpdate():mle-am-diag-gmm.cc:225) 0 variance elements floored in 0 Gaussians, out of 12815
LOG (gmm-est[5.5.896~1-8a59]:MleAmDiagGmmUpdate():mle-am-diag-gmm.cc:229) Removed 399 Gaussians due to counts < --min-gaussian-occupancy=10 and --remove-low-count-gaussians=true
LOG (gmm-est[5.5.896~1-8a59]:main():gmm-est.cc:113) GMM update: Overall 0.792257 objective function improvement per frame over 279009 frames
LOG (gmm-est[5.5.896~1-8a59]:main():gmm-est.cc:116) GMM update: Overall avg like per frame = -52.1318 over 279009 frames.
WARNING (gmm-est[5.5.896~1-8a59]:GetSplitTargets():model-common.cc:134) Could not split up to 47040 due to min-count = 20 (or no counts at all)

LOG (gmm-est[5.5.896~1-8a59]:SplitByCount():am-diag-gmm.cc:116) Split 1464 states with target = 47040, power = 0.2, perturb_factor = 0.01 and min_count = 20, split #Gauss from 12815 to 13214
LOG (gmm-est[5.5.896~1-8a59]:main():gmm-est.cc:146) Written model to exp/tri4a/7.mdl
# Accounting: time=0 threads=1
# Ended (code 0) at Sun Apr  4 23:46:01 CST 2021, elapsed time 0 seconds
