# gmm-est --power=0.2 --write-occs=exp/tri4a/21.occs --mix-up=154112 exp/tri4a/20.mdl "gmm-sum-accs - exp/tri4a/20.*.acc |" exp/tri4a/21.mdl 
# Started at Sun Apr  4 23:46:56 CST 2021
#
gmm-est --power=0.2 --write-occs=exp/tri4a/21.occs --mix-up=154112 exp/tri4a/20.mdl 'gmm-sum-accs - exp/tri4a/20.*.acc |' exp/tri4a/21.mdl 
gmm-sum-accs - exp/tri4a/20.1.acc exp/tri4a/20.2.acc exp/tri4a/20.3.acc exp/tri4a/20.4.acc 
LOG (gmm-sum-accs[5.5.896~1-8a59]:main():gmm-sum-accs.cc:63) Summed 4 stats, total count 279009, avg like/frame -48.457
LOG (gmm-sum-accs[5.5.896~1-8a59]:main():gmm-sum-accs.cc:66) Total count of stats is 279009
LOG (gmm-sum-accs[5.5.896~1-8a59]:main():gmm-sum-accs.cc:67) Written stats to -
LOG (gmm-est[5.5.896~1-8a59]:MleUpdate():transition-model.cc:528) TransitionModel::Update, objf change is 0.000130613 per frame over 279009 frames. 
LOG (gmm-est[5.5.896~1-8a59]:MleUpdate():transition-model.cc:531) 305 probabilities floored, 3841 out of 6636 transition-states skipped due to insuffient data (it is normal to have some skipped.)
LOG (gmm-est[5.5.896~1-8a59]:main():gmm-est.cc:102) Transition model update: Overall 0.000130613 log-like improvement per frame over 279009 frames.
WARNING (gmm-est[5.5.896~1-8a59]:MleDiagGmmUpdate():mle-diag-gmm.cc:365) Gaussian has too little data but not removing it because it is the last Gaussian: i = 0, occ = 4, weight = 1
WARNING (gmm-est[5.5.896~1-8a59]:MleDiagGmmUpdate():mle-diag-gmm.cc:359) Too little data - removing Gaussian (weight 0.123288, occupation count 9.000053, vector size 40)
WARNING (gmm-est[5.5.896~1-8a59]:MleDiagGmmUpdate():mle-diag-gmm.cc:359) Too little data - removing Gaussian (weight 0.067554, occupation count 9.998013, vector size 40)
WARNING (gmm-est[5.5.896~1-8a59]:MleDiagGmmUpdate():mle-diag-gmm.cc:359) Too little data - removing Gaussian (weight 0.045045, occupation count 9.999998, vector size 40)
WARNING (gmm-est[5.5.896~1-8a59]:MleDiagGmmUpdate():mle-diag-gmm.cc:365) Gaussian has too little data but not removing it because it is the last Gaussian: i = 0, occ = 7, weight = 1
WARNING (gmm-est[5.5.896~1-8a59]:MleDiagGmmUpdate():mle-diag-gmm.cc:359) Too little data - removing Gaussian (weight 0.017797, occupation count 9.948648, vector size 40)
WARNING (gmm-est[5.5.896~1-8a59]:MleDiagGmmUpdate():mle-diag-gmm.cc:359) Too little data - removing Gaussian (weight 0.017827, occupation count 9.911819, vector size 40)
WARNING (gmm-est[5.5.896~1-8a59]:MleDiagGmmUpdate():mle-diag-gmm.cc:359) Too little data - removing Gaussian (weight 0.043236, occupation count 9.468580, vector size 40)
WARNING (gmm-est[5.5.896~1-8a59]:MleDiagGmmUpdate():mle-diag-gmm.cc:359) Too little data - removing Gaussian (weight 0.066666, occupation count 9.999910, vector size 40)
WARNING (gmm-est[5.5.896~1-8a59]:MleDiagGmmUpdate():mle-diag-gmm.cc:359) Too little data - removing Gaussian (weight 0.033776, occupation count 8.004850, vector size 40)
WARNING (gmm-est[5.5.896~1-8a59]:MleDiagGmmUpdate():mle-diag-gmm.cc:359) Too little data - removing Gaussian (weight 0.045849, occupation count 9.995134, vector size 40)
WARNING (gmm-est[5.5.896~1-8a59]:MleDiagGmmUpdate():mle-diag-gmm.cc:359) Too little data - removing Gaussian (weight 0.068471, occupation count 9.996784, vector size 40)
WARNING (gmm-est[5.5.896~1-8a59]:MleDiagGmmUpdate():mle-diag-gmm.cc:359) Too little data - removing Gaussian (weight 0.025775, occupation count 9.021396, vector size 40)
WARNING (gmm-est[5.5.896~1-8a59]:MleDiagGmmUpdate():mle-diag-gmm.cc:359) Too little data - removing Gaussian (weight 0.016715, occupation count 9.962384, vector size 40)
WARNING (gmm-est[5.5.896~1-8a59]:MleDiagGmmUpdate():mle-diag-gmm.cc:359) Too little data - removing Gaussian (weight 0.082400, occupation count 9.888039, vector size 40)
LOG (gmm-est[5.5.896~1-8a59]:MleAmDiagGmmUpdate():mle-am-diag-gmm.cc:225) 1 variance elements floored in 1 Gaussians, out of 13273
LOG (gmm-est[5.5.896~1-8a59]:MleAmDiagGmmUpdate():mle-am-diag-gmm.cc:229) Removed 13 Gaussians due to counts < --min-gaussian-occupancy=10 and --remove-low-count-gaussians=true
LOG (gmm-est[5.5.896~1-8a59]:main():gmm-est.cc:113) GMM update: Overall 0.0395874 objective function improvement per frame over 279009 frames
LOG (gmm-est[5.5.896~1-8a59]:main():gmm-est.cc:116) GMM update: Overall avg like per frame = -48.457 over 279009 frames.
WARNING (gmm-est[5.5.896~1-8a59]:GetSplitTargets():model-common.cc:134) Could not split up to 154112 due to min-count = 20 (or no counts at all)

LOG (gmm-est[5.5.896~1-8a59]:SplitByCount():am-diag-gmm.cc:116) Split 1464 states with target = 154112, power = 0.2, perturb_factor = 0.01 and min_count = 20, split #Gauss from 13273 to 13320
LOG (gmm-est[5.5.896~1-8a59]:main():gmm-est.cc:146) Written model to exp/tri4a/21.mdl
# Accounting: time=1 threads=1
# Ended (code 0) at Sun Apr  4 23:46:57 CST 2021, elapsed time 1 seconds
