# lattice-best-path --lm-scale=7 --word-symbol-table=exp/mono/graph/words.txt "ark:gunzip -c exp/mono/decode/lat.*.gz|" ark,t:exp/mono/decode/scoring/7.tra 
# Started at Wed Mar 31 21:47:50 CST 2021
#
lattice-best-path --lm-scale=7 --word-symbol-table=exp/mono/graph/words.txt 'ark:gunzip -c exp/mono/decode/lat.*.gz|' ark,t:exp/mono/decode/scoring/7.tra 
LOG (lattice-best-path[5.5.896~1-8a59]:main():lattice-best-path.cc:99) For utterance weather029_006, best cost 1565.97 + 133656 = 135222 over 1125 frames.
weather029_006 SA MAY AH NASA ONE NAMAN TEN KILOMETERS SILANGAN NG BALER AURORA ANG BAGYONG PEPITO CARAGA NG BANSA GUSTINESS SA PONG FIVE KILOMETERS PER HOUR AT PAGBUGSO O GUSTINESS O NINETY KILOMETERS PER HOUR 
LOG (lattice-best-path[5.5.896~1-8a59]:main():lattice-best-path.cc:99) For utterance weather029_007, best cost 688.959 + 65469.8 = 66158.8 over 553 frames.
weather029_007 BHAGYA BUMILIS ANG PAGKILOS ITO SA TWENTY KILOMETERS PER HOUR PATUNGONG WEST NORTHWEST 
LOG (lattice-best-path[5.5.896~1-8a59]:main():lattice-best-path.cc:99) For utterance weather029_008, best cost 859.678 + 69927.7 = 70787.4 over 578 frames.
weather029_008 SA FORECAST NATIN AT YAN CENTER FOR DIN YUN WINDS WEATHER FORECAST O ECMWF 
LOG (lattice-best-path[5.5.896~1-8a59]:main():lattice-best-path.cc:99) For utterance weather029_009, best cost 1153.2 + 97727.4 = 98880.6 over 814 frames.
weather029_009 NAKIKITANG TUTUMBUKIN ITO ANG AURORA NGAYONG GABI AT AT KANINA CENTRAL LUZON O SOUTHERN PORTION NA NG NORTHERN LUZON HANGGANG BUKAS NG MADALING ARAW 
LOG (lattice-best-path[5.5.896~1-8a59]:main():lattice-best-path.cc:99) For utterance weather029_010, best cost 1980.11 + 207259 = 209239 over 1806 frames.
weather029_010 INAASAHAN ANG MALAKAS ULAN DIN JENNY SA AURORA ISABELA QUEZON BULACAN TARLAC CAMARINES NORTE JENNY SIYA NUEVA VIZCAYA QUIRINO ILANG CAGAYAN CORDILLERA LA UNION ILOCOS SUR TARLAC PAMPANGA BATAAN ZAMBALES AT BANGKA SILA 
LOG (lattice-best-path[5.5.896~1-8a59]:main():lattice-best-path.cc:99) For utterance weather031_010, best cost 4061.43 + 278229 = 282290 over 2714 frames.
weather031_010 AT BABAYBAYIN NG BAGYO SAMUEL ANG NA HALOS BUONG VISAYAS NA MAGDADALA PULA AH MAULAP ALON DITO ANG PAG TAMA DITO SA MAY DINAGAT ISLAND YAN EH TWENTY MAGBABAGO YUNG KANYANG DIRECTION I TATAMA DIN ITONG DITO SA MAY LEYTE LALO SAMA SAMAR LEYTE POSIBLENG DIYAN SA MAY BUONG CEBU DIYAN SA MAY NEGROS ISLAND AH NASABI NEGROS OCCIDENTAL DADAAN NG ILOILO ANTIQUE EH PAPUNTA NANDYAN PALAWAN AT PAPALABAS NA BA O PAPUNTA NG WEST PHILIPPINE SEA 
LOG (lattice-best-path[5.5.896~1-8a59]:main():lattice-best-path.cc:99) For utterance weather031_011, best cost 2676.56 + 213128 = 215805 over 2081 frames.
weather031_011 EH MAGING I AM READY PO ANG MATA REHIYON NG CARAGA NORTHERN MINDANAO LALONG LALO AY EASTERN VISAYAS I SAMAR LEYTE PROVINCES SA MAULANG MAGDAMAG NA MAP AH PATULOY MGA KAPUSO HANGGANG BUKAS WELL NAKIKITA NYONG PULA AT AT AH PINK YAN YUNG MGA MATITINDING PAGULAN NA PWEDENG MARARANASAN SA MALAKING BAHAGI DAGAT VISAYAS BUKAS 
LOG (lattice-best-path[5.5.896~1-8a59]:main():lattice-best-path.cc:99) For utterance weather031_012, best cost 1536.96 + 115597 = 117134 over 1128 frames.
weather031_012 PO HAPON DIN MAULAN DIYAN SA MAY AH ZAMBOANGA AT DAVAO REGION AT SA BUONG VISAYAS BUKAS AT MAGING I AM READY PO SA BANTA NANDYAN LANDSLIDE AT REST AT SA NILALAMAN MALAKAS PAGULAN 
LOG (lattice-best-path[5.5.896~1-8a59]:main():lattice-best-path.cc:99) For utterance weather031_013, best cost 995.898 + 90135 = 91130.9 over 880 frames.
weather031_013 HABANG SA LUZON APEKTADO NG BAGYO ANG AH BICOL REGION MINDORO MARINDUQUE ROMBLON PERO YAN AY SIMULA NA NABUO SA GABI 
LOG (lattice-best-path[5.5.896~1-8a59]:main():lattice-best-path.cc:99) For utterance weather031_014, best cost 1544.11 + 101764 = 103308 over 986 frames.
weather031_014 AH TV MATA TATLONG BAGYO ANG AH NORTHERN AT CENTRAL LUZON NA MABABA LAMANG ANG TSANSANG UMULAN EH MGA MAY NA PAGULAN DEL ISOLATED DIYAN SA MAY QUEZON AT AURORA PROVINCES 
LOG (lattice-best-path[5.5.896~1-8a59]:main():lattice-best-path.cc:99) For utterance weather031_015, best cost 953.738 + 82420.5 = 83374.2 over 803 frames.
weather031_015 AT SA METRO MANILA MAGIGING MAULAP BUKAS PERO HALOS WALANG ULAN NA INAASAHAN DAHIL MGA KAPUSO MALAYO PO TAYO SA CENTRO NG BAGYO 
LOG (lattice-best-path[5.5.896~1-8a59]:main():lattice-best-path.cc:99) For utterance weather031_016, best cost 1680.61 + 112106 = 113786 over 1080 frames.
weather031_016 PO KASAMA ANG ALON SA MGA LUGAR NA MAY SIGNAL YUNG MAY KULAY YAN ASUL NA YAN KASAMA NA ANG AH DAVAO ORIENTAL AT OCCIDENTAL NA WALA SIGNAL PERO MALAKAS DIN NA SA MGA PAGALON JESSICA 
LOG (lattice-best-path[5.5.896~1-8a59]:main():lattice-best-path.cc:99) For utterance weather031_017, best cost 2027.26 + 166036 = 168064 over 1550 frames.
weather031_017 MANG TANI ITO NA YUNG EPEKTO NG AMIHAN NO YUNG MGA BAGYO AY BIGLANG SA MABABANG PARTE NA NAMAN PILIPINAS TUMATAMA YUNG HABAGAT SA MEDYO MATAAS DIN PO PABABA NG PABABA AMIHAN ONE O ONE MANG TANI ANO BANG PAGKAKAIBA NITO AMIHAN SA HABAGAT 
LOG (lattice-best-path[5.5.896~1-8a59]:main():lattice-best-path.cc:99) For utterance weather031_018, best cost 5463.32 + 475131 = 480594 over 4658 frames.
weather031_018 PERO LAGUNA YUNG AH AMIHAN JESSICA YAN AY TUYONG HANGIN WALANG MASYADONG MOISTURE PERO MAPAPANSIN MO YUNG BAGYO MALAPIT NA PERO HALOS HINDI PA RAMDAM YUNG MGA PAGULAN KUNG TITINGNAN MO YUNG RAINFALL MAP JESSICA YUNG NA PULA NA DARATING DITO SA TEN YUNG AH MAMAYANG GABI HALOS NANDYAN YUNG BAGYO PERO AH HINDI PA RAMDAM YUNG ULAN AT YAN YUNG NA YUNG HANGING AMIHAN YUNG NORTHERN SA AY NG BAGYO ANG MAS MAULAN KUMPARA DITO SA MAY SOUTHERN PART HINDI KATULAD PAG HANGING HABAGAT JESSICA NA MAY SOUTHWEST YUNG BAGYO KAHIT NANDITO SA MAY AT ISA SECTION MAULAN DOON SA MAY WESTERN SA RIN PO YUNG AH WESTERN SIDE NG BAGYO DAHIL NGA YUNG MGA AH HABAGAT NATIN MAS MARAMING MOISTURE 
LOG (lattice-best-path[5.5.896~1-8a59]:main():lattice-best-path.cc:99) For utterance weather031_019, best cost 1446.05 + 115990 = 117436 over 1111 frames.
weather031_019 SO PAGKAKAIBA JESSICA AT PAGDATING SA AMIHAN HALOS WALANG MOISTURE KAYA HINDI NAGPAPALAKAS NG BAGYO YAN SAMANTALANG HABAGAT ANG MARAMING DALANG TUBIG SA NAMAN EH NAGPAPALAKAS NG BAGYO 
LOG (lattice-best-path[5.5.896~1-8a59]:main():lattice-best-path.cc:99) For utterance weather031_020, best cost 1803.48 + 141130 = 142934 over 1336 frames.
weather031_020 KAYA LANG YUNG MGA TUMAMANG BAGYO AT THIS PAN OF THE YEAR DATI SA BABA O SA COMPOSTELA VALLEY SA ILIGAN MANG TANI MALALAKAS DIN UNA YUNG SENDONG AT TSAKA YUNG MGA BAGYO BUNDOK NAGKAKAMALI 
LOG (lattice-best-path[5.5.896~1-8a59]:main():lattice-best-path.cc:99) For utterance weather031_021, best cost 1961.51 + 146443 = 148404 over 1418 frames.
weather031_021 ANG NANGYAYARI NAMAN KUNG TITINGNAN NATIN YUNG PACIFIC OCEAN MAY MGA BAGYO NA MALAYO PA LANG DITO SA TEN NABUBUO NA KAYA HABANG NA SA MAY KARAGATAN YAN NAKA KAPUSO NG LAKAS LALONG LALO KUNG MASASABAYAN CI NG MAHINANG AMIHAN 
LOG (lattice-best-path[5.5.896~1-8a59]:main():lattice-best-path.cc:99) For utterance weather031_022, best cost 1470.46 + 102207 = 103678 over 966 frames.
weather031_022 KAPAG MAHINA YUNG AMIHAN MO TAPOS NANDITO KAPAL HABAGAT BAGO PUMASOK SA PHILIPPINE AREA OF RESPONSIBILITY ISA KA NA NG GANAP NA BAGYO NANDUN YUNG PAGKAKATAONG LALO CI ANG LUMALAKAS 
LOG (lattice-best-path[5.5.896~1-8a59]:main():lattice-best-path.cc:99) For utterance weather031_023, best cost 3414.66 + 273496 = 276911 over 2611 frames.
weather031_023 NA NANDITO PA LAMANG SA LABAS AH PA YAN AT MAHINA YUNG AMIHAN NIYA I NIYA LUMAKAS EH KAYA NAGING MAPAMINSALA SAMANTALA ITO KASING SIYA SAMUEL DITO NALAMANG SA NAGING TROPICAL DEPRESSION MALAPIT NA TUMAMA SA LUPA KAYA HINDI SA GANUNG KALAKAS PERO YUNG ISANG NAKIKITA NATIN JESSICA AT NAPANSIN MO AND PAGDATING NG LAST QUARTER OF THE YEAR MAS KAKAUNTI YUNG BAGYO PERO MAS MADALAS TUMATAMA YAN KAYA NAGIGING MAS MAPAMINSALA 
LOG (lattice-best-path[5.5.896~1-8a59]:main():lattice-best-path.cc:99) For utterance weather031_024, best cost 2102.4 + 160800 = 162903 over 1483 frames.
weather031_024 O PAR ANG SA PHYSICS DIN MANG TANI NO PAG MAS MARA MAS MAP MALAYO ANG PINANGGAGALINGAN GIWAN NAKAKAPAG DIN CI ANG STRENGTH AT MOMENTUM MAS MALAKAS YUNG PUWERSA NIYA KATULAD NGA NIYA YOLANDA ITONG SI SAMUEL MALAPIT PO SA PILIPINAS NABUO 
LOG (lattice-best-path[5.5.896~1-8a59]:main():lattice-best-path.cc:99) For utterance weather031_025, best cost 2059.96 + 171092 = 173152 over 1642 frames.
weather031_025 YES JESSICA YAN AH MAGIGING AH NIYA POSIBLE SA MAGING ISANG TROPICAL STORM BAHAGYANG LALAKAS BAGO TUMAMA SA KALUPAAN PERO DEFINITELY HINDI SIYA MAGIGING KASING LAKAS LALO MGA NAG AALALA NG ISANG SUPER KAYAT KUNG PO KATULAD NUNG MALA YOLANDANG BAGYO ANG PROBLEMA LANG 
LOG (lattice-best-path[5.5.896~1-8a59]:main():lattice-best-path.cc:99) For utterance weather031_026, best cost 3067.02 + 264910 = 267977 over 2488 frames.
weather031_026 MAS PAPALIT AND YUNG MABABANG BAHAGI YUNG IBABANG BAHAGI NG ATING BANSA KESA YUNG AH TAAS NO KASI TSAKA DOON SA TAAS MERONG KANG CORDILLERA SIERRA MADRE MANG TANI DIYES PAG TUMAMA YUNG BAGYO NA HUMIHINA YUNG EPEKTO MANG TANI DITO SA BABA WALA TAYONG PARANG NA MATINDING CI NA HUMAHARANG DITO KASI PURO MGA PULO PULO O MGA ISLA ITONG MGA DADAANAN NIYA 
LOG (lattice-best-path[5.5.896~1-8a59]:main():lattice-best-path.cc:99) For utterance weather031_027, best cost 1726.01 + 121808 = 123534 over 1183 frames.
weather031_027 DAM EH JESSICA KUNG TITINGNAN NATIN YUNG TRACK O BAGYO NO PAG EH TUMAMA SA MAY DINAGAT ISLAND ANG NANGYAYARI DIYAN JESSICA PO ITO PO SA PO YAN PAGTAMA ALAS ISANG ISLA BABALIK ULIT SA BAGYO 
LOG (lattice-best-path[5.5.896~1-8a59]:main():lattice-best-path.cc:99) For utterance weather031_028, best cost 2381.02 + 187626 = 190007 over 1800 frames.
weather031_028 SO KAHIT PAPAANO MAKAKAIPON NG LAKAS PAG TININGNAN DITO SA PO FORECASTER JESSICA KADA TAMA NYAN SA ISLA DAGAT SA DAGAT POSIBLENG LUMAKAS ULIT TATAMA NA NAMAN SA ISLA DAGAT NAMAN ULIT SO YUNG KANYANG TAMA SA LUPA BABALIK SA DAGAT AT PAPANO NA MAY MAGIGING LAKAS NA 
LOG (lattice-best-path[5.5.896~1-8a59]:main():lattice-best-path.cc:99) For utterance weather031_029, best cost 1729.25 + 137681 = 139411 over 1297 frames.
weather031_029 DI KATULAD KAPAG SA LUZON SA TUMAMA MALIBAN DOON SA BUNDOK NG SIERRA MADRE YUNG MALAKING LANDMASS NG LUZON EH NAKAKATULONG PARA MABAWASAN YUNG PINANGGAGALINGAN IMEDIA NG ENERGY WHICH IS YUNG MOISTURE NA NA SA BAGYO 
LOG (lattice-best-path[5.5.896~1-8a59]:main():lattice-best-path.cc:99) For utterance weather031_030, best cost 1573.02 + 119441 = 121014 over 1108 frames.
weather031_030 LESS AT TSAKA BATAY SA HISTORY TRACK RECORD ITONG MGA BAGYO THIS PAN OF THE YEAR MANG TANI PARANG HULING HIRIT NILA EH KAYA MEDYO NAKAKATAKOT DIN ITONG MGA BAGYO TOWARDS AH END OF THE YEAR 
LOG (lattice-best-path[5.5.896~1-8a59]:main():lattice-best-path.cc:99) For utterance weather031_031, best cost 2613.17 + 175294 = 177907 over 1664 frames.
weather031_031 DIYES SISIKAT SIYA NA NABANGGIT MO ITO PURO HIGHLY POPULATED YUNG BAGYO KASI KAY GAANO KALAKAS PAG TUMAMA DIYAN SA FORTY MAS KAKAUNTI YUNG TAO SO DITO ATING PINAG AH UUSAPAN NGAYON HINDI PO CI EH NAPAKA LAKAS INTENSE OF WIND PERO YUNG ULAN YAN KAYA HINDI NG DAPAT NATING PAG INGATAN 
LOG (lattice-best-path[5.5.896~1-8a59]:main():lattice-best-path.cc:99) For utterance weather031_032, best cost 4159.46 + 302731 = 306890 over 2945 frames.
weather031_032 MARAMING MGA NAKATIRA DIYAN MARAMING YANG MGA TAO DIYAN SA MGA ISLA NA YAN SO YUNG YAN WESTWARD AT MAS AT AT TWENTY GANUNG KALAKAS YUNG HANGING YAN YUNG DALA DALANG ULAN NYAN JESSICA KUNG TITINGNAN MO YUNG MAARI PO FOR THE SA TEN MAS MARAMI YUNG ULAN NA PO LAGING I AT YUNG AH YUNG ORANGE SO IBIG SABIHIN MAS MARAMING LUGAR ANG MAKAKARANAS NUNG MALALAKAS AH PAGULAN LALO NA NGAYONG GABI HANGGANG BUKAS ANG KRITIKAL NATIN JESSICA NGAYONG GABI BUKAS ANG DIYAN SA MIYERKULES NA NG UMAGA 
LOG (lattice-best-path[5.5.896~1-8a59]:main():lattice-best-path.cc:99) For utterance weather031_033, best cost 3731.79 + 306892 = 310624 over 2873 frames.
weather031_033 REGION BAYONG MO NA LANDSLIDE AREA SA NORTHERN LUZON YUNG IBA HINDI NAMAN KALAKASAN PERO NAGKA LANDSLIDE PRE SO YUNG MGA KABABAYAN PO NATIN SA DADAANAN NG NITONG SI BAGYONG SAMUEL NO KAYA'Y IDENTIFIED NAMAN MANG TANI YUNG MGA LANDSLIDE PRONE BATAY SA SIYA HA SA NA NG AH DENR NO MATAGAL NA KUNG MERON YAN SO KUNG MALAPIT O KAYA SA MGA BUNDOK MALAPIT KAYO SA MGA IDENTIFIED NA LANDSLIDE AREA PAG SINABING EVACUATE EVACUATE HO HA 
LOG (lattice-best-path[5.5.896~1-8a59]:main():lattice-best-path.cc:99) For utterance weather031_034, best cost 1330.77 + 90563.1 = 91893.9 over 865 frames.
weather031_034 TAMA YAN JESSICA AT SIYA NO LALONG LALO NA ITONG AH ITONG AH MGA PROBINSYA NA LANDSLIDE PRONE YUNG LEYTE YUNG SA JENNY TED LEYTE BAGYO SA CEBU 
LOG (lattice-best-path[5.5.896~1-8a59]:main():lattice-best-path.cc:99) For utterance weather031_035, best cost 4325.72 + 310695 = 315020 over 3006 frames.
weather031_035 AT ISA KA JESSICA LAST WEEK MAY NAMAN DIYAN ANO PRESSURE AREA HINDI SA BAGYO PERO NAG PAULAN AT NAKA AH TANI NAKARANAS NG BAHA YUNG IBANG LUGAR SA SEVEN PANAY ISLAND AT DIYAN SA MAY AH MINDANAO KAYA BASA PA RIN YUNG LUPA DADAANAN ULIT NG PANIBAGONG BAGYO GABI DALANG ULAN KAYA YUN NGA AH PROBABILITY OR YUNG TSANSA MAG KAROON NG QUEZON AT OF MAGING NA KLASENG EH MAS MATAAS TAYO DAHIL MAY NA PULA NA PO WEATHER SYSTEM NA NAGPAULAN DIYAN ANG ILANG ARAW LALO NA SA VISAYAS JESSICA 
LOG (lattice-best-path[5.5.896~1-8a59]:main():lattice-best-path.cc:99) For utterance weather031_036, best cost 561.905 + 48844.9 = 49406.8 over 442 frames.
weather031_036 MARAMING SALAMAT MANG TANI NATHANIEL CRUZ GMA YUNG RESIDENT METEOROLOGIST 
LOG (lattice-best-path[5.5.896~1-8a59]:main():lattice-best-path.cc:99) For utterance weather031_037, best cost 582.736 + 80207.5 = 80790.2 over 767 frames.
weather031_037 AT YAN ANG LATEST MULA SA GMA WEATHER AKO PO SI NATHANIEL CRUZ MAGPLANO PARA SIGURADO I AM READY SERBISYONG TOTOO NG GMA NEWS 
LOG (lattice-best-path[5.5.896~1-8a59]:main():lattice-best-path.cc:99) For utterance weather029_011, best cost 919.757 + 75002.1 = 75921.9 over 642 frames.
weather029_011 BUKAS NG UMAGA KAPAG NASA DAGAT NA AH CENTRO NG BAGYO POSIBLE AT RIN MAKARANAS NG MALAKAS NA ULAN ANG ZAMBALES 
LOG (lattice-best-path[5.5.896~1-8a59]:main():lattice-best-path.cc:99) For utterance weather029_012, best cost 1182.64 + 125017 = 126199 over 1063 frames.
weather029_012 DITO PO SA METRO MANILA AT NATITIRANG BAHAGI NG LUZON INAASAHAN PO PABABA NA MAY PAMINSAN MINSAN MALAKAS NA BUHOS NG ULAN NGAYONG GABI TULAD NG NARANASAN NATIN KANINANG HAPON 
LOG (lattice-best-path[5.5.896~1-8a59]:main():lattice-best-path.cc:99) For utterance weather029_013, best cost 700.795 + 53019.2 = 53719.9 over 463 frames.
weather029_013 KASAMA LAPU IBA LANG DOBLE INGAT PO TAYO UNDERSCORE NAKAMOTOR ANO 
LOG (lattice-best-path[5.5.896~1-8a59]:main():lattice-best-path.cc:99) For utterance weather029_014, best cost 2261.22 + 197755 = 200016 over 1694 frames.
weather029_014 BUKAS MAKAKAASA PAGITAN NG MAGHAPONG MAULAP AT MAULAN PANAHON SA METRO MANILA PERO INAASAHANG HIHINA ANG U ANG ULAN KUMPARA NGAYONG ARAW LALONG LALO NABUBUO NA DITO NG HAPON O GABI MAKIKITA PO NATIN MALIIT NA ANG PORSYENTO NG PAGULAN NASA SEVENTEEN PERCENT SAAN SIX RIN 
LOG (lattice-best-path[5.5.896~1-8a59]:main():lattice-best-path.cc:99) For utterance weather029_015, best cost 1090.27 + 89658.3 = 90748.6 over 764 frames.
weather029_015 SA VISAYAS AT MINDANAO NAMAN AT SA SA BALITA PAMINSAN MINSANG MAHINA HANGGANG SA KATAMTAMANG ULAN NGAYONG GABI DA SA TROUGH O BUNTOT NG BAGYO 
LOG (lattice-best-path[5.5.896~1-8a59]:main():lattice-best-path.cc:99) For utterance weather029_016, best cost 1341.32 + 114382 = 115724 over 977 frames.
weather029_016 BUKAS INAASAHANG BUBUTI NA PANAHON SA VISAYAS AT MINDANAO MALIBAN LAMANG SA ILOILO BACOLOD AT DITO PO SA NORTHERN MINDANAO NA MINSAN SA TWENTY NG UNDERSCORE SI 
LOG (lattice-best-path[5.5.896~1-8a59]:main():lattice-best-path.cc:99) For utterance weather029_017, best cost 460.652 + 34763.6 = 35224.3 over 295 frames.
weather029_017 YAN BULLETIN NG PANAHON MAG INGAT PO TAYO MGA KAPAMILYA 
LOG (lattice-best-path[5.5.896~1-8a59]:main():lattice-best-path.cc:99) For utterance weather030_001, best cost 778.298 + 59157.7 = 59936 over 521 frames.
weather030_001 MGA KAPUSO BUKAS AH PO MAG LALANDFALL ANG MATA NG BAGYO ROSITA DIYAN SA MAY ISABELA AURORA AREA AT 
LOG (lattice-best-path[5.5.896~1-8a59]:main():lattice-best-path.cc:99) For utterance weather030_002, best cost 522.241 + 37368.3 = 37890.5 over 344 frames.
weather030_002 NASA ILALIM NA RIN ANG SA SIGNALS ANG MALAKING BAHAGI NG LUZON 
LOG (lattice-best-path[5.5.896~1-8a59]:main():lattice-best-path.cc:99) For utterance weather030_003, best cost 204.553 + 17005.4 = 17209.9 over 153 frames.
weather030_003 KABILANG ANG METRO MANILA 
LOG (lattice-best-path[5.5.896~1-8a59]:main():lattice-best-path.cc:99) For utterance weather030_004, best cost 1037.22 + 97338.5 = 98375.7 over 869 frames.
weather030_004 PATAAS YAN ANG AH TROPICAL CYCLONE WARNING SIGNAL GABI THREE DIYAN SA MGA PROBINSYA ISABELA QUIRINO NORTHERN AURORA NUEVA VIZCAYAT IFUGAO 
LOG (lattice-best-path[5.5.896~1-8a59]:main():lattice-best-path.cc:99) For utterance weather030_005, best cost 1050.95 + 74147.2 = 75198.2 over 687 frames.
weather030_005 AT MULA PO NGAYONG GABI MGA KAPUSO AH BUKAS EH NAPAKA SUNGIT CALAYAN PANAHON ANG INAASAHAN DIYAN SA MGA LUGAR NABANGGIT 
LOG (lattice-best-path[5.5.896~1-8a59]:main():lattice-best-path.cc:99) For utterance weather030_006, best cost 2073.4 + 203982 = 206055 over 1884 frames.
weather030_006 SIGNAL NUMBER TWO NAMAN DIYAN SA CAGAYAN ILOCOS NORTE APAYAO ABRA KALINGA ILOCOS OR MO TEN PROVINCE LA UNION BENTE PANGASINAN TARLAC NUEVA ECIJA NORTHERN QUEZON KASAMA ANG POLILLO ISLAND SA GUARD AURORA ZAMBALES PAMPANGA AT BULACAN 
LOG (lattice-best-path[5.5.896~1-8a59]:main():lattice-best-path.cc:99) For utterance weather030_007, best cost 864.057 + 57818.4 = 58682.5 over 523 frames.
weather030_007 PO SUNGIT NA LAGAY NG PANAHON DIN ANG INAASAHAN BUKA TUMAMA GABI HANGGANG BUKAS DIYAN SA MGA PROBINSYA NA YAN 
LOG (lattice-best-path[5.5.896~1-8a59]:main():lattice-best-path.cc:99) For utterance weather030_008, best cost 1459.64 + 152339 = 153798 over 1403 frames.
weather030_008 HABANG SIGNAL NUMBER ONE NAMAN DITO SA METRO MANILA SA BATANES PERO MAP ISLANDS KASAMA ANG BABUYAN GROUP OF ISLANDS RIZAL SOUTHERN QUEZON DIYAN SA MAY LAGUNA BATANGAS BATAAN CAVITE AT CAMARINES NORTE 
LOG (lattice-best-path[5.5.896~1-8a59]:main():lattice-best-path.cc:99) For utterance weather030_009, best cost 823.424 + 73858.6 = 74682 over 687 frames.
weather030_009 MGA ULAN AT BUGSO NG HANGIN NAMAN ANG INAASAHAN SIMULA MAMAYA HANGGANG BUKAS SA MGA NABANGGIT NA LUGAR 
LOG (lattice-best-path[5.5.896~1-8a59]:main():lattice-best-path.cc:99) For utterance weather030_010, best cost 1228.86 + 110007 = 111236 over 1011 frames.
weather030_010 AY SA PAGASA NASA LAYO NA LAMANG THREE HUNDRED TEN KILOMETERS DIYAN SA MAY SILANGAN HILAGANG SILANGAN O EAST NORTH EAST NG CASIGURAN AURORA ANG MATA NG BAGYONG ROSITA 
LOG (lattice-best-path[5.5.896~1-8a59]:main():lattice-best-path.cc:99) For utterance weather030_011, best cost 1721.22 + 159192 = 160913 over 1456 frames.
weather030_011 AT TAGLAY NITO ANG NA PARA LAKAS NG HANGIN AH ONE HUNDRED FIFTY KILOMETERS PER HOUR MULA SA GITNA AT BUGSO NA HANGGANG ONE HUNDRED EIGHTY FIVE KILOMETERS PER HOUR AT KUMIKILOS ITO PAKANLURAN O WESTWARD SA BILIS NAMAN NA FIFTEEN KILOMETERS PER HOUR 
LOG (lattice-best-path[5.5.896~1-8a59]:main():lattice-best-path.cc:99) For utterance weather030_012, best cost 1569.55 + 121086 = 122655 over 1129 frames.
weather030_012 AT SA TRACK NG PAGASA BUKAS AH PO NG UMAGA TATAMA MISAMIS AT ISABELA O NG NORTHERN AURORA AREA YUNG BAGYO AT MAGHAPON DIN ITONG KA KULAY RIN ANG NG NORTHERN LUZON 
LOG (lattice-best-path[5.5.896~1-8a59]:main():lattice-best-path.cc:99) For utterance weather030_013, best cost 2343.54 + 208154 = 210497 over 1917 frames.
weather030_013 AT MGA KAPUSO AT MAGING I AM READY PO SA BANTA NG LANDSLIDE KASAMA NA RITO ANG NA BENTE AT ANG MGA PAGBAHA MAS MALAKAS ULAN LALONG LALO NA TWO SA MGA DADAANAN NG AH BAGYO ITONG ISABELA AURORA YANG QUIRINO NUEVA VIZCAYA IFUGAO BENTE LA UNION AT POSIBLENG ANG PANGASINAN 
LOG (lattice-best-path[5.5.896~1-8a59]:main():lattice-best-path.cc:99) For utterance weather030_014, best cost 2195.02 + 189513 = 191708 over 1744 frames.
weather030_014 PATAAS ANG ALON SA HALOS BUONG LUZON MULA YAN SA MAY AH BATANGAS AH NANDITO SA MAY AH CAGAYAN VALLEY ILOCOS REGION DIYAN SA MAY EASTERN VISAYAS YANG NORTHERN AT ISA SAMAR KASAMA NA ANG EASTERN MINDANAO DAHIL NGA PO YAN SA PINAGSANIB EPEKTO NUNG BAGYO AT NG MALAKAS NA AMIHAN 
LOG (lattice-best-path[5.5.896~1-8a59]:main():lattice-best-path.cc:99) For utterance weather030_015, best cost 1508.55 + 127332 = 128841 over 1159 frames.
weather030_015 MAY BANTA RIN NG STORM SURGE SI DIYAN SA MGA PROBINSYA NA ISABELA CAGAYAN DIYAN SA MAY AURORA ILOCOS SUR ILOCOS NORTE AT NA NGAYONG NA POSIBLENG UMABOT NG AT PONG METRO 
LOG (lattice-best-path[5.5.896~1-8a59]:main():lattice-best-path.cc:99) For utterance weather030_016, best cost 1126.79 + 102051 = 103178 over 924 frames.
weather030_016 HINDI NAMAN APEKTADO NG BAGYO VISAYAS AT MINDANAO PAMILYA KAPUSO AH MALALAKAS ANG ULAN DITO SA MAY LUZON LALONG LALO NA SA NORTHERN AT CENTRAL LUZON 
LOG (lattice-best-path[5.5.896~1-8a59]:main():lattice-best-path.cc:99) For utterance weather030_017, best cost 522.899 + 83319.1 = 83842 over 740 frames.
weather030_017 AT YAN ANG LATEST MULA SA GMA WEATHER AKO PO SI NATHANIEL CRUZ MAGPLANO PARA SIGURADO I AM READY SERBISYONG TOTOO NG GMA NEWS 
LOG (lattice-best-path[5.5.896~1-8a59]:main():lattice-best-path.cc:99) For utterance weather031_001, best cost 1024.37 + 93707.9 = 94732.2 over 851 frames.
weather031_001 ISANG BAGYO ANG NASA LOOB AYON NG PHILIPPINE AREA OF RESPONSIBILITY ANG BAGYONG SAMUEL NA INAASAHANG AT ALA SA ILANG LUGAR SA BANSA 
LOG (lattice-best-path[5.5.896~1-8a59]:main():lattice-best-path.cc:99) For utterance weather031_002, best cost 721.111 + 74844.6 = 75565.7 over 675 frames.
weather031_002 ALAMIN PO NATIN ANG LATEST SA LAGAY NG PANAHON MULA KAY GMA RESIDENT METEOROLOGIST NATHANIEL CRUZ MANG TANI 
LOG (lattice-best-path[5.5.896~1-8a59]:main():lattice-best-path.cc:99) For utterance weather031_003, best cost 709.82 + 60188.3 = 60898.1 over 560 frames.
weather031_003 SALAMAT JESSICA KAPUSO MAGING I AM READY PO SA MAULANG PANAHON ANG MGA TAGA VISAYAS AT MINDANAO 
LOG (lattice-best-path[5.5.896~1-8a59]:main():lattice-best-path.cc:99) For utterance weather031_004, best cost 1065.63 + 68194.1 = 69259.7 over 642 frames.
weather031_004 CEBU LAGING GABI AT TAGAYTAY SA PAPALAPIT NA TROPICAL DEPRESSION SAMUEL ANG UNANG BAGYO SA PINAG AH YUNG NOBYEMBRE 
LOG (lattice-best-path[5.5.896~1-8a59]:main():lattice-best-path.cc:99) For utterance weather031_005, best cost 1210.72 + 114897 = 116108 over 1094 frames.
weather031_005 PAGASA STORM SIGNAL NUMBER ONE DIYAN SA MGA PROBINSYA NA SURIGAO DEL NORTE SURIGAO DEL SUR AGUSAN DEL NORTE AGUSAN DEL SUR DINAGAT ISLAND MISAMIS ORIENTAL AT NAGIGING SA MINDANAO 
LOG (lattice-best-path[5.5.896~1-8a59]:main():lattice-best-path.cc:99) For utterance weather031_006, best cost 1459.22 + 153354 = 154813 over 1508 frames.
weather031_006 SIGNAL NUMBER ONE DIN SA MAY AH SAMAR EASTERN SAMAR BILIRAN LEYTE SAMAR LEYTE DIYAN SA BOHOL CEBU SIQUIJOR NEGROS ORIENTAL AT NEGROS OCCIDENTAL SA VISAYAS AT SA MASBATE SA LUZON 
LOG (lattice-best-path[5.5.896~1-8a59]:main():lattice-best-path.cc:99) For utterance weather031_007, best cost 1704.92 + 160110 = 161815 over 1529 frames.
weather031_007 NAMATAAN ANG CENTRO NG TROPICAL DEPRESSION SAMUEL SA LAYO LAMANG FIVE HUNDRED FIVE KILOMETERS DIYAN SA MAY SILANGAN NG HINATUAN SURIGAO DEL SUR AT TAGLAY NITO LAKAS NG HANGIN NYAN EH TEN FIVE KILOMETERS PER HOUR MALAPIT SA GITNA AT BUGSO NA HANGGANG SIXTY FIVE KILOMETERS PER HOUR 
LOG (lattice-best-path[5.5.896~1-8a59]:main():lattice-best-path.cc:99) For utterance weather031_008, best cost 950.71 + 72872.7 = 73823.4 over 713 frames.
weather031_008 PATI NA SA NA KIKILOS ITO PAHILAGANG KANLURAN O PONG NORTHWEST ANG BILIS NAMAN NA TWENTY FIVE KILOMETERS PER HOUR 
LOG (lattice-best-path[5.5.896~1-8a59]:main():lattice-best-path.cc:99) For utterance weather031_009, best cost 1705.02 + 132264 = 133969 over 1289 frames.
weather031_009 AT SA FORECAST TRACK NG PAGASA EH POSIBLENG TUMAMA DIYAN SA MAY DINAGAT ISLAND O SA MAY AH POSIBLE SA LEYTE ANG AH CENTRO NG BAGYO SAMUEL BUKAS PO YAN AT MAY TSANSA RIN NA LUMAKAS PO ITO BAGO MAG LANDFALL 
LOG (lattice-best-path[5.5.896~1-8a59]:main():lattice-best-path.cc:124) Overall cost per frame is 108.388 = 1.29993 [graph] + 107.088 [acoustic] over 83671 frames.
LOG (lattice-best-path[5.5.896~1-8a59]:main():lattice-best-path.cc:128) Done 66 lattices, failed for 0
# Accounting: time=2 threads=1
# Ended (code 0) at Wed Mar 31 21:47:52 CST 2021, elapsed time 2 seconds
