# lattice-best-path --lm-scale=10 --word-symbol-table=exp/mono/graph/words.txt "ark:gunzip -c exp/mono/decode/lat.*.gz|" ark,t:exp/mono/decode/scoring/10.tra 
# Started at Wed Mar 31 21:47:50 CST 2021
#
lattice-best-path --lm-scale=10 --word-symbol-table=exp/mono/graph/words.txt 'ark:gunzip -c exp/mono/decode/lat.*.gz|' ark,t:exp/mono/decode/scoring/10.tra 
LOG (lattice-best-path[5.5.896~1-8a59]:main():lattice-best-path.cc:99) For utterance weather029_006, best cost 2015.45 + 133842 = 135857 over 1125 frames.
weather029_006 SA MAY AH NASA ONE HUNDRED TEN KILOMETERS SILANGAN NG BALER AURORA ANG BAGYONG PEPITO BAHAGI NG BANSA GUSTINESS SEVENTY FIVE KILOMETERS PER HOUR AT PAGBUGSO O GUSTINESS O NINETY KILOMETERS PER HOUR 
LOG (lattice-best-path[5.5.896~1-8a59]:main():lattice-best-path.cc:99) For utterance weather029_007, best cost 896.242 + 65546.7 = 66442.9 over 553 frames.
weather029_007 BAGYO BUMILIS ANG PAGKILOS NITO SA TWENTY KILOMETERS PER HOUR PATUNGONG WEST NORTHWEST 
LOG (lattice-best-path[5.5.896~1-8a59]:main():lattice-best-path.cc:99) For utterance weather029_008, best cost 1228.11 + 69927.7 = 71155.8 over 578 frames.
weather029_008 SA FORECAST NATIN AT YAN CENTER FOR DIN YUN WINDS WEATHER FORECAST O ECMWF 
LOG (lattice-best-path[5.5.896~1-8a59]:main():lattice-best-path.cc:99) For utterance weather029_009, best cost 1558.71 + 97793.1 = 99351.8 over 814 frames.
weather029_009 NAKIKITANG TUTUMBUKIN ITO ANG AURORA NGAYONG GABI AT AT KANINA CENTRAL LUZON O SOUTHERN PORTION NG NORTHERN LUZON HANGGANG BUKAS NG MADALING ARAW 
LOG (lattice-best-path[5.5.896~1-8a59]:main():lattice-best-path.cc:99) For utterance weather029_010, best cost 2574.22 + 207467 = 210041 over 1806 frames.
weather029_010 INAASAHAN ANG MALAKAS ULAN DIN JENNY SA AURORA ISABELA QUEZON BULACAN TARLAC CAMARINES NORTE JENNY SIYA NUEVA VIZCAYA QUIRINO MAINLAND CAGAYAN CORDILLERA LA UNION ILOCOS SUR TARLAC PAMPANGA BATAAN ZAMBALES AT PANGASINAN 
LOG (lattice-best-path[5.5.896~1-8a59]:main():lattice-best-path.cc:99) For utterance weather031_010, best cost 5242.8 + 278682 = 283925 over 2714 frames.
weather031_010 AT BABAYBAYIN NG BAGYONG SAMUEL ANG NA HALOS BUONG VISAYAS NA MAGDADALA PULA AH MAULANG PANAHON DITO ANG AT TAMA DITO SA MAY DINAGAT ISLAND YAN EH TWENTY MAGBABAGO YUNG KANYANG DIRECTION AY TATAMA DITO DITO SA MAY LEYTE LALO SAMA SAMAR LEYTE POSIBLENG DIYAN SA MAY BOHOL CEBU DIYAN SA MAY NEGROS ISLAND LALO SA MAY NEGROS OCCIDENTAL DADAAN NG ILOILO ANTIQUE EH PAPUNTA NANDYAN PALAWAN AT PAPALABAS NG O PAPUNTA NG WEST PHILIPPINE SEA 
LOG (lattice-best-path[5.5.896~1-8a59]:main():lattice-best-path.cc:99) For utterance weather031_011, best cost 3688.94 + 213245 = 216934 over 2081 frames.
weather031_011 EH MAGING I AM READY PO AH MGA TAGA REHIYON NG CARAGA NORTHERN MINDANAO LALONG LALO AT EASTERN VISAYAS I SAMAR LEYTE PROVINCES SA MAULANG MAGDAMAG NA MAP AH PATULOY MGA KAPUSO HANGGANG BUKAS WELL NAKIKITA NYONG PULA AT AH PINK YAN YUNG MGA MATITINDING PAGULAN NA PWEDENG MARARANASAN SA MALAKING BAHAGI DAGAT VISAYAS BUKAS 
LOG (lattice-best-path[5.5.896~1-8a59]:main():lattice-best-path.cc:99) For utterance weather031_012, best cost 1997.36 + 115767 = 117764 over 1128 frames.
weather031_012 PANAHON DIN MAULAN DIYAN SA MAY AH ZAMBOANGA AT DAVAO REGION AT SA BUONG VISAYAS BUKAS AT MAGING I AM READY PO SA BANTA NAGKA LANDSLIDE AT REST AT SA MINDANAO MALAKAS PAGULAN 
LOG (lattice-best-path[5.5.896~1-8a59]:main():lattice-best-path.cc:99) For utterance weather031_013, best cost 1422.71 + 90135 = 91557.7 over 880 frames.
weather031_013 HABANG SA LUZON APEKTADO NG BAGYO ANG AH BICOL REGION MINDORO MARINDUQUE ROMBLON PERO YAN AY SIMULA NA NABUO SA GABI 
LOG (lattice-best-path[5.5.896~1-8a59]:main():lattice-best-path.cc:99) For utterance weather031_014, best cost 1918.77 + 101983 = 103902 over 986 frames.
weather031_014 MATINDING NAKAKATULONG BAGYO ANG AH NORTHERN AT CENTRAL LUZON NA MABABA LAMANG ANG TSANSANG UMULAN EH MGA MAHIHINANG PAGULAN DEL ISOLATED DIYAN SA MAY QUEZON AURORA PROVINCES 
LOG (lattice-best-path[5.5.896~1-8a59]:main():lattice-best-path.cc:99) For utterance weather031_015, best cost 1362.48 + 82420.5 = 83783 over 803 frames.
weather031_015 AT SA METRO MANILA MAGIGING MAULAP BUKAS PERO HALOS WALANG ULAN NA INAASAHAN DAHIL MGA KAPUSO MALAYO PO TAYO SA CENTRO NG BAGYO 
LOG (lattice-best-path[5.5.896~1-8a59]:main():lattice-best-path.cc:99) For utterance weather031_016, best cost 2366.96 + 112134 = 114501 over 1080 frames.
weather031_016 PAGASA MAHAL SA MGA LUGAR NA MAY SIGNAL YUNG MAY KULAY YAN ASUL NA YAN KASAMA NA ANG AH DAVAO ORIENTAL AT OCCIDENTAL NA ULAN SIGNAL PERO MALAKAS DIN NA SA MGA PAGALON JESSICA 
LOG (lattice-best-path[5.5.896~1-8a59]:main():lattice-best-path.cc:99) For utterance weather031_017, best cost 2896.08 + 166036 = 168933 over 1550 frames.
weather031_017 MANG TANI ITO NA YUNG EPEKTO NG AMIHAN NO YUNG MGA BAGYO AY BIGLANG SA MABABANG PARTE NA NAMAN PILIPINAS TUMATAMA YUNG HABAGAT SA MEDYO MATAAS DIN PO PABABA NG PABABA AMIHAN ONE O ONE MANG TANI ANO BANG PAGKAKAIBA NITO AMIHAN SA HABAGAT 
LOG (lattice-best-path[5.5.896~1-8a59]:main():lattice-best-path.cc:99) For utterance weather031_018, best cost 7615.66 + 475296 = 482912 over 4658 frames.
weather031_018 PERO GANUN YUNG AH AMIHAN JESSICA YAN AY TUYONG HANGIN WALANG MASYADONG MOISTURE PERO MAPAPANSIN MO YUNG BAGYO MALAPIT NA PERO HALOS HINDI PA RAMDAM YUNG MGA PAGULAN KUNG TITINGNAN MO YUNG RAINFALL MAP JESSICA YUNG AH PULA NA DARATING DITO SA TEN YUNG AH MAMAYANG GABI HALOS NANDYAN YUNG BAGYO PERO AH HINDI PA RAMDAM YUNG ULAN AT YAN YUNG NA YUNG HANGING AMIHAN YUNG NORTHERN SA AY NG BAGYO ANG MAS MAULAN KUMPARA DITO SA MAY SOUTHERN PART HINDI KATULAD PAG HANGING HABAGAT JESSICA NA MAY SOUTHWEST YUNG BAGYO KAHIT NANDITO SA MAY AT ISA SECTION MAULAN DIYAN SA MAY WESTERN SA RIN PO YUNG AH WESTERN SIDE NG BAGYO DAHIL NGA YUNG AH HABAGAT NATIN MAS MARAMING MOISTURE 
LOG (lattice-best-path[5.5.896~1-8a59]:main():lattice-best-path.cc:99) For utterance weather031_019, best cost 2002.33 + 116035 = 118037 over 1111 frames.
weather031_019 SO PAGKAKAIBA JESSICA PAGDATING SA AMIHAN HALOS WALANG MOISTURE KAYA HINDI NAGPAPALAKAS NG BAGYO YAN SAMANTALANG HABAGAT ANG MARAMING DALANG TUBIG SA NAMAN EH NAGPAPALAKAS NG BAGYO 
LOG (lattice-best-path[5.5.896~1-8a59]:main():lattice-best-path.cc:99) For utterance weather031_020, best cost 2320.46 + 141335 = 143655 over 1336 frames.
weather031_020 KAYA LANG YUNG MGA TUMAMANG BAGYO AT THIS TIME OF THE YEAR DATI SA BABA O SA COMPOSTELA VALLEY SA ILIGAN MANG TANI MALALAKAS DIN YUNG SENDONG AT TSAKA YUNG MGA BAGYO BUNDOK NAGKAKAMALI 
LOG (lattice-best-path[5.5.896~1-8a59]:main():lattice-best-path.cc:99) For utterance weather031_021, best cost 2526.35 + 146672 = 149198 over 1418 frames.
weather031_021 ANG NANGYAYARI NAMAN KUNG TITINGNAN NATIN YUNG PACIFIC OCEAN MAY MGA BAGYO NA MALAYO PA LANG DITO SA ATIN NABUBUO NA KAYA HABANG NASA MAY KARAGATAN YAN NAKAKAKUHA SA NG LAKAS LALONG LALO KUNG MASASABAYAN SA NG MAHINANG AMIHAN 
LOG (lattice-best-path[5.5.896~1-8a59]:main():lattice-best-path.cc:99) For utterance weather031_022, best cost 2000.4 + 102288 = 104288 over 966 frames.
weather031_022 KAPAG MAHINA YUNG AMIHAN MO TAPOS NANDITO KA PA LAMANG AH BAGO PUMASOK SA PHILIPPINE AREA OF RESPONSIBILITY ISA KA NA GANAP NA BAGYO NANDUN YUNG PAGKAKATAONG LALO CI ANG LUMALAKAS 
LOG (lattice-best-path[5.5.896~1-8a59]:main():lattice-best-path.cc:99) For utterance weather031_023, best cost 4725.25 + 273631 = 278357 over 2611 frames.
weather031_023 NA NANDITO PA LAMANG SA LUPA SA PA YAN AT MAHINA YUNG AMIHAN NA MAY AH LUMAKAS EH KAYA NAGING MAPAMINSALA SAMANTALA ITO KASING SIYA SAMUEL DITO NALAMANG SA NAGING TROPICAL DEPRESSION MALAPIT NA TUMAMA SA LUPA KAYA HINDI SA GANUNG KALAKAS PERO YUNG ISANG NAKIKITA NATIN JESSICA AT NAPANSIN MO AND PAGDATING NG LAST QUARTER OF THE YEAR MAS KAKAUNTI YUNG BAGYO PERO MAS MADALAS TUMATAMA YAN KAYA NAGIGING MAS MAPAMINSALA 
LOG (lattice-best-path[5.5.896~1-8a59]:main():lattice-best-path.cc:99) For utterance weather031_024, best cost 2804.03 + 160985 = 163789 over 1483 frames.
weather031_024 O PARANG AS PHYSICS DIN MANG TANI NO PAG MAS MARA MAS MAP MALAYO ANG PINANGGAGALINGAN GIWAN NAKAKAPAG DIN SA NG STRENGTH AT MOMENTUM MAS MALAKAS YUNG PUWERSA NIYA KATULAD NGA NIYA YOLANDA ITONG SI SAMUEL MALAPIT PO SA PILIPINAS NABUO 
LOG (lattice-best-path[5.5.896~1-8a59]:main():lattice-best-path.cc:99) For utterance weather031_025, best cost 2921.18 + 171110 = 174031 over 1642 frames.
weather031_025 YES JESSICA YAN ANG MAGIGING AH NIYA POSIBLE SA MAGING ISANG TROPICAL STORM BAHAGYANG LALAKAS BAGO TUMAMA SA KALUPAAN PERO DEFINITELY HINDI SIYA MAGIGING KASING LAKAS LALO MGA NAG AALALA NG ISANG SUPER KAYAT KUNG PO KATULAD NUNG MALA YOLANDANG BAGYO ANG PROBLEMA LANG 
LOG (lattice-best-path[5.5.896~1-8a59]:main():lattice-best-path.cc:99) For utterance weather031_026, best cost 4247.07 + 265024 = 269271 over 2488 frames.
weather031_026 MAS PAPALIT AND YUNG MABABANG BAHAGI YUNG IBABANG BAHAGI NG ATING BANSA KESA YUNG AH TAAS NO KASI TSAKA DOON SA TAAS MERONG KANG CORDILLERA SIERRA MADRE MANG TANI DIYES PAG TUMAMA YUNG BAGYO NA HUMIHINA YUNG EPEKTO MANG TANI DITO SA BABA WALA TAYONG PARANG AH MATINDING CI NA HUMAHARANG DITO KASI PURO MGA PULO-PULONG MGA ISLA ITONG MGA DADAANAN NIYA 
LOG (lattice-best-path[5.5.896~1-8a59]:main():lattice-best-path.cc:99) For utterance weather031_027, best cost 2386.71 + 121875 = 124262 over 1183 frames.
weather031_027 TAMA YAN JESSICA KUNG TITINGNAN NATIN YUNG TRACK O BAGYO NO PAG EH TUMAMA SA MAY DINAGAT ISLAND ANG NANGYAYARI DIYAN JESSICA KUNG IKOCLOSE AT PO YAN PAGTAMA ALAS ISANG ISLA BABALIK ULIT SA BAGYO 
LOG (lattice-best-path[5.5.896~1-8a59]:main():lattice-best-path.cc:99) For utterance weather031_028, best cost 3401.45 + 187626 = 191027 over 1800 frames.
weather031_028 SO KAHIT PAPAANO MAKAKAIPON NG LAKAS PAG TININGNAN DITO SA PO FORECASTER JESSICA KADA TAMA NYAN SA ISLA DAGAT SA DAGAT POSIBLENG LUMAKAS ULIT TATAMA NA NAMAN SA ISLA DAGAT NAMAN ULIT SO YUNG KANYANG TAMA SA LUPA BABALIK SA DAGAT AT PAPANO NA MAY MAGIGING LAKAS NA 
LOG (lattice-best-path[5.5.896~1-8a59]:main():lattice-best-path.cc:99) For utterance weather031_029, best cost 2403.01 + 137733 = 140136 over 1297 frames.
weather031_029 DI KATULAD KAPAG SA LUZON SA TUMAMA MALIBAN DOON SA BUNDOK NG SIERRA MADRE YUNG MALAKING LANDMASS NG LUZON EH NAKAKATULONG PARA MABAWASAN YUNG PINANGGAGALINGAN IMEDIA NG ENERGY WHICH IS YUNG MOISTURE NA MASBATE 
LOG (lattice-best-path[5.5.896~1-8a59]:main():lattice-best-path.cc:99) For utterance weather031_030, best cost 1950.95 + 119675 = 121626 over 1108 frames.
weather031_030 JESSICA TSAKA BATAY SA HISTORY TRACK RECORD NITONG MGA BAGYO THIS TIME OF THE YEAR MANG TANI PARANG HULING HIRIT NILA EH KAYA MEDYO NAKAKATAKOT DIN ITONG MGA BAGYO TOWARDS AH END OF THE YEAR 
LOG (lattice-best-path[5.5.896~1-8a59]:main():lattice-best-path.cc:99) For utterance weather031_031, best cost 3212.71 + 175741 = 178954 over 1664 frames.
weather031_031 YES JESSICA AT YAN NABANGGIT MO ITO PURO HIGHLY POPULATED YUNG BAGYO KASI KAHIT GAANO KALAKAS PAG TUMAMA DIYAN SA NORTE MAS KAKAUNTI YUNG TAO SO ITONG ATING PINAG AH UUSAPAN NGAYON HINDI PO SA NAGPAPALAKAS IN TERMS OF WIND PERO YUNG ULAN YAN KAYA HINDI NG DAPAT NATING PAG INGATAN 
LOG (lattice-best-path[5.5.896~1-8a59]:main():lattice-best-path.cc:99) For utterance weather031_032, best cost 5657.16 + 302968 = 308625 over 2945 frames.
weather031_032 MARAMING MGA NAKATIRA DIYAN MARAMING YANG MGA TAO DIYAN SA MGA ISLA NA YAN SO YUNG AH WESTWARD AT MAS AT AT TWENTY GANUNG KALAKAS YUNG HANGING YAN YUNG DALA DALANG ULAN NYAN JESSICA KUNG TITINGNAN MO YUNG NAMAN PO FOR SA TEN MAS MARAMI YUNG ULAN NA PULA YUNG PINK AT YUNG AH YUNG ORANGE SO IBIG SABIHIN MAS MARAMING LUGAR ANG MAKAKARANAS NUNG MALALAKAS NA PAGULAN LALO NA NGAYONG GABI HANGGANG BUKAS ANG KRITIKAL NATIN JESSICA NGAYONG GABI BUKAS HANGGANG SA MIYERKULES NA NG UMAGA 
LOG (lattice-best-path[5.5.896~1-8a59]:main():lattice-best-path.cc:99) For utterance weather031_033, best cost 5030.14 + 307136 = 312167 over 2873 frames.
weather031_033 REGION BAYONG MO NA LANDSLIDE AREA SA NORTHERN LUZON YUNG IBA HINDI NAMAN KALAKASAN PERO NAGKA LANDSLIDE PA RIN SO YUNG MGA KABABAYAN PO NATIN SA DADAANAN NG NITONG SI BAGYONG SAMUEL NO KAYA'Y IDENTIFIED NAMAN MANG TANI YUNG MGA LANDSLIDE PRONE BATAY SA DIYAN SA NA NG AH DENR NO MATAGAL NA KUNG MERON YAN SO KUNG MALAPIT KAYO SA MGA BUNDOK MALAPIT KAYO SA MGA IDENTIFIED NA LANDSLIDE AREA PAG SINABING EVACUATE EVACUATE HO HA 
LOG (lattice-best-path[5.5.896~1-8a59]:main():lattice-best-path.cc:99) For utterance weather031_034, best cost 1700.65 + 90740.7 = 92441.3 over 865 frames.
weather031_034 TAMA YAN JESSICA AT MINDANAO LALONG LALO NA ITONG AH ITONG AH MGA PROBINSYA NA LANDSLIDE PRONE YUNG LEYTE YUNG SAMAR LEYTE LEYTE MAGING SA CEBU 
LOG (lattice-best-path[5.5.896~1-8a59]:main():lattice-best-path.cc:99) For utterance weather031_035, best cost 5769.16 + 311039 = 316808 over 3006 frames.
weather031_035 AT ISA KA JESSICA LAST WEEK MAY NAMAN DIYAN ANO PRESSURE AREA HINDI SA BAGYO PERO NAG PAULAN AT NAKAKATULONG NAKARANAS NG BAHA YUNG IBANG LUGAR SA SA MAY PANAY ISLAND AT DIYAN SA MAY AH MINDANAO KAYA BASA PA RIN YUNG LUPA DADAANAN ULIT NG PANIBAGONG BAGYO GABI DALANG ULAN KAYA YUNG AH AH PROBABILITY OR YUNG TSANSA MAG KAROON NG LAST NA PO NATIN AT LANDSLIDE EH MAS MATAAS NGAYON DAHIL MAY NAUNA NA PO WEATHER SYSTEM NA NAGPAULAN DIYAN ANG ILANG ARAW LALO NA SA VISAYAS JESSICA 
LOG (lattice-best-path[5.5.896~1-8a59]:main():lattice-best-path.cc:99) For utterance weather031_036, best cost 802.721 + 48844.9 = 49647.6 over 442 frames.
weather031_036 MARAMING SALAMAT MANG TANI NATHANIEL CRUZ GMA YUNG RESIDENT METEOROLOGIST 
LOG (lattice-best-path[5.5.896~1-8a59]:main():lattice-best-path.cc:99) For utterance weather031_037, best cost 832.48 + 80207.5 = 81039.9 over 767 frames.
weather031_037 AT YAN ANG LATEST MULA SA GMA WEATHER AKO PO SI NATHANIEL CRUZ MAGPLANO PARA SIGURADO I AM READY SERBISYONG TOTOO NG GMA NEWS 
LOG (lattice-best-path[5.5.896~1-8a59]:main():lattice-best-path.cc:99) For utterance weather029_011, best cost 1282.67 + 75024.5 = 76307.2 over 642 frames.
weather029_011 BUKAS NG UMAGA KAPAG NASA DAGAT NA ANG CENTRO NG BAGYO POSIBLE AT RIN MAKARANAS NG MALAKAS NA ULAN ANG ZAMBALES 
LOG (lattice-best-path[5.5.896~1-8a59]:main():lattice-best-path.cc:99) For utterance weather029_012, best cost 1661.17 + 125040 = 126701 over 1063 frames.
weather029_012 DITO PO SA METRO MANILA AT NATITIRANG BAHAGI NG LUZON INAASAHAN KATAMTAMAN NA MAY PAMINSAN MINSAN MALAKAS NA BUHOS NG ULAN NGAYONG GABI TULAD NG NARANASAN NATIN KANINANG HAPON 
LOG (lattice-best-path[5.5.896~1-8a59]:main():lattice-best-path.cc:99) For utterance weather029_013, best cost 1001.14 + 53019.2 = 54020.3 over 463 frames.
weather029_013 KASAMA LAPU IBA LANG DOBLE INGAT PO TAYO UNDERSCORE NAKAMOTOR ANO 
LOG (lattice-best-path[5.5.896~1-8a59]:main():lattice-best-path.cc:99) For utterance weather029_014, best cost 3149.9 + 197829 = 200979 over 1694 frames.
weather029_014 BUKAS MAKAKAASA PAGITAN NG MAGHAPONG MAULAP AT MAULAN PANAHON SA METRO MANILA PERO INAASAHANG HIHINA ANG U ANG ULAN KUMPARA NGAYONG ARAW LALONG LALO NA PO PO NATIN PO NG HAPON O GABI MAKIKITA PO NATIN MALIIT NA ANG PORSYENTO NG PAGULAN NASA SEVENTEEN PERCENT SA SIX RIN 
LOG (lattice-best-path[5.5.896~1-8a59]:main():lattice-best-path.cc:99) For utterance weather029_015, best cost 1467.6 + 89731.5 = 91199.1 over 764 frames.
weather029_015 SA VISAYAS AT MINDANAO NAMAN AT SA SA PAGITAN PAMINSAN MINSANG MAHINA HANGGANG SA KATAMTAMANG ULAN NGAYONG GABI DIYAN SA TROUGH O BUNTOT NG BAGYO 
LOG (lattice-best-path[5.5.896~1-8a59]:main():lattice-best-path.cc:99) For utterance weather029_016, best cost 1716.79 + 114530 = 116246 over 977 frames.
weather029_016 BUKAS INAASAHANG BUBUTI NA PANAHON SA VISAYAS AT MINDANAO MALIBAN LAMANG SA ILOILO BACOLOD AT DITO PO SA NORTHERN MINDANAO PAMINSAN SA TWENTY NG THUNDERSTORMS 
LOG (lattice-best-path[5.5.896~1-8a59]:main():lattice-best-path.cc:99) For utterance weather029_017, best cost 658.075 + 34763.6 = 35421.7 over 295 frames.
weather029_017 YAN BULLETIN NG PANAHON MAG INGAT PO TAYO MGA KAPAMILYA 
LOG (lattice-best-path[5.5.896~1-8a59]:main():lattice-best-path.cc:99) For utterance weather030_001, best cost 1092.19 + 59173.8 = 60266 over 521 frames.
weather030_001 MGA KAPUSO BUKAS AT PO MAG LALANDFALL ANG MATA NG BAGYO ROSITA DIYAN SA MAY ISABELA AURORA AREA AT 
LOG (lattice-best-path[5.5.896~1-8a59]:main():lattice-best-path.cc:99) For utterance weather030_002, best cost 746.059 + 37368.3 = 38114.3 over 344 frames.
weather030_002 NASA ILALIM NA RIN ANG SA SIGNALS ANG MALAKING BAHAGI NG LUZON 
LOG (lattice-best-path[5.5.896~1-8a59]:main():lattice-best-path.cc:99) For utterance weather030_003, best cost 292.219 + 17005.4 = 17297.6 over 153 frames.
weather030_003 KABILANG ANG METRO MANILA 
LOG (lattice-best-path[5.5.896~1-8a59]:main():lattice-best-path.cc:99) For utterance weather030_004, best cost 1365.31 + 97429.5 = 98794.8 over 869 frames.
weather030_004 PATAAS YAN ANG AH TROPICAL CYCLONE WARNING SIGNAL NUMBER THREE DIYAN SA MGA PROBINSYA ISABELA QUIRINO NORTHERN AURORA NUEVA VIZCAYAT IFUGAO 
LOG (lattice-best-path[5.5.896~1-8a59]:main():lattice-best-path.cc:99) For utterance weather030_005, best cost 1427.32 + 74215 = 75642.3 over 687 frames.
weather030_005 AT MULA PO NGAYONG GABI MGA KAPUSO AH BUKAS EH NAPAKA SUNGIT NA LAGAY NG PANAHON ANG INAASAHAN DIYAN SA MGA LUGAR NABANGGIT 
LOG (lattice-best-path[5.5.896~1-8a59]:main():lattice-best-path.cc:99) For utterance weather030_006, best cost 2812.31 + 204103 = 206915 over 1884 frames.
weather030_006 SIGNAL NUMBER TWO NAMAN DIYAN SA CAGAYAN ILOCOS NORTE APAYAO ABRA KALINGA ILOCOS OR MO TEN PROVINCE LA UNION BENTE PANGASINAN TARLAC NUEVA ECIJA NORTHERN QUEZON KASAMA ANG POLILLO ISLAND SOUTHERN AURORA ZAMBALES PAMPANGA AT BULACAN 
LOG (lattice-best-path[5.5.896~1-8a59]:main():lattice-best-path.cc:99) For utterance weather030_007, best cost 1061.87 + 57956.2 = 59018.1 over 523 frames.
weather030_007 MASUNGIT NA LAGAY NG PANAHON DIN ANG INAASAHAN BUKA O MAMAYANG GABI HANGGANG BUKAS DIYAN SA MGA PROBINSYA NA YAN 
LOG (lattice-best-path[5.5.896~1-8a59]:main():lattice-best-path.cc:99) For utterance weather030_008, best cost 1923.11 + 152466 = 154389 over 1403 frames.
weather030_008 HABANG SIGNAL NUMBER ONE NAMAN DITO SA METRO MANILA SA BATANES GROUP OF ISLANDS KASAMA ANG BABUYAN GROUP OF ISLANDS RIZAL SOUTHERN QUEZON DIYAN SA MAY LAGUNA BATANGAS BATAAN CAVITE AT CAMARINES NORTE 
LOG (lattice-best-path[5.5.896~1-8a59]:main():lattice-best-path.cc:99) For utterance weather030_009, best cost 1176.32 + 73858.6 = 75034.9 over 687 frames.
weather030_009 MGA ULAN AT BUGSO NG HANGIN NAMAN ANG INAASAHAN SIMULA MAMAYA HANGGANG BUKAS SA MGA NABANGGIT NA LUGAR 
LOG (lattice-best-path[5.5.896~1-8a59]:main():lattice-best-path.cc:99) For utterance weather030_010, best cost 1755.52 + 110007 = 111763 over 1011 frames.
weather030_010 AY SA PAGASA NASA LAYO NA LAMANG THREE HUNDRED TEN KILOMETERS DIYAN SA MAY SILANGAN HILAGANG SILANGAN O EAST NORTH EAST NG CASIGURAN AURORA ANG MATA NG BAGYONG ROSITA 
LOG (lattice-best-path[5.5.896~1-8a59]:main():lattice-best-path.cc:99) For utterance weather030_011, best cost 2312.31 + 159310 = 161622 over 1456 frames.
weather030_011 AT TAGLAY NITO ANG NAPAKA LAKAS NG HANGIN AH ONE HUNDRED FIFTY KILOMETERS PER HOUR MALAPIT SA GITNA AT BUGSO NA HANGGANG ONE HUNDRED EIGHTY FIVE KILOMETERS PER HOUR AT KUMIKILOS ITO PAKANLURAN O WESTWARD SA BILIS NAMAN NA FIFTEEN KILOMETERS PER HOUR 
LOG (lattice-best-path[5.5.896~1-8a59]:main():lattice-best-path.cc:99) For utterance weather030_012, best cost 2039.63 + 121265 = 123305 over 1129 frames.
weather030_012 AT SA TRACK NG PAGASA BUKAS PO NG UMAGA TATAMA MISAMIS AT ISABELA O NORTHERN AURORA AREA YUNG BAGYO AT MAGHAPON DIN ITONG PAPAULAN ANG NORTHERN LUZON 
LOG (lattice-best-path[5.5.896~1-8a59]:main():lattice-best-path.cc:99) For utterance weather030_013, best cost 3098.5 + 208366 = 211465 over 1917 frames.
weather030_013 AT MGA KAPUSO AT MAGING I AM READY PO SA BANTA NG LANDSLIDE KASAMA NA RITO ANG NA BENTE AT ANG MGA PAGBAHA MAS MALAKAS ULAN LALONG LALO NA SA MGA DADAANAN MGA BAGYO ITONG ISABELA AURORA YANG QUIRINO NUEVA VIZCAYA IFUGAO BENGUET LA UNION AT POSIBLENG ANG PANGASINAN 
LOG (lattice-best-path[5.5.896~1-8a59]:main():lattice-best-path.cc:99) For utterance weather030_014, best cost 3026.89 + 189614 = 192641 over 1744 frames.
weather030_014 PATAAS ANG ALON SA HALOS BUONG LUZON MULA YAN SA MAY AH BATANGAS HANGGANG DITO SA MAY AH CAGAYAN VALLEY ILOCOS REGION DIYAN SA MAY EASTERN VISAYAS YANG NORTHERN AT ISA SAMAR KASAMA NA ANG EASTERN MINDANAO DAHIL NGA PO YAN SA PINAGSANIB NA EPEKTO NUNG BAGYO AT NG MALAKAS NA AMIHAN 
LOG (lattice-best-path[5.5.896~1-8a59]:main():lattice-best-path.cc:99) For utterance weather030_015, best cost 1958.93 + 127479 = 129438 over 1159 frames.
weather030_015 MAY BANTA RIN NG STORM SURGE SI DIYAN SA MGA PROBINSYA NA ISABELA CAGAYAN DIYAN SA MAY AURORA ILOCOS SUR ILOCOS NORTE AT LA UNION NA POSIBLENG UMABOT NG TATLONG METRO 
LOG (lattice-best-path[5.5.896~1-8a59]:main():lattice-best-path.cc:99) For utterance weather030_016, best cost 1504.37 + 102142 = 103647 over 924 frames.
weather030_016 HINDI NAMAN APEKTADO NG BAGYO VISAYAS AT MINDANAO PAMILYA KAPUSO MALALAKAS NA ULAN DITO SA MAY LUZON LALONG LALO NA SA NORTHERN AT CENTRAL LUZON 
LOG (lattice-best-path[5.5.896~1-8a59]:main():lattice-best-path.cc:99) For utterance weather030_017, best cost 746.999 + 83319.1 = 84066.1 over 740 frames.
weather030_017 AT YAN ANG LATEST MULA SA GMA WEATHER AKO PO SI NATHANIEL CRUZ MAGPLANO PARA SIGURADO I AM READY SERBISYONG TOTOO NG GMA NEWS 
LOG (lattice-best-path[5.5.896~1-8a59]:main():lattice-best-path.cc:99) For utterance weather031_001, best cost 1258.71 + 93877.5 = 95136.2 over 851 frames.
weather031_001 ISANG BAGYO ANG NASA LOOB NGAYON NG PHILIPPINE AREA OF RESPONSIBILITY ANG BAGYONG SAMUEL NA INAASAHANG TATAMA SA ILANG LUGAR SA BANSA 
LOG (lattice-best-path[5.5.896~1-8a59]:main():lattice-best-path.cc:99) For utterance weather031_002, best cost 1030.16 + 74844.6 = 75874.7 over 675 frames.
weather031_002 ALAMIN PO NATIN ANG LATEST SA LAGAY NG PANAHON MULA KAY GMA RESIDENT METEOROLOGIST NATHANIEL CRUZ MANG TANI 
LOG (lattice-best-path[5.5.896~1-8a59]:main():lattice-best-path.cc:99) For utterance weather031_003, best cost 1014.03 + 60188.3 = 61202.4 over 560 frames.
weather031_003 SALAMAT JESSICA KAPUSO MAGING I AM READY PO SA MAULANG PANAHON ANG MGA TAGA VISAYAS AT MINDANAO 
LOG (lattice-best-path[5.5.896~1-8a59]:main():lattice-best-path.cc:99) For utterance weather031_004, best cost 1389.28 + 68320 = 69709.3 over 642 frames.
weather031_004 SIMULA NGAYONG GABI AT TAGAYTAY SA PAPALAPIT NA TROPICAL DEPRESSION SAMUEL ANG UNANG BAGYO SA PINAG YUNG NOBYEMBRE 
LOG (lattice-best-path[5.5.896~1-8a59]:main():lattice-best-path.cc:99) For utterance weather031_005, best cost 1670.43 + 114951 = 116621 over 1094 frames.
weather031_005 PAGASA STORM SIGNAL NUMBER ONE DIYAN SA MGA PROBINSYA NA SURIGAO DEL NORTE SURIGAO DEL SUR AGUSAN DEL NORTE AGUSAN DEL SUR DINAGAT ISLAND MISAMIS ORIENTAL AT CAMIGUIN SA MINDANAO 
LOG (lattice-best-path[5.5.896~1-8a59]:main():lattice-best-path.cc:99) For utterance weather031_006, best cost 2030.81 + 153397 = 155428 over 1508 frames.
weather031_006 SIGNAL NUMBER ONE DIN SA MAY AH SAMAR EASTERN SAMAR BILIRAN LEYTE SOUTHERN LEYTE DIYAN SA BOHOL CEBU SIQUIJOR NEGROS ORIENTAL AT NEGROS OCCIDENTAL SA VISAYAS AT SA MASBATE SA LUZON 
LOG (lattice-best-path[5.5.896~1-8a59]:main():lattice-best-path.cc:99) For utterance weather031_007, best cost 2344.82 + 160182 = 162527 over 1529 frames.
weather031_007 NAMATAAN ANG CENTRO NG TROPICAL DEPRESSION SAMUEL SA LAYO LAMANG FIVE HUNDRED FIVE KILOMETERS DIYAN SA MAY SILANGAN NG HINATUAN SURIGAO DEL SUR AT TAGLAY NITO LAKAS NG HANGIN NYAN FIFTY FIVE KILOMETERS PER HOUR MALAPIT SA GITNA AT BUGSO NA HANGGANG SIXTY FIVE KILOMETERS PER HOUR 
LOG (lattice-best-path[5.5.896~1-8a59]:main():lattice-best-path.cc:99) For utterance weather031_008, best cost 1209.32 + 72992.6 = 74201.9 over 713 frames.
weather031_008 PATI NA SA NA KIKILOS ITO PAHILAGANG KANLURAN O NORTHWEST SA BILIS NAMAN NA TWENTY FIVE KILOMETERS PER HOUR 
LOG (lattice-best-path[5.5.896~1-8a59]:main():lattice-best-path.cc:99) For utterance weather031_009, best cost 2352.21 + 132331 = 134683 over 1289 frames.
weather031_009 AT SA FORECAST TRACK NG PAGASA EH POSIBLENG TUMAMA DIYAN SA MAY DINAGAT ISLAND O SA MAY AH POSIBLE SA LEYTE ANG AH CENTRO NG BAGYONG SAMUEL BUKAS PO YAN AT MAY TSANSA RIN NALAMANG SA ITO BAGO MAG LANDFALL 
LOG (lattice-best-path[5.5.896~1-8a59]:main():lattice-best-path.cc:124) Overall cost per frame is 108.928 = 1.75755 [graph] + 107.17 [acoustic] over 83671 frames.
LOG (lattice-best-path[5.5.896~1-8a59]:main():lattice-best-path.cc:128) Done 66 lattices, failed for 0
# Accounting: time=2 threads=1
# Ended (code 0) at Wed Mar 31 21:47:52 CST 2021, elapsed time 2 seconds
