# lattice-best-path --lm-scale=8 --word-symbol-table=exp/mono/graph/words.txt "ark:gunzip -c exp/mono/decode/lat.*.gz|" ark,t:exp/mono/decode/scoring/8.tra 
# Started at Wed Mar 31 21:47:50 CST 2021
#
lattice-best-path --lm-scale=8 --word-symbol-table=exp/mono/graph/words.txt 'ark:gunzip -c exp/mono/decode/lat.*.gz|' ark,t:exp/mono/decode/scoring/8.tra 
LOG (lattice-best-path[5.5.896~1-8a59]:main():lattice-best-path.cc:99) For utterance weather029_006, best cost 1706.75 + 133734 = 135441 over 1125 frames.
weather029_006 SA MAY AH NASA ONE HUNDRED TEN KILOMETERS SILANGAN NG BALER AURORA ANG BAGYONG PEPITO CARAGA NG BANSA GUSTINESS SA PONG FIVE KILOMETERS PER HOUR AT PAGBUGSO O GUSTINESS O NINETY KILOMETERS PER HOUR 
LOG (lattice-best-path[5.5.896~1-8a59]:main():lattice-best-path.cc:99) For utterance weather029_007, best cost 787.381 + 65469.8 = 66257.2 over 553 frames.
weather029_007 BHAGYA BUMILIS ANG PAGKILOS ITO SA TWENTY KILOMETERS PER HOUR PATUNGONG WEST NORTHWEST 
LOG (lattice-best-path[5.5.896~1-8a59]:main():lattice-best-path.cc:99) For utterance weather029_008, best cost 982.489 + 69927.7 = 70910.2 over 578 frames.
weather029_008 SA FORECAST NATIN AT YAN CENTER FOR DIN YUN WINDS WEATHER FORECAST O ECMWF 
LOG (lattice-best-path[5.5.896~1-8a59]:main():lattice-best-path.cc:99) For utterance weather029_009, best cost 1246.97 + 97793.1 = 99040 over 814 frames.
weather029_009 NAKIKITANG TUTUMBUKIN ITO ANG AURORA NGAYONG GABI AT AT KANINA CENTRAL LUZON O SOUTHERN PORTION NG NORTHERN LUZON HANGGANG BUKAS NG MADALING ARAW 
LOG (lattice-best-path[5.5.896~1-8a59]:main():lattice-best-path.cc:99) For utterance weather029_010, best cost 2153.19 + 207368 = 209522 over 1806 frames.
weather029_010 INAASAHAN ANG MALAKAS ULAN DIN JENNY SA AURORA ISABELA QUEZON BULACAN TARLAC CAMARINES NORTE JENNY SIYA NUEVA VIZCAYA QUIRINO ILANG CAGAYAN CORDILLERA LA UNION ILOCOS SUR TARLAC PAMPANGA BATAAN ZAMBALES AT PANGASINAN 
LOG (lattice-best-path[5.5.896~1-8a59]:main():lattice-best-path.cc:99) For utterance weather031_010, best cost 4414.41 + 278437 = 282851 over 2714 frames.
weather031_010 AT BABAYBAYIN NG BAGYO SAMUEL ANG NA HALOS BUONG VISAYAS NA MAGDADALA PULA AH MAULAP ALON DITO ANG PAG TAMA DITO SA MAY DINAGAT ISLAND YAN EH TWENTY MAGBABAGO YUNG KANYANG DIRECTION AY TATAMA DIN ITONG DITO SA MAY LEYTE LALO SAMA SAMAR LEYTE POSIBLENG DIYAN SA MAY BOHOL CEBU DIYAN SA MAY NEGROS ISLAND LALO SA MAY NEGROS OCCIDENTAL DADAAN NG ILOILO ANTIQUE EH PAPUNTA NANDYAN PALAWAN AT PAPALABAS NABUO PAPUNTA NG WEST PHILIPPINE SEA 
LOG (lattice-best-path[5.5.896~1-8a59]:main():lattice-best-path.cc:99) For utterance weather031_011, best cost 3058.93 + 213128 = 216187 over 2081 frames.
weather031_011 EH MAGING I AM READY PO ANG MATA REHIYON NG CARAGA NORTHERN MINDANAO LALONG LALO AY EASTERN VISAYAS I SAMAR LEYTE PROVINCES SA MAULANG MAGDAMAG NA MAP AH PATULOY MGA KAPUSO HANGGANG BUKAS WELL NAKIKITA NYONG PULA AT AT AH PINK YAN YUNG MGA MATITINDING PAGULAN NA PWEDENG MARARANASAN SA MALAKING BAHAGI DAGAT VISAYAS BUKAS 
LOG (lattice-best-path[5.5.896~1-8a59]:main():lattice-best-path.cc:99) For utterance weather031_012, best cost 1756.52 + 115597 = 117354 over 1128 frames.
weather031_012 PO HAPON DIN MAULAN DIYAN SA MAY AH ZAMBOANGA AT DAVAO REGION AT SA BUONG VISAYAS BUKAS AT MAGING I AM READY PO SA BANTA NANDYAN LANDSLIDE AT REST AT SA NILALAMAN MALAKAS PAGULAN 
LOG (lattice-best-path[5.5.896~1-8a59]:main():lattice-best-path.cc:99) For utterance weather031_013, best cost 1138.17 + 90135 = 91273.2 over 880 frames.
weather031_013 HABANG SA LUZON APEKTADO NG BAGYO ANG AH BICOL REGION MINDORO MARINDUQUE ROMBLON PERO YAN AY SIMULA NA NABUO SA GABI 
LOG (lattice-best-path[5.5.896~1-8a59]:main():lattice-best-path.cc:99) For utterance weather031_014, best cost 1649.04 + 101866 = 103515 over 986 frames.
weather031_014 AH TV MATA TATLONG BAGYO ANG AH NORTHERN AT CENTRAL LUZON NA MABABA LAMANG ANG TSANSANG UMULAN EH MGA MAHIHINANG PAGULAN DEL ISOLATED DIYAN SA MAY QUEZON AURORA PROVINCES 
LOG (lattice-best-path[5.5.896~1-8a59]:main():lattice-best-path.cc:99) For utterance weather031_015, best cost 1089.99 + 82420.5 = 83510.5 over 803 frames.
weather031_015 AT SA METRO MANILA MAGIGING MAULAP BUKAS PERO HALOS WALANG ULAN NA INAASAHAN DAHIL MGA KAPUSO MALAYO PO TAYO SA CENTRO NG BAGYO 
LOG (lattice-best-path[5.5.896~1-8a59]:main():lattice-best-path.cc:99) For utterance weather031_016, best cost 1920.7 + 112106 = 114026 over 1080 frames.
weather031_016 PO KASAMA ANG ALON SA MGA LUGAR NA MAY SIGNAL YUNG MAY KULAY YAN ASUL NA YAN KASAMA NA ANG AH DAVAO ORIENTAL AT OCCIDENTAL NA WALA SIGNAL PERO MALAKAS DIN NA SA MGA PAGALON JESSICA 
LOG (lattice-best-path[5.5.896~1-8a59]:main():lattice-best-path.cc:99) For utterance weather031_017, best cost 2316.86 + 166036 = 168353 over 1550 frames.
weather031_017 MANG TANI ITO NA YUNG EPEKTO NG AMIHAN NO YUNG MGA BAGYO AY BIGLANG SA MABABANG PARTE NA NAMAN PILIPINAS TUMATAMA YUNG HABAGAT SA MEDYO MATAAS DIN PO PABABA NG PABABA AMIHAN ONE O ONE MANG TANI ANO BANG PAGKAKAIBA NITO AMIHAN SA HABAGAT 
LOG (lattice-best-path[5.5.896~1-8a59]:main():lattice-best-path.cc:99) For utterance weather031_018, best cost 6218.43 + 475153 = 481371 over 4658 frames.
weather031_018 PERO LAGUNA YUNG AH AMIHAN JESSICA YAN AY TUYONG HANGIN WALANG MASYADONG MOISTURE PERO MAPAPANSIN MO YUNG BAGYO MALAPIT NA PERO HALOS HINDI PA RAMDAM YUNG MGA PAGULAN KUNG TITINGNAN MO YUNG RAINFALL MAP JESSICA YUNG AH PULA NA DARATING DITO SA TEN YUNG AH MAMAYANG GABI HALOS NANDYAN YUNG BAGYO PERO AH HINDI PA RAMDAM YUNG ULAN AT YAN YUNG NA YUNG HANGING AMIHAN YUNG NORTHERN SA AY NG BAGYO ANG MAS MAULAN KUMPARA DITO SA MAY SOUTHERN PART HINDI KATULAD PAG HANGING HABAGAT JESSICA NA MAY SOUTHWEST YUNG BAGYO KAHIT NANDITO SA MAY AT ISA SECTION MAULAN DOON SA MAY WESTERN SA RIN PO YUNG AH WESTERN SIDE NG BAGYO DAHIL NGA YUNG MGA AH HABAGAT NATIN MAS MARAMING MOISTURE 
LOG (lattice-best-path[5.5.896~1-8a59]:main():lattice-best-path.cc:99) For utterance weather031_019, best cost 1601.86 + 116035 = 117637 over 1111 frames.
weather031_019 SO PAGKAKAIBA JESSICA PAGDATING SA AMIHAN HALOS WALANG MOISTURE KAYA HINDI NAGPAPALAKAS NG BAGYO YAN SAMANTALANG HABAGAT ANG MARAMING DALANG TUBIG SA NAMAN EH NAGPAPALAKAS NG BAGYO 
LOG (lattice-best-path[5.5.896~1-8a59]:main():lattice-best-path.cc:99) For utterance weather031_020, best cost 1992.15 + 141196 = 143189 over 1336 frames.
weather031_020 KAYA LANG YUNG MGA TUMAMANG BAGYO AT THIS PAN OF THE YEAR DATI SA BABA O SA COMPOSTELA VALLEY SA ILIGAN MANG TANI MALALAKAS DIN YUNG SENDONG AT TSAKA YUNG MGA BAGYO BUNDOK NAGKAKAMALI 
LOG (lattice-best-path[5.5.896~1-8a59]:main():lattice-best-path.cc:99) For utterance weather031_021, best cost 2208.15 + 146472 = 148681 over 1418 frames.
weather031_021 ANG NANGYAYARI NAMAN KUNG TITINGNAN NATIN YUNG PACIFIC OCEAN MAY MGA BAGYO NA MALAYO PA LANG DITO SA TEN NABUBUO NA KAYA HABANG NASA MAY KARAGATAN YAN NAKA KAPUSO NG LAKAS LALONG LALO KUNG MASASABAYAN CI NG MAHINANG AMIHAN 
LOG (lattice-best-path[5.5.896~1-8a59]:main():lattice-best-path.cc:99) For utterance weather031_022, best cost 1618.62 + 102267 = 103886 over 966 frames.
weather031_022 KAPAG MAHINA YUNG AMIHAN MO TAPOS NANDITO KA PA LAMANG AH BAGO PUMASOK SA PHILIPPINE AREA OF RESPONSIBILITY ISA KA NA NG GANAP NA BAGYO NANDUN YUNG PAGKAKATAONG LALO CI ANG LUMALAKAS 
LOG (lattice-best-path[5.5.896~1-8a59]:main():lattice-best-path.cc:99) For utterance weather031_023, best cost 3878.26 + 273519 = 277398 over 2611 frames.
weather031_023 NA NANDITO PA LAMANG SA LUPA SA PA YAN AT MAHINA YUNG AMIHAN NIYA I NIYA LUMAKAS EH KAYA NAGING MAPAMINSALA SAMANTALA ITO KASING SIYA SAMUEL DITO NALAMANG SA NAGING TROPICAL DEPRESSION MALAPIT NA TUMAMA SA LUPA KAYA HINDI SA GANUNG KALAKAS PERO YUNG ISANG NAKIKITA NATIN JESSICA AT NAPANSIN MO AND PAGDATING NG LAST QUARTER OF THE YEAR MAS KAKAUNTI YUNG BAGYO PERO MAS MADALAS TUMATAMA YAN KAYA NAGIGING MAS MAPAMINSALA 
LOG (lattice-best-path[5.5.896~1-8a59]:main():lattice-best-path.cc:99) For utterance weather031_024, best cost 2402.75 + 160800 = 163203 over 1483 frames.
weather031_024 O PAR ANG SA PHYSICS DIN MANG TANI NO PAG MAS MARA MAS MAP MALAYO ANG PINANGGAGALINGAN GIWAN NAKAKAPAG DIN CI ANG STRENGTH AT MOMENTUM MAS MALAKAS YUNG PUWERSA NIYA KATULAD NGA NIYA YOLANDA ITONG SI SAMUEL MALAPIT PO SA PILIPINAS NABUO 
LOG (lattice-best-path[5.5.896~1-8a59]:main():lattice-best-path.cc:99) For utterance weather031_025, best cost 2354.24 + 171092 = 173446 over 1642 frames.
weather031_025 YES JESSICA YAN AH MAGIGING AH NIYA POSIBLE SA MAGING ISANG TROPICAL STORM BAHAGYANG LALAKAS BAGO TUMAMA SA KALUPAAN PERO DEFINITELY HINDI SIYA MAGIGING KASING LAKAS LALO MGA NAG AALALA NG ISANG SUPER KAYAT KUNG PO KATULAD NUNG MALA YOLANDANG BAGYO ANG PROBLEMA LANG 
LOG (lattice-best-path[5.5.896~1-8a59]:main():lattice-best-path.cc:99) For utterance weather031_026, best cost 3474.6 + 264938 = 268413 over 2488 frames.
weather031_026 MAS PAPALIT AND YUNG MABABANG BAHAGI YUNG IBABANG BAHAGI NG ATING BANSA KESA YUNG AH TAAS NO KASI TSAKA DOON SA TAAS MERONG KANG CORDILLERA SIERRA MADRE MANG TANI DIYES PAG TUMAMA YUNG BAGYO NA HUMIHINA YUNG EPEKTO MANG TANI DITO SA BABA WALA TAYONG PARANG AH MATINDING CI NA HUMAHARANG DITO KASI PURO MGA PULO PULO O MGA ISLA ITONG MGA DADAANAN NIYA 
LOG (lattice-best-path[5.5.896~1-8a59]:main():lattice-best-path.cc:99) For utterance weather031_027, best cost 1942.91 + 121837 = 123780 over 1183 frames.
weather031_027 DAM EH JESSICA KUNG TITINGNAN NATIN YUNG TRACK O BAGYO NO PAG EH TUMAMA SA MAY DINAGAT ISLAND ANG NANGYAYARI DIYAN JESSICA KUNG IKOCLOSE AH PO YAN PAGTAMA ALAS ISANG ISLA BABALIK ULIT SA BAGYO 
LOG (lattice-best-path[5.5.896~1-8a59]:main():lattice-best-path.cc:99) For utterance weather031_028, best cost 2721.16 + 187626 = 190347 over 1800 frames.
weather031_028 SO KAHIT PAPAANO MAKAKAIPON NG LAKAS PAG TININGNAN DITO SA PO FORECASTER JESSICA KADA TAMA NYAN SA ISLA DAGAT SA DAGAT POSIBLENG LUMAKAS ULIT TATAMA NA NAMAN SA ISLA DAGAT NAMAN ULIT SO YUNG KANYANG TAMA SA LUPA BABALIK SA DAGAT AT PAPANO NA MAY MAGIGING LAKAS NA 
LOG (lattice-best-path[5.5.896~1-8a59]:main():lattice-best-path.cc:99) For utterance weather031_029, best cost 1922.41 + 137733 = 139656 over 1297 frames.
weather031_029 DI KATULAD KAPAG SA LUZON SA TUMAMA MALIBAN DOON SA BUNDOK NG SIERRA MADRE YUNG MALAKING LANDMASS NG LUZON EH NAKAKATULONG PARA MABAWASAN YUNG PINANGGAGALINGAN IMEDIA NG ENERGY WHICH IS YUNG MOISTURE NA MASBATE 
LOG (lattice-best-path[5.5.896~1-8a59]:main():lattice-best-path.cc:99) For utterance weather031_030, best cost 1738.46 + 119496 = 121234 over 1108 frames.
weather031_030 LESS AT TSAKA BATAY SA HISTORY TRACK RECORD NITONG MGA BAGYO THIS PAN OF THE YEAR MANG TANI PARANG HULING HIRIT NILA EH KAYA MEDYO NAKAKATAKOT DIN ITONG MGA BAGYO TOWARDS AH END OF THE YEAR 
LOG (lattice-best-path[5.5.896~1-8a59]:main():lattice-best-path.cc:99) For utterance weather031_031, best cost 2859.73 + 175412 = 178272 over 1664 frames.
weather031_031 DIYES SISIKAT SIYA NA NABANGGIT MO ITO PURO HIGHLY POPULATED YUNG BAGYO KASI KAHIT GAANO KALAKAS PAG TUMAMA DIYAN SA NORTE MAS KAKAUNTI YUNG TAO SO DITO ATING PINAG AH UUSAPAN NGAYON HINDI PO CI EH NAPAKA LAKAS INTENSE OF WIND PERO YUNG ULAN YAN KAYA HINDI NG DAPAT NATING PAG INGATAN 
LOG (lattice-best-path[5.5.896~1-8a59]:main():lattice-best-path.cc:99) For utterance weather031_032, best cost 4674.65 + 302804 = 307478 over 2945 frames.
weather031_032 MARAMING MGA NAKATIRA DIYAN MARAMING YANG MGA TAO DIYAN SA MGA ISLA NA YAN SO YUNG YAN WESTWARD AT MAS AT AT TWENTY GANUNG KALAKAS YUNG HANGING YAN YUNG DALA DALANG ULAN NYAN JESSICA KUNG TITINGNAN MO YUNG NAMAN PO FOR THE SA TEN MAS MARAMI YUNG ULAN NA PULA YUNG PINK AT YUNG AH YUNG ORANGE SO IBIG SABIHIN MAS MARAMING LUGAR ANG MAKAKARANAS NUNG MALALAKAS AH PAGULAN LALO NA NGAYONG GABI HANGGANG BUKAS ANG KRITIKAL NATIN JESSICA NGAYONG GABI BUKAS HANGGANG SA MIYERKULES NA NG UMAGA 
LOG (lattice-best-path[5.5.896~1-8a59]:main():lattice-best-path.cc:99) For utterance weather031_033, best cost 4131.8 + 307015 = 311147 over 2873 frames.
weather031_033 REGION BAYONG MO NA LANDSLIDE AREA SA NORTHERN LUZON YUNG IBA HINDI NAMAN KALAKASAN PERO NAGKA LANDSLIDE PRE SO YUNG MGA KABABAYAN PO NATIN SA DADAANAN NG NITONG SI BAGYONG SAMUEL NO KAYA'Y IDENTIFIED NAMAN MANG TANI YUNG MGA LANDSLIDE PRONE BATAY SA GIWAN SA NA NG AH DENR NO MATAGAL NA KUNG MERON YAN SO KUNG MALAPIT KAYO SA MGA BUNDOK MALAPIT KAYO SA MGA IDENTIFIED NA LANDSLIDE AREA PAG SINABING EVACUATE EVACUATE HO HA 
LOG (lattice-best-path[5.5.896~1-8a59]:main():lattice-best-path.cc:99) For utterance weather031_034, best cost 1520.88 + 90563.1 = 92084 over 865 frames.
weather031_034 TAMA YAN JESSICA AT SIYA NO LALONG LALO NA ITONG AH ITONG AH MGA PROBINSYA NA LANDSLIDE PRONE YUNG LEYTE YUNG SA JENNY TED LEYTE BAGYO SA CEBU 
LOG (lattice-best-path[5.5.896~1-8a59]:main():lattice-best-path.cc:99) For utterance weather031_035, best cost 4789.54 + 310840 = 315630 over 3006 frames.
weather031_035 AT ISA KA JESSICA LAST WEEK MAY NAMAN DIYAN ANO PRESSURE AREA HINDI SA BAGYO PERO NAG PAULAN AT NAKA TANI NAKARANAS NG BAHA YUNG IBANG LUGAR SA SEVEN PANAY ISLAND AT DIYAN SA MAY AH MINDANAO KAYA BASA PA RIN YUNG LUPA DADAANAN ULIT NG PANIBAGONG BAGYO GABI DALANG ULAN KAYA YUNG AH AH PROBABILITY OR YUNG TSANSA MAG KAROON NG LAST NA PO NATIN AT LANDSLIDE EH MAS MATAAS TAYO DAHIL MAY NA PULA NA PO WEATHER SYSTEM NA NAGPAULAN DIYAN ANG ILANG ARAW LALO NA SA VISAYAS JESSICA 
LOG (lattice-best-path[5.5.896~1-8a59]:main():lattice-best-path.cc:99) For utterance weather031_036, best cost 642.177 + 48844.9 = 49487.1 over 442 frames.
weather031_036 MARAMING SALAMAT MANG TANI NATHANIEL CRUZ GMA YUNG RESIDENT METEOROLOGIST 
LOG (lattice-best-path[5.5.896~1-8a59]:main():lattice-best-path.cc:99) For utterance weather031_037, best cost 665.984 + 80207.5 = 80873.4 over 767 frames.
weather031_037 AT YAN ANG LATEST MULA SA GMA WEATHER AKO PO SI NATHANIEL CRUZ MAGPLANO PARA SIGURADO I AM READY SERBISYONG TOTOO NG GMA NEWS 
LOG (lattice-best-path[5.5.896~1-8a59]:main():lattice-best-path.cc:99) For utterance weather029_011, best cost 1026.14 + 75024.5 = 76050.7 over 642 frames.
weather029_011 BUKAS NG UMAGA KAPAG NASA DAGAT NA ANG CENTRO NG BAGYO POSIBLE AT RIN MAKARANAS NG MALAKAS NA ULAN ANG ZAMBALES 
LOG (lattice-best-path[5.5.896~1-8a59]:main():lattice-best-path.cc:99) For utterance weather029_012, best cost 1351.58 + 125017 = 126368 over 1063 frames.
weather029_012 DITO PO SA METRO MANILA AT NATITIRANG BAHAGI NG LUZON INAASAHAN PO PABABA NA MAY PAMINSAN MINSAN MALAKAS NA BUHOS NG ULAN NGAYONG GABI TULAD NG NARANASAN NATIN KANINANG HAPON 
LOG (lattice-best-path[5.5.896~1-8a59]:main():lattice-best-path.cc:99) For utterance weather029_013, best cost 800.909 + 53019.2 = 53820.1 over 463 frames.
weather029_013 KASAMA LAPU IBA LANG DOBLE INGAT PO TAYO UNDERSCORE NAKAMOTOR ANO 
LOG (lattice-best-path[5.5.896~1-8a59]:main():lattice-best-path.cc:99) For utterance weather029_014, best cost 2584.25 + 197755 = 200339 over 1694 frames.
weather029_014 BUKAS MAKAKAASA PAGITAN NG MAGHAPONG MAULAP AT MAULAN PANAHON SA METRO MANILA PERO INAASAHANG HIHINA ANG U ANG ULAN KUMPARA NGAYONG ARAW LALONG LALO NABUBUO NA DITO NG HAPON O GABI MAKIKITA PO NATIN MALIIT NA ANG PORSYENTO NG PAGULAN NASA SEVENTEEN PERCENT SAAN SIX RIN 
LOG (lattice-best-path[5.5.896~1-8a59]:main():lattice-best-path.cc:99) For utterance weather029_015, best cost 1234.77 + 89669 = 90903.8 over 764 frames.
weather029_015 SA VISAYAS AT MINDANAO NAMAN AT SA SABADO NA PAMINSAN MINSANG MAHINA HANGGANG SA KATAMTAMANG ULAN NGAYONG GABI DA SA TROUGH O BUNTOT NG BAGYO 
LOG (lattice-best-path[5.5.896~1-8a59]:main():lattice-best-path.cc:99) For utterance weather029_016, best cost 1373.43 + 114530 = 115903 over 977 frames.
weather029_016 BUKAS INAASAHANG BUBUTI NA PANAHON SA VISAYAS AT MINDANAO MALIBAN LAMANG SA ILOILO BACOLOD AT DITO PO SA NORTHERN MINDANAO PAMINSAN SA TWENTY NG THUNDERSTORMS 
LOG (lattice-best-path[5.5.896~1-8a59]:main():lattice-best-path.cc:99) For utterance weather029_017, best cost 526.46 + 34763.6 = 35290.1 over 295 frames.
weather029_017 YAN BULLETIN NG PANAHON MAG INGAT PO TAYO MGA KAPAMILYA 
LOG (lattice-best-path[5.5.896~1-8a59]:main():lattice-best-path.cc:99) For utterance weather030_001, best cost 889.483 + 59157.7 = 60047.2 over 521 frames.
weather030_001 MGA KAPUSO BUKAS AH PO MAG LALANDFALL ANG MATA NG BAGYO ROSITA DIYAN SA MAY ISABELA AURORA AREA AT 
LOG (lattice-best-path[5.5.896~1-8a59]:main():lattice-best-path.cc:99) For utterance weather030_002, best cost 596.847 + 37368.3 = 37965.1 over 344 frames.
weather030_002 NASA ILALIM NA RIN ANG SA SIGNALS ANG MALAKING BAHAGI NG LUZON 
LOG (lattice-best-path[5.5.896~1-8a59]:main():lattice-best-path.cc:99) For utterance weather030_003, best cost 233.775 + 17005.4 = 17239.2 over 153 frames.
weather030_003 KABILANG ANG METRO MANILA 
LOG (lattice-best-path[5.5.896~1-8a59]:main():lattice-best-path.cc:99) For utterance weather030_004, best cost 1092.25 + 97429.5 = 98521.8 over 869 frames.
weather030_004 PATAAS YAN ANG AH TROPICAL CYCLONE WARNING SIGNAL NUMBER THREE DIYAN SA MGA PROBINSYA ISABELA QUIRINO NORTHERN AURORA NUEVA VIZCAYAT IFUGAO 
LOG (lattice-best-path[5.5.896~1-8a59]:main():lattice-best-path.cc:99) For utterance weather030_005, best cost 1201.08 + 74147.2 = 75348.3 over 687 frames.
weather030_005 AT MULA PO NGAYONG GABI MGA KAPUSO AH BUKAS EH NAPAKA SUNGIT CALAYAN PANAHON ANG INAASAHAN DIYAN SA MGA LUGAR NABANGGIT 
LOG (lattice-best-path[5.5.896~1-8a59]:main():lattice-best-path.cc:99) For utterance weather030_006, best cost 2310.81 + 204034 = 206345 over 1884 frames.
weather030_006 SIGNAL NUMBER TWO NAMAN DIYAN SA CAGAYAN ILOCOS NORTE APAYAO ABRA KALINGA ILOCOS OR MO TEN PROVINCE LA UNION BENTE PANGASINAN TARLAC NUEVA ECIJA NORTHERN QUEZON KASAMA ANG POLILLO ISLAND SAMAR AURORA ZAMBALES PAMPANGA AT BULACAN 
LOG (lattice-best-path[5.5.896~1-8a59]:main():lattice-best-path.cc:99) For utterance weather030_007, best cost 937.369 + 57864.5 = 58801.8 over 523 frames.
weather030_007 MASUNGIT NA LAGAY NG PANAHON DIN ANG INAASAHAN BUKA TUMAMA GABI HANGGANG BUKAS DIYAN SA MGA PROBINSYA NA YAN 
LOG (lattice-best-path[5.5.896~1-8a59]:main():lattice-best-path.cc:99) For utterance weather030_008, best cost 1538.48 + 152466 = 154004 over 1403 frames.
weather030_008 HABANG SIGNAL NUMBER ONE NAMAN DITO SA METRO MANILA SA BATANES GROUP OF ISLANDS KASAMA ANG BABUYAN GROUP OF ISLANDS RIZAL SOUTHERN QUEZON DIYAN SA MAY LAGUNA BATANGAS BATAAN CAVITE AT CAMARINES NORTE 
LOG (lattice-best-path[5.5.896~1-8a59]:main():lattice-best-path.cc:99) For utterance weather030_009, best cost 941.056 + 73858.6 = 74799.6 over 687 frames.
weather030_009 MGA ULAN AT BUGSO NG HANGIN NAMAN ANG INAASAHAN SIMULA MAMAYA HANGGANG BUKAS SA MGA NABANGGIT NA LUGAR 
LOG (lattice-best-path[5.5.896~1-8a59]:main():lattice-best-path.cc:99) For utterance weather030_010, best cost 1404.41 + 110007 = 111412 over 1011 frames.
weather030_010 AY SA PAGASA NASA LAYO NA LAMANG THREE HUNDRED TEN KILOMETERS DIYAN SA MAY SILANGAN HILAGANG SILANGAN O EAST NORTH EAST NG CASIGURAN AURORA ANG MATA NG BAGYONG ROSITA 
LOG (lattice-best-path[5.5.896~1-8a59]:main():lattice-best-path.cc:99) For utterance weather030_011, best cost 1875.76 + 159283 = 161159 over 1456 frames.
weather030_011 AT TAGLAY NITO ANG NA PARA LAKAS NG HANGIN AH ONE HUNDRED FIFTY KILOMETERS PER HOUR MALAPIT SA GITNA AT BUGSO NA HANGGANG ONE HUNDRED EIGHTY FIVE KILOMETERS PER HOUR AT KUMIKILOS ITO PAKANLURAN O WESTWARD SA BILIS NAMAN NA FIFTEEN KILOMETERS PER HOUR 
LOG (lattice-best-path[5.5.896~1-8a59]:main():lattice-best-path.cc:99) For utterance weather030_012, best cost 1770.37 + 121108 = 122878 over 1129 frames.
weather030_012 AT SA TRACK NG PAGASA BUKAS AH PO NG UMAGA TATAMA MISAMIS AT ISABELA O NG NORTHERN AURORA AREA YUNG BAGYO AT MAGHAPON DIN ITONG KA KULAY RIN ANG NORTHERN LUZON 
LOG (lattice-best-path[5.5.896~1-8a59]:main():lattice-best-path.cc:99) For utterance weather030_013, best cost 2555.55 + 208274 = 210830 over 1917 frames.
weather030_013 AT MGA KAPUSO AT MAGING I AM READY PO SA BANTA NG LANDSLIDE KASAMA NA RITO ANG NA BENTE AT ANG MGA PAGBAHA MAS MALAKAS ULAN LALONG LALO NA TWO SA MGA DADAANAN MGA BAGYO ITONG ISABELA AURORA YANG QUIRINO NUEVA VIZCAYA IFUGAO BENGUET LA UNION AT POSIBLENG ANG PANGASINAN 
LOG (lattice-best-path[5.5.896~1-8a59]:main():lattice-best-path.cc:99) For utterance weather030_014, best cost 2508.59 + 189513 = 192021 over 1744 frames.
weather030_014 PATAAS ANG ALON SA HALOS BUONG LUZON MULA YAN SA MAY AH BATANGAS AH NANDITO SA MAY AH CAGAYAN VALLEY ILOCOS REGION DIYAN SA MAY EASTERN VISAYAS YANG NORTHERN AT ISA SAMAR KASAMA NA ANG EASTERN MINDANAO DAHIL NGA PO YAN SA PINAGSANIB EPEKTO NUNG BAGYO AT NG MALAKAS NA AMIHAN 
LOG (lattice-best-path[5.5.896~1-8a59]:main():lattice-best-path.cc:99) For utterance weather030_015, best cost 1567.14 + 127479 = 129046 over 1159 frames.
weather030_015 MAY BANTA RIN NG STORM SURGE SI DIYAN SA MGA PROBINSYA NA ISABELA CAGAYAN DIYAN SA MAY AURORA ILOCOS SUR ILOCOS NORTE AT LA UNION NA POSIBLENG UMABOT NG TATLONG METRO 
LOG (lattice-best-path[5.5.896~1-8a59]:main():lattice-best-path.cc:99) For utterance weather030_016, best cost 1287.76 + 102051 = 103339 over 924 frames.
weather030_016 HINDI NAMAN APEKTADO NG BAGYO VISAYAS AT MINDANAO PAMILYA KAPUSO AH MALALAKAS ANG ULAN DITO SA MAY LUZON LALONG LALO NA SA NORTHERN AT CENTRAL LUZON 
LOG (lattice-best-path[5.5.896~1-8a59]:main():lattice-best-path.cc:99) For utterance weather030_017, best cost 597.599 + 83319.1 = 83916.7 over 740 frames.
weather030_017 AT YAN ANG LATEST MULA SA GMA WEATHER AKO PO SI NATHANIEL CRUZ MAGPLANO PARA SIGURADO I AM READY SERBISYONG TOTOO NG GMA NEWS 
LOG (lattice-best-path[5.5.896~1-8a59]:main():lattice-best-path.cc:99) For utterance weather031_001, best cost 1105.31 + 93772.8 = 94878.1 over 851 frames.
weather031_001 ISANG BAGYO ANG NASA LOOB NGAYON NG PHILIPPINE AREA OF RESPONSIBILITY ANG BAGYONG SAMUEL NA INAASAHANG AT ALA SA ILANG LUGAR SA BANSA 
LOG (lattice-best-path[5.5.896~1-8a59]:main():lattice-best-path.cc:99) For utterance weather031_002, best cost 824.127 + 74844.6 = 75668.7 over 675 frames.
weather031_002 ALAMIN PO NATIN ANG LATEST SA LAGAY NG PANAHON MULA KAY GMA RESIDENT METEOROLOGIST NATHANIEL CRUZ MANG TANI 
LOG (lattice-best-path[5.5.896~1-8a59]:main():lattice-best-path.cc:99) For utterance weather031_003, best cost 811.222 + 60188.3 = 60999.5 over 560 frames.
weather031_003 SALAMAT JESSICA KAPUSO MAGING I AM READY PO SA MAULANG PANAHON ANG MGA TAGA VISAYAS AT MINDANAO 
LOG (lattice-best-path[5.5.896~1-8a59]:main():lattice-best-path.cc:99) For utterance weather031_004, best cost 1217.86 + 68194.1 = 69411.9 over 642 frames.
weather031_004 CEBU LAGING GABI AT TAGAYTAY SA PAPALAPIT NA TROPICAL DEPRESSION SAMUEL ANG UNANG BAGYO SA PINAG AH YUNG NOBYEMBRE 
LOG (lattice-best-path[5.5.896~1-8a59]:main():lattice-best-path.cc:99) For utterance weather031_005, best cost 1383.68 + 114897 = 116281 over 1094 frames.
weather031_005 PAGASA STORM SIGNAL NUMBER ONE DIYAN SA MGA PROBINSYA NA SURIGAO DEL NORTE SURIGAO DEL SUR AGUSAN DEL NORTE AGUSAN DEL SUR DINAGAT ISLAND MISAMIS ORIENTAL AT NAGIGING SA MINDANAO 
LOG (lattice-best-path[5.5.896~1-8a59]:main():lattice-best-path.cc:99) For utterance weather031_006, best cost 1667.68 + 153354 = 155021 over 1508 frames.
weather031_006 SIGNAL NUMBER ONE DIN SA MAY AH SAMAR EASTERN SAMAR BILIRAN LEYTE SAMAR LEYTE DIYAN SA BOHOL CEBU SIQUIJOR NEGROS ORIENTAL AT NEGROS OCCIDENTAL SA VISAYAS AT SA MASBATE SA LUZON 
LOG (lattice-best-path[5.5.896~1-8a59]:main():lattice-best-path.cc:99) For utterance weather031_007, best cost 1908.07 + 160147 = 162055 over 1529 frames.
weather031_007 NAMATAAN ANG CENTRO NG TROPICAL DEPRESSION SAMUEL SA LAYO LAMANG FIVE HUNDRED FIVE KILOMETERS DIYAN SA MAY SILANGAN NG HINATUAN SURIGAO DEL SUR AT TAGLAY NITO LAKAS NG HANGIN NYAN ITO FIVE KILOMETERS PER HOUR MALAPIT SA GITNA AT BUGSO NA HANGGANG SIXTY FIVE KILOMETERS PER HOUR 
LOG (lattice-best-path[5.5.896~1-8a59]:main():lattice-best-path.cc:99) For utterance weather031_008, best cost 996.49 + 72957.1 = 73953.6 over 713 frames.
weather031_008 PATI NA SA NA KIKILOS ITO PAHILAGANG KANLURAN O NORTHWEST ANG BILIS NAMAN NA TWENTY FIVE KILOMETERS PER HOUR 
LOG (lattice-best-path[5.5.896~1-8a59]:main():lattice-best-path.cc:99) For utterance weather031_009, best cost 1927.6 + 132283 = 134211 over 1289 frames.
weather031_009 AT SA FORECAST TRACK NG PAGASA EH POSIBLENG TUMAMA DIYAN SA MAY DINAGAT ISLAND O SA MAY AH POSIBLE SA LEYTE ANG AH CENTRO NG BAGYO SAMUEL BUKAS PO YAN AT MAY TSANSA RIN NALAMANG SA ITO BAGO MAG LANDFALL 
LOG (lattice-best-path[5.5.896~1-8a59]:main():lattice-best-path.cc:124) Overall cost per frame is 108.571 = 1.45365 [graph] + 107.118 [acoustic] over 83671 frames.
LOG (lattice-best-path[5.5.896~1-8a59]:main():lattice-best-path.cc:128) Done 66 lattices, failed for 0
# Accounting: time=2 threads=1
# Ended (code 0) at Wed Mar 31 21:47:52 CST 2021, elapsed time 2 seconds
