# gunzip -c exp/tri1/decode/depth_tmp.*.gz | steps/diagnostic/analyze_lattice_depth_stats.py exp/tri1/graph exp/tri1/decode/ali_frame_tmp.gz 
# Started at Sat Apr  3 00:21:39 CST 2021
#
The total amount of data analyzed assuming 100 frames per second is 0.2 hours
Overall, lattice depth (10,50,90-percentile)=(1,2,8) and mean=3.4
Nonsilence phones as a group account for 84.6% of frames, with lattice depth (10,50,90-percentile)=(1,2,8) and mean=3.4
Phone SIL accounts for 15.4% of frames, with lattice depth (10,50,90-percentile)=(1,2,9) and mean=3.6
Phone 6_I accounts for 7.5% of frames, with lattice depth (10,50,90-percentile)=(1,1,7) and mean=3.1
Phone i_I accounts for 4.1% of frames, with lattice depth (10,50,90-percentile)=(1,2,10) and mean=3.8
Phone 6_E accounts for 3.3% of frames, with lattice depth (10,50,90-percentile)=(1,2,9) and mean=4.6
Phone a_I accounts for 3.3% of frames, with lattice depth (10,50,90-percentile)=(1,1,4) and mean=2.6
Phone s_B accounts for 3.0% of frames, with lattice depth (10,50,90-percentile)=(1,2,7) and mean=3.0
Phone n_E accounts for 2.8% of frames, with lattice depth (10,50,90-percentile)=(1,2,8) and mean=3.3
Phone N_E accounts for 2.7% of frames, with lattice depth (10,50,90-percentile)=(1,2,9) and mean=4.0
Phone s_I accounts for 2.5% of frames, with lattice depth (10,50,90-percentile)=(1,1,5) and mean=2.5
Phone o_E accounts for 2.4% of frames, with lattice depth (10,50,90-percentile)=(1,2,7) and mean=3.1
Phone o_I accounts for 2.3% of frames, with lattice depth (10,50,90-percentile)=(1,1,6) and mean=2.8
Phone l_I accounts for 2.2% of frames, with lattice depth (10,50,90-percentile)=(1,1,6) and mean=2.8
Phone s_E accounts for 2.2% of frames, with lattice depth (10,50,90-percentile)=(1,1,6) and mean=3.1
Phone e_I accounts for 2.2% of frames, with lattice depth (10,50,90-percentile)=(1,1,8) and mean=2.8
Phone t_I accounts for 2.0% of frames, with lattice depth (10,50,90-percentile)=(1,1,7) and mean=3.0
Phone r_I accounts for 1.9% of frames, with lattice depth (10,50,90-percentile)=(1,1,5) and mean=3.0
Phone m_B accounts for 1.9% of frames, with lattice depth (10,50,90-percentile)=(1,2,7) and mean=2.9
Phone u_I accounts for 1.8% of frames, with lattice depth (10,50,90-percentile)=(1,1,6) and mean=2.4
Phone a_E accounts for 1.8% of frames, with lattice depth (10,50,90-percentile)=(1,2,10) and mean=3.8
Phone n_I accounts for 1.7% of frames, with lattice depth (10,50,90-percentile)=(1,2,7) and mean=3.3
Phone g_I accounts for 1.7% of frames, with lattice depth (10,50,90-percentile)=(1,1,5) and mean=2.6
Phone n_B accounts for 1.7% of frames, with lattice depth (10,50,90-percentile)=(1,2,10) and mean=4.9
Phone p_B accounts for 1.5% of frames, with lattice depth (10,50,90-percentile)=(1,2,11) and mean=4.3
Phone 6_B accounts for 1.5% of frames, with lattice depth (10,50,90-percentile)=(1,2,9) and mean=3.9
Phone j_I accounts for 1.4% of frames, with lattice depth (10,50,90-percentile)=(1,2,7) and mean=3.4
Phone k_I accounts for 1.3% of frames, with lattice depth (10,50,90-percentile)=(1,1,4) and mean=2.8
Phone m_I accounts for 1.3% of frames, with lattice depth (10,50,90-percentile)=(1,1,6) and mean=2.7
Phone t_E accounts for 1.1% of frames, with lattice depth (10,50,90-percentile)=(1,2,12) and mean=4.7
Phone b_B accounts for 1.1% of frames, with lattice depth (10,50,90-percentile)=(1,1,7) and mean=3.0
Phone i_E accounts for 1.0% of frames, with lattice depth (10,50,90-percentile)=(1,2,11) and mean=4.8
Phone N_S accounts for 1.0% of frames, with lattice depth (10,50,90-percentile)=(1,3,15) and mean=5.5
Phone j_B accounts for 1.0% of frames, with lattice depth (10,50,90-percentile)=(1,2,10) and mean=4.4
Phone b_I accounts for 1.0% of frames, with lattice depth (10,50,90-percentile)=(1,2,4) and mean=2.5
Phone k_B accounts for 0.9% of frames, with lattice depth (10,50,90-percentile)=(1,2,10) and mean=4.2
Phone p_I accounts for 0.8% of frames, with lattice depth (10,50,90-percentile)=(1,1,5) and mean=2.4
Phone l_B accounts for 0.8% of frames, with lattice depth (10,50,90-percentile)=(1,2,9) and mean=3.6
Phone i_B accounts for 0.7% of frames, with lattice depth (10,50,90-percentile)=(1,2,9) and mean=3.7
Phone d_I accounts for 0.7% of frames, with lattice depth (10,50,90-percentile)=(1,1,4) and mean=2.0
Phone d_B accounts for 0.7% of frames, with lattice depth (10,50,90-percentile)=(1,2,14) and mean=5.0
Phone N_I accounts for 0.7% of frames, with lattice depth (10,50,90-percentile)=(1,2,5) and mean=2.3
Phone t_B accounts for 0.6% of frames, with lattice depth (10,50,90-percentile)=(1,2,9) and mean=4.0
Phone r_E accounts for 0.6% of frames, with lattice depth (10,50,90-percentile)=(1,1,3) and mean=2.4
Phone j_E accounts for 0.6% of frames, with lattice depth (10,50,90-percentile)=(1,2,4) and mean=2.5
Phone h_I accounts for 0.6% of frames, with lattice depth (10,50,90-percentile)=(1,2,8) and mean=3.2
# Accounting: time=0 threads=1
# Ended (code 0) at Sat Apr  3 00:21:39 CST 2021, elapsed time 0 seconds
