# gmm-latgen-faster --max-active=7000 "--beam=13.0" --lattice-beam=6.0 --acoustic-scale=0.083333 --allow-partial=true --word-symbol-table=exp/tri1/graph/words.txt exp/tri1/final.mdl exp/tri1/graph/HCLG.fst "ark,s,cs:apply-cmvn  --utt2spk=ark:data/test/split16/3/utt2spk scp:data/test/split16/3/cmvn.scp scp:data/test/split16/3/feats.scp ark:- | add-deltas  ark:- ark:- |" "ark:|gzip -c > exp/tri1/decode/lat.3.gz" 
# Started at Sat Apr  3 00:21:25 CST 2021
#
gmm-latgen-faster --max-active=7000 '--beam=13.0' --lattice-beam=6.0 --acoustic-scale=0.083333 --allow-partial=true --word-symbol-table=exp/tri1/graph/words.txt exp/tri1/final.mdl exp/tri1/graph/HCLG.fst 'ark,s,cs:apply-cmvn  --utt2spk=ark:data/test/split16/3/utt2spk scp:data/test/split16/3/cmvn.scp scp:data/test/split16/3/feats.scp ark:- | add-deltas  ark:- ark:- |' 'ark:|gzip -c > exp/tri1/decode/lat.3.gz' 
apply-cmvn --utt2spk=ark:data/test/split16/3/utt2spk scp:data/test/split16/3/cmvn.scp scp:data/test/split16/3/feats.scp ark:- 
add-deltas ark:- ark:- 
LOG (apply-cmvn[5.5.896~1-8a59]:main():apply-cmvn.cc:162) Applied cepstral mean normalization to 4 utterances, errors on 0
weather029_015 SA VISAYAS AT MINDANAO NAMAN MAY TSANSA PA RIN NG PAMINSAN MINSANG MAHINA TANI SA KATAMTAMANG ULAN NGAYONG GABI YAN SA TROUGH O BUNTOT NG BAGYO 
LOG (gmm-latgen-faster[5.5.896~1-8a59]:DecodeUtteranceLatticeFaster():decoder-wrappers.cc:375) Log-like per frame for utterance weather029_015 is -10.1329 over 764 frames.
weather029_016 BUKAS INAASAHANG BUBUTI NA PANAHON SA VISAYAS AT MINDANAO MALIBAN NA BA SA ILOILO BACOLOD AT DITO PO SA NORTHERN MINDANAO NA NITO TSANSA PA RIN NG THUNDERSTORMS 
LOG (gmm-latgen-faster[5.5.896~1-8a59]:DecodeUtteranceLatticeFaster():decoder-wrappers.cc:375) Log-like per frame for utterance weather029_016 is -10.0352 over 977 frames.
weather029_017 YAN PO LAGING NG PANAHON MAG INGAT PO KAYO MGA KAPAMILYA 
LOG (gmm-latgen-faster[5.5.896~1-8a59]:DecodeUtteranceLatticeFaster():decoder-wrappers.cc:375) Log-like per frame for utterance weather029_017 is -10.3645 over 295 frames.
weather030_001 MGA KAPUSO BUKAS NA PO MAG LALANDFALL ANG MATA NG BAGYO ROSITA DIYAN SA MAY ISABELA AURORA AREA AT 
LOG (gmm-latgen-faster[5.5.896~1-8a59]:DecodeUtteranceLatticeFaster():decoder-wrappers.cc:375) Log-like per frame for utterance weather030_001 is -9.56817 over 521 frames.
LOG (gmm-latgen-faster[5.5.896~1-8a59]:main():gmm-latgen-faster.cc:176) Time taken 5.56815s: real-time factor assuming 100 frames/sec is 0.217761
LOG (gmm-latgen-faster[5.5.896~1-8a59]:main():gmm-latgen-faster.cc:179) Done 4 utterances, failed for 0
LOG (gmm-latgen-faster[5.5.896~1-8a59]:main():gmm-latgen-faster.cc:181) Overall log-likelihood per frame is -10.0072 over 2557 frames.
# Accounting: time=6 threads=1
# Ended (code 0) at Sat Apr  3 00:21:31 CST 2021, elapsed time 6 seconds
