# gmm-latgen-faster --max-active=7000 "--beam=13.0" --lattice-beam=6.0 --acoustic-scale=0.083333 --allow-partial=true --word-symbol-table=exp/tri1/graph/words.txt exp/tri1/final.mdl exp/tri1/graph/HCLG.fst "ark,s,cs:apply-cmvn  --utt2spk=ark:data/test/split16/1/utt2spk scp:data/test/split16/1/cmvn.scp scp:data/test/split16/1/feats.scp ark:- | add-deltas  ark:- ark:- |" "ark:|gzip -c > exp/tri1/decode/lat.1.gz" 
# Started at Sat Apr  3 00:21:25 CST 2021
#
gmm-latgen-faster --max-active=7000 '--beam=13.0' --lattice-beam=6.0 --acoustic-scale=0.083333 --allow-partial=true --word-symbol-table=exp/tri1/graph/words.txt exp/tri1/final.mdl exp/tri1/graph/HCLG.fst 'ark,s,cs:apply-cmvn  --utt2spk=ark:data/test/split16/1/utt2spk scp:data/test/split16/1/cmvn.scp scp:data/test/split16/1/feats.scp ark:- | add-deltas  ark:- ark:- |' 'ark:|gzip -c > exp/tri1/decode/lat.1.gz' 
apply-cmvn --utt2spk=ark:data/test/split16/1/utt2spk scp:data/test/split16/1/cmvn.scp scp:data/test/split16/1/feats.scp ark:- 
add-deltas ark:- ark:- 
weather029_006 SA NGAYON NASA ONE HUNDRED TEN KILOMETERS SILANGAN NG BALER AURORA ANG BAGYONG PEPITO MERON TWO MAXIMUM SUSTAINED WINDS ISA PANG FIVE KILOMETERS PER HOUR AT PAGBUGSO KUNG GUSTINESS NA NINETY KILOMETERS PER HOUR 
LOG (gmm-latgen-faster[5.5.896~1-8a59]:DecodeUtteranceLatticeFaster():decoder-wrappers.cc:375) Log-like per frame for utterance weather029_006 is -10.1729 over 1125 frames.
weather029_007 BAHAGYANG BUMILIS ANG PAGKILOS NITO SA TWENTY KILOMETERS PER HOUR PATUNGONG WEST NORTHWEST 
LOG (gmm-latgen-faster[5.5.896~1-8a59]:DecodeUtteranceLatticeFaster():decoder-wrappers.cc:375) Log-like per frame for utterance weather029_007 is -10.2916 over 553 frames.
weather029_008 SA FORECAST BAGYO B YAN SIYANG PER PER NINYONG RAINS WEATHER FORECAST O EAST SI EH DOBOL YAN 
LOG (gmm-latgen-faster[5.5.896~1-8a59]:DecodeUtteranceLatticeFaster():decoder-wrappers.cc:375) Log-like per frame for utterance weather029_008 is -10.7215 over 578 frames.
LOG (apply-cmvn[5.5.896~1-8a59]:main():apply-cmvn.cc:162) Applied cepstral mean normalization to 5 utterances, errors on 0
weather029_009 NAKIKITANG TUTUMBUKIN ITONG ANG AURORA NGAYONG GABI AT AH KANINANG CENTRAL LUZON O SOUTHERN LUZON NG NORTHERN LUZON HANGGANG BUKAS NG MADALING NA ARAW 
LOG (gmm-latgen-faster[5.5.896~1-8a59]:DecodeUtteranceLatticeFaster():decoder-wrappers.cc:375) Log-like per frame for utterance weather029_009 is -10.406 over 814 frames.
weather029_010 INAASAHAN ANG MALAKAS NA ULAN NGAYONG GABI SA AURORA ISABELA QUEZON BULACAN TARLAC CAMARINES NORTE NGAYON ECIJA NUEVA VIZCAYA QUIRINO RIN ANG CAGAYAN CORDILLERA LA UNION ILOCOS SUR TARLAC PAMPANGA BATAAN ZAMBALES AT PANGASINAN 
LOG (gmm-latgen-faster[5.5.896~1-8a59]:DecodeUtteranceLatticeFaster():decoder-wrappers.cc:375) Log-like per frame for utterance weather029_010 is -9.72138 over 1806 frames.
LOG (gmm-latgen-faster[5.5.896~1-8a59]:main():gmm-latgen-faster.cc:176) Time taken 8.11301s: real-time factor assuming 100 frames/sec is 0.166387
LOG (gmm-latgen-faster[5.5.896~1-8a59]:main():gmm-latgen-faster.cc:179) Done 5 utterances, failed for 0
LOG (gmm-latgen-faster[5.5.896~1-8a59]:main():gmm-latgen-faster.cc:181) Overall log-likelihood per frame is -10.1231 over 4876 frames.
# Accounting: time=8 threads=1
# Ended (code 0) at Sat Apr  3 00:21:33 CST 2021, elapsed time 8 seconds
