# gmm-latgen-faster --max-active=7000 "--beam=13.0" --lattice-beam=6.0 --acoustic-scale=0.083333 --allow-partial=true --word-symbol-table=exp/tri1/graph/words.txt exp/tri1/final.mdl exp/tri1/graph/HCLG.fst "ark,s,cs:apply-cmvn  --utt2spk=ark:data/test/split16/6/utt2spk scp:data/test/split16/6/cmvn.scp scp:data/test/split16/6/feats.scp ark:- | add-deltas  ark:- ark:- |" "ark:|gzip -c > exp/tri1/decode/lat.6.gz" 
# Started at Sun May 16 20:44:10 CST 2021
#
gmm-latgen-faster --max-active=7000 '--beam=13.0' --lattice-beam=6.0 --acoustic-scale=0.083333 --allow-partial=true --word-symbol-table=exp/tri1/graph/words.txt exp/tri1/final.mdl exp/tri1/graph/HCLG.fst 'ark,s,cs:apply-cmvn  --utt2spk=ark:data/test/split16/6/utt2spk scp:data/test/split16/6/cmvn.scp scp:data/test/split16/6/feats.scp ark:- | add-deltas  ark:- ark:- |' 'ark:|gzip -c > exp/tri1/decode/lat.6.gz' 
add-deltas ark:- ark:- 
apply-cmvn --utt2spk=ark:data/test/split16/6/utt2spk scp:data/test/split16/6/cmvn.scp scp:data/test/split16/6/feats.scp ark:- 
weather005_010 YAN ANG LATEST MULA DITO SA PAGASA ITO PO SI LORIDIN DELA CRUZ 
LOG (gmm-latgen-faster[5.5.896~1-8a59]:DecodeUtteranceLatticeFaster():decoder-wrappers.cc:375) Log-like per frame for utterance weather005_010 is -8.04399 over 391 frames.
weather006_001 MAGANDANG HAPON SA ATING MGA TAGA PANOOD AT NANDITO PO ULIT TAYO PARA ALAMIN ANG NILALAMAN NG ATING FIVE PM WEATHER FORECAST NGAYONG ARAW NG BIYERNES DECEMBER SIXTEEN TWO TAAS AND SIXTEEN 
LOG (gmm-latgen-faster[5.5.896~1-8a59]:DecodeUtteranceLatticeFaster():decoder-wrappers.cc:375) Log-like per frame for utterance weather006_001 is -8.0828 over 1146 frames.
weather006_002 MERON PO TAYONG TATLONG WEATHER SYSTEM NA NAKAKAAPEKTO DITO SA ATING BANSA ANG UNA PO AY ITONG NORTHEAST MONSOON NA NAKAKAAPEKTO PO YAN DITO SA MAY NORTHERN LUZON 
LOG (gmm-latgen-faster[5.5.896~1-8a59]:DecodeUtteranceLatticeFaster():decoder-wrappers.cc:375) Log-like per frame for utterance weather006_002 is -8.12895 over 966 frames.
weather006_003 SAMANTALANG MERON PO TAYONG TAIL END OF A COLD PRONE O ETO PONG PAGSASALUBONG NG NORTHEAST MONSOON AT EASTERLIES NAKAKAAPEKTO NAMAN YAN DITO SA SILANGANG BAHAGI NG CENTRAL AND SOUTHERN LUZON 
LOG (gmm-latgen-faster[5.5.896~1-8a59]:DecodeUtteranceLatticeFaster():decoder-wrappers.cc:375) Log-like per frame for utterance weather006_003 is -8.27697 over 1086 frames.
weather006_004 YUNG PANGATLONG WEATHER SYSTEM PO NATIN AY ITONG TROUGH NG LOW PRESSURE AREA NA NAKAKAAPEKTO NAMAN PO YAN DITO SA MAY MINDANAO 
LOG (gmm-latgen-faster[5.5.896~1-8a59]:DecodeUtteranceLatticeFaster():decoder-wrappers.cc:375) Log-like per frame for utterance weather006_004 is -8.2619 over 707 frames.
weather006_005 NA DIYAN ALAMIN PO NATIN YUNG MAGIGING TAYA NG PANAHON NATIN SA LOOB PO SA SUSUNOD NA BENTE QUATRO ORAS 
LOG (gmm-latgen-faster[5.5.896~1-8a59]:DecodeUtteranceLatticeFaster():decoder-wrappers.cc:375) Log-like per frame for utterance weather006_005 is -8.09518 over 642 frames.
weather006_006 DITO PO SA PROBINSYA NG ISANG AURORA QUEZON KASAMA NA PO YUNG BUONG KABIKULAN AT DITO SA DITO SA MAY SAMAR PROVINCES MAGKAKAROON TAYO NG MODERATE TO OCCASIONALLY HEAVY RAINS NA MAAARI PO YANG MAGDULOT NG FLASH FLOOD AND LANDSLIDE 
LOG (gmm-latgen-faster[5.5.896~1-8a59]:DecodeUtteranceLatticeFaster():decoder-wrappers.cc:375) Log-like per frame for utterance weather006_006 is -8.21236 over 1650 frames.
LOG (apply-cmvn[5.5.896~1-8a59]:main():apply-cmvn.cc:162) Applied cepstral mean normalization to 9 utterances, errors on 0
weather006_007 SAMANTALANG SA METRO MANILA SA NATITIRANG BAHAGI NG CALABARZON MIMAROPA NATITIRANG BAHAGI NG VISAYAS AT BUONG MINDANAO ASAHAN PO NATIN MAGIGING MAULAP ANG ATING KALANGITAN NA MAY KASAMA YANG MAHINA HANGGANG SA KATAMTAMANG MGA PAGULAN AT MGA PAGKIDLAT AT PAGKULOG 
LOG (gmm-latgen-faster[5.5.896~1-8a59]:DecodeUtteranceLatticeFaster():decoder-wrappers.cc:375) Log-like per frame for utterance weather006_007 is -8.13092 over 1730 frames.
weather006_008 SAMANTALANG SA NATITIRANG BAHAGI NG LUZON ETO PONG REHIYON NG ILOCOS CORDILLERA CAGAYAN VALLEY NATITIRANG BAHAGI NG CENTRAL LUZON AY ASAHAN ANG PO NATIN MAGIGING MAULAP RIN ANG KALANGITAN NA MAY KASAMA LAMANG MGA MAHINANG MGA PAGULAN 
LOG (gmm-latgen-faster[5.5.896~1-8a59]:DecodeUtteranceLatticeFaster():decoder-wrappers.cc:375) Log-like per frame for utterance weather006_008 is -8.11086 over 1571 frames.
LOG (gmm-latgen-faster[5.5.896~1-8a59]:main():gmm-latgen-faster.cc:176) Time taken 39.471s: real-time factor assuming 100 frames/sec is 0.39914
LOG (gmm-latgen-faster[5.5.896~1-8a59]:main():gmm-latgen-faster.cc:179) Done 9 utterances, failed for 0
LOG (gmm-latgen-faster[5.5.896~1-8a59]:main():gmm-latgen-faster.cc:181) Overall log-likelihood per frame is -8.1552 over 9889 frames.
# Accounting: time=41 threads=1
# Ended (code 0) at Sun May 16 20:44:51 CST 2021, elapsed time 41 seconds
