# gmm-latgen-faster --max-active=7000 "--beam=13.0" --lattice-beam=6.0 --acoustic-scale=0.083333 --allow-partial=true --word-symbol-table=exp/tri1/graph/words.txt exp/tri1/final.mdl exp/tri1/graph/HCLG.fst "ark,s,cs:apply-cmvn  --utt2spk=ark:data/test/split16/15/utt2spk scp:data/test/split16/15/cmvn.scp scp:data/test/split16/15/feats.scp ark:- | add-deltas  ark:- ark:- |" "ark:|gzip -c > exp/tri1/decode/lat.15.gz" 
# Started at Sun May 16 20:44:10 CST 2021
#
gmm-latgen-faster --max-active=7000 '--beam=13.0' --lattice-beam=6.0 --acoustic-scale=0.083333 --allow-partial=true --word-symbol-table=exp/tri1/graph/words.txt exp/tri1/final.mdl exp/tri1/graph/HCLG.fst 'ark,s,cs:apply-cmvn  --utt2spk=ark:data/test/split16/15/utt2spk scp:data/test/split16/15/cmvn.scp scp:data/test/split16/15/feats.scp ark:- | add-deltas  ark:- ark:- |' 'ark:|gzip -c > exp/tri1/decode/lat.15.gz' 
add-deltas ark:- ark:- 
apply-cmvn --utt2spk=ark:data/test/split16/15/utt2spk scp:data/test/split16/15/cmvn.scp scp:data/test/split16/15/feats.scp ark:- 
weather013_007 SA VISAYAS MAAYOS ANG PANAHON SA UMAGA PERO MAY ULAN NA SA WESTERN VISAYAS LALO NA SA MAY NEGROS PROVINCES AT DIYAN SA MAY AH CEBU AT BOHOL PAGDATING NAMAN ANG HAPON 
LOG (gmm-latgen-faster[5.5.896~1-8a59]:DecodeUtteranceLatticeFaster():decoder-wrappers.cc:375) Log-like per frame for utterance weather013_007 is -8.81084 over 995 frames.
weather013_008 MAGHAPON MANG MAULAN SA MGA REHIYON NG NORTHERN MINDANAO AT DAVAO REGION AT MAGING I AM READY PO SA THUNDERSTORM NA KUNG MINSAN MALALAKAS MGA KULAY ORANGE YAN PAGDATING SA HAPON 
LOG (gmm-latgen-faster[5.5.896~1-8a59]:DecodeUtteranceLatticeFaster():decoder-wrappers.cc:375) Log-like per frame for utterance weather013_008 is -8.82708 over 1023 frames.
weather013_009 AT SA DATOS EIGHTY MGA KAPUSO SAAN GINAGANAP ANG PALARONG PAMBANSA MAGHAPON NA MAKAKARANAS NG PAGULAN AT NASA FORTY DEGREES CELSIUS YUNG POSIBLENG INIT FACTOR 
LOG (gmm-latgen-faster[5.5.896~1-8a59]:DecodeUtteranceLatticeFaster():decoder-wrappers.cc:375) Log-like per frame for utterance weather013_009 is -8.7041 over 1074 frames.
weather013_010 AT YAN ANG LATEST MULA SA GMA WEATHER AKO PO SI NATHANIEL CRUZ MAGPLANO PARA SIGURADO I AM READY SERBISYONG TOTOO NG GMA NEWS 
LOG (gmm-latgen-faster[5.5.896~1-8a59]:DecodeUtteranceLatticeFaster():decoder-wrappers.cc:375) Log-like per frame for utterance weather013_010 is -8.83725 over 748 frames.
weather014_001 WALANG BAGYONG NAMAMATAAN SA LOOB O LABAS NG PHILIPPINE AREA OF RESPONSIBILITY 
LOG (gmm-latgen-faster[5.5.896~1-8a59]:DecodeUtteranceLatticeFaster():decoder-wrappers.cc:375) Log-like per frame for utterance weather014_001 is -10.1796 over 426 frames.
LOG (apply-cmvn[5.5.896~1-8a59]:main():apply-cmvn.cc:162) Applied cepstral mean normalization to 9 utterances, errors on 0
weather014_002 EASTERLIES ANG PANGUNAHING WEATHER SYSTEM NA NAKAKAAPEKTO NGAYON SA MARAMING LUGAR SA BANSA 
LOG (gmm-latgen-faster[5.5.896~1-8a59]:DecodeUtteranceLatticeFaster():decoder-wrappers.cc:375) Log-like per frame for utterance weather014_002 is -10.0573 over 447 frames.
weather014_003 MALAPIT ULAN SA SILANGANG BAHAGI NG LUZON VISAYAS AT MINDANAO AYON PO YAN SA PAGASA 
LOG (gmm-latgen-faster[5.5.896~1-8a59]:DecodeUtteranceLatticeFaster():decoder-wrappers.cc:375) Log-like per frame for utterance weather014_003 is -10.0763 over 489 frames.
weather014_004 BUKAS MAGIGING MAULAP AT MAALINSANGAN DITO SA METRO MANILA PERO BASE SA DATOS NG METRAWEATHER POSIBLE PA RIN ANG ULAN O KAYA'Y THUNDERSTORMS SA ILANG BAHAGI NG AH MANILA 
LOG (gmm-latgen-faster[5.5.896~1-8a59]:DecodeUtteranceLatticeFaster():decoder-wrappers.cc:375) Log-like per frame for utterance weather014_004 is -10.0221 over 917 frames.
weather014_005 UMAGA PA LANG MAKARARANAS NAMAN ULAN NG SOUTHERN LUZON AT VISAYAS 
LOG (gmm-latgen-faster[5.5.896~1-8a59]:DecodeUtteranceLatticeFaster():decoder-wrappers.cc:375) Log-like per frame for utterance weather014_005 is -10.0046 over 346 frames.
LOG (gmm-latgen-faster[5.5.896~1-8a59]:main():gmm-latgen-faster.cc:176) Time taken 26.1524s: real-time factor assuming 100 frames/sec is 0.404523
LOG (gmm-latgen-faster[5.5.896~1-8a59]:main():gmm-latgen-faster.cc:179) Done 9 utterances, failed for 0
LOG (gmm-latgen-faster[5.5.896~1-8a59]:main():gmm-latgen-faster.cc:181) Overall log-likelihood per frame is -9.30652 over 6465 frames.
# Accounting: time=28 threads=1
# Ended (code 0) at Sun May 16 20:44:39 CST 2021, elapsed time 28 seconds
