# align-text ark:<( ali-to-phones exp/mono/final.mdl "ark:gunzip -c exp/mono_decode/ali.6.gz|" ark,t:- | int2sym.pl -f 2- exp/mono_decode/phones.txt - ) ark:<( lattice-to-phone-lattice exp/mono/final.mdl "ark:gunzip -c exp/mono/decode/lat.6.gz|" ark:- | lattice-best-path --acoustic-scale=0.1 ark:- ark,t:- ark:/dev/null | int2sym.pl -f 2- exp/mono_decode/phones.txt - ) ark:exp/mono_decode/confusions.6.txt 
# Started at Sun May 16 21:01:33 CST 2021
#
align-text ark:/dev/fd/63 ark:/dev/fd/62 ark:exp/mono_decode/confusions.6.txt 
ali-to-phones exp/mono/final.mdl 'ark:gunzip -c exp/mono_decode/ali.6.gz|' ark,t:- 
lattice-best-path --acoustic-scale=0.1 ark:- ark,t:- ark:/dev/null 
lattice-to-phone-lattice exp/mono/final.mdl 'ark:gunzip -c exp/mono/decode/lat.6.gz|' ark:- 
LOG (ali-to-phones[5.5.896~1-8a59]:main():ali-to-phones.cc:134) Done 9 utterances.
LOG (lattice-best-path[5.5.896~1-8a59]:main():lattice-best-path.cc:99) For utterance weather005_010, best cost 46.0544 + 3761.74 = 3807.79 over 391 frames.
LOG (lattice-best-path[5.5.896~1-8a59]:main():lattice-best-path.cc:99) For utterance weather006_001, best cost 185.782 + 10974.7 = 11160.5 over 1146 frames.
LOG (lattice-best-path[5.5.896~1-8a59]:main():lattice-best-path.cc:99) For utterance weather006_002, best cost 141.967 + 9392.43 = 9534.39 over 966 frames.
LOG (lattice-best-path[5.5.896~1-8a59]:main():lattice-best-path.cc:99) For utterance weather006_003, best cost 176.572 + 10669.6 = 10846.2 over 1086 frames.
LOG (lattice-best-path[5.5.896~1-8a59]:main():lattice-best-path.cc:99) For utterance weather006_004, best cost 127.26 + 6931.2 = 7058.46 over 707 frames.
LOG (lattice-best-path[5.5.896~1-8a59]:main():lattice-best-path.cc:99) For utterance weather006_005, best cost 115.128 + 6192 = 6307.12 over 642 frames.
LOG (lattice-best-path[5.5.896~1-8a59]:main():lattice-best-path.cc:99) For utterance weather006_006, best cost 247.598 + 16031.8 = 16279.4 over 1650 frames.
LOG (lattice-best-path[5.5.896~1-8a59]:main():lattice-best-path.cc:99) For utterance weather006_007, best cost 211.251 + 16801.2 = 17012.5 over 1730 frames.
LOG (lattice-to-phone-lattice[5.5.896~1-8a59]:main():lattice-to-phone-lattice.cc:94) Done converting 9 lattices.
LOG (lattice-best-path[5.5.896~1-8a59]:main():lattice-best-path.cc:99) For utterance weather006_008, best cost 204.167 + 15181.3 = 15385.5 over 1571 frames.
LOG (lattice-best-path[5.5.896~1-8a59]:main():lattice-best-path.cc:124) Overall cost per frame is 9.8485 = 0.147212 [graph] + 9.70129 [acoustic] over 9889 frames.
LOG (lattice-best-path[5.5.896~1-8a59]:main():lattice-best-path.cc:128) Done 9 lattices, failed for 0
LOG (align-text[5.5.896~1-8a59]:main():align-text.cc:135) Done 9 sentences, failed for 0
# Accounting: time=3 threads=1
# Ended (code 0) at Sun May 16 21:01:36 CST 2021, elapsed time 3 seconds
