# align-text ark:<( ali-to-phones exp/mono/final.mdl "ark:gunzip -c exp/mono_decode/ali.13.gz|" ark,t:- | int2sym.pl -f 2- exp/mono_decode/phones.txt - ) ark:<( lattice-to-phone-lattice exp/mono/final.mdl "ark:gunzip -c exp/mono/decode/lat.13.gz|" ark:- | lattice-best-path --acoustic-scale=0.1 ark:- ark,t:- ark:/dev/null | int2sym.pl -f 2- exp/mono_decode/phones.txt - ) ark:exp/mono_decode/confusions.13.txt 
# Started at Sun May 16 21:01:33 CST 2021
#
lattice-to-phone-lattice exp/mono/final.mdl 'ark:gunzip -c exp/mono/decode/lat.13.gz|' ark:- 
ali-to-phones exp/mono/final.mdl 'ark:gunzip -c exp/mono_decode/ali.13.gz|' ark,t:- 
align-text ark:/dev/fd/63 ark:/dev/fd/62 ark:exp/mono_decode/confusions.13.txt 
lattice-best-path --acoustic-scale=0.1 ark:- ark,t:- ark:/dev/null 
LOG (lattice-best-path[5.5.896~1-8a59]:main():lattice-best-path.cc:99) For utterance weather010_011, best cost 80.1964 + 7854.29 = 7934.48 over 732 frames.
LOG (lattice-best-path[5.5.896~1-8a59]:main():lattice-best-path.cc:99) For utterance weather011_001, best cost 86.3506 + 4742.33 = 4828.68 over 466 frames.
LOG (ali-to-phones[5.5.896~1-8a59]:main():ali-to-phones.cc:134) Done 8 utterances.
LOG (lattice-best-path[5.5.896~1-8a59]:main():lattice-best-path.cc:99) For utterance weather011_002, best cost 455.545 + 33864.5 = 34320.1 over 3290 frames.
LOG (lattice-best-path[5.5.896~1-8a59]:main():lattice-best-path.cc:99) For utterance weather011_003, best cost 179.397 + 12483.6 = 12663 over 1228 frames.
LOG (lattice-to-phone-lattice[5.5.896~1-8a59]:main():lattice-to-phone-lattice.cc:94) Done converting 9 lattices.
LOG (lattice-best-path[5.5.896~1-8a59]:main():lattice-best-path.cc:99) For utterance weather011_004, best cost 185.807 + 11163.3 = 11349.1 over 1113 frames.
LOG (lattice-best-path[5.5.896~1-8a59]:main():lattice-best-path.cc:99) For utterance weather011_005, best cost 108.575 + 7803.45 = 7912.03 over 778 frames.
LOG (lattice-best-path[5.5.896~1-8a59]:main():lattice-best-path.cc:99) For utterance weather011_006, best cost 165.173 + 11313.3 = 11478.5 over 1123 frames.
LOG (lattice-best-path[5.5.896~1-8a59]:main():lattice-best-path.cc:99) For utterance weather011_007, best cost 74.9501 + 7985.25 = 8060.21 over 782 frames.
LOG (lattice-best-path[5.5.896~1-8a59]:main():lattice-best-path.cc:99) For utterance weather012_001, best cost 55.2876 + 3417.24 = 3472.53 over 327 frames.
LOG (lattice-best-path[5.5.896~1-8a59]:main():lattice-best-path.cc:124) Overall cost per frame is 10.3688 = 0.141405 [graph] + 10.2274 [acoustic] over 9839 frames.
LOG (lattice-best-path[5.5.896~1-8a59]:main():lattice-best-path.cc:128) Done 9 lattices, failed for 0
LOG (align-text[5.5.896~1-8a59]:main():align-text.cc:135) Done 8 sentences, failed for 0
# Accounting: time=3 threads=1
# Ended (code 0) at Sun May 16 21:01:36 CST 2021, elapsed time 3 seconds
