# align-text ark:<( ali-to-phones exp/tri3a/final.mdl "ark:gunzip -c exp/tri3a_decode/ali.9.gz|" ark,t:- | int2sym.pl -f 2- exp/tri3a_decode/phones.txt - ) ark:<( lattice-to-phone-lattice exp/tri3a/final.mdl "ark:gunzip -c exp/tri3a/decode/lat.9.gz|" ark:- | lattice-best-path --acoustic-scale=0.1 ark:- ark,t:- ark:/dev/null | int2sym.pl -f 2- exp/tri3a_decode/phones.txt - ) ark:exp/tri3a_decode/confusions.9.txt 
# Started at Sun May 16 21:01:49 CST 2021
#
ali-to-phones exp/tri3a/final.mdl 'ark:gunzip -c exp/tri3a_decode/ali.9.gz|' ark,t:- 
lattice-to-phone-lattice exp/tri3a/final.mdl 'ark:gunzip -c exp/tri3a/decode/lat.9.gz|' ark:- 
lattice-best-path --acoustic-scale=0.1 ark:- ark,t:- ark:/dev/null 
align-text ark:/dev/fd/63 ark:/dev/fd/62 ark:exp/tri3a_decode/confusions.9.txt 
LOG (ali-to-phones[5.5.896~1-8a59]:main():ali-to-phones.cc:134) Done 9 utterances.
LOG (lattice-best-path[5.5.896~1-8a59]:main():lattice-best-path.cc:99) For utterance weather007_013, best cost 65.6098 + 2423.53 = 2489.14 over 524 frames.
LOG (lattice-best-path[5.5.896~1-8a59]:main():lattice-best-path.cc:99) For utterance weather007_014, best cost 248.384 + 9670.32 = 9918.71 over 2031 frames.
LOG (lattice-best-path[5.5.896~1-8a59]:main():lattice-best-path.cc:99) For utterance weather007_015, best cost 177.645 + 4491.9 = 4669.55 over 948 frames.
LOG (lattice-best-path[5.5.896~1-8a59]:main():lattice-best-path.cc:99) For utterance weather007_016, best cost 52.0987 + 2090.67 = 2142.77 over 467 frames.
LOG (lattice-best-path[5.5.896~1-8a59]:main():lattice-best-path.cc:99) For utterance weather008_001, best cost 70.9043 + 2974.82 = 3045.72 over 638 frames.
LOG (lattice-best-path[5.5.896~1-8a59]:main():lattice-best-path.cc:99) For utterance weather008_002, best cost 151.876 + 4320.36 = 4472.24 over 913 frames.
LOG (lattice-best-path[5.5.896~1-8a59]:main():lattice-best-path.cc:99) For utterance weather008_003, best cost 229.129 + 7606.95 = 7836.08 over 1600 frames.
LOG (lattice-best-path[5.5.896~1-8a59]:main():lattice-best-path.cc:99) For utterance weather008_004, best cost 263.724 + 9119.18 = 9382.91 over 1921 frames.
LOG (lattice-to-phone-lattice[5.5.896~1-8a59]:main():lattice-to-phone-lattice.cc:94) Done converting 9 lattices.
LOG (lattice-best-path[5.5.896~1-8a59]:main():lattice-best-path.cc:99) For utterance weather008_005, best cost 364.409 + 10814.8 = 11179.2 over 2236 frames.
LOG (lattice-best-path[5.5.896~1-8a59]:main():lattice-best-path.cc:124) Overall cost per frame is 4.88884 = 0.143978 [graph] + 4.74486 [acoustic] over 11278 frames.
LOG (lattice-best-path[5.5.896~1-8a59]:main():lattice-best-path.cc:128) Done 9 lattices, failed for 0
LOG (align-text[5.5.896~1-8a59]:main():align-text.cc:135) Done 9 sentences, failed for 0
# Accounting: time=4 threads=1
# Ended (code 0) at Sun May 16 21:01:53 CST 2021, elapsed time 4 seconds
