# align-text ark:<( ali-to-phones exp/tri3a/final.mdl "ark:gunzip -c exp/tri3a_decode/ali.2.gz|" ark,t:- | int2sym.pl -f 2- exp/tri3a_decode/phones.txt - ) ark:<( lattice-to-phone-lattice exp/tri3a/final.mdl "ark:gunzip -c exp/tri3a/decode/lat.2.gz|" ark:- | lattice-best-path --acoustic-scale=0.1 ark:- ark,t:- ark:/dev/null | int2sym.pl -f 2- exp/tri3a_decode/phones.txt - ) ark:exp/tri3a_decode/confusions.2.txt 
# Started at Sun May 16 21:01:49 CST 2021
#
lattice-to-phone-lattice exp/tri3a/final.mdl 'ark:gunzip -c exp/tri3a/decode/lat.2.gz|' ark:- 
align-text ark:/dev/fd/63 ark:/dev/fd/62 ark:exp/tri3a_decode/confusions.2.txt 
lattice-best-path --acoustic-scale=0.1 ark:- ark,t:- ark:/dev/null 
ali-to-phones exp/tri3a/final.mdl 'ark:gunzip -c exp/tri3a_decode/ali.2.gz|' ark,t:- 
LOG (ali-to-phones[5.5.896~1-8a59]:main():ali-to-phones.cc:134) Done 9 utterances.
LOG (lattice-best-path[5.5.896~1-8a59]:main():lattice-best-path.cc:99) For utterance weather002_002, best cost 131.974 + 4736.11 = 4868.08 over 961 frames.
LOG (lattice-best-path[5.5.896~1-8a59]:main():lattice-best-path.cc:99) For utterance weather002_003, best cost 148.56 + 4544.97 = 4693.53 over 949 frames.
LOG (lattice-best-path[5.5.896~1-8a59]:main():lattice-best-path.cc:99) For utterance weather002_004, best cost 434.356 + 15397.3 = 15831.6 over 3153 frames.
LOG (lattice-best-path[5.5.896~1-8a59]:main():lattice-best-path.cc:99) For utterance weather002_005, best cost 147.57 + 4342.33 = 4489.9 over 859 frames.
LOG (lattice-best-path[5.5.896~1-8a59]:main():lattice-best-path.cc:99) For utterance weather003_001, best cost 120.678 + 4778.69 = 4899.36 over 1016 frames.
LOG (lattice-best-path[5.5.896~1-8a59]:main():lattice-best-path.cc:99) For utterance weather003_002, best cost 378.7 + 12562.8 = 12941.5 over 2581 frames.
LOG (lattice-best-path[5.5.896~1-8a59]:main():lattice-best-path.cc:99) For utterance weather003_003, best cost 97.5625 + 2972.53 = 3070.09 over 624 frames.
LOG (lattice-best-path[5.5.896~1-8a59]:main():lattice-best-path.cc:99) For utterance weather003_004, best cost 186.576 + 5056.27 = 5242.85 over 1062 frames.
LOG (lattice-to-phone-lattice[5.5.896~1-8a59]:main():lattice-to-phone-lattice.cc:94) Done converting 9 lattices.
LOG (lattice-best-path[5.5.896~1-8a59]:main():lattice-best-path.cc:99) For utterance weather003_005, best cost 401.395 + 11424.3 = 11825.6 over 2377 frames.
LOG (lattice-best-path[5.5.896~1-8a59]:main():lattice-best-path.cc:124) Overall cost per frame is 4.99651 = 0.150742 [graph] + 4.84577 [acoustic] over 13582 frames.
LOG (lattice-best-path[5.5.896~1-8a59]:main():lattice-best-path.cc:128) Done 9 lattices, failed for 0
LOG (align-text[5.5.896~1-8a59]:main():align-text.cc:135) Done 9 sentences, failed for 0
# Accounting: time=3 threads=1
# Ended (code 0) at Sun May 16 21:01:53 CST 2021, elapsed time 3 seconds
