# align-text ark:<( ali-to-phones exp/tri3a/final.mdl "ark:gunzip -c exp/tri3a_decode/ali.1.gz|" ark,t:- | int2sym.pl -f 2- exp/tri3a_decode/phones.txt - ) ark:<( lattice-to-phone-lattice exp/tri3a/final.mdl "ark:gunzip -c exp/tri3a/decode/lat.1.gz|" ark:- | lattice-best-path --acoustic-scale=0.1 ark:- ark,t:- ark:/dev/null | int2sym.pl -f 2- exp/tri3a_decode/phones.txt - ) ark:exp/tri3a_decode/confusions.1.txt 
# Started at Sun May 16 21:01:49 CST 2021
#
lattice-best-path --acoustic-scale=0.1 ark:- ark,t:- ark:/dev/null 
align-text ark:/dev/fd/63 ark:/dev/fd/62 ark:exp/tri3a_decode/confusions.1.txt 
ali-to-phones exp/tri3a/final.mdl 'ark:gunzip -c exp/tri3a_decode/ali.1.gz|' ark,t:- 
lattice-to-phone-lattice exp/tri3a/final.mdl 'ark:gunzip -c exp/tri3a/decode/lat.1.gz|' ark:- 
LOG (lattice-best-path[5.5.896~1-8a59]:main():lattice-best-path.cc:99) For utterance weather001_001, best cost 61.4034 + 2563.29 = 2624.69 over 517 frames.
LOG (lattice-best-path[5.5.896~1-8a59]:main():lattice-best-path.cc:99) For utterance weather001_002, best cost 61.8881 + 1771.92 = 1833.81 over 370 frames.
LOG (lattice-best-path[5.5.896~1-8a59]:main():lattice-best-path.cc:99) For utterance weather001_003, best cost 56.5943 + 1486.58 = 1543.18 over 297 frames.
LOG (lattice-best-path[5.5.896~1-8a59]:main():lattice-best-path.cc:99) For utterance weather001_004, best cost 242.802 + 8776.52 = 9019.32 over 1788 frames.
LOG (lattice-best-path[5.5.896~1-8a59]:main():lattice-best-path.cc:99) For utterance weather001_005, best cost 132.184 + 4562.98 = 4695.16 over 942 frames.
LOG (lattice-best-path[5.5.896~1-8a59]:main():lattice-best-path.cc:99) For utterance weather001_006, best cost 130.879 + 4311.83 = 4442.71 over 892 frames.
LOG (ali-to-phones[5.5.896~1-8a59]:main():ali-to-phones.cc:134) Done 9 utterances.
LOG (lattice-to-phone-lattice[5.5.896~1-8a59]:main():lattice-to-phone-lattice.cc:94) Done converting 9 lattices.
LOG (lattice-best-path[5.5.896~1-8a59]:main():lattice-best-path.cc:99) For utterance weather001_007, best cost 149.227 + 4903.31 = 5052.54 over 1007 frames.
LOG (lattice-best-path[5.5.896~1-8a59]:main():lattice-best-path.cc:99) For utterance weather001_008, best cost 107.609 + 3611.47 = 3719.08 over 751 frames.
LOG (lattice-best-path[5.5.896~1-8a59]:main():lattice-best-path.cc:99) For utterance weather002_001, best cost 202.734 + 6048.83 = 6251.56 over 1269 frames.
LOG (lattice-best-path[5.5.896~1-8a59]:main():lattice-best-path.cc:124) Overall cost per frame is 5.00218 = 0.146217 [graph] + 4.85596 [acoustic] over 7833 frames.
LOG (lattice-best-path[5.5.896~1-8a59]:main():lattice-best-path.cc:128) Done 9 lattices, failed for 0
LOG (align-text[5.5.896~1-8a59]:main():align-text.cc:135) Done 9 sentences, failed for 0
# Accounting: time=4 threads=1
# Ended (code 0) at Sun May 16 21:01:53 CST 2021, elapsed time 4 seconds
