# gmm-align-compiled --transition-scale=1.0 --acoustic-scale=0.1 --self-loop-scale=0.1 --beam=10 --retry-beam=40 --careful=false "gmm-boost-silence --boost=1.0 1 exp/tri3a/final.mdl - |" "ark:gunzip -c exp/tri3a_decode/fsts.7.gz|" "ark,s,cs:apply-cmvn  --utt2spk=ark:data/test/split16/7/utt2spk scp:data/test/split16/7/cmvn.scp scp:data/test/split16/7/feats.scp ark:- | splice-feats --left-context=3 --right-context=3 ark:- ark:- | transform-feats exp/tri3a/final.mat ark:- ark:- | transform-feats --utt2spk=ark:data/test/split16/7/utt2spk ark:exp/tri3a_decode/trans.7 ark:- ark:- |" "ark:|gzip -c >exp/tri3a_decode/ali.7.gz" 
# Started at Sun May 16 21:01:20 CST 2021
#
gmm-align-compiled --transition-scale=1.0 --acoustic-scale=0.1 --self-loop-scale=0.1 --beam=10 --retry-beam=40 --careful=false 'gmm-boost-silence --boost=1.0 1 exp/tri3a/final.mdl - |' 'ark:gunzip -c exp/tri3a_decode/fsts.7.gz|' 'ark,s,cs:apply-cmvn  --utt2spk=ark:data/test/split16/7/utt2spk scp:data/test/split16/7/cmvn.scp scp:data/test/split16/7/feats.scp ark:- | splice-feats --left-context=3 --right-context=3 ark:- ark:- | transform-feats exp/tri3a/final.mat ark:- ark:- | transform-feats --utt2spk=ark:data/test/split16/7/utt2spk ark:exp/tri3a_decode/trans.7 ark:- ark:- |' 'ark:|gzip -c >exp/tri3a_decode/ali.7.gz' 
gmm-boost-silence --boost=1.0 1 exp/tri3a/final.mdl - 
WARNING (gmm-boost-silence[5.5.896~1-8a59]:main():gmm-boost-silence.cc:82) The pdfs for the silence phones may be shared by other phones (note: this probably does not matter.)
LOG (gmm-boost-silence[5.5.896~1-8a59]:main():gmm-boost-silence.cc:93) Boosted weights for 5 pdfs, by factor of 1
LOG (gmm-boost-silence[5.5.896~1-8a59]:main():gmm-boost-silence.cc:103) Wrote model to -
apply-cmvn --utt2spk=ark:data/test/split16/7/utt2spk scp:data/test/split16/7/cmvn.scp scp:data/test/split16/7/feats.scp ark:- 
transform-feats --utt2spk=ark:data/test/split16/7/utt2spk ark:exp/tri3a_decode/trans.7 ark:- ark:- 
splice-feats --left-context=3 --right-context=3 ark:- ark:- 
transform-feats exp/tri3a/final.mat ark:- ark:- 
LOG (gmm-align-compiled[5.5.896~1-8a59]:main():gmm-align-compiled.cc:127) weather006_009
LOG (gmm-align-compiled[5.5.896~1-8a59]:main():gmm-align-compiled.cc:127) weather006_010
WARNING (gmm-align-compiled[5.5.896~1-8a59]:AlignUtteranceWrapper():decoder-wrappers.cc:617) Retrying utterance weather006_010 with beam 40
LOG (gmm-align-compiled[5.5.896~1-8a59]:main():gmm-align-compiled.cc:127) weather006_011
WARNING (gmm-align-compiled[5.5.896~1-8a59]:AlignUtteranceWrapper():decoder-wrappers.cc:617) Retrying utterance weather006_011 with beam 40
LOG (gmm-align-compiled[5.5.896~1-8a59]:main():gmm-align-compiled.cc:127) weather006_012
LOG (gmm-align-compiled[5.5.896~1-8a59]:main():gmm-align-compiled.cc:127) weather006_013
WARNING (gmm-align-compiled[5.5.896~1-8a59]:AlignUtteranceWrapper():decoder-wrappers.cc:617) Retrying utterance weather006_013 with beam 40
LOG (gmm-align-compiled[5.5.896~1-8a59]:main():gmm-align-compiled.cc:127) weather007_001
LOG (apply-cmvn[5.5.896~1-8a59]:main():apply-cmvn.cc:162) Applied cepstral mean normalization to 9 utterances, errors on 0
LOG (gmm-align-compiled[5.5.896~1-8a59]:main():gmm-align-compiled.cc:127) weather007_002
LOG (gmm-align-compiled[5.5.896~1-8a59]:main():gmm-align-compiled.cc:127) weather007_003
LOG (transform-feats[5.5.896~1-8a59]:main():transform-feats.cc:158) Overall average [pseudo-]logdet is -83.7749 over 19054 frames.
LOG (transform-feats[5.5.896~1-8a59]:main():transform-feats.cc:161) Applied transform to 9 utterances; 0 had errors.
LOG (transform-feats[5.5.896~1-8a59]:main():transform-feats.cc:158) Overall average logdet is 7.05328 over 19054 frames.
LOG (transform-feats[5.5.896~1-8a59]:main():transform-feats.cc:161) Applied transform to 9 utterances; 0 had errors.
LOG (gmm-align-compiled[5.5.896~1-8a59]:main():gmm-align-compiled.cc:127) weather007_004
LOG (gmm-align-compiled[5.5.896~1-8a59]:main():gmm-align-compiled.cc:135) Overall log-likelihood per frame is -48.0261 over 19054 frames.
LOG (gmm-align-compiled[5.5.896~1-8a59]:main():gmm-align-compiled.cc:137) Retried 3 out of 9 utterances.
LOG (gmm-align-compiled[5.5.896~1-8a59]:main():gmm-align-compiled.cc:139) Done 9, errors on 0
# Accounting: time=6 threads=1
# Ended (code 0) at Sun May 16 21:01:26 CST 2021, elapsed time 6 seconds
