# ali-to-post "ark:gunzip -c exp/tri3a_decode/pre_ali.1.gz|" ark:- | weight-silence-post 0.0 1:2:3:4:5:6:7:8:9:10 exp/tri3a/final.alimdl ark:- ark:- | gmm-post-to-gpost exp/tri3a/final.alimdl "ark,s,cs:apply-cmvn  --utt2spk=ark:data/test/split16/1/utt2spk scp:data/test/split16/1/cmvn.scp scp:data/test/split16/1/feats.scp ark:- | splice-feats --left-context=3 --right-context=3 ark:- ark:- | transform-feats exp/tri3a/final.mat ark:- ark:- |" ark:- ark:- | gmm-est-fmllr-gpost --fmllr-update-type=full --spk2utt=ark:data/test/split16/1/spk2utt exp/tri3a/final.mdl "ark,s,cs:apply-cmvn  --utt2spk=ark:data/test/split16/1/utt2spk scp:data/test/split16/1/cmvn.scp scp:data/test/split16/1/feats.scp ark:- | splice-feats --left-context=3 --right-context=3 ark:- ark:- | transform-feats exp/tri3a/final.mat ark:- ark:- |" ark,s,cs:- ark:exp/tri3a_decode/trans.1 
# Started at Sun May 16 21:01:11 CST 2021
#
gmm-post-to-gpost exp/tri3a/final.alimdl 'ark,s,cs:apply-cmvn  --utt2spk=ark:data/test/split16/1/utt2spk scp:data/test/split16/1/cmvn.scp scp:data/test/split16/1/feats.scp ark:- | splice-feats --left-context=3 --right-context=3 ark:- ark:- | transform-feats exp/tri3a/final.mat ark:- ark:- |' ark:- ark:- 
weight-silence-post 0.0 1:2:3:4:5:6:7:8:9:10 exp/tri3a/final.alimdl ark:- ark:- 
gmm-est-fmllr-gpost --fmllr-update-type=full --spk2utt=ark:data/test/split16/1/spk2utt exp/tri3a/final.mdl 'ark,s,cs:apply-cmvn  --utt2spk=ark:data/test/split16/1/utt2spk scp:data/test/split16/1/cmvn.scp scp:data/test/split16/1/feats.scp ark:- | splice-feats --left-context=3 --right-context=3 ark:- ark:- | transform-feats exp/tri3a/final.mat ark:- ark:- |' ark,s,cs:- ark:exp/tri3a_decode/trans.1 
ali-to-post 'ark:gunzip -c exp/tri3a_decode/pre_ali.1.gz|' ark:- 
apply-cmvn --utt2spk=ark:data/test/split16/1/utt2spk scp:data/test/split16/1/cmvn.scp scp:data/test/split16/1/feats.scp ark:- 
transform-feats exp/tri3a/final.mat ark:- ark:- 
splice-feats --left-context=3 --right-context=3 ark:- ark:- 
transform-feats exp/tri3a/final.mat ark:- ark:- 
apply-cmvn --utt2spk=ark:data/test/split16/1/utt2spk scp:data/test/split16/1/cmvn.scp scp:data/test/split16/1/feats.scp ark:- 
splice-feats --left-context=3 --right-context=3 ark:- ark:- 
LOG (ali-to-post[5.5.896~1-8a59]:main():ali-to-post.cc:73) Converted 9 alignments.
WARNING (gmm-est-fmllr-gpost[5.5.896~1-8a59]:Update():fmllr-diag-gmm.cc:162) Not updating fMLLR since below min-count: count is 480
LOG (gmm-est-fmllr-gpost[5.5.896~1-8a59]:main():gmm-est-fmllr-gpost.cc:141) For speaker weather001_001, auxf-impr from fMLLR is 0, over 480 frames.

WARNING (gmm-est-fmllr-gpost[5.5.896~1-8a59]:Update():fmllr-diag-gmm.cc:162) Not updating fMLLR since below min-count: count is 342
LOG (gmm-est-fmllr-gpost[5.5.896~1-8a59]:main():gmm-est-fmllr-gpost.cc:141) For speaker weather001_002, auxf-impr from fMLLR is 0, over 342 frames.

LOG (weight-silence-post[5.5.896~1-8a59]:main():weight-silence-post.cc:95) Done 9 posteriors.
WARNING (gmm-est-fmllr-gpost[5.5.896~1-8a59]:Update():fmllr-diag-gmm.cc:162) Not updating fMLLR since below min-count: count is 272
LOG (gmm-est-fmllr-gpost[5.5.896~1-8a59]:main():gmm-est-fmllr-gpost.cc:141) For speaker weather001_003, auxf-impr from fMLLR is 0, over 272 frames.

LOG (gmm-est-fmllr-gpost[5.5.896~1-8a59]:ComputeFmllrMatrixDiagGmmFull():fmllr-diag-gmm.cc:262) fMLLR objf improvement is 7.00428 per frame over 1632 frames.
LOG (gmm-est-fmllr-gpost[5.5.896~1-8a59]:main():gmm-est-fmllr-gpost.cc:141) For speaker weather001_004, auxf-impr from fMLLR is 7.00428, over 1632 frames.

LOG (apply-cmvn[5.5.896~1-8a59]:main():apply-cmvn.cc:162) Applied cepstral mean normalization to 9 utterances, errors on 0
LOG (gmm-est-fmllr-gpost[5.5.896~1-8a59]:ComputeFmllrMatrixDiagGmmFull():fmllr-diag-gmm.cc:262) fMLLR objf improvement is 7.05523 per frame over 830 frames.
LOG (gmm-est-fmllr-gpost[5.5.896~1-8a59]:main():gmm-est-fmllr-gpost.cc:141) For speaker weather001_005, auxf-impr from fMLLR is 7.05523, over 830 frames.

LOG (apply-cmvn[5.5.896~1-8a59]:main():apply-cmvn.cc:162) Applied cepstral mean normalization to 9 utterances, errors on 0
LOG (gmm-est-fmllr-gpost[5.5.896~1-8a59]:ComputeFmllrMatrixDiagGmmFull():fmllr-diag-gmm.cc:262) fMLLR objf improvement is 6.57092 per frame over 746 frames.
LOG (gmm-est-fmllr-gpost[5.5.896~1-8a59]:main():gmm-est-fmllr-gpost.cc:141) For speaker weather001_006, auxf-impr from fMLLR is 6.57092, over 746 frames.

LOG (gmm-est-fmllr-gpost[5.5.896~1-8a59]:ComputeFmllrMatrixDiagGmmFull():fmllr-diag-gmm.cc:262) fMLLR objf improvement is 7.08305 per frame over 921 frames.
LOG (gmm-est-fmllr-gpost[5.5.896~1-8a59]:main():gmm-est-fmllr-gpost.cc:141) For speaker weather001_007, auxf-impr from fMLLR is 7.08305, over 921 frames.

LOG (transform-feats[5.5.896~1-8a59]:main():transform-feats.cc:158) Overall average [pseudo-]logdet is -83.7749 over 7833 frames.
LOG (transform-feats[5.5.896~1-8a59]:main():transform-feats.cc:161) Applied transform to 9 utterances; 0 had errors.
LOG (gmm-est-fmllr-gpost[5.5.896~1-8a59]:ComputeFmllrMatrixDiagGmmFull():fmllr-diag-gmm.cc:262) fMLLR objf improvement is 8.09431 per frame over 709 frames.
LOG (gmm-est-fmllr-gpost[5.5.896~1-8a59]:main():gmm-est-fmllr-gpost.cc:141) For speaker weather001_008, auxf-impr from fMLLR is 8.09431, over 709 frames.

LOG (transform-feats[5.5.896~1-8a59]:main():transform-feats.cc:158) Overall average [pseudo-]logdet is -83.7749 over 7833 frames.
LOG (transform-feats[5.5.896~1-8a59]:main():transform-feats.cc:161) Applied transform to 9 utterances; 0 had errors.
LOG (gmm-post-to-gpost[5.5.896~1-8a59]:main():gmm-post-to-gpost.cc:124) Done 9 files, 0 with no posteriors, 0 with other errors.
LOG (gmm-post-to-gpost[5.5.896~1-8a59]:main():gmm-post-to-gpost.cc:128) Overall avg like per frame (Gaussian only) = -49.4859 over 7029 frames.
LOG (gmm-post-to-gpost[5.5.896~1-8a59]:main():gmm-post-to-gpost.cc:131) Done converting post to gpost
LOG (gmm-est-fmllr-gpost[5.5.896~1-8a59]:ComputeFmllrMatrixDiagGmmFull():fmllr-diag-gmm.cc:262) fMLLR objf improvement is 10.07 per frame over 1097 frames.
LOG (gmm-est-fmllr-gpost[5.5.896~1-8a59]:main():gmm-est-fmllr-gpost.cc:141) For speaker weather002_001, auxf-impr from fMLLR is 10.07, over 1097 frames.

LOG (gmm-est-fmllr-gpost[5.5.896~1-8a59]:main():gmm-est-fmllr-gpost.cc:186) Done 9 files, 0 with no gposts, 0 with other errors.
LOG (gmm-est-fmllr-gpost[5.5.896~1-8a59]:main():gmm-est-fmllr-gpost.cc:188) Overall fMLLR auxf impr per frame is 6.47288 over 7029 frames.
# Accounting: time=7 threads=1
# Ended (code 0) at Sun May 16 21:01:18 CST 2021, elapsed time 7 seconds
