# ali-to-post "ark:gunzip -c exp/tri3a_decode/pre_ali.16.gz|" ark:- | weight-silence-post 0.0 1:2:3:4:5:6:7:8:9:10 exp/tri3a/final.alimdl ark:- ark:- | gmm-post-to-gpost exp/tri3a/final.alimdl "ark,s,cs:apply-cmvn  --utt2spk=ark:data/test/split16/16/utt2spk scp:data/test/split16/16/cmvn.scp scp:data/test/split16/16/feats.scp ark:- | splice-feats --left-context=3 --right-context=3 ark:- ark:- | transform-feats exp/tri3a/final.mat ark:- ark:- |" ark:- ark:- | gmm-est-fmllr-gpost --fmllr-update-type=full --spk2utt=ark:data/test/split16/16/spk2utt exp/tri3a/final.mdl "ark,s,cs:apply-cmvn  --utt2spk=ark:data/test/split16/16/utt2spk scp:data/test/split16/16/cmvn.scp scp:data/test/split16/16/feats.scp ark:- | splice-feats --left-context=3 --right-context=3 ark:- ark:- | transform-feats exp/tri3a/final.mat ark:- ark:- |" ark,s,cs:- ark:exp/tri3a_decode/trans.16 
# Started at Sun May 16 21:01:11 CST 2021
#
weight-silence-post 0.0 1:2:3:4:5:6:7:8:9:10 exp/tri3a/final.alimdl ark:- ark:- 
gmm-post-to-gpost exp/tri3a/final.alimdl 'ark,s,cs:apply-cmvn  --utt2spk=ark:data/test/split16/16/utt2spk scp:data/test/split16/16/cmvn.scp scp:data/test/split16/16/feats.scp ark:- | splice-feats --left-context=3 --right-context=3 ark:- ark:- | transform-feats exp/tri3a/final.mat ark:- ark:- |' ark:- ark:- 
ali-to-post 'ark:gunzip -c exp/tri3a_decode/pre_ali.16.gz|' ark:- 
gmm-est-fmllr-gpost --fmllr-update-type=full --spk2utt=ark:data/test/split16/16/spk2utt exp/tri3a/final.mdl 'ark,s,cs:apply-cmvn  --utt2spk=ark:data/test/split16/16/utt2spk scp:data/test/split16/16/cmvn.scp scp:data/test/split16/16/feats.scp ark:- | splice-feats --left-context=3 --right-context=3 ark:- ark:- | transform-feats exp/tri3a/final.mat ark:- ark:- |' ark,s,cs:- ark:exp/tri3a_decode/trans.16 
LOG (ali-to-post[5.5.896~1-8a59]:main():ali-to-post.cc:73) Converted 8 alignments.
transform-feats exp/tri3a/final.mat ark:- ark:- 
splice-feats --left-context=3 --right-context=3 ark:- ark:- 
transform-feats exp/tri3a/final.mat ark:- ark:- 
apply-cmvn --utt2spk=ark:data/test/split16/16/utt2spk scp:data/test/split16/16/cmvn.scp scp:data/test/split16/16/feats.scp ark:- 
splice-feats --left-context=3 --right-context=3 ark:- ark:- 
apply-cmvn --utt2spk=ark:data/test/split16/16/utt2spk scp:data/test/split16/16/cmvn.scp scp:data/test/split16/16/feats.scp ark:- 
WARNING (gmm-est-fmllr-gpost[5.5.896~1-8a59]:Update():fmllr-diag-gmm.cc:162) Not updating fMLLR since below min-count: count is 440
LOG (gmm-est-fmllr-gpost[5.5.896~1-8a59]:main():gmm-est-fmllr-gpost.cc:141) For speaker weather014_006, auxf-impr from fMLLR is 0, over 440 frames.

WARNING (gmm-est-fmllr-gpost[5.5.896~1-8a59]:Update():fmllr-diag-gmm.cc:162) Not updating fMLLR since below min-count: count is 419
LOG (gmm-est-fmllr-gpost[5.5.896~1-8a59]:main():gmm-est-fmllr-gpost.cc:141) For speaker weather015_001, auxf-impr from fMLLR is 0, over 419 frames.

LOG (weight-silence-post[5.5.896~1-8a59]:main():weight-silence-post.cc:95) Done 8 posteriors.
LOG (apply-cmvn[5.5.896~1-8a59]:main():apply-cmvn.cc:162) Applied cepstral mean normalization to 8 utterances, errors on 0
LOG (gmm-est-fmllr-gpost[5.5.896~1-8a59]:ComputeFmllrMatrixDiagGmmFull():fmllr-diag-gmm.cc:262) fMLLR objf improvement is 9.94603 per frame over 1360 frames.
LOG (gmm-est-fmllr-gpost[5.5.896~1-8a59]:main():gmm-est-fmllr-gpost.cc:141) For speaker weather015_002, auxf-impr from fMLLR is 9.94603, over 1360 frames.

WARNING (gmm-est-fmllr-gpost[5.5.896~1-8a59]:Update():fmllr-diag-gmm.cc:162) Not updating fMLLR since below min-count: count is 292
LOG (gmm-est-fmllr-gpost[5.5.896~1-8a59]:main():gmm-est-fmllr-gpost.cc:141) For speaker weather015_003, auxf-impr from fMLLR is 0, over 292 frames.

LOG (apply-cmvn[5.5.896~1-8a59]:main():apply-cmvn.cc:162) Applied cepstral mean normalization to 8 utterances, errors on 0
LOG (gmm-est-fmllr-gpost[5.5.896~1-8a59]:ComputeFmllrMatrixDiagGmmFull():fmllr-diag-gmm.cc:262) fMLLR objf improvement is 9.2379 per frame over 1964 frames.
LOG (gmm-est-fmllr-gpost[5.5.896~1-8a59]:main():gmm-est-fmllr-gpost.cc:141) For speaker weather015_004, auxf-impr from fMLLR is 9.2379, over 1964 frames.

LOG (gmm-est-fmllr-gpost[5.5.896~1-8a59]:ComputeFmllrMatrixDiagGmmFull():fmllr-diag-gmm.cc:262) fMLLR objf improvement is 9.35054 per frame over 821 frames.
LOG (gmm-est-fmllr-gpost[5.5.896~1-8a59]:main():gmm-est-fmllr-gpost.cc:141) For speaker weather015_005, auxf-impr from fMLLR is 9.35054, over 821 frames.

LOG (transform-feats[5.5.896~1-8a59]:main():transform-feats.cc:158) Overall average [pseudo-]logdet is -83.7749 over 7974 frames.
LOG (transform-feats[5.5.896~1-8a59]:main():transform-feats.cc:161) Applied transform to 8 utterances; 0 had errors.
LOG (gmm-est-fmllr-gpost[5.5.896~1-8a59]:ComputeFmllrMatrixDiagGmmFull():fmllr-diag-gmm.cc:262) fMLLR objf improvement is 9.69486 per frame over 984 frames.
LOG (gmm-est-fmllr-gpost[5.5.896~1-8a59]:main():gmm-est-fmllr-gpost.cc:141) For speaker weather015_006, auxf-impr from fMLLR is 9.69486, over 984 frames.

LOG (transform-feats[5.5.896~1-8a59]:main():transform-feats.cc:158) Overall average [pseudo-]logdet is -83.7749 over 7974 frames.
LOG (transform-feats[5.5.896~1-8a59]:main():transform-feats.cc:161) Applied transform to 8 utterances; 0 had errors.
LOG (gmm-post-to-gpost[5.5.896~1-8a59]:main():gmm-post-to-gpost.cc:124) Done 8 files, 0 with no posteriors, 0 with other errors.
LOG (gmm-post-to-gpost[5.5.896~1-8a59]:main():gmm-post-to-gpost.cc:128) Overall avg like per frame (Gaussian only) = -58.9325 over 7161 frames.
LOG (gmm-post-to-gpost[5.5.896~1-8a59]:main():gmm-post-to-gpost.cc:131) Done converting post to gpost
LOG (gmm-est-fmllr-gpost[5.5.896~1-8a59]:ComputeFmllrMatrixDiagGmmFull():fmllr-diag-gmm.cc:262) fMLLR objf improvement is 11.6535 per frame over 881 frames.
LOG (gmm-est-fmllr-gpost[5.5.896~1-8a59]:main():gmm-est-fmllr-gpost.cc:141) For speaker weather015_007, auxf-impr from fMLLR is 11.6535, over 881 frames.

LOG (gmm-est-fmllr-gpost[5.5.896~1-8a59]:main():gmm-est-fmllr-gpost.cc:186) Done 8 files, 0 with no gposts, 0 with other errors.
LOG (gmm-est-fmllr-gpost[5.5.896~1-8a59]:main():gmm-est-fmllr-gpost.cc:188) Overall fMLLR auxf impr per frame is 8.26046 over 7161 frames.
# Accounting: time=7 threads=1
# Ended (code 0) at Sun May 16 21:01:18 CST 2021, elapsed time 7 seconds
