# compile-train-graphs --read-disambig-syms=data/lang/phones/disambig.int exp/tri1_ali/tree exp/tri1_ali/final.mdl data/lang/L.fst "ark:utils/sym2int.pl --map-oov 1 -f 2- data/lang/words.txt data/train/split16/12/text|" ark:- | gmm-align-compiled --transition-scale=1.0 --acoustic-scale=0.1 --self-loop-scale=0.1 --beam=10 --retry-beam=40 --careful=false "gmm-boost-silence --boost=1.0 1 exp/tri1_ali/final.mdl - |" ark:- "ark,s,cs:apply-cmvn  --utt2spk=ark:data/train/split16/12/utt2spk scp:data/train/split16/12/cmvn.scp scp:data/train/split16/12/feats.scp ark:- | add-deltas  ark:- ark:- |" "ark,t:|gzip -c >exp/tri1_ali/ali.12.gz" 
# Started at Sun May 16 20:45:16 CST 2021
#
gmm-align-compiled --transition-scale=1.0 --acoustic-scale=0.1 --self-loop-scale=0.1 --beam=10 --retry-beam=40 --careful=false 'gmm-boost-silence --boost=1.0 1 exp/tri1_ali/final.mdl - |' ark:- 'ark,s,cs:apply-cmvn  --utt2spk=ark:data/train/split16/12/utt2spk scp:data/train/split16/12/cmvn.scp scp:data/train/split16/12/feats.scp ark:- | add-deltas  ark:- ark:- |' 'ark,t:|gzip -c >exp/tri1_ali/ali.12.gz' 
compile-train-graphs --read-disambig-syms=data/lang/phones/disambig.int exp/tri1_ali/tree exp/tri1_ali/final.mdl data/lang/L.fst 'ark:utils/sym2int.pl --map-oov 1 -f 2- data/lang/words.txt data/train/split16/12/text|' ark:- 
gmm-boost-silence --boost=1.0 1 exp/tri1_ali/final.mdl - 
WARNING (gmm-boost-silence[5.5.896~1-8a59]:main():gmm-boost-silence.cc:82) The pdfs for the silence phones may be shared by other phones (note: this probably does not matter.)
LOG (gmm-boost-silence[5.5.896~1-8a59]:main():gmm-boost-silence.cc:93) Boosted weights for 5 pdfs, by factor of 1
LOG (gmm-boost-silence[5.5.896~1-8a59]:main():gmm-boost-silence.cc:103) Wrote model to -
apply-cmvn --utt2spk=ark:data/train/split16/12/utt2spk scp:data/train/split16/12/cmvn.scp scp:data/train/split16/12/feats.scp ark:- 
add-deltas ark:- ark:- 
LOG (gmm-align-compiled[5.5.896~1-8a59]:main():gmm-align-compiled.cc:127) weather054_011
LOG (gmm-align-compiled[5.5.896~1-8a59]:main():gmm-align-compiled.cc:127) weather054_012
LOG (gmm-align-compiled[5.5.896~1-8a59]:main():gmm-align-compiled.cc:127) weather054_013
LOG (gmm-align-compiled[5.5.896~1-8a59]:main():gmm-align-compiled.cc:127) weather054_014
LOG (gmm-align-compiled[5.5.896~1-8a59]:main():gmm-align-compiled.cc:127) weather054_015
LOG (gmm-align-compiled[5.5.896~1-8a59]:main():gmm-align-compiled.cc:127) weather054_016
LOG (gmm-align-compiled[5.5.896~1-8a59]:main():gmm-align-compiled.cc:127) weather054_017
LOG (gmm-align-compiled[5.5.896~1-8a59]:main():gmm-align-compiled.cc:127) weather054_018
LOG (gmm-align-compiled[5.5.896~1-8a59]:main():gmm-align-compiled.cc:127) weather054_019
LOG (gmm-align-compiled[5.5.896~1-8a59]:main():gmm-align-compiled.cc:127) weather054_020
LOG (gmm-align-compiled[5.5.896~1-8a59]:main():gmm-align-compiled.cc:127) weather054_021
LOG (gmm-align-compiled[5.5.896~1-8a59]:main():gmm-align-compiled.cc:127) weather054_022
LOG (gmm-align-compiled[5.5.896~1-8a59]:main():gmm-align-compiled.cc:127) weather055_001
LOG (gmm-align-compiled[5.5.896~1-8a59]:main():gmm-align-compiled.cc:127) weather055_002
LOG (gmm-align-compiled[5.5.896~1-8a59]:main():gmm-align-compiled.cc:127) weather055_003
LOG (gmm-align-compiled[5.5.896~1-8a59]:main():gmm-align-compiled.cc:127) weather055_004
LOG (gmm-align-compiled[5.5.896~1-8a59]:main():gmm-align-compiled.cc:127) weather055_005
LOG (gmm-align-compiled[5.5.896~1-8a59]:main():gmm-align-compiled.cc:127) weather055_006
LOG (gmm-align-compiled[5.5.896~1-8a59]:main():gmm-align-compiled.cc:127) weather055_007
LOG (gmm-align-compiled[5.5.896~1-8a59]:main():gmm-align-compiled.cc:127) weather055_008
LOG (gmm-align-compiled[5.5.896~1-8a59]:main():gmm-align-compiled.cc:127) weather055_009
LOG (gmm-align-compiled[5.5.896~1-8a59]:main():gmm-align-compiled.cc:127) weather055_010
LOG (gmm-align-compiled[5.5.896~1-8a59]:main():gmm-align-compiled.cc:127) weather055_011
LOG (gmm-align-compiled[5.5.896~1-8a59]:main():gmm-align-compiled.cc:127) weather055_012
LOG (gmm-align-compiled[5.5.896~1-8a59]:main():gmm-align-compiled.cc:127) weather055_013
LOG (gmm-align-compiled[5.5.896~1-8a59]:main():gmm-align-compiled.cc:127) weather055_014
LOG (gmm-align-compiled[5.5.896~1-8a59]:main():gmm-align-compiled.cc:127) weather055_015
LOG (gmm-align-compiled[5.5.896~1-8a59]:main():gmm-align-compiled.cc:127) weather055_016
LOG (gmm-align-compiled[5.5.896~1-8a59]:main():gmm-align-compiled.cc:127) weather056_001
LOG (gmm-align-compiled[5.5.896~1-8a59]:main():gmm-align-compiled.cc:127) weather056_002
LOG (gmm-align-compiled[5.5.896~1-8a59]:main():gmm-align-compiled.cc:127) weather056_003
LOG (gmm-align-compiled[5.5.896~1-8a59]:main():gmm-align-compiled.cc:127) weather056_004
LOG (gmm-align-compiled[5.5.896~1-8a59]:main():gmm-align-compiled.cc:127) weather056_005
LOG (gmm-align-compiled[5.5.896~1-8a59]:main():gmm-align-compiled.cc:127) weather056_006
LOG (gmm-align-compiled[5.5.896~1-8a59]:main():gmm-align-compiled.cc:127) weather056_007
LOG (gmm-align-compiled[5.5.896~1-8a59]:main():gmm-align-compiled.cc:127) weather056_008
LOG (gmm-align-compiled[5.5.896~1-8a59]:main():gmm-align-compiled.cc:127) weather056_009
LOG (gmm-align-compiled[5.5.896~1-8a59]:main():gmm-align-compiled.cc:127) weather056_010
LOG (gmm-align-compiled[5.5.896~1-8a59]:main():gmm-align-compiled.cc:127) weather056_011
LOG (gmm-align-compiled[5.5.896~1-8a59]:main():gmm-align-compiled.cc:127) weather056_012
LOG (gmm-align-compiled[5.5.896~1-8a59]:main():gmm-align-compiled.cc:127) weather056_013
LOG (gmm-align-compiled[5.5.896~1-8a59]:main():gmm-align-compiled.cc:127) weather056_014
LOG (gmm-align-compiled[5.5.896~1-8a59]:main():gmm-align-compiled.cc:127) weather056_015
LOG (apply-cmvn[5.5.896~1-8a59]:main():apply-cmvn.cc:162) Applied cepstral mean normalization to 45 utterances, errors on 0
LOG (gmm-align-compiled[5.5.896~1-8a59]:main():gmm-align-compiled.cc:127) weather056_016
LOG (compile-train-graphs[5.5.896~1-8a59]:main():compile-train-graphs.cc:147) compile-train-graphs: succeeded for 45 graphs, failed for 0
LOG (gmm-align-compiled[5.5.896~1-8a59]:main():gmm-align-compiled.cc:127) weather056_017
LOG (gmm-align-compiled[5.5.896~1-8a59]:main():gmm-align-compiled.cc:135) Overall log-likelihood per frame is -93.6042 over 48674 frames.
LOG (gmm-align-compiled[5.5.896~1-8a59]:main():gmm-align-compiled.cc:137) Retried 0 out of 45 utterances.
LOG (gmm-align-compiled[5.5.896~1-8a59]:main():gmm-align-compiled.cc:139) Done 45, errors on 0
# Accounting: time=9 threads=1
# Ended (code 0) at Sun May 16 20:45:25 CST 2021, elapsed time 9 seconds
