# gmm-align-compiled --transition-scale=1.0 --acoustic-scale=0.1 --self-loop-scale=0.1 --beam=10 --retry-beam=40 --careful=false "gmm-boost-silence --boost=1.0 1 exp/tri4a/final.mdl - |" "ark:gunzip -c exp/tri4a_ali/fsts.3.gz|" "ark,s,cs:apply-cmvn  --utt2spk=ark:data/train/split4/3/utt2spk scp:data/train/split4/3/cmvn.scp scp:data/train/split4/3/feats.scp ark:- | splice-feats  ark:- ark:- | transform-feats exp/tri4a/final.mat ark:- ark:- | transform-feats --utt2spk=ark:data/train/split4/3/utt2spk ark:exp/tri4a_ali/trans.3 ark:- ark:- |" "ark:|gzip -c >exp/tri4a_ali/ali.3.gz" 
# Started at Wed Mar 31 21:57:13 CST 2021
#
gmm-align-compiled --transition-scale=1.0 --acoustic-scale=0.1 --self-loop-scale=0.1 --beam=10 --retry-beam=40 --careful=false 'gmm-boost-silence --boost=1.0 1 exp/tri4a/final.mdl - |' 'ark:gunzip -c exp/tri4a_ali/fsts.3.gz|' 'ark,s,cs:apply-cmvn  --utt2spk=ark:data/train/split4/3/utt2spk scp:data/train/split4/3/cmvn.scp scp:data/train/split4/3/feats.scp ark:- | splice-feats  ark:- ark:- | transform-feats exp/tri4a/final.mat ark:- ark:- | transform-feats --utt2spk=ark:data/train/split4/3/utt2spk ark:exp/tri4a_ali/trans.3 ark:- ark:- |' 'ark:|gzip -c >exp/tri4a_ali/ali.3.gz' 
gmm-boost-silence --boost=1.0 1 exp/tri4a/final.mdl - 
WARNING (gmm-boost-silence[5.5.896~1-8a59]:main():gmm-boost-silence.cc:82) The pdfs for the silence phones may be shared by other phones (note: this probably does not matter.)
LOG (gmm-boost-silence[5.5.896~1-8a59]:main():gmm-boost-silence.cc:93) Boosted weights for 5 pdfs, by factor of 1
LOG (gmm-boost-silence[5.5.896~1-8a59]:main():gmm-boost-silence.cc:103) Wrote model to -
apply-cmvn --utt2spk=ark:data/train/split4/3/utt2spk scp:data/train/split4/3/cmvn.scp scp:data/train/split4/3/feats.scp ark:- 
splice-feats ark:- ark:- 
transform-feats --utt2spk=ark:data/train/split4/3/utt2spk ark:exp/tri4a_ali/trans.3 ark:- ark:- 
transform-feats exp/tri4a/final.mat ark:- ark:- 
LOG (gmm-align-compiled[5.5.896~1-8a59]:main():gmm-align-compiled.cc:127) weather014_005
LOG (gmm-align-compiled[5.5.896~1-8a59]:main():gmm-align-compiled.cc:127) weather014_006
LOG (gmm-align-compiled[5.5.896~1-8a59]:main():gmm-align-compiled.cc:127) weather015_001
LOG (gmm-align-compiled[5.5.896~1-8a59]:main():gmm-align-compiled.cc:127) weather015_002
LOG (gmm-align-compiled[5.5.896~1-8a59]:main():gmm-align-compiled.cc:127) weather015_003
LOG (gmm-align-compiled[5.5.896~1-8a59]:main():gmm-align-compiled.cc:127) weather015_004
LOG (gmm-align-compiled[5.5.896~1-8a59]:main():gmm-align-compiled.cc:127) weather015_005
LOG (gmm-align-compiled[5.5.896~1-8a59]:main():gmm-align-compiled.cc:127) weather015_006
LOG (gmm-align-compiled[5.5.896~1-8a59]:main():gmm-align-compiled.cc:127) weather015_007
LOG (gmm-align-compiled[5.5.896~1-8a59]:main():gmm-align-compiled.cc:127) weather015_008
LOG (gmm-align-compiled[5.5.896~1-8a59]:main():gmm-align-compiled.cc:127) weather015_009
LOG (gmm-align-compiled[5.5.896~1-8a59]:main():gmm-align-compiled.cc:127) weather016_001
LOG (gmm-align-compiled[5.5.896~1-8a59]:main():gmm-align-compiled.cc:127) weather016_002
LOG (gmm-align-compiled[5.5.896~1-8a59]:main():gmm-align-compiled.cc:127) weather016_003
LOG (gmm-align-compiled[5.5.896~1-8a59]:main():gmm-align-compiled.cc:127) weather016_004
LOG (gmm-align-compiled[5.5.896~1-8a59]:main():gmm-align-compiled.cc:127) weather016_005
LOG (gmm-align-compiled[5.5.896~1-8a59]:main():gmm-align-compiled.cc:127) weather016_006
LOG (gmm-align-compiled[5.5.896~1-8a59]:main():gmm-align-compiled.cc:127) weather016_007
LOG (gmm-align-compiled[5.5.896~1-8a59]:main():gmm-align-compiled.cc:127) weather016_008
LOG (gmm-align-compiled[5.5.896~1-8a59]:main():gmm-align-compiled.cc:127) weather016_009
LOG (gmm-align-compiled[5.5.896~1-8a59]:main():gmm-align-compiled.cc:127) weather016_010
LOG (gmm-align-compiled[5.5.896~1-8a59]:main():gmm-align-compiled.cc:127) weather017_001
LOG (gmm-align-compiled[5.5.896~1-8a59]:main():gmm-align-compiled.cc:127) weather017_002
LOG (gmm-align-compiled[5.5.896~1-8a59]:main():gmm-align-compiled.cc:127) weather017_003
LOG (gmm-align-compiled[5.5.896~1-8a59]:main():gmm-align-compiled.cc:127) weather017_004
LOG (gmm-align-compiled[5.5.896~1-8a59]:main():gmm-align-compiled.cc:127) weather017_005
LOG (gmm-align-compiled[5.5.896~1-8a59]:main():gmm-align-compiled.cc:127) weather017_006
LOG (gmm-align-compiled[5.5.896~1-8a59]:main():gmm-align-compiled.cc:127) weather017_007
LOG (gmm-align-compiled[5.5.896~1-8a59]:main():gmm-align-compiled.cc:127) weather017_008
LOG (gmm-align-compiled[5.5.896~1-8a59]:main():gmm-align-compiled.cc:127) weather018_001
LOG (gmm-align-compiled[5.5.896~1-8a59]:main():gmm-align-compiled.cc:127) weather018_002
LOG (gmm-align-compiled[5.5.896~1-8a59]:main():gmm-align-compiled.cc:127) weather018_003
LOG (gmm-align-compiled[5.5.896~1-8a59]:main():gmm-align-compiled.cc:127) weather018_004
LOG (gmm-align-compiled[5.5.896~1-8a59]:main():gmm-align-compiled.cc:127) weather018_005
LOG (gmm-align-compiled[5.5.896~1-8a59]:main():gmm-align-compiled.cc:127) weather018_006
LOG (gmm-align-compiled[5.5.896~1-8a59]:main():gmm-align-compiled.cc:127) weather018_007
LOG (gmm-align-compiled[5.5.896~1-8a59]:main():gmm-align-compiled.cc:127) weather018_008
LOG (gmm-align-compiled[5.5.896~1-8a59]:main():gmm-align-compiled.cc:127) weather018_009
LOG (gmm-align-compiled[5.5.896~1-8a59]:main():gmm-align-compiled.cc:127) weather019_001
LOG (gmm-align-compiled[5.5.896~1-8a59]:main():gmm-align-compiled.cc:127) weather019_002
LOG (gmm-align-compiled[5.5.896~1-8a59]:main():gmm-align-compiled.cc:127) weather019_003
LOG (gmm-align-compiled[5.5.896~1-8a59]:main():gmm-align-compiled.cc:127) weather019_004
LOG (gmm-align-compiled[5.5.896~1-8a59]:main():gmm-align-compiled.cc:127) weather019_005
LOG (gmm-align-compiled[5.5.896~1-8a59]:main():gmm-align-compiled.cc:127) weather019_006
LOG (gmm-align-compiled[5.5.896~1-8a59]:main():gmm-align-compiled.cc:127) weather019_007
LOG (gmm-align-compiled[5.5.896~1-8a59]:main():gmm-align-compiled.cc:127) weather019_008
LOG (gmm-align-compiled[5.5.896~1-8a59]:main():gmm-align-compiled.cc:127) weather019_009
LOG (gmm-align-compiled[5.5.896~1-8a59]:main():gmm-align-compiled.cc:127) weather020_001
LOG (gmm-align-compiled[5.5.896~1-8a59]:main():gmm-align-compiled.cc:127) weather020_002
LOG (gmm-align-compiled[5.5.896~1-8a59]:main():gmm-align-compiled.cc:127) weather020_003
LOG (gmm-align-compiled[5.5.896~1-8a59]:main():gmm-align-compiled.cc:127) weather020_004
LOG (gmm-align-compiled[5.5.896~1-8a59]:main():gmm-align-compiled.cc:127) weather020_005
LOG (gmm-align-compiled[5.5.896~1-8a59]:main():gmm-align-compiled.cc:127) weather021_001
LOG (gmm-align-compiled[5.5.896~1-8a59]:main():gmm-align-compiled.cc:127) weather021_002
LOG (gmm-align-compiled[5.5.896~1-8a59]:main():gmm-align-compiled.cc:127) weather021_003
LOG (gmm-align-compiled[5.5.896~1-8a59]:main():gmm-align-compiled.cc:127) weather021_004
LOG (gmm-align-compiled[5.5.896~1-8a59]:main():gmm-align-compiled.cc:127) weather021_005
LOG (gmm-align-compiled[5.5.896~1-8a59]:main():gmm-align-compiled.cc:127) weather021_006
LOG (gmm-align-compiled[5.5.896~1-8a59]:main():gmm-align-compiled.cc:127) weather021_007
LOG (gmm-align-compiled[5.5.896~1-8a59]:main():gmm-align-compiled.cc:127) weather021_008
LOG (gmm-align-compiled[5.5.896~1-8a59]:main():gmm-align-compiled.cc:127) weather021_009
LOG (gmm-align-compiled[5.5.896~1-8a59]:main():gmm-align-compiled.cc:127) weather021_010
LOG (apply-cmvn[5.5.896~1-8a59]:main():apply-cmvn.cc:162) Applied cepstral mean normalization to 67 utterances, errors on 0
LOG (gmm-align-compiled[5.5.896~1-8a59]:main():gmm-align-compiled.cc:127) weather021_011
LOG (gmm-align-compiled[5.5.896~1-8a59]:main():gmm-align-compiled.cc:127) weather021_012
LOG (gmm-align-compiled[5.5.896~1-8a59]:main():gmm-align-compiled.cc:127) weather021_013
LOG (gmm-align-compiled[5.5.896~1-8a59]:main():gmm-align-compiled.cc:127) weather022_001
LOG (transform-feats[5.5.896~1-8a59]:main():transform-feats.cc:158) Overall average [pseudo-]logdet is -89.1038 over 66358 frames.
LOG (transform-feats[5.5.896~1-8a59]:main():transform-feats.cc:161) Applied transform to 67 utterances; 0 had errors.
LOG (gmm-align-compiled[5.5.896~1-8a59]:main():gmm-align-compiled.cc:127) weather022_002
LOG (transform-feats[5.5.896~1-8a59]:main():transform-feats.cc:158) Overall average logdet is 1.5324 over 66358 frames.
LOG (transform-feats[5.5.896~1-8a59]:main():transform-feats.cc:161) Applied transform to 67 utterances; 0 had errors.
LOG (gmm-align-compiled[5.5.896~1-8a59]:main():gmm-align-compiled.cc:135) Overall log-likelihood per frame is -49.926 over 66358 frames.
LOG (gmm-align-compiled[5.5.896~1-8a59]:main():gmm-align-compiled.cc:137) Retried 0 out of 67 utterances.
LOG (gmm-align-compiled[5.5.896~1-8a59]:main():gmm-align-compiled.cc:139) Done 67, errors on 0
# Accounting: time=3 threads=1
# Ended (code 0) at Wed Mar 31 21:57:16 CST 2021, elapsed time 3 seconds
