# ali-to-post "ark:gunzip -c exp/tri4a_ali/pre_ali.1.gz|" ark:- | weight-silence-post 0.0 1:2:3:4:5:6:7:8:9:10 exp/tri4a/final.alimdl ark:- ark:- | gmm-post-to-gpost exp/tri4a/final.alimdl "ark,s,cs:apply-cmvn  --utt2spk=ark:data/train/split4/1/utt2spk scp:data/train/split4/1/cmvn.scp scp:data/train/split4/1/feats.scp ark:- | splice-feats  ark:- ark:- | transform-feats exp/tri4a/final.mat ark:- ark:- |" ark:- ark:- | gmm-est-fmllr-gpost --fmllr-update-type=full --spk2utt=ark:data/train/split4/1/spk2utt exp/tri4a/final.mdl "ark,s,cs:apply-cmvn  --utt2spk=ark:data/train/split4/1/utt2spk scp:data/train/split4/1/cmvn.scp scp:data/train/split4/1/feats.scp ark:- | splice-feats  ark:- ark:- | transform-feats exp/tri4a/final.mat ark:- ark:- |" ark,s,cs:- ark:exp/tri4a_ali/trans.1 
# Started at Wed Mar 31 21:57:07 CST 2021
#
weight-silence-post 0.0 1:2:3:4:5:6:7:8:9:10 exp/tri4a/final.alimdl ark:- ark:- 
gmm-est-fmllr-gpost --fmllr-update-type=full --spk2utt=ark:data/train/split4/1/spk2utt exp/tri4a/final.mdl 'ark,s,cs:apply-cmvn  --utt2spk=ark:data/train/split4/1/utt2spk scp:data/train/split4/1/cmvn.scp scp:data/train/split4/1/feats.scp ark:- | splice-feats  ark:- ark:- | transform-feats exp/tri4a/final.mat ark:- ark:- |' ark,s,cs:- ark:exp/tri4a_ali/trans.1 
gmm-post-to-gpost exp/tri4a/final.alimdl 'ark,s,cs:apply-cmvn  --utt2spk=ark:data/train/split4/1/utt2spk scp:data/train/split4/1/cmvn.scp scp:data/train/split4/1/feats.scp ark:- | splice-feats  ark:- ark:- | transform-feats exp/tri4a/final.mat ark:- ark:- |' ark:- ark:- 
ali-to-post 'ark:gunzip -c exp/tri4a_ali/pre_ali.1.gz|' ark:- 
apply-cmvn --utt2spk=ark:data/train/split4/1/utt2spk scp:data/train/split4/1/cmvn.scp scp:data/train/split4/1/feats.scp ark:- 
splice-feats ark:- ark:- 
transform-feats exp/tri4a/final.mat ark:- ark:- 
splice-feats ark:- ark:- 
transform-feats exp/tri4a/final.mat ark:- ark:- 
apply-cmvn --utt2spk=ark:data/train/split4/1/utt2spk scp:data/train/split4/1/cmvn.scp scp:data/train/split4/1/feats.scp ark:- 
WARNING (gmm-est-fmllr-gpost[5.5.896~1-8a59]:Update():fmllr-diag-gmm.cc:162) Not updating fMLLR since below min-count: count is 482
LOG (gmm-est-fmllr-gpost[5.5.896~1-8a59]:main():gmm-est-fmllr-gpost.cc:141) For speaker weather001_001, auxf-impr from fMLLR is 0, over 482 frames.

WARNING (gmm-est-fmllr-gpost[5.5.896~1-8a59]:Update():fmllr-diag-gmm.cc:162) Not updating fMLLR since below min-count: count is 346
LOG (gmm-est-fmllr-gpost[5.5.896~1-8a59]:main():gmm-est-fmllr-gpost.cc:141) For speaker weather001_002, auxf-impr from fMLLR is 0, over 346 frames.

WARNING (gmm-est-fmllr-gpost[5.5.896~1-8a59]:Update():fmllr-diag-gmm.cc:162) Not updating fMLLR since below min-count: count is 264
LOG (gmm-est-fmllr-gpost[5.5.896~1-8a59]:main():gmm-est-fmllr-gpost.cc:141) For speaker weather001_003, auxf-impr from fMLLR is 0, over 264 frames.

LOG (gmm-est-fmllr-gpost[5.5.896~1-8a59]:ComputeFmllrMatrixDiagGmmFull():fmllr-diag-gmm.cc:262) fMLLR objf improvement is 10.8484 per frame over 1619 frames.
LOG (gmm-est-fmllr-gpost[5.5.896~1-8a59]:main():gmm-est-fmllr-gpost.cc:141) For speaker weather001_004, auxf-impr from fMLLR is 10.8484, over 1619 frames.

LOG (gmm-est-fmllr-gpost[5.5.896~1-8a59]:ComputeFmllrMatrixDiagGmmFull():fmllr-diag-gmm.cc:262) fMLLR objf improvement is 14.4665 per frame over 823 frames.
LOG (gmm-est-fmllr-gpost[5.5.896~1-8a59]:main():gmm-est-fmllr-gpost.cc:141) For speaker weather001_005, auxf-impr from fMLLR is 14.4665, over 823 frames.

LOG (gmm-est-fmllr-gpost[5.5.896~1-8a59]:ComputeFmllrMatrixDiagGmmFull():fmllr-diag-gmm.cc:262) fMLLR objf improvement is 14.3754 per frame over 738 frames.
LOG (gmm-est-fmllr-gpost[5.5.896~1-8a59]:main():gmm-est-fmllr-gpost.cc:141) For speaker weather001_006, auxf-impr from fMLLR is 14.3754, over 738 frames.

LOG (gmm-est-fmllr-gpost[5.5.896~1-8a59]:ComputeFmllrMatrixDiagGmmFull():fmllr-diag-gmm.cc:262) fMLLR objf improvement is 12.5142 per frame over 925 frames.
LOG (gmm-est-fmllr-gpost[5.5.896~1-8a59]:main():gmm-est-fmllr-gpost.cc:141) For speaker weather001_007, auxf-impr from fMLLR is 12.5142, over 925 frames.

LOG (gmm-est-fmllr-gpost[5.5.896~1-8a59]:ComputeFmllrMatrixDiagGmmFull():fmllr-diag-gmm.cc:262) fMLLR objf improvement is 14.7676 per frame over 710 frames.
LOG (gmm-est-fmllr-gpost[5.5.896~1-8a59]:main():gmm-est-fmllr-gpost.cc:141) For speaker weather001_008, auxf-impr from fMLLR is 14.7676, over 710 frames.

LOG (gmm-est-fmllr-gpost[5.5.896~1-8a59]:ComputeFmllrMatrixDiagGmmFull():fmllr-diag-gmm.cc:262) fMLLR objf improvement is 17.9066 per frame over 1060 frames.
LOG (gmm-est-fmllr-gpost[5.5.896~1-8a59]:main():gmm-est-fmllr-gpost.cc:141) For speaker weather002_001, auxf-impr from fMLLR is 17.9066, over 1060 frames.

LOG (gmm-est-fmllr-gpost[5.5.896~1-8a59]:ComputeFmllrMatrixDiagGmmFull():fmllr-diag-gmm.cc:262) fMLLR objf improvement is 18.8102 per frame over 821 frames.
LOG (gmm-est-fmllr-gpost[5.5.896~1-8a59]:main():gmm-est-fmllr-gpost.cc:141) For speaker weather002_002, auxf-impr from fMLLR is 18.8102, over 821 frames.

LOG (gmm-est-fmllr-gpost[5.5.896~1-8a59]:ComputeFmllrMatrixDiagGmmFull():fmllr-diag-gmm.cc:262) fMLLR objf improvement is 21.8582 per frame over 833 frames.
LOG (gmm-est-fmllr-gpost[5.5.896~1-8a59]:main():gmm-est-fmllr-gpost.cc:141) For speaker weather002_003, auxf-impr from fMLLR is 21.8582, over 833 frames.

LOG (gmm-est-fmllr-gpost[5.5.896~1-8a59]:ComputeFmllrMatrixDiagGmmFull():fmllr-diag-gmm.cc:262) fMLLR objf improvement is 17.4471 per frame over 2658 frames.
LOG (gmm-est-fmllr-gpost[5.5.896~1-8a59]:main():gmm-est-fmllr-gpost.cc:141) For speaker weather002_004, auxf-impr from fMLLR is 17.4471, over 2658 frames.

LOG (gmm-est-fmllr-gpost[5.5.896~1-8a59]:ComputeFmllrMatrixDiagGmmFull():fmllr-diag-gmm.cc:262) fMLLR objf improvement is 18.2718 per frame over 823 frames.
LOG (gmm-est-fmllr-gpost[5.5.896~1-8a59]:main():gmm-est-fmllr-gpost.cc:141) For speaker weather002_005, auxf-impr from fMLLR is 18.2718, over 823 frames.

LOG (gmm-est-fmllr-gpost[5.5.896~1-8a59]:ComputeFmllrMatrixDiagGmmFull():fmllr-diag-gmm.cc:262) fMLLR objf improvement is 13.0611 per frame over 958 frames.
LOG (gmm-est-fmllr-gpost[5.5.896~1-8a59]:main():gmm-est-fmllr-gpost.cc:141) For speaker weather003_001, auxf-impr from fMLLR is 13.0611, over 958 frames.

LOG (gmm-est-fmllr-gpost[5.5.896~1-8a59]:ComputeFmllrMatrixDiagGmmFull():fmllr-diag-gmm.cc:262) fMLLR objf improvement is 12.2303 per frame over 2315 frames.
LOG (gmm-est-fmllr-gpost[5.5.896~1-8a59]:main():gmm-est-fmllr-gpost.cc:141) For speaker weather003_002, auxf-impr from fMLLR is 12.2303, over 2315 frames.

LOG (gmm-est-fmllr-gpost[5.5.896~1-8a59]:ComputeFmllrMatrixDiagGmmFull():fmllr-diag-gmm.cc:262) fMLLR objf improvement is 17.581 per frame over 572 frames.
LOG (gmm-est-fmllr-gpost[5.5.896~1-8a59]:main():gmm-est-fmllr-gpost.cc:141) For speaker weather003_003, auxf-impr from fMLLR is 17.581, over 572 frames.

LOG (gmm-est-fmllr-gpost[5.5.896~1-8a59]:ComputeFmllrMatrixDiagGmmFull():fmllr-diag-gmm.cc:262) fMLLR objf improvement is 13.5257 per frame over 970 frames.
LOG (gmm-est-fmllr-gpost[5.5.896~1-8a59]:main():gmm-est-fmllr-gpost.cc:141) For speaker weather003_004, auxf-impr from fMLLR is 13.5257, over 970 frames.

LOG (gmm-est-fmllr-gpost[5.5.896~1-8a59]:ComputeFmllrMatrixDiagGmmFull():fmllr-diag-gmm.cc:262) fMLLR objf improvement is 12.577 per frame over 2183 frames.
LOG (gmm-est-fmllr-gpost[5.5.896~1-8a59]:main():gmm-est-fmllr-gpost.cc:141) For speaker weather003_005, auxf-impr from fMLLR is 12.577, over 2183 frames.

LOG (gmm-est-fmllr-gpost[5.5.896~1-8a59]:ComputeFmllrMatrixDiagGmmFull():fmllr-diag-gmm.cc:262) fMLLR objf improvement is 13.1404 per frame over 1000 frames.
LOG (gmm-est-fmllr-gpost[5.5.896~1-8a59]:main():gmm-est-fmllr-gpost.cc:141) For speaker weather003_006, auxf-impr from fMLLR is 13.1404, over 1000 frames.

LOG (gmm-est-fmllr-gpost[5.5.896~1-8a59]:ComputeFmllrMatrixDiagGmmFull():fmllr-diag-gmm.cc:262) fMLLR objf improvement is 11.1106 per frame over 2464 frames.
LOG (gmm-est-fmllr-gpost[5.5.896~1-8a59]:main():gmm-est-fmllr-gpost.cc:141) For speaker weather003_007, auxf-impr from fMLLR is 11.1106, over 2464 frames.

LOG (gmm-est-fmllr-gpost[5.5.896~1-8a59]:ComputeFmllrMatrixDiagGmmFull():fmllr-diag-gmm.cc:262) fMLLR objf improvement is 11.3964 per frame over 3199 frames.
LOG (gmm-est-fmllr-gpost[5.5.896~1-8a59]:main():gmm-est-fmllr-gpost.cc:141) For speaker weather003_008, auxf-impr from fMLLR is 11.3964, over 3199 frames.

LOG (gmm-est-fmllr-gpost[5.5.896~1-8a59]:ComputeFmllrMatrixDiagGmmFull():fmllr-diag-gmm.cc:262) fMLLR objf improvement is 12.4362 per frame over 1617 frames.
LOG (gmm-est-fmllr-gpost[5.5.896~1-8a59]:main():gmm-est-fmllr-gpost.cc:141) For speaker weather003_009, auxf-impr from fMLLR is 12.4362, over 1617 frames.

LOG (gmm-est-fmllr-gpost[5.5.896~1-8a59]:ComputeFmllrMatrixDiagGmmFull():fmllr-diag-gmm.cc:262) fMLLR objf improvement is 14.9609 per frame over 865 frames.
LOG (gmm-est-fmllr-gpost[5.5.896~1-8a59]:main():gmm-est-fmllr-gpost.cc:141) For speaker weather003_010, auxf-impr from fMLLR is 14.9609, over 865 frames.

WARNING (gmm-est-fmllr-gpost[5.5.896~1-8a59]:Update():fmllr-diag-gmm.cc:162) Not updating fMLLR since below min-count: count is 408
LOG (gmm-est-fmllr-gpost[5.5.896~1-8a59]:main():gmm-est-fmllr-gpost.cc:141) For speaker weather003_011, auxf-impr from fMLLR is 0, over 408 frames.

LOG (gmm-est-fmllr-gpost[5.5.896~1-8a59]:ComputeFmllrMatrixDiagGmmFull():fmllr-diag-gmm.cc:262) fMLLR objf improvement is 18.0882 per frame over 1718 frames.
LOG (gmm-est-fmllr-gpost[5.5.896~1-8a59]:main():gmm-est-fmllr-gpost.cc:141) For speaker weather004_001, auxf-impr from fMLLR is 18.0882, over 1718 frames.

LOG (gmm-est-fmllr-gpost[5.5.896~1-8a59]:ComputeFmllrMatrixDiagGmmFull():fmllr-diag-gmm.cc:262) fMLLR objf improvement is 16.6575 per frame over 951 frames.
LOG (gmm-est-fmllr-gpost[5.5.896~1-8a59]:main():gmm-est-fmllr-gpost.cc:141) For speaker weather004_002, auxf-impr from fMLLR is 16.6575, over 951 frames.

LOG (gmm-est-fmllr-gpost[5.5.896~1-8a59]:ComputeFmllrMatrixDiagGmmFull():fmllr-diag-gmm.cc:262) fMLLR objf improvement is 17.2837 per frame over 1621 frames.
LOG (gmm-est-fmllr-gpost[5.5.896~1-8a59]:main():gmm-est-fmllr-gpost.cc:141) For speaker weather004_003, auxf-impr from fMLLR is 17.2837, over 1621 frames.

LOG (gmm-est-fmllr-gpost[5.5.896~1-8a59]:ComputeFmllrMatrixDiagGmmFull():fmllr-diag-gmm.cc:262) fMLLR objf improvement is 21.87 per frame over 695 frames.
LOG (gmm-est-fmllr-gpost[5.5.896~1-8a59]:main():gmm-est-fmllr-gpost.cc:141) For speaker weather004_004, auxf-impr from fMLLR is 21.8701, over 695 frames.

LOG (gmm-est-fmllr-gpost[5.5.896~1-8a59]:ComputeFmllrMatrixDiagGmmFull():fmllr-diag-gmm.cc:262) fMLLR objf improvement is 20.2602 per frame over 866 frames.
LOG (gmm-est-fmllr-gpost[5.5.896~1-8a59]:main():gmm-est-fmllr-gpost.cc:141) For speaker weather004_005, auxf-impr from fMLLR is 20.2602, over 866 frames.

WARNING (gmm-est-fmllr-gpost[5.5.896~1-8a59]:Update():fmllr-diag-gmm.cc:162) Not updating fMLLR since below min-count: count is 42
LOG (gmm-est-fmllr-gpost[5.5.896~1-8a59]:main():gmm-est-fmllr-gpost.cc:141) For speaker weather004_006, auxf-impr from fMLLR is 0, over 42 frames.

LOG (gmm-est-fmllr-gpost[5.5.896~1-8a59]:ComputeFmllrMatrixDiagGmmFull():fmllr-diag-gmm.cc:262) fMLLR objf improvement is 21.0309 per frame over 604 frames.
LOG (gmm-est-fmllr-gpost[5.5.896~1-8a59]:main():gmm-est-fmllr-gpost.cc:141) For speaker weather004_007, auxf-impr from fMLLR is 21.0309, over 604 frames.

LOG (gmm-est-fmllr-gpost[5.5.896~1-8a59]:ComputeFmllrMatrixDiagGmmFull():fmllr-diag-gmm.cc:262) fMLLR objf improvement is 17.7697 per frame over 1789 frames.
LOG (gmm-est-fmllr-gpost[5.5.896~1-8a59]:main():gmm-est-fmllr-gpost.cc:141) For speaker weather004_008, auxf-impr from fMLLR is 17.7697, over 1789 frames.

LOG (gmm-est-fmllr-gpost[5.5.896~1-8a59]:ComputeFmllrMatrixDiagGmmFull():fmllr-diag-gmm.cc:262) fMLLR objf improvement is 20.9881 per frame over 856 frames.
LOG (gmm-est-fmllr-gpost[5.5.896~1-8a59]:main():gmm-est-fmllr-gpost.cc:141) For speaker weather004_009, auxf-impr from fMLLR is 20.9881, over 856 frames.

LOG (gmm-est-fmllr-gpost[5.5.896~1-8a59]:ComputeFmllrMatrixDiagGmmFull():fmllr-diag-gmm.cc:262) fMLLR objf improvement is 19.1764 per frame over 1326 frames.
LOG (gmm-est-fmllr-gpost[5.5.896~1-8a59]:main():gmm-est-fmllr-gpost.cc:141) For speaker weather004_010, auxf-impr from fMLLR is 19.1764, over 1326 frames.

LOG (gmm-est-fmllr-gpost[5.5.896~1-8a59]:ComputeFmllrMatrixDiagGmmFull():fmllr-diag-gmm.cc:262) fMLLR objf improvement is 21.6338 per frame over 798 frames.
LOG (gmm-est-fmllr-gpost[5.5.896~1-8a59]:main():gmm-est-fmllr-gpost.cc:141) For speaker weather004_011, auxf-impr from fMLLR is 21.6338, over 798 frames.

LOG (gmm-est-fmllr-gpost[5.5.896~1-8a59]:ComputeFmllrMatrixDiagGmmFull():fmllr-diag-gmm.cc:262) fMLLR objf improvement is 19.3265 per frame over 561 frames.
LOG (gmm-est-fmllr-gpost[5.5.896~1-8a59]:main():gmm-est-fmllr-gpost.cc:141) For speaker weather004_012, auxf-impr from fMLLR is 19.3265, over 561 frames.

LOG (gmm-est-fmllr-gpost[5.5.896~1-8a59]:ComputeFmllrMatrixDiagGmmFull():fmllr-diag-gmm.cc:262) fMLLR objf improvement is 16.4628 per frame over 579 frames.
LOG (gmm-est-fmllr-gpost[5.5.896~1-8a59]:main():gmm-est-fmllr-gpost.cc:141) For speaker weather005_001, auxf-impr from fMLLR is 16.4628, over 579 frames.

LOG (gmm-est-fmllr-gpost[5.5.896~1-8a59]:ComputeFmllrMatrixDiagGmmFull():fmllr-diag-gmm.cc:262) fMLLR objf improvement is 11.1045 per frame over 2299 frames.
LOG (gmm-est-fmllr-gpost[5.5.896~1-8a59]:main():gmm-est-fmllr-gpost.cc:141) For speaker weather005_002, auxf-impr from fMLLR is 11.1045, over 2299 frames.

LOG (gmm-est-fmllr-gpost[5.5.896~1-8a59]:ComputeFmllrMatrixDiagGmmFull():fmllr-diag-gmm.cc:262) fMLLR objf improvement is 11.0361 per frame over 2389 frames.
LOG (gmm-est-fmllr-gpost[5.5.896~1-8a59]:main():gmm-est-fmllr-gpost.cc:141) For speaker weather005_003, auxf-impr from fMLLR is 11.0361, over 2389 frames.

LOG (gmm-est-fmllr-gpost[5.5.896~1-8a59]:ComputeFmllrMatrixDiagGmmFull():fmllr-diag-gmm.cc:262) fMLLR objf improvement is 13.2562 per frame over 1523 frames.
LOG (gmm-est-fmllr-gpost[5.5.896~1-8a59]:main():gmm-est-fmllr-gpost.cc:141) For speaker weather005_004, auxf-impr from fMLLR is 13.2562, over 1523 frames.

LOG (gmm-est-fmllr-gpost[5.5.896~1-8a59]:ComputeFmllrMatrixDiagGmmFull():fmllr-diag-gmm.cc:262) fMLLR objf improvement is 14.8248 per frame over 820 frames.
LOG (gmm-est-fmllr-gpost[5.5.896~1-8a59]:main():gmm-est-fmllr-gpost.cc:141) For speaker weather005_005, auxf-impr from fMLLR is 14.8248, over 820 frames.

LOG (gmm-est-fmllr-gpost[5.5.896~1-8a59]:ComputeFmllrMatrixDiagGmmFull():fmllr-diag-gmm.cc:262) fMLLR objf improvement is 11.5198 per frame over 1696 frames.
LOG (gmm-est-fmllr-gpost[5.5.896~1-8a59]:main():gmm-est-fmllr-gpost.cc:141) For speaker weather005_006, auxf-impr from fMLLR is 11.5198, over 1696 frames.

LOG (gmm-est-fmllr-gpost[5.5.896~1-8a59]:ComputeFmllrMatrixDiagGmmFull():fmllr-diag-gmm.cc:262) fMLLR objf improvement is 11.1932 per frame over 2571 frames.
LOG (gmm-est-fmllr-gpost[5.5.896~1-8a59]:main():gmm-est-fmllr-gpost.cc:141) For speaker weather005_007, auxf-impr from fMLLR is 11.1932, over 2571 frames.

LOG (gmm-est-fmllr-gpost[5.5.896~1-8a59]:ComputeFmllrMatrixDiagGmmFull():fmllr-diag-gmm.cc:262) fMLLR objf improvement is 11.9015 per frame over 1711 frames.
LOG (gmm-est-fmllr-gpost[5.5.896~1-8a59]:main():gmm-est-fmllr-gpost.cc:141) For speaker weather005_008, auxf-impr from fMLLR is 11.9015, over 1711 frames.

LOG (gmm-est-fmllr-gpost[5.5.896~1-8a59]:ComputeFmllrMatrixDiagGmmFull():fmllr-diag-gmm.cc:262) fMLLR objf improvement is 13.2159 per frame over 982 frames.
LOG (gmm-est-fmllr-gpost[5.5.896~1-8a59]:main():gmm-est-fmllr-gpost.cc:141) For speaker weather005_009, auxf-impr from fMLLR is 13.2159, over 982 frames.

WARNING (gmm-est-fmllr-gpost[5.5.896~1-8a59]:Update():fmllr-diag-gmm.cc:162) Not updating fMLLR since below min-count: count is 383
LOG (gmm-est-fmllr-gpost[5.5.896~1-8a59]:main():gmm-est-fmllr-gpost.cc:141) For speaker weather005_010, auxf-impr from fMLLR is 0, over 383 frames.

LOG (gmm-est-fmllr-gpost[5.5.896~1-8a59]:ComputeFmllrMatrixDiagGmmFull():fmllr-diag-gmm.cc:262) fMLLR objf improvement is 19.592 per frame over 1074 frames.
LOG (gmm-est-fmllr-gpost[5.5.896~1-8a59]:main():gmm-est-fmllr-gpost.cc:141) For speaker weather006_001, auxf-impr from fMLLR is 19.592, over 1074 frames.

LOG (gmm-est-fmllr-gpost[5.5.896~1-8a59]:ComputeFmllrMatrixDiagGmmFull():fmllr-diag-gmm.cc:262) fMLLR objf improvement is 19.9679 per frame over 906 frames.
LOG (gmm-est-fmllr-gpost[5.5.896~1-8a59]:main():gmm-est-fmllr-gpost.cc:141) For speaker weather006_002, auxf-impr from fMLLR is 19.9679, over 906 frames.

LOG (gmm-est-fmllr-gpost[5.5.896~1-8a59]:ComputeFmllrMatrixDiagGmmFull():fmllr-diag-gmm.cc:262) fMLLR objf improvement is 16.4819 per frame over 1003 frames.
LOG (gmm-est-fmllr-gpost[5.5.896~1-8a59]:main():gmm-est-fmllr-gpost.cc:141) For speaker weather006_003, auxf-impr from fMLLR is 16.4819, over 1003 frames.

LOG (gmm-est-fmllr-gpost[5.5.896~1-8a59]:ComputeFmllrMatrixDiagGmmFull():fmllr-diag-gmm.cc:262) fMLLR objf improvement is 17.9001 per frame over 668 frames.
LOG (gmm-est-fmllr-gpost[5.5.896~1-8a59]:main():gmm-est-fmllr-gpost.cc:141) For speaker weather006_004, auxf-impr from fMLLR is 17.9001, over 668 frames.

LOG (gmm-est-fmllr-gpost[5.5.896~1-8a59]:ComputeFmllrMatrixDiagGmmFull():fmllr-diag-gmm.cc:262) fMLLR objf improvement is 22.2229 per frame over 621 frames.
LOG (gmm-est-fmllr-gpost[5.5.896~1-8a59]:main():gmm-est-fmllr-gpost.cc:141) For speaker weather006_005, auxf-impr from fMLLR is 22.2229, over 621 frames.

LOG (gmm-est-fmllr-gpost[5.5.896~1-8a59]:ComputeFmllrMatrixDiagGmmFull():fmllr-diag-gmm.cc:262) fMLLR objf improvement is 14.9781 per frame over 1432 frames.
LOG (gmm-est-fmllr-gpost[5.5.896~1-8a59]:main():gmm-est-fmllr-gpost.cc:141) For speaker weather006_006, auxf-impr from fMLLR is 14.9781, over 1432 frames.

LOG (gmm-est-fmllr-gpost[5.5.896~1-8a59]:ComputeFmllrMatrixDiagGmmFull():fmllr-diag-gmm.cc:262) fMLLR objf improvement is 16.7348 per frame over 1544 frames.
LOG (gmm-est-fmllr-gpost[5.5.896~1-8a59]:main():gmm-est-fmllr-gpost.cc:141) For speaker weather006_007, auxf-impr from fMLLR is 16.7348, over 1544 frames.

LOG (gmm-est-fmllr-gpost[5.5.896~1-8a59]:ComputeFmllrMatrixDiagGmmFull():fmllr-diag-gmm.cc:262) fMLLR objf improvement is 16.4863 per frame over 1342 frames.
LOG (gmm-est-fmllr-gpost[5.5.896~1-8a59]:main():gmm-est-fmllr-gpost.cc:141) For speaker weather006_008, auxf-impr from fMLLR is 16.4863, over 1342 frames.

LOG (gmm-est-fmllr-gpost[5.5.896~1-8a59]:ComputeFmllrMatrixDiagGmmFull():fmllr-diag-gmm.cc:262) fMLLR objf improvement is 14.8326 per frame over 3293 frames.
LOG (gmm-est-fmllr-gpost[5.5.896~1-8a59]:main():gmm-est-fmllr-gpost.cc:141) For speaker weather006_009, auxf-impr from fMLLR is 14.8326, over 3293 frames.

LOG (gmm-est-fmllr-gpost[5.5.896~1-8a59]:ComputeFmllrMatrixDiagGmmFull():fmllr-diag-gmm.cc:262) fMLLR objf improvement is 15.7078 per frame over 1949 frames.
LOG (gmm-est-fmllr-gpost[5.5.896~1-8a59]:main():gmm-est-fmllr-gpost.cc:141) For speaker weather006_010, auxf-impr from fMLLR is 15.7078, over 1949 frames.

LOG (ali-to-post[5.5.896~1-8a59]:main():ali-to-post.cc:73) Converted 67 alignments.
LOG (gmm-est-fmllr-gpost[5.5.896~1-8a59]:ComputeFmllrMatrixDiagGmmFull():fmllr-diag-gmm.cc:262) fMLLR objf improvement is 14.8002 per frame over 2461 frames.
LOG (gmm-est-fmllr-gpost[5.5.896~1-8a59]:main():gmm-est-fmllr-gpost.cc:141) For speaker weather006_011, auxf-impr from fMLLR is 14.8002, over 2461 frames.

LOG (gmm-est-fmllr-gpost[5.5.896~1-8a59]:ComputeFmllrMatrixDiagGmmFull():fmllr-diag-gmm.cc:262) fMLLR objf improvement is 18.9294 per frame over 786 frames.
LOG (gmm-est-fmllr-gpost[5.5.896~1-8a59]:main():gmm-est-fmllr-gpost.cc:141) For speaker weather006_012, auxf-impr from fMLLR is 18.9294, over 786 frames.

LOG (gmm-est-fmllr-gpost[5.5.896~1-8a59]:ComputeFmllrMatrixDiagGmmFull():fmllr-diag-gmm.cc:262) fMLLR objf improvement is 12.7144 per frame over 3455 frames.
LOG (gmm-est-fmllr-gpost[5.5.896~1-8a59]:main():gmm-est-fmllr-gpost.cc:141) For speaker weather006_013, auxf-impr from fMLLR is 12.7144, over 3455 frames.

LOG (gmm-est-fmllr-gpost[5.5.896~1-8a59]:ComputeFmllrMatrixDiagGmmFull():fmllr-diag-gmm.cc:262) fMLLR objf improvement is 13.5584 per frame over 991 frames.
LOG (gmm-est-fmllr-gpost[5.5.896~1-8a59]:main():gmm-est-fmllr-gpost.cc:141) For speaker weather007_001, auxf-impr from fMLLR is 13.5584, over 991 frames.

LOG (weight-silence-post[5.5.896~1-8a59]:main():weight-silence-post.cc:95) Done 67 posteriors.
LOG (gmm-est-fmllr-gpost[5.5.896~1-8a59]:ComputeFmllrMatrixDiagGmmFull():fmllr-diag-gmm.cc:262) fMLLR objf improvement is 12.2252 per frame over 991 frames.
LOG (gmm-est-fmllr-gpost[5.5.896~1-8a59]:main():gmm-est-fmllr-gpost.cc:141) For speaker weather007_002, auxf-impr from fMLLR is 12.2252, over 991 frames.

LOG (gmm-est-fmllr-gpost[5.5.896~1-8a59]:ComputeFmllrMatrixDiagGmmFull():fmllr-diag-gmm.cc:262) fMLLR objf improvement is 14.3846 per frame over 625 frames.
LOG (gmm-est-fmllr-gpost[5.5.896~1-8a59]:main():gmm-est-fmllr-gpost.cc:141) For speaker weather007_003, auxf-impr from fMLLR is 14.3846, over 625 frames.

LOG (apply-cmvn[5.5.896~1-8a59]:main():apply-cmvn.cc:162) Applied cepstral mean normalization to 67 utterances, errors on 0
LOG (gmm-est-fmllr-gpost[5.5.896~1-8a59]:ComputeFmllrMatrixDiagGmmFull():fmllr-diag-gmm.cc:262) fMLLR objf improvement is 10.7753 per frame over 2678 frames.
LOG (gmm-est-fmllr-gpost[5.5.896~1-8a59]:main():gmm-est-fmllr-gpost.cc:141) For speaker weather007_004, auxf-impr from fMLLR is 10.7753, over 2678 frames.

LOG (apply-cmvn[5.5.896~1-8a59]:main():apply-cmvn.cc:162) Applied cepstral mean normalization to 67 utterances, errors on 0
LOG (gmm-est-fmllr-gpost[5.5.896~1-8a59]:ComputeFmllrMatrixDiagGmmFull():fmllr-diag-gmm.cc:262) fMLLR objf improvement is 14.7435 per frame over 729 frames.
LOG (gmm-est-fmllr-gpost[5.5.896~1-8a59]:main():gmm-est-fmllr-gpost.cc:141) For speaker weather007_005, auxf-impr from fMLLR is 14.7435, over 729 frames.

LOG (gmm-est-fmllr-gpost[5.5.896~1-8a59]:ComputeFmllrMatrixDiagGmmFull():fmllr-diag-gmm.cc:262) fMLLR objf improvement is 12.013 per frame over 1433 frames.
LOG (gmm-est-fmllr-gpost[5.5.896~1-8a59]:main():gmm-est-fmllr-gpost.cc:141) For speaker weather007_006, auxf-impr from fMLLR is 12.013, over 1433 frames.

LOG (transform-feats[5.5.896~1-8a59]:main():transform-feats.cc:158) Overall average [pseudo-]logdet is -89.1038 over 93879 frames.
LOG (transform-feats[5.5.896~1-8a59]:main():transform-feats.cc:161) Applied transform to 67 utterances; 0 had errors.
LOG (gmm-post-to-gpost[5.5.896~1-8a59]:main():gmm-post-to-gpost.cc:124) Done 67 files, 0 with no posteriors, 0 with other errors.
LOG (gmm-post-to-gpost[5.5.896~1-8a59]:main():gmm-post-to-gpost.cc:128) Overall avg like per frame (Gaussian only) = -43.0599 over 84842 frames.
LOG (gmm-post-to-gpost[5.5.896~1-8a59]:main():gmm-post-to-gpost.cc:131) Done converting post to gpost
LOG (gmm-est-fmllr-gpost[5.5.896~1-8a59]:ComputeFmllrMatrixDiagGmmFull():fmllr-diag-gmm.cc:262) fMLLR objf improvement is 14.956 per frame over 968 frames.
LOG (gmm-est-fmllr-gpost[5.5.896~1-8a59]:main():gmm-est-fmllr-gpost.cc:141) For speaker weather007_007, auxf-impr from fMLLR is 14.956, over 968 frames.

LOG (transform-feats[5.5.896~1-8a59]:main():transform-feats.cc:158) Overall average [pseudo-]logdet is -89.1038 over 93879 frames.
LOG (transform-feats[5.5.896~1-8a59]:main():transform-feats.cc:161) Applied transform to 67 utterances; 0 had errors.
WARNING (gmm-est-fmllr-gpost[5.5.896~1-8a59]:Update():fmllr-diag-gmm.cc:162) Not updating fMLLR since below min-count: count is 460
LOG (gmm-est-fmllr-gpost[5.5.896~1-8a59]:main():gmm-est-fmllr-gpost.cc:141) For speaker weather007_008, auxf-impr from fMLLR is 0, over 460 frames.

LOG (gmm-est-fmllr-gpost[5.5.896~1-8a59]:main():gmm-est-fmllr-gpost.cc:186) Done 67 files, 0 with no gposts, 0 with other errors.
LOG (gmm-est-fmllr-gpost[5.5.896~1-8a59]:main():gmm-est-fmllr-gpost.cc:188) Overall fMLLR auxf impr per frame is 14.2397 over 84842 frames.
# Accounting: time=6 threads=1
# Ended (code 0) at Wed Mar 31 21:57:13 CST 2021, elapsed time 6 seconds
