# build-tree --verbose=1 --max-leaves=4200 --cluster-thresh=-1 exp/tri1/treeacc data/lang/phones/roots.int exp/tri1/questions.qst data/lang/topo exp/tri1/tree 
# Started at Sat Apr  3 00:20:13 CST 2021
#
build-tree --verbose=1 --max-leaves=4200 --cluster-thresh=-1 exp/tri1/treeacc data/lang/phones/roots.int exp/tri1/questions.qst data/lang/topo exp/tri1/tree 
LOG (build-tree[5.5.896~1-8a59]:main():build-tree.cc:104) Number of separate statistics is 15657
LOG (build-tree[5.5.896~1-8a59]:BuildTree():build-tree.cc:161) BuildTree: before building trees, map has 47 leaves.
LOG (build-tree[5.5.896~1-8a59]:SplitDecisionTree():build-tree-utils.cc:577) DoDecisionTreeSplit: split 1402 times, #leaves now 1449
LOG (build-tree[5.5.896~1-8a59]:BuildTree():build-tree.cc:187) Setting clustering threshold to smallest split 300.111
VLOG[1] (build-tree[5.5.896~1-8a59]:BuildTree():build-tree.cc:196) After decision tree split, num-leaves = 1449, like-impr = 6.81054 per frame over 279892 frames.
VLOG[1] (build-tree[5.5.896~1-8a59]:BuildTree():build-tree.cc:200) Including just phones that were split, improvement is 6.81054 per frame over 279892 frames.
LOG (build-tree[5.5.896~1-8a59]:BuildTree():build-tree.cc:215) BuildTree: removed 414 leaves.
VLOG[1] (build-tree[5.5.896~1-8a59]:ClusterEventMapToNClustersRestrictedByMap():build-tree-utils.cc:914) Number of non-empty clusters in map = 47
VLOG[1] (build-tree[5.5.896~1-8a59]:ClusterEventMapToNClustersRestrictedByMap():build-tree-utils.cc:915) Number of non-empty clusters = 1035
LOG (build-tree[5.5.896~1-8a59]:BuildTree():build-tree.cc:231) BuildTree: Rounded num leaves to multiple of 8 by removing 3 leaves.
VLOG[1] (build-tree[5.5.896~1-8a59]:BuildTree():build-tree.cc:256) Objf change due to clustering -0.310606 per frame.
VLOG[1] (build-tree[5.5.896~1-8a59]:BuildTree():build-tree.cc:259) Normalizing over only split phones, this is: -0.310606 per frame.
VLOG[1] (build-tree[5.5.896~1-8a59]:BuildTree():build-tree.cc:262) Num-leaves is now 1032
VLOG[1] (build-tree[5.5.896~1-8a59]:main():build-tree.cc:143) For pdf-id 1, low count 57
VLOG[1] (build-tree[5.5.896~1-8a59]:main():build-tree.cc:143) For pdf-id 4, low count 42
VLOG[1] (build-tree[5.5.896~1-8a59]:main():build-tree.cc:143) For pdf-id 5, low count 14
VLOG[1] (build-tree[5.5.896~1-8a59]:main():build-tree.cc:143) For pdf-id 6, low count 56
VLOG[1] (build-tree[5.5.896~1-8a59]:main():build-tree.cc:143) For pdf-id 7, low count 6
VLOG[1] (build-tree[5.5.896~1-8a59]:main():build-tree.cc:143) For pdf-id 8, low count 92
VLOG[1] (build-tree[5.5.896~1-8a59]:main():build-tree.cc:143) For pdf-id 9, low count 15
VLOG[1] (build-tree[5.5.896~1-8a59]:main():build-tree.cc:143) For pdf-id 10, low count 85
VLOG[1] (build-tree[5.5.896~1-8a59]:main():build-tree.cc:143) For pdf-id 15, low count 10
VLOG[1] (build-tree[5.5.896~1-8a59]:main():build-tree.cc:143) For pdf-id 17, low count 77
VLOG[1] (build-tree[5.5.896~1-8a59]:main():build-tree.cc:143) For pdf-id 18, low count 72
VLOG[1] (build-tree[5.5.896~1-8a59]:main():build-tree.cc:143) For pdf-id 20, low count 88
VLOG[1] (build-tree[5.5.896~1-8a59]:main():build-tree.cc:143) For pdf-id 22, low count 43
VLOG[1] (build-tree[5.5.896~1-8a59]:main():build-tree.cc:143) For pdf-id 24, low count 59
VLOG[1] (build-tree[5.5.896~1-8a59]:main():build-tree.cc:143) For pdf-id 29, low count 26
VLOG[1] (build-tree[5.5.896~1-8a59]:main():build-tree.cc:143) For pdf-id 34, low count 95
VLOG[1] (build-tree[5.5.896~1-8a59]:main():build-tree.cc:143) For pdf-id 35, low count 9
VLOG[1] (build-tree[5.5.896~1-8a59]:main():build-tree.cc:143) For pdf-id 36, low count 32
VLOG[1] (build-tree[5.5.896~1-8a59]:main():build-tree.cc:143) For pdf-id 37, low count 51
VLOG[1] (build-tree[5.5.896~1-8a59]:main():build-tree.cc:143) For pdf-id 38, low count 92
VLOG[1] (build-tree[5.5.896~1-8a59]:main():build-tree.cc:143) For pdf-id 39, low count 40
VLOG[1] (build-tree[5.5.896~1-8a59]:main():build-tree.cc:143) For pdf-id 40, low count 40
VLOG[1] (build-tree[5.5.896~1-8a59]:main():build-tree.cc:143) For pdf-id 43, low count 94
VLOG[1] (build-tree[5.5.896~1-8a59]:main():build-tree.cc:143) For pdf-id 44, low count 34
VLOG[1] (build-tree[5.5.896~1-8a59]:main():build-tree.cc:143) For pdf-id 46, low count 61
VLOG[1] (build-tree[5.5.896~1-8a59]:main():build-tree.cc:143) For pdf-id 56, low count 19
VLOG[1] (build-tree[5.5.896~1-8a59]:main():build-tree.cc:143) For pdf-id 58, low count 38
VLOG[1] (build-tree[5.5.896~1-8a59]:main():build-tree.cc:143) For pdf-id 60, low count 29
VLOG[1] (build-tree[5.5.896~1-8a59]:main():build-tree.cc:143) For pdf-id 73, low count 72
VLOG[1] (build-tree[5.5.896~1-8a59]:main():build-tree.cc:143) For pdf-id 78, low count 20
VLOG[1] (build-tree[5.5.896~1-8a59]:main():build-tree.cc:143) For pdf-id 80, low count 37
VLOG[1] (build-tree[5.5.896~1-8a59]:main():build-tree.cc:143) For pdf-id 100, low count 95
VLOG[1] (build-tree[5.5.896~1-8a59]:main():build-tree.cc:143) For pdf-id 101, low count 53
VLOG[1] (build-tree[5.5.896~1-8a59]:main():build-tree.cc:143) For pdf-id 103, low count 69
VLOG[1] (build-tree[5.5.896~1-8a59]:main():build-tree.cc:143) For pdf-id 112, low count 20
VLOG[1] (build-tree[5.5.896~1-8a59]:main():build-tree.cc:143) For pdf-id 123, low count 62
VLOG[1] (build-tree[5.5.896~1-8a59]:main():build-tree.cc:143) For pdf-id 135, low count 60
VLOG[1] (build-tree[5.5.896~1-8a59]:main():build-tree.cc:143) For pdf-id 138, low count 90
VLOG[1] (build-tree[5.5.896~1-8a59]:main():build-tree.cc:143) For pdf-id 139, low count 75
VLOG[1] (build-tree[5.5.896~1-8a59]:main():build-tree.cc:143) For pdf-id 148, low count 37
VLOG[1] (build-tree[5.5.896~1-8a59]:main():build-tree.cc:143) For pdf-id 149, low count 60
VLOG[1] (build-tree[5.5.896~1-8a59]:main():build-tree.cc:143) For pdf-id 156, low count 84
VLOG[1] (build-tree[5.5.896~1-8a59]:main():build-tree.cc:143) For pdf-id 157, low count 85
VLOG[1] (build-tree[5.5.896~1-8a59]:main():build-tree.cc:143) For pdf-id 158, low count 59
VLOG[1] (build-tree[5.5.896~1-8a59]:main():build-tree.cc:143) For pdf-id 159, low count 68
VLOG[1] (build-tree[5.5.896~1-8a59]:main():build-tree.cc:143) For pdf-id 169, low count 96
VLOG[1] (build-tree[5.5.896~1-8a59]:main():build-tree.cc:143) For pdf-id 184, low count 92
VLOG[1] (build-tree[5.5.896~1-8a59]:main():build-tree.cc:143) For pdf-id 185, low count 65
VLOG[1] (build-tree[5.5.896~1-8a59]:main():build-tree.cc:143) For pdf-id 193, low count 81
VLOG[1] (build-tree[5.5.896~1-8a59]:main():build-tree.cc:143) For pdf-id 196, low count 45
VLOG[1] (build-tree[5.5.896~1-8a59]:main():build-tree.cc:143) For pdf-id 198, low count 61
VLOG[1] (build-tree[5.5.896~1-8a59]:main():build-tree.cc:143) For pdf-id 199, low count 66
VLOG[1] (build-tree[5.5.896~1-8a59]:main():build-tree.cc:143) For pdf-id 201, low count 33
VLOG[1] (build-tree[5.5.896~1-8a59]:main():build-tree.cc:143) For pdf-id 205, low count 51
VLOG[1] (build-tree[5.5.896~1-8a59]:main():build-tree.cc:143) For pdf-id 208, low count 80
VLOG[1] (build-tree[5.5.896~1-8a59]:main():build-tree.cc:143) For pdf-id 209, low count 32
VLOG[1] (build-tree[5.5.896~1-8a59]:main():build-tree.cc:143) For pdf-id 214, low count 35
VLOG[1] (build-tree[5.5.896~1-8a59]:main():build-tree.cc:143) For pdf-id 216, low count 66
VLOG[1] (build-tree[5.5.896~1-8a59]:main():build-tree.cc:143) For pdf-id 222, low count 91
VLOG[1] (build-tree[5.5.896~1-8a59]:main():build-tree.cc:143) For pdf-id 233, low count 58
VLOG[1] (build-tree[5.5.896~1-8a59]:main():build-tree.cc:143) For pdf-id 237, low count 72
VLOG[1] (build-tree[5.5.896~1-8a59]:main():build-tree.cc:143) For pdf-id 241, low count 69
VLOG[1] (build-tree[5.5.896~1-8a59]:main():build-tree.cc:143) For pdf-id 242, low count 52
VLOG[1] (build-tree[5.5.896~1-8a59]:main():build-tree.cc:143) For pdf-id 246, low count 66
VLOG[1] (build-tree[5.5.896~1-8a59]:main():build-tree.cc:143) For pdf-id 248, low count 29
VLOG[1] (build-tree[5.5.896~1-8a59]:main():build-tree.cc:143) For pdf-id 249, low count 17
VLOG[1] (build-tree[5.5.896~1-8a59]:main():build-tree.cc:143) For pdf-id 255, low count 93
VLOG[1] (build-tree[5.5.896~1-8a59]:main():build-tree.cc:143) For pdf-id 256, low count 68
VLOG[1] (build-tree[5.5.896~1-8a59]:main():build-tree.cc:143) For pdf-id 258, low count 47
VLOG[1] (build-tree[5.5.896~1-8a59]:main():build-tree.cc:143) For pdf-id 259, low count 89
VLOG[1] (build-tree[5.5.896~1-8a59]:main():build-tree.cc:143) For pdf-id 261, low count 95
VLOG[1] (build-tree[5.5.896~1-8a59]:main():build-tree.cc:143) For pdf-id 273, low count 84
VLOG[1] (build-tree[5.5.896~1-8a59]:main():build-tree.cc:143) For pdf-id 274, low count 39
VLOG[1] (build-tree[5.5.896~1-8a59]:main():build-tree.cc:143) For pdf-id 282, low count 83
VLOG[1] (build-tree[5.5.896~1-8a59]:main():build-tree.cc:143) For pdf-id 284, low count 85
VLOG[1] (build-tree[5.5.896~1-8a59]:main():build-tree.cc:143) For pdf-id 287, low count 75
VLOG[1] (build-tree[5.5.896~1-8a59]:main():build-tree.cc:143) For pdf-id 290, low count 45
VLOG[1] (build-tree[5.5.896~1-8a59]:main():build-tree.cc:143) For pdf-id 295, low count 62
VLOG[1] (build-tree[5.5.896~1-8a59]:main():build-tree.cc:143) For pdf-id 298, low count 67
VLOG[1] (build-tree[5.5.896~1-8a59]:main():build-tree.cc:143) For pdf-id 299, low count 96
VLOG[1] (build-tree[5.5.896~1-8a59]:main():build-tree.cc:143) For pdf-id 310, low count 55
VLOG[1] (build-tree[5.5.896~1-8a59]:main():build-tree.cc:143) For pdf-id 312, low count 68
VLOG[1] (build-tree[5.5.896~1-8a59]:main():build-tree.cc:143) For pdf-id 314, low count 95
VLOG[1] (build-tree[5.5.896~1-8a59]:main():build-tree.cc:143) For pdf-id 315, low count 84
VLOG[1] (build-tree[5.5.896~1-8a59]:main():build-tree.cc:143) For pdf-id 317, low count 31
VLOG[1] (build-tree[5.5.896~1-8a59]:main():build-tree.cc:143) For pdf-id 318, low count 41
VLOG[1] (build-tree[5.5.896~1-8a59]:main():build-tree.cc:143) For pdf-id 321, low count 83
VLOG[1] (build-tree[5.5.896~1-8a59]:main():build-tree.cc:143) For pdf-id 327, low count 88
VLOG[1] (build-tree[5.5.896~1-8a59]:main():build-tree.cc:143) For pdf-id 330, low count 74
VLOG[1] (build-tree[5.5.896~1-8a59]:main():build-tree.cc:143) For pdf-id 332, low count 33
VLOG[1] (build-tree[5.5.896~1-8a59]:main():build-tree.cc:143) For pdf-id 334, low count 90
VLOG[1] (build-tree[5.5.896~1-8a59]:main():build-tree.cc:143) For pdf-id 343, low count 27
VLOG[1] (build-tree[5.5.896~1-8a59]:main():build-tree.cc:143) For pdf-id 345, low count 41
VLOG[1] (build-tree[5.5.896~1-8a59]:main():build-tree.cc:143) For pdf-id 346, low count 63
VLOG[1] (build-tree[5.5.896~1-8a59]:main():build-tree.cc:143) For pdf-id 348, low count 66
VLOG[1] (build-tree[5.5.896~1-8a59]:main():build-tree.cc:143) For pdf-id 349, low count 98
VLOG[1] (build-tree[5.5.896~1-8a59]:main():build-tree.cc:143) For pdf-id 355, low count 88
VLOG[1] (build-tree[5.5.896~1-8a59]:main():build-tree.cc:143) For pdf-id 362, low count 88
VLOG[1] (build-tree[5.5.896~1-8a59]:main():build-tree.cc:143) For pdf-id 364, low count 54
VLOG[1] (build-tree[5.5.896~1-8a59]:main():build-tree.cc:143) For pdf-id 365, low count 78
VLOG[1] (build-tree[5.5.896~1-8a59]:main():build-tree.cc:143) For pdf-id 373, low count 12
VLOG[1] (build-tree[5.5.896~1-8a59]:main():build-tree.cc:143) For pdf-id 376, low count 46
VLOG[1] (build-tree[5.5.896~1-8a59]:main():build-tree.cc:143) For pdf-id 377, low count 95
VLOG[1] (build-tree[5.5.896~1-8a59]:main():build-tree.cc:143) For pdf-id 380, low count 76
VLOG[1] (build-tree[5.5.896~1-8a59]:main():build-tree.cc:143) For pdf-id 382, low count 99
VLOG[1] (build-tree[5.5.896~1-8a59]:main():build-tree.cc:143) For pdf-id 383, low count 38
VLOG[1] (build-tree[5.5.896~1-8a59]:main():build-tree.cc:143) For pdf-id 389, low count 92
VLOG[1] (build-tree[5.5.896~1-8a59]:main():build-tree.cc:143) For pdf-id 391, low count 79
VLOG[1] (build-tree[5.5.896~1-8a59]:main():build-tree.cc:143) For pdf-id 395, low count 20
VLOG[1] (build-tree[5.5.896~1-8a59]:main():build-tree.cc:143) For pdf-id 396, low count 76
VLOG[1] (build-tree[5.5.896~1-8a59]:main():build-tree.cc:143) For pdf-id 401, low count 89
VLOG[1] (build-tree[5.5.896~1-8a59]:main():build-tree.cc:143) For pdf-id 408, low count 32
VLOG[1] (build-tree[5.5.896~1-8a59]:main():build-tree.cc:143) For pdf-id 409, low count 26
VLOG[1] (build-tree[5.5.896~1-8a59]:main():build-tree.cc:143) For pdf-id 415, low count 58
VLOG[1] (build-tree[5.5.896~1-8a59]:main():build-tree.cc:143) For pdf-id 417, low count 63
VLOG[1] (build-tree[5.5.896~1-8a59]:main():build-tree.cc:143) For pdf-id 423, low count 83
VLOG[1] (build-tree[5.5.896~1-8a59]:main():build-tree.cc:143) For pdf-id 445, low count 92
VLOG[1] (build-tree[5.5.896~1-8a59]:main():build-tree.cc:143) For pdf-id 447, low count 49
VLOG[1] (build-tree[5.5.896~1-8a59]:main():build-tree.cc:143) For pdf-id 454, low count 57
VLOG[1] (build-tree[5.5.896~1-8a59]:main():build-tree.cc:143) For pdf-id 456, low count 87
VLOG[1] (build-tree[5.5.896~1-8a59]:main():build-tree.cc:143) For pdf-id 459, low count 88
VLOG[1] (build-tree[5.5.896~1-8a59]:main():build-tree.cc:143) For pdf-id 460, low count 81
VLOG[1] (build-tree[5.5.896~1-8a59]:main():build-tree.cc:143) For pdf-id 467, low count 89
VLOG[1] (build-tree[5.5.896~1-8a59]:main():build-tree.cc:143) For pdf-id 469, low count 37
VLOG[1] (build-tree[5.5.896~1-8a59]:main():build-tree.cc:143) For pdf-id 471, low count 67
VLOG[1] (build-tree[5.5.896~1-8a59]:main():build-tree.cc:143) For pdf-id 480, low count 52
VLOG[1] (build-tree[5.5.896~1-8a59]:main():build-tree.cc:143) For pdf-id 483, low count 73
VLOG[1] (build-tree[5.5.896~1-8a59]:main():build-tree.cc:143) For pdf-id 484, low count 94
VLOG[1] (build-tree[5.5.896~1-8a59]:main():build-tree.cc:143) For pdf-id 489, low count 89
VLOG[1] (build-tree[5.5.896~1-8a59]:main():build-tree.cc:143) For pdf-id 493, low count 49
VLOG[1] (build-tree[5.5.896~1-8a59]:main():build-tree.cc:143) For pdf-id 496, low count 96
VLOG[1] (build-tree[5.5.896~1-8a59]:main():build-tree.cc:143) For pdf-id 497, low count 68
VLOG[1] (build-tree[5.5.896~1-8a59]:main():build-tree.cc:143) For pdf-id 499, low count 24
VLOG[1] (build-tree[5.5.896~1-8a59]:main():build-tree.cc:143) For pdf-id 502, low count 35
VLOG[1] (build-tree[5.5.896~1-8a59]:main():build-tree.cc:143) For pdf-id 512, low count 78
VLOG[1] (build-tree[5.5.896~1-8a59]:main():build-tree.cc:143) For pdf-id 516, low count 23
VLOG[1] (build-tree[5.5.896~1-8a59]:main():build-tree.cc:143) For pdf-id 522, low count 61
VLOG[1] (build-tree[5.5.896~1-8a59]:main():build-tree.cc:143) For pdf-id 523, low count 16
VLOG[1] (build-tree[5.5.896~1-8a59]:main():build-tree.cc:143) For pdf-id 527, low count 33
VLOG[1] (build-tree[5.5.896~1-8a59]:main():build-tree.cc:143) For pdf-id 532, low count 78
VLOG[1] (build-tree[5.5.896~1-8a59]:main():build-tree.cc:143) For pdf-id 552, low count 97
VLOG[1] (build-tree[5.5.896~1-8a59]:main():build-tree.cc:143) For pdf-id 559, low count 76
VLOG[1] (build-tree[5.5.896~1-8a59]:main():build-tree.cc:143) For pdf-id 564, low count 98
VLOG[1] (build-tree[5.5.896~1-8a59]:main():build-tree.cc:143) For pdf-id 583, low count 49
VLOG[1] (build-tree[5.5.896~1-8a59]:main():build-tree.cc:143) For pdf-id 600, low count 93
VLOG[1] (build-tree[5.5.896~1-8a59]:main():build-tree.cc:143) For pdf-id 604, low count 24
VLOG[1] (build-tree[5.5.896~1-8a59]:main():build-tree.cc:143) For pdf-id 607, low count 76
VLOG[1] (build-tree[5.5.896~1-8a59]:main():build-tree.cc:143) For pdf-id 610, low count 60
VLOG[1] (build-tree[5.5.896~1-8a59]:main():build-tree.cc:143) For pdf-id 622, low count 24
VLOG[1] (build-tree[5.5.896~1-8a59]:main():build-tree.cc:143) For pdf-id 626, low count 34
VLOG[1] (build-tree[5.5.896~1-8a59]:main():build-tree.cc:143) For pdf-id 638, low count 48
VLOG[1] (build-tree[5.5.896~1-8a59]:main():build-tree.cc:143) For pdf-id 640, low count 79
VLOG[1] (build-tree[5.5.896~1-8a59]:main():build-tree.cc:143) For pdf-id 648, low count 24
VLOG[1] (build-tree[5.5.896~1-8a59]:main():build-tree.cc:143) For pdf-id 656, low count 75
VLOG[1] (build-tree[5.5.896~1-8a59]:main():build-tree.cc:143) For pdf-id 658, low count 70
VLOG[1] (build-tree[5.5.896~1-8a59]:main():build-tree.cc:143) For pdf-id 660, low count 63
VLOG[1] (build-tree[5.5.896~1-8a59]:main():build-tree.cc:143) For pdf-id 670, low count 86
VLOG[1] (build-tree[5.5.896~1-8a59]:main():build-tree.cc:143) For pdf-id 671, low count 53
VLOG[1] (build-tree[5.5.896~1-8a59]:main():build-tree.cc:143) For pdf-id 677, low count 89
VLOG[1] (build-tree[5.5.896~1-8a59]:main():build-tree.cc:143) For pdf-id 680, low count 84
VLOG[1] (build-tree[5.5.896~1-8a59]:main():build-tree.cc:143) For pdf-id 686, low count 98
VLOG[1] (build-tree[5.5.896~1-8a59]:main():build-tree.cc:143) For pdf-id 697, low count 92
VLOG[1] (build-tree[5.5.896~1-8a59]:main():build-tree.cc:143) For pdf-id 704, low count 27
VLOG[1] (build-tree[5.5.896~1-8a59]:main():build-tree.cc:143) For pdf-id 705, low count 77
VLOG[1] (build-tree[5.5.896~1-8a59]:main():build-tree.cc:143) For pdf-id 706, low count 73
VLOG[1] (build-tree[5.5.896~1-8a59]:main():build-tree.cc:143) For pdf-id 707, low count 56
VLOG[1] (build-tree[5.5.896~1-8a59]:main():build-tree.cc:143) For pdf-id 708, low count 71
VLOG[1] (build-tree[5.5.896~1-8a59]:main():build-tree.cc:143) For pdf-id 711, low count 61
VLOG[1] (build-tree[5.5.896~1-8a59]:main():build-tree.cc:143) For pdf-id 716, low count 22
VLOG[1] (build-tree[5.5.896~1-8a59]:main():build-tree.cc:143) For pdf-id 717, low count 77
VLOG[1] (build-tree[5.5.896~1-8a59]:main():build-tree.cc:143) For pdf-id 724, low count 87
VLOG[1] (build-tree[5.5.896~1-8a59]:main():build-tree.cc:143) For pdf-id 725, low count 63
VLOG[1] (build-tree[5.5.896~1-8a59]:main():build-tree.cc:143) For pdf-id 728, low count 83
VLOG[1] (build-tree[5.5.896~1-8a59]:main():build-tree.cc:143) For pdf-id 740, low count 91
VLOG[1] (build-tree[5.5.896~1-8a59]:main():build-tree.cc:143) For pdf-id 742, low count 73
VLOG[1] (build-tree[5.5.896~1-8a59]:main():build-tree.cc:143) For pdf-id 769, low count 99
VLOG[1] (build-tree[5.5.896~1-8a59]:main():build-tree.cc:143) For pdf-id 773, low count 52
VLOG[1] (build-tree[5.5.896~1-8a59]:main():build-tree.cc:143) For pdf-id 779, low count 89
VLOG[1] (build-tree[5.5.896~1-8a59]:main():build-tree.cc:143) For pdf-id 781, low count 51
VLOG[1] (build-tree[5.5.896~1-8a59]:main():build-tree.cc:143) For pdf-id 785, low count 17
VLOG[1] (build-tree[5.5.896~1-8a59]:main():build-tree.cc:143) For pdf-id 787, low count 15
VLOG[1] (build-tree[5.5.896~1-8a59]:main():build-tree.cc:143) For pdf-id 802, low count 72
VLOG[1] (build-tree[5.5.896~1-8a59]:main():build-tree.cc:143) For pdf-id 807, low count 64
VLOG[1] (build-tree[5.5.896~1-8a59]:main():build-tree.cc:143) For pdf-id 816, low count 39
VLOG[1] (build-tree[5.5.896~1-8a59]:main():build-tree.cc:143) For pdf-id 833, low count 62
VLOG[1] (build-tree[5.5.896~1-8a59]:main():build-tree.cc:143) For pdf-id 838, low count 66
VLOG[1] (build-tree[5.5.896~1-8a59]:main():build-tree.cc:143) For pdf-id 854, low count 80
VLOG[1] (build-tree[5.5.896~1-8a59]:main():build-tree.cc:143) For pdf-id 860, low count 24
VLOG[1] (build-tree[5.5.896~1-8a59]:main():build-tree.cc:143) For pdf-id 869, low count 43
VLOG[1] (build-tree[5.5.896~1-8a59]:main():build-tree.cc:143) For pdf-id 887, low count 83
VLOG[1] (build-tree[5.5.896~1-8a59]:main():build-tree.cc:143) For pdf-id 889, low count 73
VLOG[1] (build-tree[5.5.896~1-8a59]:main():build-tree.cc:143) For pdf-id 903, low count 68
VLOG[1] (build-tree[5.5.896~1-8a59]:main():build-tree.cc:143) For pdf-id 912, low count 51
VLOG[1] (build-tree[5.5.896~1-8a59]:main():build-tree.cc:143) For pdf-id 920, low count 86
VLOG[1] (build-tree[5.5.896~1-8a59]:main():build-tree.cc:143) For pdf-id 934, low count 79
VLOG[1] (build-tree[5.5.896~1-8a59]:main():build-tree.cc:143) For pdf-id 935, low count 88
VLOG[1] (build-tree[5.5.896~1-8a59]:main():build-tree.cc:143) For pdf-id 944, low count 74
VLOG[1] (build-tree[5.5.896~1-8a59]:main():build-tree.cc:143) For pdf-id 946, low count 86
VLOG[1] (build-tree[5.5.896~1-8a59]:main():build-tree.cc:143) For pdf-id 948, low count 76
VLOG[1] (build-tree[5.5.896~1-8a59]:main():build-tree.cc:143) For pdf-id 950, low count 91
VLOG[1] (build-tree[5.5.896~1-8a59]:main():build-tree.cc:143) For pdf-id 958, low count 66
VLOG[1] (build-tree[5.5.896~1-8a59]:main():build-tree.cc:143) For pdf-id 964, low count 84
VLOG[1] (build-tree[5.5.896~1-8a59]:main():build-tree.cc:143) For pdf-id 965, low count 92
VLOG[1] (build-tree[5.5.896~1-8a59]:main():build-tree.cc:143) For pdf-id 971, low count 91
VLOG[1] (build-tree[5.5.896~1-8a59]:main():build-tree.cc:143) For pdf-id 972, low count 22
VLOG[1] (build-tree[5.5.896~1-8a59]:main():build-tree.cc:143) For pdf-id 974, low count 17
VLOG[1] (build-tree[5.5.896~1-8a59]:main():build-tree.cc:143) For pdf-id 976, low count 76
VLOG[1] (build-tree[5.5.896~1-8a59]:main():build-tree.cc:143) For pdf-id 977, low count 99
VLOG[1] (build-tree[5.5.896~1-8a59]:main():build-tree.cc:143) For pdf-id 986, low count 70
VLOG[1] (build-tree[5.5.896~1-8a59]:main():build-tree.cc:143) For pdf-id 993, low count 68
VLOG[1] (build-tree[5.5.896~1-8a59]:main():build-tree.cc:143) For pdf-id 1009, low count 82
VLOG[1] (build-tree[5.5.896~1-8a59]:main():build-tree.cc:143) For pdf-id 1019, low count 10
VLOG[1] (build-tree[5.5.896~1-8a59]:main():build-tree.cc:143) For pdf-id 1020, low count 12
VLOG[1] (build-tree[5.5.896~1-8a59]:main():build-tree.cc:143) For pdf-id 1023, low count 32
VLOG[1] (build-tree[5.5.896~1-8a59]:main():build-tree.cc:143) For pdf-id 1025, low count 28
VLOG[1] (build-tree[5.5.896~1-8a59]:main():build-tree.cc:143) For pdf-id 1030, low count 23
WARNING (build-tree[5.5.896~1-8a59]:main():build-tree.cc:185) Saw no stats for following phones: 2 3 4 5 6 7 8 9 11 12 14 19 23 25 26 27 28 30 31 32 34 35 38 40 41 42 46 58 59 60 62 63 66 70 75 78 82 86 90 93 94 106 110 112 114 122 126 130 134 138 143 145 146 147 150 154 158 162 166 169 170 174 178 182 186 187 188 190 
LOG (build-tree[5.5.896~1-8a59]:main():build-tree.cc:189) Wrote tree
# Accounting: time=1 threads=1
# Ended (code 0) at Sat Apr  3 00:20:14 CST 2021, elapsed time 1 seconds
