# gmm-est --mix-up=3472 --power=0.25 --write-occs=exp/tri1/10.occs exp/tri1/9.mdl "gmm-sum-accs - exp/tri1/9.*.acc |" exp/tri1/10.mdl 
# Started at Sun May 16 20:41:03 CST 2021
#
gmm-est --mix-up=3472 --power=0.25 --write-occs=exp/tri1/10.occs exp/tri1/9.mdl 'gmm-sum-accs - exp/tri1/9.*.acc |' exp/tri1/10.mdl 
gmm-sum-accs - exp/tri1/9.1.acc exp/tri1/9.10.acc exp/tri1/9.11.acc exp/tri1/9.12.acc exp/tri1/9.13.acc exp/tri1/9.14.acc exp/tri1/9.15.acc exp/tri1/9.16.acc exp/tri1/9.2.acc exp/tri1/9.3.acc exp/tri1/9.4.acc exp/tri1/9.5.acc exp/tri1/9.6.acc exp/tri1/9.7.acc exp/tri1/9.8.acc exp/tri1/9.9.acc 
LOG (gmm-sum-accs[5.5.896~1-8a59]:main():gmm-sum-accs.cc:63) Summed 16 stats, total count 695007, avg like/frame -103.76
LOG (gmm-sum-accs[5.5.896~1-8a59]:main():gmm-sum-accs.cc:66) Total count of stats is 695007
LOG (gmm-sum-accs[5.5.896~1-8a59]:main():gmm-sum-accs.cc:67) Written stats to -
LOG (gmm-est[5.5.896~1-8a59]:MleUpdate():transition-model.cc:528) TransitionModel::Update, objf change is 0 per frame over 695007 frames. 
LOG (gmm-est[5.5.896~1-8a59]:MleUpdate():transition-model.cc:531) 15 probabilities floored, 573 out of 1574 transition-states skipped due to insuffient data (it is normal to have some skipped.)
LOG (gmm-est[5.5.896~1-8a59]:main():gmm-est.cc:102) Transition model update: Overall 0 log-like improvement per frame over 695007 frames.
WARNING (gmm-est[5.5.896~1-8a59]:MleDiagGmmUpdate():mle-diag-gmm.cc:365) Gaussian has too little data but not removing it because it is the last Gaussian: i = 0, occ = 0, weight = 1
LOG (gmm-est[5.5.896~1-8a59]:MleAmDiagGmmUpdate():mle-am-diag-gmm.cc:225) 8 variance elements floored in 8 Gaussians, out of 3088
LOG (gmm-est[5.5.896~1-8a59]:MleAmDiagGmmUpdate():mle-am-diag-gmm.cc:229) Removed 0 Gaussians due to counts < --min-gaussian-occupancy=10 and --remove-low-count-gaussians=true
LOG (gmm-est[5.5.896~1-8a59]:main():gmm-est.cc:113) GMM update: Overall 0.238035 objective function improvement per frame over 695007 frames
LOG (gmm-est[5.5.896~1-8a59]:main():gmm-est.cc:116) GMM update: Overall avg like per frame = -103.76 over 695007 frames.
LOG (gmm-est[5.5.896~1-8a59]:SplitByCount():am-diag-gmm.cc:116) Split 328 states with target = 3472, power = 0.25, perturb_factor = 0.01 and min_count = 20, split #Gauss from 3088 to 3472
LOG (gmm-est[5.5.896~1-8a59]:main():gmm-est.cc:146) Written model to exp/tri1/10.mdl
# Accounting: time=1 threads=1
# Ended (code 0) at Sun May 16 20:41:04 CST 2021, elapsed time 1 seconds
