# gmm-est --mix-up=10000 --power=0.25 --write-occs=exp/tri1/30.occs exp/tri1/29.mdl "gmm-sum-accs - exp/tri1/29.*.acc |" exp/tri1/30.mdl 
# Started at Sun May 16 20:42:58 CST 2021
#
gmm-est --mix-up=10000 --power=0.25 --write-occs=exp/tri1/30.occs exp/tri1/29.mdl 'gmm-sum-accs - exp/tri1/29.*.acc |' exp/tri1/30.mdl 
gmm-sum-accs - exp/tri1/29.1.acc exp/tri1/29.10.acc exp/tri1/29.11.acc exp/tri1/29.12.acc exp/tri1/29.13.acc exp/tri1/29.14.acc exp/tri1/29.15.acc exp/tri1/29.16.acc exp/tri1/29.2.acc exp/tri1/29.3.acc exp/tri1/29.4.acc exp/tri1/29.5.acc exp/tri1/29.6.acc exp/tri1/29.7.acc exp/tri1/29.8.acc exp/tri1/29.9.acc 
LOG (gmm-sum-accs[5.5.896~1-8a59]:main():gmm-sum-accs.cc:63) Summed 16 stats, total count 694624, avg like/frame -99.6105
LOG (gmm-sum-accs[5.5.896~1-8a59]:main():gmm-sum-accs.cc:66) Total count of stats is 694624
LOG (gmm-sum-accs[5.5.896~1-8a59]:main():gmm-sum-accs.cc:67) Written stats to -
LOG (gmm-est[5.5.896~1-8a59]:MleUpdate():transition-model.cc:528) TransitionModel::Update, objf change is 0 per frame over 694624 frames. 
LOG (gmm-est[5.5.896~1-8a59]:MleUpdate():transition-model.cc:531) 111 probabilities floored, 577 out of 1574 transition-states skipped due to insuffient data (it is normal to have some skipped.)
LOG (gmm-est[5.5.896~1-8a59]:main():gmm-est.cc:102) Transition model update: Overall 0 log-like improvement per frame over 694624 frames.
WARNING (gmm-est[5.5.896~1-8a59]:MleDiagGmmUpdate():mle-diag-gmm.cc:365) Gaussian has too little data but not removing it because it is the last Gaussian: i = 0, occ = 0, weight = 1
WARNING (gmm-est[5.5.896~1-8a59]:MleDiagGmmUpdate():mle-diag-gmm.cc:359) Too little data - removing Gaussian (weight 0.017736, occupation count 9.382378, vector size 39)
WARNING (gmm-est[5.5.896~1-8a59]:MleDiagGmmUpdate():mle-diag-gmm.cc:359) Too little data - removing Gaussian (weight 0.020467, occupation count 9.107656, vector size 39)
LOG (gmm-est[5.5.896~1-8a59]:MleAmDiagGmmUpdate():mle-am-diag-gmm.cc:225) 110 variance elements floored in 104 Gaussians, out of 10000
LOG (gmm-est[5.5.896~1-8a59]:MleAmDiagGmmUpdate():mle-am-diag-gmm.cc:229) Removed 2 Gaussians due to counts < --min-gaussian-occupancy=10 and --remove-low-count-gaussians=true
LOG (gmm-est[5.5.896~1-8a59]:main():gmm-est.cc:113) GMM update: Overall 0.0517115 objective function improvement per frame over 694624 frames
LOG (gmm-est[5.5.896~1-8a59]:main():gmm-est.cc:116) GMM update: Overall avg like per frame = -99.6105 over 694624 frames.
LOG (gmm-est[5.5.896~1-8a59]:SplitByCount():am-diag-gmm.cc:116) Split 328 states with target = 10000, power = 0.25, perturb_factor = 0.01 and min_count = 20, split #Gauss from 10000 to 10002
LOG (gmm-est[5.5.896~1-8a59]:main():gmm-est.cc:146) Written model to exp/tri1/30.mdl
# Accounting: time=0 threads=1
# Ended (code 0) at Sun May 16 20:42:58 CST 2021, elapsed time 0 seconds
