# gmm-est --mix-up=20000 --power=0.25 --write-occs=exp/tri1/32.occs exp/tri1/31.mdl "gmm-sum-accs - exp/tri1/31.*.acc |" exp/tri1/32.mdl 
# Started at Sat Apr  3 00:20:58 CST 2021
#
gmm-est --mix-up=20000 --power=0.25 --write-occs=exp/tri1/32.occs exp/tri1/31.mdl 'gmm-sum-accs - exp/tri1/31.*.acc |' exp/tri1/32.mdl 
gmm-sum-accs - exp/tri1/31.1.acc exp/tri1/31.2.acc exp/tri1/31.3.acc exp/tri1/31.4.acc 
LOG (gmm-sum-accs[5.5.896~1-8a59]:main():gmm-sum-accs.cc:63) Summed 4 stats, total count 279009, avg like/frame -96.1152
LOG (gmm-sum-accs[5.5.896~1-8a59]:main():gmm-sum-accs.cc:66) Total count of stats is 279009
LOG (gmm-sum-accs[5.5.896~1-8a59]:main():gmm-sum-accs.cc:67) Written stats to -
LOG (gmm-est[5.5.896~1-8a59]:MleUpdate():transition-model.cc:528) TransitionModel::Update, objf change is 0 per frame over 279009 frames. 
LOG (gmm-est[5.5.896~1-8a59]:MleUpdate():transition-model.cc:531) 140 probabilities floored, 2368 out of 4425 transition-states skipped due to insuffient data (it is normal to have some skipped.)
LOG (gmm-est[5.5.896~1-8a59]:main():gmm-est.cc:102) Transition model update: Overall 0 log-like improvement per frame over 279009 frames.
WARNING (gmm-est[5.5.896~1-8a59]:MleDiagGmmUpdate():mle-diag-gmm.cc:365) Gaussian has too little data but not removing it because it is the last Gaussian: i = 0, occ = 5, weight = 1
WARNING (gmm-est[5.5.896~1-8a59]:MleDiagGmmUpdate():mle-diag-gmm.cc:365) Gaussian has too little data but not removing it because it is the last Gaussian: i = 0, occ = 10, weight = 1
WARNING (gmm-est[5.5.896~1-8a59]:MleDiagGmmUpdate():mle-diag-gmm.cc:359) Too little data - removing Gaussian (weight 0.002247, occupation count 9.978919, vector size 39)
WARNING (gmm-est[5.5.896~1-8a59]:MleDiagGmmUpdate():mle-diag-gmm.cc:359) Too little data - removing Gaussian (weight 0.012502, occupation count 9.926783, vector size 39)
WARNING (gmm-est[5.5.896~1-8a59]:MleDiagGmmUpdate():mle-diag-gmm.cc:359) Too little data - removing Gaussian (weight 0.062892, occupation count 9.999851, vector size 39)
WARNING (gmm-est[5.5.896~1-8a59]:MleDiagGmmUpdate():mle-diag-gmm.cc:359) Too little data - removing Gaussian (weight 0.062922, occupation count 9.941651, vector size 39)
WARNING (gmm-est[5.5.896~1-8a59]:MleDiagGmmUpdate():mle-diag-gmm.cc:359) Too little data - removing Gaussian (weight 0.009219, occupation count 9.578309, vector size 39)
WARNING (gmm-est[5.5.896~1-8a59]:MleDiagGmmUpdate():mle-diag-gmm.cc:359) Too little data - removing Gaussian (weight 0.033895, occupation count 9.999078, vector size 39)
WARNING (gmm-est[5.5.896~1-8a59]:MleDiagGmmUpdate():mle-diag-gmm.cc:359) Too little data - removing Gaussian (weight 0.025251, occupation count 9.999569, vector size 39)
WARNING (gmm-est[5.5.896~1-8a59]:MleDiagGmmUpdate():mle-diag-gmm.cc:359) Too little data - removing Gaussian (weight 0.014058, occupation count 9.545672, vector size 39)
WARNING (gmm-est[5.5.896~1-8a59]:MleDiagGmmUpdate():mle-diag-gmm.cc:359) Too little data - removing Gaussian (weight 0.097087, occupation count 10.000000, vector size 39)
LOG (gmm-est[5.5.896~1-8a59]:MleAmDiagGmmUpdate():mle-am-diag-gmm.cc:225) 0 variance elements floored in 0 Gaussians, out of 13527
LOG (gmm-est[5.5.896~1-8a59]:MleAmDiagGmmUpdate():mle-am-diag-gmm.cc:229) Removed 9 Gaussians due to counts < --min-gaussian-occupancy=10 and --remove-low-count-gaussians=true
LOG (gmm-est[5.5.896~1-8a59]:main():gmm-est.cc:113) GMM update: Overall 0.00926781 objective function improvement per frame over 279009 frames
LOG (gmm-est[5.5.896~1-8a59]:main():gmm-est.cc:116) GMM update: Overall avg like per frame = -96.1152 over 279009 frames.
WARNING (gmm-est[5.5.896~1-8a59]:GetSplitTargets():model-common.cc:134) Could not split up to 20000 due to min-count = 20 (or no counts at all)

LOG (gmm-est[5.5.896~1-8a59]:SplitByCount():am-diag-gmm.cc:116) Split 1032 states with target = 20000, power = 0.25, perturb_factor = 0.01 and min_count = 20, split #Gauss from 13527 to 13534
LOG (gmm-est[5.5.896~1-8a59]:main():gmm-est.cc:146) Written model to exp/tri1/32.mdl
# Accounting: time=0 threads=1
# Ended (code 0) at Sat Apr  3 00:20:58 CST 2021, elapsed time 0 seconds
