# gmm-est --mix-up=8464 --power=0.25 --write-occs=exp/tri1/23.occs exp/tri1/22.mdl "gmm-sum-accs - exp/tri1/22.*.acc |" exp/tri1/23.mdl 
# Started at Sun May 16 20:42:19 CST 2021
#
gmm-est --mix-up=8464 --power=0.25 --write-occs=exp/tri1/23.occs exp/tri1/22.mdl 'gmm-sum-accs - exp/tri1/22.*.acc |' exp/tri1/23.mdl 
gmm-sum-accs - exp/tri1/22.1.acc exp/tri1/22.10.acc exp/tri1/22.11.acc exp/tri1/22.12.acc exp/tri1/22.13.acc exp/tri1/22.14.acc exp/tri1/22.15.acc exp/tri1/22.16.acc exp/tri1/22.2.acc exp/tri1/22.3.acc exp/tri1/22.4.acc exp/tri1/22.5.acc exp/tri1/22.6.acc exp/tri1/22.7.acc exp/tri1/22.8.acc exp/tri1/22.9.acc 
LOG (gmm-sum-accs[5.5.896~1-8a59]:main():gmm-sum-accs.cc:63) Summed 16 stats, total count 694624, avg like/frame -100.377
LOG (gmm-sum-accs[5.5.896~1-8a59]:main():gmm-sum-accs.cc:66) Total count of stats is 694624
LOG (gmm-sum-accs[5.5.896~1-8a59]:main():gmm-sum-accs.cc:67) Written stats to -
LOG (gmm-est[5.5.896~1-8a59]:MleUpdate():transition-model.cc:528) TransitionModel::Update, objf change is 0 per frame over 694624 frames. 
LOG (gmm-est[5.5.896~1-8a59]:MleUpdate():transition-model.cc:531) 111 probabilities floored, 577 out of 1574 transition-states skipped due to insuffient data (it is normal to have some skipped.)
LOG (gmm-est[5.5.896~1-8a59]:main():gmm-est.cc:102) Transition model update: Overall 0 log-like improvement per frame over 694624 frames.
WARNING (gmm-est[5.5.896~1-8a59]:MleDiagGmmUpdate():mle-diag-gmm.cc:365) Gaussian has too little data but not removing it because it is the last Gaussian: i = 0, occ = 0, weight = 1
LOG (gmm-est[5.5.896~1-8a59]:MleAmDiagGmmUpdate():mle-am-diag-gmm.cc:225) 68 variance elements floored in 63 Gaussians, out of 8082
LOG (gmm-est[5.5.896~1-8a59]:MleAmDiagGmmUpdate():mle-am-diag-gmm.cc:229) Removed 0 Gaussians due to counts < --min-gaussian-occupancy=10 and --remove-low-count-gaussians=true
LOG (gmm-est[5.5.896~1-8a59]:main():gmm-est.cc:113) GMM update: Overall 0.0642299 objective function improvement per frame over 694624 frames
LOG (gmm-est[5.5.896~1-8a59]:main():gmm-est.cc:116) GMM update: Overall avg like per frame = -100.377 over 694624 frames.
LOG (gmm-est[5.5.896~1-8a59]:SplitByCount():am-diag-gmm.cc:116) Split 328 states with target = 8464, power = 0.25, perturb_factor = 0.01 and min_count = 20, split #Gauss from 8082 to 8466
LOG (gmm-est[5.5.896~1-8a59]:main():gmm-est.cc:146) Written model to exp/tri1/23.mdl
# Accounting: time=0 threads=1
# Ended (code 0) at Sun May 16 20:42:20 CST 2021, elapsed time 0 seconds
