# gmm-est --mix-up=20000 --power=0.25 --write-occs=exp/tri1/34.occs exp/tri1/33.mdl "gmm-sum-accs - exp/tri1/33.*.acc |" exp/tri1/34.mdl 
# Started at Sat Apr  3 00:21:00 CST 2021
#
gmm-est --mix-up=20000 --power=0.25 --write-occs=exp/tri1/34.occs exp/tri1/33.mdl 'gmm-sum-accs - exp/tri1/33.*.acc |' exp/tri1/34.mdl 
gmm-sum-accs - exp/tri1/33.1.acc exp/tri1/33.2.acc exp/tri1/33.3.acc exp/tri1/33.4.acc 
LOG (gmm-sum-accs[5.5.896~1-8a59]:main():gmm-sum-accs.cc:63) Summed 4 stats, total count 279009, avg like/frame -96.0958
LOG (gmm-sum-accs[5.5.896~1-8a59]:main():gmm-sum-accs.cc:66) Total count of stats is 279009
LOG (gmm-sum-accs[5.5.896~1-8a59]:main():gmm-sum-accs.cc:67) Written stats to -
LOG (gmm-est[5.5.896~1-8a59]:MleUpdate():transition-model.cc:528) TransitionModel::Update, objf change is 0 per frame over 279009 frames. 
LOG (gmm-est[5.5.896~1-8a59]:MleUpdate():transition-model.cc:531) 140 probabilities floored, 2368 out of 4425 transition-states skipped due to insuffient data (it is normal to have some skipped.)
LOG (gmm-est[5.5.896~1-8a59]:main():gmm-est.cc:102) Transition model update: Overall 0 log-like improvement per frame over 279009 frames.
WARNING (gmm-est[5.5.896~1-8a59]:MleDiagGmmUpdate():mle-diag-gmm.cc:359) Too little data - removing Gaussian (weight 0.000614, occupation count 9.997731, vector size 39)
WARNING (gmm-est[5.5.896~1-8a59]:MleDiagGmmUpdate():mle-diag-gmm.cc:359) Too little data - removing Gaussian (weight 0.000614, occupation count 9.992558, vector size 39)
WARNING (gmm-est[5.5.896~1-8a59]:MleDiagGmmUpdate():mle-diag-gmm.cc:365) Gaussian has too little data but not removing it because it is the last Gaussian: i = 0, occ = 5, weight = 1
WARNING (gmm-est[5.5.896~1-8a59]:MleDiagGmmUpdate():mle-diag-gmm.cc:365) Gaussian has too little data but not removing it because it is the last Gaussian: i = 0, occ = 10, weight = 1
WARNING (gmm-est[5.5.896~1-8a59]:MleDiagGmmUpdate():mle-diag-gmm.cc:359) Too little data - removing Gaussian (weight 0.025771, occupation count 9.973259, vector size 39)
WARNING (gmm-est[5.5.896~1-8a59]:MleDiagGmmUpdate():mle-diag-gmm.cc:359) Too little data - removing Gaussian (weight 0.040461, occupation count 9.993966, vector size 39)
WARNING (gmm-est[5.5.896~1-8a59]:MleDiagGmmUpdate():mle-diag-gmm.cc:359) Too little data - removing Gaussian (weight 0.086989, occupation count 9.133851, vector size 39)
WARNING (gmm-est[5.5.896~1-8a59]:MleDiagGmmUpdate():mle-diag-gmm.cc:359) Too little data - removing Gaussian (weight 0.012283, occupation count 9.998667, vector size 39)
WARNING (gmm-est[5.5.896~1-8a59]:MleDiagGmmUpdate():mle-diag-gmm.cc:359) Too little data - removing Gaussian (weight 0.051416, occupation count 7.249651, vector size 39)
LOG (gmm-est[5.5.896~1-8a59]:MleAmDiagGmmUpdate():mle-am-diag-gmm.cc:225) 0 variance elements floored in 0 Gaussians, out of 13527
LOG (gmm-est[5.5.896~1-8a59]:MleAmDiagGmmUpdate():mle-am-diag-gmm.cc:229) Removed 7 Gaussians due to counts < --min-gaussian-occupancy=10 and --remove-low-count-gaussians=true
LOG (gmm-est[5.5.896~1-8a59]:main():gmm-est.cc:113) GMM update: Overall 0.00934992 objective function improvement per frame over 279009 frames
LOG (gmm-est[5.5.896~1-8a59]:main():gmm-est.cc:116) GMM update: Overall avg like per frame = -96.0958 over 279009 frames.
WARNING (gmm-est[5.5.896~1-8a59]:GetSplitTargets():model-common.cc:134) Could not split up to 20000 due to min-count = 20 (or no counts at all)

LOG (gmm-est[5.5.896~1-8a59]:SplitByCount():am-diag-gmm.cc:116) Split 1032 states with target = 20000, power = 0.25, perturb_factor = 0.01 and min_count = 20, split #Gauss from 13527 to 13534
LOG (gmm-est[5.5.896~1-8a59]:main():gmm-est.cc:146) Written model to exp/tri1/34.mdl
# Accounting: time=1 threads=1
# Ended (code 0) at Sat Apr  3 00:21:01 CST 2021, elapsed time 1 seconds
