# gmm-acc-stats-ali exp/mono/1.mdl "ark,s,cs:apply-cmvn  --utt2spk=ark:data/train/split16/9/utt2spk scp:data/train/split16/9/cmvn.scp scp:data/train/split16/9/feats.scp ark:- | add-deltas  ark:- ark:- |" "ark:gunzip -c exp/mono/ali.9.gz|" exp/mono/1.9.acc 
# Started at Sun May 16 20:33:59 CST 2021
#
gmm-acc-stats-ali exp/mono/1.mdl 'ark,s,cs:apply-cmvn  --utt2spk=ark:data/train/split16/9/utt2spk scp:data/train/split16/9/cmvn.scp scp:data/train/split16/9/feats.scp ark:- | add-deltas  ark:- ark:- |' 'ark:gunzip -c exp/mono/ali.9.gz|' exp/mono/1.9.acc 
apply-cmvn --utt2spk=ark:data/train/split16/9/utt2spk scp:data/train/split16/9/cmvn.scp scp:data/train/split16/9/feats.scp ark:- 
add-deltas ark:- ark:- 
WARNING (gmm-acc-stats-ali[5.5.896~1-8a59]:main():gmm-acc-stats-ali.cc:79) No alignment for utterance weather048_008
WARNING (gmm-acc-stats-ali[5.5.896~1-8a59]:main():gmm-acc-stats-ali.cc:79) No alignment for utterance weather049_001
WARNING (gmm-acc-stats-ali[5.5.896~1-8a59]:main():gmm-acc-stats-ali.cc:79) No alignment for utterance weather049_004
WARNING (gmm-acc-stats-ali[5.5.896~1-8a59]:main():gmm-acc-stats-ali.cc:79) No alignment for utterance weather049_005
WARNING (gmm-acc-stats-ali[5.5.896~1-8a59]:main():gmm-acc-stats-ali.cc:79) No alignment for utterance weather049_007
WARNING (gmm-acc-stats-ali[5.5.896~1-8a59]:main():gmm-acc-stats-ali.cc:79) No alignment for utterance weather049_008
WARNING (gmm-acc-stats-ali[5.5.896~1-8a59]:main():gmm-acc-stats-ali.cc:79) No alignment for utterance weather049_009
WARNING (gmm-acc-stats-ali[5.5.896~1-8a59]:main():gmm-acc-stats-ali.cc:79) No alignment for utterance weather050_001
WARNING (gmm-acc-stats-ali[5.5.896~1-8a59]:main():gmm-acc-stats-ali.cc:79) No alignment for utterance weather050_004
WARNING (gmm-acc-stats-ali[5.5.896~1-8a59]:main():gmm-acc-stats-ali.cc:79) No alignment for utterance weather050_005
WARNING (gmm-acc-stats-ali[5.5.896~1-8a59]:main():gmm-acc-stats-ali.cc:79) No alignment for utterance weather050_006
WARNING (gmm-acc-stats-ali[5.5.896~1-8a59]:main():gmm-acc-stats-ali.cc:79) No alignment for utterance weather050_007
WARNING (gmm-acc-stats-ali[5.5.896~1-8a59]:main():gmm-acc-stats-ali.cc:79) No alignment for utterance weather050_008
WARNING (gmm-acc-stats-ali[5.5.896~1-8a59]:main():gmm-acc-stats-ali.cc:79) No alignment for utterance weather050_009
WARNING (gmm-acc-stats-ali[5.5.896~1-8a59]:main():gmm-acc-stats-ali.cc:79) No alignment for utterance weather050_010
WARNING (gmm-acc-stats-ali[5.5.896~1-8a59]:main():gmm-acc-stats-ali.cc:79) No alignment for utterance weather050_013
WARNING (gmm-acc-stats-ali[5.5.896~1-8a59]:main():gmm-acc-stats-ali.cc:79) No alignment for utterance weather050_014
LOG (apply-cmvn[5.5.896~1-8a59]:main():apply-cmvn.cc:162) Applied cepstral mean normalization to 45 utterances, errors on 0
LOG (gmm-acc-stats-ali[5.5.896~1-8a59]:main():gmm-acc-stats-ali.cc:112) Done 28 files, 17 with errors.
LOG (gmm-acc-stats-ali[5.5.896~1-8a59]:main():gmm-acc-stats-ali.cc:115) Overall avg like per frame (Gaussian only) = -110.471 over 35127 frames.
LOG (gmm-acc-stats-ali[5.5.896~1-8a59]:main():gmm-acc-stats-ali.cc:123) Written accs.
# Accounting: time=2 threads=1
# Ended (code 0) at Sun May 16 20:34:01 CST 2021, elapsed time 2 seconds
