# gmm-acc-stats-ali exp/mono/1.mdl "ark,s,cs:apply-cmvn  --utt2spk=ark:data/train/split4/2/utt2spk scp:data/train/split4/2/cmvn.scp scp:data/train/split4/2/feats.scp ark:- | add-deltas  ark:- ark:- |" "ark:gunzip -c exp/mono/ali.2.gz|" exp/mono/1.2.acc 
# Started at Wed Mar 31 21:45:52 CST 2021
#
gmm-acc-stats-ali exp/mono/1.mdl 'ark,s,cs:apply-cmvn  --utt2spk=ark:data/train/split4/2/utt2spk scp:data/train/split4/2/cmvn.scp scp:data/train/split4/2/feats.scp ark:- | add-deltas  ark:- ark:- |' 'ark:gunzip -c exp/mono/ali.2.gz|' exp/mono/1.2.acc 
add-deltas ark:- ark:- 
apply-cmvn --utt2spk=ark:data/train/split4/2/utt2spk scp:data/train/split4/2/cmvn.scp scp:data/train/split4/2/feats.scp ark:- 
WARNING (gmm-acc-stats-ali[5.5.896~1-8a59]:main():gmm-acc-stats-ali.cc:79) No alignment for utterance weather007_009
WARNING (gmm-acc-stats-ali[5.5.896~1-8a59]:main():gmm-acc-stats-ali.cc:79) No alignment for utterance weather007_012
WARNING (gmm-acc-stats-ali[5.5.896~1-8a59]:main():gmm-acc-stats-ali.cc:79) No alignment for utterance weather008_001
WARNING (gmm-acc-stats-ali[5.5.896~1-8a59]:main():gmm-acc-stats-ali.cc:79) No alignment for utterance weather008_002
WARNING (gmm-acc-stats-ali[5.5.896~1-8a59]:main():gmm-acc-stats-ali.cc:79) No alignment for utterance weather008_003
WARNING (gmm-acc-stats-ali[5.5.896~1-8a59]:main():gmm-acc-stats-ali.cc:79) No alignment for utterance weather008_004
WARNING (gmm-acc-stats-ali[5.5.896~1-8a59]:main():gmm-acc-stats-ali.cc:79) No alignment for utterance weather008_005
WARNING (gmm-acc-stats-ali[5.5.896~1-8a59]:main():gmm-acc-stats-ali.cc:79) No alignment for utterance weather008_007
WARNING (gmm-acc-stats-ali[5.5.896~1-8a59]:main():gmm-acc-stats-ali.cc:79) No alignment for utterance weather008_008
WARNING (gmm-acc-stats-ali[5.5.896~1-8a59]:main():gmm-acc-stats-ali.cc:79) No alignment for utterance weather008_009
LOG (gmm-acc-stats-ali[5.5.896~1-8a59]:main():gmm-acc-stats-ali.cc:105) Processed 50 utterances; for utterance weather013_008 avg. like is -121.619 over 1023 frames.
LOG (apply-cmvn[5.5.896~1-8a59]:main():apply-cmvn.cc:162) Applied cepstral mean normalization to 66 utterances, errors on 0
LOG (gmm-acc-stats-ali[5.5.896~1-8a59]:main():gmm-acc-stats-ali.cc:112) Done 56 files, 10 with errors.
LOG (gmm-acc-stats-ali[5.5.896~1-8a59]:main():gmm-acc-stats-ali.cc:115) Overall avg like per frame (Gaussian only) = -118.011 over 62459 frames.
LOG (gmm-acc-stats-ali[5.5.896~1-8a59]:main():gmm-acc-stats-ali.cc:123) Written accs.
# Accounting: time=0 threads=1
# Ended (code 0) at Wed Mar 31 21:45:52 CST 2021, elapsed time 0 seconds
