# gmm-align-compiled --transition-scale=1.0 --acoustic-scale=0.1 --self-loop-scale=0.1 --beam=6 --retry-beam=40 --careful=false "gmm-boost-silence --boost=1.25 1 exp/mono/1.mdl - |" "ark:gunzip -c exp/mono/fsts.2.gz|" "ark,s,cs:apply-cmvn  --utt2spk=ark:data/train/split4/2/utt2spk scp:data/train/split4/2/cmvn.scp scp:data/train/split4/2/feats.scp ark:- | add-deltas  ark:- ark:- |" "ark,t:|gzip -c >exp/mono/ali.2.gz" 
# Started at Wed Mar 31 21:45:34 CST 2021
#
gmm-align-compiled --transition-scale=1.0 --acoustic-scale=0.1 --self-loop-scale=0.1 --beam=6 --retry-beam=40 --careful=false 'gmm-boost-silence --boost=1.25 1 exp/mono/1.mdl - |' 'ark:gunzip -c exp/mono/fsts.2.gz|' 'ark,s,cs:apply-cmvn  --utt2spk=ark:data/train/split4/2/utt2spk scp:data/train/split4/2/cmvn.scp scp:data/train/split4/2/feats.scp ark:- | add-deltas  ark:- ark:- |' 'ark,t:|gzip -c >exp/mono/ali.2.gz' 
gmm-boost-silence --boost=1.25 1 exp/mono/1.mdl - 
WARNING (gmm-boost-silence[5.5.896~1-8a59]:main():gmm-boost-silence.cc:82) The pdfs for the silence phones may be shared by other phones (note: this probably does not matter.)
LOG (gmm-boost-silence[5.5.896~1-8a59]:main():gmm-boost-silence.cc:93) Boosted weights for 5 pdfs, by factor of 1.25
LOG (gmm-boost-silence[5.5.896~1-8a59]:main():gmm-boost-silence.cc:103) Wrote model to -
add-deltas ark:- ark:- 
apply-cmvn --utt2spk=ark:data/train/split4/2/utt2spk scp:data/train/split4/2/cmvn.scp scp:data/train/split4/2/feats.scp ark:- 
LOG (gmm-align-compiled[5.5.896~1-8a59]:main():gmm-align-compiled.cc:127) weather007_009
WARNING (gmm-align-compiled[5.5.896~1-8a59]:AlignUtteranceWrapper():decoder-wrappers.cc:617) Retrying utterance weather007_009 with beam 40
WARNING (gmm-align-compiled[5.5.896~1-8a59]:AlignUtteranceWrapper():decoder-wrappers.cc:626) Did not successfully decode file weather007_009, len = 2333
LOG (gmm-align-compiled[5.5.896~1-8a59]:main():gmm-align-compiled.cc:127) weather007_010
LOG (gmm-align-compiled[5.5.896~1-8a59]:main():gmm-align-compiled.cc:127) weather007_011
WARNING (gmm-align-compiled[5.5.896~1-8a59]:AlignUtteranceWrapper():decoder-wrappers.cc:617) Retrying utterance weather007_011 with beam 40
LOG (gmm-align-compiled[5.5.896~1-8a59]:main():gmm-align-compiled.cc:127) weather007_012
WARNING (gmm-align-compiled[5.5.896~1-8a59]:AlignUtteranceWrapper():decoder-wrappers.cc:617) Retrying utterance weather007_012 with beam 40
WARNING (gmm-align-compiled[5.5.896~1-8a59]:AlignUtteranceWrapper():decoder-wrappers.cc:626) Did not successfully decode file weather007_012, len = 1086
LOG (gmm-align-compiled[5.5.896~1-8a59]:main():gmm-align-compiled.cc:127) weather007_013
WARNING (gmm-align-compiled[5.5.896~1-8a59]:AlignUtteranceWrapper():decoder-wrappers.cc:617) Retrying utterance weather007_013 with beam 40
LOG (gmm-align-compiled[5.5.896~1-8a59]:main():gmm-align-compiled.cc:127) weather007_014
WARNING (gmm-align-compiled[5.5.896~1-8a59]:AlignUtteranceWrapper():decoder-wrappers.cc:617) Retrying utterance weather007_014 with beam 40
LOG (gmm-align-compiled[5.5.896~1-8a59]:main():gmm-align-compiled.cc:127) weather007_015
WARNING (gmm-align-compiled[5.5.896~1-8a59]:AlignUtteranceWrapper():decoder-wrappers.cc:617) Retrying utterance weather007_015 with beam 40
LOG (gmm-align-compiled[5.5.896~1-8a59]:main():gmm-align-compiled.cc:127) weather007_016
LOG (gmm-align-compiled[5.5.896~1-8a59]:main():gmm-align-compiled.cc:127) weather008_001
WARNING (gmm-align-compiled[5.5.896~1-8a59]:AlignUtteranceWrapper():decoder-wrappers.cc:617) Retrying utterance weather008_001 with beam 40
WARNING (gmm-align-compiled[5.5.896~1-8a59]:AlignUtteranceWrapper():decoder-wrappers.cc:626) Did not successfully decode file weather008_001, len = 638
LOG (gmm-align-compiled[5.5.896~1-8a59]:main():gmm-align-compiled.cc:127) weather008_002
WARNING (gmm-align-compiled[5.5.896~1-8a59]:AlignUtteranceWrapper():decoder-wrappers.cc:617) Retrying utterance weather008_002 with beam 40
WARNING (gmm-align-compiled[5.5.896~1-8a59]:AlignUtteranceWrapper():decoder-wrappers.cc:626) Did not successfully decode file weather008_002, len = 913
LOG (gmm-align-compiled[5.5.896~1-8a59]:main():gmm-align-compiled.cc:127) weather008_003
WARNING (gmm-align-compiled[5.5.896~1-8a59]:AlignUtteranceWrapper():decoder-wrappers.cc:617) Retrying utterance weather008_003 with beam 40
WARNING (gmm-align-compiled[5.5.896~1-8a59]:AlignUtteranceWrapper():decoder-wrappers.cc:626) Did not successfully decode file weather008_003, len = 1600
LOG (gmm-align-compiled[5.5.896~1-8a59]:main():gmm-align-compiled.cc:127) weather008_004
WARNING (gmm-align-compiled[5.5.896~1-8a59]:AlignUtteranceWrapper():decoder-wrappers.cc:617) Retrying utterance weather008_004 with beam 40
WARNING (gmm-align-compiled[5.5.896~1-8a59]:AlignUtteranceWrapper():decoder-wrappers.cc:626) Did not successfully decode file weather008_004, len = 1921
LOG (gmm-align-compiled[5.5.896~1-8a59]:main():gmm-align-compiled.cc:127) weather008_005
WARNING (gmm-align-compiled[5.5.896~1-8a59]:AlignUtteranceWrapper():decoder-wrappers.cc:617) Retrying utterance weather008_005 with beam 40
WARNING (gmm-align-compiled[5.5.896~1-8a59]:AlignUtteranceWrapper():decoder-wrappers.cc:626) Did not successfully decode file weather008_005, len = 2236
LOG (gmm-align-compiled[5.5.896~1-8a59]:main():gmm-align-compiled.cc:127) weather008_006
LOG (gmm-align-compiled[5.5.896~1-8a59]:main():gmm-align-compiled.cc:127) weather008_007
WARNING (gmm-align-compiled[5.5.896~1-8a59]:AlignUtteranceWrapper():decoder-wrappers.cc:617) Retrying utterance weather008_007 with beam 40
WARNING (gmm-align-compiled[5.5.896~1-8a59]:AlignUtteranceWrapper():decoder-wrappers.cc:626) Did not successfully decode file weather008_007, len = 1000
LOG (gmm-align-compiled[5.5.896~1-8a59]:main():gmm-align-compiled.cc:127) weather008_008
WARNING (gmm-align-compiled[5.5.896~1-8a59]:AlignUtteranceWrapper():decoder-wrappers.cc:617) Retrying utterance weather008_008 with beam 40
WARNING (gmm-align-compiled[5.5.896~1-8a59]:AlignUtteranceWrapper():decoder-wrappers.cc:626) Did not successfully decode file weather008_008, len = 990
LOG (gmm-align-compiled[5.5.896~1-8a59]:main():gmm-align-compiled.cc:127) weather008_009
WARNING (gmm-align-compiled[5.5.896~1-8a59]:AlignUtteranceWrapper():decoder-wrappers.cc:617) Retrying utterance weather008_009 with beam 40
WARNING (gmm-align-compiled[5.5.896~1-8a59]:AlignUtteranceWrapper():decoder-wrappers.cc:626) Did not successfully decode file weather008_009, len = 1113
LOG (gmm-align-compiled[5.5.896~1-8a59]:main():gmm-align-compiled.cc:127) weather008_010
WARNING (gmm-align-compiled[5.5.896~1-8a59]:AlignUtteranceWrapper():decoder-wrappers.cc:617) Retrying utterance weather008_010 with beam 40
LOG (gmm-align-compiled[5.5.896~1-8a59]:main():gmm-align-compiled.cc:127) weather008_011
WARNING (gmm-align-compiled[5.5.896~1-8a59]:AlignUtteranceWrapper():decoder-wrappers.cc:617) Retrying utterance weather008_011 with beam 40
LOG (gmm-align-compiled[5.5.896~1-8a59]:main():gmm-align-compiled.cc:127) weather008_012
WARNING (gmm-align-compiled[5.5.896~1-8a59]:AlignUtteranceWrapper():decoder-wrappers.cc:617) Retrying utterance weather008_012 with beam 40
LOG (gmm-align-compiled[5.5.896~1-8a59]:main():gmm-align-compiled.cc:127) weather008_013
WARNING (gmm-align-compiled[5.5.896~1-8a59]:AlignUtteranceWrapper():decoder-wrappers.cc:617) Retrying utterance weather008_013 with beam 40
LOG (gmm-align-compiled[5.5.896~1-8a59]:main():gmm-align-compiled.cc:127) weather008_014
LOG (gmm-align-compiled[5.5.896~1-8a59]:main():gmm-align-compiled.cc:127) weather009_001
LOG (gmm-align-compiled[5.5.896~1-8a59]:main():gmm-align-compiled.cc:127) weather009_002
LOG (gmm-align-compiled[5.5.896~1-8a59]:main():gmm-align-compiled.cc:127) weather009_003
WARNING (gmm-align-compiled[5.5.896~1-8a59]:AlignUtteranceWrapper():decoder-wrappers.cc:617) Retrying utterance weather009_003 with beam 40
LOG (gmm-align-compiled[5.5.896~1-8a59]:main():gmm-align-compiled.cc:127) weather009_004
WARNING (gmm-align-compiled[5.5.896~1-8a59]:AlignUtteranceWrapper():decoder-wrappers.cc:617) Retrying utterance weather009_004 with beam 40
LOG (gmm-align-compiled[5.5.896~1-8a59]:main():gmm-align-compiled.cc:127) weather009_005
LOG (gmm-align-compiled[5.5.896~1-8a59]:main():gmm-align-compiled.cc:127) weather009_006
WARNING (gmm-align-compiled[5.5.896~1-8a59]:AlignUtteranceWrapper():decoder-wrappers.cc:617) Retrying utterance weather009_006 with beam 40
LOG (gmm-align-compiled[5.5.896~1-8a59]:main():gmm-align-compiled.cc:127) weather009_007
WARNING (gmm-align-compiled[5.5.896~1-8a59]:AlignUtteranceWrapper():decoder-wrappers.cc:617) Retrying utterance weather009_007 with beam 40
LOG (gmm-align-compiled[5.5.896~1-8a59]:main():gmm-align-compiled.cc:127) weather009_008
LOG (gmm-align-compiled[5.5.896~1-8a59]:main():gmm-align-compiled.cc:127) weather010_001
LOG (gmm-align-compiled[5.5.896~1-8a59]:main():gmm-align-compiled.cc:127) weather010_002
LOG (gmm-align-compiled[5.5.896~1-8a59]:main():gmm-align-compiled.cc:127) weather010_003
WARNING (gmm-align-compiled[5.5.896~1-8a59]:AlignUtteranceWrapper():decoder-wrappers.cc:617) Retrying utterance weather010_003 with beam 40
LOG (gmm-align-compiled[5.5.896~1-8a59]:main():gmm-align-compiled.cc:127) weather010_004
WARNING (gmm-align-compiled[5.5.896~1-8a59]:AlignUtteranceWrapper():decoder-wrappers.cc:617) Retrying utterance weather010_004 with beam 40
LOG (gmm-align-compiled[5.5.896~1-8a59]:main():gmm-align-compiled.cc:127) weather010_005
LOG (gmm-align-compiled[5.5.896~1-8a59]:main():gmm-align-compiled.cc:127) weather010_006
LOG (gmm-align-compiled[5.5.896~1-8a59]:main():gmm-align-compiled.cc:127) weather010_007
LOG (gmm-align-compiled[5.5.896~1-8a59]:main():gmm-align-compiled.cc:127) weather010_008
WARNING (gmm-align-compiled[5.5.896~1-8a59]:AlignUtteranceWrapper():decoder-wrappers.cc:617) Retrying utterance weather010_008 with beam 40
LOG (gmm-align-compiled[5.5.896~1-8a59]:main():gmm-align-compiled.cc:127) weather010_009
WARNING (gmm-align-compiled[5.5.896~1-8a59]:AlignUtteranceWrapper():decoder-wrappers.cc:617) Retrying utterance weather010_009 with beam 40
LOG (gmm-align-compiled[5.5.896~1-8a59]:main():gmm-align-compiled.cc:127) weather010_010
LOG (gmm-align-compiled[5.5.896~1-8a59]:main():gmm-align-compiled.cc:127) weather010_011
LOG (gmm-align-compiled[5.5.896~1-8a59]:main():gmm-align-compiled.cc:127) weather011_001
LOG (gmm-align-compiled[5.5.896~1-8a59]:main():gmm-align-compiled.cc:127) weather011_002
WARNING (gmm-align-compiled[5.5.896~1-8a59]:AlignUtteranceWrapper():decoder-wrappers.cc:617) Retrying utterance weather011_002 with beam 40
LOG (gmm-align-compiled[5.5.896~1-8a59]:main():gmm-align-compiled.cc:127) weather011_003
LOG (gmm-align-compiled[5.5.896~1-8a59]:main():gmm-align-compiled.cc:127) weather011_004
WARNING (gmm-align-compiled[5.5.896~1-8a59]:AlignUtteranceWrapper():decoder-wrappers.cc:617) Retrying utterance weather011_004 with beam 40
LOG (gmm-align-compiled[5.5.896~1-8a59]:main():gmm-align-compiled.cc:127) weather011_005
LOG (gmm-align-compiled[5.5.896~1-8a59]:main():gmm-align-compiled.cc:127) weather011_006
LOG (gmm-align-compiled[5.5.896~1-8a59]:main():gmm-align-compiled.cc:127) weather011_007
LOG (gmm-align-compiled[5.5.896~1-8a59]:main():gmm-align-compiled.cc:127) weather012_001
LOG (gmm-align-compiled[5.5.896~1-8a59]:main():gmm-align-compiled.cc:127) weather012_002
WARNING (gmm-align-compiled[5.5.896~1-8a59]:AlignUtteranceWrapper():decoder-wrappers.cc:617) Retrying utterance weather012_002 with beam 40
LOG (gmm-align-compiled[5.5.896~1-8a59]:main():gmm-align-compiled.cc:127) weather012_003
WARNING (gmm-align-compiled[5.5.896~1-8a59]:AlignUtteranceWrapper():decoder-wrappers.cc:617) Retrying utterance weather012_003 with beam 40
LOG (gmm-align-compiled[5.5.896~1-8a59]:main():gmm-align-compiled.cc:127) weather012_004
LOG (gmm-align-compiled[5.5.896~1-8a59]:main():gmm-align-compiled.cc:127) weather013_001
LOG (gmm-align-compiled[5.5.896~1-8a59]:main():gmm-align-compiled.cc:127) weather013_002
LOG (gmm-align-compiled[5.5.896~1-8a59]:main():gmm-align-compiled.cc:127) weather013_003
WARNING (gmm-align-compiled[5.5.896~1-8a59]:AlignUtteranceWrapper():decoder-wrappers.cc:617) Retrying utterance weather013_003 with beam 40
LOG (gmm-align-compiled[5.5.896~1-8a59]:main():gmm-align-compiled.cc:127) weather013_004
LOG (gmm-align-compiled[5.5.896~1-8a59]:main():gmm-align-compiled.cc:127) weather013_005
LOG (gmm-align-compiled[5.5.896~1-8a59]:main():gmm-align-compiled.cc:127) weather013_006
LOG (gmm-align-compiled[5.5.896~1-8a59]:main():gmm-align-compiled.cc:127) weather013_007
WARNING (gmm-align-compiled[5.5.896~1-8a59]:AlignUtteranceWrapper():decoder-wrappers.cc:617) Retrying utterance weather013_007 with beam 40
LOG (gmm-align-compiled[5.5.896~1-8a59]:main():gmm-align-compiled.cc:127) weather013_008
LOG (gmm-align-compiled[5.5.896~1-8a59]:main():gmm-align-compiled.cc:127) weather013_009
LOG (gmm-align-compiled[5.5.896~1-8a59]:main():gmm-align-compiled.cc:127) weather013_010
LOG (gmm-align-compiled[5.5.896~1-8a59]:main():gmm-align-compiled.cc:127) weather014_001
LOG (apply-cmvn[5.5.896~1-8a59]:main():apply-cmvn.cc:162) Applied cepstral mean normalization to 66 utterances, errors on 0
LOG (gmm-align-compiled[5.5.896~1-8a59]:main():gmm-align-compiled.cc:127) weather014_002
LOG (gmm-align-compiled[5.5.896~1-8a59]:main():gmm-align-compiled.cc:127) weather014_003
LOG (gmm-align-compiled[5.5.896~1-8a59]:main():gmm-align-compiled.cc:127) weather014_004
WARNING (gmm-align-compiled[5.5.896~1-8a59]:AlignUtteranceWrapper():decoder-wrappers.cc:617) Retrying utterance weather014_004 with beam 40
LOG (gmm-align-compiled[5.5.896~1-8a59]:main():gmm-align-compiled.cc:135) Overall log-likelihood per frame is -118.913 over 62459 frames.
LOG (gmm-align-compiled[5.5.896~1-8a59]:main():gmm-align-compiled.cc:137) Retried 33 out of 66 utterances.
LOG (gmm-align-compiled[5.5.896~1-8a59]:main():gmm-align-compiled.cc:139) Done 56, errors on 10
# Accounting: time=14 threads=1
# Ended (code 0) at Wed Mar 31 21:45:48 CST 2021, elapsed time 14 seconds
