# gmm-align-compiled --transition-scale=1.0 --acoustic-scale=0.1 --self-loop-scale=0.1 --beam=6 --retry-beam=40 --careful=false "gmm-boost-silence --boost=1.25 1 exp/mono/1.mdl - |" "ark:gunzip -c exp/mono/fsts.12.gz|" "ark,s,cs:apply-cmvn  --utt2spk=ark:data/train/split16/12/utt2spk scp:data/train/split16/12/cmvn.scp scp:data/train/split16/12/feats.scp ark:- | add-deltas  ark:- ark:- |" "ark,t:|gzip -c >exp/mono/ali.12.gz" 
# Started at Sun May 16 20:33:30 CST 2021
#
gmm-align-compiled --transition-scale=1.0 --acoustic-scale=0.1 --self-loop-scale=0.1 --beam=6 --retry-beam=40 --careful=false 'gmm-boost-silence --boost=1.25 1 exp/mono/1.mdl - |' 'ark:gunzip -c exp/mono/fsts.12.gz|' 'ark,s,cs:apply-cmvn  --utt2spk=ark:data/train/split16/12/utt2spk scp:data/train/split16/12/cmvn.scp scp:data/train/split16/12/feats.scp ark:- | add-deltas  ark:- ark:- |' 'ark,t:|gzip -c >exp/mono/ali.12.gz' 
gmm-boost-silence --boost=1.25 1 exp/mono/1.mdl - 
WARNING (gmm-boost-silence[5.5.896~1-8a59]:main():gmm-boost-silence.cc:82) The pdfs for the silence phones may be shared by other phones (note: this probably does not matter.)
LOG (gmm-boost-silence[5.5.896~1-8a59]:main():gmm-boost-silence.cc:93) Boosted weights for 5 pdfs, by factor of 1.25
LOG (gmm-boost-silence[5.5.896~1-8a59]:main():gmm-boost-silence.cc:103) Wrote model to -
apply-cmvn --utt2spk=ark:data/train/split16/12/utt2spk scp:data/train/split16/12/cmvn.scp scp:data/train/split16/12/feats.scp ark:- 
add-deltas ark:- ark:- 
LOG (gmm-align-compiled[5.5.896~1-8a59]:main():gmm-align-compiled.cc:127) weather054_011
WARNING (gmm-align-compiled[5.5.896~1-8a59]:AlignUtteranceWrapper():decoder-wrappers.cc:617) Retrying utterance weather054_011 with beam 40
LOG (gmm-align-compiled[5.5.896~1-8a59]:main():gmm-align-compiled.cc:127) weather054_012
WARNING (gmm-align-compiled[5.5.896~1-8a59]:AlignUtteranceWrapper():decoder-wrappers.cc:617) Retrying utterance weather054_012 with beam 40
LOG (gmm-align-compiled[5.5.896~1-8a59]:main():gmm-align-compiled.cc:127) weather054_013
WARNING (gmm-align-compiled[5.5.896~1-8a59]:AlignUtteranceWrapper():decoder-wrappers.cc:617) Retrying utterance weather054_013 with beam 40
LOG (gmm-align-compiled[5.5.896~1-8a59]:main():gmm-align-compiled.cc:127) weather054_014
LOG (gmm-align-compiled[5.5.896~1-8a59]:main():gmm-align-compiled.cc:127) weather054_015
WARNING (gmm-align-compiled[5.5.896~1-8a59]:AlignUtteranceWrapper():decoder-wrappers.cc:617) Retrying utterance weather054_015 with beam 40
LOG (gmm-align-compiled[5.5.896~1-8a59]:main():gmm-align-compiled.cc:127) weather054_016
WARNING (gmm-align-compiled[5.5.896~1-8a59]:AlignUtteranceWrapper():decoder-wrappers.cc:617) Retrying utterance weather054_016 with beam 40
LOG (gmm-align-compiled[5.5.896~1-8a59]:main():gmm-align-compiled.cc:127) weather054_017
WARNING (gmm-align-compiled[5.5.896~1-8a59]:AlignUtteranceWrapper():decoder-wrappers.cc:617) Retrying utterance weather054_017 with beam 40
LOG (gmm-align-compiled[5.5.896~1-8a59]:main():gmm-align-compiled.cc:127) weather054_018
WARNING (gmm-align-compiled[5.5.896~1-8a59]:AlignUtteranceWrapper():decoder-wrappers.cc:617) Retrying utterance weather054_018 with beam 40
LOG (gmm-align-compiled[5.5.896~1-8a59]:main():gmm-align-compiled.cc:127) weather054_019
LOG (gmm-align-compiled[5.5.896~1-8a59]:main():gmm-align-compiled.cc:127) weather054_020
WARNING (gmm-align-compiled[5.5.896~1-8a59]:AlignUtteranceWrapper():decoder-wrappers.cc:617) Retrying utterance weather054_020 with beam 40
LOG (gmm-align-compiled[5.5.896~1-8a59]:main():gmm-align-compiled.cc:127) weather054_021
LOG (gmm-align-compiled[5.5.896~1-8a59]:main():gmm-align-compiled.cc:127) weather054_022
LOG (gmm-align-compiled[5.5.896~1-8a59]:main():gmm-align-compiled.cc:127) weather055_001
WARNING (gmm-align-compiled[5.5.896~1-8a59]:AlignUtteranceWrapper():decoder-wrappers.cc:617) Retrying utterance weather055_001 with beam 40
LOG (gmm-align-compiled[5.5.896~1-8a59]:main():gmm-align-compiled.cc:127) weather055_002
WARNING (gmm-align-compiled[5.5.896~1-8a59]:AlignUtteranceWrapper():decoder-wrappers.cc:617) Retrying utterance weather055_002 with beam 40
LOG (gmm-align-compiled[5.5.896~1-8a59]:main():gmm-align-compiled.cc:127) weather055_003
WARNING (gmm-align-compiled[5.5.896~1-8a59]:AlignUtteranceWrapper():decoder-wrappers.cc:617) Retrying utterance weather055_003 with beam 40
WARNING (gmm-align-compiled[5.5.896~1-8a59]:AlignUtteranceWrapper():decoder-wrappers.cc:626) Did not successfully decode file weather055_003, len = 1387
LOG (gmm-align-compiled[5.5.896~1-8a59]:main():gmm-align-compiled.cc:127) weather055_004
WARNING (gmm-align-compiled[5.5.896~1-8a59]:AlignUtteranceWrapper():decoder-wrappers.cc:617) Retrying utterance weather055_004 with beam 40
LOG (gmm-align-compiled[5.5.896~1-8a59]:main():gmm-align-compiled.cc:127) weather055_005
WARNING (gmm-align-compiled[5.5.896~1-8a59]:AlignUtteranceWrapper():decoder-wrappers.cc:617) Retrying utterance weather055_005 with beam 40
LOG (gmm-align-compiled[5.5.896~1-8a59]:main():gmm-align-compiled.cc:127) weather055_006
WARNING (gmm-align-compiled[5.5.896~1-8a59]:AlignUtteranceWrapper():decoder-wrappers.cc:617) Retrying utterance weather055_006 with beam 40
LOG (gmm-align-compiled[5.5.896~1-8a59]:main():gmm-align-compiled.cc:127) weather055_007
WARNING (gmm-align-compiled[5.5.896~1-8a59]:AlignUtteranceWrapper():decoder-wrappers.cc:617) Retrying utterance weather055_007 with beam 40
WARNING (gmm-align-compiled[5.5.896~1-8a59]:AlignUtteranceWrapper():decoder-wrappers.cc:626) Did not successfully decode file weather055_007, len = 1292
LOG (gmm-align-compiled[5.5.896~1-8a59]:main():gmm-align-compiled.cc:127) weather055_008
WARNING (gmm-align-compiled[5.5.896~1-8a59]:AlignUtteranceWrapper():decoder-wrappers.cc:617) Retrying utterance weather055_008 with beam 40
LOG (gmm-align-compiled[5.5.896~1-8a59]:main():gmm-align-compiled.cc:127) weather055_009
WARNING (gmm-align-compiled[5.5.896~1-8a59]:AlignUtteranceWrapper():decoder-wrappers.cc:617) Retrying utterance weather055_009 with beam 40
LOG (gmm-align-compiled[5.5.896~1-8a59]:main():gmm-align-compiled.cc:127) weather055_010
LOG (gmm-align-compiled[5.5.896~1-8a59]:main():gmm-align-compiled.cc:127) weather055_011
WARNING (gmm-align-compiled[5.5.896~1-8a59]:AlignUtteranceWrapper():decoder-wrappers.cc:617) Retrying utterance weather055_011 with beam 40
LOG (gmm-align-compiled[5.5.896~1-8a59]:main():gmm-align-compiled.cc:127) weather055_012
WARNING (gmm-align-compiled[5.5.896~1-8a59]:AlignUtteranceWrapper():decoder-wrappers.cc:617) Retrying utterance weather055_012 with beam 40
LOG (gmm-align-compiled[5.5.896~1-8a59]:main():gmm-align-compiled.cc:127) weather055_013
WARNING (gmm-align-compiled[5.5.896~1-8a59]:AlignUtteranceWrapper():decoder-wrappers.cc:617) Retrying utterance weather055_013 with beam 40
LOG (gmm-align-compiled[5.5.896~1-8a59]:main():gmm-align-compiled.cc:127) weather055_014
WARNING (gmm-align-compiled[5.5.896~1-8a59]:AlignUtteranceWrapper():decoder-wrappers.cc:617) Retrying utterance weather055_014 with beam 40
LOG (gmm-align-compiled[5.5.896~1-8a59]:main():gmm-align-compiled.cc:127) weather055_015
WARNING (gmm-align-compiled[5.5.896~1-8a59]:AlignUtteranceWrapper():decoder-wrappers.cc:617) Retrying utterance weather055_015 with beam 40
WARNING (gmm-align-compiled[5.5.896~1-8a59]:AlignUtteranceWrapper():decoder-wrappers.cc:626) Did not successfully decode file weather055_015, len = 1142
LOG (gmm-align-compiled[5.5.896~1-8a59]:main():gmm-align-compiled.cc:127) weather055_016
WARNING (gmm-align-compiled[5.5.896~1-8a59]:AlignUtteranceWrapper():decoder-wrappers.cc:617) Retrying utterance weather055_016 with beam 40
LOG (gmm-align-compiled[5.5.896~1-8a59]:main():gmm-align-compiled.cc:127) weather056_001
WARNING (gmm-align-compiled[5.5.896~1-8a59]:AlignUtteranceWrapper():decoder-wrappers.cc:617) Retrying utterance weather056_001 with beam 40
WARNING (gmm-align-compiled[5.5.896~1-8a59]:AlignUtteranceWrapper():decoder-wrappers.cc:626) Did not successfully decode file weather056_001, len = 1055
LOG (gmm-align-compiled[5.5.896~1-8a59]:main():gmm-align-compiled.cc:127) weather056_002
WARNING (gmm-align-compiled[5.5.896~1-8a59]:AlignUtteranceWrapper():decoder-wrappers.cc:617) Retrying utterance weather056_002 with beam 40
LOG (gmm-align-compiled[5.5.896~1-8a59]:main():gmm-align-compiled.cc:127) weather056_003
WARNING (gmm-align-compiled[5.5.896~1-8a59]:AlignUtteranceWrapper():decoder-wrappers.cc:617) Retrying utterance weather056_003 with beam 40
LOG (gmm-align-compiled[5.5.896~1-8a59]:main():gmm-align-compiled.cc:127) weather056_004
WARNING (gmm-align-compiled[5.5.896~1-8a59]:AlignUtteranceWrapper():decoder-wrappers.cc:617) Retrying utterance weather056_004 with beam 40
LOG (gmm-align-compiled[5.5.896~1-8a59]:main():gmm-align-compiled.cc:127) weather056_005
WARNING (gmm-align-compiled[5.5.896~1-8a59]:AlignUtteranceWrapper():decoder-wrappers.cc:617) Retrying utterance weather056_005 with beam 40
LOG (gmm-align-compiled[5.5.896~1-8a59]:main():gmm-align-compiled.cc:127) weather056_006
WARNING (gmm-align-compiled[5.5.896~1-8a59]:AlignUtteranceWrapper():decoder-wrappers.cc:617) Retrying utterance weather056_006 with beam 40
LOG (gmm-align-compiled[5.5.896~1-8a59]:main():gmm-align-compiled.cc:127) weather056_007
WARNING (gmm-align-compiled[5.5.896~1-8a59]:AlignUtteranceWrapper():decoder-wrappers.cc:617) Retrying utterance weather056_007 with beam 40
LOG (gmm-align-compiled[5.5.896~1-8a59]:main():gmm-align-compiled.cc:127) weather056_008
WARNING (gmm-align-compiled[5.5.896~1-8a59]:AlignUtteranceWrapper():decoder-wrappers.cc:617) Retrying utterance weather056_008 with beam 40
WARNING (gmm-align-compiled[5.5.896~1-8a59]:AlignUtteranceWrapper():decoder-wrappers.cc:626) Did not successfully decode file weather056_008, len = 984
LOG (gmm-align-compiled[5.5.896~1-8a59]:main():gmm-align-compiled.cc:127) weather056_009
WARNING (gmm-align-compiled[5.5.896~1-8a59]:AlignUtteranceWrapper():decoder-wrappers.cc:617) Retrying utterance weather056_009 with beam 40
LOG (gmm-align-compiled[5.5.896~1-8a59]:main():gmm-align-compiled.cc:127) weather056_010
WARNING (gmm-align-compiled[5.5.896~1-8a59]:AlignUtteranceWrapper():decoder-wrappers.cc:617) Retrying utterance weather056_010 with beam 40
WARNING (gmm-align-compiled[5.5.896~1-8a59]:AlignUtteranceWrapper():decoder-wrappers.cc:626) Did not successfully decode file weather056_010, len = 1129
LOG (gmm-align-compiled[5.5.896~1-8a59]:main():gmm-align-compiled.cc:127) weather056_011
WARNING (gmm-align-compiled[5.5.896~1-8a59]:AlignUtteranceWrapper():decoder-wrappers.cc:617) Retrying utterance weather056_011 with beam 40
LOG (gmm-align-compiled[5.5.896~1-8a59]:main():gmm-align-compiled.cc:127) weather056_012
WARNING (gmm-align-compiled[5.5.896~1-8a59]:AlignUtteranceWrapper():decoder-wrappers.cc:617) Retrying utterance weather056_012 with beam 40
LOG (gmm-align-compiled[5.5.896~1-8a59]:main():gmm-align-compiled.cc:127) weather056_013
WARNING (gmm-align-compiled[5.5.896~1-8a59]:AlignUtteranceWrapper():decoder-wrappers.cc:617) Retrying utterance weather056_013 with beam 40
LOG (gmm-align-compiled[5.5.896~1-8a59]:main():gmm-align-compiled.cc:127) weather056_014
WARNING (gmm-align-compiled[5.5.896~1-8a59]:AlignUtteranceWrapper():decoder-wrappers.cc:617) Retrying utterance weather056_014 with beam 40
WARNING (gmm-align-compiled[5.5.896~1-8a59]:AlignUtteranceWrapper():decoder-wrappers.cc:626) Did not successfully decode file weather056_014, len = 1051
LOG (gmm-align-compiled[5.5.896~1-8a59]:main():gmm-align-compiled.cc:127) weather056_015
LOG (apply-cmvn[5.5.896~1-8a59]:main():apply-cmvn.cc:162) Applied cepstral mean normalization to 45 utterances, errors on 0
WARNING (gmm-align-compiled[5.5.896~1-8a59]:AlignUtteranceWrapper():decoder-wrappers.cc:617) Retrying utterance weather056_015 with beam 40
WARNING (gmm-align-compiled[5.5.896~1-8a59]:AlignUtteranceWrapper():decoder-wrappers.cc:626) Did not successfully decode file weather056_015, len = 1164
LOG (gmm-align-compiled[5.5.896~1-8a59]:main():gmm-align-compiled.cc:127) weather056_016
WARNING (gmm-align-compiled[5.5.896~1-8a59]:AlignUtteranceWrapper():decoder-wrappers.cc:617) Retrying utterance weather056_016 with beam 40
LOG (gmm-align-compiled[5.5.896~1-8a59]:main():gmm-align-compiled.cc:127) weather056_017
WARNING (gmm-align-compiled[5.5.896~1-8a59]:AlignUtteranceWrapper():decoder-wrappers.cc:617) Retrying utterance weather056_017 with beam 40
LOG (gmm-align-compiled[5.5.896~1-8a59]:main():gmm-align-compiled.cc:135) Overall log-likelihood per frame is -110.925 over 39470 frames.
LOG (gmm-align-compiled[5.5.896~1-8a59]:main():gmm-align-compiled.cc:137) Retried 40 out of 45 utterances.
LOG (gmm-align-compiled[5.5.896~1-8a59]:main():gmm-align-compiled.cc:139) Done 37, errors on 8
# Accounting: time=20 threads=1
# Ended (code 0) at Sun May 16 20:33:51 CST 2021, elapsed time 20 seconds
