# gmm-est --write-occs=exp/mono/6.occs --mix-up=516 --power=0.25 exp/mono/5.mdl "gmm-sum-accs - exp/mono/5.*.acc|" exp/mono/6.mdl 
# Started at Sun May 16 20:34:33 CST 2021
#
gmm-est --write-occs=exp/mono/6.occs --mix-up=516 --power=0.25 exp/mono/5.mdl 'gmm-sum-accs - exp/mono/5.*.acc|' exp/mono/6.mdl 
gmm-sum-accs - exp/mono/5.1.acc exp/mono/5.10.acc exp/mono/5.11.acc exp/mono/5.12.acc exp/mono/5.13.acc exp/mono/5.14.acc exp/mono/5.15.acc exp/mono/5.16.acc exp/mono/5.2.acc exp/mono/5.3.acc exp/mono/5.4.acc exp/mono/5.5.acc exp/mono/5.6.acc exp/mono/5.7.acc exp/mono/5.8.acc exp/mono/5.9.acc 
LOG (gmm-sum-accs[5.5.896~1-8a59]:main():gmm-sum-accs.cc:63) Summed 16 stats, total count 695732, avg like/frame -108.751
LOG (gmm-sum-accs[5.5.896~1-8a59]:main():gmm-sum-accs.cc:66) Total count of stats is 695732
LOG (gmm-sum-accs[5.5.896~1-8a59]:main():gmm-sum-accs.cc:67) Written stats to -
LOG (gmm-est[5.5.896~1-8a59]:MleUpdate():transition-model.cc:528) TransitionModel::Update, objf change is 0.00227938 per frame over 695732 frames. 
LOG (gmm-est[5.5.896~1-8a59]:MleUpdate():transition-model.cc:531) 17 probabilities floored, 212 out of 554 transition-states skipped due to insuffient data (it is normal to have some skipped.)
LOG (gmm-est[5.5.896~1-8a59]:main():gmm-est.cc:102) Transition model update: Overall 0.00227938 log-like improvement per frame over 695732 frames.
WARNING (gmm-est[5.5.896~1-8a59]:MleDiagGmmUpdate():mle-diag-gmm.cc:365) Gaussian has too little data but not removing it because it is the last Gaussian: i = 0, occ = 1, weight = 1
WARNING (gmm-est[5.5.896~1-8a59]:MleDiagGmmUpdate():mle-diag-gmm.cc:365) Gaussian has too little data but not removing it because it is the last Gaussian: i = 0, occ = 1, weight = 1
WARNING (gmm-est[5.5.896~1-8a59]:MleDiagGmmUpdate():mle-diag-gmm.cc:365) Gaussian has too little data but not removing it because it is the last Gaussian: i = 0, occ = 0, weight = 1
WARNING (gmm-est[5.5.896~1-8a59]:MleDiagGmmUpdate():mle-diag-gmm.cc:365) Gaussian has too little data but not removing it because it is the last Gaussian: i = 0, occ = 0, weight = 1
WARNING (gmm-est[5.5.896~1-8a59]:MleDiagGmmUpdate():mle-diag-gmm.cc:365) Gaussian has too little data but not removing it because it is the last Gaussian: i = 0, occ = 1, weight = 1
WARNING (gmm-est[5.5.896~1-8a59]:MleDiagGmmUpdate():mle-diag-gmm.cc:365) Gaussian has too little data but not removing it because it is the last Gaussian: i = 0, occ = 4, weight = 1
WARNING (gmm-est[5.5.896~1-8a59]:MleDiagGmmUpdate():mle-diag-gmm.cc:365) Gaussian has too little data but not removing it because it is the last Gaussian: i = 0, occ = 8, weight = 1
WARNING (gmm-est[5.5.896~1-8a59]:MleDiagGmmUpdate():mle-diag-gmm.cc:365) Gaussian has too little data but not removing it because it is the last Gaussian: i = 0, occ = 6, weight = 1
WARNING (gmm-est[5.5.896~1-8a59]:MleDiagGmmUpdate():mle-diag-gmm.cc:365) Gaussian has too little data but not removing it because it is the last Gaussian: i = 0, occ = 0, weight = 1
WARNING (gmm-est[5.5.896~1-8a59]:MleDiagGmmUpdate():mle-diag-gmm.cc:365) Gaussian has too little data but not removing it because it is the last Gaussian: i = 0, occ = 0, weight = 1
WARNING (gmm-est[5.5.896~1-8a59]:MleDiagGmmUpdate():mle-diag-gmm.cc:365) Gaussian has too little data but not removing it because it is the last Gaussian: i = 0, occ = 0, weight = 1
WARNING (gmm-est[5.5.896~1-8a59]:MleDiagGmmUpdate():mle-diag-gmm.cc:365) Gaussian has too little data but not removing it because it is the last Gaussian: i = 0, occ = 10, weight = 1
WARNING (gmm-est[5.5.896~1-8a59]:MleDiagGmmUpdate():mle-diag-gmm.cc:365) Gaussian has too little data but not removing it because it is the last Gaussian: i = 0, occ = 10, weight = 1
LOG (gmm-est[5.5.896~1-8a59]:MleAmDiagGmmUpdate():mle-am-diag-gmm.cc:225) 0 variance elements floored in 0 Gaussians, out of 421
LOG (gmm-est[5.5.896~1-8a59]:MleAmDiagGmmUpdate():mle-am-diag-gmm.cc:229) Removed 0 Gaussians due to counts < --min-gaussian-occupancy=10 and --remove-low-count-gaussians=true
LOG (gmm-est[5.5.896~1-8a59]:main():gmm-est.cc:113) GMM update: Overall 0.360665 objective function improvement per frame over 695732 frames
LOG (gmm-est[5.5.896~1-8a59]:main():gmm-est.cc:116) GMM update: Overall avg like per frame = -108.751 over 695732 frames.
LOG (gmm-est[5.5.896~1-8a59]:SplitByCount():am-diag-gmm.cc:116) Split 136 states with target = 516, power = 0.25, perturb_factor = 0.01 and min_count = 20, split #Gauss from 421 to 516
LOG (gmm-est[5.5.896~1-8a59]:main():gmm-est.cc:146) Written model to exp/mono/6.mdl
# Accounting: time=0 threads=1
# Ended (code 0) at Sun May 16 20:34:34 CST 2021, elapsed time 0 seconds
