# align-text ark:<( ali-to-phones exp/tri2a/final.mdl "ark:gunzip -c exp/tri2a_decode/ali.6.gz|" ark,t:- | int2sym.pl -f 2- exp/tri2a_decode/phones.txt - ) ark:<( lattice-to-phone-lattice exp/tri2a/final.mdl "ark:gunzip -c exp/tri2a/decode/lat.6.gz|" ark:- | lattice-best-path --acoustic-scale=0.1 ark:- ark,t:- ark:/dev/null | int2sym.pl -f 2- exp/tri2a_decode/phones.txt - ) ark:exp/tri2a_decode/confusions.6.txt 
# Started at Sun May 16 21:01:44 CST 2021
#
align-text ark:/dev/fd/63 ark:/dev/fd/62 ark:exp/tri2a_decode/confusions.6.txt 
lattice-to-phone-lattice exp/tri2a/final.mdl 'ark:gunzip -c exp/tri2a/decode/lat.6.gz|' ark:- 
lattice-best-path --acoustic-scale=0.1 ark:- ark,t:- ark:/dev/null 
ali-to-phones exp/tri2a/final.mdl 'ark:gunzip -c exp/tri2a_decode/ali.6.gz|' ark,t:- 
LOG (lattice-best-path[5.5.896~1-8a59]:main():lattice-best-path.cc:99) For utterance weather005_010, best cost 46.4378 + 1704.15 = 1750.58 over 391 frames.
LOG (lattice-best-path[5.5.896~1-8a59]:main():lattice-best-path.cc:99) For utterance weather006_001, best cost 172.223 + 4939.9 = 5112.12 over 1146 frames.
LOG (lattice-best-path[5.5.896~1-8a59]:main():lattice-best-path.cc:99) For utterance weather006_002, best cost 143.788 + 4175.77 = 4319.56 over 966 frames.
LOG (lattice-best-path[5.5.896~1-8a59]:main():lattice-best-path.cc:99) For utterance weather006_003, best cost 190.965 + 4894.55 = 5085.52 over 1086 frames.
LOG (lattice-best-path[5.5.896~1-8a59]:main():lattice-best-path.cc:99) For utterance weather006_004, best cost 125.396 + 3184.86 = 3310.26 over 707 frames.
LOG (lattice-best-path[5.5.896~1-8a59]:main():lattice-best-path.cc:99) For utterance weather006_005, best cost 112.6 + 2749.03 = 2861.63 over 642 frames.
LOG (ali-to-phones[5.5.896~1-8a59]:main():ali-to-phones.cc:134) Done 9 utterances.
LOG (lattice-best-path[5.5.896~1-8a59]:main():lattice-best-path.cc:99) For utterance weather006_006, best cost 272.164 + 7357.22 = 7629.38 over 1650 frames.
LOG (lattice-to-phone-lattice[5.5.896~1-8a59]:main():lattice-to-phone-lattice.cc:94) Done converting 9 lattices.
LOG (lattice-best-path[5.5.896~1-8a59]:main():lattice-best-path.cc:99) For utterance weather006_007, best cost 209.285 + 7634.45 = 7843.74 over 1730 frames.
LOG (lattice-best-path[5.5.896~1-8a59]:main():lattice-best-path.cc:99) For utterance weather006_008, best cost 211.438 + 6917.73 = 7129.17 over 1571 frames.
LOG (lattice-best-path[5.5.896~1-8a59]:main():lattice-best-path.cc:124) Overall cost per frame is 4.55475 = 0.150096 [graph] + 4.40466 [acoustic] over 9889 frames.
LOG (lattice-best-path[5.5.896~1-8a59]:main():lattice-best-path.cc:128) Done 9 lattices, failed for 0
LOG (align-text[5.5.896~1-8a59]:main():align-text.cc:135) Done 9 sentences, failed for 0
# Accounting: time=3 threads=1
# Ended (code 0) at Sun May 16 21:01:47 CST 2021, elapsed time 3 seconds
