# align-text ark:<( ali-to-phones exp/tri2a/final.mdl "ark:gunzip -c exp/tri2a_decode/ali.3.gz|" ark,t:- | int2sym.pl -f 2- exp/tri2a_decode/phones.txt - ) ark:<( lattice-to-phone-lattice exp/tri2a/final.mdl "ark:gunzip -c exp/tri2a/decode/lat.3.gz|" ark:- | lattice-best-path --acoustic-scale=0.1 ark:- ark,t:- ark:/dev/null | int2sym.pl -f 2- exp/tri2a_decode/phones.txt - ) ark:exp/tri2a_decode/confusions.3.txt 
# Started at Sun May 16 21:01:44 CST 2021
#
align-text ark:/dev/fd/63 ark:/dev/fd/62 ark:exp/tri2a_decode/confusions.3.txt 
ali-to-phones exp/tri2a/final.mdl 'ark:gunzip -c exp/tri2a_decode/ali.3.gz|' ark,t:- 
lattice-to-phone-lattice exp/tri2a/final.mdl 'ark:gunzip -c exp/tri2a/decode/lat.3.gz|' ark:- 
lattice-best-path --acoustic-scale=0.1 ark:- ark,t:- ark:/dev/null 
LOG (ali-to-phones[5.5.896~1-8a59]:main():ali-to-phones.cc:134) Done 9 utterances.
LOG (lattice-best-path[5.5.896~1-8a59]:main():lattice-best-path.cc:99) For utterance weather003_006, best cost 179.486 + 4810.61 = 4990.1 over 1116 frames.
LOG (lattice-best-path[5.5.896~1-8a59]:main():lattice-best-path.cc:99) For utterance weather003_007, best cost 437.143 + 11700.7 = 12137.8 over 2779 frames.
LOG (lattice-best-path[5.5.896~1-8a59]:main():lattice-best-path.cc:99) For utterance weather003_008, best cost 482.354 + 14853.2 = 15335.5 over 3494 frames.
LOG (lattice-best-path[5.5.896~1-8a59]:main():lattice-best-path.cc:99) For utterance weather003_009, best cost 259.877 + 8344.6 = 8604.48 over 1883 frames.
LOG (lattice-best-path[5.5.896~1-8a59]:main():lattice-best-path.cc:99) For utterance weather003_010, best cost 183.285 + 3876.78 = 4060.07 over 943 frames.
LOG (lattice-best-path[5.5.896~1-8a59]:main():lattice-best-path.cc:99) For utterance weather003_011, best cost 58.3302 + 1804.25 = 1862.58 over 441 frames.
LOG (lattice-best-path[5.5.896~1-8a59]:main():lattice-best-path.cc:99) For utterance weather004_001, best cost 282.749 + 8020.61 = 8303.36 over 1879 frames.
LOG (lattice-best-path[5.5.896~1-8a59]:main():lattice-best-path.cc:99) For utterance weather004_002, best cost 169.077 + 4549.07 = 4718.15 over 1024 frames.
LOG (lattice-to-phone-lattice[5.5.896~1-8a59]:main():lattice-to-phone-lattice.cc:94) Done converting 9 lattices.
LOG (lattice-best-path[5.5.896~1-8a59]:main():lattice-best-path.cc:99) For utterance weather004_003, best cost 305.491 + 8010.1 = 8315.59 over 1852 frames.
LOG (lattice-best-path[5.5.896~1-8a59]:main():lattice-best-path.cc:124) Overall cost per frame is 4.43369 = 0.152994 [graph] + 4.2807 [acoustic] over 15411 frames.
LOG (lattice-best-path[5.5.896~1-8a59]:main():lattice-best-path.cc:128) Done 9 lattices, failed for 0
LOG (align-text[5.5.896~1-8a59]:main():align-text.cc:135) Done 9 sentences, failed for 0
# Accounting: time=3 threads=1
# Ended (code 0) at Sun May 16 21:01:47 CST 2021, elapsed time 3 seconds
