# lattice-best-path --lm-scale=8 --word-symbol-table=exp/tri4a/graph/words.txt "ark:gunzip -c exp/tri4a/decode.si/lat.*.gz|" ark,t:exp/tri4a/decode.si/scoring/8.tra 
# Started at Sun Apr  4 23:48:11 CST 2021
#
lattice-best-path --lm-scale=8 --word-symbol-table=exp/tri4a/graph/words.txt 'ark:gunzip -c exp/tri4a/decode.si/lat.*.gz|' ark,t:exp/tri4a/decode.si/scoring/8.tra 
LOG (lattice-best-path[5.5.896~1-8a59]:main():lattice-best-path.cc:99) For utterance weather029_006, best cost 1936.48 + 82060.6 = 83997.1 over 1125 frames.
weather029_006 SA NGAYON NASA ONE HUNDRED TEN KILOMETERS SILANGAN NG BALER AURORA ANG BAGYONG PEPITO O NA NAG ANG MAXIMUM SUSTAINED WINDS IS SA NAG FIVE KILOMETERS PER HOUR AT PAGBUGSO KASI MINSAN NA EIGHTY KILOMETERS PER HOUR 
LOG (lattice-best-path[5.5.896~1-8a59]:main():lattice-best-path.cc:99) For utterance weather029_007, best cost 991.323 + 40817.1 = 41808.4 over 553 frames.
weather029_007 BAHAGYANG BUMILIS ANG PAG KILOS DITO O SA THIRTY EIGHT KILOMETERS PER HOUR PATUNGONG WEST NORTH WEST 
LOG (lattice-best-path[5.5.896~1-8a59]:main():lattice-best-path.cc:99) For utterance weather029_008, best cost 1252.18 + 45681.5 = 46933.7 over 578 frames.
weather029_008 SA FORECAST O GABI YAN CENTRAL SUBIC YUNG RAINFALL NAFORECAST BUONG IS ISANG DOBOL LINYA 
LOG (lattice-best-path[5.5.896~1-8a59]:main():lattice-best-path.cc:99) For utterance weather029_009, best cost 1398.89 + 60114 = 61512.9 over 814 frames.
weather029_009 NAKIKITANG TUTUMBUKIN ITONG ANG AURORA NGAYONG GABI AT AH TANI NA CENTRAL LUZON PO SOUTHERN SUR NG NORTHERN LUZON HANGGANG BUKAS NG MADALING ARAW 
LOG (lattice-best-path[5.5.896~1-8a59]:main():lattice-best-path.cc:99) For utterance weather029_010, best cost 1940.53 + 119480 = 121420 over 1806 frames.
weather029_010 INAASAHAN ANG MALAKAS NA ULAN NGAYONG GABI SA AURORA ISABELA QUEZON BULACAN TARLAC CAMARINES NORTE NUEVA ECIJA NUEVA VIZCAYA QUIRINO RING LANG CAGAYAN CORDILLERA LA UNION ILOCOS SUR TARLAC PAMPANGA BATAAN ZAMBALES AT PANGASINAN 
LOG (lattice-best-path[5.5.896~1-8a59]:main():lattice-best-path.cc:99) For utterance weather031_010, best cost 4489.7 + 143181 = 147671 over 2714 frames.
weather031_010 AT BABA MAY NG BAGYO SAMUEL ANG NA HALOS BUONG VISAYAS NA MAGDADALA NG PAULAN AH MAULANG PANAHON DITO ANG PAGTAMA NITO SA MAY DINAGAT ISLAND JENNY KUNG HINDI MAGBABAGO YUNG KANYANG DIRECTION EIGHT AT AH MID INIT AT DITO SA MAY LEYTE LALO SA NA SOUTHERN LEYTE POSIBLENG DIYAN SA MAY BOHOL CEBU DIYAN SA MAY NEGROS ISLAND ALON SA MAY NEGROS OCCIDENTAL DADAAN NG ILOILO ANTIQUE EIGHT PAPUNTA NINE NA PALAWAN AT PAPALABAS NG MAYO PAPUNTA NG WEST PHILIPPINE SEA 
LOG (lattice-best-path[5.5.896~1-8a59]:main():lattice-best-path.cc:99) For utterance weather031_011, best cost 2832.95 + 108665 = 111498 over 2081 frames.
weather031_011 KAYA MAGING I AM READY PO ANG ANG MGA TAGA REHIYON NG CARAGA NORTHERN MINDANAO LALONG LALO NA I EASTERN VISAYAS IN SAMAR LEYTE PROVINCES SA MAULANG MAGDAMAG NA MAGPAPATULOY MGA KAPUSO HANGGANG BUKAS PO YAN YUN NAKIKITA NYONG PULA AT SA AH PINK NA YAN YAN YUNG MGA MATITINDING PAGULAN NA PWEDENG MARARANASAN SA MALAKING BAHAGI NG NG AH VISAYAS BUKAS 
LOG (lattice-best-path[5.5.896~1-8a59]:main():lattice-best-path.cc:99) For utterance weather031_012, best cost 1832.56 + 59392.2 = 61224.7 over 1128 frames.
weather031_012 MAGHAPON DIN MAULAN DIYAN SA MAY AH ZAMBOANGA AT DAVAO REGION AT SA BUONG VISAYAS BUKAS AT MAGING I AM READY PO SA BANTA NG LANG NA LAST NINE AT WESTWARD SA LINYA NUNG MGA UMULAN SA PAGULAN 
LOG (lattice-best-path[5.5.896~1-8a59]:main():lattice-best-path.cc:99) For utterance weather031_013, best cost 1456.37 + 45788.5 = 47244.9 over 880 frames.
weather031_013 HABANG SA LUZON APEKTADO NAMAN ANG BAGYO ANG NA BICOL REGION MINDORO MARINDUQUE ROMBLON PERO YAN KAYO SIMULA NA ANG NA BUKAS AH GABI 
LOG (lattice-best-path[5.5.896~1-8a59]:main():lattice-best-path.cc:99) For utterance weather031_014, best cost 1513.88 + 51739 = 53252.9 over 986 frames.
weather031_014 AT HINDI NAMAN APEKTADO NG BAGYO ANG AH NORTHERN AT CENTRAL LUZON NA MABABA NA BA ANG TSANSANG UMULAN EH MGA MAHIHINANG PAGULAN DEL ISOLATED DIYAN SA MAY QUEZON AURORA PROVINCES 
LOG (lattice-best-path[5.5.896~1-8a59]:main():lattice-best-path.cc:99) For utterance weather031_015, best cost 1076.22 + 41315.4 = 42391.6 over 803 frames.
weather031_015 AT SA METRO MANILA MAGIGING MAULAP BUKAS PERO HALOS WALANG ULAN NA INAASAHAN DAHIL MGA KAPUSO MALAYO PO TAYO SA CENTRO NG BAGYO 
LOG (lattice-best-path[5.5.896~1-8a59]:main():lattice-best-path.cc:99) For utterance weather031_016, best cost 1963.22 + 58016.5 = 59979.7 over 1080 frames.
weather031_016 PATAAS NAMAN ANG ALON SA MGA LUGAR NA MAY SIGNAL YUNG MAY KULAY YES ASUL NA YAN KASAMA NA ANG NA DAVAO ORIENTAL AT OCCIDENTAL NA ULAN SIGNAL PERO MALAKAS DIN INAASAHANG MGA PAGALON JESSICA 
LOG (lattice-best-path[5.5.896~1-8a59]:main():lattice-best-path.cc:99) For utterance weather031_017, best cost 2613.09 + 90639.4 = 93252.5 over 1550 frames.
weather031_017 MANG TANI ITO NA YUNG EPEKTO UNANG AMIHAN NO YUNG MGA BAGYO IBIG ILAN SA MABABANG PARTE NA NA MA PILIPINAS TUMATAMA YUNG HABAGAT SA MID YUNG MATAAS NGAYON PO PABABA NG PABABA AMIHAN ONE HOUR ONE MANG TANI ANO BANG PAGKAKAIBA NITO AMIHAN SA HABAGAT 
LOG (lattice-best-path[5.5.896~1-8a59]:main():lattice-best-path.cc:99) For utterance weather031_018, best cost 6652.62 + 247739 = 254391 over 4658 frames.
weather031_018 PA WALANG ULAN YUNG AH AMIHAN JESSICA DIYAN NA ITO YUNG HANGIN WALANG MASYADONG MOISTURE KA MAPAPANSIN MO YUNG BAGYO MALAPIT NA PERO HALOS HINDI PA RAMDAM YUNG MGA PAGULAN KUNG TITINGNAN MO YUNG RAINFALL MAP JESSICA YUNG NA ULAN NA DARATING DITO SA AT EH YUNG NA MAMAYANG GABI HALOS NANDYAN YUNG BAGYO PERO ANG ANG HINDI PA RAMDAM YUNG ULAN AT YAN YUNG NA NGAYONG HANGING AMIHAN YUNG NORTHERN SA RIN NG BAGYO ANG MAS MAULAN KUMPARA DITO SA MAY SOUTHERN PART HINDI KATULAD PAG HANGING HABAGAT JESSICA SA MAY SOUTHWEST YUNG BAGYO KAHIT NANDITO SA MAY AH EASTERN SECTION MAULAN DOON SA MAY WESTERN SA I PO YUNG AH WESTERN SA NYONG BAGYO DAHIL NGA YUNG MGA HABAGAT NA TED MAS MARAMING MOISTURE 
LOG (lattice-best-path[5.5.896~1-8a59]:main():lattice-best-path.cc:99) For utterance weather031_019, best cost 1523.63 + 61820.7 = 63344.4 over 1111 frames.
weather031_019 SO ANG PAGKAKAIBA JESSICA PAGDATING SA AMIHAN HALOS WALANG MOISTURE KAYA HINDI NAGPAPALAKAS NG BAGYO YAN SAMANTALANG HABAGAT DAHIL MARAMING DALANG TUBIG SIYA NAMAN EH NAGPAPALAKAS NG BAGYO 
LOG (lattice-best-path[5.5.896~1-8a59]:main():lattice-best-path.cc:99) For utterance weather031_020, best cost 2820.07 + 76673.5 = 79493.6 over 1336 frames.
weather031_020 KAYA ALAMIN MANG AT TUMAMANG BAGYO AT IS MAAYOS MAY EH DATI YES SA NG BAHA BANG ANG O SA COMPOSTELA VALLEY SA HA ILIGAN MANG TANI MALALAKAS KIM NA YUNG SENDONG AT TSAKA INYONG MGA PABLO KUNG DA NAGKAKAMALI 
LOG (lattice-best-path[5.5.896~1-8a59]:main():lattice-best-path.cc:99) For utterance weather031_021, best cost 2481.71 + 77264.8 = 79746.5 over 1418 frames.
weather031_021 ANG MAY AH NIYO MAY KUNG TITINGNAN NATIN YUNG POSIBLE ITONG SA MAY MGA BAGYO NA MALAYO PA LANG DITO SA AT EH NABUBUO NA KAYA HABANG NASA MAY KARAGATAN YAN NAKAKAKUHA SA NG LAKAS LALONG LALO KUNG MGA MASASABAYAN SA NG MAHINANG AMIHAN 
LOG (lattice-best-path[5.5.896~1-8a59]:main():lattice-best-path.cc:99) For utterance weather031_022, best cost 1816.99 + 54617.8 = 56434.8 over 966 frames.
weather031_022 KA PAG MAHINA YUNG AMIHAN MO TAPOS NANDITO KA PALAWAN DAANG BAGO PUMASOK SA PILIPINAS AREA OF RESPONSIBILITY ISA KA NA NG GANAP NA BAGYO NANDUN YUNG PAGKAKATAONG LALO ISANG LUMALAKAS 
LOG (lattice-best-path[5.5.896~1-8a59]:main():lattice-best-path.cc:99) For utterance weather031_023, best cost 4253.8 + 146207 = 150461 over 2611 frames.
weather031_023 NA NANDITO PALAWAN SA LABAS NG PINAG AT MAHINA YUNG AMIHAN YAN AH YELLOW LUMAKAS YAN KAYA NAGING MAPAMINSALA SAMANTALA ITO KASING SI NA SAMUEL DITO NALAMANG SEVEN DIN TROPICAL DEPRESSION MALAPIT NA NG TUMAMA SA LUPA KAYA HINDI SA GANUNG KALAKAS PERO YUNG ISANG YUNG NAKIKITA NATING JESSICA AT NAPANSIN MO RIN PAGDATING NG LAST QUARTER B AM MAS KAKAUNTI YUNG BAGYO PERO MAS MADALAS TUMATAMA YUNG KAYA NAGIGING MAS MAPAMINSALA 
LOG (lattice-best-path[5.5.896~1-8a59]:main():lattice-best-path.cc:99) For utterance weather031_024, best cost 2621.09 + 89559.9 = 92181 over 1483 frames.
weather031_024 O PARA SA PHYSICS DIN MANG TANI NO PAG MAS MARA MAS MAP MALAYO ANG PINANGGAGALINGAN ILAN NAKAKAPAG DIN CI AN NG STRENGTH AT MOMENTUM MAS MALAKAS YUNG PUWERSA NIYA KATULAD NAGI YAN ILAN DA ITONG SI SAMUEL MALAPIT NA SA PILIPINAS NABUO 
LOG (lattice-best-path[5.5.896~1-8a59]:main():lattice-best-path.cc:99) For utterance weather031_025, best cost 2496.3 + 90953.1 = 93449.4 over 1642 frames.
weather031_025 YES JESSICA NIYA ANG MAGIGING ANO NIYA POSIBLE ISANG MAGING ISANG TROPICAL STORM BAHAGYANG LALAKAS BAGO TUMAMA SA KALUPAAN PERO DEFINITELY HINDI SIYA MAGIGING KASING LAKAS LALO MGA NAG AALALA NG ISANG SUPER PA RIN PONG O KATULAD NUNG MALA YOLANDANG BAGYO NA ANG PROBLEMA MALA ANG 
LOG (lattice-best-path[5.5.896~1-8a59]:main():lattice-best-path.cc:99) For utterance weather031_026, best cost 4058.62 + 146653 = 150712 over 2488 frames.
weather031_026 MAS PATI LATE TED YUNG MABABANG BAHAGI YUNG IBABANG BAHAGI NG ATING BANSA KESA YUNG AH TAAS NO KASI TSAKA BANSA TAAS MERONG KANG CORDILLERA SIERRA MADRE EH BANG TEN RIN DIYES PAG TUMAMA YUNG BAGYO NA HUMIHINA YUNG EPEKTO MANG TANI DITO SA BABA WALA TAYONG PARANG NAMANG TED RIN CI INA HUMAHARANG DITO KASI PURO MGA PULO PULO O MGA ISLA ITONG MGA DADAANAN YANG 
LOG (lattice-best-path[5.5.896~1-8a59]:main():lattice-best-path.cc:99) For utterance weather031_027, best cost 2242.3 + 63938.9 = 66181.2 over 1183 frames.
weather031_027 TAMA YAN DIYAN SIYA PO TITINGNAN NATIN YUNG TRACK NUNG BAGYO NO PAG YAN EH TUMAMA SA MAY DINAGAT KAILAN ANG NA GAYA RIN DIYAN JESSICA KUNG IKOCLOSE AT PO YAN PAGTAMA NYAN SA ISANG ISLA BABALIK ULI SA DAGAT 
LOG (lattice-best-path[5.5.896~1-8a59]:main():lattice-best-path.cc:99) For utterance weather031_028, best cost 3402.05 + 99591.2 = 102993 over 1800 frames.
weather031_028 SO KAHIT PAPAANO MAKAKAIPON ANG LAKAS PAG TININGNAN MO YUNG HO SO KUNG FORTY AS NA YAN JESSICA KADA TAMA NYAN SA ISLA DADAAN SA DAGAT POSIBLENG LUMAKAS NA LIKE TATAMA NA NAMAN SA ISLA DAGAT NA NAMAN MAY SO YUNG KANYANG TAMA SA NG LUPA BABALIK SA DAGAT EH PAPAANO NA MAY MAINTAIN YAN LAKAS NA 
LOG (lattice-best-path[5.5.896~1-8a59]:main():lattice-best-path.cc:99) For utterance weather031_029, best cost 2187.67 + 74890.3 = 77078 over 1297 frames.
weather031_029 NG DI KATULAD KAPAG SA LUZON SA TUMAMA MALIBAN DOON SA BUNDOK NG SIERRA MADRE YUNG MALAKING LANDMASS NG LUZON EH NAKAKATULONG PARA MABAWASAN YUNG PINANGGAGALINGAN IN YAN YAN NG ENERGY WHICH IS YUNG WEEK SUR DIYAN NASA DAGAT 
LOG (lattice-best-path[5.5.896~1-8a59]:main():lattice-best-path.cc:99) For utterance weather031_030, best cost 1929.71 + 67223 = 69152.7 over 1108 frames.
weather031_030 REST AT TSAKA BATAY SA HISTORY TRACK RECORD NITONG MGA BAGYO AT IS TAYO DIN YAN MANG TANI PARANG HULING HIRIT NILA EH KAYA MEDYO NAKAKATAKOT DIN ITONG MGA BAGYO TOWARDS SA END OF MAY EH 
LOG (lattice-best-path[5.5.896~1-8a59]:main():lattice-best-path.cc:99) For utterance weather031_031, best cost 3053.46 + 94560.1 = 97613.6 over 1664 frames.
weather031_031 YES JESSICA AT YUNG YAN NA NABANGGIT MO ITO PURO KAYO NITO EH LEYTE YUNG BAGYO KASI KAHIT GAANO KALAKAS PAG TUMAMA DIYAN SA NORTE MAS KAKAUNTI YUNG TAO SO ITONG AT IN PINAG AH UUSAPAN NGAYON HINDI PO SIYA NAPAKALAKAS IN TERMS OF WIND PERO YUNG ULAN YANG AH KAYA YUN DIN NG DAPAT NATING PAG INGATAN 
LOG (lattice-best-path[5.5.896~1-8a59]:main():lattice-best-path.cc:99) For utterance weather031_032, best cost 5549.27 + 157384 = 162933 over 2945 frames.
weather031_032 MARAMING MGA NAKATIRA DIYAN MARAMING YANG AH MGA TAO DIYAN SA MGA ISLA NA YAN SO YUNG NA MAS LAND AT MAS NINE KAHIT PO DITO NO KALAKAS YUNG HANGIN YAN YAN YUNG DALA DALANG ULAN YAN JESSICA KUNG TITINGNAN MO YUNG NA RIN HO MUNA SA TED MAS MARAMI YUNG KULAY NA PULA YUNG PINK AT YUNG NA YUNG ORANGE SO IN SA B YAN MAS MARAMING LUGAR ANG MAKAKARANAS NUNG MALALAKAS NA PAGULAN LALO NA NGAYONG GABI HANGGANG BUKAS ANG TROPICAL DATI NA SEA KAYA NGAYONG GABI BUKAS NG DIYAN SA B YAN KUNG LESS NA ANG UMAGA 
LOG (lattice-best-path[5.5.896~1-8a59]:main():lattice-best-path.cc:99) For utterance weather031_033, best cost 5196.04 + 168738 = 173934 over 2873 frames.
weather031_033 EH DING O BAYONG MGA NA LANDSLIDE NA AREA SA NORTHERN LUZON YUNG IBA HINDI NAMAN KALAKASAN PERO NAGKA LANDSLIDE PA RIN SO YUNG MGA KABABAYAN PO NA TEN SA DADAANAN NG NITONG SI BAGYONG SAMUEL NO RING I BENTE FIVE NAMAN MANG TANI YUNG MGA LANDSLIDE PRONE BATAY ISA AH YUNG AH SA BAHA NG NAGI YAN HA ANO ANG MATAGAL NA HO MERON YAN SO KUNG MALAPIT O KAYO SA MGA BUNDOK MALAPIT KAYO SA MGA I BENTE FIVE NA LANDSLIDE AREA PAG SINABING EVACUATE EVACUATE TO AH 
LOG (lattice-best-path[5.5.896~1-8a59]:main():lattice-best-path.cc:99) For utterance weather031_034, best cost 1858.59 + 47916 = 49774.6 over 865 frames.
weather031_034 TAMA YAN DIYAN SEA NA AT KIM YELO LALONG LALO NA ITONG UNA ITONG NA MGA PROBINSYA NA BANSA ITO NG YUNG LEYTE YUNG SOUTHERN LEYTE YUNG LEYTE MAGING YUNG SA CEBU 
LOG (lattice-best-path[5.5.896~1-8a59]:main():lattice-best-path.cc:99) For utterance weather031_035, best cost 5265.91 + 162210 = 167476 over 3006 frames.
weather031_035 AT ISA PA JESSICA LAST WEEK MAY GUMAMIT DIYAN LAND O PRESSURE AREA HINDI SA BAGYO PERO NAG PAULAN AT NAKA THREE NAKARANAS NG BAHA YUNG IBANG LUGAR SA SA MAY PANAY I ILAN AT DIYAN SA MAY AH MINDANAO KAYA BASA PA RIN YUNG LUPA DADAANAN ULI NG PANIBAGONG BAGYO NA MAY DALANG ULAN KAYA YUNG NG AH ANG PROBABILITY OR YUNG TSANSA MAG KAROON ANG MAS LALO LAGING AT MAS NINE EH MAS MATAAS NGAYON DAHIL MAY INA ULAN NA PO WEATHER SYSTEM NA NAGPAULAN DIYAN ANG ILANG ARAW LALO NA SA VISAYAS JESSICA 
LOG (lattice-best-path[5.5.896~1-8a59]:main():lattice-best-path.cc:99) For utterance weather031_036, best cost 1041.03 + 27860.9 = 28902 over 442 frames.
weather031_036 MARAMING SALAMAT ANG AH AH RIN ANG KANYANG CLOSE GMA YUNG RESIDENT I PROVINCES 
LOG (lattice-best-path[5.5.896~1-8a59]:main():lattice-best-path.cc:99) For utterance weather031_037, best cost 593.052 + 41066.7 = 41659.7 over 767 frames.
weather031_037 AT YAN ANG LATEST MULA SA GMA WEATHER AKO PO SI NATHANIEL CRUZ MAGPLANO PARA SIGURADO I AM READY SERBISYONG TOTOO NG GMA NEWS 
LOG (lattice-best-path[5.5.896~1-8a59]:main():lattice-best-path.cc:99) For utterance weather029_011, best cost 1084.26 + 44952.4 = 46036.6 over 642 frames.
weather029_011 BUKAS NG UMAGA KAPAG NASA DAGAT NA AH ANG CENTRO NG BAGYO POSIBLE APARRI MAKARANAS NG MALAKAS NA ULAN ANG ZAMBALES 
LOG (lattice-best-path[5.5.896~1-8a59]:main():lattice-best-path.cc:99) For utterance weather029_012, best cost 1784.62 + 74369.6 = 76154.2 over 1063 frames.
weather029_012 ITO MAS SA METRO MANILA AT NATITIRANG BAHAGI NA LUZON INAASAHAN AT AH PABABA NA MAY PAMINSAN MINSAN MALAKAS NA BUHOS NG ULAN NGAYONG GABI TWO TO MARA NASA LAYONG KANINANG HAPON 
LOG (lattice-best-path[5.5.896~1-8a59]:main():lattice-best-path.cc:99) For utterance weather029_013, best cost 1079.05 + 32958.6 = 34037.6 over 463 frames.
weather029_013 SA NAUWI BATAAN O B KIDLAT HEAT MAYO LALO NA SO NAKAMOTOR ANO 
LOG (lattice-best-path[5.5.896~1-8a59]:main():lattice-best-path.cc:99) For utterance weather029_014, best cost 3362.2 + 120084 = 123446 over 1694 frames.
weather029_014 BUKAS MAKAKAASA PA RIN TAYO NA MAG HAPONG MAULAP AT MAULANG PANAHON SA METRO MANILA PERO INAASAHANG B ILANG ANG ULAN KUMPARA NGAYONG ARAW LALONG LALO NABUO GABI PO NG HAPON O GABI MAKIKITA PRE TED MALIIT NA ANG PORSYENTO UNANG PAG ULAN NA SA SOUTHERN PILING PER SI YAN SHOWERS SO IN 
LOG (lattice-best-path[5.5.896~1-8a59]:main():lattice-best-path.cc:99) For utterance weather029_015, best cost 1354.24 + 54676.9 = 56031.2 over 764 frames.
weather029_015 SA VISAYAS AT MINDANAO NAMAN MAY TSANSA PA NG PAMINSAN MINSANG MAHINA PAGASA PAGTAMA ULAN NGAYONG GABI DA AT SA TROUGH O BUNTOT NG BAGYO 
LOG (lattice-best-path[5.5.896~1-8a59]:main():lattice-best-path.cc:99) For utterance weather029_016, best cost 1830.15 + 69113.2 = 70943.3 over 977 frames.
weather029_016 BUKAS INAASAHANG BUBUTI NA PANAHON SA VISAYAS AT MINDANAO MAGING MANILA BANG SA HEAT ITONG BACOLOD AT DITO PO SA NORTHERN MINDANAO NAMIN TSANSA PA RIN NG PABLO STORM SO 
LOG (lattice-best-path[5.5.896~1-8a59]:main():lattice-best-path.cc:99) For utterance weather029_017, best cost 753.744 + 21560.3 = 22314.1 over 295 frames.
weather029_017 ITO ULI NAPAKA MAG INA TWO TAYO MGA KAPAMILYA 
LOG (lattice-best-path[5.5.896~1-8a59]:main():lattice-best-path.cc:99) For utterance weather030_001, best cost 935.844 + 32632.1 = 33568 over 521 frames.
weather030_001 MGA KAPUSO BUKAS SA PONG MAG LALANDFALL ANG MATA NG BAGYO ROSITA DIYAN SA MAY ISABELA NG AURORA AREA AT 
LOG (lattice-best-path[5.5.896~1-8a59]:main():lattice-best-path.cc:99) For utterance weather030_002, best cost 600.68 + 19810.3 = 20410.9 over 344 frames.
weather030_002 MGA SA ILALIM NA RIN NG STORM SIGNALS ANG MALAKING BAHAGI NG LUZON 
LOG (lattice-best-path[5.5.896~1-8a59]:main():lattice-best-path.cc:99) For utterance weather030_003, best cost 351.621 + 9073.5 = 9425.12 over 153 frames.
weather030_003 KABILANG NA ANG DA METRO MANILA 
LOG (lattice-best-path[5.5.896~1-8a59]:main():lattice-best-path.cc:99) For utterance weather030_004, best cost 1341.05 + 55893.8 = 57234.9 over 869 frames.
weather030_004 NAKATAAS NGAYON ANG METRO DI NA CYCLONE WARNING SIGNAL NUMBER THREE I DIYAN SA MGA PROBINSYA ISABELA QUIRINO NORTHERN AURORA NAKA VIZCAYAT IFUGAO 
LOG (lattice-best-path[5.5.896~1-8a59]:main():lattice-best-path.cc:99) For utterance weather030_005, best cost 1309.07 + 39431.5 = 40740.6 over 687 frames.
weather030_005 AT MULA PONG NGAYONG GABI MGA KAPUSO DAM BUKAS AM NAPAKA SUNGIT NA LAGAY NG PANAHON ANG INAASAHAN DIYAN SA MGA LUGAR NA NABANGGIT 
LOG (lattice-best-path[5.5.896~1-8a59]:main():lattice-best-path.cc:99) For utterance weather030_006, best cost 2717.71 + 112830 = 115547 over 1884 frames.
weather030_006 SIGNAL NUMBER TWO NAMAN DIYAN SA KADA YAN ILOCOS NORTE NA APAYAO ABRA KALINGA ILOCOS SUR MANG TEN PROVINCE LA UNION DIN DI EH PANGASINAN TARLAC NUEVA ECIJA NORTHERN QUEZON KASAMA ANG POLILLO AH ILAN SA DIYAN AURORA ZAMBALES PAMPANGA AT BULACAN 
LOG (lattice-best-path[5.5.896~1-8a59]:main():lattice-best-path.cc:99) For utterance weather030_007, best cost 1069.73 + 31343.9 = 32413.6 over 523 frames.
weather030_007 MAS O ULIT NA LAGAY NG PANAHON DIN ANG INAASAHAN BUKA NG UMAGA GABI HANGGANG BUKAS DIYAN SA MGA PROBINSYA NA YAN 
LOG (lattice-best-path[5.5.896~1-8a59]:main():lattice-best-path.cc:99) For utterance weather030_008, best cost 2047.19 + 84714.4 = 86761.6 over 1403 frames.
weather030_008 HABANG SIGNAL NUMBER ONE NAMAN DITO SA METRO MANILA SA BATANES LUPA PARA ILAN KASAMA ANG BABUYAN DROUGHT ISLANDS RIZAL SOUTHERN QUEZON DIYAN SA MAY LAGUNA BATANGAS MATA AN CAVITE AT CAMARINES NORTE 
LOG (lattice-best-path[5.5.896~1-8a59]:main():lattice-best-path.cc:99) For utterance weather030_009, best cost 960.317 + 40182.1 = 41142.4 over 687 frames.
weather030_009 MGA ULAN AT BUGSO NA NG HANGIN NAMAN ANG INAASAHAN SIMULA MAMAYA HANGGANG BUKAS SA MGA NABANGGIT NA LUGAR 
LOG (lattice-best-path[5.5.896~1-8a59]:main():lattice-best-path.cc:99) For utterance weather030_010, best cost 1363.56 + 60048.2 = 61411.8 over 1011 frames.
weather030_010 AYON SA PAGASA NASA LAYO NA LAMANG THREE HUNDRED TEN KILOMETERS DIYAN SA MAY SILANGAN HILAGANG SILANGAN O EAST NORTH EAST NG CASIGURAN AURORA ANG MATA ANG BAGYONG ROSITA 
LOG (lattice-best-path[5.5.896~1-8a59]:main():lattice-best-path.cc:99) For utterance weather030_011, best cost 2376.54 + 90777.1 = 93153.7 over 1456 frames.
weather030_011 AT TAGLAY NITO ANG NA PARA LAKAS NG HANGIN NA BUWAN HA ANG DIN FIFTY KILOMETERS PER HOUR MALAPIT SA GITNA AT BUGSO NA HANGGANG ONE HUNDRED EIGHTY FIVE KILOMETERS ARAW OR AT KUMIKILOS ITO PAKANLURAN O WESTWARD SA BILIS NAMAN NA KIM IN KILOMETERS PER HOUR 
LOG (lattice-best-path[5.5.896~1-8a59]:main():lattice-best-path.cc:99) For utterance weather030_012, best cost 1872.23 + 65410.9 = 67283.1 over 1129 frames.
weather030_012 AT SA TRACK NG PAGASA BUKAS AH PULA NG UMAGA TATAMA DIYAN SA MAY SA DA ISABELA ONE NORTHERN AURORA AREA YUNG BAGYO AT MAGHAPON DIN ITONG PAPAULAN I AM ANG NORTHERN LUZON 
LOG (lattice-best-path[5.5.896~1-8a59]:main():lattice-best-path.cc:99) For utterance weather030_013, best cost 3290.25 + 114583 = 117873 over 1917 frames.
weather030_013 AT MGA KAPUSO AH MAGING I AM READY PO SA BANTA NA NG ULAN SA AH IN KASAMA NA RITO ANG NA DING DEL AT ANG MGA PAGBAHA DAAN SA MALALAKAS NG ULAN LALONG LALO NA DOS SA MGA DADAANAN NG NA BAGYO ITONG SA DELA AURORA YANG QUIRINO NUEVA VIZCAYA IFUGAO RIN DEL LA UNION AT POSIBLENG ANG PANGASINAN 
LOG (lattice-best-path[5.5.896~1-8a59]:main():lattice-best-path.cc:99) For utterance weather030_014, best cost 2679.73 + 101919 = 104598 over 1744 frames.
weather030_014 PATAAS ILANG AH ALON SA HALOS BUONG LUZON MULA YAN SA MAY AH BATANGAS ANG YAN DITO SA MAY AH CAGAYAN VALLEY ILOCOS REGION DIYAN SA MAY EASTERN VISAYAS YANG NORTHERN EACH EASTERN SAMAR KASAMA NA ANG EASTERN MINDANAO DAHIL NAMANG PO YAN SA PINAGSANIB NA EPEKTO NUNG BAGYO AT NG MALAKAS NA AMIHAN 
LOG (lattice-best-path[5.5.896~1-8a59]:main():lattice-best-path.cc:99) For utterance weather030_015, best cost 2028.5 + 71419.7 = 73448.2 over 1159 frames.
weather030_015 MAY BANTA RIN NG STORM STRESS DIYAN SA MGA PROBINSYA NA ISA DELA KABILA NUNG DIYAN SA MAY AURORA ILOCOS SUR ILOCOS SUR TEN AT LA UNION NA POSIBLENG UMABOT DAAN KA NUNG METRO 
LOG (lattice-best-path[5.5.896~1-8a59]:main():lattice-best-path.cc:99) For utterance weather030_016, best cost 1383.87 + 56124.6 = 57508.4 over 924 frames.
weather030_016 DI NAMAN APEKTADO NG BAGYO ANG VISAYAS AT MINDANAO PERO ILANG KAPUSO AH MALALAKAS NA ULAN DITO SA MAY I LUZON LALONG LALO NA SA NORTHERN AT CENTRAL LUZON 
LOG (lattice-best-path[5.5.896~1-8a59]:main():lattice-best-path.cc:99) For utterance weather030_017, best cost 555.743 + 42412 = 42967.7 over 740 frames.
weather030_017 AT YAN ANG LATEST MULA SA GMA WEATHER AKO PO SI NATHANIEL CRUZ MAGPLANO PARA SIGURADO I AM READY SERBISYONG TOTOO NG GMA NEWS 
LOG (lattice-best-path[5.5.896~1-8a59]:main():lattice-best-path.cc:99) For utterance weather031_001, best cost 992.416 + 52681.7 = 53674.1 over 851 frames.
weather031_001 ISANG BAGYO ANG NASA LOOB NGAYON NG PHILIPPINE AREA OF RESPONSIBILITY ANG BAGYONG SAMUEL NA INAASAHANG TATAMA SA ILANG LUGAR SA BANSA 
LOG (lattice-best-path[5.5.896~1-8a59]:main():lattice-best-path.cc:99) For utterance weather031_002, best cost 1351.25 + 42256.8 = 43608.1 over 675 frames.
weather031_002 ALAMIN PO NATIN ANG LATEST SA LAGAY NG PANAHON PULA KAY GMA REST AT ITO LALO DIYES NA KANYANG CRUZ MANG TANI 
LOG (lattice-best-path[5.5.896~1-8a59]:main():lattice-best-path.cc:99) For utterance weather031_003, best cost 850.073 + 32176.4 = 33026.5 over 560 frames.
weather031_003 ALABAT JESSICA MGA KAPUSO MAGING I AM READY PO SA MAULANG PANAHON ANG MGA TAGA VISAYAS AT MINDANAO 
LOG (lattice-best-path[5.5.896~1-8a59]:main():lattice-best-path.cc:99) For utterance weather031_004, best cost 1168.22 + 36799.1 = 37967.3 over 642 frames.
weather031_004 SIMULA NGAYONG GABI AT YAN AY DAHIL SA PAPALAPIT AH TROPICAL DEPRESSION SAMUEL ANG UNANG BAGYO SA KIM PAR NGAYONG NOBYEMBRE 
LOG (lattice-best-path[5.5.896~1-8a59]:main():lattice-best-path.cc:99) For utterance weather031_005, best cost 1611.91 + 61147.2 = 62759.1 over 1094 frames.
weather031_005 NAKATAAS ANG STORM SIGNAL NUMBER ONE DIYAN SA MGA PROBINSYA NA SURIGAO DEL NORTE SA DOBOL STORM AT HO SA DEL NORTE AGUSAN DEL SUR DINAGAT ISLAND MISAMIS ORIENTAL AT CAMIGUIN SA MINDANAO 
LOG (lattice-best-path[5.5.896~1-8a59]:main():lattice-best-path.cc:99) For utterance weather031_006, best cost 1623.33 + 79232.3 = 80855.7 over 1508 frames.
weather031_006 SIGNAL NUMBER ONE DIN SA MAY AH SAMAR EASTERN SAMAR BILIRAN LEYTE SOUTHERN LEYTE DIYAN SA BOHOL CEBU SIQUIJOR NEGROS ORIENTAL AT NEGROS OCCIDENTAL SA VISAYAS AT SA MASBATE SA LUZON 
LOG (lattice-best-path[5.5.896~1-8a59]:main():lattice-best-path.cc:99) For utterance weather031_007, best cost 2486.58 + 84003.2 = 86489.8 over 1529 frames.
weather031_007 NAMATAAN NG CENTRAL TROPICAL DEPRESSION SAMUEL SA LAYO LAMANG FIVE HUNDRED FIVE KILOMETERS DIYAN SA MAY SILANGAN NG DIN AT BUWAN SYUDAD O SUR AT TAGLAY NITO LAKAS NG HANGIN YAN EIGHTY FIVE KILOMETERS PARA OR MALA SA GITNA AT BUGSO NA HANGGANG SIXTY FIVE KILOMETERS PER HOUR 
LOG (lattice-best-path[5.5.896~1-8a59]:main():lattice-best-path.cc:99) For utterance weather031_008, best cost 1021.47 + 37360.1 = 38381.5 over 713 frames.
weather031_008 AT INAASAHAN NA KIKILOS ITO PAHILAGANG KANLURAN O NG NORTH WEST SA BILIS NAMAN NA TWENTY FIVE KILOMETERS PER HOUR 
LOG (lattice-best-path[5.5.896~1-8a59]:main():lattice-best-path.cc:99) For utterance weather031_009, best cost 2028.27 + 68380.2 = 70408.5 over 1289 frames.
weather031_009 AT SA FORECAST TRACK NG PAGASA EH POSIBLENG TUMAMA DIYAN SA MAY DINAGAT ISLAND O SA MAY AH POSIBLE ISA LEYTE ANG NG AH CENTRO NG BAGYO SAMUEL BUKAS PO YAN AT MAY TSANSA RIN NA LUMAKAS NA ITO BAGO MAG LANDFALL 
LOG (lattice-best-path[5.5.896~1-8a59]:main():lattice-best-path.cc:124) Overall cost per frame is 60.0175 = 1.64462 [graph] + 58.3728 [acoustic] over 83671 frames.
LOG (lattice-best-path[5.5.896~1-8a59]:main():lattice-best-path.cc:128) Done 66 lattices, failed for 0
# Accounting: time=1 threads=1
# Ended (code 0) at Sun Apr  4 23:48:12 CST 2021, elapsed time 1 seconds
