# lattice-best-path --lm-scale=15 --word-symbol-table=exp/tri3a/graph/words.txt "ark:gunzip -c exp/tri3a/decode/lat.*.gz|" ark,t:exp/tri3a/decode/scoring/15.tra 
# Started at Sun Apr  4 16:15:53 CST 2021
#
lattice-best-path --lm-scale=15 --word-symbol-table=exp/tri3a/graph/words.txt 'ark:gunzip -c exp/tri3a/decode/lat.*.gz|' ark,t:exp/tri3a/decode/scoring/15.tra 
LOG (lattice-best-path[5.5.896~1-8a59]:main():lattice-best-path.cc:99) For utterance weather029_006, best cost 3318.76 + 82401 = 85719.8 over 1125 frames.
weather029_006 SA LAYO NA SA ONE HUNDRED TEN KILOMETERS SILANGAN NG BALER AURORA ANG BAGYONG PEPITO MERON ANG MAXIMUM SUSTAINED WINDS ISA NAG FIVE KILOMETERS PER HOUR AT PAGBUGSO KUNG GUSTINESS NINETY KILOMETERS PER HOUR 
LOG (lattice-best-path[5.5.896~1-8a59]:main():lattice-best-path.cc:99) For utterance weather029_007, best cost 1838.61 + 41068.8 = 42907.4 over 553 frames.
weather029_007 BAHAGYANG BUMILIS ANG PAG KILOS DITO SA KAHIT I KILOMETERS PER HOUR PATUNGONG WEST NORTH WEST 
LOG (lattice-best-path[5.5.896~1-8a59]:main():lattice-best-path.cc:99) For utterance weather029_008, best cost 2454.78 + 45494.2 = 47949 over 578 frames.
weather029_008 SA FORECAST BAGYO YAN SIYANG TROUGH O DITO IS WEATHER FORECAST BUONG IS SIYA DOBOL YES 
LOG (lattice-best-path[5.5.896~1-8a59]:main():lattice-best-path.cc:99) For utterance weather029_009, best cost 2375.73 + 60860.1 = 63235.8 over 814 frames.
weather029_009 NAKIKITANG TUTUMBUKIN NITO ANG AURORA NGAYONG GABI AT AT KANINANG CENTRAL LUZON O SOUTHERN QUEZON NG NORTHERN LUZON HANGGANG BUKAS NG MADALING ARAW O 
LOG (lattice-best-path[5.5.896~1-8a59]:main():lattice-best-path.cc:99) For utterance weather029_010, best cost 3562.27 + 120386 = 123949 over 1806 frames.
weather029_010 INAASAHAN ANG MALAKAS NA ULAN NGAYONG GABI SA AURORA ISABELA QUEZON BULACAN TARLAC CAMARINES NORTE NUEVA ECIJA NUEVA VIZCAYA QUIRINO RING ULAN CAGAYAN CORDILLERA LA UNION ILOCOS SUR TARLAC PAMPANGA BATAAN ZAMBALES AT PANGASINAN 
LOG (lattice-best-path[5.5.896~1-8a59]:main():lattice-best-path.cc:99) For utterance weather031_010, best cost 7837.83 + 148165 = 156003 over 2714 frames.
weather031_010 AT BABAYBAYIN ANG BAGYONG SAMUEL ANG NA HALOS BUONG VISAYAS NA MAGDADALA PAU LANG ANG MAULANG PANAHON DITO ANG PAGTAMA NITO SA MAY DINAGAT ISLAND JENNY KUNG HINDI MAGBABAGO YUNG KANYANG DIRECTION AY TATAMA DIN ITO DITO SA MAY LEYTE LALO SA BANSA LEYTE POSIBLENG DIYAN SA MAY BOHOL CEBU DIYAN SA MAY NEGROS ISLAND LALO SA MAY NEGROS OCCIDENTAL DADAAN NG ILOILO ANTIQUE EH PAPUNTA NINE NA PALAWAN AT PAPALABAS NG MAYO PAPUNTA NG WEST PHILIPPINE SEA 
LOG (lattice-best-path[5.5.896~1-8a59]:main():lattice-best-path.cc:99) For utterance weather031_011, best cost 5166.86 + 112115 = 117281 over 2081 frames.
weather031_011 KAYA MAGING I AM READY PO AT ANG MGA TAGA REHIYON NG CARAGA NORTHERN MINDANAO LALONG LALO NA I EASTERN VISAYAS YUNG SAMAR LEYTE PROVINCES SA MAULANG MAGDAMAG NA MAGPAPATULOY MGA KAPUSO HANGGANG BUKAS PO YAN YUN NAKIKITA NYONG PULA AT SA AH PINK NA YAN YAN YUNG MGA MATITINDING PAGULAN NA PWEDENG MARARANASAN SA MALAKING BAHAGI NG NA VISAYAS BUKAS 
LOG (lattice-best-path[5.5.896~1-8a59]:main():lattice-best-path.cc:99) For utterance weather031_012, best cost 3133.01 + 61393.2 = 64526.2 over 1128 frames.
weather031_012 MAGHAPON DIN MAULAN DIYAN SA MAY AH ZAMBOANGA AT DAVAO REGION AT SA BUONG VISAYAS BUKAS AT MAGING I AM READY PO SA BANTA NG AH LANDSLIDE AT BASE SA SA LINYA NUNG MGA MALALAKAS AH PAGULAN 
LOG (lattice-best-path[5.5.896~1-8a59]:main():lattice-best-path.cc:99) For utterance weather031_013, best cost 2191.84 + 47581.7 = 49773.6 over 880 frames.
weather031_013 HABANG SA LUZON APEKTADO NG BAGYO ANG NG AH BICOL REGION MINDORO MARINDUQUE ROMBLON PERO YAN AY SIMULA NG NA BUKAS AT GABI 
LOG (lattice-best-path[5.5.896~1-8a59]:main():lattice-best-path.cc:99) For utterance weather031_014, best cost 2698.13 + 53193.7 = 55891.8 over 986 frames.
weather031_014 AT HINDI NAMAN APEKTADO NG BAGYO ANG AH NORTHERN AT CENTRAL LUZON NA MABABA LAMANG ANG TSANSANG UMULAN EH MGA MAHIHINANG PAGULAN DEL ISOLATED DIYAN SA MAY QUEZON AURORA PROVINCES 
LOG (lattice-best-path[5.5.896~1-8a59]:main():lattice-best-path.cc:99) For utterance weather031_015, best cost 2046.79 + 42698 = 44744.7 over 803 frames.
weather031_015 AT SA METRO MANILA MAGIGING MAULAP BUKAS PERO HALOS WALANG ULAN NA INAASAHAN DAHIL MGA KAPUSO MALAYO PO TAYO SA CENTRO NG BAGYO 
LOG (lattice-best-path[5.5.896~1-8a59]:main():lattice-best-path.cc:99) For utterance weather031_016, best cost 3357.02 + 59742.1 = 63099.1 over 1080 frames.
weather031_016 MATAAS NAMAN ANG ALON SA MGA LUGAR NA MAY SIGNAL YUNG MAY KULAY ASUL NA YAN KASAMA NA ANG NG AH DAVAO ORIENTAL AT OCCIDENTAL NA ULAN SIGNAL PERO MALAKAS DIN INAASAHANG MGA PAGALON JESSICA 
LOG (lattice-best-path[5.5.896~1-8a59]:main():lattice-best-path.cc:99) For utterance weather031_017, best cost 4419.27 + 95535.3 = 99954.6 over 1550 frames.
weather031_017 MANG TANI ITO NA YUNG EPEKTO NA NG AMIHAN NO YUNG MGA BAGYO BIGLANG SA MABABANG PARTE NA NA NGA PILIPINAS TUMATAMA YUNG HABAGAT SA NITO MATAAS NGAYON PO PABABA NG PABABA AMIHAN ONE O ONE MANG TANI ANO BANG PAGKAKAIBA NITO AMIHAN SA HABAGAT 
LOG (lattice-best-path[5.5.896~1-8a59]:main():lattice-best-path.cc:99) For utterance weather031_018, best cost 11890.5 + 256324 = 268215 over 4658 frames.
weather031_018 PERO NG UNA YUNG AH AMIHAN JESSICA YAN AY TUYONG HANGIN WALANG MASYADONG MOISTURE TEN MAPAPANSIN MO YUNG BAGYO MALAPIT NA PERO HALOS HINDI PA RAMDAM YUNG MGA PAGULAN KUNG TITINGNAN MO YUNG RAINFALL MAP JESSICA YUNG NA ULAN NA DARATING DITO SA TEN YUNG NA MAMAYANG GABI HALOS NANDYAN YUNG BAGYO PERO AH AT HINDI PA RAMDAM YUNG ULAN AT YAN YUNG NA MAY YUNG HANGING AMIHAN YUNG NORTHERN SA RIN NG BAGYO ANG MAS MAULAN KUMPARA DITO SA MAY SOUTHERN PART HINDI KATULAD PAG HANGING HABAGAT JESSICA SA MAY SOUTHWEST YUNG BAGYO KAHIT NANDITO SA MAY AH EASTERN SECTION MAULAN DOON SA MAY WESTERN SA RIN PO YUNG AH WESTERN SA INYONG BAGUIO DAHIL NGA YUNG MGA HABAGAT NATIN MAS MARAMING MOISTURE 
LOG (lattice-best-path[5.5.896~1-8a59]:main():lattice-best-path.cc:99) For utterance weather031_019, best cost 2954.29 + 63650.3 = 66604.6 over 1111 frames.
weather031_019 SO ANG PAGKAKAIBA JESSICA PAGDATING SA AMIHAN HALOS WALANG MOISTURE KAYA HINDI NAGPAPALAKAS NG BAGYO YAN SAMANTALANG HABAGAT DAHIL MARAMING DALANG TUBIG SIYA NAMAN I NAGPAPALAKAS NG BAGYO 
LOG (lattice-best-path[5.5.896~1-8a59]:main():lattice-best-path.cc:99) For utterance weather031_020, best cost 4134.66 + 81060.1 = 85194.8 over 1336 frames.
weather031_020 KAYA LANG YUNG MGA TUMAMANG BAGYO AT THIS MAY OF THE YEAR DATI ISANG BABA O SA COMPOSTELA VALLEY SA AT ILIGAN MANG TANI MALALAKAS DIN AYON SENDONG AT TSAKA YUNG MGA PABLO KUNG BAKIT ANG BAGYO 
LOG (lattice-best-path[5.5.896~1-8a59]:main():lattice-best-path.cc:99) For utterance weather031_021, best cost 4163.91 + 79982.8 = 84146.7 over 1418 frames.
weather031_021 ANG NANGYAYARI NAMAN KUNG TITINGNAN NATIN YUNG AH CITY KUNG SAAN MAY MGA BAGYO NA MALAYO PA LANG DITO SA ATIN NABUBUO ULAN KAYA HABANG NA SA MAY KARAGATAN YAN NAKAKAKUHA SIYA NG LAKAS LALONG LALO KUNG MGA MASASABAYAN SIYA NG MAHINANG AMIHAN 
LOG (lattice-best-path[5.5.896~1-8a59]:main():lattice-best-path.cc:99) For utterance weather031_022, best cost 2737.15 + 56043.8 = 58780.9 over 966 frames.
weather031_022 KAPAG MAHINA YUNG AMIHAN MO TAPOS NANDITO KA PA LAMANG DAPAT PUMASOK SA PHILIPPINE AREA OF RESPONSIBILITY ISA KA NG GANAP NA BAGYO NANDUN YUNG PAGKAKATAONG LALO SIYANG LUMALAKAS 
LOG (lattice-best-path[5.5.896~1-8a59]:main():lattice-best-path.cc:99) For utterance weather031_023, best cost 7205.37 + 150175 = 157380 over 2611 frames.
weather031_023 NA NANDITO PALAWAN SA LABAS NG IIRAL AT MAHINA YUNG AMIHAN NA MAY AH LUMAKAS SIYA KAYA NAGING MAPAMINSALA SAMANTALA ITO KASING SIYA SAMUEL DITO NA LAMANG SIYA NAGING TROPICAL DEPRESSION MALAPIT NA TUMAMA SA LUPA KAYA HINDI SA GANUNG KALAKAS PERO YUNG ISANG NAKIKITA NATIN JESSICA AT NAPANSIN MO RIN PAGDATING NG LA SUR PERO DIN MAS KAKAUNTI YUNG BAGYO PERO MAS MADALAS TUMATAMA YAN KAYA NAGIGING MAS MAPAMINSALA 
LOG (lattice-best-path[5.5.896~1-8a59]:main():lattice-best-path.cc:99) For utterance weather031_024, best cost 4248.05 + 93964.6 = 98212.6 over 1483 frames.
weather031_024 O PARA SA PHYSICS DIN MANG TANI NO PAG MAS MARA MAS MAP MALAYO ANG PINANGGAGALINGAN ILIGAN NAKAKAPAG GAIN SIYA NG STRENGTH AT MOMENTUM MAS MALAKAS YUNG PUWERSA NIYA KATULAD NGA NI YAN YOLANDA ITONG SI SAMUEL MALAPIT NA SA PILIPINAS NABUO 
LOG (lattice-best-path[5.5.896~1-8a59]:main():lattice-best-path.cc:99) For utterance weather031_025, best cost 4207.94 + 93739.8 = 97947.8 over 1642 frames.
weather031_025 YES JESSICA KAYA ANG MAGIGING AH NIYA POSIBLE ISANG MAGING ISANG TROPICAL STORM BAHAGYANG LALAKAS BAGO TUMAMA SA KALUPAAN PERO DEFINITELY HINDI SIYA MAGIGING KASING LAKAS LALO MGA NAG AALALA NG ISANG SUPER TYPHOON O KATULAD NUNG MALA YOLANDANG BAGYO ANG PROBLEMA LANG 
LOG (lattice-best-path[5.5.896~1-8a59]:main():lattice-best-path.cc:99) For utterance weather031_026, best cost 7051.92 + 154012 = 161064 over 2488 frames.
weather031_026 MAS AT JENNY TED YUNG MABABANG BAHAGI YUNG IBABANG BAHAGI NG ATING BANSA KESA YUNG AH TAAS NO KASI TSAKA DOON SA TAAS MERONG KANG CORDILLERA SIERRA MADRE MANG TANI RIN DIYES PAG TUMAMA YUNG BAGYO NA NGA KUNG RIN NA YUNG EPEKTO MANG TANI DITO SA BABA WALA TAYONG PARANG NAMANG TED DIN SILANGAN HUMAHARANG DITO KASI PURO MGA PULO-PULONG MGA ISLA ITONG MGA DADAANAN NIYA 
LOG (lattice-best-path[5.5.896~1-8a59]:main():lattice-best-path.cc:99) For utterance weather031_027, best cost 3672.93 + 66393.2 = 70066.1 over 1183 frames.
weather031_027 TAMA YAN DZ YAN PO TITINGNAN NATIN YUNG TRACK NUNG BAGYO NO PAG YAN AY TUMAMA SA MAY DINAGAT ISLAND ANG NANGYAYARI DIYAN JESSICA KUNG IKOCLOSE NA PO YAN PAGTAMA NYAN SA ISANG ISLA BABALIK ULIT SA DAGAT 
LOG (lattice-best-path[5.5.896~1-8a59]:main():lattice-best-path.cc:99) For utterance weather031_028, best cost 5398.5 + 102951 = 108349 over 1800 frames.
weather031_028 SO KAHIT PAPAANO MAKAKAIPON NG LAKAS PAG TININGNAN MO YUNG CLOSE AT NUNG FORECAST NA YAN JESSICA KADA TAMA NYAN SA ISLA DADAAN SA DAGAT POSIBLENG LUMAKAS ULIT TATAMA NA NAMAN SA ISLA DAGAT NAMAN ULIT SO YUNG KANYANG TAMA SA LUPA BABALIK SA DAGAT KAHIT PAPAANO NA MAY MAY PILING LAKAS YAN 
LOG (lattice-best-path[5.5.896~1-8a59]:main():lattice-best-path.cc:99) For utterance weather031_029, best cost 3581.69 + 76408.8 = 79990.5 over 1297 frames.
weather031_029 B KATULAD KAPAG SA LUZON SA TUMAMA MALIBAN DOON SA BUNDOK NG SIERRA MADRE YUNG MALAKING LANDMASS NG LUZON EH NAKAKATULONG PARA MABAWASAN YUNG PINANGGAGALINGAN NIYA NYAN NG ENERGY WHICH IS YUNG MOISTURE NA NASA DAGAT 
LOG (lattice-best-path[5.5.896~1-8a59]:main():lattice-best-path.cc:99) For utterance weather031_030, best cost 2880.1 + 70257 = 73137.1 over 1108 frames.
weather031_030 JESSICA TSAKA BATAY SA HISTORY TRACK RECORD NITONG MGA BAGYO THIS TIME OF THE YEAR MANG TANI PARANG HULING HIRIT NILA EH KAYA MEDYO NAKAKATAKOT DIN ITONG MGA BAGYO TOWARDS AH END OF THE YEAR 
LOG (lattice-best-path[5.5.896~1-8a59]:main():lattice-best-path.cc:99) For utterance weather031_031, best cost 5193.91 + 97451 = 102645 over 1664 frames.
weather031_031 YES JESSICA AT YAN YAN NA NABANGGIT MO ITO PURO KAYA NITO PHILIPPINE YUNG BAGYO KASI KAHIT GAANO KALAKAS PAG TUMAMA DIYAN SA NORTE MAS KAKAUNTI YUNG TAO SO ITONG ATING PINAG AH UUSAPAN NGAYON HINDI PO SIYA NAPAKALAKAS IN TERMS OF WIND PERO YUNG ULAN NA KAYA YUN DIN ANG DAPAT NATING PAG INGATAN 
LOG (lattice-best-path[5.5.896~1-8a59]:main():lattice-best-path.cc:99) For utterance weather031_032, best cost 8630.55 + 163639 = 172270 over 2945 frames.
weather031_032 MARAMING MGA NAKATIRA DIYAN MARAMING NG AH MGA TAO DIYAN SA MGA ISLA NA YAN SO YUNG NA MAS WAG AT LANDSLIDE KAHIT PO DITO KALAKAS YUNG HANGIN NYAN EH YUNG DALA DALANG ULAN NYAN JESSICA KUNG TITINGNAN MO YUNG AH RIN HUWEBES AT EH MAS MARAMI YUNG KULAY NA PULA YUNG PINK AT YUNG NA YUNG ORANGE SO IBIG SABIHIN MAS MARAMING LUGAR ANG MAKAKARANAS NUNG MALALAKAS NA PAGULAN LALO NA NGAYONG GABI HANGGANG BUKAS NG TROPICAL NATIN JESSICA NGAYONG GABI YAN BUKAS NG DIYAN SA MIYERKULES NG UMAGA 
LOG (lattice-best-path[5.5.896~1-8a59]:main():lattice-best-path.cc:99) For utterance weather031_033, best cost 8771.56 + 176010 = 184782 over 2873 frames.
weather031_033 RIN DITO BA YUNG MGA NA LANDSLIDE NA AREA SA NORTHERN LUZON YUNG IBA HINDI NAMAN KALAKASAN PERO NAGKA LANDSLIDE PA RIN SO YUNG MGA KABABAYAN PO NATIN SA DADAANAN NG NITONG SI BAGYONG SAMUEL NA RIN I IDENTIFIED NAMAN MANG TANI ANG MGA LANDSLIDE PRONE BATAY SA AT DIN AASAHAN MAP NG NAGI IN AYON MATAGAL NA HO MERON YAN SO KUNG MALAPIT PO KAYO SA MGA BUBONG PO MALAPIT KAYO SA MGA AH IDENTIFIED NA LANDSLIDE AREA PAG SINABING EVACUATE EVACUATE PO ANG 
LOG (lattice-best-path[5.5.896~1-8a59]:main():lattice-best-path.cc:99) For utterance weather031_034, best cost 2741.2 + 49974 = 52715.2 over 865 frames.
weather031_034 MAMAYANG JESSICA AT NGA NO LALONG LALO NA ITONG AH ITONG AH MGA PROBINSYA NA LANDSLIDE PRONE YUNG LEYTE YUNG SOUTHERN LEYTE YUNG LEYTE MAGING YUNG SA CEBU 
LOG (lattice-best-path[5.5.896~1-8a59]:main():lattice-best-path.cc:99) For utterance weather031_035, best cost 9042.05 + 168427 = 177470 over 3006 frames.
weather031_035 AT ISA PA JESSICA LAST WEEK DIN DUMAKO GANYAN O PRESSURE AREA HINDI SA BAGYO PERO NAG PAULAN AT NAKA ACTUALLY NAKARANAS NG BAHA YUNG IBANG LUGAR SA SA MAY PANAY ISLAND AT DIYAN SA MAY AH MINDANAO KAYA BASA PA RIN YUNG LUPA DADAANAN ULIT NG PANIBAGONG BAGYO NAMIN DALANG ULAN KAYA YUNG NA ANG PROBABILITY OR YUNG TSANSA MAG KAROON NG WEST WAG PO LAGING AT NASA EH EH MAS MATAAS NGAYON DAHIL BINATILYO NA PONG WEATHER SYSTEM NA NAGPAULAN DIYAN ANG ILANG ARAW LALO NA SA VISAYAS JESSICA 
LOG (lattice-best-path[5.5.896~1-8a59]:main():lattice-best-path.cc:99) For utterance weather031_036, best cost 1078.7 + 29463.2 = 30541.9 over 442 frames.
weather031_036 MARAMING SALAMAT MANG TANI NATHANIEL CRUZ GMA RESIDENT GOOD NEWS 
LOG (lattice-best-path[5.5.896~1-8a59]:main():lattice-best-path.cc:99) For utterance weather031_037, best cost 1161.19 + 42010.3 = 43171.5 over 767 frames.
weather031_037 AT YAN ANG LATEST MULA SA GMA WEATHER AKO PO SI NATHANIEL CRUZ MAGPLANO PARA SIGURADO I AM READY SERBISYONG TOTOO NG GMA NEWS 
LOG (lattice-best-path[5.5.896~1-8a59]:main():lattice-best-path.cc:99) For utterance weather029_011, best cost 1802.22 + 45586.3 = 47388.5 over 642 frames.
weather029_011 BUKAS NG UMAGA KAPAG NASA DAGAT NA ANG CENTRO NG BAGYO POSIBLE PA RIN MAKARANAS NG MALAKAS NA ULAN ANG ZAMBALES 
LOG (lattice-best-path[5.5.896~1-8a59]:main():lattice-best-path.cc:99) For utterance weather029_012, best cost 2902.86 + 75588.5 = 78491.3 over 1063 frames.
weather029_012 ITO SA METRO MANILA AT NATITIRANG BAHAGI NG LUZON INAASAHAN AT AT ANG TAMA NA MAY PAMINSAN MINSAN MALAKAS NA BUHOS NG ULAN NGAYONG GABI O MARARANASAN ANG KANINANG HAPON 
LOG (lattice-best-path[5.5.896~1-8a59]:main():lattice-best-path.cc:99) For utterance weather029_013, best cost 1643.6 + 33333.3 = 34976.9 over 463 frames.
weather029_013 KESA NAUWI PARA ANG DOBLENG INGAT PO TAYO LALO SUR NAKAMOTOR ANO 
LOG (lattice-best-path[5.5.896~1-8a59]:main():lattice-best-path.cc:99) For utterance weather029_014, best cost 5278.23 + 120838 = 126116 over 1694 frames.
weather029_014 BUKAS MAKAKAASA PA RIN TAYO NG MAGHAPONG MAULAP AT MAULAN PANAHON SA METRO MANILA PERO INAASAHANG IIRAL ANG ULAN KUMPARA NGAYONG ARAW LALONG LALO NA MO GABI TULAD NG HAPON O GABI MAKIKITA PO NATIN MALIIT NA ANG PORSYENTO NG PAG ULAN NA SA SA NAGING PERCENT SAIS DOS RING 
LOG (lattice-best-path[5.5.896~1-8a59]:main():lattice-best-path.cc:99) For utterance weather029_015, best cost 2055.84 + 55435.4 = 57491.2 over 764 frames.
weather029_015 SA VISAYAS AT MINDANAO NAMAN MAY TSANSA PA RIN NG PAMINSAN MINSANG MAHINA HANGGANG SA KATAMTAMANG ULAN NGAYONG GABI DAHIL SA TROUGH O BUNTOT NG BAGYO 
LOG (lattice-best-path[5.5.896~1-8a59]:main():lattice-best-path.cc:99) For utterance weather029_016, best cost 2641.1 + 69377.5 = 72018.6 over 977 frames.
weather029_016 BUKAS INAASAHANG BUBUTI NA PANAHON SA VISAYAS AT MINDANAO PAGITAN LAMANG SA UNION BACOLOD AT DITO PO SA NORTHERN MINDANAO NAMANG TSANSA PA RIN NG THUNDERSTORMS 
LOG (lattice-best-path[5.5.896~1-8a59]:main():lattice-best-path.cc:99) For utterance weather029_017, best cost 1100.28 + 21652.4 = 22752.7 over 295 frames.
weather029_017 TED BULLETIN ANG PANAHON MAG INGAT PO TAYO MGA KAPAMILYA 
LOG (lattice-best-path[5.5.896~1-8a59]:main():lattice-best-path.cc:99) For utterance weather030_001, best cost 1559.94 + 32813.8 = 34373.8 over 521 frames.
weather030_001 MGA KAPUSO BUKAS NA PO MAG LALANDFALL ANG MATA NG BAGYO ROSITA DIYAN SA MAY ISABELA AURORA AREA AT 
LOG (lattice-best-path[5.5.896~1-8a59]:main():lattice-best-path.cc:99) For utterance weather030_002, best cost 979.794 + 20217.8 = 21197.6 over 344 frames.
weather030_002 NASA ILALIM NA RIN NG STORM SIGNALS ANG MALAKING BAHAGI NG LUZON 
LOG (lattice-best-path[5.5.896~1-8a59]:main():lattice-best-path.cc:99) For utterance weather030_003, best cost 727.762 + 9221.34 = 9949.1 over 153 frames.
weather030_003 KABILANG NA ANG AH NG METRO MANILA 
LOG (lattice-best-path[5.5.896~1-8a59]:main():lattice-best-path.cc:99) For utterance weather030_004, best cost 2283.1 + 56767.8 = 59050.9 over 869 frames.
weather030_004 NAKATAAS DELA ANG AH TROPICAL CYCLONE WARNING SIGNAL NUMBER THREE EIGHT DIYAN SA MGA PROBINSYA ISABELA QUIRINO NORTHERN AURORA NUEVA VIZCAYAT IFUGAO 
LOG (lattice-best-path[5.5.896~1-8a59]:main():lattice-best-path.cc:99) For utterance weather030_005, best cost 2211.53 + 40216.6 = 42428.1 over 687 frames.
weather030_005 AT MULA PO NGAYONG GABI MGA KAPUSO DAM BUKAS EH NAPAKA SUNGIT NA LAGAY NG PANAHON ANG INAASAHAN DIYAN SA MGA LUGAR NA NABANGGIT 
LOG (lattice-best-path[5.5.896~1-8a59]:main():lattice-best-path.cc:99) For utterance weather030_006, best cost 4200.66 + 114964 = 119165 over 1884 frames.
weather030_006 SIGNAL NUMBER TWO NAMAN DIYAN SA CAGAYAN ILOCOS NORTE APAYAO ABRA KALINGA ILOCOS SUR MANG TEN PROVINCE LA UNION BENGUET PANGASINAN TARLAC NUEVA ECIJA NORTHERN QUEZON KASAMA ANG POLILLO AH ILAN SOUTHERN AURORA ZAMBALES PAMPANGA AT BULACAN 
LOG (lattice-best-path[5.5.896~1-8a59]:main():lattice-best-path.cc:99) For utterance weather030_007, best cost 1678.58 + 31844.1 = 33522.7 over 523 frames.
weather030_007 PO SUNGIT NA LAGAY NG PANAHON DIN ANG INAASAHAN BUKA O MAMAYANG GABI HANGGANG BUKAS DIYAN SA MGA PROBINSYA NA YAN 
LOG (lattice-best-path[5.5.896~1-8a59]:main():lattice-best-path.cc:99) For utterance weather030_008, best cost 3387.56 + 86237.5 = 89625 over 1403 frames.
weather030_008 HABANG SIGNAL NUMBER ONE NAMAN DITO SA METRO MANILA SA BATANES STROKE MAP AH ILAN KASAMA ANG BABUYAN GROUP OF ISLANDS RIZAL SOUTHERN QUEZON DIYAN SA MAY LAGUNA BATANGAS BATAAN CAVITE AT CAMARINES NORTE 
LOG (lattice-best-path[5.5.896~1-8a59]:main():lattice-best-path.cc:99) For utterance weather030_009, best cost 1730.27 + 41003.4 = 42733.7 over 687 frames.
weather030_009 MGA ULAN AT BUGSO NG HANGIN NAMAN ANG INAASAHAN SIMULA MAMAYA HANGGANG BUKAS SA MGA NABANGGIT NA LUGAR 
LOG (lattice-best-path[5.5.896~1-8a59]:main():lattice-best-path.cc:99) For utterance weather030_010, best cost 2526.78 + 61366 = 63892.8 over 1011 frames.
weather030_010 AYON SA PAGASA NASA LAYO NA LAMANG THREE HUNDRED TEN KILOMETERS DIYAN SA MAY SILANGAN HILAGANG SILANGAN O EAST NORTH EAST NG CASIGURAN AURORA ANG MATA NG BAGYONG ROSITA 
LOG (lattice-best-path[5.5.896~1-8a59]:main():lattice-best-path.cc:99) For utterance weather030_011, best cost 3489.93 + 91861 = 95351 over 1456 frames.
weather030_011 AT TAGLAY NITO ANG NAPAKA LAKAS NG HANGIN NA ONE HUNDRED FIFTY KILOMETERS PER HOUR MALAPIT SA GITNA AT BUGSO NA HANGGANG ONE HUNDRED EIGHTY FIVE KILOMETERS PER HOUR AT KUMIKILOS ITO PAKANLURAN O WESTWARD SA BILIS NAMAN NA FIFTEEN KILOMETERS PER HOUR 
LOG (lattice-best-path[5.5.896~1-8a59]:main():lattice-best-path.cc:99) For utterance weather030_012, best cost 3137.47 + 66324.4 = 69461.9 over 1129 frames.
weather030_012 AT SA TRACK NG PAGASA BUKAS AH PULA NG UMAGA TATAMA DIYAN SA MAY SOUTHERN ISABELA O NORTHERN AURORA AREA YUNG BAGYO AT MAGHAPON DIN ITONG PATROL RIN ANG NG NORTHERN LUZON 
LOG (lattice-best-path[5.5.896~1-8a59]:main():lattice-best-path.cc:99) For utterance weather030_013, best cost 5067.5 + 116304 = 121371 over 1917 frames.
weather030_013 AT MGA KAPUSO AH MAGING I AM READY PO SA BANTA NG LANDSLIDE KASAMA NA RITO ANG NA DIN DEL AT ANG MGA PAGBAHA DAAN SA MALALAKAS NA ULAN LALONG LALO NA DOS SA MGA DADAANAN NG AH BAGUIO ITONG ISABELA AURORA YANG QUIRINO NUEVA VIZCAYA IFUGAO BENGUET LA UNION AT POSIBLE ANG PANGASINAN 
LOG (lattice-best-path[5.5.896~1-8a59]:main():lattice-best-path.cc:99) For utterance weather030_014, best cost 4686.92 + 102868 = 107554 over 1744 frames.
weather030_014 MATAAS ILANG ALON SA HALOS BUONG LUZON MULA YAN SA MAY AH BATANGAS ANG YAN DITO SA MAY AH CAGAYAN VALLEY ILOCOS REGION DIYAN SA MAY EASTERN VISAYAS YANG NORTHERN MAY EASTERN SAMAR KASAMA NA ANG EASTERN MINDANAO DAHIL NAMAN PO YAN SA PINAGSANIB NA EPEKTO NUNG BAGYO AT NG MALAKAS NA AMIHAN 
LOG (lattice-best-path[5.5.896~1-8a59]:main():lattice-best-path.cc:99) For utterance weather030_015, best cost 3147.69 + 72615 = 75762.7 over 1159 frames.
weather030_015 MAY BANTA RIN NG STORM STORM DIYAN SA MGA PROBINSYA NG ISABELA ANG KANYANG YAN DIYAN SA MAY AURORA ILOCOS SUR ILOCOS NORTE AT LA UNION NA POSIBLENG UMABOT NA ANG TATLONG METRO 
LOG (lattice-best-path[5.5.896~1-8a59]:main():lattice-best-path.cc:99) For utterance weather030_016, best cost 2266.06 + 56926.4 = 59192.4 over 924 frames.
weather030_016 HINDI NAMAN APEKTADO NG BAGYO ANG VISAYAS AT MINDANAO KANINA KAPUSO AH MALALAKAS NA ULAN DITO SA MAY LUZON LALONG LALO NA SA NORTHERN AT CENTRAL LUZON 
LOG (lattice-best-path[5.5.896~1-8a59]:main():lattice-best-path.cc:99) For utterance weather030_017, best cost 1060.36 + 43030.8 = 44091.1 over 740 frames.
weather030_017 AT YAN ANG LATEST MULA SA GMA WEATHER AKO PO SI NATHANIEL CRUZ MAGPLANO PARA SIGURADO I AM READY SERBISYONG TOTOO NG GMA NEWS 
LOG (lattice-best-path[5.5.896~1-8a59]:main():lattice-best-path.cc:99) For utterance weather031_001, best cost 2031.22 + 54547.9 = 56579.2 over 851 frames.
weather031_001 RIZAL BAGYONG ANG NASA LOOB NGAYON NG PHILIPPINE AREA OF RESPONSIBILITY ANG BAGYONG SAMUEL NA INAASAHANG TATAMA SA ILANG LUGAR SA BANSA 
LOG (lattice-best-path[5.5.896~1-8a59]:main():lattice-best-path.cc:99) For utterance weather031_002, best cost 2306.99 + 44042.5 = 46349.5 over 675 frames.
weather031_002 ALAMIN PO NATIN ANG LATEST SA LAGAY NG PALAWAN BULACAN GMA RESIDENT ITO MARTES NA KANYANG CLOSE MANG TANI 
LOG (lattice-best-path[5.5.896~1-8a59]:main():lattice-best-path.cc:99) For utterance weather031_003, best cost 1503.57 + 32998.7 = 34502.2 over 560 frames.
weather031_003 SALAMAT JESSICA MGA KAPUSO MAGING I AM READY PO SA MAULANG PANAHON ANG MGA TAGA VISAYAS AT MINDANAO 
LOG (lattice-best-path[5.5.896~1-8a59]:main():lattice-best-path.cc:99) For utterance weather031_004, best cost 2062.36 + 37804.4 = 39866.7 over 642 frames.
weather031_004 SIMULA NGAYONG GABI AT YAN AY DAHIL SA PAPALAPIT NA TROPICAL DEPRESSION SAMUEL ANG UNANG BAGYO SA PINAG NGAYONG NOBYEMBRE 
LOG (lattice-best-path[5.5.896~1-8a59]:main():lattice-best-path.cc:99) For utterance weather031_005, best cost 2599.69 + 62715.2 = 65314.9 over 1094 frames.
weather031_005 NAKATAAS ANG STORM SIGNAL NUMBER ONE DIYAN SA MGA PROBINSYA NG SURIGAO DEL NORTE SABADO DEL SUR AGUSAN DEL NORTE AGUSAN DEL SUR DINAGAT ISLAND MISAMIS ORIENTAL AT CAMIGUIN SA MINDANAO 
LOG (lattice-best-path[5.5.896~1-8a59]:main():lattice-best-path.cc:99) For utterance weather031_006, best cost 3046 + 82084.4 = 85130.4 over 1508 frames.
weather031_006 SIGNAL NUMBER ONE DIN SA MAY AH SAMAR EASTERN SAMAR BILIRAN LEYTE SOUTHERN LEYTE DIYAN SA BOHOL CEBU SIQUIJOR NEGROS ORIENTAL AT NEGROS OCCIDENTAL SA VISAYAS AT SA MASBATE SA LUZON 
LOG (lattice-best-path[5.5.896~1-8a59]:main():lattice-best-path.cc:99) For utterance weather031_007, best cost 3551.71 + 87005.5 = 90557.2 over 1529 frames.
weather031_007 NAMATAAN ANG CENTRO NG TROPICAL DEPRESSION SAMUEL SA LAYO LAMANG FIVE HUNDRED FIVE KILOMETERS DIYAN SA MAY SILANGAN NG HINATUAN SURIGAO DEL SUR AT TAGLAY NITO LAKAS NG HANGING YAN EIGHTY FIVE KILOMETERS PER HOUR MALAPIT SA GITNA AT BUGSO NA HANGGANG SIXTY FIVE KILOMETERS PER HOUR 
LOG (lattice-best-path[5.5.896~1-8a59]:main():lattice-best-path.cc:99) For utterance weather031_008, best cost 1760.37 + 38531.8 = 40292.2 over 713 frames.
weather031_008 AT INAASAHAN NA KIKILOS ITO PAHILAGANG KANLURAN O NORTHWEST SA BILIS NAMAN NA TWENTY FIVE KILOMETERS PER HOUR 
LOG (lattice-best-path[5.5.896~1-8a59]:main():lattice-best-path.cc:99) For utterance weather031_009, best cost 3508.9 + 70493.1 = 74002 over 1289 frames.
weather031_009 AT SA FORECAST TRACK NG PAGASA EH POSIBLENG TUMAMA DIYAN SA MAY DINAGAT ISLAND O SA MAY AH POSIBLE SA LEYTE ANG AH CENTRO NG BAGYONG SAMUEL BUKAS PO YAN AT MAY TSANSA RIN NA LUMAKAS PA ITO BAGO MAG LANDFALL 
LOG (lattice-best-path[5.5.896~1-8a59]:main():lattice-best-path.cc:124) Overall cost per frame is 62.7251 = 2.73791 [graph] + 59.9872 [acoustic] over 83671 frames.
LOG (lattice-best-path[5.5.896~1-8a59]:main():lattice-best-path.cc:128) Done 66 lattices, failed for 0
# Accounting: time=1 threads=1
# Ended (code 0) at Sun Apr  4 16:15:54 CST 2021, elapsed time 1 seconds
