# lattice-best-path --lm-scale=16 --word-symbol-table=exp/tri3a/graph/words.txt "ark:gunzip -c exp/tri3a/decode/lat.*.gz|" ark,t:exp/tri3a/decode/scoring/16.tra 
# Started at Sun May 16 21:00:16 CST 2021
#
lattice-best-path --lm-scale=16 --word-symbol-table=exp/tri3a/graph/words.txt 'ark:gunzip -c exp/tri3a/decode/lat.*.gz|' ark,t:exp/tri3a/decode/scoring/16.tra 
LOG (lattice-best-path[5.5.896~1-8a59]:main():lattice-best-path.cc:99) For utterance weather001_001, best cost 982.454 + 25632.9 = 26615.4 over 517 frames.
weather001_001 DALAWANG LOW PRESSURE AREA SA LOOB NG PHILIPPINE AREA OF RESPONSIBILITY O PAR 
LOG (lattice-best-path[5.5.896~1-8a59]:main():lattice-best-path.cc:99) For utterance weather001_002, best cost 990.209 + 17719.2 = 18709.4 over 370 frames.
weather001_002 ANG NAGPAPAULAN SA MALAKING BAHAGI NG LUZON AT VISAYAS 
LOG (lattice-best-path[5.5.896~1-8a59]:main():lattice-best-path.cc:99) For utterance weather001_003, best cost 905.509 + 14865.8 = 15771.4 over 297 frames.
weather001_003 BASE SA PINAKAHULING WEATHER BULLETIN NG PAGASA 
LOG (lattice-best-path[5.5.896~1-8a59]:main():lattice-best-path.cc:99) For utterance weather001_004, best cost 3884.83 + 87765.1 = 91650 over 1788 frames.
weather001_004 ANG ISA SA MGA LPA NA ITO AY NASA LAYONG SEVEN HUNDRED FIFTEEN KILOMETERS SILANGAN NG BASCO BATANES ANG IKALAWANG LPA AY NAMATAAN SA LAYONG ONE HUNDRED THIRTY KILOMETERS WEST SOUTHWEST NG IBA ZAMBALES HINAHATAK NITO ANG SOUTHWEST MONSOON O HANGING HABAGAT 
LOG (lattice-best-path[5.5.896~1-8a59]:main():lattice-best-path.cc:99) For utterance weather001_005, best cost 2114.95 + 45629.8 = 47744.7 over 942 frames.
weather001_005 ASAHAN PO NGAYONG ARAW ANG MONSOON RAINS SA METRO MANILA ZAMBALES BATAAN CAVITE BATANGAS PALAWAN AT MINDORO PROVINCES 
LOG (lattice-best-path[5.5.896~1-8a59]:main():lattice-best-path.cc:99) For utterance weather001_006, best cost 2094.07 + 43118.3 = 45212.4 over 892 frames.
weather001_006 MAKARARANAS NAMAN NG RAIN SHOWERS AT THUNDERSTORMS SA BICOL WESTERN VISAYAS AT SA NALALABING BAHAGI NG CENTRAL LUZON CALABARZON AT MIMAROPA 
LOG (lattice-best-path[5.5.896~1-8a59]:main():lattice-best-path.cc:99) For utterance weather001_007, best cost 2387.64 + 49033.1 = 51420.7 over 1007 frames.
weather001_007 DAHIL NAMAN SA TROUGH O EXTENSION NG LPA DARANAS NG KALAT-KALAT NA RAIN SHOWERS AT THUNDERSTORMS SA CAGAYAN VALLEY CORDILLERA ADMINISTRATIVE REGION AT ILOCOS 
LOG (lattice-best-path[5.5.896~1-8a59]:main():lattice-best-path.cc:99) For utterance weather001_008, best cost 1721.74 + 36114.7 = 37836.5 over 751 frames.
weather001_008 ISOLATED RAINSHOWERS NAMAN ANG IIRAL SA MINDANAO AT NALALABING BAHAGI NG VISAYAS DULOT NG LOCALIZED THUNDERSTORMS 
LOG (lattice-best-path[5.5.896~1-8a59]:main():lattice-best-path.cc:99) For utterance weather002_001, best cost 3243.75 + 60488.3 = 63732 over 1269 frames.
weather002_001 SA ATIN NAMANG ULAT PANAHON TATLO ANG LOW PRESSURE AREA O LPA NA BINABANTAYAN NG PAGASA ANG UNA'Y NA MATA SA LAYONG ONE HUNDRED NINE FIVE KILOMETERS TIMOG KANLURAN NG SINAIT ILOCOS SUR 
LOG (lattice-best-path[5.5.896~1-8a59]:main():lattice-best-path.cc:99) For utterance weather008_006, best cost 853.297 + 10548.3 = 11401.6 over 237 frames.
weather008_006 MERON PO SA NATITIRANG BAHAGI PO NG ATING BANSA 
LOG (lattice-best-path[5.5.896~1-8a59]:main():lattice-best-path.cc:99) For utterance weather008_007, best cost 2307.02 + 47529.3 = 49836.4 over 1000 frames.
weather008_007 KASAMA NA DIYAN YUNG NATITIRANG BAHAGI NG KABISAYAAN AT MINDANAO AY GENERALLY FAIR WEATHER TAYO SA ARAW NA ITO MALIBAN NA LAMANG SA MGA PULO-PULONG MGA PAGULAN O PAGKIDLAT PAGKULOG 
LOG (lattice-best-path[5.5.896~1-8a59]:main():lattice-best-path.cc:99) For utterance weather008_008, best cost 2248.03 + 45742.8 = 47990.9 over 990 frames.
weather008_008 ANG ATIN PONG GALE WARNING AY NAKATAAS PA RIN SA MGA BAYBAYING DAGAT NG BATANES CALAYAN BABUYAN CAGAYAN ISABELA AT NORTHERN COAST PO NG ILOCOS NORTE 
LOG (lattice-best-path[5.5.896~1-8a59]:main():lattice-best-path.cc:99) For utterance weather008_009, best cost 2164.12 + 53902.9 = 56067 over 1113 frames.
weather008_009 KAYA SA MGA NASABI KONG LUGAR AY HINDI PA RIN PINAPAYAGAN NG PHILIPPINE COAST GUARD NA PUMALAOT ANG ATING MGA KABABAYANG MANGINGISDA SAPAGKAT MAGING MAALON HANGGANG SA NAPAKAALON PA RIN PO NG MGA KARAGATAN DITO 
LOG (lattice-best-path[5.5.896~1-8a59]:main():lattice-best-path.cc:99) For utterance weather008_010, best cost 5365.22 + 135310 = 140675 over 2786 frames.
weather008_010 DUMAKO NAMAN TAYO SA MAGIGING AGWAT NG TEMPERATURA SA IBA'T IBANG LUGAR PO DITO SA PILIPINAS DITO NAMAN SA METRO MANILA INAASAHANG MAGIGING TEMPERATURE FORECAST PO O TEMPERATURE RANGE AY MULA SA TWENTY FOUR HANGGANG SA THIRTY ONE DEGREES CELSIUS SAMANTALA DITO NAMAN SA BAGUIO AY MULA SA FIFTEEN HANGGANG SA TWENTY TWO TAGAYTAY PO AY MULA SA TWENTY HANGGANG SA TWENTY NINE DEGREES CELSIUS HABANG SA PUERTO PRINCESA AY MULA SA TWENTY THREE HANGGANG SA THIRTY ONE DEGREES CELSIUS 
LOG (lattice-best-path[5.5.896~1-8a59]:main():lattice-best-path.cc:99) For utterance weather008_011, best cost 2301.42 + 56127.8 = 58429.2 over 1170 frames.
weather008_011 DUMAKO NAMAN TAYO SA CEBU INAASAHANG MAGIGING TEMPERATURE RANGE DOON AY MULA SA TWENTY FIVE HANGGANG SA THIRTY TWO DEGREES CELSIUS SAMANTALA SA ILOILO AY MULA SA TWENTY SIX HANGGANG SA THIRTY ONE DEGREES CELSIUS 
LOG (lattice-best-path[5.5.896~1-8a59]:main():lattice-best-path.cc:99) For utterance weather008_012, best cost 1785.59 + 41405.6 = 43191.2 over 882 frames.
weather008_012 SA DAVAO NAMAN AY MULA SA TWENTY FIVE HANGGANG SA THIRTY THREE DEGREES CELSIUS HABANG SA ZAMBOANGA AY MULA SA TWENTY FOUR HANGGANG SA THIRTY TWO DEGREES CELSIUS 
LOG (lattice-best-path[5.5.896~1-8a59]:main():lattice-best-path.cc:99) For utterance weather008_013, best cost 2538.31 + 36794.9 = 39333.2 over 741 frames.
weather008_013 SAAN SA PO FOR TODAY AY FIVE TWENTY EIGHT IN THE AFTERNOON SAMANTALANG INAASAHAN NATING SANTOS TOMORROW AY SIX ALAMIN IN THE MORNING 
LOG (lattice-best-path[5.5.896~1-8a59]:main():lattice-best-path.cc:99) For utterance weather008_014, best cost 1011.99 + 23216.4 = 24228.4 over 513 frames.
weather008_014 YAN HO MUNA ANG LATEST MULA DITO SA PAGASA ITO PO SI LORIDIN DELA CRUZ NAG UULAT 
LOG (lattice-best-path[5.5.896~1-8a59]:main():lattice-best-path.cc:99) For utterance weather009_001, best cost 1945.4 + 36162 = 38107.4 over 772 frames.
weather009_001 MAGANDANG HAPON AT ITO ANG MAGIGING LAGAY NG ATING AH PANAHON NGAYONG DECEMBER SIX TWO THOUSAND AND SIXTEEN ARAW NG MARTES 
LOG (lattice-best-path[5.5.896~1-8a59]:main():lattice-best-path.cc:99) For utterance weather009_002, best cost 2447.26 + 46853.3 = 49300.6 over 974 frames.
weather009_002 DAHIL SA AMIHAN AY ASAHAN DITO SA ILOCOS REGION CORDILLERA ADMINISTRATIVE REGION AT CAGAYAN VALLEY REGION ANG AH MAULAP NA KALANGITAN NA MAY MAHINANG MGA PAGULAN 
LOG (lattice-best-path[5.5.896~1-8a59]:main():lattice-best-path.cc:99) For utterance weather009_003, best cost 2989.01 + 58469.5 = 61458.5 over 1244 frames.
weather009_003 EASTERLIES NAMAN ANG DAHILAN KUNG KAYAT ANG METRO MANILA AT NALALABING BAHAGI NG BANSA AY ASAHANG MAKAKARANAS NG MAALIWALAS NA KALANGITAN MALIBAN SA MGA PULO-PULONG PAGKIDLAT AT PAGKULOG SA HAPON O GABI 
LOG (lattice-best-path[5.5.896~1-8a59]:main():lattice-best-path.cc:99) For utterance weather009_004, best cost 6707.9 + 130606 = 137313 over 2719 frames.
weather009_004 KAUGNAY NG ATING AMIHAN AY INA INAASAHAN PO NATIN NAGI MAGIGING MAALON HANGGANG SA NAPAKAALON NG KARAGATAN DITO SA SEABOARDS NG NA BATANES CALAYAN NORTHERN COAST NG CAGAYAN AT NORTHERN COAST NG ILOCOS NORTE KAYA PO NAGTAAS PO TAYONG YAN NG GALE WARNING IBIG SABIHIN BAWAL PUMALAOT ANG ATING MGA KABABAYAN NA MAG GUMAGAMIT PO NG MALILIIT NA SASAKYANG PANDAGAT DAHIL LUBHA PONG MAPANGANIB NGAYON ANG PAGLALAYAG SA BAHAGING YAN NG ATING BANSA 
LOG (lattice-best-path[5.5.896~1-8a59]:main():lattice-best-path.cc:99) For utterance weather009_005, best cost 2702.98 + 42791.4 = 45494.4 over 882 frames.
weather009_005 PARA NAMAN SA MAGIGING LAGAY NG TEMPERATURA SA IBA'T-IBANG SYUDAD PO NG ATING BANSA ETO PO ANG ATING AH TEMPERATURE FORECAST RAINS FOR EACH CITIES 
LOG (lattice-best-path[5.5.896~1-8a59]:main():lattice-best-path.cc:99) For utterance weather009_006, best cost 6978.91 + 160489 = 167468 over 3404 frames.
weather009_006 METRO MANILA MERON PO TAYONG FORECAST TEMPERATURE NA TWENTY FOUR TO THIRTY TWO DEGREES CELSIUS AT DITO NAMAN SA TUGUEGARAO CITY AY MERON PO TAYONG TWENTY TWO TO TWENTY NINE DEGREES CELSIUS SAMANTALA SA BAGUIO CITY AY NASA FIFTEEN TO TWENTY FIVE DEGREES CELSIUS ANG INAASAHANG TEMPERATURA AT FOR LEGAZPI AY MERON TAYONG TWENTY SIX TO THIRTY ONE DEGREES CELSIUS SA METRO CEBU AY INAASAHAN DIN PO NATIN NA TWENTY SIX TO THIRTY ONE DEGREES CELSIUS ANG MAGIGING AGWAT NG TEMPERATURA AT FOR METRO DAVAO WE HAVE TWENTY FIVE TO THIRTY ONE DEGREES CELSIUS 
LOG (lattice-best-path[5.5.896~1-8a59]:main():lattice-best-path.cc:99) For utterance weather009_007, best cost 2071.29 + 35227.5 = 37298.8 over 738 frames.
weather009_007 ANG ARAW PO AY LULUBOG ALAS SINGKO BENTE SAIS NG HAPON AT SISIKAT NAMAN YAN BUKAS ALAS SAIS NUEBE NG UMAGA 
LOG (lattice-best-path[5.5.896~1-8a59]:main():lattice-best-path.cc:99) For utterance weather009_008, best cost 1223.15 + 26106.4 = 27329.6 over 545 frames.
weather009_008 MULA DITO SA WEATHER FORECASTING CENTER NG PAGASA ITO SI GLAIZA ESCOLIAR NAG UULAT 
LOG (lattice-best-path[5.5.896~1-8a59]:main():lattice-best-path.cc:99) For utterance weather010_001, best cost 1401.14 + 29640.1 = 31041.3 over 438 frames.
weather010_001 ANG ULAT PANAHON NI GMA YUNG PRESSURE NATHANIEL MANG TANI 
LOG (lattice-best-path[5.5.896~1-8a59]:main():lattice-best-path.cc:99) For utterance weather010_002, best cost 1388.67 + 31859.1 = 33247.8 over 537 frames.
weather010_002 MGA KAPUSO NAITALA KANINANG UMAGA YUNG PINAKA MABABANG TEMPERATURA SA BANSA NGAYONG AMIHAN SEASON 
LOG (lattice-best-path[5.5.896~1-8a59]:main():lattice-best-path.cc:99) For utterance weather010_003, best cost 945.127 + 23186.6 = 24131.7 over 371 frames.
weather010_003 AYON SA PAGASA BUMAGSAK SA ELEVEN POINT TWO DEGREES CELSIUS 
LOG (lattice-best-path[5.5.896~1-8a59]:main():lattice-best-path.cc:99) For utterance weather010_004, best cost 2286.18 + 38046.5 = 40332.7 over 786 frames.
weather010_004 ANG TEMPERATURA DIYAN SA MAY BAGUIO CITY KANINA PO YANG MAG AALAS SINGKO NG UMAGA MGA KAPUSO ITO NA YUNG PINAKA MALAMIG NA TEMPERATURA NGAYONG AMIHAN SEASON 
LOG (lattice-best-path[5.5.896~1-8a59]:main():lattice-best-path.cc:99) For utterance weather010_005, best cost 4168.69 + 68610.1 = 72778.8 over 1430 frames.
weather010_005 AT NGAYONG WEEKEND EH POSIBLENG BUMABA PA SA TEN DEGREES CELSIUS O KAYA'Y ELEVEN DEGREES CELSIUS YUNG TEMPERATURA DIYAN SA BAGYO AH MABABA NAMAN PO ANG TSANSANG UMULAN EH MGA PUPUNTA NG BAGYO EH MAGING I AM READY KAYO SA INYONG MGA JACKET 
LOG (lattice-best-path[5.5.896~1-8a59]:main():lattice-best-path.cc:99) For utterance weather010_006, best cost 2176.8 + 46854.8 = 49031.6 over 975 frames.
weather010_006 SA METRO MANILA NASA TWENTY TO TWENTY ONE DEGREES CELSIUS NAMAN ANG POSIBLENG MINIMUM TEMPERATURE AT PAGULAN SA BAGUIO WALA RING INAASAHANG ULAN NGAYONG WEEKEND 
LOG (lattice-best-path[5.5.896~1-8a59]:main():lattice-best-path.cc:99) For utterance weather010_007, best cost 5902.12 + 110485 = 116388 over 2322 frames.
weather010_007 SA LUZON MAGIGING MAULAN DIYAN SA MGA REHIYON NG CORDILLERA DIYAN SA MAY CAGAYAN VALLEY SA MGA PROBINSYA NG QUEZON AURORA MAGING SA MINDORO ORIENTAL AT DIYAN SA ILANG BAHAGI NG BICOL REGION BUKAS YAN SABADO HABANG SA LINGGO MAGTUTULOY TULOY YUNG ULAN SA MGA LUGAR SA CAGAYAN VALLEY DIYAN SA MAY AURORA AT NORTHERN QUEZON MAGING SA MINDORO ORIENTAL PERO WALA NASA BICOL REGION CENTRAL LUZON MAGING SA CORDILLERA AT ILOCOS REGION 
LOG (lattice-best-path[5.5.896~1-8a59]:main():lattice-best-path.cc:99) For utterance weather010_008, best cost 8901.84 + 169847 = 178749 over 3608 frames.
weather010_008 SA VISAYAS MAGHAPON MANG MAULAN DITO SA MAY LEYTE AT SAMAR PROVINCES MAGING SA ILANG BAHAGI NG NEGROS PROVINCES BUKAS NAMAN YAN NG HAPON AT MAGTUTULOY TULOY YUNG ULAN DIYAN SA NEGROS AT AKLAN PROVINCES PAGDATING NG LINGGO PERO DITO SA ILANG BAHAGI NG VISAYAS HALOS WALA NG ULAN SA LINGGO SA MINDANAO BUONG ARAW NA MAULAN SA SURIGAO PROVINCES AT DAVAO ORIENTAL YAN PO AY ARAW NG SABADO AT SA LINGGO MARAMING LUGAR SA EASTERN MINDANAO YANG AH DAVAO REGION AT CARAGA REGION MAY MGA PAGULAN AT MAULAN NA RIN SA NORTHERN MINDANAO PAGDATING SA HAPON NGAYONG WEEKEND 
LOG (lattice-best-path[5.5.896~1-8a59]:main():lattice-best-path.cc:99) For utterance weather010_009, best cost 3874.14 + 68453.1 = 72327.3 over 1427 frames.
weather010_009 APEKTADO RIN ANG MALAKAS NA AMIHAN ANG EASTERN SEABOARD NAMAN NG AH LUZON DITO SA MAY CAGAYAN VALLEY AURORA DIYAN SA MAY BICOL REGION HANGGANG SA MAY SAMAR PROVINCES IBIG SABIHIN PO NIYAN MATAAS ANG MGA ALON AT DELIKADO SA MGA MAGING 
LOG (lattice-best-path[5.5.896~1-8a59]:main():lattice-best-path.cc:99) For utterance weather010_010, best cost 2853.96 + 43816.8 = 46670.7 over 883 frames.
weather010_010 MGA KAPUSO WAG KAKALIMUTAN HA ANG I AM READY SA DOBOL B ALAS NUEBE THE LESS ISLA NG UMAGA TUWING SABADO SA SUPER READY DZ DOBOL B REGION NA 
LOG (lattice-best-path[5.5.896~1-8a59]:main():lattice-best-path.cc:99) For utterance weather010_011, best cost 1249.23 + 35013.5 = 36262.7 over 732 frames.
weather010_011 AT YAN ANG LATEST MULA SA GMA WEATHER AKO PO SI NATHANIEL CRUZ MAGPLANO PARA SIGURADO I AM READY SERBISYONG TOTOO NG 
LOG (lattice-best-path[5.5.896~1-8a59]:main():lattice-best-path.cc:99) For utterance weather011_001, best cost 1360.39 + 23034.4 = 24394.8 over 466 frames.
weather011_001 KAPUSO MATINDING INIT ANG NARAMDAMAN SA ILANG LUGAR SA BANSA NGAYONG UNANG ARAW NG MAYO 
LOG (lattice-best-path[5.5.896~1-8a59]:main():lattice-best-path.cc:99) For utterance weather011_002, best cost 7169.73 + 165679 = 172849 over 3290 frames.
weather011_002 SA DATOS NG PAGASA EH PUMALO SA FORTY SIX POINT NINE DEGREES CELSIUS YUNG INIT FACTOR DIYAN SA MAY CASIGURAN AURORA AT KANINANG ALAS DOS YAN NG HAPON UMABOT NAMAN SA FORTY SIX POINT THREE DEGREES CELSIUS ANG DAMANG INIT DIYAN SA MAY GIWAN EASTERN SAMAR ALAS ONSE NG UMAGA MGA KAPUSO HABANG FORTY FIVE POINT SIX DEGREES CELSIUS NAMAN DIYAN SA MAY DAGUPAN PANGASINAN AT SA METRO MANILA NASA FORTY DEGREES CELSIUS YUNG DAMANG INIT KANINANG ALAS DOS AT ALAS QUATRO NG HAPON PERO SA NAIA UMABOT NASA FORTY TWO POINT THREE DEGREES CELSIUS ANG INIT FACTOR 
LOG (lattice-best-path[5.5.896~1-8a59]:main():lattice-best-path.cc:99) For utterance weather011_003, best cost 2871.13 + 60759.9 = 63631 over 1228 frames.
weather011_003 AT MANATILING I AM READY BUKAS DAHIL POSIBLENG AH MARAMDAMAN MULI YUNG FORTY DEGREES CELSIUS NA INIT FACTOR DITO SA METRO MANILA PERO MGA KAPUSO AH ASAHAN ANG THUNDERSTORM SA HAPON AT SA GABI 
LOG (lattice-best-path[5.5.896~1-8a59]:main():lattice-best-path.cc:99) For utterance weather011_004, best cost 2965.41 + 53306.2 = 56271.6 over 1113 frames.
weather011_004 SA LUZON MAGHAPONG MAY ULAN SA MAY NORTHERN LUZON LALO DIYAN SA MAY CORDILLERA SA MGA PROBINSYA NG AURORAT QUEZON AT MAULAN NA RIN SA MAY CENTRAL LUZON CALABARZON AT MINDORO PAGDATING SA HAPON 
LOG (lattice-best-path[5.5.896~1-8a59]:main():lattice-best-path.cc:99) For utterance weather011_005, best cost 1746.32 + 37506 = 39252.3 over 778 frames.
weather011_005 SA VISAYAS WALANG ULAN SA UMAGA AT SA NEGROS PROVINCES AT DIYAN SA MAY LEYTE MAY MGA PAGULAN PAGDATING SA HAPON 
LOG (lattice-best-path[5.5.896~1-8a59]:main():lattice-best-path.cc:99) For utterance weather011_006, best cost 2596.07 + 54349.3 = 56945.4 over 1123 frames.
weather011_006 AT SA MINDANAO MAGHAPONG MAULAN SA REHIYON NG SOCSARGEN AT MAULAN NA RIN SA HALOS BUONG MINDANAO NA KUNG MINSAN MALALAKAS MGA KAPUSO MALIBAN DIYAN SA MAY REHIYON NG CARAGA SA HAPON 
LOG (lattice-best-path[5.5.896~1-8a59]:main():lattice-best-path.cc:99) For utterance weather011_007, best cost 1220.42 + 38106 = 39326.5 over 782 frames.
weather011_007 AT YAN ANG LATEST MULA SA GMA WEATHER AKO PO SI NATHANIEL CRUZ MAGPLANO PARA SIGURADO I AM READY SERBISYONG TOTOO NG GMA NEWS 
LOG (lattice-best-path[5.5.896~1-8a59]:main():lattice-best-path.cc:99) For utterance weather012_001, best cost 849.881 + 17286.7 = 18136.6 over 327 frames.
weather012_001 NAGPAPATULOY PONG ALINSANGAN SA IBA'T-IBANG BAHAGI NG BANSA 
LOG (lattice-best-path[5.5.896~1-8a59]:main():lattice-best-path.cc:99) For utterance weather012_002, best cost 3346.68 + 65734.9 = 69081.6 over 1292 frames.
weather012_002 HAPON NAITALA NG PAGASA ANG FOURTEEN SEVEN POINT NINE DEGREES CELSIUS NA INIT FACTOR SA COTABATO CITY FORTY FOUR POINT SIX DEGREES CELSIUS NAMAN SA DAGUPAN CITY PANGASINAN HABANG FORTY THREE POINT EIGHT DEGREES CELSIUS SA TUGUEGARAO CITY CAGAYAN 
LOG (lattice-best-path[5.5.896~1-8a59]:main():lattice-best-path.cc:99) For utterance weather012_003, best cost 3341.44 + 80568.8 = 83910.2 over 1567 frames.
weather012_003 BUKAS POSIBLENG PUMALO SA FORTY TWO DEGREES CELSIUS ANG INIT FACTOR SA DAGUPAN FORTY ONE DEGREES CELSIUS NAMAN SA COTABATO FORTY DEGREES CELSIUS SA TUGUEGARAO THIRTY NINE DEGREES CELSIUS AT CATBALOGAN AT ZAMBOANGA CITY ANG AH FORTY DEGREES CELSIUS SA SUBIC BAY ZAMBALES 
LOG (lattice-best-path[5.5.896~1-8a59]:main():lattice-best-path.cc:99) For utterance weather012_004, best cost 1263.89 + 26561.3 = 27825.2 over 535 frames.
weather012_004 DITO PO SA METRO MANILA ASAHAN DING MAGING MAALINSANGAN SA FORTY DEGREES CELSIUS NA INIT FACTOR 
LOG (lattice-best-path[5.5.896~1-8a59]:main():lattice-best-path.cc:99) For utterance weather013_001, best cost 2486.53 + 34724.3 = 37210.8 over 719 frames.
weather013_001 MGA KAPUSO WALANG BAGYONG NABUO SA BANSA NGAYONG AH ABRIL AT NAGING MABABA RIN ANG DAMI NG ULAN NA EPEKTO PO YAN NG NGAYONG NEWS 
LOG (lattice-best-path[5.5.896~1-8a59]:main():lattice-best-path.cc:99) For utterance weather013_002, best cost 2308.75 + 36458.4 = 38767.1 over 768 frames.
weather013_002 AT NGAYONG PAPASOK NA ANG BUWAN NG MAYO EH POSIBLE MGA KAPUSO MABAWASAN ANG MGA LUGAR NA APEKTADO NG DROUGHT AT DRY SPELL 
LOG (lattice-best-path[5.5.896~1-8a59]:main():lattice-best-path.cc:99) For utterance weather013_003, best cost 3912.12 + 58098.8 = 62010.9 over 1197 frames.
weather013_003 SA PAGASA WALA NG DROUGHT SA MINDANAO PAGKATAPOS NG PO NG MAYO PERO MAY MGA APEKTADO PA RING AH LUGAR SA LUZON GAYA NA LAMANG NG BICOL REGION AT ILANG LUGAR DIYAN SA VISAYAS ITO YUNG EASTERN VISAYAS 
LOG (lattice-best-path[5.5.896~1-8a59]:main():lattice-best-path.cc:99) For utterance weather013_004, best cost 4694.57 + 87183.2 = 91877.7 over 1817 frames.
weather013_004 AT SA LAGAY NG PANAHON BUKAS WALA PA RING INAASAHANG ULAN DIYAN SA MALAKING BAHAGI NG LUZON BUKAS PERO PAGDATING NG HAPON ANG MAY ULAN SA ILOCOS REGION CORDILLERA CAGAYAN VALLEY AT SA MGA PROBINSYA NG LAST SA MGA LESS TARLAC DIYAN SA MAY NUEVA ECIJA KASAMA NG AURORA PAGDATING SA HAPON 
LOG (lattice-best-path[5.5.896~1-8a59]:main():lattice-best-path.cc:99) For utterance weather013_005, best cost 4048.33 + 71097.6 = 75146 over 1465 frames.
weather013_005 ANG DIYAN SA NORZAGARAY BULACAN KUNG SAAN NANDOON ANG ANGAT DAM EH WALA PA RING INAASAHANG ULAN BUKAS PERO POSIBLE PONG UMULAN SA HUWEBES AT SABADO PERO MGA KAPUSO AH MGA MAHIHINANG PAGULAN YAN NA HALOS HINDI MARARAMDAMAN YUNG PAGTAAS NG LEBEL NG TUBIG 
LOG (lattice-best-path[5.5.896~1-8a59]:main():lattice-best-path.cc:99) For utterance weather013_006, best cost 1881.85 + 41546 = 43427.8 over 893 frames.
weather013_006 AT SA METRO MANILA NASA THIRTY NINE DEGREES CELSIUS ANG INIT FACTOR NATIN BUKAS AT MAARAW WALA PA RING ULAN MAGHAPON 
LOG (lattice-best-path[5.5.896~1-8a59]:main():lattice-best-path.cc:99) For utterance weather013_007, best cost 2574.37 + 47615.2 = 50189.6 over 995 frames.
weather013_007 SA VISAYAS MAAYOS ANG PANAHON SA UMAGA PERO MAY ULAN NA SA WESTERN VISAYAS LALO NA SA MAY NEGROS PROVINCES AT DIYAN SA MAY AH CEBU AT BOHOL PAGDATING NAMAN ANG HAPON 
LOG (lattice-best-path[5.5.896~1-8a59]:main():lattice-best-path.cc:99) For utterance weather013_008, best cost 2460.24 + 49169 = 51629.2 over 1023 frames.
weather013_008 MAGHAPON MANG MAULAN SA MGA REHIYON NG NORTHERN MINDANAO AT DAVAO REGION AT MAGING I AM READY PO SA THUNDERSTORM NA KUNG MINSAN MALALAKAS MGA KULAY ORANGE NA YAN PAGDATING SA HAPON 
LOG (lattice-best-path[5.5.896~1-8a59]:main():lattice-best-path.cc:99) For utterance weather013_009, best cost 2543.61 + 51060 = 53603.6 over 1074 frames.
weather013_009 AT SA DAVAO CITY MGA KAPUSO SAAN GINAGANAP ANG PALARONG PAMBANSA MAGHAPON NA MAKAKARANAS NG PAGULAN AT NASA THIRTY DEGREES CELSIUS YUNG POSIBLENG INIT FACTOR 
LOG (lattice-best-path[5.5.896~1-8a59]:main():lattice-best-path.cc:99) For utterance weather013_010, best cost 1147.96 + 36274.2 = 37422.2 over 748 frames.
weather013_010 AT YAN ANG LATEST MULA SA GMA WEATHER AKO PO SI NATHANIEL CRUZ MAGPLANO PARA SIGURADO I AM READY SERBISYONG TOTOO NG GMA NEWS 
LOG (lattice-best-path[5.5.896~1-8a59]:main():lattice-best-path.cc:99) For utterance weather014_001, best cost 1387.83 + 29439.6 = 30827.5 over 426 frames.
weather014_001 WALANG BAGYONG NAMAMATAAN SA LOOB O LABAS NG PHILLIPS POSIBLE GABI 
LOG (lattice-best-path[5.5.896~1-8a59]:main():lattice-best-path.cc:99) For utterance weather014_002, best cost 1328.76 + 30900.6 = 32229.4 over 447 frames.
weather014_002 EASTERLIES ANG PANGUNAHING WEATHER SYSTEM NA NAKAKAAPEKTO NGAYON SA MARAMING LUGAR SA BANSA 
LOG (lattice-best-path[5.5.896~1-8a59]:main():lattice-best-path.cc:99) For utterance weather014_003, best cost 1490.58 + 34624.9 = 36115.5 over 489 frames.
weather014_003 PARTIKULAR SA SILANGANG BAHAGI NG LUZON VISAYAS AT MINDANAO AYON PO YAN SA PAGASA 
LOG (lattice-best-path[5.5.896~1-8a59]:main():lattice-best-path.cc:99) For utterance weather014_004, best cost 2472.87 + 47929.3 = 50402.2 over 917 frames.
weather014_004 BUKAS MAGIGING MAULAP AT MAALINSANGAN DITO SA METRO MANILA PERO BASE SA DATOS NG METRAWEATHER POSIBLE PA RIN ANG ULAN O KAYA'Y THUNDERSTORMS SA ILANG BAHAGI NG AH MANILA 
LOG (lattice-best-path[5.5.896~1-8a59]:main():lattice-best-path.cc:99) For utterance weather014_005, best cost 1297.88 + 23288.7 = 24586.6 over 346 frames.
weather014_005 UMAGA PA LANG MAKARARANAS NA NG ULAN ANG SOUTHERN LUZON AT VISAYAS 
LOG (lattice-best-path[5.5.896~1-8a59]:main():lattice-best-path.cc:99) For utterance weather014_006, best cost 1441.95 + 32443.7 = 33885.6 over 481 frames.
weather014_006 ASAHAN NAMAN ANG HANGGANG MATITINDING BUHOS NG ULAN SA MINDANAO PAGSAPIT NG HAPON AT GABI 
LOG (lattice-best-path[5.5.896~1-8a59]:main():lattice-best-path.cc:99) For utterance weather015_001, best cost 1303.74 + 26081.9 = 27385.7 over 433 frames.
weather015_001 MGA KAPUSO KAKAIBANG INIT ANG NARAMDAMAN DIYAN SA PANGASINAN SA NA SA PAGASA 
LOG (lattice-best-path[5.5.896~1-8a59]:main():lattice-best-path.cc:99) For utterance weather015_002, best cost 3922.31 + 78616.1 = 82538.4 over 1487 frames.
weather015_002 PUMALO SA FORTY EIGHT POINT TWO DEGREES CELSIUS YUNG INIT FACTOR SA DAGUPAN PANGASINAN KAHAPON YAN ANG HAPON HABANG NASA FORTY FOUR POINT FIVE DEGREES CELSIUS NAMAN YUNG DAMANG INIT KANINANG HAPON YUNG MGA GANYANG KAALINSANGAN MGA KAPUSO AH POSIBLE PONG HEAT STRESS AT HEAT STROKE 
LOG (lattice-best-path[5.5.896~1-8a59]:main():lattice-best-path.cc:99) For utterance weather015_003, best cost 912.547 + 18426.2 = 19338.7 over 296 frames.
weather015_003 AT MAGING I AM READY PA RIN SA MAALINSANGANG PANAHON BUKAS 
LOG (lattice-best-path[5.5.896~1-8a59]:main():lattice-best-path.cc:99) For utterance weather015_004, best cost 5286.64 + 117618 = 122905 over 2214 frames.
weather015_004 SA DATOS NG METRAWEATHER NASA FORTY ONE DEGREES CELSIUS YUNG INIT FACTOR DIYAN SA DAGUPAN NASA FORTY DEGREES CELSIUS NAMAN YUNG DAMANG INIT POSIBLE SA TUGUEGARAO AT CABANATUAN AT THIRTY NINE DEGREES CELSIUS NAMAN DIYAN SA MAY CATBALOGAN AT TAGBILARAN SA VISAYAS AT SA MAY GENERAL SANTOS SA MINDANAO HABANG FORTY TWO DEGREES CELSIUS MGA KAPUSO ANG POSIBLENG DAMANG INIT DIYAN SA MAY COTABATO CITY 
LOG (lattice-best-path[5.5.896~1-8a59]:main():lattice-best-path.cc:99) For utterance weather015_005, best cost 2558.43 + 47709 = 50267.4 over 927 frames.
weather015_005 SA METRO MANILA POSIBLENG UMABOT NAMAN SA THIRTY SEVEN DEGREES CELSIUS YUNG DAMANG INIT AT BAHAGYANG MAULAP PA RIN PERO WALA PONG ULAN NA INAASAHAN SA MAGHAPON 
LOG (lattice-best-path[5.5.896~1-8a59]:main():lattice-best-path.cc:99) For utterance weather015_006, best cost 2895.85 + 56506.9 = 59402.7 over 1100 frames.
weather015_006 MAAYOS NAMAN ANG PANAHON SA LUZON BUKAS NG UMAGA PERO ASAHAN ANG ULAN DIYAN SA MAY CORDILLERA ILOCOS REGION SA MAY AH PROBINSYA NG CAGAYAN ISABELA DIYAN SA MAY ZAMBALES AT AURORA PAGDATING SA HAPON 
LOG (lattice-best-path[5.5.896~1-8a59]:main():lattice-best-path.cc:99) For utterance weather015_007, best cost 2461.08 + 52923.8 = 55384.8 over 1036 frames.
weather015_007 SA VISAYAS WALANG ULAN SA UMAGA PERO PAGDATING NG HAPON MAY ULAN DIYAN SA MAY EASTERN SAMAR SAMAR AT PAGDATING SA HAPON DIN KASAMA NA ANG LEYTE PROVINCES 
LOG (lattice-best-path[5.5.896~1-8a59]:main():lattice-best-path.cc:99) For utterance weather002_002, best cost 2031.99 + 47423.8 = 49455.8 over 961 frames.
weather002_002 ANG IKALAWA NAMAN AY NASA THREE HUNDRED THIRTY FIVE KILOMETERS SILANGAN NG APARRI CAGAYAN HABANG IKATLO AY NASA LABAS NG PHILIPPINE AREA OF RESPONSIBILITY 
LOG (lattice-best-path[5.5.896~1-8a59]:main():lattice-best-path.cc:99) For utterance weather002_003, best cost 2376.97 + 45449.7 = 47826.7 over 949 frames.
weather002_003 NAMATAAN ITO SA LAYONG ONE THOUSAND ONE HUNDRED TWENTY KILOMETERS EAST NG MINDANAO AYON SA PAGASA MABABA ANG TSANSANG NA MAGIGING BAGYO ANG TATLONG LPA 
LOG (lattice-best-path[5.5.896~1-8a59]:main():lattice-best-path.cc:99) For utterance weather002_004, best cost 6803.78 + 154068 = 160872 over 3153 frames.
weather002_004 AT NARITO NAMAN ANG MAGIGING TEMPERATURA BUKAS SA ILANG PILING LUGAR SA BANSA SA LUZON MAGIGING PINAKA MAINIT PA RIN SA TUGUEGARAO CITY KUNG SAAN PAPALO SA FORTY TWO DEGREES CELSIUS ANG HEAT INDEX SA VISAYAS PINAKAMATAAS NA INIT ANG MARARAMDAMAN SA DUMAGUETE THIRTY NINE DEGREES CELSIUS AT SA MINDANAO PINAKA MAINIT SA GENERAL SANTOS CITY KUNG SAAN NASA FORTY TWO DEGREES CELSIUS ANG MAXIMUM HEAT INDEX HABANG SA METRO MANILA INAASAHAN PAPALO SA THIRTY NINE DEGREES CELSIUS ANG HEAT INDEX 
LOG (lattice-best-path[5.5.896~1-8a59]:main():lattice-best-path.cc:99) For utterance weather002_005, best cost 2361.11 + 43423.3 = 45784.5 over 859 frames.
weather002_005 MANATILING NAKATUTOK SA ABS-CBN ANC DZMM NEWS DOT ABS DASH CBN DOT COM AT PATROL DOT PH PARA SA IBA PANG NAGBABAGANG BALITA AKO PO SI STANLEY PALISADA 
LOG (lattice-best-path[5.5.896~1-8a59]:main():lattice-best-path.cc:99) For utterance weather003_001, best cost 1930.85 + 47786.9 = 49717.7 over 1016 frames.
weather003_001 MAGANDANG ARAW PO SA ATING LAHAT WELCOME PO SA WEATHER FORECASTING SECTION NG PAGASA AT NARITO NA NGA ANG LATEST SA LAGAY NG ATING PANAHON NGAYONG ARAW NG MARTES ALAS SINGKO NG UMAGA 
LOG (lattice-best-path[5.5.896~1-8a59]:main():lattice-best-path.cc:99) For utterance weather003_002, best cost 6059.21 + 125628 = 131688 over 2581 frames.
weather003_002 UPDATE MUNA SA BINABANTAYAN DIN BAGYO NASA WEST PHILIPPINE SEA NA PO ANG MATA NITO SI BAGYONG NINA AT KANINA NGAY HULI ITONG NAMATAAN SA LAYONG THREE HUNDRED SIXTY KILOMETERS KANLURAN NG IBA ZAMBALES AT NANATILI PO ITONG NASA TYPHOON CATEGORY TAGLAY PA RIN ANG LAKAS NG HANGIN UMAABOT SA ONE HUNDRED TWENTY KILOMETERS PER HOUR MALAPIT SA GITNA AT PAGBUGSO PO NG HANGING UMAABOT AH SA ONE HUNDRED FIFTY KILOMETERS PER HOUR 
LOG (lattice-best-path[5.5.896~1-8a59]:main():lattice-best-path.cc:99) For utterance weather003_003, best cost 1561 + 29725.3 = 31286.3 over 624 frames.
weather003_003 TINATAYA PONG KIKILOS ITO SA DIRECTION PAKANLURAN SA BILIS NA SEVENTEEN KILOMETERS PER HOUR 
LOG (lattice-best-path[5.5.896~1-8a59]:main():lattice-best-path.cc:99) For utterance weather003_004, best cost 2985.22 + 50562.7 = 53547.9 over 1062 frames.
weather003_004 AT KUNG HINDI PO MAGBAGO ANG BILIS NG TAKBO AT DIRECTION PO NITONG SI BAGYONG NINA INAASAHAN NATIN THAT LATE EVENING TODAY AY NASA LABAS NA PO ITO NG ATING AREA OF RESPONSIBILITY 
LOG (lattice-best-path[5.5.896~1-8a59]:main():lattice-best-path.cc:99) For utterance weather003_005, best cost 6227.91 + 114410 = 120638 over 2377 frames.
weather003_005 BAGAMAT WALA PO TAYONG NAKATAAS NGAYON NG TROPICAL CYCLONE WARNING SIGNAL SA ANUMANG BAHAGI PAN ANG ATING KALUPAAN AY NANANATILI PONG MAKARANAS NG MAULAP NA KALANGITAN NA MAY MAHINANG MGA PAGULAN NG CAGAYAN VALLEY REGION DULOT PA RIN PO YAN NG NORTH EAST MONSOON O YUNG HANGING AMIHAN NA UMIIRAL SA HILAGANG LUZON SAMANTALANG ILOCOS REGION NAMAN KASAMA PO ANG CORDILLERA AY MAKAKARANAS NG MGA PULO-PULONG MAHIHINANG MGA PAG ULAN 
LOG (lattice-best-path[5.5.896~1-8a59]:main():lattice-best-path.cc:99) For utterance weather003_006, best cost 2821.98 + 53640.5 = 56462.5 over 1116 frames.
weather003_006 BUKAS NAMAN FOR METRO MANILA AND FOR THE REST OF THE COUNTRY DAHIL INAASAHAN PO NATING GENERAL FAIR WEATHER ANG ASAHAN NATIN NGAYON MALIBAN NA LAMANG SA MGA PULO-PULONG MGA PAGULAN O PAGKIDLAT PAGKULOG 
LOG (lattice-best-path[5.5.896~1-8a59]:main():lattice-best-path.cc:99) For utterance weather003_007, best cost 6404.94 + 131038 = 137443 over 2779 frames.
weather003_007 PAALALA PA RIN PO SA LAHAT PO NG ATING MGA KABABAYANG MANGINGISDA NAKATAAS PA RIN PO ANG ATING GALE WARNING SA LAHAT NG BAYBAYING DAGAT DOON SA NORTHERN LUZON KASAMA NA PO ANG MGA BAYBAYING DAGAT SA E SA ZAMBALES AT BATAAN KAYA HINDI PA RIN PINAPAYAGAN PHILIPPINE COAST GUARD NA PUMALAOT ANG ATING MGA KABABAYANG MANGINGISDA DITO LALONG LALO NA PO NO YUNG MGA GUMAGAMIT NG MALILIIT NA SASAKYANG PANDAGAT SAPAGKAT MAGIGING MAALON HANGGANG SA NAPAKAALON PA RIN PO NG MGA KARAGATAN DITO 
LOG (lattice-best-path[5.5.896~1-8a59]:main():lattice-best-path.cc:99) For utterance weather003_008, best cost 7639.21 + 167002 = 174641 over 3494 frames.
weather003_008 DUMAKO NAMAN TAYO SA MAGIGING AGWAT NG TEMPERATURA SA MGA PILING LUGAR DITO SA PILIPINAS INAASAHAN PO NATIN NA SA METRO MANILA AY BAHAGING TATAAS NA PO ANG TEMPERATURA DAHIL FAIR WEATHER NGA PO TAYO SA ARAW NA ITO MULA PO TWENTY FIVE HANGGANG SA THIRTY ONE DEGREES CELSIUS ANG ATING INAASAHANG MAGIGING TEMPERATURA SAMANTALANG DOON NAMAN SA BAGUIO AY MULA SA SIXTEEN HANGGANG SA TWENTY THREE DEGREES CELSIUS DOON NAMAN PO SA TAGAYTAY AY INAASAHAN NATIN MULA SA TWENTY ONE HANGGANG SA TWENTY EIGHT DEGREES CELSIUS ANG MAGIGING AGWAT NG TEMPERATURA SAMANTALANG TWENTY FIVE HANGGANG SA THIRTY TWO DEGREES CELSIUS NAMAN SA PUERTO PRINCESA 
LOG (lattice-best-path[5.5.896~1-8a59]:main():lattice-best-path.cc:99) For utterance weather003_009, best cost 3939.38 + 89792.6 = 93732 over 1883 frames.
weather003_009 DOON NAMAN PO SA METRO DA METRO CEBU AY MULA SA TWENTY SIX HANGGANG SA THIRTY TWO DEGREES CELSIUS SAMANTALANG TWENTY SIX HANGGANG THIRTY ONE DEGREES CELSIUS NAMAN SA ILOILO AT TWENTY SIX HANGGANG THIRTY TWO DEGREES CELSIUS PO SA METRO DAVAO AT TWENTY FOUR HANGGANG SA THIRTY THREE DEGREES CELSIUS NAMAN DOON PO SA ZAMBOANGA CITY 
LOG (lattice-best-path[5.5.896~1-8a59]:main():lattice-best-path.cc:99) For utterance weather003_010, best cost 2319.3 + 44579.2 = 46898.5 over 943 frames.
weather003_010 ANG SUNRISE PO NATIN NGAYON IS SIX NINETEEN IN THE MORNING SAMANTALANG INAASAHAN DIN PO NATIN LULUBOG ANG ARAW SA GANAP NA ALAS SINGKO TRENTAY SINGKO NG HAPON 
LOG (lattice-best-path[5.5.896~1-8a59]:main():lattice-best-path.cc:99) For utterance weather003_011, best cost 927.652 + 19475.6 = 20403.2 over 441 frames.
weather003_011 YAN NA PO ANG LATEST MULA DITO SA PAGASA ITO PO SI LORIDIN DELA CRUZ 
LOG (lattice-best-path[5.5.896~1-8a59]:main():lattice-best-path.cc:99) For utterance weather004_001, best cost 4641.52 + 91453.3 = 96094.8 over 1879 frames.
weather004_001 MAGANDANG PAGBATI SA ATING MGA TAGA PANOOD AT PARA NGA DITO SA NILALAMAN NG ATING FIVE PM WEATHER FORECAST NGAYONG DECEMBER EIGHT TWO THOUSAND SIXTEEN AY PARA PO DITO IEXPLAIN PO NATIN KUNG BAKIT PO ITO ANG NAFORECAST PO NATIN NA AH MAGIGING TAYA NG PANAHON SA LOOB NG BENTE QUATRO ORAS 
LOG (lattice-best-path[5.5.896~1-8a59]:main():lattice-best-path.cc:99) For utterance weather004_002, best cost 2675 + 51234.8 = 53909.8 over 1024 frames.
weather004_002 O DITO PO SA ATING HIMAWARI IMAGE AY KUNG MAPAPANSIN NYO MERON PO TAYONG TAIL END OF A COLD PO NG MASS NA NAKAKAAPEKTO PO YAN DITO SA SILANGANG BAHAGI NG ATING LUZON 
LOG (lattice-best-path[5.5.896~1-8a59]:main():lattice-best-path.cc:99) For utterance weather004_003, best cost 4124.1 + 89957 = 94081.1 over 1852 frames.
weather004_003 AT SA SA DOBOL NG DALAWANG HANGIN ISANG YUNG EASTERLIES AT ITONG NORTHEAST MONSOON DAHIL DIYAN ASAHAN NATIN METRO MANILA PROBINSYA NG CAGAYAN ISABELA NUEVA VIZCAYA QUIRINO RIZAL QUEZON KASAMA NA ITONG BUONG REHIYON NG CENTRAL LUZON AT CORDILLERA 
LOG (lattice-best-path[5.5.896~1-8a59]:main():lattice-best-path.cc:99) For utterance weather004_004, best cost 1482.98 + 38220.6 = 39703.6 over 784 frames.
weather004_004 MAKARANAS YAN NG MAULAP NA KALANGITAN NA MAY KASAMA YANG MAHINA HANGGANG SA KATAMTAMANG MGA PAGULAN AT MGA PAGKIDLAT AT PAGKULOG 
LOG (lattice-best-path[5.5.896~1-8a59]:main():lattice-best-path.cc:99) For utterance weather004_005, best cost 2278.31 + 45737.2 = 48015.5 over 930 frames.
weather004_005 SAMANTALANG DITO SA NATITIRANG BAHAGI NG CAGAYAN VALLEY ITONG PROBINSYA NG BATANES AT KALAYAAN GROUPS OF ISLANDS AT DITO SA REHIYON NG ILOCOS REGION 
LOG (lattice-best-path[5.5.896~1-8a59]:main():lattice-best-path.cc:99) For utterance weather004_006, best cost 298.141 + 2363.4 = 2661.54 over 50 frames.
weather004_006 HANGING 
LOG (lattice-best-path[5.5.896~1-8a59]:main():lattice-best-path.cc:99) For utterance weather004_007, best cost 1777.89 + 31268.6 = 33046.5 over 651 frames.
weather004_007 DAHIL NGA SA NORTHEAST MONSOON MAKAKARANAS NAMAN YAN NG MAULAP NA KALANGITAN NA MAY KASAMA LAMANG YANG MGA LIGHT RAINS 
LOG (lattice-best-path[5.5.896~1-8a59]:main():lattice-best-path.cc:99) For utterance weather004_008, best cost 4818.31 + 96721.4 = 101540 over 1962 frames.
weather004_008 SAMANTALA SA ATIN ILANG BAHAGI NG ATING BANSA ANG ITONG NATITIRANG BAHAGI NG SOUTHERN LUZON BUONG KABISAYAAN BUONG MINDANAO MAGIGING MAGANDA ANG ATING TAYA NG PANAHON SA UMAGA PERO PAMINSAN MINSAN MAGKAKAROON PO TAYO NG PULO-PULONG MGA PAGKIDLAT AT PAGKULOG NGUNIT AT ANG ATING MGA LOCALIZE THUNDERSTORM NGUNIT ITO'Y PANANDALIAN LAMANG 
LOG (lattice-best-path[5.5.896~1-8a59]:main():lattice-best-path.cc:99) For utterance weather004_009, best cost 2492.18 + 47598.5 = 50090.7 over 982 frames.
weather004_009 SAMANTALANG ANG ATING LAGAY NG KARAGATAN DAHIL PA RIN SA NORTHEAST MONSOON NA NAKAKAAPEKTO DITO SA EXTREME NORTHERN LUZON PO DITO SA MAY DULONG HILAGANG LUZON 
LOG (lattice-best-path[5.5.896~1-8a59]:main():lattice-best-path.cc:99) For utterance weather004_010, best cost 3231.57 + 72952.7 = 76184.3 over 1518 frames.
weather004_010 ASAHAN NATIN NAMAN MERON TAYONG GALE WARNING DITO SA MGA BAYBAYIN NG BATANES CALAYAN BABUYAN HILAGANG BAYBAYIN NG CAGAYAN AT DITO SA PROBINSYA NG ILOCOS NORTE ILOCOS SUR LA UNION AT PANGASINAN 
LOG (lattice-best-path[5.5.896~1-8a59]:main():lattice-best-path.cc:99) For utterance weather004_011, best cost 2085.12 + 42919 = 45004.1 over 880 frames.
weather004_011 SO HINDI PO NATIN PINAPAYAGANG PUMALAOT YUNG MGA MALILIIT SASAKYANG PANDAGAT PERO YUNG MALALAKI AY PINAPAYUHANG MAG INGAT SA MGA MALALAKING ALON 
LOG (lattice-best-path[5.5.896~1-8a59]:main():lattice-best-path.cc:99) For utterance weather004_012, best cost 1409.08 + 29790.5 = 31199.6 over 596 frames.
weather004_012 AT YAN ANG ATING LATEST UPDATE MULA DITO SA PAGASA WEATHER FORECASTING CENTER SHERYL IGNACIO NAG UULAT 
LOG (lattice-best-path[5.5.896~1-8a59]:main():lattice-best-path.cc:99) For utterance weather005_001, best cost 1091.77 + 27210.3 = 28302.1 over 579 frames.
weather005_001 MAGANDANG ARAW PO SA ATING LAHAT NARITO ANG PINAKAHULING ULAT SA LAGAY NG ATING PANAHON NGAYONG ALAS SINGKO NG HAPON 
LOG (lattice-best-path[5.5.896~1-8a59]:main():lattice-best-path.cc:99) For utterance weather005_002, best cost 5505.18 + 121943 = 127448 over 2513 frames.
weather005_002 TATLONG WEATHER SYSTEM ANG SA KASALUKUYAN AY NAKAKAAPEKTO SA PHILIPPINE LAND MASS AT ISA NA NGA PO DIYAN YUNG TINATAWAG NATING TAIL END OF A COLD FRONT NA SA NGAYON AY NAKAKAAPEKTO SA SILANGANG BAHAGI NG CENTRAL AT SOUTHERN LUZON KAYAT ASAHAN PA RIN HO NATIN ANG MAHINA HANGGANG SA KATAMTAMANG MGA PAGULAN AT PAGKIDLAT PAGKULOG SA KAMAYNILAAN SA MGA LUGAR PO NG SOUTHERN LUZON EXCEPT FOR PALAWAN AT SA LALAWIGAN NG AURORA 
LOG (lattice-best-path[5.5.896~1-8a59]:main():lattice-best-path.cc:99) For utterance weather005_003, best cost 6261.3 + 127479 = 133740 over 2638 frames.
weather005_003 SAMANTALA TROUGH OF A LOW PRESSURE AREA NAMAN ITO PONG LOW PRESSURE AREA HANGGANG SA NGAYON AY NASA LABAS PA RIN ANG ATING PINAG PAR NGUNIT YUNG KANYANG TROUGH PO YUNG BUNTOT AY PATULOY NA NAKAKAAPEKTO SA EASTERN AH SECTION OF VISAYAS KAYAT ASAHAN PA RIN HO NATIN ANG MAHINA HANGGANG SA KATAMTAMANG MGA PAGULAN AT PAGKIDLAT PAGKULOG SA E SILANGANG KABISAYAAN KASAMA NA PO DIYAN ANG CARAGA AT DAVAO REGION AT SOCSARGEN REGION 
LOG (lattice-best-path[5.5.896~1-8a59]:main():lattice-best-path.cc:99) For utterance weather005_004, best cost 3817.87 + 80152.5 = 83970.4 over 1687 frames.
weather005_004 SA HILAGANG LUZON NAMAN AY PATULOY PA RING UMIIRAL ANG NORTH EAST MONSOON O YUNG HANGING AMIHAN KAYAT ASAHAN PA RIN NATIN NG MAHINANG MGA PAGULAN DOON SA REHIYON NG ILOCOS KASAMA PO DIYAN ANG CORDILLERA AT CAGAYAN VALLEY MAGING ANG NATITIRANG BAHAGI NG CENTRAL LUZON 
LOG (lattice-best-path[5.5.896~1-8a59]:main():lattice-best-path.cc:99) For utterance weather005_005, best cost 1867.66 + 41401.2 = 43268.9 over 885 frames.
weather005_005 SA NATITIRANG BAHAGI NAMAN NG ATING BANSA AY GENERALLY FAIR WEATHER PO TAYO NGAYON MALIBAN NA LAMANG SA MGA PULO-PULONG MGA PAGULAN O PAGKIDLAT PAGKULOG 
LOG (lattice-best-path[5.5.896~1-8a59]:main():lattice-best-path.cc:99) For utterance weather005_006, best cost 3584.94 + 86159.3 = 89744.2 over 1833 frames.
weather005_006 ANG ATING GALE WARNING AY NAKATAAS PA RIN PO SA NORTHERN AND WESTERN SECTION NG AH NORTHERN LUZON KAYAT SA MGA NABANGGIT KONG LUGAR AY HINDI PA RIN HO PINAPAYAGAN NG PHILIPPINE COAST GUARD NA PUMALAOT ANG ATING MGA KABABAYANG MANGINGISDA SAPAGKAT MAGIGING MAALON HANGGANG SA NAPAKAALON PA RIN PO NG MGA KARAGATAN DITO 
LOG (lattice-best-path[5.5.896~1-8a59]:main():lattice-best-path.cc:99) For utterance weather005_007, best cost 5378.6 + 132210 = 137589 over 2785 frames.
weather005_007 DUMAKO NAMAN TAYO SA MAGIGING TEMPERATURE FORECAST PO NATIN SA IBA'T IBANG LUGAR DITO SA PILIPINAS DITO NALAMANG SA METRO MANILA INAASAHAN NATING ANG MAGIGING AGWAT NG TEMPERATURA AY MULA SA TWENTY FOUR HANGGANG SA THIRTY DEGREES CELSIUS SA BAGUIO NAMAN AY MULA SA FIFTEEN HANGGANG SA TWENTY FOUR DEGREES CELSIUS SAMANTALANG SA TAGAYTAY AY MULA SA TWENTY TWO HANGGANG SA TWENTY SEVEN DEGREES CELSIUS AT SA PUERTO PRINCESA AY MULA SA TWENTY FOUR HANGGANG SA THIRTY TWO DEGREES CELSIUS 
LOG (lattice-best-path[5.5.896~1-8a59]:main():lattice-best-path.cc:99) For utterance weather005_008, best cost 3475.63 + 89761.2 = 93236.8 over 1862 frames.
weather005_008 METRO CEBU AY MULA SA TWENTY FIVE HANGGANG SA THIRTY ONE DEGREES CELSIUS SAMANTALA SA ILOILO AY MULA SA TWENTY FOUR HANGGANG THIRTY DEGREES CELSIUS ANG TINATAYANG MAGIGING AGWAT NG TEMPERATURA SAMANTALANG SA METRO DAVAO AY MULA SA TWENTY FIVE HANGGANG THIRTY DEGREES CELSIUS AT TWENTY FOUR HANGGANG THIRTY TWO DEGREES CELSIUS DOON SA ZAMBOANGA CITY 
LOG (lattice-best-path[5.5.896~1-8a59]:main():lattice-best-path.cc:99) For utterance weather005_009, best cost 2605.92 + 50311.2 = 52917.1 over 1057 frames.
weather005_009 ANG SUNRISE PO NATIN FOR TOMORROW INAASAHAN NATING SIX FOURTEEN IN THE MORNING MAGAGANAP SAMANTALA LULUBOG NAMAN ANG ARAW NATIN MAMAYA SA GANAP NA ALAS SINGKO BENTE NUEBE NG HAPON 
LOG (lattice-best-path[5.5.896~1-8a59]:main():lattice-best-path.cc:99) For utterance weather005_010, best cost 727.991 + 18155.1 = 18883.1 over 391 frames.
weather005_010 YAN ANG LATEST MULA DITO SA PAGASA ITO PO SI LORIDIN DELA CRUZ 
LOG (lattice-best-path[5.5.896~1-8a59]:main():lattice-best-path.cc:99) For utterance weather006_001, best cost 2746.8 + 54904.3 = 57651.1 over 1146 frames.
weather006_001 MAGANDANG HAPON SA ATING MGA TAGA PANOOD AT NANDITO PO ULIT TAYO PARA ALAMIN ANG NILALAMAN NG ATING FIVE PM WEATHER FORECAST NGAYONG ARAW NG BIYERNES DECEMBER SIXTEEN TWO THOUSAND SIXTEEN 
LOG (lattice-best-path[5.5.896~1-8a59]:main():lattice-best-path.cc:99) For utterance weather006_002, best cost 2290.58 + 45467.6 = 47758.2 over 966 frames.
weather006_002 MERON PO TAYONG TATLONG WEATHER SYSTEM NA NAKAKAAPEKTO DITO SA ATING BANSA ANG UNA PO AY ITONG NORTHEAST MONSOON NA NAKAKAAPEKTO PO YAN DITO SA MAY NORTHERN LUZON 
LOG (lattice-best-path[5.5.896~1-8a59]:main():lattice-best-path.cc:99) For utterance weather006_003, best cost 2764.26 + 52533.9 = 55298.2 over 1086 frames.
weather006_003 SAMANTALANG MERON PO TAYONG TAIL END OF A COLD PRONE O ETO PONG PAGSASALUBONG NG NORTHEAST MONSOON AT EASTERLIES NAKAKAAPEKTO NAMAN YAN DITO SA SILANGANG BAHAGI NG CENTRAL AND SOUTHERN LUZON 
LOG (lattice-best-path[5.5.896~1-8a59]:main():lattice-best-path.cc:99) For utterance weather006_004, best cost 2024.77 + 33742.8 = 35767.6 over 707 frames.
weather006_004 YUNG PANGATLONG WEATHER SYSTEM PO NATIN AY ITONG TROUGH NG LOW PRESSURE AREA NA NAKAKAAPEKTO NAMAN PO YAN DITO SA MAY MINDANAO 
LOG (lattice-best-path[5.5.896~1-8a59]:main():lattice-best-path.cc:99) For utterance weather006_005, best cost 1790.23 + 30062.8 = 31853 over 642 frames.
weather006_005 DAHIL DIYAN ALAMIN PO NATIN YUNG MAGIGING TAYA NG PANAHON NATIN SA LOOB O SA SUSUNOD NA BENTE QUATRO ORAS 
LOG (lattice-best-path[5.5.896~1-8a59]:main():lattice-best-path.cc:99) For utterance weather006_006, best cost 3844.7 + 79405.1 = 83249.8 over 1650 frames.
weather006_006 DITO PO SA PROBINSYA NG RIZAL AURORA QUEZON KASAMA NA PO YUNG BUONG KABIKULAN AT DITO SA DITO SA MAY SAMAR PROVINCES MAGKAKAROON TAYO NG MODERATE TO OCCASIONALLY HEAVY RAINS NA MAAARI PO YANG MAGDULOT NG FLASH FLOOD AND LANDSLIDE 
LOG (lattice-best-path[5.5.896~1-8a59]:main():lattice-best-path.cc:99) For utterance weather006_007, best cost 3346.86 + 81741 = 85087.8 over 1730 frames.
weather006_007 SAMANTALANG SA METRO MANILA SA NATITIRANG BAHAGI NG CALABARZON MIMAROPA NATITIRANG BAHAGI NG VISAYAS AT BUONG MINDANAO ASAHAN PO NATIN MAGIGING MAULAP ANG ATING KALANGITAN NA MAY KASAMA YANG MAHINA HANGGANG SA KATAMTAMANG MGA PAGULAN AT MGA PAGKIDLAT AT PAGKULOG 
LOG (lattice-best-path[5.5.896~1-8a59]:main():lattice-best-path.cc:99) For utterance weather006_008, best cost 3222 + 74724.9 = 77946.9 over 1571 frames.
weather006_008 SAMANTALA SA NATITIRANG BAHAGI NG LUZON ETO PONG REHIYON NG ILOCOS CORDILLERA CAGAYAN VALLEY NATITIRANG BAHAGI NG CENTRAL LUZON AY ASAHAN ANG PO NATIN MAGIGING MAULAP NA KALANGITAN NA MAY KASAMA LAMANG MGA MAHINANG MGA PAGULAN 
LOG (lattice-best-path[5.5.896~1-8a59]:main():lattice-best-path.cc:99) For utterance weather006_009, best cost 8029.07 + 173056 = 181085 over 3621 frames.
weather006_009 AT SILIPIN PO NATIN YUNG MAGIGING TAYA O MAGIGING AGWAT NG TEMPERATURA SA ILANG PILING LUGAR DITO PO SA METRO MANILA DAHIL PATULOY PA RIN NA MAKULIMLIM ANG ATING KALANGITAN YUNG RANGE PO NG TEMPERATURE NATIN AY NASA PAGITAN LAMANG NG TWENTY FOUR TO THIRTY DEGREES CELSIUS SA MAY BAGYO DAHIL PATULOY PA RIN PONG NAMAMAYANI ITONG NORTHEAST MONSOON ANG RANGE NG TEMPERATURE NG ATING INAASAHAN AY FIFTEEN TO TWENTY ONE DEGREES CELSIUS SA MAY TAGAYTAY NAMAN TWENTY ONE TO TWENTY SEVEN DEGREES CELSIUS SA MAY PUERTO PRINCESA ASAHAN PO NATIN TWENTY FOUR TO THIRTY ONE DEGREES 
LOG (lattice-best-path[5.5.896~1-8a59]:main():lattice-best-path.cc:99) For utterance weather006_010, best cost 4622.23 + 102276 = 106899 over 2167 frames.
weather006_010 SA ILANG LUGAR NAMAN PO SA MAY VISAYAS DITO PO SA METRO CEBU ANG INAASAHAN PO NATING AGWAT NG TEMPERATURA AY TWENTY FIVE TO THIRTY DEGREES CELSIUS SA MAY ILOILO TWENTY FIVE TO TWENTY NINE DEGREES CELSIUS SA MAY MINDANAO NAMAN PO ITONG DAVAO TWENTY FIVE TO THIRTY ONE DEGREES CELSIUS SA MAY ZAMBOANGA TWENTY FOUR TO THIRTY TWO DEGREES 
LOG (lattice-best-path[5.5.896~1-8a59]:main():lattice-best-path.cc:99) For utterance weather006_011, best cost 6099.98 + 134488 = 140588 over 2815 frames.
weather006_011 SILIPIN NAMAN PO NATIN YUNG MAGIGING TAYA NG ATING KARAGATAN PATULOY PA RIN PONG NAKATAAS ANG ATING GALE WARNING DITO PO SA SEABOARDS NG NORTHERN LUZON EASTERN SEABOARD NG CENTRAL LUZON EASTERN SEABOARD NG SOUTHERN LUZON AT EASTERN SEABOARD NG KABISAYAAN DAHIL DIYAN ASAHAN PO NATIN HINDI PO NATIN PINAPAYAGANG MAG LAYAG YUNG MALILIIT SASAKYANG PANDAGAT NGUNIT YUNG MGA MALALAKI NAMAN PO AY PINAPAYUHANG MAG INGAT SA MGA MALAPIT MALALAKING 
LOG (lattice-best-path[5.5.896~1-8a59]:main():lattice-best-path.cc:99) For utterance weather006_012, best cost 2390.05 + 43163.5 = 45553.6 over 903 frames.
weather006_012 AT ANG ATING ARAW INAASAHAN PO NATIN LULUBOG FIVE THIRTY NGAYONG HAPON SAMANTALANG BUKAS NG UMAGA SISIKAT NAMAN ITO SA FORTY SIX FOURTEEN 
LOG (lattice-best-path[5.5.896~1-8a59]:main():lattice-best-path.cc:99) For utterance weather006_013, best cost 8913.08 + 189815 = 198728 over 3873 frames.
weather006_013 AT PARA NAMAN PO SA MGA LATEST UPDATE TUNGKOL PO SA ATING PANAHON MAAARI PO NATING I FOLLOW ANG ATING TWITTER ACCOUNT PAG DOST UNDERSCORE PAGASA MAARI PO NATING I LIKE ANG ATING FACEBOOK ACCOUNT PAGASA DOT DOST DOT GOV DOT PH ANG ATING YOUTUBE NAMAN PO PAGASA TV MAARI RIN PO NATING BISITAHIN ANG ATING WEBSITE WW DA AT PAGASA DOT DOST DOT GOV DOT PH AT MULA NGA PO DITO SA WEATHER FORECASTING CENTER SHERY IGNACIO ISA PO SA MGA WEATHER FORECASTER NG PAGASA DOST NAG UULAT NAGBIBIGAY IMPORMASYON MARAMING SALAMAT PO SA INYONG PANONOOD HANGGANG SA MULI HAPPY WEEKEND 
LOG (lattice-best-path[5.5.896~1-8a59]:main():lattice-best-path.cc:99) For utterance weather007_001, best cost 1889.57 + 49809.5 = 51699 over 1058 frames.
weather007_001 MAGANDANG ARAW PO SA ATING LAHAT WELCOME SA WEATHER FORECASTING SECTION NG PAGASA AT NARITO NA NGA ANG LATEST SA LAGAY NG ATING PANAHON NGAYONG ARAW NG SABADO ALAS SINGKO NG HAPON 
LOG (lattice-best-path[5.5.896~1-8a59]:main():lattice-best-path.cc:99) For utterance weather007_002, best cost 2777.93 + 50445 = 53222.9 over 1027 frames.
weather007_002 DALAWANG WEATHER SYSTEM PA RIN ANG PATULOY NAGBIBIGAY O NAG CACAUSE NG MGA PAGULAN SA MALAKING BAHAGI PO NG ATING BANSA AT ISA NA NGA PO DIYAN YUNG TINATAWAG NATING TAIL END OF A COLD FAR 
LOG (lattice-best-path[5.5.896~1-8a59]:main():lattice-best-path.cc:99) For utterance weather007_003, best cost 2209.34 + 30646.9 = 32856.3 over 655 frames.
weather007_003 ITO PO YUNG BANG VALLEY SA PAGITAN NG DALAWANG MALAKING AIR MASS NA MALAKI PO ANG DIFFERENCE NG KANILANG TEMPERATURA 
LOG (lattice-best-path[5.5.896~1-8a59]:main():lattice-best-path.cc:99) For utterance weather007_004, best cost 7299.2 + 141293 = 148592 over 2935 frames.
weather007_004 KAYAT KUNG MAPAPANSIN PO NATIN KUMPARA PO NUNG MGA NAKARAANG ARAW AY BAHAGYANG BUMABA PO YUNG AXIS O ORIENTATION NETONG TAIL END NATIN KAYAT DOON PO SA KABIKULAN AT SA EASTERN VISAYAS AT SA SILANGANG KABISAYAAN AY PATULOY PONG MAKAKARANAS ANG ATING MGA KABABAYAN DOON NG KATAMTAMAN HANGGANG SA KUNG MINSAN AY MALAKAS NA MGA PAGULAN KAYAT DOBLENG INGAT PO TAYO DAHIL ANG GANITONG KLASENG INTENSITY NG PAGULAN AY PWEDE PONG MAG AH COAST NG MGA PAGBAHA AT PAGGUHO NG LUPA 
LOG (lattice-best-path[5.5.896~1-8a59]:main():lattice-best-path.cc:99) For utterance weather007_005, best cost 2003.68 + 36345.5 = 38349.2 over 767 frames.
weather007_005 SAMANTALA YUNG NORTHEAST MONSOON PA RIN PO NATIN O YUNG HANGING AMIHAN ANG PATULOY NA UMIIRAL SA NORTHERN AND CENTRAL LUZON 
LOG (lattice-best-path[5.5.896~1-8a59]:main():lattice-best-path.cc:99) For utterance weather007_006, best cost 3838.2 + 74546.8 = 78385 over 1584 frames.
weather007_006 KAYA DAHIL PO SA DALAWANG MALAKING WEATHER SYSTEM NA ITO HALOS BUONG LUZON PO KASAMA NA DIYAN ANG KABISAYAAN AT ANG MGA REHIYON NG CARAGA DAVAO AT SOCSARGEN AY MAGIGING MAULAP PO NA MAY MAHINA HANGGANG SA KATAMTAMANG MGA PAGULAN AT PAGKIDLAT PAGKULOG 
LOG (lattice-best-path[5.5.896~1-8a59]:main():lattice-best-path.cc:99) For utterance weather007_007, best cost 2467.34 + 49974.4 = 52441.8 over 1057 frames.
weather007_007 ULIT SA NALALABING BAHAGI NG ATING AH NG MINDANAO BUKAS NAMAN DAHIL GENERALLY FAIR WEATHER PO TAYO DOON MALIBAN NA LAMANG SA MGA PULO-PULONG MGA PAGULAN O PAGKIDLAT PAGKULOG 
LOG (lattice-best-path[5.5.896~1-8a59]:main():lattice-best-path.cc:99) For utterance weather007_008, best cost 1108.46 + 22877.8 = 23986.3 over 487 frames.
weather007_008 ANG ATING GALE WARNING AY NAKATAAS PA RIN PO SA MGA BAYBAYING DAGAT NG NORTHERN LUZON 
LOG (lattice-best-path[5.5.896~1-8a59]:main():lattice-best-path.cc:99) For utterance weather007_009, best cost 4895.07 + 111422 = 116317 over 2333 frames.
weather007_009 KASAMA PO DIYAN ANG EASTERN SEABOARD NG CENTRAL LUZON WHICH IS AURORA AT ANG EASTERN AND SOUTHERN SEABOARD PO NG SOUTHERN LUZON MAGING ANG MGA BAYBAYING DAGAT NG NORTHERN SAMAR AND EASTERN SAMAR KAYA SA MGA NABANGGIT KO PONG LUGAR AY HINDI PA RIN PINAPAYAGAN NG PHILIPPINE COAST GUARD NA PUMALAOT ANG ATING MGA KABABAYANG MANGINGISDA SAPAGKAT MAGIGING MAALON HANGGANG SA NAPAKAALON PO NG MGA KARAGATAN DOON 
LOG (lattice-best-path[5.5.896~1-8a59]:main():lattice-best-path.cc:99) For utterance weather007_010, best cost 1305.05 + 24722 = 26027.1 over 520 frames.
weather007_010 DUMAKO NAMAN PO TAYO SA MAGIGING AGWAT NG TEMPERATURA SA ILANG MGA PILING LUGAR DITO SA PILIPINAS 
LOG (lattice-best-path[5.5.896~1-8a59]:main():lattice-best-path.cc:99) For utterance weather007_011, best cost 3610.38 + 65973.8 = 69584.2 over 1369 frames.
weather007_011 DITO NALAMANG SA KAMAYNILAAN INAASAHAN ANG MAGIGING AGWAT NG TEMPERATURA AY MULA SA TWENTY FOUR HANGGANG SA TWENTY NINE DEGREES CELSIUS BHAGYA PONG BUMABA ANG MAXIMUM PO NATIN DAHIL NA NGA PO YAN SA ATING WEATHER CONDITION DITO NA MAULAP NA MAY MGA PAGULAN 
LOG (lattice-best-path[5.5.896~1-8a59]:main():lattice-best-path.cc:99) For utterance weather007_012, best cost 2331.74 + 51585.8 = 53917.6 over 1086 frames.
weather007_012 SAMANTALA SA BAGUIO AY MULA NAMAN SA FIFTEEN HANGGANG SA TWENTY ONE DEGREES CELSIUS ANG TINATAYANG MAGIGING AGWAT NG TEMPERATURA AT SA TAGAYTAY NAMAN AY MULA SA TWENTY HANGGANG SA TWENTY EIGHT DEGREES CELSIUS 
LOG (lattice-best-path[5.5.896~1-8a59]:main():lattice-best-path.cc:99) For utterance weather007_013, best cost 1049.76 + 24235.3 = 25285 over 524 frames.
weather007_013 SAMANTALA SA PUERTO PRINCESA AY MULA SA TWENTY FIVE HANGGANG SA THIRTY ONE DEGREES CELSIUS 
LOG (lattice-best-path[5.5.896~1-8a59]:main():lattice-best-path.cc:99) For utterance weather007_014, best cost 3974.14 + 96703.2 = 100677 over 2031 frames.
weather007_014 DUMAKO NAMAN TAYO SA CEBU INAASAHANG TWENTY FOUR HANGGANG SA THIRTY ANG TEMPERATURE RANGE SAMANTALANG SA MAY ILOILO CITY AY MULA SA TWENTY FIVE HANGGANG SA TWENTY NINE DEGREES CELSIUS DOON NAMAN SA METRO DAVAO AY MULA SA TWENTY FOUR HANGGANG SA THIRTY DEGREES CELSIUS AT SA ZAMBOANGA CITY NAMAN AY MULA SA TWENTY FOUR HANGGANG SA THIRTY ONE DEGREES CELSIUS 
LOG (lattice-best-path[5.5.896~1-8a59]:main():lattice-best-path.cc:99) For utterance weather007_015, best cost 2452.32 + 45249.6 = 47701.9 over 948 frames.
weather007_015 ANG ATIN PONG SUNSET TODAY AY INAASAHAN PONG FIVE THIRTY IN THE AFTERNOON SAMANTALANG ANG SA LESS PO NATIN BUKAS AY SIX FIFTEEN IN THE MORNING 
LOG (lattice-best-path[5.5.896~1-8a59]:main():lattice-best-path.cc:99) For utterance weather007_016, best cost 833.579 + 20906.7 = 21740.3 over 467 frames.
weather007_016 YAN HO MUNA ANG LATEST MULA DITO SA PAGASA ITO PO SI LORIDIN DELA CRUZ 
LOG (lattice-best-path[5.5.896~1-8a59]:main():lattice-best-path.cc:99) For utterance weather008_001, best cost 1134.47 + 29748.2 = 30882.6 over 638 frames.
weather008_001 MAGANDANG ARAW PO SA ATING LAHAT NARITO ANG PINAKAHULING ULAT SA LAGAY NG ATING PANAHON NGAYONG ALAS SINGKO NG HAPON 
LOG (lattice-best-path[5.5.896~1-8a59]:main():lattice-best-path.cc:99) For utterance weather008_002, best cost 2430.01 + 43203.6 = 45633.7 over 913 frames.
weather008_002 MERON TAYONG BINABANTAYANG ISANG LOW PRESSURE AREA SA LOOB PO NG ATING PA HOUR AT HULI ITONG NAMATAAN KANINA SA VICINITY NG BUENAVISTA QUEZON PROVINCE 
LOG (lattice-best-path[5.5.896~1-8a59]:main():lattice-best-path.cc:99) For utterance weather008_003, best cost 3666.06 + 76069.5 = 79735.6 over 1600 frames.
weather008_003 KAYAT SA MGA LALAWIGAN PO NG CAMARINES NORTE AT QUEZON AY PATULOY NATING PINAG IINGAT NG ATING MGA KABABAYAN MULA SA KATAMTAMAN HANGGANG SA KUNG MINSAN AY MALAKAS NA MGA PAGULAN AT PAGKIDLAT PAGKULOG NA MAARI PONG MAGDULOT NG MGA PAGBAHA O PAGGUHO NG LUPA 
LOG (lattice-best-path[5.5.896~1-8a59]:main():lattice-best-path.cc:99) For utterance weather008_004, best cost 4219.59 + 91191.8 = 95411.4 over 1921 frames.
weather008_004 SAMANTALA SA MGA LUGAR PO DITO SA SOUTHERN LUZON EXCEPT FOR PALAWAN KASAMA PO DIYAN ANG LUGAR NG NORTHERN SAMAR METRO MANILA AT MGA LALAWIGAN PO NG CAGAYAN ISABELA AT AURORA AY MAGIGING MAULAP DIN TAYO SA ARAW NA ITO NA MAY MAHINA HANGGANG SA KATAMTAMANG MGA PAGULAN AT PAGKIDLAT PAGKULOG 
LOG (lattice-best-path[5.5.896~1-8a59]:main():lattice-best-path.cc:99) For utterance weather008_005, best cost 5808.97 + 108165 = 113974 over 2236 frames.
weather008_005 DAHIL PO SA PREVAILING PA RIN ANG NORTH EAST MONSOON O YUNG HANGING AMIHAN AASAHAN PO NATIN NA SA ARAW NA ITO AY MAY MGA MAHINANG MGA PAGULAN PA RIN DOON SA MGA REHIYON NG NORTHERN LUZON SO YUN PO YUNG REGION NG ILOCOS KASAMA DIYAN ANG CORDILLERA REGION CAGAYAN VALLEY AT NATITIRANG BAHAGI PA PO NG CENTRAL LUZON KASAMA PO SILA SA PWEDENG MAAPEKTUHAN NG MGA MAHINANG MGA PAGULAN 
LOG (lattice-best-path[5.5.896~1-8a59]:main():lattice-best-path.cc:124) Overall cost per frame is 51.0348 = 2.3651 [graph] + 48.6697 [acoustic] over 178460 frames.
LOG (lattice-best-path[5.5.896~1-8a59]:main():lattice-best-path.cc:128) Done 142 lattices, failed for 0
# Accounting: time=2 threads=1
# Ended (code 0) at Sun May 16 21:00:19 CST 2021, elapsed time 2 seconds
