# lattice-best-path --lm-scale=9 --word-symbol-table=exp/tri3a/graph/words.txt "ark:gunzip -c exp/tri3a/decode/lat.*.gz|" ark,t:exp/tri3a/decode/scoring/9.tra 
# Started at Sun Apr  4 16:15:53 CST 2021
#
lattice-best-path --lm-scale=9 --word-symbol-table=exp/tri3a/graph/words.txt 'ark:gunzip -c exp/tri3a/decode/lat.*.gz|' ark,t:exp/tri3a/decode/scoring/9.tra 
LOG (lattice-best-path[5.5.896~1-8a59]:main():lattice-best-path.cc:99) For utterance weather029_006, best cost 2259.29 + 82076.2 = 84335.5 over 1125 frames.
weather029_006 SA LAYO NA SA ONE HUNDRED TEN KILOMETERS SILANGAN NG BALITA AURORA ANG BAGYONG PEPITO NA NAG ANG MAXIMUM SUSTAINED WINDS IS YAN AT ISANG KILOMETERS PER HOUR AT PAGBUGSO KUNG GUSTINESS NINETY KILOMETERS PER HOUR 
LOG (lattice-best-path[5.5.896~1-8a59]:main():lattice-best-path.cc:99) For utterance weather029_007, best cost 1103.17 + 41068.8 = 42172 over 553 frames.
weather029_007 BAHAGYANG BUMILIS ANG PAG KILOS DITO SA KAHIT I KILOMETERS PER HOUR PATUNGONG WEST NORTH WEST 
LOG (lattice-best-path[5.5.896~1-8a59]:main():lattice-best-path.cc:99) For utterance weather029_008, best cost 1657.66 + 45259.4 = 46917.1 over 578 frames.
weather029_008 SO FORECAST BAGYO YAN SI ANG TROUGH O DIN YUNG RAINS WEATHER FORECAST BUONG IS I ANG DOBOL YES 
LOG (lattice-best-path[5.5.896~1-8a59]:main():lattice-best-path.cc:99) For utterance weather029_009, best cost 1579.75 + 60628 = 62207.8 over 814 frames.
weather029_009 NAKIKITANG TUTUMBUKIN ITONG AURORA NGAYONG GABI AT AT KANINANG CENTRAL LUZON PO SOUTHERN QUEZON NG NORTHERN LUZON HANGGANG BUKAS NG MADALING NA ARAW O 
LOG (lattice-best-path[5.5.896~1-8a59]:main():lattice-best-path.cc:99) For utterance weather029_010, best cost 2181.78 + 120325 = 122507 over 1806 frames.
weather029_010 INAASAHAN ANG MALAKAS NA ULAN NGAYONG GABI SA AURORA ISABELA QUEZON BULACAN TARLAC CAMARINES NORTE NUEVA ECIJA NUEVA VIZCAYA QUIRINO RING LANG CAGAYAN CORDILLERA LA UNION ILOCOS SUR TARLAC PAMPANGA BATAAN ZAMBALES AT PANGASINAN 
LOG (lattice-best-path[5.5.896~1-8a59]:main():lattice-best-path.cc:99) For utterance weather031_010, best cost 5312.29 + 147374 = 152687 over 2714 frames.
weather031_010 AT BABA IBA ILANG BAGO SAMUEL ANG NA HALOS BUONG VISAYAS NA MAGDADALA NG PAULAN ANG MAULANG PANAHON DITO ANG PAGTAMA NITO SA MAY DINAGAT ISLAND JENNY KUNG HINDI MAGBABAGO YUNG KANYANG DIRECTION AY TATAMA DIN ITO DITO SA MAY LEYTE LALO SA BANSA NA LEYTE POSIBLENG DIYAN SA MAY BOHOL SIDE BUONG DIYAN SA MAY NEGROS ISLAND LALO SA MAY NEGROS OCCIDENTAL DADAAN NG ILOILO ANTIQUE EH PAPUNTA AN NINE NA PALAWAN AT PAPALABAS NGA O PAPUNTA NG WEST PHILIPPINE SEA 
LOG (lattice-best-path[5.5.896~1-8a59]:main():lattice-best-path.cc:99) For utterance weather031_011, best cost 3374.82 + 111800 = 115174 over 2081 frames.
weather031_011 KAYA MAGING I AM READY TO AT ANG MGA TAGA REHIYON NG CARAGA AT NORTHERN MINDANAO LALONG LALO NA I EASTERN VISAYAS YAN SAMAR LEYTE PROVINCES SA MAULANG MAGDAMAG NA BANTA PATULOY MGA KAPUSO HANGGANG BUKAS PO YAN YUN NAKIKITA NYONG PULA AT SA AH PINK NA YAN YAN YUNG MGA MATITINDING PAGULAN NA PWEDENG MARARANASAN SA MALAKING BAHAGI NG NA VISAYAS BUKAS 
LOG (lattice-best-path[5.5.896~1-8a59]:main():lattice-best-path.cc:99) For utterance weather031_012, best cost 1974.15 + 61262.8 = 63236.9 over 1128 frames.
weather031_012 MAGHAPON DIN MAULAN DIYAN SA MAY AH ZAMBOANGA AT DAVAO REGION AT SA BUONG VISAYAS BUKAS AT MAGING I AM READY PO SA BANTA RIN ANG NA LANDSLIDE AT BASE SA SA NIYAN MGA MALALAKAS AH PAGULAN 
LOG (lattice-best-path[5.5.896~1-8a59]:main():lattice-best-path.cc:99) For utterance weather031_013, best cost 1592.26 + 47284 = 48876.3 over 880 frames.
weather031_013 HABANG SA LUZON APEKTADO NAMAN ANG BAGYO ANG NG AH BICOL REGION MINDORO MARINDUQUE ROMBLON PERO YAN AY SIMULA NA ANG LANG BUKAS AH GABI 
LOG (lattice-best-path[5.5.896~1-8a59]:main():lattice-best-path.cc:99) For utterance weather031_014, best cost 1760.05 + 53034.3 = 54794.4 over 986 frames.
weather031_014 AT HINDI NAMAN APEKTADO NG BAGYO ANG AH NORTHERN AT CENTRAL LUZON TAMA BABALA NG MGA ANG TSANSANG UMULAN EH MGA MAHIHINANG PAGULAN DEL ISOLATED DIYAN SA MAY QUEZON AT AURORA PROVINCES 
LOG (lattice-best-path[5.5.896~1-8a59]:main():lattice-best-path.cc:99) For utterance weather031_015, best cost 1228.07 + 42698 = 43926 over 803 frames.
weather031_015 AT SA METRO MANILA MAGIGING MAULAP BUKAS PERO HALOS WALANG ULAN NA INAASAHAN DAHIL MGA KAPUSO MALAYO PO TAYO SA CENTRO NG BAGYO 
LOG (lattice-best-path[5.5.896~1-8a59]:main():lattice-best-path.cc:99) For utterance weather031_016, best cost 2178.16 + 59487.8 = 61665.9 over 1080 frames.
weather031_016 MATAAS NAMAN ANG ALON SA MGA LUGAR NA MAY SIGNAL YUNG MAY KULAY HIHINA ASUL NA YAN KASAMA NA ANG NG AH DAVAO ORIENTAL AT OCCIDENTAL NA ULAN SIGNAL PERO MALAKAS DIN INAASAHANG MGA PAGALON JESSICA 
LOG (lattice-best-path[5.5.896~1-8a59]:main():lattice-best-path.cc:99) For utterance weather031_017, best cost 3116.01 + 94967.7 = 98083.7 over 1550 frames.
weather031_017 MANG TANI ITO NA YUNG EPEKTO NA NG AMIHAN NO YUNG MGA BAGYO EH BIGLANG SA MABABANG PARTE NA NA NGA AT PILIPINAS TUMATAMA YUNG HABAGAT SA MID YUNG MATAAS NGAYON PO PABABA NA NG PABABA AMIHAN ONE O ONE MANG TANI A NA BANG PAGKAKAIBA NITO AMIHAN SA HABAGAT 
LOG (lattice-best-path[5.5.896~1-8a59]:main():lattice-best-path.cc:99) For utterance weather031_018, best cost 7717.65 + 255633 = 263351 over 4658 frames.
weather031_018 PERO NG UNA YUNG NG AH AMIHAN JESSICA DIYAN NA ITO YUNG HANGIN WALANG MASYADONG MOISTURE TEN MAPAPANSIN MO YUNG BAGYO MALAPIT NA PERO HALOS HINDI PA RAMDAM YUNG MGA PAGULAN PO TITINGNAN NA YUNG RAINFALL MAP JESSICA YUNG NA ULAN NA DARATING DITO SA TEN YUNG NA MAMAYANG GABI HALOS NANDYAN YUNG BAGYO PERO AH ANG HINDI PA RAMDAM YUNG ULAN AT YAN YUNG NA NGAYONG HANGING AMIHAN YUNG NORTHERN SA RIN NG BAGYO ANG MAS MAULAN KUMPARA DITO SA MAY SOUTHERN PA HINDI KATULAD PAG HANGING HABAGAT JESSICA SA MAY SOUTHWEST YUNG BAGYO KAHIT NANDITO SA MAY AH EASTERN SECTION MAULAN DOON SA MAY WESTERN SA RIN PAG YUNG NG AH WESTERN SA NYONG BAGUIO DAHIL NGA YUNG MGA HABAGAT NATIN MAS MARAMING MOISTURE 
LOG (lattice-best-path[5.5.896~1-8a59]:main():lattice-best-path.cc:99) For utterance weather031_019, best cost 1864.13 + 63537.7 = 65401.8 over 1111 frames.
weather031_019 SO ANG PAGKAKAIBA JESSICA PAGDATING SA AMIHAN HALOS WALANG MOISTURE KAYA HINDI NAGPAPALAKAS NG BAGYO YAN SAMANTALANG HABAGAT DAAN MARAMING DALANG TUBIG SIYA NAMAN I NAGPAPALAKAS NG BAGYO 
LOG (lattice-best-path[5.5.896~1-8a59]:main():lattice-best-path.cc:99) For utterance weather031_020, best cost 2715.6 + 80768.9 = 83484.5 over 1336 frames.
weather031_020 KAYA LANG YUNG MGA TUMAMANG BAGYO AT THIS MAY OF THE YEAR IBA'T DIN SA BABA O SA COMPOSTELA VALLEY SA AT ILIGAN MANG TANI MALALAKAS DIN AYON SENDONG AT TSAKA INYONG AT BAGYO KUNG NA INIT ANG LAGAY 
LOG (lattice-best-path[5.5.896~1-8a59]:main():lattice-best-path.cc:99) For utterance weather031_021, best cost 2703.91 + 79683.6 = 82387.5 over 1418 frames.
weather031_021 ANG GANYAN NAMAN KUNG TITINGNAN NATIN YUNG AH CITY KUNG SAAN MAY MGA BAGYO NA MALAYO PA LANG DITO SA ATIN NABUBUO UNA KAYA HABANG NA SA MAY KARAGATAN YAN NAKAKAKUHA SA NG LAKAS LALONG LALO KUNG MGA MASASABAYAN SA NG MAHINANG AMIHAN 
LOG (lattice-best-path[5.5.896~1-8a59]:main():lattice-best-path.cc:99) For utterance weather031_022, best cost 1743.48 + 55909.3 = 57652.8 over 966 frames.
weather031_022 KAPAL MAHINA YUNG AMIHAN MO TAPOS NANDITO KA PA LAMANG DAPAT PUMASOK SA PHILIPPINE AREA OF RESPONSIBILITY ISA KA NA NG GANAP NA BAGYO NANDUN YUNG PAGKAKATAONG LALO SIYANG LUMALAKAS 
LOG (lattice-best-path[5.5.896~1-8a59]:main():lattice-best-path.cc:99) For utterance weather031_023, best cost 4812.48 + 149573 = 154386 over 2611 frames.
weather031_023 NA NANDITO PALAWAN SA LABAS NG IIRAL AT MAHINA YUNG AMIHAN YAN NGAY AH LUMAKAS SIYA KAYA NAGING MAPAMINSALA SAMANTALANG ITO KASING SIYA SA WELL DITO NA LAMANG SIYA NAGING TROPICAL DEPRESSION MALAPIT NA TUMAMA SA LUPA KAYA HINDI CI AH GANUNG KALAKAS PERO YUNG ISANG YUNG NAKIKITA NATIN JESSICA AT NAPANSIN MO RIN PAGDATING NG LA SUR PERO DIN MAS KAKAUNTI YUNG BAGYO PERO MAS MADALAS TUMATAMA YANG KAYA NAGIGING MAS MAPAMINSALA 
LOG (lattice-best-path[5.5.896~1-8a59]:main():lattice-best-path.cc:99) For utterance weather031_024, best cost 3090.94 + 93236.3 = 96327.3 over 1483 frames.
weather031_024 O PARA SA PHYSICS DIN MANG TANI NO PAG MAS MARA MAS MAP MALAYO ANG PINANGGAGALINGAN DING YAN NAKAKAPAG DIN CI AH NA NG STRENGTH AT PONG DIN KUNG MAS MALAKAS YUNG PUWERSA NIYA KATULAD NAGING YAN YOLANDA ITONG SI SAMUEL MALAPIT NA SA PILIPINAS NABUO 
LOG (lattice-best-path[5.5.896~1-8a59]:main():lattice-best-path.cc:99) For utterance weather031_025, best cost 2769.76 + 93405.2 = 96175 over 1642 frames.
weather031_025 YES JESSICA KAYA ANG MAGIGING AH NIYA POSIBLE ISANG MAGING ISANG TROPICAL STORM BAHAGYANG LALAKAS BAGO TUMAMA SA KALUPAAN PERO DEFINITELY HINDI SIYA MAGIGING KASING LAKAS LALO MGA NAG AALALA NG ISANG SUPER TANI PONG O KATULAD NUNG MALA YOLANDANG BAGYO ANG PROBLEMA ILAN 
LOG (lattice-best-path[5.5.896~1-8a59]:main():lattice-best-path.cc:99) For utterance weather031_026, best cost 4467.38 + 153739 = 158206 over 2488 frames.
weather031_026 MAS AT JENNY TED YUNG MABABANG BAHAGI YUNG IBABANG BAHAGI NG ATING BANSA KESA YUNG AH TAAS NO KASI TSAKA DOON SA TAAS MERONG KANG CORDILLERA SIERRA MADRE MGA NG TEN RIN DIYES PAG TUMAMA YUNG BAGYO NA NGA KUNG RIN NA YUNG EPEKTO MANG TANI DITO SA BABA WALA TAYONG PARANG NAMANG TED DIN SEA NA AT HUMAHARANG DITO KASI PURO MGA PULO PULO O MGA ISLA ITONG MGA DADAANAN NIYA 
LOG (lattice-best-path[5.5.896~1-8a59]:main():lattice-best-path.cc:99) For utterance weather031_027, best cost 2427.84 + 66040.7 = 68468.6 over 1183 frames.
weather031_027 TAMA YAN DZ YAN PO TITINGNAN NATIN YUNG TRACK NUNG BAGYO NO PAG YAN EH TUMAMA SA MAY DINAGAT KAILAN ANG NANGYAYARI DIYAN JESSICA KUNG IKOCLOSE NA PO YAN PAGTAMA NYAN SA ISANG ISLA BABALIK ULI SA DAGAT 
LOG (lattice-best-path[5.5.896~1-8a59]:main():lattice-best-path.cc:99) For utterance weather031_028, best cost 3764.75 + 102262 = 106027 over 1800 frames.
weather031_028 SO KAHIT PAPAANO MAKAKAIPON NG LAKAS PAG TININGNAN MO YUNG CLOSE AT MANG FORECAST NA YAN JESSICA KADA TAMA NYAN SA ISLA DADAAN SA DAGAT POSIBLENG LUMAKAS NA LIKE TATAMA NA NAMAN SA ISLA DAGAT NA LAMANG NA LIKE SO YUNG KANYANG TAMA ASAHAN LUPA BABALIK SA DAGAT TED PAPAANO NA MAY MAY PILING LAKAS YAN 
LOG (lattice-best-path[5.5.896~1-8a59]:main():lattice-best-path.cc:99) For utterance weather031_029, best cost 2304.79 + 76232.1 = 78536.9 over 1297 frames.
weather031_029 B KATULAD KAPAG SA LUZON SA TUMAMA MALIBAN DOON SA BUNDOK MAG SIERRA MADRE YUNG MALAKING LANDMASS NG LUZON EH NAKAKATULONG PARA MABAWASAN YUNG PINANGGAGALINGAN IN YAN YAN NG ENERGY WHICH IS YUNG MOISTURE NA NASA DAGAT 
LOG (lattice-best-path[5.5.896~1-8a59]:main():lattice-best-path.cc:99) For utterance weather031_030, best cost 2200.24 + 69672 = 71872.2 over 1108 frames.
weather031_030 YAN SI AT TSAKA BATAY SA AT HISTORY TRACK RECORD NITONG MGA BAGYO AT SUSTAINED OF THE YEAR MANG TANI PARANG HULING HIRIT NILA EH KAYA MEDYO NAKAKATAKOT DIN ITONG MGA BAGYO TOWARDS AH DIN END OF NA YEAR 
LOG (lattice-best-path[5.5.896~1-8a59]:main():lattice-best-path.cc:99) For utterance weather031_031, best cost 3340.71 + 97135 = 100476 over 1664 frames.
weather031_031 YES JESSICA AT YAN YAN NA NABANGGIT MO ITO PURO KAYA NITO EH LEYTE YUNG BAGYO KASI KAHIT GAANO KALAKAS PAG TUMAMA DIYAN SA NORTE MAS KAKAUNTI YUNG TAO SO ITONG AT UP NANDYAN UUSAPAN NGAYON HINDI PO SIYA NAPAKALAKAS IN TERMS OF WIND PERO YUNG ULAN NA KAYA YUN DIN NG DAPAT NATING PAG INGATAN 
LOG (lattice-best-path[5.5.896~1-8a59]:main():lattice-best-path.cc:99) For utterance weather031_032, best cost 5826.88 + 162758 = 168585 over 2945 frames.
weather031_032 MARAMING MGA NAKATIRA DIYAN MARAMING NG AH MGA TAO DIYAN SA MGA ISLA NA YAN SO YUNG NA MAS WAG AT LANDSLIDE KAHIT PO DITO KALAKAS YUNG HANGIN NYAN EH NYONG DALA DALANG ULAN YAN JESSICA KUNG TITINGNAN MO YUNG AH RIN PAGULAN SA TEN MAS MARAMI YUNG KULAY NA PULA YUNG PINK AT YUNG NA YUNG ORANGE SO ITO SA B YAN MAS MARAMING LUGAR ANG MAKAKARANAS NUNG MALALAKAS NA PAGULAN LALO NA NGAYONG GABI HANGGANG BUKAS NG TROPICAL NATING JESSICA NGAYONG GABI I BUKAS NG DIYAN SA NG MIYERKULES NA ANG UMAGA 
LOG (lattice-best-path[5.5.896~1-8a59]:main():lattice-best-path.cc:99) For utterance weather031_033, best cost 5918.16 + 175290 = 181208 over 2873 frames.
weather031_033 AY DING HO BA YUNG MGA NA LANDSLIDE NA AREA SA NORTHERN LUZON YUNG IBA HINDI NAMAN KALAKASAN PERO NAGKA LANDSLIDE PA RIN SO YUNG MGA KABABAYAN PO NA TEN SA DADAANAN NG NITONG SI BAGYONG SAMUEL NA RING I IDENTIFIED NAMAN MANG TANI O MGA LANDSLIDE PRONE BATAY SA AT DIN YUNG AS AT MAP NG NAGI IN HA NYO ANG MATAGAL NA KUNG MERON YAN SO KUNG MALAPIT PO KAYO SA MGA BUBONG PO MALAPIT KAYO SA MGA I IDENTIFIED NA LANDSLIDE AREA PAG SINABING EVACUATE EVACUATE TO ARAW 
LOG (lattice-best-path[5.5.896~1-8a59]:main():lattice-best-path.cc:99) For utterance weather031_034, best cost 1946.88 + 49552.5 = 51499.4 over 865 frames.
weather031_034 TAMA YAN DIYAN SEA NA YAN YAN NO LALONG LALO NA ITONG NA ITONG MGA MGA PROBINSYA NA ANG LANDSLIDE PRONE YUNG LEYTE YUNG SA JENNY TED LEYTE MAGING YUNG SA CEBU 
LOG (lattice-best-path[5.5.896~1-8a59]:main():lattice-best-path.cc:99) For utterance weather031_035, best cost 6196.23 + 167567 = 173763 over 3006 frames.
weather031_035 AT ISA PA JESSICA LAST WE MID O MA ANG DIYAN LAND O PRESSURE AREA HINDI SA BAGYO PERO NAG PAULAN AT NAKA THREE NAKARANAS NG BAHA YUNG IBANG LUGAR SA SA MAY PANAY I ILAN AT DIYAN SA MAY AH MINDANAO KAYA BASA PA RIN YUNG LUPA DADAANAN ULI NG PANIBAGONG BAGYO NAMIN DALANG ULAN KAYA YUNG NA ANG PROBABILITY OR YUNG TSANSA MAG KAROON ANG MAS WAG PO LAGING AT NASA EH EH MAS MATAAS NGAYON DAHIL BINATILYO NA PO HUWEBES EASTERN NA NAGPAULAN DIYAN ANG ILANG ARAW LALO NA SA VISAYAS JESSICA 
LOG (lattice-best-path[5.5.896~1-8a59]:main():lattice-best-path.cc:99) For utterance weather031_036, best cost 1160.03 + 28787 = 29947.1 over 442 frames.
weather031_036 MARAMI SA LAHAT ANG KANYANG INA KANYANG CLOSE GMA RESIDENT NG TWO HUNDRED NEWS 
LOG (lattice-best-path[5.5.896~1-8a59]:main():lattice-best-path.cc:99) For utterance weather031_037, best cost 696.713 + 42010.3 = 42707 over 767 frames.
weather031_037 AT YAN ANG LATEST MULA SA GMA WEATHER AKO PO SI NATHANIEL CRUZ MAGPLANO PARA SIGURADO I AM READY SERBISYONG TOTOO NG GMA NEWS 
LOG (lattice-best-path[5.5.896~1-8a59]:main():lattice-best-path.cc:99) For utterance weather029_011, best cost 1197.64 + 45449.1 = 46646.7 over 642 frames.
weather029_011 BUKAS NG UMAGA NA PAG NASA DAGAT NA ANG CENTRO NG BAGYO POSIBLE PA RIN MAKARANAS NG MALAKAS NA ULAN ANG ZAMBALES 
LOG (lattice-best-path[5.5.896~1-8a59]:main():lattice-best-path.cc:99) For utterance weather029_012, best cost 2011.22 + 75189.2 = 77200.4 over 1063 frames.
weather029_012 ITO MAS SA METRO MANILA AT NATITIRANG BAHAGI NG AH LUZON INAASAHAN AT AT ANG TAMA NA MAY PAMINSAN MINSAN MALAKAS NA BUHOS NG ULAN NGAYONG GABI SI KO MARARANASAN ANG KANINANG HAPON 
LOG (lattice-best-path[5.5.896~1-8a59]:main():lattice-best-path.cc:99) For utterance weather029_013, best cost 1183.62 + 33107.1 = 34290.7 over 463 frames.
weather029_013 KESA YUNG NAUWI PARA ANG O BILIS INGAT PO TAYO LALO SO NGA NAKAMOTOR ANO 
LOG (lattice-best-path[5.5.896~1-8a59]:main():lattice-best-path.cc:99) For utterance weather029_014, best cost 3493.81 + 120452 = 123946 over 1694 frames.
weather029_014 BUKAS MAKAKAASA PA RIN TAYO NG MAG HAPONG MAULAP AT MAULANG PANAHON SA METRO MANILA PERO ITINAAS ANG IIRAL ANG ULAN KUMPARA NGAYONG ARAW LALONG LALO NA MO GABI TULAD NG HAPON O GABI MAKIKITA PRE TED MALIIT NA ANG PORSYENTO NG PAG ULAN NA SA SA NAGING PERCENT SAIS DOS RING 
LOG (lattice-best-path[5.5.896~1-8a59]:main():lattice-best-path.cc:99) For utterance weather029_015, best cost 1510.87 + 55069.5 = 56580.4 over 764 frames.
weather029_015 SA VISAYAS AT MINDANAO NAMAN MAY TSANSA PA RIN NG PAMINSAN MINSANG MAHINA PAGASA PANG TAMA NG ULAN NGAYONG GABI DAHIL SA TROUGH O BUNTOT NG BAGYO 
LOG (lattice-best-path[5.5.896~1-8a59]:main():lattice-best-path.cc:99) For utterance weather029_016, best cost 1748.14 + 69140.8 = 70888.9 over 977 frames.
weather029_016 BUKAS INAASAHANG BUBUTI NA PANAHON SA VISAYAS AT MINDANAO MAGING MALA AMA AT SILIPIN O BACOLOD AT DITO PO SA NORTHERN MINDANAO NAMANG TSANSA PA RIN NG THUNDERSTORMS 
LOG (lattice-best-path[5.5.896~1-8a59]:main():lattice-best-path.cc:99) For utterance weather029_017, best cost 660.169 + 21652.4 = 22312.6 over 295 frames.
weather029_017 TED BULLETIN ANG PANAHON MAG INGAT PO TAYO MGA KAPAMILYA 
LOG (lattice-best-path[5.5.896~1-8a59]:main():lattice-best-path.cc:99) For utterance weather030_001, best cost 935.963 + 32813.8 = 33749.8 over 521 frames.
weather030_001 MGA KAPUSO BUKAS NA PO MAG LALANDFALL ANG MATA NG BAGYO ROSITA DIYAN SA MAY ISABELA AURORA AREA AT 
LOG (lattice-best-path[5.5.896~1-8a59]:main():lattice-best-path.cc:99) For utterance weather030_002, best cost 587.877 + 20217.8 = 20805.6 over 344 frames.
weather030_002 NASA ILALIM NA RIN NG STORM SIGNALS ANG MALAKING BAHAGI NG LUZON 
LOG (lattice-best-path[5.5.896~1-8a59]:main():lattice-best-path.cc:99) For utterance weather030_003, best cost 436.657 + 9221.34 = 9658 over 153 frames.
weather030_003 KABILANG NA ANG AH NG METRO MANILA 
LOG (lattice-best-path[5.5.896~1-8a59]:main():lattice-best-path.cc:99) For utterance weather030_004, best cost 1437.91 + 56688 = 58125.9 over 869 frames.
weather030_004 NAGTAAS DELA ANG AH TROPICAL CYCLONE WARNING SIGNAL NA RITO EIGHT DIYAN SA MGA PROBINSYA ISABELA QUIRINO NORTHERN AURORA NUEVA VIZCAYAT IFUGAO 
LOG (lattice-best-path[5.5.896~1-8a59]:main():lattice-best-path.cc:99) For utterance weather030_005, best cost 1359.17 + 40181.9 = 41541.1 over 687 frames.
weather030_005 AT MULA PO NGAYONG GABI MGA KAPUSO DAM BUKAS EH NAPAKA SUNGIT NA LAGAY NG PANAHON NG INAASAHAN DIYAN SA MGA LUGAR NA NABANGGIT 
LOG (lattice-best-path[5.5.896~1-8a59]:main():lattice-best-path.cc:99) For utterance weather030_006, best cost 2759.6 + 114682 = 117442 over 1884 frames.
weather030_006 SIGNAL NUMBER TWO NAMAN DIYAN SA CAGAYAN ILOCOS NORTE APAYAO ABRA KALINGA ILOCOS SUR MANG TEN PROVINCE LA UNION DIN DI EH PANGASINAN TARLAC NUEVA ECIJA NORTHERN QUEZON KASAMA ANG POLILLO AH ILAN SOUTHERN AURORA ZAMBALES PAMPANGA AT BULACAN 
LOG (lattice-best-path[5.5.896~1-8a59]:main():lattice-best-path.cc:99) For utterance weather030_007, best cost 1007.15 + 31844.1 = 32851.3 over 523 frames.
weather030_007 PO SUNGIT NA LAGAY NG PANAHON DIN ANG INAASAHAN BUKA O MAMAYANG GABI HANGGANG BUKAS DIYAN SA MGA PROBINSYA NA YAN 
LOG (lattice-best-path[5.5.896~1-8a59]:main():lattice-best-path.cc:99) For utterance weather030_008, best cost 2161.73 + 86080.7 = 88242.4 over 1403 frames.
weather030_008 HABANG SIGNAL NA MERON NAMAN DITO SA METRO MANILA SA BATANES STROKE MAP AH ILAN KASAMA ANG BABUYAN GROUP OF ISLANDS RIZAL SOUTHERN QUEZON DIYAN SA MAY LAGUNA BATANGAS BATAAN CAVITE AT CAMARINES NORTE 
LOG (lattice-best-path[5.5.896~1-8a59]:main():lattice-best-path.cc:99) For utterance weather030_009, best cost 1146.98 + 40859.2 = 42006.2 over 687 frames.
weather030_009 MANG AH ULAN AT BUGSO NG HANGIN NAMAN ANG INAASAHAN SIMULA MAMAYA HANGGANG BUKAS SA MGA NABANGGIT NA LUGAR 
LOG (lattice-best-path[5.5.896~1-8a59]:main():lattice-best-path.cc:99) For utterance weather030_010, best cost 1544.03 + 61331.1 = 62875.2 over 1011 frames.
weather030_010 AYON SA PAGASA NASA LAYO NA LAMANG THREE HUNDRED TEN KILOMETERS DIYAN SA MAY SILANGAN HILAGANG SILANGAN O EAST NORTH EAST NG CASIGURAN AURORA ANG MATA ANG BAGYONG ROSITA 
LOG (lattice-best-path[5.5.896~1-8a59]:main():lattice-best-path.cc:99) For utterance weather030_011, best cost 2272.48 + 91629.8 = 93902.2 over 1456 frames.
weather030_011 AT TAGLAY NITO ANG NAPAKA LAKAS NG HANGIN NA ONE HUNDRED FIFTY KILOMETERS PER HOUR MALAPIT SA GITNA AT BUGSO NA HANGGANG ONE HUNDRED EIGHTY FIVE KILOMETERS PER AH OR AT KUMIKILOS ITO PAKANLURAN O WESTWARD SA BILIS NAMAN NA FIFTEEN KILOMETERS PER HOUR 
LOG (lattice-best-path[5.5.896~1-8a59]:main():lattice-best-path.cc:99) For utterance weather030_012, best cost 2054.66 + 66089.4 = 68144.1 over 1129 frames.
weather030_012 AT SA TRACK NG PAGASA BUKAS AH PULA NG UMAGA TATAMA DIYAN SA MAY SA JENNY SA MAY ILANG NORTHERN AURORA AREA YUNG BAGYO AT MAGHAPON DIN ITONG PATROL RIN ANG NG NORTHERN LUZON 
LOG (lattice-best-path[5.5.896~1-8a59]:main():lattice-best-path.cc:99) For utterance weather030_013, best cost 3087.05 + 116250 = 119337 over 1917 frames.
weather030_013 AT MGA KAPUSO AH MAGING I AM READY PO SA BANTA NG LANDSLIDE KASAMA NA RITO ANG NA DIN DEL AT ANG MGA PAGBAHA DAAN SA MALALAKAS NA ULAN LALONG LALO NA DOS AH MGA DADAANAN NG AH BAGUIO ITONG ISABELA AURORA YANG QUIRINO NUEVA VIZCAYA IFUGAO BENGUET LA UNION AT POSIBLENG ANG PANGASINAN 
LOG (lattice-best-path[5.5.896~1-8a59]:main():lattice-best-path.cc:99) For utterance weather030_014, best cost 2955.06 + 102704 = 105659 over 1744 frames.
weather030_014 MATAAS ILANG ALON SA HALOS BUONG LUZON MULA YAN SA MAY AH BATANGAS ANG NANDITO SA MAY AH CAGAYAN VALLEY ILOCOS REGION DIYAN SA MAY EASTERN VISAYAS YANG NORTHERN LIKE EASTERN SAMAR KASAMA NA ANG EASTERN MINDANAO DAHIL NAMAN PO YAN SA PINAGSANIB EPEKTO NUNG BAGYO AT NA NG MALAKAS NA AMIHAN 
LOG (lattice-best-path[5.5.896~1-8a59]:main():lattice-best-path.cc:99) For utterance weather030_015, best cost 1952.63 + 72527.5 = 74480.2 over 1159 frames.
weather030_015 MAY BANTA RIN ANG STORM STORM DIYAN SA MGA PROBINSYA NA ISABELA ANG KANYANG YAN DIYAN SA MAY AURORA ILOCOS SUR ILOCOS NORTE AT LA UNION NA POSIBLENG UMABOT NA ANG TATLONG METRO 
LOG (lattice-best-path[5.5.896~1-8a59]:main():lattice-best-path.cc:99) For utterance weather030_016, best cost 1359.64 + 56926.4 = 58286 over 924 frames.
weather030_016 HINDI NAMAN APEKTADO NG BAGYO ANG VISAYAS AT MINDANAO KANINA KAPUSO AH MALALAKAS NA ULAN DITO SA MAY LUZON LALONG LALO NA SA NORTHERN AT CENTRAL LUZON 
LOG (lattice-best-path[5.5.896~1-8a59]:main():lattice-best-path.cc:99) For utterance weather030_017, best cost 636.216 + 43030.8 = 43667 over 740 frames.
weather030_017 AT YAN ANG LATEST MULA SA GMA WEATHER AKO PO SI NATHANIEL CRUZ MAGPLANO PARA SIGURADO I AM READY SERBISYONG TOTOO NG GMA NEWS 
LOG (lattice-best-path[5.5.896~1-8a59]:main():lattice-best-path.cc:99) For utterance weather031_001, best cost 1266.1 + 54487.8 = 55753.9 over 851 frames.
weather031_001 RIZAL BAGYONG ANG NASA LOOB NGAYON NA NG PHILIPPINE AREA OF RESPONSIBILITY ANG BAGYONG SAMUEL NA INAASAHANG TATAMA SA ILANG LUGAR SA BANSA 
LOG (lattice-best-path[5.5.896~1-8a59]:main():lattice-best-path.cc:99) For utterance weather031_002, best cost 1384.19 + 44042.5 = 45426.7 over 675 frames.
weather031_002 ALAMIN PO NATIN ANG LATEST SA LAGAY NG PALAWAN BULACAN GMA RESIDENT ITO MARTES NA KANYANG CLOSE MANG TANI 
LOG (lattice-best-path[5.5.896~1-8a59]:main():lattice-best-path.cc:99) For utterance weather031_003, best cost 902.139 + 32998.7 = 33900.8 over 560 frames.
weather031_003 SALAMAT JESSICA MGA KAPUSO MAGING I AM READY PO SA MAULANG PANAHON ANG MGA TAGA VISAYAS AT MINDANAO 
LOG (lattice-best-path[5.5.896~1-8a59]:main():lattice-best-path.cc:99) For utterance weather031_004, best cost 1237.42 + 37804.4 = 39041.8 over 642 frames.
weather031_004 SIMULA NGAYONG GABI AT YAN AY DAHIL SA PAPALAPIT NA TROPICAL DEPRESSION SAMUEL ANG UNANG BAGYO SA PINAG NGAYONG NOBYEMBRE 
LOG (lattice-best-path[5.5.896~1-8a59]:main():lattice-best-path.cc:99) For utterance weather031_005, best cost 1688.4 + 62560.5 = 64248.9 over 1094 frames.
weather031_005 NAKATAAS ANG STORM SIGNAL NUMBER ONE DIYAN SA MGA PROBINSYA NG SURIGAO DEL NORTE SABADO DAM STORM AGUSAN DEL NORTE AGUSAN DEL SUR DINAGAT ISLAND MISAMIS ORIENTAL AT CAMIGUIN SA MINDANAO 
LOG (lattice-best-path[5.5.896~1-8a59]:main():lattice-best-path.cc:99) For utterance weather031_006, best cost 2017.23 + 81839.2 = 83856.4 over 1508 frames.
weather031_006 SIGNAL NUMBER ONE DIN SA MAY AH SAMAR EASTERN SAMAR BILIRAN LEYTE SOUTHERN LEYTE DIYAN SA BOHOL SI BUONG SIQUIJOR NEGROS ORIENTAL AT NEGROS OCCIDENTAL SA VISAYAS AT SA MASBATE SA LUZON 
LOG (lattice-best-path[5.5.896~1-8a59]:main():lattice-best-path.cc:99) For utterance weather031_007, best cost 2444.59 + 86651.4 = 89095.9 over 1529 frames.
weather031_007 NAMATAAN ANG CENTRO NG TROPICAL DEPRESSION SAMUEL SA LAYO LAMANG FIVE HUNDRED FIVE KILOMETERS DIYAN SA MAY SILANGAN NG HINATUAN SURIGAO DEL SUR AT TAGLAY NITO ANG LAKAS NG HANGING YAN EIGHTY FIVE KILOMETERS PER AH OR MALA SA GITNA AT BUGSO NA HANGGANG SIXTY FIVE KILOMETERS PER HOUR 
LOG (lattice-best-path[5.5.896~1-8a59]:main():lattice-best-path.cc:99) For utterance weather031_008, best cost 1056.22 + 38531.8 = 39588 over 713 frames.
weather031_008 AT INAASAHAN NA KIKILOS ITO PAHILAGANG KANLURAN O NORTHWEST SA BILIS NAMAN NA TWENTY FIVE KILOMETERS PER HOUR 
LOG (lattice-best-path[5.5.896~1-8a59]:main():lattice-best-path.cc:99) For utterance weather031_009, best cost 2178.12 + 70387.9 = 72566 over 1289 frames.
weather031_009 AT SA FORECAST TRACK NG PAGASA EH POSIBLENG TUMAMA DIYAN SA MAY DINAGAT ISLAND O SA MAY AH POSIBLE SA LEYTE ANG AH CENTRO NG BAGYO SAMUEL BUKAS PO YAN AT MAY TSANSA RIN NA LUMAKAS NA ITO BAGO MAG LANDFALL 
LOG (lattice-best-path[5.5.896~1-8a59]:main():lattice-best-path.cc:124) Overall cost per frame is 61.5884 = 1.80063 [graph] + 59.7878 [acoustic] over 83671 frames.
LOG (lattice-best-path[5.5.896~1-8a59]:main():lattice-best-path.cc:128) Done 66 lattices, failed for 0
# Accounting: time=1 threads=1
# Ended (code 0) at Sun Apr  4 16:15:54 CST 2021, elapsed time 1 seconds
