# gunzip -c exp/tri3a/decode/depth_tmp.*.gz | steps/diagnostic/analyze_lattice_depth_stats.py exp/tri3a/graph exp/tri3a/decode/ali_frame_tmp.gz 
# Started at Sun Apr  4 16:15:52 CST 2021
#
The total amount of data analyzed assuming 100 frames per second is 0.2 hours
Overall, lattice depth (10,50,90-percentile)=(1,2,7) and mean=3.3
Nonsilence phones as a group account for 85.4% of frames, with lattice depth (10,50,90-percentile)=(1,1,7) and mean=3.3
Phone SIL accounts for 14.6% of frames, with lattice depth (10,50,90-percentile)=(1,2,7) and mean=3.7
Phone 6_I accounts for 7.5% of frames, with lattice depth (10,50,90-percentile)=(1,1,7) and mean=3.0
Phone i_I accounts for 4.2% of frames, with lattice depth (10,50,90-percentile)=(1,2,8) and mean=3.7
Phone a_I accounts for 3.3% of frames, with lattice depth (10,50,90-percentile)=(1,1,6) and mean=2.8
Phone 6_E accounts for 3.1% of frames, with lattice depth (10,50,90-percentile)=(1,2,9) and mean=4.3
Phone n_E accounts for 3.1% of frames, with lattice depth (10,50,90-percentile)=(1,2,9) and mean=3.7
Phone s_B accounts for 3.0% of frames, with lattice depth (10,50,90-percentile)=(1,1,6) and mean=3.1
Phone N_E accounts for 2.9% of frames, with lattice depth (10,50,90-percentile)=(1,2,10) and mean=4.5
Phone s_I accounts for 2.5% of frames, with lattice depth (10,50,90-percentile)=(1,1,5) and mean=2.4
Phone o_E accounts for 2.5% of frames, with lattice depth (10,50,90-percentile)=(1,2,8) and mean=3.5
Phone o_I accounts for 2.4% of frames, with lattice depth (10,50,90-percentile)=(1,1,5) and mean=2.4
Phone s_E accounts for 2.4% of frames, with lattice depth (10,50,90-percentile)=(1,1,6) and mean=2.8
Phone e_I accounts for 2.3% of frames, with lattice depth (10,50,90-percentile)=(1,1,6) and mean=2.7
Phone l_I accounts for 2.2% of frames, with lattice depth (10,50,90-percentile)=(1,1,5) and mean=2.4
Phone t_I accounts for 2.1% of frames, with lattice depth (10,50,90-percentile)=(1,1,6) and mean=2.9
Phone m_B accounts for 1.8% of frames, with lattice depth (10,50,90-percentile)=(1,2,8) and mean=3.3
Phone u_I accounts for 1.8% of frames, with lattice depth (10,50,90-percentile)=(1,1,7) and mean=2.8
Phone r_I accounts for 1.8% of frames, with lattice depth (10,50,90-percentile)=(1,1,5) and mean=2.3
Phone n_I accounts for 1.7% of frames, with lattice depth (10,50,90-percentile)=(1,1,6) and mean=2.6
Phone g_I accounts for 1.7% of frames, with lattice depth (10,50,90-percentile)=(1,1,5) and mean=2.9
Phone n_B accounts for 1.6% of frames, with lattice depth (10,50,90-percentile)=(1,2,11) and mean=4.4
Phone 6_B accounts for 1.6% of frames, with lattice depth (10,50,90-percentile)=(1,2,11) and mean=4.3
Phone a_E accounts for 1.5% of frames, with lattice depth (10,50,90-percentile)=(1,2,7) and mean=3.4
Phone p_B accounts for 1.5% of frames, with lattice depth (10,50,90-percentile)=(1,2,8) and mean=3.5
Phone j_I accounts for 1.4% of frames, with lattice depth (10,50,90-percentile)=(1,2,9) and mean=3.3
Phone m_I accounts for 1.4% of frames, with lattice depth (10,50,90-percentile)=(1,1,6) and mean=2.6
Phone k_I accounts for 1.3% of frames, with lattice depth (10,50,90-percentile)=(1,1,6) and mean=2.5
Phone t_E accounts for 1.1% of frames, with lattice depth (10,50,90-percentile)=(1,1,7) and mean=3.5
Phone b_B accounts for 1.1% of frames, with lattice depth (10,50,90-percentile)=(1,1,6) and mean=2.9
Phone N_S accounts for 1.1% of frames, with lattice depth (10,50,90-percentile)=(1,3,11) and mean=4.5
Phone j_B accounts for 1.0% of frames, with lattice depth (10,50,90-percentile)=(1,2,13) and mean=5.6
Phone b_I accounts for 1.0% of frames, with lattice depth (10,50,90-percentile)=(1,1,5) and mean=2.6
Phone i_E accounts for 0.9% of frames, with lattice depth (10,50,90-percentile)=(1,1,9) and mean=3.4
Phone k_B accounts for 0.9% of frames, with lattice depth (10,50,90-percentile)=(1,2,7) and mean=3.5
Phone p_I accounts for 0.9% of frames, with lattice depth (10,50,90-percentile)=(1,1,5) and mean=2.4
Phone d_B accounts for 0.8% of frames, with lattice depth (10,50,90-percentile)=(1,2,10) and mean=4.0
Phone l_B accounts for 0.8% of frames, with lattice depth (10,50,90-percentile)=(1,2,11) and mean=4.6
Phone i_B accounts for 0.8% of frames, with lattice depth (10,50,90-percentile)=(1,2,7) and mean=4.0
Phone t_B accounts for 0.7% of frames, with lattice depth (10,50,90-percentile)=(1,2,10) and mean=3.6
Phone N_I accounts for 0.7% of frames, with lattice depth (10,50,90-percentile)=(1,1,5) and mean=2.6
Phone d_I accounts for 0.7% of frames, with lattice depth (10,50,90-percentile)=(1,1,4) and mean=2.0
Phone r_E accounts for 0.6% of frames, with lattice depth (10,50,90-percentile)=(1,1,4) and mean=2.1
Phone j_E accounts for 0.6% of frames, with lattice depth (10,50,90-percentile)=(1,1,4) and mean=2.5
Phone 6_S accounts for 0.5% of frames, with lattice depth (10,50,90-percentile)=(1,5,9) and mean=5.1
# Accounting: time=0 threads=1
# Ended (code 0) at Sun Apr  4 16:15:52 CST 2021, elapsed time 0 seconds
