# gmm-latgen-faster --max-active=7000 "--beam=13.0" --lattice-beam=6.0 --acoustic-scale=0.083333 --allow-partial=true --word-symbol-table=exp/tri3a/graph/words.txt exp/tri3a/final.mdl exp/tri3a/graph/HCLG.fst "ark,s,cs:apply-cmvn  --utt2spk=ark:data/test/split16/3/utt2spk scp:data/test/split16/3/cmvn.scp scp:data/test/split16/3/feats.scp ark:- | splice-feats  ark:- ark:- | transform-feats exp/tri3a/final.mat ark:- ark:- |" "ark:|gzip -c > exp/tri3a/decode/lat.3.gz" 
# Started at Sun Apr  4 16:15:31 CST 2021
#
gmm-latgen-faster --max-active=7000 '--beam=13.0' --lattice-beam=6.0 --acoustic-scale=0.083333 --allow-partial=true --word-symbol-table=exp/tri3a/graph/words.txt exp/tri3a/final.mdl exp/tri3a/graph/HCLG.fst 'ark,s,cs:apply-cmvn  --utt2spk=ark:data/test/split16/3/utt2spk scp:data/test/split16/3/cmvn.scp scp:data/test/split16/3/feats.scp ark:- | splice-feats  ark:- ark:- | transform-feats exp/tri3a/final.mat ark:- ark:- |' 'ark:|gzip -c > exp/tri3a/decode/lat.3.gz' 
transform-feats exp/tri3a/final.mat ark:- ark:- 
apply-cmvn --utt2spk=ark:data/test/split16/3/utt2spk scp:data/test/split16/3/cmvn.scp scp:data/test/split16/3/feats.scp ark:- 
splice-feats ark:- ark:- 
LOG (apply-cmvn[5.5.896~1-8a59]:main():apply-cmvn.cc:162) Applied cepstral mean normalization to 4 utterances, errors on 0
weather029_015 SA VISAYAS AT MINDANAO NAMAN MAY TSANSA PA RIN NG PAMINSAN MINSANG MAHINA PAGASA KATAMTAMANG ULAN NGAYONG GABI DAHIL SA TROUGH O BUNTOT NG BAGYO 
LOG (gmm-latgen-faster[5.5.896~1-8a59]:DecodeUtteranceLatticeFaster():decoder-wrappers.cc:375) Log-like per frame for utterance weather029_015 is -6.22315 over 764 frames.
weather029_016 BUKAS INAASAHANG BUBUTI NA PANAHON SA VISAYAS AT MINDANAO MAGING MALA AMA AT SILIPIN O BACOLOD AT DITO PO SA NORTHERN MINDANAO NAMANG TSANSA PA RIN NG THUNDERSTORMS 
LOG (gmm-latgen-faster[5.5.896~1-8a59]:DecodeUtteranceLatticeFaster():decoder-wrappers.cc:375) Log-like per frame for utterance weather029_016 is -6.09615 over 977 frames.
weather029_017 TED BULLETIN ANG PANAHON MAG INGAT PO TAYO MGA KAPAMILYA 
LOG (gmm-latgen-faster[5.5.896~1-8a59]:DecodeUtteranceLatticeFaster():decoder-wrappers.cc:375) Log-like per frame for utterance weather029_017 is -6.36512 over 295 frames.
LOG (transform-feats[5.5.896~1-8a59]:main():transform-feats.cc:158) Overall average [pseudo-]logdet is -88.4635 over 2557 frames.
LOG (transform-feats[5.5.896~1-8a59]:main():transform-feats.cc:161) Applied transform to 4 utterances; 0 had errors.
weather030_001 MGA KAPUSO BUKAS NA PO MAG LALANDFALL ANG MATA NG BAGYO ROSITA DIYAN SA MAY ISABELA AURORA AREA AT 
LOG (gmm-latgen-faster[5.5.896~1-8a59]:DecodeUtteranceLatticeFaster():decoder-wrappers.cc:375) Log-like per frame for utterance weather030_001 is -5.44812 over 521 frames.
LOG (gmm-latgen-faster[5.5.896~1-8a59]:main():gmm-latgen-faster.cc:176) Time taken 4.43897s: real-time factor assuming 100 frames/sec is 0.173601
LOG (gmm-latgen-faster[5.5.896~1-8a59]:main():gmm-latgen-faster.cc:179) Done 4 utterances, failed for 0
LOG (gmm-latgen-faster[5.5.896~1-8a59]:main():gmm-latgen-faster.cc:181) Overall log-likelihood per frame is -6.03309 over 2557 frames.
# Accounting: time=5 threads=1
# Ended (code 0) at Sun Apr  4 16:15:36 CST 2021, elapsed time 5 seconds
