# gmm-latgen-faster --max-active=7000 "--beam=13.0" --lattice-beam=6.0 --acoustic-scale=0.083333 --allow-partial=true --word-symbol-table=exp/tri3a/graph/words.txt exp/tri3a/final.mdl exp/tri3a/graph/HCLG.fst "ark,s,cs:apply-cmvn  --utt2spk=ark:data/test/split16/13/utt2spk scp:data/test/split16/13/cmvn.scp scp:data/test/split16/13/feats.scp ark:- | splice-feats  ark:- ark:- | transform-feats exp/tri3a/final.mat ark:- ark:- |" "ark:|gzip -c > exp/tri3a/decode/lat.13.gz" 
# Started at Sun Apr  4 16:15:31 CST 2021
#
gmm-latgen-faster --max-active=7000 '--beam=13.0' --lattice-beam=6.0 --acoustic-scale=0.083333 --allow-partial=true --word-symbol-table=exp/tri3a/graph/words.txt exp/tri3a/final.mdl exp/tri3a/graph/HCLG.fst 'ark,s,cs:apply-cmvn  --utt2spk=ark:data/test/split16/13/utt2spk scp:data/test/split16/13/cmvn.scp scp:data/test/split16/13/feats.scp ark:- | splice-feats  ark:- ark:- | transform-feats exp/tri3a/final.mat ark:- ark:- |' 'ark:|gzip -c > exp/tri3a/decode/lat.13.gz' 
transform-feats exp/tri3a/final.mat ark:- ark:- 
splice-feats ark:- ark:- 
apply-cmvn --utt2spk=ark:data/test/split16/13/utt2spk scp:data/test/split16/13/cmvn.scp scp:data/test/split16/13/feats.scp ark:- 
weather031_022 KAPAL MAHINA YUNG AMIHAN MO TAPOS NANDITO KA PA LAMANG DAPAT PUMASOK SA PHILIPPINE AREA OF RESPONSIBILITY ISA KA NG GANAP NA BAGYO NANDUN YUNG PAGKAKATAONG LALO SIYANG LUMALAKAS 
LOG (gmm-latgen-faster[5.5.896~1-8a59]:DecodeUtteranceLatticeFaster():decoder-wrappers.cc:375) Log-like per frame for utterance weather031_022 is -5.02329 over 966 frames.
LOG (apply-cmvn[5.5.896~1-8a59]:main():apply-cmvn.cc:162) Applied cepstral mean normalization to 4 utterances, errors on 0
weather031_023 NA NANDITO PALAWAN SA LABAS NG IIRAL AT MAHINA YUNG AMIHAN NA MAY AH LUMAKAS SIYA KAYA NAGING MAPAMINSALA SAMANTALA ITO KASING SIYA SAMUEL DITO NA LAMANG SIYA NAGING TROPICAL DEPRESSION MALAPIT NA TUMAMA SA LUPA KAYA HINDI CI AH GANUNG KALAKAS PERO YUNG ISANG YUNG NAKIKITA NATIN JESSICA AT NAPANSIN MO RIN PAGDATING NG LA SUR PERO DIN MAS KAKAUNTI YUNG BAGYO PERO MAS MADALAS TUMATAMA YAN KAYA NAGIGING MAS MAPAMINSALA 
LOG (gmm-latgen-faster[5.5.896~1-8a59]:DecodeUtteranceLatticeFaster():decoder-wrappers.cc:375) Log-like per frame for utterance weather031_023 is -4.97662 over 2611 frames.
weather031_024 O PARA SA PHYSICS DIN MANG TANI NO PAG MAS MARA MAS MAP MALAYO ANG PINANGGAGALINGAN DING YAN NAKAKAPAG DIN CI AH NA NG STRENGTH AT MOMENTUM MAS MALAKAS YUNG PUWERSA NIYA KATULAD NAGING YAN YOLANDA ITONG SI SAMUEL MALAPIT NA SA PILIPINAS NABUO 
LOG (gmm-latgen-faster[5.5.896~1-8a59]:DecodeUtteranceLatticeFaster():decoder-wrappers.cc:375) Log-like per frame for utterance weather031_024 is -5.46974 over 1483 frames.
LOG (transform-feats[5.5.896~1-8a59]:main():transform-feats.cc:158) Overall average [pseudo-]logdet is -88.4635 over 6702 frames.
LOG (transform-feats[5.5.896~1-8a59]:main():transform-feats.cc:161) Applied transform to 4 utterances; 0 had errors.
weather031_025 YES JESSICA KAYA ANG MAGIGING AH NIYA POSIBLE ISANG MAGING ISANG TROPICAL STORM BAHAGYANG LALAKAS BAGO TUMAMA SA KALUPAAN PERO DEFINITELY HINDI SIYA MAGIGING KASING LAKAS LALO MGA NAG AALALA NG ISANG SUPER TANI PONG O KATULAD NUNG MALA YOLANDANG BAGYO ANG PROBLEMA LANG 
LOG (gmm-latgen-faster[5.5.896~1-8a59]:DecodeUtteranceLatticeFaster():decoder-wrappers.cc:375) Log-like per frame for utterance weather031_025 is -4.9278 over 1642 frames.
LOG (gmm-latgen-faster[5.5.896~1-8a59]:main():gmm-latgen-faster.cc:176) Time taken 13.2408s: real-time factor assuming 100 frames/sec is 0.197566
LOG (gmm-latgen-faster[5.5.896~1-8a59]:main():gmm-latgen-faster.cc:179) Done 4 utterances, failed for 0
LOG (gmm-latgen-faster[5.5.896~1-8a59]:main():gmm-latgen-faster.cc:181) Overall log-likelihood per frame is -5.0805 over 6702 frames.
# Accounting: time=14 threads=1
# Ended (code 0) at Sun Apr  4 16:15:45 CST 2021, elapsed time 14 seconds
