# lattice-determinize-pruned --acoustic-scale=0.083333 --beam=4.0 "ark:gunzip -c exp/tri3a/decode/lat.tmp.6.gz|" ark:- | lattice-to-post --acoustic-scale=0.083333 ark:- ark:- | weight-silence-post 0.01 1:2:3:4:5:6:7:8:9:10 exp/tri3a/final.mdl ark:- ark:- | gmm-est-fmllr --fmllr-update-type=full --spk2utt=ark:data/test/split16/6/spk2utt exp/tri3a/final.mdl "ark,s,cs:apply-cmvn  --utt2spk=ark:data/test/split16/6/utt2spk scp:data/test/split16/6/cmvn.scp scp:data/test/split16/6/feats.scp ark:- | splice-feats --left-context=3 --right-context=3 ark:- ark:- | transform-feats exp/tri3a/final.mat ark:- ark:- | transform-feats --utt2spk=ark:data/test/split16/6/utt2spk ark:exp/tri3a/decode/pre_trans.6 ark:- ark:- |" ark,s,cs:- ark:exp/tri3a/decode/trans_tmp.6 && compose-transforms --b-is-affine=true ark:exp/tri3a/decode/trans_tmp.6 ark:exp/tri3a/decode/pre_trans.6 ark:exp/tri3a/decode/trans.6 
# Started at Sun May 16 20:59:51 CST 2021
#
weight-silence-post 0.01 1:2:3:4:5:6:7:8:9:10 exp/tri3a/final.mdl ark:- ark:- 
gmm-est-fmllr --fmllr-update-type=full --spk2utt=ark:data/test/split16/6/spk2utt exp/tri3a/final.mdl 'ark,s,cs:apply-cmvn  --utt2spk=ark:data/test/split16/6/utt2spk scp:data/test/split16/6/cmvn.scp scp:data/test/split16/6/feats.scp ark:- | splice-feats --left-context=3 --right-context=3 ark:- ark:- | transform-feats exp/tri3a/final.mat ark:- ark:- | transform-feats --utt2spk=ark:data/test/split16/6/utt2spk ark:exp/tri3a/decode/pre_trans.6 ark:- ark:- |' ark,s,cs:- ark:exp/tri3a/decode/trans_tmp.6 
lattice-determinize-pruned --acoustic-scale=0.083333 --beam=4.0 'ark:gunzip -c exp/tri3a/decode/lat.tmp.6.gz|' ark:- 
lattice-to-post --acoustic-scale=0.083333 ark:- ark:- 
apply-cmvn --utt2spk=ark:data/test/split16/6/utt2spk scp:data/test/split16/6/cmvn.scp scp:data/test/split16/6/feats.scp ark:- 
transform-feats --utt2spk=ark:data/test/split16/6/utt2spk ark:exp/tri3a/decode/pre_trans.6 ark:- ark:- 
splice-feats --left-context=3 --right-context=3 ark:- ark:- 
transform-feats exp/tri3a/final.mat ark:- ark:- 
WARNING (gmm-est-fmllr[5.5.896~1-8a59]:Update():fmllr-diag-gmm.cc:162) Not updating fMLLR since below min-count: count is 384.07
LOG (gmm-est-fmllr[5.5.896~1-8a59]:main():gmm-est-fmllr.cc:143) For speaker weather005_010, auxf-impr from fMLLR is 0, over 384.07 frames.
LOG (gmm-est-fmllr[5.5.896~1-8a59]:ComputeFmllrMatrixDiagGmmFull():fmllr-diag-gmm.cc:262) fMLLR objf improvement is 0.44909 per frame over 1082.64 frames.
LOG (gmm-est-fmllr[5.5.896~1-8a59]:main():gmm-est-fmllr.cc:143) For speaker weather006_001, auxf-impr from fMLLR is 0.44909, over 1082.64 frames.
LOG (gmm-est-fmllr[5.5.896~1-8a59]:ComputeFmllrMatrixDiagGmmFull():fmllr-diag-gmm.cc:262) fMLLR objf improvement is 0.327975 per frame over 915.51 frames.
LOG (gmm-est-fmllr[5.5.896~1-8a59]:main():gmm-est-fmllr.cc:143) For speaker weather006_002, auxf-impr from fMLLR is 0.327975, over 915.51 frames.
LOG (gmm-est-fmllr[5.5.896~1-8a59]:ComputeFmllrMatrixDiagGmmFull():fmllr-diag-gmm.cc:262) fMLLR objf improvement is 0.37077 per frame over 998.88 frames.
LOG (gmm-est-fmllr[5.5.896~1-8a59]:main():gmm-est-fmllr.cc:143) For speaker weather006_003, auxf-impr from fMLLR is 0.37077, over 998.88 frames.
LOG (gmm-est-fmllr[5.5.896~1-8a59]:ComputeFmllrMatrixDiagGmmFull():fmllr-diag-gmm.cc:262) fMLLR objf improvement is 0.446177 per frame over 670.37 frames.
LOG (gmm-est-fmllr[5.5.896~1-8a59]:main():gmm-est-fmllr.cc:143) For speaker weather006_004, auxf-impr from fMLLR is 0.446177, over 670.37 frames.
LOG (lattice-determinize-pruned[5.5.896~1-8a59]:main():lattice-determinize-pruned.cc:159) Average input-lattice depth (measured at at state level) is 7.44908, output depth is 1.12428, over 9889 frames  (average num-frames = 1098.78).
LOG (lattice-determinize-pruned[5.5.896~1-8a59]:main():lattice-determinize-pruned.cc:164) Done 9 lattices, determinization finished earlier than specified by the beam (or output was empty) on 0 of these.
LOG (lattice-to-post[5.5.896~1-8a59]:main():lattice-to-post.cc:106) Overall average log-like/frame is -4.04581 over 9889 frames.  Average acoustic like/frame is -3.89982
LOG (lattice-to-post[5.5.896~1-8a59]:main():lattice-to-post.cc:110) Done 9 lattices.
LOG (gmm-est-fmllr[5.5.896~1-8a59]:ComputeFmllrMatrixDiagGmmFull():fmllr-diag-gmm.cc:262) fMLLR objf improvement is 0.502351 per frame over 624.412 frames.
LOG (gmm-est-fmllr[5.5.896~1-8a59]:main():gmm-est-fmllr.cc:143) For speaker weather006_005, auxf-impr from fMLLR is 0.502351, over 624.412 frames.
LOG (weight-silence-post[5.5.896~1-8a59]:main():weight-silence-post.cc:95) Done 9 posteriors.
LOG (apply-cmvn[5.5.896~1-8a59]:main():apply-cmvn.cc:162) Applied cepstral mean normalization to 9 utterances, errors on 0
LOG (gmm-est-fmllr[5.5.896~1-8a59]:ComputeFmllrMatrixDiagGmmFull():fmllr-diag-gmm.cc:262) fMLLR objf improvement is 0.346041 per frame over 1460.62 frames.
LOG (gmm-est-fmllr[5.5.896~1-8a59]:main():gmm-est-fmllr.cc:143) For speaker weather006_006, auxf-impr from fMLLR is 0.346041, over 1460.62 frames.
LOG (transform-feats[5.5.896~1-8a59]:main():transform-feats.cc:158) Overall average [pseudo-]logdet is -83.7749 over 9889 frames.
LOG (transform-feats[5.5.896~1-8a59]:main():transform-feats.cc:161) Applied transform to 9 utterances; 0 had errors.
LOG (gmm-est-fmllr[5.5.896~1-8a59]:ComputeFmllrMatrixDiagGmmFull():fmllr-diag-gmm.cc:262) fMLLR objf improvement is 0.288465 per frame over 1547.84 frames.
LOG (gmm-est-fmllr[5.5.896~1-8a59]:main():gmm-est-fmllr.cc:143) For speaker weather006_007, auxf-impr from fMLLR is 0.288465, over 1547.84 frames.
LOG (transform-feats[5.5.896~1-8a59]:main():transform-feats.cc:158) Overall average logdet is 7.24117 over 9889 frames.
LOG (transform-feats[5.5.896~1-8a59]:main():transform-feats.cc:161) Applied transform to 9 utterances; 0 had errors.
LOG (gmm-est-fmllr[5.5.896~1-8a59]:ComputeFmllrMatrixDiagGmmFull():fmllr-diag-gmm.cc:262) fMLLR objf improvement is 0.344004 per frame over 1405.48 frames.
LOG (gmm-est-fmllr[5.5.896~1-8a59]:main():gmm-est-fmllr.cc:143) For speaker weather006_008, auxf-impr from fMLLR is 0.344004, over 1405.48 frames.
LOG (gmm-est-fmllr[5.5.896~1-8a59]:main():gmm-est-fmllr.cc:188) Done 9 files, 0 with no posts, 0 with other errors.
LOG (gmm-est-fmllr[5.5.896~1-8a59]:main():gmm-est-fmllr.cc:190) Overall fMLLR auxf impr per frame is 0.352595 over 9089.83 frames.
compose-transforms --b-is-affine=true ark:exp/tri3a/decode/trans_tmp.6 ark:exp/tri3a/decode/pre_trans.6 ark:exp/tri3a/decode/trans.6 
# Accounting: time=6 threads=1
# Ended (code 0) at Sun May 16 20:59:58 CST 2021, elapsed time 6 seconds
