# lattice-determinize-pruned --acoustic-scale=0.083333 --beam=4.0 "ark:gunzip -c exp/tri3a/decode/lat.tmp.10.gz|" ark:- | lattice-to-post --acoustic-scale=0.083333 ark:- ark:- | weight-silence-post 0.01 1:2:3:4:5:6:7:8:9:10 exp/tri3a/final.mdl ark:- ark:- | gmm-est-fmllr --fmllr-update-type=full --spk2utt=ark:data/test/split16/10/spk2utt exp/tri3a/final.mdl "ark,s,cs:apply-cmvn  --utt2spk=ark:data/test/split16/10/utt2spk scp:data/test/split16/10/cmvn.scp scp:data/test/split16/10/feats.scp ark:- | splice-feats --left-context=3 --right-context=3 ark:- ark:- | transform-feats exp/tri3a/final.mat ark:- ark:- | transform-feats --utt2spk=ark:data/test/split16/10/utt2spk ark:exp/tri3a/decode/pre_trans.10 ark:- ark:- |" ark,s,cs:- ark:exp/tri3a/decode/trans_tmp.10 && compose-transforms --b-is-affine=true ark:exp/tri3a/decode/trans_tmp.10 ark:exp/tri3a/decode/pre_trans.10 ark:exp/tri3a/decode/trans.10 
# Started at Sun May 16 20:59:51 CST 2021
#
lattice-determinize-pruned --acoustic-scale=0.083333 --beam=4.0 'ark:gunzip -c exp/tri3a/decode/lat.tmp.10.gz|' ark:- 
weight-silence-post 0.01 1:2:3:4:5:6:7:8:9:10 exp/tri3a/final.mdl ark:- ark:- 
gmm-est-fmllr --fmllr-update-type=full --spk2utt=ark:data/test/split16/10/spk2utt exp/tri3a/final.mdl 'ark,s,cs:apply-cmvn  --utt2spk=ark:data/test/split16/10/utt2spk scp:data/test/split16/10/cmvn.scp scp:data/test/split16/10/feats.scp ark:- | splice-feats --left-context=3 --right-context=3 ark:- ark:- | transform-feats exp/tri3a/final.mat ark:- ark:- | transform-feats --utt2spk=ark:data/test/split16/10/utt2spk ark:exp/tri3a/decode/pre_trans.10 ark:- ark:- |' ark,s,cs:- ark:exp/tri3a/decode/trans_tmp.10 
lattice-to-post --acoustic-scale=0.083333 ark:- ark:- 
transform-feats exp/tri3a/final.mat ark:- ark:- 
apply-cmvn --utt2spk=ark:data/test/split16/10/utt2spk scp:data/test/split16/10/cmvn.scp scp:data/test/split16/10/feats.scp ark:- 
transform-feats --utt2spk=ark:data/test/split16/10/utt2spk ark:exp/tri3a/decode/pre_trans.10 ark:- ark:- 
splice-feats --left-context=3 --right-context=3 ark:- ark:- 
WARNING (gmm-est-fmllr[5.5.896~1-8a59]:Update():fmllr-diag-gmm.cc:162) Not updating fMLLR since below min-count: count is 234.03
LOG (gmm-est-fmllr[5.5.896~1-8a59]:main():gmm-est-fmllr.cc:143) For speaker weather008_006, auxf-impr from fMLLR is 0, over 234.03 frames.
LOG (gmm-est-fmllr[5.5.896~1-8a59]:ComputeFmllrMatrixDiagGmmFull():fmllr-diag-gmm.cc:262) fMLLR objf improvement is 0.291504 per frame over 921.79 frames.
LOG (gmm-est-fmllr[5.5.896~1-8a59]:main():gmm-est-fmllr.cc:143) For speaker weather008_007, auxf-impr from fMLLR is 0.291504, over 921.79 frames.
LOG (gmm-est-fmllr[5.5.896~1-8a59]:ComputeFmllrMatrixDiagGmmFull():fmllr-diag-gmm.cc:262) fMLLR objf improvement is 0.396086 per frame over 915.75 frames.
LOG (gmm-est-fmllr[5.5.896~1-8a59]:main():gmm-est-fmllr.cc:143) For speaker weather008_008, auxf-impr from fMLLR is 0.396086, over 915.75 frames.
LOG (lattice-determinize-pruned[5.5.896~1-8a59]:main():lattice-determinize-pruned.cc:159) Average input-lattice depth (measured at at state level) is 8.18989, output depth is 1.30916, over 9432 frames  (average num-frames = 1048).
LOG (lattice-determinize-pruned[5.5.896~1-8a59]:main():lattice-determinize-pruned.cc:164) Done 9 lattices, determinization finished earlier than specified by the beam (or output was empty) on 0 of these.
LOG (lattice-to-post[5.5.896~1-8a59]:main():lattice-to-post.cc:106) Overall average log-like/frame is -4.04993 over 9432 frames.  Average acoustic like/frame is -3.91323
LOG (lattice-to-post[5.5.896~1-8a59]:main():lattice-to-post.cc:110) Done 9 lattices.
LOG (gmm-est-fmllr[5.5.896~1-8a59]:ComputeFmllrMatrixDiagGmmFull():fmllr-diag-gmm.cc:262) fMLLR objf improvement is 0.366786 per frame over 1054.59 frames.
LOG (gmm-est-fmllr[5.5.896~1-8a59]:main():gmm-est-fmllr.cc:143) For speaker weather008_009, auxf-impr from fMLLR is 0.366786, over 1054.59 frames.
LOG (apply-cmvn[5.5.896~1-8a59]:main():apply-cmvn.cc:162) Applied cepstral mean normalization to 9 utterances, errors on 0
LOG (weight-silence-post[5.5.896~1-8a59]:main():weight-silence-post.cc:95) Done 9 posteriors.
LOG (gmm-est-fmllr[5.5.896~1-8a59]:ComputeFmllrMatrixDiagGmmFull():fmllr-diag-gmm.cc:262) fMLLR objf improvement is 0.157323 per frame over 2505.39 frames.
LOG (gmm-est-fmllr[5.5.896~1-8a59]:main():gmm-est-fmllr.cc:143) For speaker weather008_010, auxf-impr from fMLLR is 0.157323, over 2505.39 frames.
LOG (gmm-est-fmllr[5.5.896~1-8a59]:ComputeFmllrMatrixDiagGmmFull():fmllr-diag-gmm.cc:262) fMLLR objf improvement is 0.258062 per frame over 1095.75 frames.
LOG (gmm-est-fmllr[5.5.896~1-8a59]:main():gmm-est-fmllr.cc:143) For speaker weather008_011, auxf-impr from fMLLR is 0.258062, over 1095.75 frames.
LOG (gmm-est-fmllr[5.5.896~1-8a59]:ComputeFmllrMatrixDiagGmmFull():fmllr-diag-gmm.cc:262) fMLLR objf improvement is 0.234833 per frame over 827.55 frames.
LOG (gmm-est-fmllr[5.5.896~1-8a59]:main():gmm-est-fmllr.cc:143) For speaker weather008_012, auxf-impr from fMLLR is 0.234833, over 827.55 frames.
LOG (transform-feats[5.5.896~1-8a59]:main():transform-feats.cc:158) Overall average [pseudo-]logdet is -83.7749 over 9432 frames.
LOG (transform-feats[5.5.896~1-8a59]:main():transform-feats.cc:161) Applied transform to 9 utterances; 0 had errors.
LOG (gmm-est-fmllr[5.5.896~1-8a59]:ComputeFmllrMatrixDiagGmmFull():fmllr-diag-gmm.cc:262) fMLLR objf improvement is 0.464625 per frame over 670.715 frames.
LOG (gmm-est-fmllr[5.5.896~1-8a59]:main():gmm-est-fmllr.cc:143) For speaker weather008_013, auxf-impr from fMLLR is 0.464625, over 670.715 frames.
LOG (transform-feats[5.5.896~1-8a59]:main():transform-feats.cc:158) Overall average logdet is 8.51103 over 9432 frames.
LOG (transform-feats[5.5.896~1-8a59]:main():transform-feats.cc:161) Applied transform to 9 utterances; 0 had errors.
WARNING (gmm-est-fmllr[5.5.896~1-8a59]:Update():fmllr-diag-gmm.cc:162) Not updating fMLLR since below min-count: count is 475.38
LOG (gmm-est-fmllr[5.5.896~1-8a59]:main():gmm-est-fmllr.cc:143) For speaker weather008_014, auxf-impr from fMLLR is 0, over 475.38 frames.
LOG (gmm-est-fmllr[5.5.896~1-8a59]:main():gmm-est-fmllr.cc:188) Done 9 files, 0 with no posts, 0 with other errors.
LOG (gmm-est-fmllr[5.5.896~1-8a59]:main():gmm-est-fmllr.cc:190) Overall fMLLR auxf impr per frame is 0.252975 over 8700.95 frames.
compose-transforms --b-is-affine=true ark:exp/tri3a/decode/trans_tmp.10 ark:exp/tri3a/decode/pre_trans.10 ark:exp/tri3a/decode/trans.10 
# Accounting: time=7 threads=1
# Ended (code 0) at Sun May 16 20:59:58 CST 2021, elapsed time 7 seconds
