# gmm-latgen-faster --max-active=7000 "--beam=13.0" --lattice-beam=6.0 --acoustic-scale=0.083333 --allow-partial=true --word-symbol-table=exp/tri2a/graph/words.txt exp/tri2a/final.mdl exp/tri2a/graph/HCLG.fst "ark,s,cs:apply-cmvn  --utt2spk=ark:data/test/split16/2/utt2spk scp:data/test/split16/2/cmvn.scp scp:data/test/split16/2/feats.scp ark:- | add-deltas  ark:- ark:- |" "ark:|gzip -c > exp/tri2a/decode/lat.2.gz" 
# Started at Sat Apr  3 18:06:42 CST 2021
#
gmm-latgen-faster --max-active=7000 '--beam=13.0' --lattice-beam=6.0 --acoustic-scale=0.083333 --allow-partial=true --word-symbol-table=exp/tri2a/graph/words.txt exp/tri2a/final.mdl exp/tri2a/graph/HCLG.fst 'ark,s,cs:apply-cmvn  --utt2spk=ark:data/test/split16/2/utt2spk scp:data/test/split16/2/cmvn.scp scp:data/test/split16/2/feats.scp ark:- | add-deltas  ark:- ark:- |' 'ark:|gzip -c > exp/tri2a/decode/lat.2.gz' 
add-deltas ark:- ark:- 
apply-cmvn --utt2spk=ark:data/test/split16/2/utt2spk scp:data/test/split16/2/cmvn.scp scp:data/test/split16/2/feats.scp ark:- 
weather029_011 BUKAS NG UMAGA KAPAG NASA DAGAT NA ANG CENTRO NG BAGYO POSIBLE PA RIN MAKARANAS NG MALAKAS NA ULAN ANG ZAMBALES 
LOG (gmm-latgen-faster[5.5.896~1-8a59]:DecodeUtteranceLatticeFaster():decoder-wrappers.cc:375) Log-like per frame for utterance weather029_011 is -10.0344 over 642 frames.
weather029_012 NAMAN SA METRO MANILA AT NATITIRANG BAHAGI NG LUZON INAASAHAN AT AH TATAMA NA MAY PAMINSAN MINSAN MALAKAS NA BUHOS NG ULAN NGAYONG GABI TULAD NAUNA NA NASA LAYONG KANINANG HAPON 
LOG (gmm-latgen-faster[5.5.896~1-8a59]:DecodeUtteranceLatticeFaster():decoder-wrappers.cc:375) Log-like per frame for utterance weather029_012 is -10.1166 over 1063 frames.
LOG (apply-cmvn[5.5.896~1-8a59]:main():apply-cmvn.cc:162) Applied cepstral mean normalization to 4 utterances, errors on 0
weather029_013 KESA TAMA UUWI PALARONG TUBIG DIN AT HEAT LAYO NA ANYOS MGA NAKAMOTOR O NO 
LOG (gmm-latgen-faster[5.5.896~1-8a59]:DecodeUtteranceLatticeFaster():decoder-wrappers.cc:375) Log-like per frame for utterance weather029_013 is -10.0518 over 463 frames.
weather029_014 BUKAS MAKAKAASA PA RIN TAYO NG MAGHAPONG MAULAP AT MAULAN PANAHON SA METRO MANILA PERO INAASAHANG HIHINA ANG ULAN KUMPARA NGAYONG ARAW LALONG LALO NA PO NATIN UNA NG HAPON O GABI MAKIKITA PO NATING MALIIT NA ANG PORSYENTO NG PAG ULAN NA SA SOUTHERN DIN RESIDENT SAAN SI SINAIT 
LOG (gmm-latgen-faster[5.5.896~1-8a59]:DecodeUtteranceLatticeFaster():decoder-wrappers.cc:375) Log-like per frame for utterance weather029_014 is -10.0872 over 1694 frames.
LOG (gmm-latgen-faster[5.5.896~1-8a59]:main():gmm-latgen-faster.cc:176) Time taken 17.189s: real-time factor assuming 100 frames/sec is 0.445079
LOG (gmm-latgen-faster[5.5.896~1-8a59]:main():gmm-latgen-faster.cc:179) Done 4 utterances, failed for 0
LOG (gmm-latgen-faster[5.5.896~1-8a59]:main():gmm-latgen-faster.cc:181) Overall log-likelihood per frame is -10.0823 over 3862 frames.
# Accounting: time=19 threads=1
# Ended (code 0) at Sat Apr  3 18:07:01 CST 2021, elapsed time 19 seconds
