# gmm-latgen-faster --max-active=7000 "--beam=13.0" --lattice-beam=6.0 --acoustic-scale=0.083333 --allow-partial=true --word-symbol-table=exp/tri2a/graph/words.txt exp/tri2a/final.mdl exp/tri2a/graph/HCLG.fst "ark,s,cs:apply-cmvn  --utt2spk=ark:data/test/split16/6/utt2spk scp:data/test/split16/6/cmvn.scp scp:data/test/split16/6/feats.scp ark:- | add-deltas  ark:- ark:- |" "ark:|gzip -c > exp/tri2a/decode/lat.6.gz" 
# Started at Sat Apr  3 18:06:42 CST 2021
#
gmm-latgen-faster --max-active=7000 '--beam=13.0' --lattice-beam=6.0 --acoustic-scale=0.083333 --allow-partial=true --word-symbol-table=exp/tri2a/graph/words.txt exp/tri2a/final.mdl exp/tri2a/graph/HCLG.fst 'ark,s,cs:apply-cmvn  --utt2spk=ark:data/test/split16/6/utt2spk scp:data/test/split16/6/cmvn.scp scp:data/test/split16/6/feats.scp ark:- | add-deltas  ark:- ark:- |' 'ark:|gzip -c > exp/tri2a/decode/lat.6.gz' 
apply-cmvn --utt2spk=ark:data/test/split16/6/utt2spk scp:data/test/split16/6/cmvn.scp scp:data/test/split16/6/feats.scp ark:- 
add-deltas ark:- ark:- 
weather030_010 AYON SA PAGASA NASA LAYO NA LAMANG THREE HUNDRED TEN KILOMETERS DIYAN SA MAY SILANGAN HILAGANG SILANGAN O EAST NORTH EAST NG CASIGURAN AURORA ANG MATA NG BAGYO ROSITA 
LOG (gmm-latgen-faster[5.5.896~1-8a59]:DecodeUtteranceLatticeFaster():decoder-wrappers.cc:375) Log-like per frame for utterance weather030_010 is -9.17891 over 1011 frames.
weather030_011 AT TAGLAY NITO ANG NAPAKA LAKAS AH HANGIN NA ONE HUNDRED FIFTY KILOMETERS PER HOUR MULA SA GITNA AT BUGSO NA HANGGANG ONE HUNDRED EIGHTY FIVE KILOMETERS PER HOUR AT KUMIKILOS ITO PAKANLURAN O WESTWARD SA BILIS NAMAN NA FIFTEEN KILOMETERS PER HOUR 
LOG (gmm-latgen-faster[5.5.896~1-8a59]:DecodeUtteranceLatticeFaster():decoder-wrappers.cc:375) Log-like per frame for utterance weather030_011 is -9.41044 over 1456 frames.
LOG (apply-cmvn[5.5.896~1-8a59]:main():apply-cmvn.cc:162) Applied cepstral mean normalization to 4 utterances, errors on 0
weather030_012 AT SA TRACK NG PAGASA BUKAS NA PO NG UMAGA TATAMA DIYAN SA MAY SA MAY SA MAY LANG HO NORTHERN AURORA AREA YUNG BAGYO AT MAGHAPON DIN ITONG PAPAULAN RIN ANG NORTHERN LUZON 
LOG (gmm-latgen-faster[5.5.896~1-8a59]:DecodeUtteranceLatticeFaster():decoder-wrappers.cc:375) Log-like per frame for utterance weather030_012 is -9.08143 over 1129 frames.
weather030_013 AT MGA KAPUSO AH MAGING I AM READY PO SA BANTA NG ULAN SA EIGHT KASAMA NA RITO ANG NA RIN DIN AT ANG MGA PAGBAHA DAAN SA MALAKAS NA ULAN LALONG LALO NA ITO SA MGA DADAANAN NG NA BAGYO ITONG ISABELA AURORA YANG QUIRINO NUEVA VIZCAYA IFUGAO RIN DIN LA UNION AT POSIBLE ANG PANGASINAN 
LOG (gmm-latgen-faster[5.5.896~1-8a59]:DecodeUtteranceLatticeFaster():decoder-wrappers.cc:375) Log-like per frame for utterance weather030_013 is -9.25797 over 1917 frames.
LOG (gmm-latgen-faster[5.5.896~1-8a59]:main():gmm-latgen-faster.cc:176) Time taken 18.7868s: real-time factor assuming 100 frames/sec is 0.340772
LOG (gmm-latgen-faster[5.5.896~1-8a59]:main():gmm-latgen-faster.cc:179) Done 4 utterances, failed for 0
LOG (gmm-latgen-faster[5.5.896~1-8a59]:main():gmm-latgen-faster.cc:181) Overall log-likelihood per frame is -9.24758 over 5513 frames.
# Accounting: time=20 threads=1
# Ended (code 0) at Sat Apr  3 18:07:02 CST 2021, elapsed time 20 seconds
