# gunzip -c exp/tri3a/decode.si/depth_tmp.*.gz | steps/diagnostic/analyze_lattice_depth_stats.py exp/tri3a/graph exp/tri3a/decode.si/ali_frame_tmp.gz 
# Started at Sun May 16 20:58:57 CST 2021
#
The total amount of data analyzed assuming 100 frames per second is 0.5 hours
Overall, lattice depth (10,50,90-percentile)=(1,1,3) and mean=1.9
Nonsilence phones as a group account for 91.2% of frames, with lattice depth (10,50,90-percentile)=(1,1,3) and mean=1.8
Phone SIL accounts for 8.8% of frames, with lattice depth (10,50,90-percentile)=(1,1,3) and mean=2.0
Phone 6_I accounts for 7.1% of frames, with lattice depth (10,50,90-percentile)=(1,1,3) and mean=1.8
Phone i_I accounts for 4.5% of frames, with lattice depth (10,50,90-percentile)=(1,1,3) and mean=1.9
Phone s_B accounts for 3.8% of frames, with lattice depth (10,50,90-percentile)=(1,1,3) and mean=1.7
Phone N_E accounts for 3.4% of frames, with lattice depth (10,50,90-percentile)=(1,1,4) and mean=2.2
Phone o_I accounts for 3.4% of frames, with lattice depth (10,50,90-percentile)=(1,1,3) and mean=1.7
Phone a_I accounts for 3.3% of frames, with lattice depth (10,50,90-percentile)=(1,1,3) and mean=1.8
Phone n_E accounts for 3.3% of frames, with lattice depth (10,50,90-percentile)=(1,1,3) and mean=1.9
Phone t_I accounts for 3.1% of frames, with lattice depth (10,50,90-percentile)=(1,1,3) and mean=1.8
Phone s_I accounts for 2.9% of frames, with lattice depth (10,50,90-percentile)=(1,1,2) and mean=1.6
Phone e_I accounts for 2.6% of frames, with lattice depth (10,50,90-percentile)=(1,1,3) and mean=1.6
Phone s_E accounts for 2.5% of frames, with lattice depth (10,50,90-percentile)=(1,1,4) and mean=1.9
Phone 6_E accounts for 2.5% of frames, with lattice depth (10,50,90-percentile)=(1,1,5) and mean=2.1
Phone l_I accounts for 2.5% of frames, with lattice depth (10,50,90-percentile)=(1,1,3) and mean=1.6
Phone g_I accounts for 2.3% of frames, with lattice depth (10,50,90-percentile)=(1,1,3) and mean=1.6
Phone p_B accounts for 2.2% of frames, with lattice depth (10,50,90-percentile)=(1,1,3) and mean=1.8
Phone r_I accounts for 2.2% of frames, with lattice depth (10,50,90-percentile)=(1,1,3) and mean=1.7
Phone o_E accounts for 2.2% of frames, with lattice depth (10,50,90-percentile)=(1,1,3) and mean=1.5
Phone u_I accounts for 2.2% of frames, with lattice depth (10,50,90-percentile)=(1,1,2) and mean=1.5
Phone m_B accounts for 2.1% of frames, with lattice depth (10,50,90-percentile)=(1,1,3) and mean=1.8
Phone n_B accounts for 2.0% of frames, with lattice depth (10,50,90-percentile)=(1,1,5) and mean=2.2
Phone 6_B accounts for 1.8% of frames, with lattice depth (10,50,90-percentile)=(1,1,4) and mean=2.1
Phone n_I accounts for 1.8% of frames, with lattice depth (10,50,90-percentile)=(1,1,3) and mean=1.8
Phone a_E accounts for 1.4% of frames, with lattice depth (10,50,90-percentile)=(1,1,4) and mean=2.4
Phone t_E accounts for 1.4% of frames, with lattice depth (10,50,90-percentile)=(1,1,3) and mean=1.6
Phone m_I accounts for 1.4% of frames, with lattice depth (10,50,90-percentile)=(1,1,3) and mean=1.7
Phone j_I accounts for 1.1% of frames, with lattice depth (10,50,90-percentile)=(1,1,3) and mean=1.8
Phone k_I accounts for 1.1% of frames, with lattice depth (10,50,90-percentile)=(1,1,2) and mean=1.9
Phone d_B accounts for 1.0% of frames, with lattice depth (10,50,90-percentile)=(1,1,4) and mean=1.8
Phone b_I accounts for 0.9% of frames, with lattice depth (10,50,90-percentile)=(1,1,2) and mean=1.5
Phone i_E accounts for 0.9% of frames, with lattice depth (10,50,90-percentile)=(1,1,4) and mean=2.0
Phone t_B accounts for 0.9% of frames, with lattice depth (10,50,90-percentile)=(1,1,3) and mean=1.6
Phone i_B accounts for 0.9% of frames, with lattice depth (10,50,90-percentile)=(1,1,3) and mean=2.3
Phone k_B accounts for 0.9% of frames, with lattice depth (10,50,90-percentile)=(1,1,3) and mean=1.6
Phone p_I accounts for 0.8% of frames, with lattice depth (10,50,90-percentile)=(1,1,3) and mean=1.9
Phone N_I accounts for 0.8% of frames, with lattice depth (10,50,90-percentile)=(1,1,3) and mean=1.6
Phone h_I accounts for 0.8% of frames, with lattice depth (10,50,90-percentile)=(1,1,3) and mean=1.9
Phone f_B accounts for 0.7% of frames, with lattice depth (10,50,90-percentile)=(1,1,3) and mean=1.9
Phone h_B accounts for 0.6% of frames, with lattice depth (10,50,90-percentile)=(1,1,3) and mean=1.6
Phone b_B accounts for 0.6% of frames, with lattice depth (10,50,90-percentile)=(1,1,6) and mean=2.4
Phone 6j_S accounts for 0.6% of frames, with lattice depth (10,50,90-percentile)=(1,1,4) and mean=2.1
Phone r_E accounts for 0.6% of frames, with lattice depth (10,50,90-percentile)=(1,1,3) and mean=1.6
Phone l_B accounts for 0.6% of frames, with lattice depth (10,50,90-percentile)=(1,1,4) and mean=2.0
Phone d_I accounts for 0.5% of frames, with lattice depth (10,50,90-percentile)=(1,1,2) and mean=1.6
Phone w_B accounts for 0.5% of frames, with lattice depth (10,50,90-percentile)=(1,1,3) and mean=1.6
# Accounting: time=1 threads=1
# Ended (code 0) at Sun May 16 20:58:58 CST 2021, elapsed time 1 seconds
