# gmm-latgen-faster --max-active=2000 "--beam=10.0" --lattice-beam=6.0 --acoustic-scale=0.083333 --allow-partial=true --word-symbol-table=exp/tri3a/graph/words.txt exp/tri3a/final.alimdl exp/tri3a/graph/HCLG.fst "ark,s,cs:apply-cmvn  --utt2spk=ark:data/test/split16/1/utt2spk scp:data/test/split16/1/cmvn.scp scp:data/test/split16/1/feats.scp ark:- | splice-feats --left-context=3 --right-context=3 ark:- ark:- | transform-feats exp/tri3a/final.mat ark:- ark:- |" "ark:|gzip -c > exp/tri3a/decode.si/lat.1.gz" 
# Started at Sun May 16 20:58:12 CST 2021
#
gmm-latgen-faster --max-active=2000 '--beam=10.0' --lattice-beam=6.0 --acoustic-scale=0.083333 --allow-partial=true --word-symbol-table=exp/tri3a/graph/words.txt exp/tri3a/final.alimdl exp/tri3a/graph/HCLG.fst 'ark,s,cs:apply-cmvn  --utt2spk=ark:data/test/split16/1/utt2spk scp:data/test/split16/1/cmvn.scp scp:data/test/split16/1/feats.scp ark:- | splice-feats --left-context=3 --right-context=3 ark:- ark:- | transform-feats exp/tri3a/final.mat ark:- ark:- |' 'ark:|gzip -c > exp/tri3a/decode.si/lat.1.gz' 
transform-feats exp/tri3a/final.mat ark:- ark:- 
apply-cmvn --utt2spk=ark:data/test/split16/1/utt2spk scp:data/test/split16/1/cmvn.scp scp:data/test/split16/1/feats.scp ark:- 
splice-feats --left-context=3 --right-context=3 ark:- ark:- 
weather001_001 DALAWANG LOW PRESSURE AREA SA LOOB NG PHILIPPINE AREA OF RESPONSIBILITY O PAR 
LOG (gmm-latgen-faster[5.5.896~1-8a59]:DecodeUtteranceLatticeFaster():decoder-wrappers.cc:375) Log-like per frame for utterance weather001_001 is -4.17902 over 517 frames.
weather001_002 ANG MAGPAPAULAN SA MALAKING BAHAGI NG LUZON AT VISAYAS 
LOG (gmm-latgen-faster[5.5.896~1-8a59]:DecodeUtteranceLatticeFaster():decoder-wrappers.cc:375) Log-like per frame for utterance weather001_002 is -4.1282 over 370 frames.
weather001_003 NASA SA PINAKAHULING WEATHER BULLETIN NG PAGASA 
LOG (gmm-latgen-faster[5.5.896~1-8a59]:DecodeUtteranceLatticeFaster():decoder-wrappers.cc:375) Log-like per frame for utterance weather001_003 is -4.29803 over 297 frames.
weather001_004 ANG ISA SA MGA LPA NA ITO AY NASA LAYONG SEVEN HUNDRED FIFTEEN KILOMETERS SILANGAN NG BASCO BATANES ANG IKALAWANG LPA AY NAMATAAN SA LAYONG ONE HUNDRED THIRTY KILOMETERS WEST SOUTHWEST NG IBA ZAMBALES HINAHATAK NITO ANG SOUTHWEST MONSOON O HANGING HABAGAT 
LOG (gmm-latgen-faster[5.5.896~1-8a59]:DecodeUtteranceLatticeFaster():decoder-wrappers.cc:375) Log-like per frame for utterance weather001_004 is -4.32021 over 1788 frames.
weather001_005 ASAHAN PO NGAYONG ARAW ANG MONSOON RAINS SA METRO MANILA ZAMBALES BATAAN CAVITE BATANGAS PALAWAN AT MINDORO PROVINCES 
LOG (gmm-latgen-faster[5.5.896~1-8a59]:DecodeUtteranceLatticeFaster():decoder-wrappers.cc:375) Log-like per frame for utterance weather001_005 is -4.29511 over 942 frames.
LOG (apply-cmvn[5.5.896~1-8a59]:main():apply-cmvn.cc:162) Applied cepstral mean normalization to 9 utterances, errors on 0
weather001_006 MAKARARANAS NAMAN NG RAIN SHOWERS AT THUNDERSTORMS SA BICOL WESTERN VISAYAS AT SA NALALABING BAHAGI NG CENTRAL LUZON CALABARZON AT MIMAROPA 
LOG (gmm-latgen-faster[5.5.896~1-8a59]:DecodeUtteranceLatticeFaster():decoder-wrappers.cc:375) Log-like per frame for utterance weather001_006 is -4.26626 over 892 frames.
weather001_007 DAHIL NAMAN SA TROUGH O EXTENSION NG LPA DARANAS NG KALAT-KALAT NA RAIN SHOWERS AT THUNDERSTORMS SA CAGAYAN VALLEY CORDILLERA ADMINISTRATIVE REGION AT ILOCOS 
LOG (gmm-latgen-faster[5.5.896~1-8a59]:DecodeUtteranceLatticeFaster():decoder-wrappers.cc:375) Log-like per frame for utterance weather001_007 is -4.30611 over 1007 frames.
weather001_008 ISOLATED RAINSHOWERS NAMAN ANG IIRAL SA MINDANAO AT NALALABING BAHAGI NG VISAYAS DULOT NG LOCALIZED THUNDERSTORMS 
LOG (gmm-latgen-faster[5.5.896~1-8a59]:DecodeUtteranceLatticeFaster():decoder-wrappers.cc:375) Log-like per frame for utterance weather001_008 is -4.40958 over 751 frames.
LOG (transform-feats[5.5.896~1-8a59]:main():transform-feats.cc:158) Overall average [pseudo-]logdet is -83.7749 over 7833 frames.
LOG (transform-feats[5.5.896~1-8a59]:main():transform-feats.cc:161) Applied transform to 9 utterances; 0 had errors.
weather002_001 SA ATIN NAMANG ULAT PANAHON TATLO ANG LOW PRESSURE AREA O LPA NA BINABANTAYAN NG PAGASA ANG ULAN NA MATA SA LAYONG ONE HUNDRED NINE FIVE KILOMETERS TIMOG KANLURAN NG SINAIT ILOCOS SUR 
LOG (gmm-latgen-faster[5.5.896~1-8a59]:DecodeUtteranceLatticeFaster():decoder-wrappers.cc:375) Log-like per frame for utterance weather002_001 is -4.06684 over 1269 frames.
LOG (gmm-latgen-faster[5.5.896~1-8a59]:main():gmm-latgen-faster.cc:176) Time taken 23.0792s: real-time factor assuming 100 frames/sec is 0.29464
LOG (gmm-latgen-faster[5.5.896~1-8a59]:main():gmm-latgen-faster.cc:179) Done 9 utterances, failed for 0
LOG (gmm-latgen-faster[5.5.896~1-8a59]:main():gmm-latgen-faster.cc:181) Overall log-likelihood per frame is -4.25752 over 7833 frames.
# Accounting: time=25 threads=1
# Ended (code 0) at Sun May 16 20:58:38 CST 2021, elapsed time 25 seconds
