# gmm-latgen-faster --max-active=2000 "--beam=10.0" --lattice-beam=6.0 --acoustic-scale=0.083333 --allow-partial=true --word-symbol-table=exp/tri3a/graph/words.txt exp/tri3a/final.alimdl exp/tri3a/graph/HCLG.fst "ark,s,cs:apply-cmvn  --utt2spk=ark:data/test/split16/5/utt2spk scp:data/test/split16/5/cmvn.scp scp:data/test/split16/5/feats.scp ark:- | splice-feats --left-context=3 --right-context=3 ark:- ark:- | transform-feats exp/tri3a/final.mat ark:- ark:- |" "ark:|gzip -c > exp/tri3a/decode.si/lat.5.gz" 
# Started at Sun May 16 20:58:12 CST 2021
#
gmm-latgen-faster --max-active=2000 '--beam=10.0' --lattice-beam=6.0 --acoustic-scale=0.083333 --allow-partial=true --word-symbol-table=exp/tri3a/graph/words.txt exp/tri3a/final.alimdl exp/tri3a/graph/HCLG.fst 'ark,s,cs:apply-cmvn  --utt2spk=ark:data/test/split16/5/utt2spk scp:data/test/split16/5/cmvn.scp scp:data/test/split16/5/feats.scp ark:- | splice-feats --left-context=3 --right-context=3 ark:- ark:- | transform-feats exp/tri3a/final.mat ark:- ark:- |' 'ark:|gzip -c > exp/tri3a/decode.si/lat.5.gz' 
transform-feats exp/tri3a/final.mat ark:- ark:- 
apply-cmvn --utt2spk=ark:data/test/split16/5/utt2spk scp:data/test/split16/5/cmvn.scp scp:data/test/split16/5/feats.scp ark:- 
splice-feats --left-context=3 --right-context=3 ark:- ark:- 
weather005_001 MAGANDANG ARAW PO SA ATING LAHAT NARITO ANG PINAKAHULING ULAT SA LAGAY NG ATING PANAHON NGAYONG ALAS SINGKO NG HAPON 
LOG (gmm-latgen-faster[5.5.896~1-8a59]:DecodeUtteranceLatticeFaster():decoder-wrappers.cc:375) Log-like per frame for utterance weather005_001 is -3.71195 over 579 frames.
weather005_002 TATLONG WEATHER SYSTEM ANG SA KASALUKUYAN AY NAKAKAAPEKTO SA PHILIPPINE LAND MASS AT ISA NA NGA PO DIYAN YUNG TINATAWAG NATING TAIL END OF A COLD FRONT NA SA NGAYON AY NAKAKAAPEKTO SA SILANGANG BAHAGI NG CENTRAL AT SOUTHERN LUZON KAYAT ASAHAN PA RIN HO NATIN ANG MAHINA HANGGANG SA KATAMTAMANG MGA PAGULAN AT PAGKIDLAT PAGKULOG SA KAMAYNILAAN SA MGA LUGAR PO NG SOUTHERN LUZON EXCEPT FOR PALAWAN AT SA LALAWIGAN NG AURORA 
LOG (gmm-latgen-faster[5.5.896~1-8a59]:DecodeUtteranceLatticeFaster():decoder-wrappers.cc:375) Log-like per frame for utterance weather005_002 is -3.78758 over 2513 frames.
weather005_003 SAMANTALA TROUGH MABABA LOW PRESSURE AREA NAMAN ITO PONG LOW PRESSURE AREA HANGGANG SA NGAYON AY NASA LABAS PA RIN ANG ATING PINAKA NGUNIT YUNG KANYANG TROUGH PO YUNG BUNTOT AY PATULOY NA NAKAKAAPEKTO SA EASTERN AH SECTION OF VISAYAS KAYAT ASAHAN PA RIN HO NATIN ANG MAHINA HANGGANG SA KATAMTAMANG MGA PAGULAN AT PAGKIDLAT PAGKULOG SA E SILANGANG KABISAYAAN KASAMA NA PO DIYAN ANG CARAGA AT DAVAO REGION AT SOCSARGEN REGION 
LOG (gmm-latgen-faster[5.5.896~1-8a59]:DecodeUtteranceLatticeFaster():decoder-wrappers.cc:375) Log-like per frame for utterance weather005_003 is -3.8037 over 2638 frames.
weather005_004 SA HILAGANG LUZON NAMAN AY PATULOY PA RING UMIIRAL ANG NORTHEAST MONSOON O YUNG HANGING AMIHAN KAYAT ASAHAN PA RIN NATIN NG MAHINANG MGA PAGULAN DOON SA REHIYON NG ILOCOS KASAMA PO DIYAN ANG CORDILLERA AT CAGAYAN VALLEY MAGING ANG NATITIRANG BAHAGI NG CENTRAL LUZON 
LOG (gmm-latgen-faster[5.5.896~1-8a59]:DecodeUtteranceLatticeFaster():decoder-wrappers.cc:375) Log-like per frame for utterance weather005_004 is -3.72765 over 1687 frames.
weather005_005 SA NATITIRANG BAHAGI NAMAN NG ATING BANSA AY GENERALLY FAIR WEATHER PO TAYO NGAYON MALIBAN NA LAMANG SA MGA PULO-PULONG MGA PAGULAN O PAGKIDLAT PAGKULOG 
LOG (gmm-latgen-faster[5.5.896~1-8a59]:DecodeUtteranceLatticeFaster():decoder-wrappers.cc:375) Log-like per frame for utterance weather005_005 is -3.6669 over 885 frames.
LOG (apply-cmvn[5.5.896~1-8a59]:main():apply-cmvn.cc:162) Applied cepstral mean normalization to 9 utterances, errors on 0
weather005_006 ANG ATING GALE WARNING AY NAKATAAS PA RIN PO SA NORTHERN AND WESTERN SECTION NG AH NORTHERN LUZON KAYAT SA MGA NABANGGIT KONG LUGAR AY HINDI PA RIN HO PINAPAYAGAN NG PHILIPPINE COAST GUARD NA PUMALAOT ANG ATING MGA KABABAYANG MANGINGISDA SAPAGKAT MAGIGING MAALON HANGGANG SA NAPAKAALON PA RIN PO NG MGA KARAGATAN DITO 
LOG (gmm-latgen-faster[5.5.896~1-8a59]:DecodeUtteranceLatticeFaster():decoder-wrappers.cc:375) Log-like per frame for utterance weather005_006 is -3.6911 over 1833 frames.
weather005_007 DUMAKO NAMAN TAYO SA MAGIGING TEMPERATURE FORECAST PO NATIN SA IBA'T IBANG LUGAR DITO SA PILIPINAS DITO NALAMANG SA METRO MANILA INAASAHAN NATING ANG MAGIGING AGWAT NG TEMPERATURA AY MULA SA TWENTY FOUR HANGGANG SA THIRTY DEGREES CELSIUS SA BAGUIO NAMAN AY MULA SA FIFTEEN HANGGANG SA TWENTY FOUR DEGREES CELSIUS SAMANTALANG SA TAGAYTAY AY MULA SA TWENTY TWO HANGGANG SA TWENTY SEVEN DEGREES CELSIUS AT SA PUERTO PRINCESA AY MULA SA TWENTY FOUR HANGGANG SA THIRTY TWO DEGREES CELSIUS 
LOG (gmm-latgen-faster[5.5.896~1-8a59]:DecodeUtteranceLatticeFaster():decoder-wrappers.cc:375) Log-like per frame for utterance weather005_007 is -3.65857 over 2785 frames.
weather005_008 METRO CEBU AY MULA SA TWENTY FIVE HANGGANG SA THIRTY ONE DEGREES CELSIUS SAMANTALA SA ILOILO AY MULA SA TWENTY FOUR HANGGANG THIRTY DEGREES CELSIUS ANG TINATAYANG MAGIGING AGWAT NG TEMPERATURA SAMANTALANG SA METRO DAVAO AY MULA SA TWENTY FIVE HANGGANG THIRTY DEGREES CELSIUS AT TWENTY FOUR HANGGANG THIRTY TWO DEGREES CELSIUS DOON SA ZAMBOANGA CITY 
LOG (gmm-latgen-faster[5.5.896~1-8a59]:DecodeUtteranceLatticeFaster():decoder-wrappers.cc:375) Log-like per frame for utterance weather005_008 is -3.70557 over 1862 frames.
LOG (transform-feats[5.5.896~1-8a59]:main():transform-feats.cc:158) Overall average [pseudo-]logdet is -83.7749 over 15839 frames.
LOG (transform-feats[5.5.896~1-8a59]:main():transform-feats.cc:161) Applied transform to 9 utterances; 0 had errors.
weather005_009 ANG SA NA IS PO NATIN FOR TOMORROW INAASAHAN NATING SIX FOURTEEN IN THE MORNING MAGAGANAP SAMANTALA LULUBOG NAMAN ANG ARAW NATIN MAMAYA SA GANAP NA ALAS SINGKO BENTE NUEBE NG HAPON 
LOG (gmm-latgen-faster[5.5.896~1-8a59]:DecodeUtteranceLatticeFaster():decoder-wrappers.cc:375) Log-like per frame for utterance weather005_009 is -3.74132 over 1057 frames.
LOG (gmm-latgen-faster[5.5.896~1-8a59]:main():gmm-latgen-faster.cc:176) Time taken 30.501s: real-time factor assuming 100 frames/sec is 0.192569
LOG (gmm-latgen-faster[5.5.896~1-8a59]:main():gmm-latgen-faster.cc:179) Done 9 utterances, failed for 0
LOG (gmm-latgen-faster[5.5.896~1-8a59]:main():gmm-latgen-faster.cc:181) Overall log-likelihood per frame is -3.7278 over 15839 frames.
# Accounting: time=32 threads=1
# Ended (code 0) at Sun May 16 20:58:45 CST 2021, elapsed time 32 seconds
