# gmm-latgen-faster --max-active=2000 "--beam=10.0" --lattice-beam=6.0 --acoustic-scale=0.083333 --allow-partial=true --word-symbol-table=exp/tri3a/graph/words.txt exp/tri3a/final.alimdl exp/tri3a/graph/HCLG.fst "ark,s,cs:apply-cmvn  --utt2spk=ark:data/test/split16/7/utt2spk scp:data/test/split16/7/cmvn.scp scp:data/test/split16/7/feats.scp ark:- | splice-feats --left-context=3 --right-context=3 ark:- ark:- | transform-feats exp/tri3a/final.mat ark:- ark:- |" "ark:|gzip -c > exp/tri3a/decode.si/lat.7.gz" 
# Started at Sun May 16 20:58:12 CST 2021
#
gmm-latgen-faster --max-active=2000 '--beam=10.0' --lattice-beam=6.0 --acoustic-scale=0.083333 --allow-partial=true --word-symbol-table=exp/tri3a/graph/words.txt exp/tri3a/final.alimdl exp/tri3a/graph/HCLG.fst 'ark,s,cs:apply-cmvn  --utt2spk=ark:data/test/split16/7/utt2spk scp:data/test/split16/7/cmvn.scp scp:data/test/split16/7/feats.scp ark:- | splice-feats --left-context=3 --right-context=3 ark:- ark:- | transform-feats exp/tri3a/final.mat ark:- ark:- |' 'ark:|gzip -c > exp/tri3a/decode.si/lat.7.gz' 
apply-cmvn --utt2spk=ark:data/test/split16/7/utt2spk scp:data/test/split16/7/cmvn.scp scp:data/test/split16/7/feats.scp ark:- 
splice-feats --left-context=3 --right-context=3 ark:- ark:- 
transform-feats exp/tri3a/final.mat ark:- ark:- 
weather006_009 AT SILIPIN PO NATIN YUNG MAGIGING TAYA O MAGIGING AGWAT NG TEMPERATURA SA ILANG PILING LUGAR DITO PO SA METRO MANILA DAHIL PATULOY PA RIN NA MAKULIMLIM ANG ATING KALANGITAN YUNG RAINS PO NG TEMPERATURE NATIN AY NASA PAGITAN LAMANG NG TWENTY FOUR TO THIRTY DEGREES CELSIUS SA MAY BAGUIO DAHIL PATULOY PA RIN PONG NAMAMAYANI ITONG NORTHEAST MONSOON ANG RAINS NG TEMPERATURE NG ATING INAASAHAN AY FIFTEEN TO TWENTY ONE DEGREES CELSIUS SA MAY TAGAYTAY NAMAN TWENTY ONE TO TWENTY SEVEN DEGREES CELSIUS SA MAY PUERTO PRINCESA ASAHAN PO NATIN TWENTY FOUR TO THIRTY ONE DEGREES CELSIUS 
LOG (gmm-latgen-faster[5.5.896~1-8a59]:DecodeUtteranceLatticeFaster():decoder-wrappers.cc:375) Log-like per frame for utterance weather006_009 is -3.89294 over 3621 frames.
weather006_010 SA ILANG LUGAR NAMAN PO SA MAY VISAYAS DITO PO SA METRO CEBU ANG INAASAHAN PO NATING AGWAT NG TEMPERATURA AY TWENTY FIVE TO THIRTY DEGREES CELSIUS SA MAY ILOILO TWENTY FIVE TO TWENTY NINE DEGREES CELSIUS SA MAY MINDANAO NAMAN PO ITONG DAVAO TWENTY FIVE TO THIRTY ONE DEGREES CELSIUS SA MAY ZAMBOANGA TWENTY FOUR TO THIRTY TWO DEGREES 
LOG (gmm-latgen-faster[5.5.896~1-8a59]:DecodeUtteranceLatticeFaster():decoder-wrappers.cc:375) Log-like per frame for utterance weather006_010 is -3.84758 over 2167 frames.
weather006_011 SILIPIN NAMAN PO NATIN YUNG MAGIGING TAYA NG ATING KARAGATAN PATULOY PA RIN PONG NAKATAAS ANG ATING GALE WARNING DITO PO SA SEABOARDS NG NORTHERN LUZON EASTERN SEABOARD NG CENTRAL LUZON EASTERN SEABOARD NG SOUTHERN LUZON AT EASTERN SEABOARD NG KABISAYAAN DAHIL DIYAN ASAHAN PO NATIN HINDI PO NATIN PINAPAYAGANG MAG LAYAG YUNG MALILIIT SASAKYANG PANDAGAT NGUNIT YUNG MGA MALALAKI NAMAN PO AY PINAPAYUHANG MAG INGAT SA MGA MALAPIT MALALAKING 
LOG (gmm-latgen-faster[5.5.896~1-8a59]:DecodeUtteranceLatticeFaster():decoder-wrappers.cc:375) Log-like per frame for utterance weather006_011 is -3.79357 over 2815 frames.
weather006_012 AT ANG ATING ARAW INAASAHAN PO NATIN LULUBOG FIVE THIRTY NGAYONG HAPON SAMANTALANG BUKAS NG UMAGA SISIKAT NAMAN ITO SA FORTY SIX FOURTEEN 
LOG (gmm-latgen-faster[5.5.896~1-8a59]:DecodeUtteranceLatticeFaster():decoder-wrappers.cc:375) Log-like per frame for utterance weather006_012 is -3.93289 over 903 frames.
weather006_013 AT PARA NAMAN PO SA MGA LATEST UPDATE TUNGKOL PO SA ATING PANAHON MAAARI PO NATING I FOLLOW ANG ATING TWITTER ACCOUNT PAG DOST UNDERSCORE PAGASA MAARI PO NATING I LIKE ANG ATING FACEBOOK ACCOUNT PAGASA DOT DOST DOT GOV DOT PH ANG ATING YOUTUBE NAMAN PO PAGASA TININGNAN RIN PO NATING BISITAHIN ANG ATING WEBSITE WW DA AT PAGASA DOT DOST DOT GOV DOT PH AT MULA NGA PO DITO SA WEATHER FORECASTING CENTER SHERY IGNACIO ISA PO SA MGA WEATHER FORECASTER NG PAGASA DOST NAG UULAT NAGBIBIGAY IMPORMASYON MARAMING SALAMAT PO SA INYONG PANONOOD HANGGANG SA MULI HAPPY WEEKEND 
LOG (gmm-latgen-faster[5.5.896~1-8a59]:DecodeUtteranceLatticeFaster():decoder-wrappers.cc:375) Log-like per frame for utterance weather006_013 is -3.95105 over 3873 frames.
weather007_001 MAGANDANG ARAW PO SA ATING LAHAT WELCOME SA WEATHER FORECASTING SECTION NG PAGASA AT NARITO NA NGA ANG LATEST SA LAGAY NG ATING PANAHON NGAYONG ARAW NG SABADO ALAS SINGKO NG HAPON 
LOG (gmm-latgen-faster[5.5.896~1-8a59]:DecodeUtteranceLatticeFaster():decoder-wrappers.cc:375) Log-like per frame for utterance weather007_001 is -3.64957 over 1058 frames.
LOG (apply-cmvn[5.5.896~1-8a59]:main():apply-cmvn.cc:162) Applied cepstral mean normalization to 9 utterances, errors on 0
weather007_002 DALAWANG WEATHER SYSTEM PA RIN ANG PATULOY NAGBIBIGAY O NAG CACAUSE NG MGA PAGULAN SA MALAKING BAHAGI PO NG ATING BANSA AT ISA NA NGA PO DIYAN YUNG TINATAWAG NATING TAIL END OF A COLD FAR 
LOG (gmm-latgen-faster[5.5.896~1-8a59]:DecodeUtteranceLatticeFaster():decoder-wrappers.cc:375) Log-like per frame for utterance weather007_002 is -3.83289 over 1027 frames.
weather007_003 ITO PO YUNG BANG VALLEY SA PAGITAN NG DALAWANG MALAKING AIR MASS NA MALAKI PO ANG ANG DIFFERENCE NG KANILANG TEMPERATURA 
LOG (gmm-latgen-faster[5.5.896~1-8a59]:DecodeUtteranceLatticeFaster():decoder-wrappers.cc:375) Log-like per frame for utterance weather007_003 is -3.69639 over 655 frames.
LOG (transform-feats[5.5.896~1-8a59]:main():transform-feats.cc:158) Overall average [pseudo-]logdet is -83.7749 over 19054 frames.
LOG (transform-feats[5.5.896~1-8a59]:main():transform-feats.cc:161) Applied transform to 9 utterances; 0 had errors.
weather007_004 KAYAT KUNG MAPAPANSIN PO NATIN KUMPARA PO NG MGA NAKARAANG ARAW AY BAHAGYANG BUMABA PO YUNG AXIS O ORIENTATION NETONG TAIL END NATIN KAYAT DOON PO SA KABIKULAN AT SA EASTERN VISAYAS AT SA SILANGANG KABISAYAAN AY PATULOY PONG MAKAKARANAS ANG ATING MGA KABABAYAN DOON NG KATAMTAMAN HANGGANG SA KUNG MINSAN AY MALAKAS NA MGA PAGULAN KAYAT DOBLENG INGAT PO TAYO DAHIL ANG GANITONG KLASENG INTENSITY NG PAGULAN AY PWEDE PONG MAG AH CLOSE NG MGA PAGBAHA AT PAGGUHO NG LUPA 
LOG (gmm-latgen-faster[5.5.896~1-8a59]:DecodeUtteranceLatticeFaster():decoder-wrappers.cc:375) Log-like per frame for utterance weather007_004 is -3.69786 over 2935 frames.
LOG (gmm-latgen-faster[5.5.896~1-8a59]:main():gmm-latgen-faster.cc:176) Time taken 30.9462s: real-time factor assuming 100 frames/sec is 0.162413
LOG (gmm-latgen-faster[5.5.896~1-8a59]:main():gmm-latgen-faster.cc:179) Done 9 utterances, failed for 0
LOG (gmm-latgen-faster[5.5.896~1-8a59]:main():gmm-latgen-faster.cc:181) Overall log-likelihood per frame is -3.83325 over 19054 frames.
# Accounting: time=34 threads=1
# Ended (code 0) at Sun May 16 20:58:46 CST 2021, elapsed time 34 seconds
