# gmm-latgen-faster --max-active=2000 "--beam=10.0" --lattice-beam=6.0 --acoustic-scale=0.083333 --allow-partial=true --word-symbol-table=exp/tri3a/graph/words.txt exp/tri3a/final.alimdl exp/tri3a/graph/HCLG.fst "ark,s,cs:apply-cmvn  --utt2spk=ark:data/test/split16/10/utt2spk scp:data/test/split16/10/cmvn.scp scp:data/test/split16/10/feats.scp ark:- | splice-feats --left-context=3 --right-context=3 ark:- ark:- | transform-feats exp/tri3a/final.mat ark:- ark:- |" "ark:|gzip -c > exp/tri3a/decode.si/lat.10.gz" 
# Started at Sun May 16 20:58:12 CST 2021
#
gmm-latgen-faster --max-active=2000 '--beam=10.0' --lattice-beam=6.0 --acoustic-scale=0.083333 --allow-partial=true --word-symbol-table=exp/tri3a/graph/words.txt exp/tri3a/final.alimdl exp/tri3a/graph/HCLG.fst 'ark,s,cs:apply-cmvn  --utt2spk=ark:data/test/split16/10/utt2spk scp:data/test/split16/10/cmvn.scp scp:data/test/split16/10/feats.scp ark:- | splice-feats --left-context=3 --right-context=3 ark:- ark:- | transform-feats exp/tri3a/final.mat ark:- ark:- |' 'ark:|gzip -c > exp/tri3a/decode.si/lat.10.gz' 
apply-cmvn --utt2spk=ark:data/test/split16/10/utt2spk scp:data/test/split16/10/cmvn.scp scp:data/test/split16/10/feats.scp ark:- 
transform-feats exp/tri3a/final.mat ark:- ark:- 
splice-feats --left-context=3 --right-context=3 ark:- ark:- 
weather008_006 PERO PO SA NATITIRANG BAHAGI PO NG ATING BANSA 
LOG (gmm-latgen-faster[5.5.896~1-8a59]:DecodeUtteranceLatticeFaster():decoder-wrappers.cc:375) Log-like per frame for utterance weather008_006 is -3.66499 over 237 frames.
weather008_007 KASAMA NA DIYAN YUNG NATITIRANG BAHAGI NG KABISAYAAN AT MINDANAO AY GENERALLY FAIR WEATHER TAYO SA ARAW NA ITO MALIBAN NA LAMANG SA MGA PULO-PULONG MGA PAGULAN O PAGKIDLAT PAGKULOG 
LOG (gmm-latgen-faster[5.5.896~1-8a59]:DecodeUtteranceLatticeFaster():decoder-wrappers.cc:375) Log-like per frame for utterance weather008_007 is -3.59506 over 1000 frames.
weather008_008 ANG ATIN PONG GALE WARNING AY NAKATAAS PA RIN SA MGA BAYBAYING DAGAT NG BATANES CALAYAN BABUYAN CAGAYAN ISABELA AT NORTHERN COAST PO NG ILOCOS NORTE 
LOG (gmm-latgen-faster[5.5.896~1-8a59]:DecodeUtteranceLatticeFaster():decoder-wrappers.cc:375) Log-like per frame for utterance weather008_008 is -3.47783 over 990 frames.
weather008_009 KAYA SA MGA NASABI KONG LUGAR AY HINDI PA RIN PINAPAYAGAN NG PHILIPPINE COAST GUARD NA PUMALAOT ANG ATING MGA KABABAYANG MANGINGISDA SAPAGKAT MAGING MAALON HANGGANG SA NAPAKAALON PA RIN PO NG MGA KARAGATAN DITO 
LOG (gmm-latgen-faster[5.5.896~1-8a59]:DecodeUtteranceLatticeFaster():decoder-wrappers.cc:375) Log-like per frame for utterance weather008_009 is -3.62569 over 1113 frames.
LOG (apply-cmvn[5.5.896~1-8a59]:main():apply-cmvn.cc:162) Applied cepstral mean normalization to 9 utterances, errors on 0
weather008_010 DUMAKO NAMAN TAYO SA MAGIGING AGWAT NG TEMPERATURA SA IBA'T IBANG LUGAR PO DITO SA PILIPINAS DITO NAMAN SA METRO MANILA INAASAHANG MAGIGING TEMPERATURE FORECAST PO O TEMPERATURE RANGE AY MULA SA TWENTY FOUR HANGGANG SA THIRTY ONE DEGREES CELSIUS SAMANTALA DITO NAMAN SA BAGUIO AY MULA SA FIFTEEN HANGGANG SA TWENTY TWO TAGAYTAY PO AY MULA SA TWENTY HANGGANG SA TWENTY NINE DEGREES CELSIUS HABANG SA PUERTO PRINCESA AY MULA SA TWENTY THREE HANGGANG SA THIRTY ONE DEGREES CELSIUS 
LOG (gmm-latgen-faster[5.5.896~1-8a59]:DecodeUtteranceLatticeFaster():decoder-wrappers.cc:375) Log-like per frame for utterance weather008_010 is -3.6934 over 2786 frames.
weather008_011 DUMAKO NAMAN TAYO SA CEBU INAASAHANG MAGIGING TEMPERATURE RANGE DOON AY MULA SA TWENTY FIVE HANGGANG SA THIRTY TWO DEGREES CELSIUS SAMANTALA SA ILOILO AY MULA SA TWENTY SIX HANGGANG SA THIRTY ONE DEGREES CELSIUS 
LOG (gmm-latgen-faster[5.5.896~1-8a59]:DecodeUtteranceLatticeFaster():decoder-wrappers.cc:375) Log-like per frame for utterance weather008_011 is -3.69397 over 1170 frames.
weather008_012 SA DAVAO NAMAN AY MULA SA TWENTY FIVE HANGGANG SA THIRTY THREE DEGREES CELSIUS HABANG SA ZAMBOANGA AY MULA SA TWENTY FOUR HANGGANG SA THIRTY TWO DEGREES CELSIUS 
LOG (gmm-latgen-faster[5.5.896~1-8a59]:DecodeUtteranceLatticeFaster():decoder-wrappers.cc:375) Log-like per frame for utterance weather008_012 is -3.5725 over 882 frames.
weather008_013 SAAN SA PO FOR TODAY AY FIVE TWENTY EIGHT IN THE AFTERNOON SAMANTALANG INAASAHAN NATING SANTOS TOMORROW AY SIX ELEVEN IN THE MORNING 
LOG (gmm-latgen-faster[5.5.896~1-8a59]:DecodeUtteranceLatticeFaster():decoder-wrappers.cc:375) Log-like per frame for utterance weather008_013 is -3.92125 over 741 frames.
LOG (transform-feats[5.5.896~1-8a59]:main():transform-feats.cc:158) Overall average [pseudo-]logdet is -83.7749 over 9432 frames.
LOG (transform-feats[5.5.896~1-8a59]:main():transform-feats.cc:161) Applied transform to 9 utterances; 0 had errors.
weather008_014 YAN HO MUNA ANG LATEST MULA DITO SA PAGASA ITO PO SI LORIDIN DELA CRUZ NAG UULAT 
LOG (gmm-latgen-faster[5.5.896~1-8a59]:DecodeUtteranceLatticeFaster():decoder-wrappers.cc:375) Log-like per frame for utterance weather008_014 is -3.68 over 513 frames.
LOG (gmm-latgen-faster[5.5.896~1-8a59]:main():gmm-latgen-faster.cc:176) Time taken 20.5779s: real-time factor assuming 100 frames/sec is 0.218171
LOG (gmm-latgen-faster[5.5.896~1-8a59]:main():gmm-latgen-faster.cc:179) Done 9 utterances, failed for 0
LOG (gmm-latgen-faster[5.5.896~1-8a59]:main():gmm-latgen-faster.cc:181) Overall log-likelihood per frame is -3.65758 over 9432 frames.
# Accounting: time=23 threads=1
# Ended (code 0) at Sun May 16 20:58:35 CST 2021, elapsed time 23 seconds
