# ali-to-post "ark:gunzip -c exp/tri3a_ali/pre_ali.4.gz|" ark:- | weight-silence-post 0.0 1:2:3:4:5:6:7:8:9:10 exp/tri3a/final.mdl ark:- ark:- | gmm-est-fmllr --fmllr-update-type=full --spk2utt=ark:data/train/split4/4/spk2utt exp/tri3a/final.mdl "ark,s,cs:apply-cmvn  --utt2spk=ark:data/train/split4/4/utt2spk scp:data/train/split4/4/cmvn.scp scp:data/train/split4/4/feats.scp ark:- | splice-feats  ark:- ark:- | transform-feats exp/tri3a/final.mat ark:- ark:- |" ark,s,cs:- ark:exp/tri3a_ali/trans.4 
# Started at Sun Apr  4 16:16:02 CST 2021
#
ali-to-post 'ark:gunzip -c exp/tri3a_ali/pre_ali.4.gz|' ark:- 
weight-silence-post 0.0 1:2:3:4:5:6:7:8:9:10 exp/tri3a/final.mdl ark:- ark:- 
gmm-est-fmllr --fmllr-update-type=full --spk2utt=ark:data/train/split4/4/spk2utt exp/tri3a/final.mdl 'ark,s,cs:apply-cmvn  --utt2spk=ark:data/train/split4/4/utt2spk scp:data/train/split4/4/cmvn.scp scp:data/train/split4/4/feats.scp ark:- | splice-feats  ark:- ark:- | transform-feats exp/tri3a/final.mat ark:- ark:- |' ark,s,cs:- ark:exp/tri3a_ali/trans.4 
apply-cmvn --utt2spk=ark:data/train/split4/4/utt2spk scp:data/train/split4/4/cmvn.scp scp:data/train/split4/4/feats.scp ark:- 
transform-feats exp/tri3a/final.mat ark:- ark:- 
splice-feats ark:- ark:- 
WARNING (gmm-est-fmllr[5.5.896~1-8a59]:Update():fmllr-diag-gmm.cc:162) Not updating fMLLR since below min-count: count is 447
LOG (gmm-est-fmllr[5.5.896~1-8a59]:main():gmm-est-fmllr.cc:143) For speaker weather022_003, auxf-impr from fMLLR is 0, over 447 frames.
LOG (gmm-est-fmllr[5.5.896~1-8a59]:ComputeFmllrMatrixDiagGmmFull():fmllr-diag-gmm.cc:262) fMLLR objf improvement is 4.63025 per frame over 686 frames.
LOG (gmm-est-fmllr[5.5.896~1-8a59]:main():gmm-est-fmllr.cc:143) For speaker weather022_004, auxf-impr from fMLLR is 4.63025, over 686 frames.
WARNING (gmm-est-fmllr[5.5.896~1-8a59]:Update():fmllr-diag-gmm.cc:162) Not updating fMLLR since below min-count: count is 467
LOG (gmm-est-fmllr[5.5.896~1-8a59]:main():gmm-est-fmllr.cc:143) For speaker weather022_005, auxf-impr from fMLLR is 0, over 467 frames.
WARNING (gmm-est-fmllr[5.5.896~1-8a59]:Update():fmllr-diag-gmm.cc:162) Not updating fMLLR since below min-count: count is 332
LOG (gmm-est-fmllr[5.5.896~1-8a59]:main():gmm-est-fmllr.cc:143) For speaker weather022_006, auxf-impr from fMLLR is 0, over 332 frames.
LOG (gmm-est-fmllr[5.5.896~1-8a59]:ComputeFmllrMatrixDiagGmmFull():fmllr-diag-gmm.cc:262) fMLLR objf improvement is 4.85519 per frame over 790 frames.
LOG (gmm-est-fmllr[5.5.896~1-8a59]:main():gmm-est-fmllr.cc:143) For speaker weather022_007, auxf-impr from fMLLR is 4.85519, over 790 frames.
WARNING (gmm-est-fmllr[5.5.896~1-8a59]:Update():fmllr-diag-gmm.cc:162) Not updating fMLLR since below min-count: count is 322
LOG (gmm-est-fmllr[5.5.896~1-8a59]:main():gmm-est-fmllr.cc:143) For speaker weather022_008, auxf-impr from fMLLR is 0, over 322 frames.
WARNING (gmm-est-fmllr[5.5.896~1-8a59]:Update():fmllr-diag-gmm.cc:162) Not updating fMLLR since below min-count: count is 268
LOG (gmm-est-fmllr[5.5.896~1-8a59]:main():gmm-est-fmllr.cc:143) For speaker weather022_009, auxf-impr from fMLLR is 0, over 268 frames.
WARNING (gmm-est-fmllr[5.5.896~1-8a59]:main():gmm-est-fmllr.cc:118) Did not find posteriors for utterance weather023_001
WARNING (gmm-est-fmllr[5.5.896~1-8a59]:Update():fmllr-diag-gmm.cc:162) Not updating fMLLR since below min-count: count is 0
LOG (gmm-est-fmllr[5.5.896~1-8a59]:main():gmm-est-fmllr.cc:143) For speaker weather023_001, auxf-impr from fMLLR is -nan, over 0 frames.
LOG (gmm-est-fmllr[5.5.896~1-8a59]:ComputeFmllrMatrixDiagGmmFull():fmllr-diag-gmm.cc:262) fMLLR objf improvement is 4.39317 per frame over 600 frames.
LOG (gmm-est-fmllr[5.5.896~1-8a59]:main():gmm-est-fmllr.cc:143) For speaker weather023_002, auxf-impr from fMLLR is 4.39317, over 600 frames.
LOG (gmm-est-fmllr[5.5.896~1-8a59]:ComputeFmllrMatrixDiagGmmFull():fmllr-diag-gmm.cc:262) fMLLR objf improvement is 5.47984 per frame over 511 frames.
LOG (gmm-est-fmllr[5.5.896~1-8a59]:main():gmm-est-fmllr.cc:143) For speaker weather023_003, auxf-impr from fMLLR is 5.47984, over 511 frames.
LOG (gmm-est-fmllr[5.5.896~1-8a59]:ComputeFmllrMatrixDiagGmmFull():fmllr-diag-gmm.cc:262) fMLLR objf improvement is 3.88122 per frame over 860 frames.
LOG (gmm-est-fmllr[5.5.896~1-8a59]:main():gmm-est-fmllr.cc:143) For speaker weather023_004, auxf-impr from fMLLR is 3.88122, over 860 frames.
LOG (gmm-est-fmllr[5.5.896~1-8a59]:ComputeFmllrMatrixDiagGmmFull():fmllr-diag-gmm.cc:262) fMLLR objf improvement is 4.64962 per frame over 560 frames.
LOG (gmm-est-fmllr[5.5.896~1-8a59]:main():gmm-est-fmllr.cc:143) For speaker weather023_005, auxf-impr from fMLLR is 4.64962, over 560 frames.
LOG (gmm-est-fmllr[5.5.896~1-8a59]:ComputeFmllrMatrixDiagGmmFull():fmllr-diag-gmm.cc:262) fMLLR objf improvement is 2.42119 per frame over 2051 frames.
LOG (gmm-est-fmllr[5.5.896~1-8a59]:main():gmm-est-fmllr.cc:143) For speaker weather023_006, auxf-impr from fMLLR is 2.42119, over 2051 frames.
LOG (gmm-est-fmllr[5.5.896~1-8a59]:ComputeFmllrMatrixDiagGmmFull():fmllr-diag-gmm.cc:262) fMLLR objf improvement is 2.83167 per frame over 1268 frames.
LOG (gmm-est-fmllr[5.5.896~1-8a59]:main():gmm-est-fmllr.cc:143) For speaker weather023_007, auxf-impr from fMLLR is 2.83167, over 1268 frames.
LOG (gmm-est-fmllr[5.5.896~1-8a59]:ComputeFmllrMatrixDiagGmmFull():fmllr-diag-gmm.cc:262) fMLLR objf improvement is 3.7668 per frame over 998 frames.
LOG (gmm-est-fmllr[5.5.896~1-8a59]:main():gmm-est-fmllr.cc:143) For speaker weather023_008, auxf-impr from fMLLR is 3.7668, over 998 frames.
LOG (gmm-est-fmllr[5.5.896~1-8a59]:ComputeFmllrMatrixDiagGmmFull():fmllr-diag-gmm.cc:262) fMLLR objf improvement is 4.25311 per frame over 613 frames.
LOG (gmm-est-fmllr[5.5.896~1-8a59]:main():gmm-est-fmllr.cc:143) For speaker weather023_009, auxf-impr from fMLLR is 4.25311, over 613 frames.
LOG (gmm-est-fmllr[5.5.896~1-8a59]:ComputeFmllrMatrixDiagGmmFull():fmllr-diag-gmm.cc:262) fMLLR objf improvement is 2.86144 per frame over 1396 frames.
LOG (gmm-est-fmllr[5.5.896~1-8a59]:main():gmm-est-fmllr.cc:143) For speaker weather023_010, auxf-impr from fMLLR is 2.86144, over 1396 frames.
LOG (gmm-est-fmllr[5.5.896~1-8a59]:ComputeFmllrMatrixDiagGmmFull():fmllr-diag-gmm.cc:262) fMLLR objf improvement is 3.84642 per frame over 899 frames.
LOG (gmm-est-fmllr[5.5.896~1-8a59]:main():gmm-est-fmllr.cc:143) For speaker weather023_011, auxf-impr from fMLLR is 3.84642, over 899 frames.
WARNING (gmm-est-fmllr[5.5.896~1-8a59]:Update():fmllr-diag-gmm.cc:162) Not updating fMLLR since below min-count: count is 446
LOG (gmm-est-fmllr[5.5.896~1-8a59]:main():gmm-est-fmllr.cc:143) For speaker weather023_012, auxf-impr from fMLLR is 0, over 446 frames.
LOG (gmm-est-fmllr[5.5.896~1-8a59]:ComputeFmllrMatrixDiagGmmFull():fmllr-diag-gmm.cc:262) fMLLR objf improvement is 4.74173 per frame over 1105 frames.
LOG (gmm-est-fmllr[5.5.896~1-8a59]:main():gmm-est-fmllr.cc:143) For speaker weather023_013, auxf-impr from fMLLR is 4.74173, over 1105 frames.
LOG (gmm-est-fmllr[5.5.896~1-8a59]:ComputeFmllrMatrixDiagGmmFull():fmllr-diag-gmm.cc:262) fMLLR objf improvement is 2.74744 per frame over 1816 frames.
LOG (gmm-est-fmllr[5.5.896~1-8a59]:main():gmm-est-fmllr.cc:143) For speaker weather023_014, auxf-impr from fMLLR is 2.74744, over 1816 frames.
LOG (gmm-est-fmllr[5.5.896~1-8a59]:ComputeFmllrMatrixDiagGmmFull():fmllr-diag-gmm.cc:262) fMLLR objf improvement is 4.70087 per frame over 530 frames.
LOG (gmm-est-fmllr[5.5.896~1-8a59]:main():gmm-est-fmllr.cc:143) For speaker weather024_001, auxf-impr from fMLLR is 4.70087, over 530 frames.
WARNING (gmm-est-fmllr[5.5.896~1-8a59]:Update():fmllr-diag-gmm.cc:162) Not updating fMLLR since below min-count: count is 437
LOG (gmm-est-fmllr[5.5.896~1-8a59]:main():gmm-est-fmllr.cc:143) For speaker weather024_002, auxf-impr from fMLLR is 0, over 437 frames.
WARNING (gmm-est-fmllr[5.5.896~1-8a59]:Update():fmllr-diag-gmm.cc:162) Not updating fMLLR since below min-count: count is 405
LOG (gmm-est-fmllr[5.5.896~1-8a59]:main():gmm-est-fmllr.cc:143) For speaker weather024_003, auxf-impr from fMLLR is 0, over 405 frames.
LOG (gmm-est-fmllr[5.5.896~1-8a59]:ComputeFmllrMatrixDiagGmmFull():fmllr-diag-gmm.cc:262) fMLLR objf improvement is 3.56815 per frame over 1023 frames.
LOG (gmm-est-fmllr[5.5.896~1-8a59]:main():gmm-est-fmllr.cc:143) For speaker weather024_004, auxf-impr from fMLLR is 3.56815, over 1023 frames.
WARNING (gmm-est-fmllr[5.5.896~1-8a59]:Update():fmllr-diag-gmm.cc:162) Not updating fMLLR since below min-count: count is 454
LOG (gmm-est-fmllr[5.5.896~1-8a59]:main():gmm-est-fmllr.cc:143) For speaker weather024_005, auxf-impr from fMLLR is 0, over 454 frames.
LOG (gmm-est-fmllr[5.5.896~1-8a59]:ComputeFmllrMatrixDiagGmmFull():fmllr-diag-gmm.cc:262) fMLLR objf improvement is 4.80399 per frame over 605 frames.
LOG (gmm-est-fmllr[5.5.896~1-8a59]:main():gmm-est-fmllr.cc:143) For speaker weather024_006, auxf-impr from fMLLR is 4.80399, over 605 frames.
WARNING (gmm-est-fmllr[5.5.896~1-8a59]:Update():fmllr-diag-gmm.cc:162) Not updating fMLLR since below min-count: count is 463
LOG (gmm-est-fmllr[5.5.896~1-8a59]:main():gmm-est-fmllr.cc:143) For speaker weather025_001, auxf-impr from fMLLR is 0, over 463 frames.
LOG (gmm-est-fmllr[5.5.896~1-8a59]:ComputeFmllrMatrixDiagGmmFull():fmllr-diag-gmm.cc:262) fMLLR objf improvement is 4.93818 per frame over 957 frames.
LOG (gmm-est-fmllr[5.5.896~1-8a59]:main():gmm-est-fmllr.cc:143) For speaker weather025_002, auxf-impr from fMLLR is 4.93818, over 957 frames.
LOG (gmm-est-fmllr[5.5.896~1-8a59]:ComputeFmllrMatrixDiagGmmFull():fmllr-diag-gmm.cc:262) fMLLR objf improvement is 6.62789 per frame over 840 frames.
LOG (gmm-est-fmllr[5.5.896~1-8a59]:main():gmm-est-fmllr.cc:143) For speaker weather025_003, auxf-impr from fMLLR is 6.62789, over 840 frames.
WARNING (gmm-est-fmllr[5.5.896~1-8a59]:Update():fmllr-diag-gmm.cc:162) Not updating fMLLR since below min-count: count is 187
LOG (gmm-est-fmllr[5.5.896~1-8a59]:main():gmm-est-fmllr.cc:143) For speaker weather025_004, auxf-impr from fMLLR is 0, over 187 frames.
WARNING (gmm-est-fmllr[5.5.896~1-8a59]:Update():fmllr-diag-gmm.cc:162) Not updating fMLLR since below min-count: count is 429
LOG (gmm-est-fmllr[5.5.896~1-8a59]:main():gmm-est-fmllr.cc:143) For speaker weather025_005, auxf-impr from fMLLR is 0, over 429 frames.
WARNING (gmm-est-fmllr[5.5.896~1-8a59]:Update():fmllr-diag-gmm.cc:162) Not updating fMLLR since below min-count: count is 307
LOG (gmm-est-fmllr[5.5.896~1-8a59]:main():gmm-est-fmllr.cc:143) For speaker weather025_006, auxf-impr from fMLLR is 0, over 307 frames.
WARNING (gmm-est-fmllr[5.5.896~1-8a59]:Update():fmllr-diag-gmm.cc:162) Not updating fMLLR since below min-count: count is 164
LOG (gmm-est-fmllr[5.5.896~1-8a59]:main():gmm-est-fmllr.cc:143) For speaker weather025_007, auxf-impr from fMLLR is 0, over 164 frames.
WARNING (gmm-est-fmllr[5.5.896~1-8a59]:Update():fmllr-diag-gmm.cc:162) Not updating fMLLR since below min-count: count is 189
LOG (gmm-est-fmllr[5.5.896~1-8a59]:main():gmm-est-fmllr.cc:143) For speaker weather025_008, auxf-impr from fMLLR is 0, over 189 frames.
LOG (gmm-est-fmllr[5.5.896~1-8a59]:ComputeFmllrMatrixDiagGmmFull():fmllr-diag-gmm.cc:262) fMLLR objf improvement is 6.17457 per frame over 988 frames.
LOG (gmm-est-fmllr[5.5.896~1-8a59]:main():gmm-est-fmllr.cc:143) For speaker weather025_009, auxf-impr from fMLLR is 6.17457, over 988 frames.
LOG (gmm-est-fmllr[5.5.896~1-8a59]:ComputeFmllrMatrixDiagGmmFull():fmllr-diag-gmm.cc:262) fMLLR objf improvement is 8.10142 per frame over 549 frames.
LOG (gmm-est-fmllr[5.5.896~1-8a59]:main():gmm-est-fmllr.cc:143) For speaker weather025_010, auxf-impr from fMLLR is 8.10142, over 549 frames.
WARNING (gmm-est-fmllr[5.5.896~1-8a59]:Update():fmllr-diag-gmm.cc:162) Not updating fMLLR since below min-count: count is 392
LOG (gmm-est-fmllr[5.5.896~1-8a59]:main():gmm-est-fmllr.cc:143) For speaker weather025_011, auxf-impr from fMLLR is 0, over 392 frames.
LOG (gmm-est-fmllr[5.5.896~1-8a59]:ComputeFmllrMatrixDiagGmmFull():fmllr-diag-gmm.cc:262) fMLLR objf improvement is 6.54975 per frame over 1056 frames.
LOG (gmm-est-fmllr[5.5.896~1-8a59]:main():gmm-est-fmllr.cc:143) For speaker weather025_012, auxf-impr from fMLLR is 6.54975, over 1056 frames.
WARNING (gmm-est-fmllr[5.5.896~1-8a59]:Update():fmllr-diag-gmm.cc:162) Not updating fMLLR since below min-count: count is 285
LOG (gmm-est-fmllr[5.5.896~1-8a59]:main():gmm-est-fmllr.cc:143) For speaker weather025_013, auxf-impr from fMLLR is 0, over 285 frames.
WARNING (gmm-est-fmllr[5.5.896~1-8a59]:Update():fmllr-diag-gmm.cc:162) Not updating fMLLR since below min-count: count is 60
LOG (gmm-est-fmllr[5.5.896~1-8a59]:main():gmm-est-fmllr.cc:143) For speaker weather025_014, auxf-impr from fMLLR is 0, over 60 frames.
WARNING (gmm-est-fmllr[5.5.896~1-8a59]:Update():fmllr-diag-gmm.cc:162) Not updating fMLLR since below min-count: count is 175
LOG (gmm-est-fmllr[5.5.896~1-8a59]:main():gmm-est-fmllr.cc:143) For speaker weather026_001, auxf-impr from fMLLR is 0, over 175 frames.
LOG (gmm-est-fmllr[5.5.896~1-8a59]:ComputeFmllrMatrixDiagGmmFull():fmllr-diag-gmm.cc:262) fMLLR objf improvement is 3.60382 per frame over 840 frames.
LOG (gmm-est-fmllr[5.5.896~1-8a59]:main():gmm-est-fmllr.cc:143) For speaker weather026_002, auxf-impr from fMLLR is 3.60382, over 840 frames.
LOG (gmm-est-fmllr[5.5.896~1-8a59]:ComputeFmllrMatrixDiagGmmFull():fmllr-diag-gmm.cc:262) fMLLR objf improvement is 4.67579 per frame over 626 frames.
LOG (gmm-est-fmllr[5.5.896~1-8a59]:main():gmm-est-fmllr.cc:143) For speaker weather026_003, auxf-impr from fMLLR is 4.67579, over 626 frames.
WARNING (gmm-est-fmllr[5.5.896~1-8a59]:Update():fmllr-diag-gmm.cc:162) Not updating fMLLR since below min-count: count is 354
LOG (gmm-est-fmllr[5.5.896~1-8a59]:main():gmm-est-fmllr.cc:143) For speaker weather026_004, auxf-impr from fMLLR is 0, over 354 frames.
LOG (gmm-est-fmllr[5.5.896~1-8a59]:ComputeFmllrMatrixDiagGmmFull():fmllr-diag-gmm.cc:262) fMLLR objf improvement is 3.31617 per frame over 1026 frames.
LOG (gmm-est-fmllr[5.5.896~1-8a59]:main():gmm-est-fmllr.cc:143) For speaker weather026_005, auxf-impr from fMLLR is 3.31617, over 1026 frames.
LOG (gmm-est-fmllr[5.5.896~1-8a59]:ComputeFmllrMatrixDiagGmmFull():fmllr-diag-gmm.cc:262) fMLLR objf improvement is 5.57301 per frame over 502 frames.
LOG (gmm-est-fmllr[5.5.896~1-8a59]:main():gmm-est-fmllr.cc:143) For speaker weather027_001, auxf-impr from fMLLR is 5.57301, over 502 frames.
LOG (gmm-est-fmllr[5.5.896~1-8a59]:ComputeFmllrMatrixDiagGmmFull():fmllr-diag-gmm.cc:262) fMLLR objf improvement is 4.77766 per frame over 531 frames.
LOG (gmm-est-fmllr[5.5.896~1-8a59]:main():gmm-est-fmllr.cc:143) For speaker weather027_002, auxf-impr from fMLLR is 4.77766, over 531 frames.
WARNING (gmm-est-fmllr[5.5.896~1-8a59]:Update():fmllr-diag-gmm.cc:162) Not updating fMLLR since below min-count: count is 377
LOG (gmm-est-fmllr[5.5.896~1-8a59]:main():gmm-est-fmllr.cc:143) For speaker weather027_003, auxf-impr from fMLLR is 0, over 377 frames.
WARNING (gmm-est-fmllr[5.5.896~1-8a59]:Update():fmllr-diag-gmm.cc:162) Not updating fMLLR since below min-count: count is 456
LOG (gmm-est-fmllr[5.5.896~1-8a59]:main():gmm-est-fmllr.cc:143) For speaker weather027_004, auxf-impr from fMLLR is 0, over 456 frames.
WARNING (gmm-est-fmllr[5.5.896~1-8a59]:Update():fmllr-diag-gmm.cc:162) Not updating fMLLR since below min-count: count is 343
LOG (gmm-est-fmllr[5.5.896~1-8a59]:main():gmm-est-fmllr.cc:143) For speaker weather027_005, auxf-impr from fMLLR is 0, over 343 frames.
LOG (gmm-est-fmllr[5.5.896~1-8a59]:ComputeFmllrMatrixDiagGmmFull():fmllr-diag-gmm.cc:262) fMLLR objf improvement is 4.39402 per frame over 524 frames.
LOG (gmm-est-fmllr[5.5.896~1-8a59]:main():gmm-est-fmllr.cc:143) For speaker weather027_006, auxf-impr from fMLLR is 4.39402, over 524 frames.
LOG (gmm-est-fmllr[5.5.896~1-8a59]:ComputeFmllrMatrixDiagGmmFull():fmllr-diag-gmm.cc:262) fMLLR objf improvement is 4.15928 per frame over 762 frames.
LOG (gmm-est-fmllr[5.5.896~1-8a59]:main():gmm-est-fmllr.cc:143) For speaker weather027_007, auxf-impr from fMLLR is 4.15928, over 762 frames.
LOG (ali-to-post[5.5.896~1-8a59]:main():ali-to-post.cc:73) Converted 65 alignments.
LOG (gmm-est-fmllr[5.5.896~1-8a59]:ComputeFmllrMatrixDiagGmmFull():fmllr-diag-gmm.cc:262) fMLLR objf improvement is 4.06362 per frame over 827 frames.
LOG (gmm-est-fmllr[5.5.896~1-8a59]:main():gmm-est-fmllr.cc:143) For speaker weather027_008, auxf-impr from fMLLR is 4.06362, over 827 frames.
LOG (gmm-est-fmllr[5.5.896~1-8a59]:ComputeFmllrMatrixDiagGmmFull():fmllr-diag-gmm.cc:262) fMLLR objf improvement is 4.69781 per frame over 772 frames.
LOG (gmm-est-fmllr[5.5.896~1-8a59]:main():gmm-est-fmllr.cc:143) For speaker weather028_001, auxf-impr from fMLLR is 4.69781, over 772 frames.
WARNING (gmm-est-fmllr[5.5.896~1-8a59]:Update():fmllr-diag-gmm.cc:162) Not updating fMLLR since below min-count: count is 290
LOG (gmm-est-fmllr[5.5.896~1-8a59]:main():gmm-est-fmllr.cc:143) For speaker weather028_002, auxf-impr from fMLLR is 0, over 290 frames.
LOG (gmm-est-fmllr[5.5.896~1-8a59]:ComputeFmllrMatrixDiagGmmFull():fmllr-diag-gmm.cc:262) fMLLR objf improvement is 6.71117 per frame over 527 frames.
LOG (gmm-est-fmllr[5.5.896~1-8a59]:main():gmm-est-fmllr.cc:143) For speaker weather028_003, auxf-impr from fMLLR is 6.71117, over 527 frames.
LOG (gmm-est-fmllr[5.5.896~1-8a59]:ComputeFmllrMatrixDiagGmmFull():fmllr-diag-gmm.cc:262) fMLLR objf improvement is 4.60862 per frame over 681 frames.
LOG (gmm-est-fmllr[5.5.896~1-8a59]:main():gmm-est-fmllr.cc:143) For speaker weather028_004, auxf-impr from fMLLR is 4.60862, over 681 frames.
LOG (gmm-est-fmllr[5.5.896~1-8a59]:ComputeFmllrMatrixDiagGmmFull():fmllr-diag-gmm.cc:262) fMLLR objf improvement is 5.70788 per frame over 581 frames.
LOG (gmm-est-fmllr[5.5.896~1-8a59]:main():gmm-est-fmllr.cc:143) For speaker weather028_005, auxf-impr from fMLLR is 5.70788, over 581 frames.
LOG (gmm-est-fmllr[5.5.896~1-8a59]:ComputeFmllrMatrixDiagGmmFull():fmllr-diag-gmm.cc:262) fMLLR objf improvement is 5.59136 per frame over 629 frames.
LOG (gmm-est-fmllr[5.5.896~1-8a59]:main():gmm-est-fmllr.cc:143) For speaker weather028_006, auxf-impr from fMLLR is 5.59136, over 629 frames.
WARNING (gmm-est-fmllr[5.5.896~1-8a59]:Update():fmllr-diag-gmm.cc:162) Not updating fMLLR since below min-count: count is 405
LOG (gmm-est-fmllr[5.5.896~1-8a59]:main():gmm-est-fmllr.cc:143) For speaker weather028_007, auxf-impr from fMLLR is 0, over 405 frames.
LOG (weight-silence-post[5.5.896~1-8a59]:main():weight-silence-post.cc:95) Done 65 posteriors.
WARNING (gmm-est-fmllr[5.5.896~1-8a59]:Update():fmllr-diag-gmm.cc:162) Not updating fMLLR since below min-count: count is 431
LOG (gmm-est-fmllr[5.5.896~1-8a59]:main():gmm-est-fmllr.cc:143) For speaker weather029_001, auxf-impr from fMLLR is 0, over 431 frames.
LOG (apply-cmvn[5.5.896~1-8a59]:main():apply-cmvn.cc:162) Applied cepstral mean normalization to 66 utterances, errors on 0
WARNING (gmm-est-fmllr[5.5.896~1-8a59]:Update():fmllr-diag-gmm.cc:162) Not updating fMLLR since below min-count: count is 423
LOG (gmm-est-fmllr[5.5.896~1-8a59]:main():gmm-est-fmllr.cc:143) For speaker weather029_002, auxf-impr from fMLLR is 0, over 423 frames.
LOG (gmm-est-fmllr[5.5.896~1-8a59]:ComputeFmllrMatrixDiagGmmFull():fmllr-diag-gmm.cc:262) fMLLR objf improvement is 2.5095 per frame over 1270 frames.
LOG (gmm-est-fmllr[5.5.896~1-8a59]:main():gmm-est-fmllr.cc:143) For speaker weather029_003, auxf-impr from fMLLR is 2.5095, over 1270 frames.
LOG (gmm-est-fmllr[5.5.896~1-8a59]:ComputeFmllrMatrixDiagGmmFull():fmllr-diag-gmm.cc:262) fMLLR objf improvement is 2.35066 per frame over 1194 frames.
LOG (gmm-est-fmllr[5.5.896~1-8a59]:main():gmm-est-fmllr.cc:143) For speaker weather029_004, auxf-impr from fMLLR is 2.35066, over 1194 frames.
LOG (transform-feats[5.5.896~1-8a59]:main():transform-feats.cc:158) Overall average [pseudo-]logdet is -88.4635 over 47295 frames.
LOG (transform-feats[5.5.896~1-8a59]:main():transform-feats.cc:161) Applied transform to 66 utterances; 0 had errors.
LOG (gmm-est-fmllr[5.5.896~1-8a59]:ComputeFmllrMatrixDiagGmmFull():fmllr-diag-gmm.cc:262) fMLLR objf improvement is 2.99485 per frame over 1006 frames.
LOG (gmm-est-fmllr[5.5.896~1-8a59]:main():gmm-est-fmllr.cc:143) For speaker weather029_005, auxf-impr from fMLLR is 2.99485, over 1006 frames.
LOG (gmm-est-fmllr[5.5.896~1-8a59]:main():gmm-est-fmllr.cc:188) Done 65 files, 1 with no posts, 0 with other errors.
LOG (gmm-est-fmllr[5.5.896~1-8a59]:main():gmm-est-fmllr.cc:190) Overall fMLLR auxf impr per frame is 3.24924 over 42307 frames.
# Accounting: time=4 threads=1
# Ended (code 0) at Sun Apr  4 16:16:07 CST 2021, elapsed time 4 seconds
