# extract-segments scp,p:data/train/wav.scp exp/make_mfcc/train/segments.3 ark:- | compute-mfcc-feats --write-utt2dur=ark,t:exp/make_mfcc/train/utt2dur.3 --verbose=2 --config=conf/mfcc.conf ark:- ark:- | copy-feats --compress=true --write-num-frames=ark,t:exp/make_mfcc/train/utt2num_frames.3 ark:- ark,scp:/mnt/c/kaldi/egs/thesis/weather/mfcc/raw_mfcc_train.3.ark,/mnt/c/kaldi/egs/thesis/weather/mfcc/raw_mfcc_train.3.scp 
# Started at Sun May 16 20:33:00 CST 2021
#
compute-mfcc-feats --write-utt2dur=ark,t:exp/make_mfcc/train/utt2dur.3 --verbose=2 --config=conf/mfcc.conf ark:- ark:- 
copy-feats --compress=true --write-num-frames=ark,t:exp/make_mfcc/train/utt2num_frames.3 ark:- ark,scp:/mnt/c/kaldi/egs/thesis/weather/mfcc/raw_mfcc_train.3.ark,/mnt/c/kaldi/egs/thesis/weather/mfcc/raw_mfcc_train.3.scp 
extract-segments scp,p:data/train/wav.scp exp/make_mfcc/train/segments.3 ark:- 
VLOG[2] (compute-mfcc-feats[5.5.896~1-8a59]:main():compute-mfcc-feats.cc:182) Processed features for key weather025_007
VLOG[2] (compute-mfcc-feats[5.5.896~1-8a59]:main():compute-mfcc-feats.cc:182) Processed features for key weather025_008
VLOG[2] (compute-mfcc-feats[5.5.896~1-8a59]:main():compute-mfcc-feats.cc:182) Processed features for key weather025_009
VLOG[2] (compute-mfcc-feats[5.5.896~1-8a59]:main():compute-mfcc-feats.cc:182) Processed features for key weather025_010
VLOG[2] (compute-mfcc-feats[5.5.896~1-8a59]:main():compute-mfcc-feats.cc:182) Processed features for key weather025_011
VLOG[2] (compute-mfcc-feats[5.5.896~1-8a59]:main():compute-mfcc-feats.cc:182) Processed features for key weather025_012
VLOG[2] (compute-mfcc-feats[5.5.896~1-8a59]:main():compute-mfcc-feats.cc:182) Processed features for key weather025_013
VLOG[2] (compute-mfcc-feats[5.5.896~1-8a59]:main():compute-mfcc-feats.cc:182) Processed features for key weather025_014
VLOG[2] (compute-mfcc-feats[5.5.896~1-8a59]:main():compute-mfcc-feats.cc:182) Processed features for key weather026_001
LOG (compute-mfcc-feats[5.5.896~1-8a59]:main():compute-mfcc-feats.cc:181) Processed 10 utterances
VLOG[2] (compute-mfcc-feats[5.5.896~1-8a59]:main():compute-mfcc-feats.cc:182) Processed features for key weather026_002
VLOG[2] (compute-mfcc-feats[5.5.896~1-8a59]:main():compute-mfcc-feats.cc:182) Processed features for key weather026_003
VLOG[2] (compute-mfcc-feats[5.5.896~1-8a59]:main():compute-mfcc-feats.cc:182) Processed features for key weather026_004
VLOG[2] (compute-mfcc-feats[5.5.896~1-8a59]:main():compute-mfcc-feats.cc:182) Processed features for key weather026_005
VLOG[2] (compute-mfcc-feats[5.5.896~1-8a59]:main():compute-mfcc-feats.cc:182) Processed features for key weather027_001
VLOG[2] (compute-mfcc-feats[5.5.896~1-8a59]:main():compute-mfcc-feats.cc:182) Processed features for key weather027_002
VLOG[2] (compute-mfcc-feats[5.5.896~1-8a59]:main():compute-mfcc-feats.cc:182) Processed features for key weather027_003
VLOG[2] (compute-mfcc-feats[5.5.896~1-8a59]:main():compute-mfcc-feats.cc:182) Processed features for key weather027_004
VLOG[2] (compute-mfcc-feats[5.5.896~1-8a59]:main():compute-mfcc-feats.cc:182) Processed features for key weather027_005
VLOG[2] (compute-mfcc-feats[5.5.896~1-8a59]:main():compute-mfcc-feats.cc:182) Processed features for key weather027_006
LOG (compute-mfcc-feats[5.5.896~1-8a59]:main():compute-mfcc-feats.cc:181) Processed 20 utterances
VLOG[2] (compute-mfcc-feats[5.5.896~1-8a59]:main():compute-mfcc-feats.cc:182) Processed features for key weather027_007
/usr/bin/sox WARN rate: rate clipped 256 samples; decrease volume?
/usr/bin/sox WARN dither: dither clipped 226 samples; decrease volume?
VLOG[2] (compute-mfcc-feats[5.5.896~1-8a59]:main():compute-mfcc-feats.cc:182) Processed features for key weather027_008
VLOG[2] (compute-mfcc-feats[5.5.896~1-8a59]:main():compute-mfcc-feats.cc:182) Processed features for key weather028_001
VLOG[2] (compute-mfcc-feats[5.5.896~1-8a59]:main():compute-mfcc-feats.cc:182) Processed features for key weather028_002
VLOG[2] (compute-mfcc-feats[5.5.896~1-8a59]:main():compute-mfcc-feats.cc:182) Processed features for key weather028_003
VLOG[2] (compute-mfcc-feats[5.5.896~1-8a59]:main():compute-mfcc-feats.cc:182) Processed features for key weather028_004
VLOG[2] (compute-mfcc-feats[5.5.896~1-8a59]:main():compute-mfcc-feats.cc:182) Processed features for key weather028_005
VLOG[2] (compute-mfcc-feats[5.5.896~1-8a59]:main():compute-mfcc-feats.cc:182) Processed features for key weather028_006
VLOG[2] (compute-mfcc-feats[5.5.896~1-8a59]:main():compute-mfcc-feats.cc:182) Processed features for key weather028_007
VLOG[2] (compute-mfcc-feats[5.5.896~1-8a59]:main():compute-mfcc-feats.cc:182) Processed features for key weather029_001
LOG (compute-mfcc-feats[5.5.896~1-8a59]:main():compute-mfcc-feats.cc:181) Processed 30 utterances
VLOG[2] (compute-mfcc-feats[5.5.896~1-8a59]:main():compute-mfcc-feats.cc:182) Processed features for key weather029_002
VLOG[2] (compute-mfcc-feats[5.5.896~1-8a59]:main():compute-mfcc-feats.cc:182) Processed features for key weather029_003
VLOG[2] (compute-mfcc-feats[5.5.896~1-8a59]:main():compute-mfcc-feats.cc:182) Processed features for key weather029_004
VLOG[2] (compute-mfcc-feats[5.5.896~1-8a59]:main():compute-mfcc-feats.cc:182) Processed features for key weather029_005
VLOG[2] (compute-mfcc-feats[5.5.896~1-8a59]:main():compute-mfcc-feats.cc:182) Processed features for key weather029_006
VLOG[2] (compute-mfcc-feats[5.5.896~1-8a59]:main():compute-mfcc-feats.cc:182) Processed features for key weather029_007
VLOG[2] (compute-mfcc-feats[5.5.896~1-8a59]:main():compute-mfcc-feats.cc:182) Processed features for key weather029_008
VLOG[2] (compute-mfcc-feats[5.5.896~1-8a59]:main():compute-mfcc-feats.cc:182) Processed features for key weather029_009
VLOG[2] (compute-mfcc-feats[5.5.896~1-8a59]:main():compute-mfcc-feats.cc:182) Processed features for key weather029_010
VLOG[2] (compute-mfcc-feats[5.5.896~1-8a59]:main():compute-mfcc-feats.cc:182) Processed features for key weather029_011
LOG (compute-mfcc-feats[5.5.896~1-8a59]:main():compute-mfcc-feats.cc:181) Processed 40 utterances
VLOG[2] (compute-mfcc-feats[5.5.896~1-8a59]:main():compute-mfcc-feats.cc:182) Processed features for key weather029_012
VLOG[2] (compute-mfcc-feats[5.5.896~1-8a59]:main():compute-mfcc-feats.cc:182) Processed features for key weather029_013
VLOG[2] (compute-mfcc-feats[5.5.896~1-8a59]:main():compute-mfcc-feats.cc:182) Processed features for key weather029_014
VLOG[2] (compute-mfcc-feats[5.5.896~1-8a59]:main():compute-mfcc-feats.cc:182) Processed features for key weather029_015
VLOG[2] (compute-mfcc-feats[5.5.896~1-8a59]:main():compute-mfcc-feats.cc:182) Processed features for key weather029_016
LOG (extract-segments[5.5.896~1-8a59]:main():extract-segments.cc:194) Successfully processed 45 lines out of 45 in the segments file. 
VLOG[2] (compute-mfcc-feats[5.5.896~1-8a59]:main():compute-mfcc-feats.cc:182) Processed features for key weather029_017
LOG (compute-mfcc-feats[5.5.896~1-8a59]:main():compute-mfcc-feats.cc:185)  Done 45 out of 45 utterances.
LOG (copy-feats[5.5.896~1-8a59]:main():copy-feats.cc:143) Copied 45 feature matrices.
# Accounting: time=5 threads=1
# Ended (code 0) at Sun May 16 20:33:05 CST 2021, elapsed time 5 seconds
