# extract-segments scp,p:data/train/wav.scp exp/make_mfcc/train/segments.16 ark:- | compute-mfcc-feats --write-utt2dur=ark,t:exp/make_mfcc/train/utt2dur.16 --verbose=2 --config=conf/mfcc.conf ark:- ark:- | copy-feats --compress=true --write-num-frames=ark,t:exp/make_mfcc/train/utt2num_frames.16 ark:- ark,scp:/mnt/c/kaldi/egs/thesis/weather/mfcc/raw_mfcc_train.16.ark,/mnt/c/kaldi/egs/thesis/weather/mfcc/raw_mfcc_train.16.scp 
# Started at Wed Mar 31 21:45:16 CST 2021
#
extract-segments scp,p:data/train/wav.scp exp/make_mfcc/train/segments.16 ark:- 
WARNING (extract-segments[5.5.896~1-8a59]:Read():wave-reader.cc:260) Expected 4305198 bytes in RIFF chunk, but after first data block there will be 36 + 4304774 bytes (we do not support reading multiple data chunks).
copy-feats --compress=true --write-num-frames=ark,t:exp/make_mfcc/train/utt2num_frames.16 ark:- ark,scp:/mnt/c/kaldi/egs/thesis/weather/mfcc/raw_mfcc_train.16.ark,/mnt/c/kaldi/egs/thesis/weather/mfcc/raw_mfcc_train.16.scp 
compute-mfcc-feats --write-utt2dur=ark,t:exp/make_mfcc/train/utt2dur.16 --verbose=2 --config=conf/mfcc.conf ark:- ark:- 
VLOG[2] (compute-mfcc-feats[5.5.896~1-8a59]:main():compute-mfcc-feats.cc:182) Processed features for key weather027_005
VLOG[2] (compute-mfcc-feats[5.5.896~1-8a59]:main():compute-mfcc-feats.cc:182) Processed features for key weather027_006
VLOG[2] (compute-mfcc-feats[5.5.896~1-8a59]:main():compute-mfcc-feats.cc:182) Processed features for key weather027_007
WARNING (extract-segments[5.5.896~1-8a59]:Read():wave-reader.cc:260) Expected 3966708 bytes in RIFF chunk, but after first data block there will be 36 + 3966284 bytes (we do not support reading multiple data chunks).
VLOG[2] (compute-mfcc-feats[5.5.896~1-8a59]:main():compute-mfcc-feats.cc:182) Processed features for key weather027_008
VLOG[2] (compute-mfcc-feats[5.5.896~1-8a59]:main():compute-mfcc-feats.cc:182) Processed features for key weather028_001
VLOG[2] (compute-mfcc-feats[5.5.896~1-8a59]:main():compute-mfcc-feats.cc:182) Processed features for key weather028_002
VLOG[2] (compute-mfcc-feats[5.5.896~1-8a59]:main():compute-mfcc-feats.cc:182) Processed features for key weather028_003
VLOG[2] (compute-mfcc-feats[5.5.896~1-8a59]:main():compute-mfcc-feats.cc:182) Processed features for key weather028_004
VLOG[2] (compute-mfcc-feats[5.5.896~1-8a59]:main():compute-mfcc-feats.cc:182) Processed features for key weather028_005
LOG (compute-mfcc-feats[5.5.896~1-8a59]:main():compute-mfcc-feats.cc:181) Processed 10 utterances
VLOG[2] (compute-mfcc-feats[5.5.896~1-8a59]:main():compute-mfcc-feats.cc:182) Processed features for key weather028_006
WARNING (extract-segments[5.5.896~1-8a59]:Read():wave-reader.cc:260) Expected 14754112 bytes in RIFF chunk, but after first data block there will be 36 + 14753688 bytes (we do not support reading multiple data chunks).
VLOG[2] (compute-mfcc-feats[5.5.896~1-8a59]:main():compute-mfcc-feats.cc:182) Processed features for key weather028_007
VLOG[2] (compute-mfcc-feats[5.5.896~1-8a59]:main():compute-mfcc-feats.cc:182) Processed features for key weather029_001
VLOG[2] (compute-mfcc-feats[5.5.896~1-8a59]:main():compute-mfcc-feats.cc:182) Processed features for key weather029_002
VLOG[2] (compute-mfcc-feats[5.5.896~1-8a59]:main():compute-mfcc-feats.cc:182) Processed features for key weather029_003
VLOG[2] (compute-mfcc-feats[5.5.896~1-8a59]:main():compute-mfcc-feats.cc:182) Processed features for key weather029_004
LOG (extract-segments[5.5.896~1-8a59]:main():extract-segments.cc:194) Successfully processed 16 lines out of 16 in the segments file. 
VLOG[2] (compute-mfcc-feats[5.5.896~1-8a59]:main():compute-mfcc-feats.cc:182) Processed features for key weather029_005
LOG (compute-mfcc-feats[5.5.896~1-8a59]:main():compute-mfcc-feats.cc:185)  Done 16 out of 16 utterances.
LOG (copy-feats[5.5.896~1-8a59]:main():copy-feats.cc:143) Copied 16 feature matrices.
# Accounting: time=3 threads=1
# Ended (code 0) at Wed Mar 31 21:45:19 CST 2021, elapsed time 3 seconds
