# extract-segments scp,p:data/train/wav.scp exp/make_mfcc/train/segments.12 ark:- | compute-mfcc-feats --write-utt2dur=ark,t:exp/make_mfcc/train/utt2dur.12 --verbose=2 --config=conf/mfcc.conf ark:- ark:- | copy-feats --compress=true --write-num-frames=ark,t:exp/make_mfcc/train/utt2num_frames.12 ark:- ark,scp:/mnt/c/kaldi/egs/thesis/weather/mfcc/raw_mfcc_train.12.ark,/mnt/c/kaldi/egs/thesis/weather/mfcc/raw_mfcc_train.12.scp 
# Started at Sun May 16 20:33:00 CST 2021
#
compute-mfcc-feats --write-utt2dur=ark,t:exp/make_mfcc/train/utt2dur.12 --verbose=2 --config=conf/mfcc.conf ark:- ark:- 
copy-feats --compress=true --write-num-frames=ark,t:exp/make_mfcc/train/utt2num_frames.12 ark:- ark,scp:/mnt/c/kaldi/egs/thesis/weather/mfcc/raw_mfcc_train.12.ark,/mnt/c/kaldi/egs/thesis/weather/mfcc/raw_mfcc_train.12.scp 
extract-segments scp,p:data/train/wav.scp exp/make_mfcc/train/segments.12 ark:- 
VLOG[2] (compute-mfcc-feats[5.5.896~1-8a59]:main():compute-mfcc-feats.cc:182) Processed features for key weather054_011
VLOG[2] (compute-mfcc-feats[5.5.896~1-8a59]:main():compute-mfcc-feats.cc:182) Processed features for key weather054_012
VLOG[2] (compute-mfcc-feats[5.5.896~1-8a59]:main():compute-mfcc-feats.cc:182) Processed features for key weather054_013
VLOG[2] (compute-mfcc-feats[5.5.896~1-8a59]:main():compute-mfcc-feats.cc:182) Processed features for key weather054_014
VLOG[2] (compute-mfcc-feats[5.5.896~1-8a59]:main():compute-mfcc-feats.cc:182) Processed features for key weather054_015
VLOG[2] (compute-mfcc-feats[5.5.896~1-8a59]:main():compute-mfcc-feats.cc:182) Processed features for key weather054_016
VLOG[2] (compute-mfcc-feats[5.5.896~1-8a59]:main():compute-mfcc-feats.cc:182) Processed features for key weather054_017
VLOG[2] (compute-mfcc-feats[5.5.896~1-8a59]:main():compute-mfcc-feats.cc:182) Processed features for key weather054_018
VLOG[2] (compute-mfcc-feats[5.5.896~1-8a59]:main():compute-mfcc-feats.cc:182) Processed features for key weather054_019
LOG (compute-mfcc-feats[5.5.896~1-8a59]:main():compute-mfcc-feats.cc:181) Processed 10 utterances
VLOG[2] (compute-mfcc-feats[5.5.896~1-8a59]:main():compute-mfcc-feats.cc:182) Processed features for key weather054_020
VLOG[2] (compute-mfcc-feats[5.5.896~1-8a59]:main():compute-mfcc-feats.cc:182) Processed features for key weather054_021
VLOG[2] (compute-mfcc-feats[5.5.896~1-8a59]:main():compute-mfcc-feats.cc:182) Processed features for key weather054_022
VLOG[2] (compute-mfcc-feats[5.5.896~1-8a59]:main():compute-mfcc-feats.cc:182) Processed features for key weather055_001
VLOG[2] (compute-mfcc-feats[5.5.896~1-8a59]:main():compute-mfcc-feats.cc:182) Processed features for key weather055_002
VLOG[2] (compute-mfcc-feats[5.5.896~1-8a59]:main():compute-mfcc-feats.cc:182) Processed features for key weather055_003
VLOG[2] (compute-mfcc-feats[5.5.896~1-8a59]:main():compute-mfcc-feats.cc:182) Processed features for key weather055_004
VLOG[2] (compute-mfcc-feats[5.5.896~1-8a59]:main():compute-mfcc-feats.cc:182) Processed features for key weather055_005
VLOG[2] (compute-mfcc-feats[5.5.896~1-8a59]:main():compute-mfcc-feats.cc:182) Processed features for key weather055_006
VLOG[2] (compute-mfcc-feats[5.5.896~1-8a59]:main():compute-mfcc-feats.cc:182) Processed features for key weather055_007
LOG (compute-mfcc-feats[5.5.896~1-8a59]:main():compute-mfcc-feats.cc:181) Processed 20 utterances
VLOG[2] (compute-mfcc-feats[5.5.896~1-8a59]:main():compute-mfcc-feats.cc:182) Processed features for key weather055_008
VLOG[2] (compute-mfcc-feats[5.5.896~1-8a59]:main():compute-mfcc-feats.cc:182) Processed features for key weather055_009
VLOG[2] (compute-mfcc-feats[5.5.896~1-8a59]:main():compute-mfcc-feats.cc:182) Processed features for key weather055_010
VLOG[2] (compute-mfcc-feats[5.5.896~1-8a59]:main():compute-mfcc-feats.cc:182) Processed features for key weather055_011
VLOG[2] (compute-mfcc-feats[5.5.896~1-8a59]:main():compute-mfcc-feats.cc:182) Processed features for key weather055_012
VLOG[2] (compute-mfcc-feats[5.5.896~1-8a59]:main():compute-mfcc-feats.cc:182) Processed features for key weather055_013
VLOG[2] (compute-mfcc-feats[5.5.896~1-8a59]:main():compute-mfcc-feats.cc:182) Processed features for key weather055_014
VLOG[2] (compute-mfcc-feats[5.5.896~1-8a59]:main():compute-mfcc-feats.cc:182) Processed features for key weather055_015
VLOG[2] (compute-mfcc-feats[5.5.896~1-8a59]:main():compute-mfcc-feats.cc:182) Processed features for key weather055_016
VLOG[2] (compute-mfcc-feats[5.5.896~1-8a59]:main():compute-mfcc-feats.cc:182) Processed features for key weather056_001
LOG (compute-mfcc-feats[5.5.896~1-8a59]:main():compute-mfcc-feats.cc:181) Processed 30 utterances
VLOG[2] (compute-mfcc-feats[5.5.896~1-8a59]:main():compute-mfcc-feats.cc:182) Processed features for key weather056_002
VLOG[2] (compute-mfcc-feats[5.5.896~1-8a59]:main():compute-mfcc-feats.cc:182) Processed features for key weather056_003
VLOG[2] (compute-mfcc-feats[5.5.896~1-8a59]:main():compute-mfcc-feats.cc:182) Processed features for key weather056_004
VLOG[2] (compute-mfcc-feats[5.5.896~1-8a59]:main():compute-mfcc-feats.cc:182) Processed features for key weather056_005
VLOG[2] (compute-mfcc-feats[5.5.896~1-8a59]:main():compute-mfcc-feats.cc:182) Processed features for key weather056_006
VLOG[2] (compute-mfcc-feats[5.5.896~1-8a59]:main():compute-mfcc-feats.cc:182) Processed features for key weather056_007
VLOG[2] (compute-mfcc-feats[5.5.896~1-8a59]:main():compute-mfcc-feats.cc:182) Processed features for key weather056_008
VLOG[2] (compute-mfcc-feats[5.5.896~1-8a59]:main():compute-mfcc-feats.cc:182) Processed features for key weather056_009
VLOG[2] (compute-mfcc-feats[5.5.896~1-8a59]:main():compute-mfcc-feats.cc:182) Processed features for key weather056_010
VLOG[2] (compute-mfcc-feats[5.5.896~1-8a59]:main():compute-mfcc-feats.cc:182) Processed features for key weather056_011
LOG (compute-mfcc-feats[5.5.896~1-8a59]:main():compute-mfcc-feats.cc:181) Processed 40 utterances
VLOG[2] (compute-mfcc-feats[5.5.896~1-8a59]:main():compute-mfcc-feats.cc:182) Processed features for key weather056_012
VLOG[2] (compute-mfcc-feats[5.5.896~1-8a59]:main():compute-mfcc-feats.cc:182) Processed features for key weather056_013
VLOG[2] (compute-mfcc-feats[5.5.896~1-8a59]:main():compute-mfcc-feats.cc:182) Processed features for key weather056_014
VLOG[2] (compute-mfcc-feats[5.5.896~1-8a59]:main():compute-mfcc-feats.cc:182) Processed features for key weather056_015
VLOG[2] (compute-mfcc-feats[5.5.896~1-8a59]:main():compute-mfcc-feats.cc:182) Processed features for key weather056_016
LOG (extract-segments[5.5.896~1-8a59]:main():extract-segments.cc:194) Successfully processed 45 lines out of 45 in the segments file. 
VLOG[2] (compute-mfcc-feats[5.5.896~1-8a59]:main():compute-mfcc-feats.cc:182) Processed features for key weather056_017
LOG (compute-mfcc-feats[5.5.896~1-8a59]:main():compute-mfcc-feats.cc:185)  Done 45 out of 45 utterances.
LOG (copy-feats[5.5.896~1-8a59]:main():copy-feats.cc:143) Copied 45 feature matrices.
# Accounting: time=7 threads=1
# Ended (code 0) at Sun May 16 20:33:07 CST 2021, elapsed time 7 seconds
