# extract-segments scp,p:data/train/wav.scp exp/make_mfcc/train/segments.2 ark:- | compute-mfcc-feats --write-utt2dur=ark,t:exp/make_mfcc/train/utt2dur.2 --verbose=2 --config=conf/mfcc.conf ark:- ark:- | copy-feats --compress=true --write-num-frames=ark,t:exp/make_mfcc/train/utt2num_frames.2 ark:- ark,scp:/mnt/c/kaldi/egs/thesis/weather/mfcc/raw_mfcc_train.2.ark,/mnt/c/kaldi/egs/thesis/weather/mfcc/raw_mfcc_train.2.scp 
# Started at Sun May 16 20:33:00 CST 2021
#
extract-segments scp,p:data/train/wav.scp exp/make_mfcc/train/segments.2 ark:- 
compute-mfcc-feats --write-utt2dur=ark,t:exp/make_mfcc/train/utt2dur.2 --verbose=2 --config=conf/mfcc.conf ark:- ark:- 
copy-feats --compress=true --write-num-frames=ark,t:exp/make_mfcc/train/utt2num_frames.2 ark:- ark,scp:/mnt/c/kaldi/egs/thesis/weather/mfcc/raw_mfcc_train.2.ark,/mnt/c/kaldi/egs/thesis/weather/mfcc/raw_mfcc_train.2.scp 
VLOG[2] (compute-mfcc-feats[5.5.896~1-8a59]:main():compute-mfcc-feats.cc:182) Processed features for key weather021_004
VLOG[2] (compute-mfcc-feats[5.5.896~1-8a59]:main():compute-mfcc-feats.cc:182) Processed features for key weather021_005
VLOG[2] (compute-mfcc-feats[5.5.896~1-8a59]:main():compute-mfcc-feats.cc:182) Processed features for key weather021_006
VLOG[2] (compute-mfcc-feats[5.5.896~1-8a59]:main():compute-mfcc-feats.cc:182) Processed features for key weather021_007
VLOG[2] (compute-mfcc-feats[5.5.896~1-8a59]:main():compute-mfcc-feats.cc:182) Processed features for key weather021_008
VLOG[2] (compute-mfcc-feats[5.5.896~1-8a59]:main():compute-mfcc-feats.cc:182) Processed features for key weather021_009
VLOG[2] (compute-mfcc-feats[5.5.896~1-8a59]:main():compute-mfcc-feats.cc:182) Processed features for key weather021_010
VLOG[2] (compute-mfcc-feats[5.5.896~1-8a59]:main():compute-mfcc-feats.cc:182) Processed features for key weather021_011
VLOG[2] (compute-mfcc-feats[5.5.896~1-8a59]:main():compute-mfcc-feats.cc:182) Processed features for key weather021_012
LOG (compute-mfcc-feats[5.5.896~1-8a59]:main():compute-mfcc-feats.cc:181) Processed 10 utterances
VLOG[2] (compute-mfcc-feats[5.5.896~1-8a59]:main():compute-mfcc-feats.cc:182) Processed features for key weather021_013
VLOG[2] (compute-mfcc-feats[5.5.896~1-8a59]:main():compute-mfcc-feats.cc:182) Processed features for key weather022_001
VLOG[2] (compute-mfcc-feats[5.5.896~1-8a59]:main():compute-mfcc-feats.cc:182) Processed features for key weather022_002
VLOG[2] (compute-mfcc-feats[5.5.896~1-8a59]:main():compute-mfcc-feats.cc:182) Processed features for key weather022_003
VLOG[2] (compute-mfcc-feats[5.5.896~1-8a59]:main():compute-mfcc-feats.cc:182) Processed features for key weather022_004
VLOG[2] (compute-mfcc-feats[5.5.896~1-8a59]:main():compute-mfcc-feats.cc:182) Processed features for key weather022_005
VLOG[2] (compute-mfcc-feats[5.5.896~1-8a59]:main():compute-mfcc-feats.cc:182) Processed features for key weather022_006
VLOG[2] (compute-mfcc-feats[5.5.896~1-8a59]:main():compute-mfcc-feats.cc:182) Processed features for key weather022_007
VLOG[2] (compute-mfcc-feats[5.5.896~1-8a59]:main():compute-mfcc-feats.cc:182) Processed features for key weather022_008
VLOG[2] (compute-mfcc-feats[5.5.896~1-8a59]:main():compute-mfcc-feats.cc:182) Processed features for key weather022_009
LOG (compute-mfcc-feats[5.5.896~1-8a59]:main():compute-mfcc-feats.cc:181) Processed 20 utterances
VLOG[2] (compute-mfcc-feats[5.5.896~1-8a59]:main():compute-mfcc-feats.cc:182) Processed features for key weather023_001
VLOG[2] (compute-mfcc-feats[5.5.896~1-8a59]:main():compute-mfcc-feats.cc:182) Processed features for key weather023_002
VLOG[2] (compute-mfcc-feats[5.5.896~1-8a59]:main():compute-mfcc-feats.cc:182) Processed features for key weather023_003
VLOG[2] (compute-mfcc-feats[5.5.896~1-8a59]:main():compute-mfcc-feats.cc:182) Processed features for key weather023_004
VLOG[2] (compute-mfcc-feats[5.5.896~1-8a59]:main():compute-mfcc-feats.cc:182) Processed features for key weather023_005
VLOG[2] (compute-mfcc-feats[5.5.896~1-8a59]:main():compute-mfcc-feats.cc:182) Processed features for key weather023_006
VLOG[2] (compute-mfcc-feats[5.5.896~1-8a59]:main():compute-mfcc-feats.cc:182) Processed features for key weather023_007
VLOG[2] (compute-mfcc-feats[5.5.896~1-8a59]:main():compute-mfcc-feats.cc:182) Processed features for key weather023_008
VLOG[2] (compute-mfcc-feats[5.5.896~1-8a59]:main():compute-mfcc-feats.cc:182) Processed features for key weather023_009
VLOG[2] (compute-mfcc-feats[5.5.896~1-8a59]:main():compute-mfcc-feats.cc:182) Processed features for key weather023_010
LOG (compute-mfcc-feats[5.5.896~1-8a59]:main():compute-mfcc-feats.cc:181) Processed 30 utterances
VLOG[2] (compute-mfcc-feats[5.5.896~1-8a59]:main():compute-mfcc-feats.cc:182) Processed features for key weather023_011
VLOG[2] (compute-mfcc-feats[5.5.896~1-8a59]:main():compute-mfcc-feats.cc:182) Processed features for key weather023_012
VLOG[2] (compute-mfcc-feats[5.5.896~1-8a59]:main():compute-mfcc-feats.cc:182) Processed features for key weather023_013
VLOG[2] (compute-mfcc-feats[5.5.896~1-8a59]:main():compute-mfcc-feats.cc:182) Processed features for key weather023_014
VLOG[2] (compute-mfcc-feats[5.5.896~1-8a59]:main():compute-mfcc-feats.cc:182) Processed features for key weather024_001
VLOG[2] (compute-mfcc-feats[5.5.896~1-8a59]:main():compute-mfcc-feats.cc:182) Processed features for key weather024_002
VLOG[2] (compute-mfcc-feats[5.5.896~1-8a59]:main():compute-mfcc-feats.cc:182) Processed features for key weather024_003
VLOG[2] (compute-mfcc-feats[5.5.896~1-8a59]:main():compute-mfcc-feats.cc:182) Processed features for key weather024_004
VLOG[2] (compute-mfcc-feats[5.5.896~1-8a59]:main():compute-mfcc-feats.cc:182) Processed features for key weather024_005
VLOG[2] (compute-mfcc-feats[5.5.896~1-8a59]:main():compute-mfcc-feats.cc:182) Processed features for key weather024_006
LOG (compute-mfcc-feats[5.5.896~1-8a59]:main():compute-mfcc-feats.cc:181) Processed 40 utterances
VLOG[2] (compute-mfcc-feats[5.5.896~1-8a59]:main():compute-mfcc-feats.cc:182) Processed features for key weather025_001
VLOG[2] (compute-mfcc-feats[5.5.896~1-8a59]:main():compute-mfcc-feats.cc:182) Processed features for key weather025_002
VLOG[2] (compute-mfcc-feats[5.5.896~1-8a59]:main():compute-mfcc-feats.cc:182) Processed features for key weather025_003
VLOG[2] (compute-mfcc-feats[5.5.896~1-8a59]:main():compute-mfcc-feats.cc:182) Processed features for key weather025_004
VLOG[2] (compute-mfcc-feats[5.5.896~1-8a59]:main():compute-mfcc-feats.cc:182) Processed features for key weather025_005
LOG (extract-segments[5.5.896~1-8a59]:main():extract-segments.cc:194) Successfully processed 45 lines out of 45 in the segments file. 
VLOG[2] (compute-mfcc-feats[5.5.896~1-8a59]:main():compute-mfcc-feats.cc:182) Processed features for key weather025_006
LOG (compute-mfcc-feats[5.5.896~1-8a59]:main():compute-mfcc-feats.cc:185)  Done 45 out of 45 utterances.
LOG (copy-feats[5.5.896~1-8a59]:main():copy-feats.cc:143) Copied 45 feature matrices.
# Accounting: time=5 threads=1
# Ended (code 0) at Sun May 16 20:33:05 CST 2021, elapsed time 5 seconds
