# extract-segments scp,p:data/train/wav.scp exp/make_mfcc/train/segments.8 ark:- | compute-mfcc-feats --write-utt2dur=ark,t:exp/make_mfcc/train/utt2dur.8 --verbose=2 --config=conf/mfcc.conf ark:- ark:- | copy-feats --compress=true --write-num-frames=ark,t:exp/make_mfcc/train/utt2num_frames.8 ark:- ark,scp:/mnt/c/kaldi/egs/thesis/weather/mfcc/raw_mfcc_train.8.ark,/mnt/c/kaldi/egs/thesis/weather/mfcc/raw_mfcc_train.8.scp 
# Started at Wed Mar 31 21:45:16 CST 2021
#
extract-segments scp,p:data/train/wav.scp exp/make_mfcc/train/segments.8 ark:- 
WARNING (extract-segments[5.5.896~1-8a59]:Read():wave-reader.cc:260) Expected 9758124 bytes in RIFF chunk, but after first data block there will be 36 + 9757700 bytes (we do not support reading multiple data chunks).
copy-feats --compress=true --write-num-frames=ark,t:exp/make_mfcc/train/utt2num_frames.8 ark:- ark,scp:/mnt/c/kaldi/egs/thesis/weather/mfcc/raw_mfcc_train.8.ark,/mnt/c/kaldi/egs/thesis/weather/mfcc/raw_mfcc_train.8.scp 
compute-mfcc-feats --write-utt2dur=ark,t:exp/make_mfcc/train/utt2dur.8 --verbose=2 --config=conf/mfcc.conf ark:- ark:- 
VLOG[2] (compute-mfcc-feats[5.5.896~1-8a59]:main():compute-mfcc-feats.cc:182) Processed features for key weather013_001
VLOG[2] (compute-mfcc-feats[5.5.896~1-8a59]:main():compute-mfcc-feats.cc:182) Processed features for key weather013_002
VLOG[2] (compute-mfcc-feats[5.5.896~1-8a59]:main():compute-mfcc-feats.cc:182) Processed features for key weather013_003
VLOG[2] (compute-mfcc-feats[5.5.896~1-8a59]:main():compute-mfcc-feats.cc:182) Processed features for key weather013_004
VLOG[2] (compute-mfcc-feats[5.5.896~1-8a59]:main():compute-mfcc-feats.cc:182) Processed features for key weather013_005
VLOG[2] (compute-mfcc-feats[5.5.896~1-8a59]:main():compute-mfcc-feats.cc:182) Processed features for key weather013_006
VLOG[2] (compute-mfcc-feats[5.5.896~1-8a59]:main():compute-mfcc-feats.cc:182) Processed features for key weather013_007
VLOG[2] (compute-mfcc-feats[5.5.896~1-8a59]:main():compute-mfcc-feats.cc:182) Processed features for key weather013_008
VLOG[2] (compute-mfcc-feats[5.5.896~1-8a59]:main():compute-mfcc-feats.cc:182) Processed features for key weather013_009
WARNING (extract-segments[5.5.896~1-8a59]:Read():wave-reader.cc:260) Expected 3010172 bytes in RIFF chunk, but after first data block there will be 36 + 3009748 bytes (we do not support reading multiple data chunks).
LOG (compute-mfcc-feats[5.5.896~1-8a59]:main():compute-mfcc-feats.cc:181) Processed 10 utterances
VLOG[2] (compute-mfcc-feats[5.5.896~1-8a59]:main():compute-mfcc-feats.cc:182) Processed features for key weather013_010
VLOG[2] (compute-mfcc-feats[5.5.896~1-8a59]:main():compute-mfcc-feats.cc:182) Processed features for key weather014_001
VLOG[2] (compute-mfcc-feats[5.5.896~1-8a59]:main():compute-mfcc-feats.cc:182) Processed features for key weather014_002
VLOG[2] (compute-mfcc-feats[5.5.896~1-8a59]:main():compute-mfcc-feats.cc:182) Processed features for key weather014_003
VLOG[2] (compute-mfcc-feats[5.5.896~1-8a59]:main():compute-mfcc-feats.cc:182) Processed features for key weather014_004
VLOG[2] (compute-mfcc-feats[5.5.896~1-8a59]:main():compute-mfcc-feats.cc:182) Processed features for key weather014_005
WARNING (extract-segments[5.5.896~1-8a59]:Read():wave-reader.cc:260) Expected 8573044 bytes in RIFF chunk, but after first data block there will be 36 + 8572620 bytes (we do not support reading multiple data chunks).
VLOG[2] (compute-mfcc-feats[5.5.896~1-8a59]:main():compute-mfcc-feats.cc:182) Processed features for key weather014_006
LOG (extract-segments[5.5.896~1-8a59]:main():extract-segments.cc:194) Successfully processed 17 lines out of 17 in the segments file. 
VLOG[2] (compute-mfcc-feats[5.5.896~1-8a59]:main():compute-mfcc-feats.cc:182) Processed features for key weather015_001
LOG (compute-mfcc-feats[5.5.896~1-8a59]:main():compute-mfcc-feats.cc:185)  Done 17 out of 17 utterances.
LOG (copy-feats[5.5.896~1-8a59]:main():copy-feats.cc:143) Copied 17 feature matrices.
# Accounting: time=3 threads=1
# Ended (code 0) at Wed Mar 31 21:45:19 CST 2021, elapsed time 3 seconds
