# extract-segments scp,p:data/train/wav.scp exp/make_mfcc/train/segments.5 ark:- | compute-mfcc-feats --write-utt2dur=ark,t:exp/make_mfcc/train/utt2dur.5 --verbose=2 --config=conf/mfcc.conf ark:- ark:- | copy-feats --compress=true --write-num-frames=ark,t:exp/make_mfcc/train/utt2num_frames.5 ark:- ark,scp:/mnt/c/kaldi/egs/thesis/weather/mfcc/raw_mfcc_train.5.ark,/mnt/c/kaldi/egs/thesis/weather/mfcc/raw_mfcc_train.5.scp 
# Started at Sun May 16 20:33:00 CST 2021
#
compute-mfcc-feats --write-utt2dur=ark,t:exp/make_mfcc/train/utt2dur.5 --verbose=2 --config=conf/mfcc.conf ark:- ark:- 
extract-segments scp,p:data/train/wav.scp exp/make_mfcc/train/segments.5 ark:- 
copy-feats --compress=true --write-num-frames=ark,t:exp/make_mfcc/train/utt2num_frames.5 ark:- ark,scp:/mnt/c/kaldi/egs/thesis/weather/mfcc/raw_mfcc_train.5.ark,/mnt/c/kaldi/egs/thesis/weather/mfcc/raw_mfcc_train.5.scp 
VLOG[2] (compute-mfcc-feats[5.5.896~1-8a59]:main():compute-mfcc-feats.cc:182) Processed features for key weather031_029
VLOG[2] (compute-mfcc-feats[5.5.896~1-8a59]:main():compute-mfcc-feats.cc:182) Processed features for key weather031_030
VLOG[2] (compute-mfcc-feats[5.5.896~1-8a59]:main():compute-mfcc-feats.cc:182) Processed features for key weather031_031
VLOG[2] (compute-mfcc-feats[5.5.896~1-8a59]:main():compute-mfcc-feats.cc:182) Processed features for key weather031_032
VLOG[2] (compute-mfcc-feats[5.5.896~1-8a59]:main():compute-mfcc-feats.cc:182) Processed features for key weather031_033
VLOG[2] (compute-mfcc-feats[5.5.896~1-8a59]:main():compute-mfcc-feats.cc:182) Processed features for key weather031_034
VLOG[2] (compute-mfcc-feats[5.5.896~1-8a59]:main():compute-mfcc-feats.cc:182) Processed features for key weather031_035
VLOG[2] (compute-mfcc-feats[5.5.896~1-8a59]:main():compute-mfcc-feats.cc:182) Processed features for key weather031_036
VLOG[2] (compute-mfcc-feats[5.5.896~1-8a59]:main():compute-mfcc-feats.cc:182) Processed features for key weather031_037
LOG (compute-mfcc-feats[5.5.896~1-8a59]:main():compute-mfcc-feats.cc:181) Processed 10 utterances
VLOG[2] (compute-mfcc-feats[5.5.896~1-8a59]:main():compute-mfcc-feats.cc:182) Processed features for key weather032_001
VLOG[2] (compute-mfcc-feats[5.5.896~1-8a59]:main():compute-mfcc-feats.cc:182) Processed features for key weather032_002
VLOG[2] (compute-mfcc-feats[5.5.896~1-8a59]:main():compute-mfcc-feats.cc:182) Processed features for key weather032_003
VLOG[2] (compute-mfcc-feats[5.5.896~1-8a59]:main():compute-mfcc-feats.cc:182) Processed features for key weather032_004
VLOG[2] (compute-mfcc-feats[5.5.896~1-8a59]:main():compute-mfcc-feats.cc:182) Processed features for key weather032_005
VLOG[2] (compute-mfcc-feats[5.5.896~1-8a59]:main():compute-mfcc-feats.cc:182) Processed features for key weather032_006
VLOG[2] (compute-mfcc-feats[5.5.896~1-8a59]:main():compute-mfcc-feats.cc:182) Processed features for key weather032_007
VLOG[2] (compute-mfcc-feats[5.5.896~1-8a59]:main():compute-mfcc-feats.cc:182) Processed features for key weather032_008
VLOG[2] (compute-mfcc-feats[5.5.896~1-8a59]:main():compute-mfcc-feats.cc:182) Processed features for key weather032_009
VLOG[2] (compute-mfcc-feats[5.5.896~1-8a59]:main():compute-mfcc-feats.cc:182) Processed features for key weather032_010
LOG (compute-mfcc-feats[5.5.896~1-8a59]:main():compute-mfcc-feats.cc:181) Processed 20 utterances
VLOG[2] (compute-mfcc-feats[5.5.896~1-8a59]:main():compute-mfcc-feats.cc:182) Processed features for key weather032_011
VLOG[2] (compute-mfcc-feats[5.5.896~1-8a59]:main():compute-mfcc-feats.cc:182) Processed features for key weather032_012
VLOG[2] (compute-mfcc-feats[5.5.896~1-8a59]:main():compute-mfcc-feats.cc:182) Processed features for key weather032_013
VLOG[2] (compute-mfcc-feats[5.5.896~1-8a59]:main():compute-mfcc-feats.cc:182) Processed features for key weather032_014
VLOG[2] (compute-mfcc-feats[5.5.896~1-8a59]:main():compute-mfcc-feats.cc:182) Processed features for key weather032_015
VLOG[2] (compute-mfcc-feats[5.5.896~1-8a59]:main():compute-mfcc-feats.cc:182) Processed features for key weather032_016
VLOG[2] (compute-mfcc-feats[5.5.896~1-8a59]:main():compute-mfcc-feats.cc:182) Processed features for key weather032_017
VLOG[2] (compute-mfcc-feats[5.5.896~1-8a59]:main():compute-mfcc-feats.cc:182) Processed features for key weather032_018
VLOG[2] (compute-mfcc-feats[5.5.896~1-8a59]:main():compute-mfcc-feats.cc:182) Processed features for key weather032_019
VLOG[2] (compute-mfcc-feats[5.5.896~1-8a59]:main():compute-mfcc-feats.cc:182) Processed features for key weather032_020
LOG (compute-mfcc-feats[5.5.896~1-8a59]:main():compute-mfcc-feats.cc:181) Processed 30 utterances
VLOG[2] (compute-mfcc-feats[5.5.896~1-8a59]:main():compute-mfcc-feats.cc:182) Processed features for key weather032_021
VLOG[2] (compute-mfcc-feats[5.5.896~1-8a59]:main():compute-mfcc-feats.cc:182) Processed features for key weather032_022
VLOG[2] (compute-mfcc-feats[5.5.896~1-8a59]:main():compute-mfcc-feats.cc:182) Processed features for key weather032_023
VLOG[2] (compute-mfcc-feats[5.5.896~1-8a59]:main():compute-mfcc-feats.cc:182) Processed features for key weather032_024
VLOG[2] (compute-mfcc-feats[5.5.896~1-8a59]:main():compute-mfcc-feats.cc:182) Processed features for key weather032_025
VLOG[2] (compute-mfcc-feats[5.5.896~1-8a59]:main():compute-mfcc-feats.cc:182) Processed features for key weather032_026
VLOG[2] (compute-mfcc-feats[5.5.896~1-8a59]:main():compute-mfcc-feats.cc:182) Processed features for key weather032_027
VLOG[2] (compute-mfcc-feats[5.5.896~1-8a59]:main():compute-mfcc-feats.cc:182) Processed features for key weather032_028
VLOG[2] (compute-mfcc-feats[5.5.896~1-8a59]:main():compute-mfcc-feats.cc:182) Processed features for key weather032_029
VLOG[2] (compute-mfcc-feats[5.5.896~1-8a59]:main():compute-mfcc-feats.cc:182) Processed features for key weather032_030
LOG (compute-mfcc-feats[5.5.896~1-8a59]:main():compute-mfcc-feats.cc:181) Processed 40 utterances
VLOG[2] (compute-mfcc-feats[5.5.896~1-8a59]:main():compute-mfcc-feats.cc:182) Processed features for key weather032_031
VLOG[2] (compute-mfcc-feats[5.5.896~1-8a59]:main():compute-mfcc-feats.cc:182) Processed features for key weather032_032
VLOG[2] (compute-mfcc-feats[5.5.896~1-8a59]:main():compute-mfcc-feats.cc:182) Processed features for key weather032_033
VLOG[2] (compute-mfcc-feats[5.5.896~1-8a59]:main():compute-mfcc-feats.cc:182) Processed features for key weather032_034
VLOG[2] (compute-mfcc-feats[5.5.896~1-8a59]:main():compute-mfcc-feats.cc:182) Processed features for key weather032_035
LOG (extract-segments[5.5.896~1-8a59]:main():extract-segments.cc:194) Successfully processed 45 lines out of 45 in the segments file. 
VLOG[2] (compute-mfcc-feats[5.5.896~1-8a59]:main():compute-mfcc-feats.cc:182) Processed features for key weather033_001
LOG (compute-mfcc-feats[5.5.896~1-8a59]:main():compute-mfcc-feats.cc:185)  Done 45 out of 45 utterances.
LOG (copy-feats[5.5.896~1-8a59]:main():copy-feats.cc:143) Copied 45 feature matrices.
# Accounting: time=8 threads=1
# Ended (code 0) at Sun May 16 20:33:08 CST 2021, elapsed time 8 seconds
