# lattice-best-path --lm-scale=17 --word-symbol-table=exp/tri2a/graph/words.txt "ark:gunzip -c exp/tri2a/decode/lat.*.gz|" ark,t:exp/tri2a/decode/scoring/17.tra 
# Started at Sat Apr  3 18:07:18 CST 2021
#
lattice-best-path --lm-scale=17 --word-symbol-table=exp/tri2a/graph/words.txt 'ark:gunzip -c exp/tri2a/decode/lat.*.gz|' ark,t:exp/tri2a/decode/scoring/17.tra 
LOG (lattice-best-path[5.5.896~1-8a59]:main():lattice-best-path.cc:99) For utterance weather029_006, best cost 3748.73 + 134968 = 138717 over 1125 frames.
weather029_006 SA NGAYON NASA ONE HUNDRED TEN KILOMETERS SILANGAN NG BALER AURORA ANG BAGYONG PEPITO MERON TWO MAXIMUM SUSTAINED WINDS SA SA PAG FIVE KILOMETERS PER HOUR AT PAGBUGSO HO GUSTINESS NA NINETY KILOMETERS PER HOUR 
LOG (lattice-best-path[5.5.896~1-8a59]:main():lattice-best-path.cc:99) For utterance weather029_007, best cost 1560.61 + 67462.2 = 69022.8 over 553 frames.
weather029_007 BAHAGYANG BUMILIS ANG PAGKILOS ITO SA THIRTY KILOMETERS PER HOUR PATUNGONG WEST NORTHWEST 
LOG (lattice-best-path[5.5.896~1-8a59]:main():lattice-best-path.cc:99) For utterance weather029_008, best cost 2856.38 + 72356.1 = 75212.4 over 578 frames.
weather029_008 SA FORECAST BAGYO NO PRE YAN CENTER FROM INYONG RAINS WEATHER FORECAST O EAST SI YAN DOBOL YAN 
LOG (lattice-best-path[5.5.896~1-8a59]:main():lattice-best-path.cc:99) For utterance weather029_009, best cost 2869.7 + 99453.4 = 102323 over 814 frames.
weather029_009 NAKIKITANG TUTUMBUKIN ITONG AURORA NGAYONG GABI AT AT KANINA CENTRAL LUZON O SOUTHERN SUR NG NORTHERN LUZON HANGGANG BUKAS NG MADALING LANAO 
LOG (lattice-best-path[5.5.896~1-8a59]:main():lattice-best-path.cc:99) For utterance weather029_010, best cost 4114.49 + 208345 = 212459 over 1806 frames.
weather029_010 INAASAHAN ANG MALAKAS NA ULAN NGAYONG GABI SA AURORA ISABELA QUEZON BULACAN TARLAC CAMARINES NORTE NUEVA ECIJA NUEVA VIZCAYA QUIRINO RING ULAN CAGAYAN CORDILLERA LA UNION ILOCOS SUR TARLAC PAMPANGA BATAAN ZAMBALES AT PANGASINAN 
LOG (lattice-best-path[5.5.896~1-8a59]:main():lattice-best-path.cc:99) For utterance weather031_010, best cost 8961.05 + 277307 = 286268 over 2714 frames.
weather031_010 AT BABAYBAYIN NG BAGYONG SAMUEL ANG NA HALOS BUONG VISAYAS NA MAGDADALA PAU ULAN ANG MAULANG PANAHON DITO ANG PAGTAMA NITO SA MAY DINAGAT ISLAND YAN MAY KUNG DI MAGBABAGO YUNG KANYANG DIRECTION AY KA TANI DITO DITO SA MAY LEYTE LALO SA DIYAN SA MAY LEYTE POSIBLENG DIYAN SA MAY BOHOL CEBU DIYAN SA MAY NEGROS ISLAND LALO SA MAY NEGROS OCCIDENTAL DADAAN NG ILOILO ANTIQUE EH PAPUNTA NA NGA PALAWAN AT PAPALABAS NG NA O PAPUNTA NG WEST PHILIPPINE SEA 
LOG (lattice-best-path[5.5.896~1-8a59]:main():lattice-best-path.cc:99) For utterance weather031_011, best cost 5747.04 + 212144 = 217891 over 2081 frames.
weather031_011 KAYA MAGING I AM READY PO AH ANG MGA TAGA REHIYON NG CARAGA NORTHERN MINDANAO LALONG LALO NA EASTERN VISAYAS IN SAMAR LEYTE PROVINCES SA MAULANG MAGDAMAG NA MAGPAPATULOY MGA KAPUSO HANGGANG BUKAS PO YAN YUN NAKIKITA NYONG PULA AT SA AH PINK NA YAN YAN YUNG MGA MATITINDING PAGULAN NA PWEDENG MARARANASAN SA MALAKING BAHAGI NG AH VISAYAS BUKAS 
LOG (lattice-best-path[5.5.896~1-8a59]:main():lattice-best-path.cc:99) For utterance weather031_012, best cost 3540.92 + 115160 = 118701 over 1128 frames.
weather031_012 MAGHAPONG MAULAN DIYAN SA MAY AH ZAMBOANGA AT DAVAO REGION AT SA BUONG VISAYAS BUKAS AT MAGING I AM READY PO SA BANTA NANDYAN LANDSLIDE AT WEST AT SA NIYA NG MGA MALALAKAS NA PAGULAN 
LOG (lattice-best-path[5.5.896~1-8a59]:main():lattice-best-path.cc:99) For utterance weather031_013, best cost 2682 + 89091.8 = 91773.8 over 880 frames.
weather031_013 HABANG SA LUZON APEKTADO NG BAGYO ANG NG AH BICOL REGION MINDORO MARINDUQUE ROMBLON PERO YAN EH SIMULA LANG NA BUKAS AT GABI 
LOG (lattice-best-path[5.5.896~1-8a59]:main():lattice-best-path.cc:99) For utterance weather031_014, best cost 3019.17 + 100579 = 103598 over 986 frames.
weather031_014 AT HINDI NAMAN APEKTADO NG BAGYO ANG AH NORTHERN AT CENTRAL LUZON NA MABABA LAMANG ANG TSANSANG UMULAN EH MGA MAHIHINANG PAGULAN PERO ISOLATED DIYAN SA MAY QUEZON AURORA PROVINCES 
LOG (lattice-best-path[5.5.896~1-8a59]:main():lattice-best-path.cc:99) For utterance weather031_015, best cost 2280.66 + 81331.7 = 83612.4 over 803 frames.
weather031_015 AT SA METRO MANILA MAGIGING MAULAP BUKAS PERO HALOS WALANG ULAN NA INAASAHAN DAHIL MGA KAPUSO MALAYO PO TAYO SA CENTRO NG BAGYO 
LOG (lattice-best-path[5.5.896~1-8a59]:main():lattice-best-path.cc:99) For utterance weather031_016, best cost 4020.42 + 111517 = 115538 over 1080 frames.
weather031_016 PATAAS ANG MGA ALON SA MGA LUGAR NA MAY SIGNAL YUNG MAY ULAN NYAN ASUL NA YAN KASAMA NA ANG NA DAVAO ORIENTAL AT OCCIDENTAL NA ULAN SIGNAL PERO MALAKAS DIN INAASAHANG MGA PAGALON JESSICA 
LOG (lattice-best-path[5.5.896~1-8a59]:main():lattice-best-path.cc:99) For utterance weather031_017, best cost 5043.26 + 168499 = 173542 over 1550 frames.
weather031_017 MANG TANI ITO NA YUNG EPEKTO NG AMIHAN NO YUNG MGA BAGYO AY BIGLANG SA MABABANG PARTE NA NA NG AH PILIPINAS TUMATAMA YUNG HABAGAT SA REGION MATAAS NGAYON PO PABABA NG PABABA AMIHAN ONE O ONE MANG TANI ANO BANG PAGKAKAIBA NITO AMIHAN SA HABAGAT 
LOG (lattice-best-path[5.5.896~1-8a59]:main():lattice-best-path.cc:99) For utterance weather031_018, best cost 13474.4 + 476255 = 489729 over 4658 frames.
weather031_018 WELL UNANG UNA YUNG NA AMIHAN JESSICA YAN AY TUYONG HANGIN WALANG MASYADONG MOISTURE PERO MAPAPANSIN MO YUNG BAGYO MALAPIT NA PERO HALOS HINDI PA RAMDAM YUNG MGA PAGULAN KUNG TITINGNAN MO YUNG RAINFALL MAP JESSICA YUNG AH AH PULA NA DARATING DITO SA TED YUNG NG AH MAMAYANG GABI HALOS NANDYAN YUNG BAGYO PERO MGA HINDI PA RAMDAM YUNG ULAN AT YAN YUN AH NGAYONG HANGIN AMIHAN YUNG NORTHERN SA RIN NG BAGYO ANG MAS MAULAN KUMPARA DITO SA MAY SOUTHERN PART HINDI KATULAD PAG HANGING HABAGAT JESSICA AT SA MAY SOUTHWEST YUNG BAGYO KAHIT NANDITO SA MAY AH EASTERN SECTION MAULAN DOON SA MAY WESTERN SA RIN BAGYONG AH WESTERN SENDONG BAGUIO DAHIL NGA YUNG MGA HABAGAT NATIN MAS MARAMING MOISTURE 
LOG (lattice-best-path[5.5.896~1-8a59]:main():lattice-best-path.cc:99) For utterance weather031_019, best cost 3384.77 + 116472 = 119857 over 1111 frames.
weather031_019 SO ANG PAGKAKAIBA JESSICA PAGDATING SA AMIHAN HALOS WALANG MOISTURE KAYA HINDI NAGPAPALAKAS NG BAGYO YAN SAMANTALANG NA HABAGAT DAHIL MARAMING DALANG TUBIG SIYA NAMAN DIN NAGPAPALAKAS NG BAGYO 
LOG (lattice-best-path[5.5.896~1-8a59]:main():lattice-best-path.cc:99) For utterance weather031_020, best cost 4736.36 + 144154 = 148891 over 1336 frames.
weather031_020 KAYA LANG YUNG MGA TUMAMANG BAGYO AT THIS TANI THREE IN THE LESS TATAMA O SA COMPOSTELA VALLEY SA HA ILIGAN MANG TANI MALALAKAS DIN UNA YUNG SENDONG AT TSAKA YUNG NA PABLO KUNG NAGKAKAMALI 
LOG (lattice-best-path[5.5.896~1-8a59]:main():lattice-best-path.cc:99) For utterance weather031_021, best cost 4498.12 + 147183 = 151681 over 1418 frames.
weather031_021 ANG NANGYAYARI NAMAN KUNG TITINGNAN NATIN YUNG PACIFIC OCEAN MAY MGA BAGYO NA MALAYO PA LANG DITO SA ATIN NABUBUO NA KAYA HABANG NA SA MAY KARAGATAN YAN NAKAKAKUHA SA NG LAKAS LALONG LALO KUNG MGA MASASABAYAN SIYA NG MAHINANG AMIHAN 
LOG (lattice-best-path[5.5.896~1-8a59]:main():lattice-best-path.cc:99) For utterance weather031_022, best cost 3145.47 + 102060 = 105205 over 966 frames.
weather031_022 KAPAG MAHINA YUNG AMIHAN MO TAPOS NANDITO KA PA LAMANG DAPAT NG PUMASOK SA PHILIPPINE AREA OF RESPONSIBILITY ISA KA NG GANAP NA BAGYO NANDUN YUNG PAGKAKATAONG LALO SIYANG LUMALAKAS 
LOG (lattice-best-path[5.5.896~1-8a59]:main():lattice-best-path.cc:99) For utterance weather031_023, best cost 8022.77 + 273984 = 282006 over 2611 frames.
weather031_023 NA NANDITO PALAWAN SA LABAS NG DIN AH AT MAHINA YUNG AMIHAN YANG MAHINA LUMAKAS SIYA KAYA NAGING MAPAMINSALA SAMANTALA ITO KASING SI NA SAMUEL DITO NALAMANG SEVENTEEN TROPICAL DEPRESSION MALAPIT NA TUMAMA SA LUPA KAYA HINDI SA GANUNG KALAKAS PERO YUNG ISANG NAKIKITA NATIN JESSICA AT NAPANSIN MO RIN PAGDATING NG LAST QUARTER OF THE YEAR MAS KAKAUNTI YUNG BAGYO PERO MAS MADALAS TUMATAMA YAN KAYA NAGIGING MAS MAPAMINSALA 
LOG (lattice-best-path[5.5.896~1-8a59]:main():lattice-best-path.cc:99) For utterance weather031_024, best cost 4849.65 + 164082 = 168932 over 1483 frames.
weather031_024 O PARANG SA PHYSICS DIN MANG TANI NO PAG MAS MARA MAS MAP MALAYO ANG PINANGGAGALINGAN NIYA NAKAKAPAG GAIN SIYA NA NG STRENGTH AT MOMENTUM MAS MALAKAS YUNG PUWERSA NIYA KATULAD NAGING YAN YOLANDA ITONG SI SAMUEL MALAPIT NA SA PILIPINAS NABUO 
LOG (lattice-best-path[5.5.896~1-8a59]:main():lattice-best-path.cc:99) For utterance weather031_025, best cost 4787.52 + 171196 = 175984 over 1642 frames.
weather031_025 YES JESSICA KAYA ANG MAGIGING AH NIYA POSIBLE ISANG MAGING ISANG TROPICAL STORM BAHAGYANG LALAKAS BAGO TUMAMA SA KALUPAAN PERO DEFINITELY HINDI SIYA MAGIGING KASING LAKAS LALO MGA NAG AALALA NG ISANG SUPER TYPHOON O KATULAD NUNG MALA YOLANDANG BAGYO ANG PROBLEMA LANG 
LOG (lattice-best-path[5.5.896~1-8a59]:main():lattice-best-path.cc:99) For utterance weather031_026, best cost 7628.85 + 269027 = 276656 over 2488 frames.
weather031_026 MAS PATI LEYTE YUNG MABABANG BAHAGI YUNG IBABANG BAHAGI NG ATING BANSA KESA YUNG AH TAAS NO KASI TSAKA DOON SA TAAS MERONG KANG CORDILLERA SIYA NAMAN DIN MANG TANI RIN YES PAG TUMAMA YUNG BAGYO NA HUMIHINA YUNG EPEKTO MANG TANI DITO SA BABA WALA TAYONG PARANG NAMAN TEN DIN NA HUMAHARANG DITO KASI PURO MGA PULO-PULONG MGA ISLA ITONG MGA DADAANAN NIYA 
LOG (lattice-best-path[5.5.896~1-8a59]:main():lattice-best-path.cc:99) For utterance weather031_027, best cost 3829.62 + 122555 = 126385 over 1183 frames.
weather031_027 TAMA YAN JESSICA KUNG TITINGNAN NATIN YUNG TRACK NUNG BAGYO NO PAG YAN TUMAMA SA MAY DINAGAT ISLAND ANG NANGYAYARI DIYAN JESSICA KUNG IKOCLOSE NA PO YAN PAGTAMA NYAN SA ISANG ISLA BABALIK ULIT SA TAGA 
LOG (lattice-best-path[5.5.896~1-8a59]:main():lattice-best-path.cc:99) For utterance weather031_028, best cost 6555.45 + 188354 = 194909 over 1800 frames.
weather031_028 SO KAHIT PAPAANO MAKAKAIPON NG LAKAS PAG TININGNAN YUNG CLOSE ANG NUNG FORECAST AND JESSICA KADA TAMA NYAN SA ISLA DADAAN SA DAGAT POSIBLENG LUMAKAS ANG EH TATAMA NA NAMAN SA ISLA NANDYAN NA NAMAN ULIT SO YUNG KANYANG TAMA SA LUPA BABALIK SA DAGAT KAHIT PAPANO NA MAY MAY DIN LAKAS YAN 
LOG (lattice-best-path[5.5.896~1-8a59]:main():lattice-best-path.cc:99) For utterance weather031_029, best cost 4331.84 + 138522 = 142853 over 1297 frames.
weather031_029 CITY KATULAD KAPAG SA LUZON SA TUMAMA MALIBAN DOON SA BUNDOK NG SIERRA MADRE YUNG MALAKING LANDMASS NG LUZON EH NAKAKATULONG PARA MABAWASAN YUNG PINANGGAGALINGAN NIYA NG ENERGY WHICH IS YUNG WEST SUR NA NASA TAGA 
LOG (lattice-best-path[5.5.896~1-8a59]:main():lattice-best-path.cc:99) For utterance weather031_030, best cost 3669.25 + 121908 = 125577 over 1108 frames.
weather031_030 ANC AT TSAKA BATAY SA HISTORY TRACK RECORD NITONG MGA BAGYO AT THIS PA OF THE YEAR MANG TANI PARANG HULING HIRIT NILA EH KAYA MEDYO NAKAKATAKOT DIN ITONG MGA BAGYO TOWARDS AH END OF THE YEAR 
LOG (lattice-best-path[5.5.896~1-8a59]:main():lattice-best-path.cc:99) For utterance weather031_031, best cost 6027.76 + 176598 = 182625 over 1664 frames.
weather031_031 YES JESSICA AT SIYA NA NABANGGIT MO ITO PURO AYON ITO TEN LEYTE YUNG BAGYO KASI KAHIT GAANO KALAKAS PAG TUMAMA DIYAN SA NORTE MAS KAKAUNTI YUNG TAO SO ITONG ATING PINAG AH UUSAPAN NGAYON HINDI PO SIYA NAPAKALAKAS IN TERMS OF WIND PERO YUNG ULAN YAN KAYA YUN DIN ANG DAPAT NATING PAG INGATAN 
LOG (lattice-best-path[5.5.896~1-8a59]:main():lattice-best-path.cc:99) For utterance weather031_032, best cost 9223.19 + 304096 = 313319 over 2945 frames.
weather031_032 MARAMING MGA NAKATIRA DIYAN MARAMING AH MGA TAO DIYAN SA MGA ISLA NA YAN SO YUN NGA MASBATE NG STRENGTH AT KUNG GANUNG KALAKAS YUNG HANGIN NYAN EH YUNG DALA DALANG ULAN NYAN JESSICA KUNG TITINGNAN MO YUNG NA RIN ZAMBALES AT EH MAS MARAMI YUNG KULAY NA PULA YUNG PINK AT YUNG NA YUNG ORANGE SO IBIG SABIHIN MAS MARAMING LUGAR ANG MAKAKARANAS NUNG MALALAKAS NA PAGULAN LALO NA NGAYONG GABI HANGGANG BUKAS ANG KRITIKAL NATIN JESSICA NGAYONG GABI BUKAS HANGGANG SA MIYERKULES NG UMAGA 
LOG (lattice-best-path[5.5.896~1-8a59]:main():lattice-best-path.cc:99) For utterance weather031_033, best cost 9813.48 + 311243 = 321056 over 2873 frames.
weather031_033 AY DIN O BAYONG MGA NA LANDSLIDE NA AREA SA NORTHERN LUZON YUNG IBA HINDI NAMAN KALAKASAN PERO NAGKA LANDSLIDE PA RIN SO YUNG MGA KABABAYAN PO NATIN SA DADAANAN NG NITONG SI BAGYONG SAMUEL NO THREE NA IDENTIFIED NAMAN MANG TANI YUNG MGA LANDSLIDE PRONE BATAY SA DILAW AH SA NA NG NA DIN YAN ARAW ANG MATAGAL NAUWI MAYROON YAN SO KUNG MALAPIT KAYO SA MGA BUNDOK MALAPIT KAYO SA MGA IDENTIFIED NA LANDSLIDE AREA PAG SINABING EVACUATE EVACUATE PO AH 
LOG (lattice-best-path[5.5.896~1-8a59]:main():lattice-best-path.cc:99) For utterance weather031_034, best cost 3379.8 + 90929.4 = 94309.2 over 865 frames.
weather031_034 TAMA YAN JESSICA AT LINYA NO LALONG LALO NA ITONG NA ITONG ANG MGA PROBINSYA NA LANDSLIDE PRONE YUNG LEYTE YUNG SOUTHERN LEYTE LEYTE MAGING YUNG SA SIDE O 
LOG (lattice-best-path[5.5.896~1-8a59]:main():lattice-best-path.cc:99) For utterance weather031_035, best cost 10389.5 + 312047 = 322437 over 3006 frames.
weather031_035 AT ISA PA JESSICA LAST WEEK NITONG MGA DIYAN LALO PRESSURE AREA HINDI SA BAGUIO PERO NAG PAULAN AT NAKA ANG SA RIN NAKARANAS NG BAHA YUNG IBANG LUGAR DIYAN SA MAY PANAY ISLAND AT DIYAN SA MAY AH MINDANAO KAYA BASA PA RIN YUNG LUPA DADAANAN ULIT NG PANIBAGONG BAGYO NA MAY DALANG ULAN KAYA YUN NGA ANG PROBABILITY OR YUNG TSANSA MAG KAROON NG MASYADONG BAHAGI NG AH MAS NINE EH MAS MATAAS NGAYON DAHIL MAY INA NA NA PONG WEATHER SYSTEM NA NAGPAULAN DIYAN ANG ILANG ARAW LALO NA SA VISAYAS JESSICA 
LOG (lattice-best-path[5.5.896~1-8a59]:main():lattice-best-path.cc:99) For utterance weather031_036, best cost 1304.04 + 50006 = 51310 over 442 frames.
weather031_036 MARAMING SALAMAT MANG TANI NATHANIEL CRUZ GMA RESIDENT PRONE NEWS 
LOG (lattice-best-path[5.5.896~1-8a59]:main():lattice-best-path.cc:99) For utterance weather031_037, best cost 1305.05 + 78901.6 = 80206.7 over 767 frames.
weather031_037 AT YAN ANG LATEST MULA SA GMA WEATHER AKO PO SI NATHANIEL CRUZ MAGPLANO PARA SIGURADO I AM READY SERBISYONG TOTOO NG GMA NEWS 
LOG (lattice-best-path[5.5.896~1-8a59]:main():lattice-best-path.cc:99) For utterance weather029_011, best cost 2026.54 + 75875 = 77901.6 over 642 frames.
weather029_011 BUKAS NG UMAGA KAPAG NASA DAGAT NA ANG CENTRO NG BAGYO POSIBLE PA RIN MAKARANAS NG MALAKAS NA ULAN ANG ZAMBALES 
LOG (lattice-best-path[5.5.896~1-8a59]:main():lattice-best-path.cc:99) For utterance weather029_012, best cost 3213.34 + 126783 = 129997 over 1063 frames.
weather029_012 NAMAN SA METRO MANILA AT NATITIRANG BAHAGI NG LUZON INAASAHAN AT AH TATAMA NA MAY PAMINSAN MINSAN MALAKAS NA BUHOS NG ULAN NGAYONG GABI TULAD NG BAHA NASA LAYONG KANINANG HAPON 
LOG (lattice-best-path[5.5.896~1-8a59]:main():lattice-best-path.cc:99) For utterance weather029_013, best cost 2095.79 + 54473.7 = 56569.5 over 463 frames.
weather029_013 KASAMA NAUWI PALARONG TUBIG DIN AT LAYO NA ANYOS MGA NAKAMOTOR ANO 
LOG (lattice-best-path[5.5.896~1-8a59]:main():lattice-best-path.cc:99) For utterance weather029_014, best cost 5829.03 + 200944 = 206773 over 1694 frames.
weather029_014 BUKAS MAKAKAASA PA RIN TAYO NG MAGHAPONG MAULAP AT MAULAN PANAHON SA METRO MANILA PERO INAASAHANG HIHINA ANG ULAN KUMPARA NGAYONG ARAW LALONG LALO NA PO NATIN UNA NG HAPON O GABI MAKIKITA PO NATING MALIIT NA ANG PORSYENTO NG PAG ULAN NA SA SA NAGING RESIDENT SAAN SI SINAIT 
LOG (lattice-best-path[5.5.896~1-8a59]:main():lattice-best-path.cc:99) For utterance weather029_015, best cost 2762.4 + 91015.1 = 93777.5 over 764 frames.
weather029_015 SA VISAYAS AT MINDANAO NAMAN MAY TSANSA PA RIN NG PAMINSAN MINSANG MAHINA PAGASA ANG NAMANG ULAN NGAYONG GABI NA AT SA TROUGH O BUNTOT NG BAGYO 
LOG (lattice-best-path[5.5.896~1-8a59]:main():lattice-best-path.cc:99) For utterance weather029_016, best cost 2794.8 + 115209 = 118003 over 977 frames.
weather029_016 BUKAS INAASAHANG BUBUTI NA PANAHON SA VISAYAS AT MINDANAO MALIBAN LAMANG SA ILOILO BACOLOD AT DITO PO SA NORTHERN MINDANAO NA MAY TSANSA PA RIN NG THUNDERSTORMS 
LOG (lattice-best-path[5.5.896~1-8a59]:main():lattice-best-path.cc:99) For utterance weather029_017, best cost 1168.48 + 36017.9 = 37186.3 over 295 frames.
weather029_017 YAN PO LAGING NG PANAHON MAG INGAT PO TAYO MGA KAPAMILYA 
LOG (lattice-best-path[5.5.896~1-8a59]:main():lattice-best-path.cc:99) For utterance weather030_001, best cost 1883.87 + 58486.2 = 60370.1 over 521 frames.
weather030_001 MGA KAPUSO BUKAS AH PONG MAG LALANDFALL ANG MATA NG BAGYO ROSITA DIYAN SA MAY ISABELA AURORA AREA AT 
LOG (lattice-best-path[5.5.896~1-8a59]:main():lattice-best-path.cc:99) For utterance weather030_002, best cost 1123.31 + 37234.8 = 38358.1 over 344 frames.
weather030_002 NASA ILALIM NA RIN NG STORM SIGNALS ANG MALAKING BAHAGI NG LUZON 
LOG (lattice-best-path[5.5.896~1-8a59]:main():lattice-best-path.cc:99) For utterance weather030_003, best cost 769.605 + 17021.6 = 17791.2 over 153 frames.
weather030_003 KABILANG NA ANG NA METRO MANILA 
LOG (lattice-best-path[5.5.896~1-8a59]:main():lattice-best-path.cc:99) For utterance weather030_004, best cost 2442.45 + 98156.7 = 100599 over 869 frames.
weather030_004 NAKATAAS NGAYON ANG AH TROPICAL CYCLONE WARNING SIGNAL NA MAINTAIN DIYAN SA MGA PROBINSYA ISABELA QUIRINO NORTHERN AURORA NUEVA VIZCAYAT IFUGAO 
LOG (lattice-best-path[5.5.896~1-8a59]:main():lattice-best-path.cc:99) For utterance weather030_005, best cost 2499.71 + 73392.9 = 75892.6 over 687 frames.
weather030_005 AT MULA PO NGAYONG GABI MGA KAPUSO KA BUKAS EH NAPAKA SUNGIT NA LAGAY NG PANAHON ANG INAASAHAN DIYAN SA MGA LUGAR NA NABANGGIT 
LOG (lattice-best-path[5.5.896~1-8a59]:main():lattice-best-path.cc:99) For utterance weather030_006, best cost 5388.59 + 204967 = 210356 over 1884 frames.
weather030_006 SIGNAL NUMBER TWO NAMAN DIYAN SA CAGAYAN ILOCOS NORTE APAYAO ABRA KALINGA ILOCOS SUR MAP AM PROVINCE LA UNION RIN DIN PANGASINAN TARLAC NUEVA ECIJA NORTHERN QUEZON KASAMA ANG POLILLO ISLAND SA NIYO AURORA SA BA LESS PAMPANGA AT BULACAN 
LOG (lattice-best-path[5.5.896~1-8a59]:main():lattice-best-path.cc:99) For utterance weather030_007, best cost 1931.18 + 57571.6 = 59502.8 over 523 frames.
weather030_007 PO SUNGIT NA LAGAY NG PANAHON DIN ANG INAASAHAN BUKA O MAMAYANG GABI HANGGANG BUKAS DIYAN SA MGA PROBINSYA NA YAN 
LOG (lattice-best-path[5.5.896~1-8a59]:main():lattice-best-path.cc:99) For utterance weather030_008, best cost 3517.2 + 153604 = 157121 over 1403 frames.
weather030_008 HABANG SIGNAL NUMBER ONE NAMAN DITO SA METRO MANILA SA BATANES STROKE OF ISLANDS KASAMA ANG BABUYAN GROUP OF ISLANDS RIZAL SOUTHERN QUEZON DIYAN SA MAY LAGUNA BATANGAS BATAAN CAVITE AT CAMARINES NORTE 
LOG (lattice-best-path[5.5.896~1-8a59]:main():lattice-best-path.cc:99) For utterance weather030_009, best cost 1948.77 + 73812.9 = 75761.7 over 687 frames.
weather030_009 MGA ULAN AT BUGSO NG HANGIN NAMAN ANG INAASAHAN SIMULA MAMAYA HANGGANG BUKAS SA MGA NABANGGIT NA LUGAR 
LOG (lattice-best-path[5.5.896~1-8a59]:main():lattice-best-path.cc:99) For utterance weather030_010, best cost 2853.52 + 109345 = 112198 over 1011 frames.
weather030_010 AYON SA PAGASA NASA LAYO NA LAMANG THREE HUNDRED TEN KILOMETERS DIYAN SA MAY SILANGAN HILAGANG SILANGAN O EAST NORTH EAST NG CASIGURAN AURORA ANG MATA NG BAGYO ROSITA 
LOG (lattice-best-path[5.5.896~1-8a59]:main():lattice-best-path.cc:99) For utterance weather030_011, best cost 3924.35 + 161674 = 165599 over 1456 frames.
weather030_011 AT TAGLAY NITO ANG NAPAKA LAKAS NG HANGIN NA ONE HUNDRED FIFTY KILOMETERS PER HOUR MALAPIT SA GITNA AT BUGSO NA HANGGANG ONE HUNDRED EIGHTY FIVE KILOMETERS PER HOUR AT KUMIKILOS ITO PAKANLURAN O WESTWARD SA BILIS NAMAN NA FIFTEEN KILOMETERS PER HOUR 
LOG (lattice-best-path[5.5.896~1-8a59]:main():lattice-best-path.cc:99) For utterance weather030_012, best cost 3606.45 + 120497 = 124104 over 1129 frames.
weather030_012 AT SA TRACK NG PAGASA BUKAS NA PO NG UMAGA TATAMA DIYAN SA MAY SA MAY SA MAY LANG NORTHERN AURORA AREA YUNG BAGYO AT MAGHAPON DIN ITONG PAPAULAN RIN ANG NORTHERN LUZON 
LOG (lattice-best-path[5.5.896~1-8a59]:main():lattice-best-path.cc:99) For utterance weather030_013, best cost 6131.53 + 208643 = 214774 over 1917 frames.
weather030_013 AT MGA KAPUSO AH MAGING I AM READY PO SA BANTA NG ULAN SA EIGHT KASAMA NA RITO ANG NA RIN DIN AT ANG MGA PAGBAHA DAAN SA MALAKAS NA ULAN LALONG LALO NA ITO SA MGA DADAANAN NG NA BAGYO ITONG ISABELA AURORA YANG QUIRINO NUEVA VIZCAYA IFUGAO RIN DIN LA UNION AT POSIBLE ANG PANGASINAN 
LOG (lattice-best-path[5.5.896~1-8a59]:main():lattice-best-path.cc:99) For utterance weather030_014, best cost 5605.43 + 187481 = 193087 over 1744 frames.
weather030_014 PATAAS ILANG LALO SA HALOS BUONG LUZON MULA YAN SA MAY AT BATAAN NASA NANDITO SA MAY AH CAGAYAN VALLEY ILOCOS REGION DIYAN SA MAY EASTERN VISAYAS YANG NORTHERN EACH EASTERN SAMAR KASAMA NA ANG EASTERN MINDANAO DAHIL NAMAN PO YAN SA PINAGSANIB NA EPEKTO NUNG BAGYO AT NG MALAKAS NA AMIHAN 
LOG (lattice-best-path[5.5.896~1-8a59]:main():lattice-best-path.cc:99) For utterance weather030_015, best cost 3158.73 + 128012 = 131171 over 1159 frames.
weather030_015 MAY BANTA RIN NG STORM SURGE DIYAN SA MGA PROBINSYA NG ISABELA CAGAYAN DIYAN SA MAY AURORA ILOCOS SUR ILOCOS NORTE AT NGAYONG ANG NA POSIBLENG UMABOT NG TATLONG METRO 
LOG (lattice-best-path[5.5.896~1-8a59]:main():lattice-best-path.cc:99) For utterance weather030_016, best cost 2599.98 + 101160 = 103760 over 924 frames.
weather030_016 HINDI NAMAN APEKTADO NG BAGYO ANG VISAYAS AT MINDANAO KANYANG KAPUSO AH MALALAKAS NA ULAN DITO SA MAY LUZON LALONG LALO NA SA NORTHERN AT CENTRAL LUZON 
LOG (lattice-best-path[5.5.896~1-8a59]:main():lattice-best-path.cc:99) For utterance weather030_017, best cost 1200.97 + 80496.9 = 81697.9 over 740 frames.
weather030_017 AT YAN ANG LATEST MULA SA GMA WEATHER AKO PO SI NATHANIEL CRUZ MAGPLANO PARA SIGURADO I AM READY SERBISYONG TOTOO NG GMA NEWS 
LOG (lattice-best-path[5.5.896~1-8a59]:main():lattice-best-path.cc:99) For utterance weather031_001, best cost 2137.29 + 95387.7 = 97525 over 851 frames.
weather031_001 ISANG BAGYO ANG NASA LOOB NGAYON NG PHILIPPINE AREA OF RESPONSIBILITY ANG BAGYONG SAMUEL NA INAASAHANG TATAMA SA ILANG LUGAR SA BANSA 
LOG (lattice-best-path[5.5.896~1-8a59]:main():lattice-best-path.cc:99) For utterance weather031_002, best cost 2553.64 + 76430.1 = 78983.7 over 675 frames.
weather031_002 ALAMIN PO NATIN ANG LATEST SA LAGAY NG PANAHON BULACAN JENNY MAS DATI LAOAG YES NATHANIEL CRUZ MANG TANI 
LOG (lattice-best-path[5.5.896~1-8a59]:main():lattice-best-path.cc:99) For utterance weather031_003, best cost 1700.25 + 60062.9 = 61763.1 over 560 frames.
weather031_003 SALAMAT JESSICA MGA KAPUSO MAGING I AM READY PO SA MAULANG PANAHON ANG MGA TAGA VISAYAS AT MINDANAO 
LOG (lattice-best-path[5.5.896~1-8a59]:main():lattice-best-path.cc:99) For utterance weather031_004, best cost 2318.39 + 68918.1 = 71236.5 over 642 frames.
weather031_004 SIMULA NGAYONG GABI AT YAN AY DAHIL SA PAPALAPIT NA TROPICAL DEPRESSION SAMUEL ANG UNANG BAGYO SA TININGNAN NGAYONG NOBYEMBRE 
LOG (lattice-best-path[5.5.896~1-8a59]:main():lattice-best-path.cc:99) For utterance weather031_005, best cost 2786.57 + 115495 = 118281 over 1094 frames.
weather031_005 NAKATAAS ANG STORM SIGNAL NUMBER ONE DIYAN SA MGA PROBINSYA NG SURIGAO DEL NORTE SURIGAO DEL SUR AGUSAN DEL NORTE AGUSAN DEL SUR DINAGAT ISLAND MISAMIS ORIENTAL AT CAMIGUIN SA MINDANAO 
LOG (lattice-best-path[5.5.896~1-8a59]:main():lattice-best-path.cc:99) For utterance weather031_006, best cost 3450.16 + 153839 = 157289 over 1508 frames.
weather031_006 SIGNAL NUMBER ONE DIN SA MAY AH SAMAR EASTERN SAMAR BILIRAN LEYTE SOUTHERN LEYTE DIYAN SA BOHOL CEBU SIQUIJOR NEGROS ORIENTAL AT NEGROS OCCIDENTAL SA VISAYAS AT SA MASBATE SA LUZON 
LOG (lattice-best-path[5.5.896~1-8a59]:main():lattice-best-path.cc:99) For utterance weather031_007, best cost 3953.24 + 160556 = 164509 over 1529 frames.
weather031_007 NAMATAAN ANG CENTRO NG TROPICAL DEPRESSION SAMUEL SA LAYO LAMANG FIVE HUNDRED FIVE KILOMETERS DIYAN SA MAY SILANGAN NG HINATUAN SURIGAO DEL SUR AT TAGLAY NITO LAKAS NG HANGIN YAN EIGHTY FIVE KILOMETERS PER HOUR MALAPIT SA GITNA AT BUGSO NA HANGGANG SIXTY FIVE KILOMETERS PER HOUR 
LOG (lattice-best-path[5.5.896~1-8a59]:main():lattice-best-path.cc:99) For utterance weather031_008, best cost 1995.84 + 72343.6 = 74339.4 over 713 frames.
weather031_008 AT INAASAHAN NA KIKILOS ITO PAHILAGANG KANLURAN O NORTHWEST SA BILIS NAMAN NA TWENTY FIVE KILOMETERS PER HOUR 
LOG (lattice-best-path[5.5.896~1-8a59]:main():lattice-best-path.cc:99) For utterance weather031_009, best cost 4056.34 + 131778 = 135834 over 1289 frames.
weather031_009 AT SA FORECAST TRACK NG PAGASA EH POSIBLENG TUMAMA DIYAN SA MAY DINAGAT ISLAND O SA MAY AH POSIBLE SA LEYTE ANG YAN CENTRO NG BAGYONG SAMUEL BUKAS PO YAN AT MAY TSANSA RIN NA LUMAKAS PA ITO BAGO MAG LANDFALL 
LOG (lattice-best-path[5.5.896~1-8a59]:main():lattice-best-path.cc:124) Overall cost per frame is 110.728 = 3.11015 [graph] + 107.618 [acoustic] over 83671 frames.
LOG (lattice-best-path[5.5.896~1-8a59]:main():lattice-best-path.cc:128) Done 66 lattices, failed for 0
# Accounting: time=2 threads=1
# Ended (code 0) at Sat Apr  3 18:07:20 CST 2021, elapsed time 2 seconds
