# gmm-acc-stats-ali exp/tri3a/8.mdl "ark,s,cs:apply-cmvn  --utt2spk=ark:data/train/split16/15/utt2spk scp:data/train/split16/15/cmvn.scp scp:data/train/split16/15/feats.scp ark:- | splice-feats --left-context=3 --right-context=3 ark:- ark:- | transform-feats exp/tri2a_ali/final.mat ark:- ark:- | transform-feats --utt2spk=ark:data/train/split16/15/utt2spk ark:exp/tri3a/trans.15 ark:- ark:- |" "ark,s,cs:gunzip -c exp/tri3a/ali.15.gz|" exp/tri3a/8.15.acc 
# Started at Sun May 16 20:54:01 CST 2021
#
gmm-acc-stats-ali exp/tri3a/8.mdl 'ark,s,cs:apply-cmvn  --utt2spk=ark:data/train/split16/15/utt2spk scp:data/train/split16/15/cmvn.scp scp:data/train/split16/15/feats.scp ark:- | splice-feats --left-context=3 --right-context=3 ark:- ark:- | transform-feats exp/tri2a_ali/final.mat ark:- ark:- | transform-feats --utt2spk=ark:data/train/split16/15/utt2spk ark:exp/tri3a/trans.15 ark:- ark:- |' 'ark,s,cs:gunzip -c exp/tri3a/ali.15.gz|' exp/tri3a/8.15.acc 
apply-cmvn --utt2spk=ark:data/train/split16/15/utt2spk scp:data/train/split16/15/cmvn.scp scp:data/train/split16/15/feats.scp ark:- 
splice-feats --left-context=3 --right-context=3 ark:- ark:- 
transform-feats exp/tri2a_ali/final.mat ark:- ark:- 
transform-feats --utt2spk=ark:data/train/split16/15/utt2spk ark:exp/tri3a/trans.15 ark:- ark:- 
WARNING (gmm-acc-stats-ali[5.5.896~1-8a59]:main():gmm-acc-stats-ali.cc:79) No alignment for utterance weather063_007
WARNING (gmm-acc-stats-ali[5.5.896~1-8a59]:main():gmm-acc-stats-ali.cc:79) No alignment for utterance weather063_009
WARNING (gmm-acc-stats-ali[5.5.896~1-8a59]:main():gmm-acc-stats-ali.cc:79) No alignment for utterance weather063_012
WARNING (gmm-acc-stats-ali[5.5.896~1-8a59]:main():gmm-acc-stats-ali.cc:79) No alignment for utterance weather063_015
LOG (apply-cmvn[5.5.896~1-8a59]:main():apply-cmvn.cc:162) Applied cepstral mean normalization to 45 utterances, errors on 0
WARNING (gmm-acc-stats-ali[5.5.896~1-8a59]:main():gmm-acc-stats-ali.cc:79) No alignment for utterance weather063_021
LOG (transform-feats[5.5.896~1-8a59]:main():transform-feats.cc:158) Overall average [pseudo-]logdet is -83.7749 over 36421 frames.
LOG (transform-feats[5.5.896~1-8a59]:main():transform-feats.cc:161) Applied transform to 45 utterances; 0 had errors.
LOG (transform-feats[5.5.896~1-8a59]:main():transform-feats.cc:158) Overall average logdet is 3.79931 over 36421 frames.
LOG (transform-feats[5.5.896~1-8a59]:main():transform-feats.cc:161) Applied transform to 45 utterances; 0 had errors.
WARNING (gmm-acc-stats-ali[5.5.896~1-8a59]:main():gmm-acc-stats-ali.cc:79) No alignment for utterance weather063_022
LOG (gmm-acc-stats-ali[5.5.896~1-8a59]:main():gmm-acc-stats-ali.cc:112) Done 39 files, 6 with errors.
LOG (gmm-acc-stats-ali[5.5.896~1-8a59]:main():gmm-acc-stats-ali.cc:115) Overall avg like per frame (Gaussian only) = -53.129 over 32931 frames.
LOG (gmm-acc-stats-ali[5.5.896~1-8a59]:main():gmm-acc-stats-ali.cc:123) Written accs.
# Accounting: time=3 threads=1
# Ended (code 0) at Sun May 16 20:54:04 CST 2021, elapsed time 3 seconds
