# ali-to-post "ark:gunzip -c exp/tri3a/ali.7.gz|" ark:- | gmm-acc-stats-twofeats exp/tri3a/35.mdl "ark,s,cs:apply-cmvn  --utt2spk=ark:data/train/split16/7/utt2spk scp:data/train/split16/7/cmvn.scp scp:data/train/split16/7/feats.scp ark:- | splice-feats --left-context=3 --right-context=3 ark:- ark:- | transform-feats exp/tri2a_ali/final.mat ark:- ark:- | transform-feats --utt2spk=ark:data/train/split16/7/utt2spk ark:exp/tri3a/trans.7 ark:- ark:- |" "ark,s,cs:apply-cmvn  --utt2spk=ark:data/train/split16/7/utt2spk scp:data/train/split16/7/cmvn.scp scp:data/train/split16/7/feats.scp ark:- | splice-feats --left-context=3 --right-context=3 ark:- ark:- | transform-feats exp/tri2a_ali/final.mat ark:- ark:- |" ark,s,cs:- exp/tri3a/35.7.acc 
# Started at Sun May 16 20:57:48 CST 2021
#
ali-to-post 'ark:gunzip -c exp/tri3a/ali.7.gz|' ark:- 
gmm-acc-stats-twofeats exp/tri3a/35.mdl 'ark,s,cs:apply-cmvn  --utt2spk=ark:data/train/split16/7/utt2spk scp:data/train/split16/7/cmvn.scp scp:data/train/split16/7/feats.scp ark:- | splice-feats --left-context=3 --right-context=3 ark:- ark:- | transform-feats exp/tri2a_ali/final.mat ark:- ark:- | transform-feats --utt2spk=ark:data/train/split16/7/utt2spk ark:exp/tri3a/trans.7 ark:- ark:- |' 'ark,s,cs:apply-cmvn  --utt2spk=ark:data/train/split16/7/utt2spk scp:data/train/split16/7/cmvn.scp scp:data/train/split16/7/feats.scp ark:- | splice-feats --left-context=3 --right-context=3 ark:- ark:- | transform-feats exp/tri2a_ali/final.mat ark:- ark:- |' ark,s,cs:- exp/tri3a/35.7.acc 
apply-cmvn --utt2spk=ark:data/train/split16/7/utt2spk scp:data/train/split16/7/cmvn.scp scp:data/train/split16/7/feats.scp ark:- 
transform-feats exp/tri2a_ali/final.mat ark:- ark:- 
transform-feats --utt2spk=ark:data/train/split16/7/utt2spk ark:exp/tri3a/trans.7 ark:- ark:- 
splice-feats --left-context=3 --right-context=3 ark:- ark:- 
apply-cmvn --utt2spk=ark:data/train/split16/7/utt2spk scp:data/train/split16/7/cmvn.scp scp:data/train/split16/7/feats.scp ark:- 
splice-feats --left-context=3 --right-context=3 ark:- ark:- 
transform-feats exp/tri2a_ali/final.mat ark:- ark:- 
LOG (gmm-acc-stats-twofeats[5.5.896~1-8a59]:main():gmm-acc-stats-twofeats.cc:140) Average like for this file is -51.1221 over 1011 frames.
LOG (gmm-acc-stats-twofeats[5.5.896~1-8a59]:main():gmm-acc-stats-twofeats.cc:140) Average like for this file is -47.6809 over 453 frames.
LOG (gmm-acc-stats-twofeats[5.5.896~1-8a59]:main():gmm-acc-stats-twofeats.cc:140) Average like for this file is -47.1081 over 1544 frames.
LOG (gmm-acc-stats-twofeats[5.5.896~1-8a59]:main():gmm-acc-stats-twofeats.cc:140) Average like for this file is -46.025 over 906 frames.
LOG (gmm-acc-stats-twofeats[5.5.896~1-8a59]:main():gmm-acc-stats-twofeats.cc:140) Average like for this file is -51.1639 over 1085 frames.
LOG (gmm-acc-stats-twofeats[5.5.896~1-8a59]:main():gmm-acc-stats-twofeats.cc:140) Average like for this file is -46.8416 over 555 frames.
LOG (gmm-acc-stats-twofeats[5.5.896~1-8a59]:main():gmm-acc-stats-twofeats.cc:140) Average like for this file is -49.5349 over 732 frames.
LOG (gmm-acc-stats-twofeats[5.5.896~1-8a59]:main():gmm-acc-stats-twofeats.cc:140) Average like for this file is -48.0041 over 791 frames.
LOG (gmm-acc-stats-twofeats[5.5.896~1-8a59]:main():gmm-acc-stats-twofeats.cc:140) Average like for this file is -49.2737 over 534 frames.
LOG (gmm-acc-stats-twofeats[5.5.896~1-8a59]:main():gmm-acc-stats-twofeats.cc:140) Average like for this file is -49.8175 over 926 frames.
LOG (gmm-acc-stats-twofeats[5.5.896~1-8a59]:main():gmm-acc-stats-twofeats.cc:146) Avg like per frame so far is -48.7175
LOG (gmm-acc-stats-twofeats[5.5.896~1-8a59]:main():gmm-acc-stats-twofeats.cc:140) Average like for this file is -45.644 over 725 frames.
LOG (gmm-acc-stats-twofeats[5.5.896~1-8a59]:main():gmm-acc-stats-twofeats.cc:140) Average like for this file is -42.8457 over 435 frames.
LOG (gmm-acc-stats-twofeats[5.5.896~1-8a59]:main():gmm-acc-stats-twofeats.cc:140) Average like for this file is -50.4509 over 1242 frames.
LOG (gmm-acc-stats-twofeats[5.5.896~1-8a59]:main():gmm-acc-stats-twofeats.cc:140) Average like for this file is -50.937 over 1457 frames.
LOG (gmm-acc-stats-twofeats[5.5.896~1-8a59]:main():gmm-acc-stats-twofeats.cc:140) Average like for this file is -51.361 over 641 frames.
LOG (gmm-acc-stats-twofeats[5.5.896~1-8a59]:main():gmm-acc-stats-twofeats.cc:140) Average like for this file is -52.3861 over 1349 frames.
LOG (gmm-acc-stats-twofeats[5.5.896~1-8a59]:main():gmm-acc-stats-twofeats.cc:140) Average like for this file is -52.2344 over 1138 frames.
LOG (gmm-acc-stats-twofeats[5.5.896~1-8a59]:main():gmm-acc-stats-twofeats.cc:140) Average like for this file is -50.1036 over 1126 frames.
LOG (gmm-acc-stats-twofeats[5.5.896~1-8a59]:main():gmm-acc-stats-twofeats.cc:140) Average like for this file is -52.2501 over 1294 frames.
LOG (gmm-acc-stats-twofeats[5.5.896~1-8a59]:main():gmm-acc-stats-twofeats.cc:140) Average like for this file is -59.1074 over 423 frames.
LOG (gmm-acc-stats-twofeats[5.5.896~1-8a59]:main():gmm-acc-stats-twofeats.cc:146) Avg like per frame so far is -49.9031
LOG (gmm-acc-stats-twofeats[5.5.896~1-8a59]:main():gmm-acc-stats-twofeats.cc:140) Average like for this file is -48.6443 over 628 frames.
LOG (gmm-acc-stats-twofeats[5.5.896~1-8a59]:main():gmm-acc-stats-twofeats.cc:140) Average like for this file is -47.3443 over 1200 frames.
LOG (gmm-acc-stats-twofeats[5.5.896~1-8a59]:main():gmm-acc-stats-twofeats.cc:140) Average like for this file is -48.9621 over 924 frames.
LOG (gmm-acc-stats-twofeats[5.5.896~1-8a59]:main():gmm-acc-stats-twofeats.cc:140) Average like for this file is -50.1919 over 1036 frames.
LOG (gmm-acc-stats-twofeats[5.5.896~1-8a59]:main():gmm-acc-stats-twofeats.cc:140) Average like for this file is -49.6808 over 1425 frames.
LOG (gmm-acc-stats-twofeats[5.5.896~1-8a59]:main():gmm-acc-stats-twofeats.cc:140) Average like for this file is -51.5896 over 458 frames.
LOG (gmm-acc-stats-twofeats[5.5.896~1-8a59]:main():gmm-acc-stats-twofeats.cc:140) Average like for this file is -48.2729 over 847 frames.
LOG (gmm-acc-stats-twofeats[5.5.896~1-8a59]:main():gmm-acc-stats-twofeats.cc:140) Average like for this file is -53.2501 over 507 frames.
LOG (gmm-acc-stats-twofeats[5.5.896~1-8a59]:main():gmm-acc-stats-twofeats.cc:140) Average like for this file is -52.4669 over 359 frames.
LOG (gmm-acc-stats-twofeats[5.5.896~1-8a59]:main():gmm-acc-stats-twofeats.cc:140) Average like for this file is -53.5525 over 369 frames.
LOG (gmm-acc-stats-twofeats[5.5.896~1-8a59]:main():gmm-acc-stats-twofeats.cc:146) Avg like per frame so far is -49.8498
LOG (gmm-acc-stats-twofeats[5.5.896~1-8a59]:main():gmm-acc-stats-twofeats.cc:140) Average like for this file is -47.6559 over 1066 frames.
LOG (gmm-acc-stats-twofeats[5.5.896~1-8a59]:main():gmm-acc-stats-twofeats.cc:140) Average like for this file is -48.3957 over 1192 frames.
LOG (gmm-acc-stats-twofeats[5.5.896~1-8a59]:main():gmm-acc-stats-twofeats.cc:140) Average like for this file is -49.0404 over 652 frames.
LOG (gmm-acc-stats-twofeats[5.5.896~1-8a59]:main():gmm-acc-stats-twofeats.cc:140) Average like for this file is -48.929 over 669 frames.
LOG (gmm-acc-stats-twofeats[5.5.896~1-8a59]:main():gmm-acc-stats-twofeats.cc:140) Average like for this file is -52.0594 over 523 frames.
LOG (gmm-acc-stats-twofeats[5.5.896~1-8a59]:main():gmm-acc-stats-twofeats.cc:140) Average like for this file is -49.3594 over 635 frames.
LOG (ali-to-post[5.5.896~1-8a59]:main():ali-to-post.cc:73) Converted 44 alignments.
LOG (gmm-acc-stats-twofeats[5.5.896~1-8a59]:main():gmm-acc-stats-twofeats.cc:140) Average like for this file is -48.2254 over 1773 frames.
LOG (gmm-acc-stats-twofeats[5.5.896~1-8a59]:main():gmm-acc-stats-twofeats.cc:140) Average like for this file is -49.0711 over 704 frames.
LOG (apply-cmvn[5.5.896~1-8a59]:main():apply-cmvn.cc:162) Applied cepstral mean normalization to 45 utterances, errors on 0
LOG (gmm-acc-stats-twofeats[5.5.896~1-8a59]:main():gmm-acc-stats-twofeats.cc:140) Average like for this file is -49.2188 over 787 frames.
LOG (gmm-acc-stats-twofeats[5.5.896~1-8a59]:main():gmm-acc-stats-twofeats.cc:140) Average like for this file is -58.1669 over 409 frames.
LOG (gmm-acc-stats-twofeats[5.5.896~1-8a59]:main():gmm-acc-stats-twofeats.cc:146) Avg like per frame so far is -49.7081
LOG (apply-cmvn[5.5.896~1-8a59]:main():apply-cmvn.cc:162) Applied cepstral mean normalization to 45 utterances, errors on 0
LOG (gmm-acc-stats-twofeats[5.5.896~1-8a59]:main():gmm-acc-stats-twofeats.cc:140) Average like for this file is -49.5892 over 531 frames.
LOG (transform-feats[5.5.896~1-8a59]:main():transform-feats.cc:158) Overall average [pseudo-]logdet is -83.7749 over 38777 frames.
LOG (transform-feats[5.5.896~1-8a59]:main():transform-feats.cc:161) Applied transform to 45 utterances; 0 had errors.
LOG (gmm-acc-stats-twofeats[5.5.896~1-8a59]:main():gmm-acc-stats-twofeats.cc:140) Average like for this file is -47.9713 over 1020 frames.
LOG (transform-feats[5.5.896~1-8a59]:main():transform-feats.cc:158) Overall average logdet is 2.4751 over 38777 frames.
LOG (transform-feats[5.5.896~1-8a59]:main():transform-feats.cc:161) Applied transform to 45 utterances; 0 had errors.
LOG (transform-feats[5.5.896~1-8a59]:main():transform-feats.cc:158) Overall average [pseudo-]logdet is -83.7749 over 38777 frames.
LOG (transform-feats[5.5.896~1-8a59]:main():transform-feats.cc:161) Applied transform to 45 utterances; 0 had errors.
LOG (gmm-acc-stats-twofeats[5.5.896~1-8a59]:main():gmm-acc-stats-twofeats.cc:140) Average like for this file is -49.4604 over 660 frames.
LOG (gmm-acc-stats-twofeats[5.5.896~1-8a59]:main():gmm-acc-stats-twofeats.cc:140) Average like for this file is -55.7597 over 276 frames.
LOG (gmm-acc-stats-twofeats[5.5.896~1-8a59]:main():gmm-acc-stats-twofeats.cc:150) Done 44 files, 1 with no posteriors, 0 with no second features, 0 with other errors.
LOG (gmm-acc-stats-twofeats[5.5.896~1-8a59]:main():gmm-acc-stats-twofeats.cc:155) Overall avg like per frame (Gaussian only) = -49.6992 over 37017 frames.
LOG (gmm-acc-stats-twofeats[5.5.896~1-8a59]:main():gmm-acc-stats-twofeats.cc:163) Written accs.
# Accounting: time=5 threads=1
# Ended (code 0) at Sun May 16 20:57:54 CST 2021, elapsed time 5 seconds
