# ali-to-post "ark:gunzip -c exp/tri3a/ali.12.gz|" ark:- | gmm-acc-stats-twofeats exp/tri3a/35.mdl "ark,s,cs:apply-cmvn  --utt2spk=ark:data/train/split16/12/utt2spk scp:data/train/split16/12/cmvn.scp scp:data/train/split16/12/feats.scp ark:- | splice-feats --left-context=3 --right-context=3 ark:- ark:- | transform-feats exp/tri2a_ali/final.mat ark:- ark:- | transform-feats --utt2spk=ark:data/train/split16/12/utt2spk ark:exp/tri3a/trans.12 ark:- ark:- |" "ark,s,cs:apply-cmvn  --utt2spk=ark:data/train/split16/12/utt2spk scp:data/train/split16/12/cmvn.scp scp:data/train/split16/12/feats.scp ark:- | splice-feats --left-context=3 --right-context=3 ark:- ark:- | transform-feats exp/tri2a_ali/final.mat ark:- ark:- |" ark,s,cs:- exp/tri3a/35.12.acc 
# Started at Sun May 16 20:57:48 CST 2021
#
ali-to-post 'ark:gunzip -c exp/tri3a/ali.12.gz|' ark:- 
gmm-acc-stats-twofeats exp/tri3a/35.mdl 'ark,s,cs:apply-cmvn  --utt2spk=ark:data/train/split16/12/utt2spk scp:data/train/split16/12/cmvn.scp scp:data/train/split16/12/feats.scp ark:- | splice-feats --left-context=3 --right-context=3 ark:- ark:- | transform-feats exp/tri2a_ali/final.mat ark:- ark:- | transform-feats --utt2spk=ark:data/train/split16/12/utt2spk ark:exp/tri3a/trans.12 ark:- ark:- |' 'ark,s,cs:apply-cmvn  --utt2spk=ark:data/train/split16/12/utt2spk scp:data/train/split16/12/cmvn.scp scp:data/train/split16/12/feats.scp ark:- | splice-feats --left-context=3 --right-context=3 ark:- ark:- | transform-feats exp/tri2a_ali/final.mat ark:- ark:- |' ark,s,cs:- exp/tri3a/35.12.acc 
splice-feats --left-context=3 --right-context=3 ark:- ark:- 
transform-feats exp/tri2a_ali/final.mat ark:- ark:- 
transform-feats --utt2spk=ark:data/train/split16/12/utt2spk ark:exp/tri3a/trans.12 ark:- ark:- 
apply-cmvn --utt2spk=ark:data/train/split16/12/utt2spk scp:data/train/split16/12/cmvn.scp scp:data/train/split16/12/feats.scp ark:- 
transform-feats exp/tri2a_ali/final.mat ark:- ark:- 
splice-feats --left-context=3 --right-context=3 ark:- ark:- 
apply-cmvn --utt2spk=ark:data/train/split16/12/utt2spk scp:data/train/split16/12/cmvn.scp scp:data/train/split16/12/feats.scp ark:- 
LOG (gmm-acc-stats-twofeats[5.5.896~1-8a59]:main():gmm-acc-stats-twofeats.cc:140) Average like for this file is -47.5521 over 1757 frames.
LOG (gmm-acc-stats-twofeats[5.5.896~1-8a59]:main():gmm-acc-stats-twofeats.cc:140) Average like for this file is -46.5542 over 1203 frames.
LOG (gmm-acc-stats-twofeats[5.5.896~1-8a59]:main():gmm-acc-stats-twofeats.cc:140) Average like for this file is -46.8325 over 1075 frames.
LOG (gmm-acc-stats-twofeats[5.5.896~1-8a59]:main():gmm-acc-stats-twofeats.cc:140) Average like for this file is -48.0057 over 451 frames.
LOG (gmm-acc-stats-twofeats[5.5.896~1-8a59]:main():gmm-acc-stats-twofeats.cc:140) Average like for this file is -45.5083 over 1304 frames.
LOG (gmm-acc-stats-twofeats[5.5.896~1-8a59]:main():gmm-acc-stats-twofeats.cc:140) Average like for this file is -47.1551 over 767 frames.
LOG (gmm-acc-stats-twofeats[5.5.896~1-8a59]:main():gmm-acc-stats-twofeats.cc:140) Average like for this file is -45.2264 over 1411 frames.
LOG (gmm-acc-stats-twofeats[5.5.896~1-8a59]:main():gmm-acc-stats-twofeats.cc:140) Average like for this file is -45.7798 over 1975 frames.
LOG (gmm-acc-stats-twofeats[5.5.896~1-8a59]:main():gmm-acc-stats-twofeats.cc:140) Average like for this file is -48.8398 over 866 frames.
LOG (gmm-acc-stats-twofeats[5.5.896~1-8a59]:main():gmm-acc-stats-twofeats.cc:140) Average like for this file is -48.5608 over 1579 frames.
LOG (gmm-acc-stats-twofeats[5.5.896~1-8a59]:main():gmm-acc-stats-twofeats.cc:146) Avg like per frame so far is -46.8407
LOG (gmm-acc-stats-twofeats[5.5.896~1-8a59]:main():gmm-acc-stats-twofeats.cc:140) Average like for this file is -47.6909 over 704 frames.
LOG (gmm-acc-stats-twofeats[5.5.896~1-8a59]:main():gmm-acc-stats-twofeats.cc:140) Average like for this file is -46.5004 over 531 frames.
LOG (gmm-acc-stats-twofeats[5.5.896~1-8a59]:main():gmm-acc-stats-twofeats.cc:140) Average like for this file is -47.2722 over 1023 frames.
LOG (gmm-acc-stats-twofeats[5.5.896~1-8a59]:main():gmm-acc-stats-twofeats.cc:140) Average like for this file is -48.0295 over 1623 frames.
LOG (gmm-acc-stats-twofeats[5.5.896~1-8a59]:main():gmm-acc-stats-twofeats.cc:140) Average like for this file is -47.7473 over 1387 frames.
LOG (gmm-acc-stats-twofeats[5.5.896~1-8a59]:main():gmm-acc-stats-twofeats.cc:140) Average like for this file is -48.3713 over 1149 frames.
LOG (gmm-acc-stats-twofeats[5.5.896~1-8a59]:main():gmm-acc-stats-twofeats.cc:140) Average like for this file is -47.8101 over 751 frames.
LOG (gmm-acc-stats-twofeats[5.5.896~1-8a59]:main():gmm-acc-stats-twofeats.cc:140) Average like for this file is -47.7615 over 1320 frames.
LOG (gmm-acc-stats-twofeats[5.5.896~1-8a59]:main():gmm-acc-stats-twofeats.cc:140) Average like for this file is -47.9794 over 1292 frames.
LOG (gmm-acc-stats-twofeats[5.5.896~1-8a59]:main():gmm-acc-stats-twofeats.cc:140) Average like for this file is -47.6207 over 982 frames.
LOG (gmm-acc-stats-twofeats[5.5.896~1-8a59]:main():gmm-acc-stats-twofeats.cc:146) Avg like per frame so far is -47.272
LOG (gmm-acc-stats-twofeats[5.5.896~1-8a59]:main():gmm-acc-stats-twofeats.cc:140) Average like for this file is -48.1598 over 1288 frames.
LOG (gmm-acc-stats-twofeats[5.5.896~1-8a59]:main():gmm-acc-stats-twofeats.cc:140) Average like for this file is -46.5479 over 742 frames.
LOG (gmm-acc-stats-twofeats[5.5.896~1-8a59]:main():gmm-acc-stats-twofeats.cc:140) Average like for this file is -46.4444 over 1330 frames.
LOG (gmm-acc-stats-twofeats[5.5.896~1-8a59]:main():gmm-acc-stats-twofeats.cc:140) Average like for this file is -47.104 over 1393 frames.
LOG (gmm-acc-stats-twofeats[5.5.896~1-8a59]:main():gmm-acc-stats-twofeats.cc:140) Average like for this file is -47.5217 over 1572 frames.
LOG (gmm-acc-stats-twofeats[5.5.896~1-8a59]:main():gmm-acc-stats-twofeats.cc:140) Average like for this file is -49.0008 over 1057 frames.
LOG (gmm-acc-stats-twofeats[5.5.896~1-8a59]:main():gmm-acc-stats-twofeats.cc:140) Average like for this file is -47.4046 over 1142 frames.
LOG (gmm-acc-stats-twofeats[5.5.896~1-8a59]:main():gmm-acc-stats-twofeats.cc:140) Average like for this file is -42.8307 over 458 frames.
LOG (gmm-acc-stats-twofeats[5.5.896~1-8a59]:main():gmm-acc-stats-twofeats.cc:140) Average like for this file is -46.965 over 1055 frames.
LOG (gmm-acc-stats-twofeats[5.5.896~1-8a59]:main():gmm-acc-stats-twofeats.cc:140) Average like for this file is -47.727 over 1397 frames.
LOG (gmm-acc-stats-twofeats[5.5.896~1-8a59]:main():gmm-acc-stats-twofeats.cc:146) Avg like per frame so far is -47.2697
LOG (gmm-acc-stats-twofeats[5.5.896~1-8a59]:main():gmm-acc-stats-twofeats.cc:140) Average like for this file is -47.4235 over 1109 frames.
LOG (gmm-acc-stats-twofeats[5.5.896~1-8a59]:main():gmm-acc-stats-twofeats.cc:140) Average like for this file is -49.09 over 769 frames.
LOG (gmm-acc-stats-twofeats[5.5.896~1-8a59]:main():gmm-acc-stats-twofeats.cc:140) Average like for this file is -47.4259 over 587 frames.
LOG (gmm-acc-stats-twofeats[5.5.896~1-8a59]:main():gmm-acc-stats-twofeats.cc:140) Average like for this file is -47.3555 over 892 frames.
LOG (gmm-acc-stats-twofeats[5.5.896~1-8a59]:main():gmm-acc-stats-twofeats.cc:140) Average like for this file is -46.8728 over 628 frames.
LOG (gmm-acc-stats-twofeats[5.5.896~1-8a59]:main():gmm-acc-stats-twofeats.cc:140) Average like for this file is -48.0448 over 984 frames.
LOG (gmm-acc-stats-twofeats[5.5.896~1-8a59]:main():gmm-acc-stats-twofeats.cc:140) Average like for this file is -48.0042 over 672 frames.
LOG (gmm-acc-stats-twofeats[5.5.896~1-8a59]:main():gmm-acc-stats-twofeats.cc:140) Average like for this file is -47.2345 over 1129 frames.
LOG (gmm-acc-stats-twofeats[5.5.896~1-8a59]:main():gmm-acc-stats-twofeats.cc:140) Average like for this file is -47.0533 over 859 frames.
LOG (gmm-acc-stats-twofeats[5.5.896~1-8a59]:main():gmm-acc-stats-twofeats.cc:140) Average like for this file is -46.9767 over 1044 frames.
LOG (gmm-acc-stats-twofeats[5.5.896~1-8a59]:main():gmm-acc-stats-twofeats.cc:146) Avg like per frame so far is -47.3209
LOG (ali-to-post[5.5.896~1-8a59]:main():ali-to-post.cc:73) Converted 45 alignments.
LOG (gmm-acc-stats-twofeats[5.5.896~1-8a59]:main():gmm-acc-stats-twofeats.cc:140) Average like for this file is -47.8287 over 1155 frames.
LOG (apply-cmvn[5.5.896~1-8a59]:main():apply-cmvn.cc:162) Applied cepstral mean normalization to 45 utterances, errors on 0
LOG (gmm-acc-stats-twofeats[5.5.896~1-8a59]:main():gmm-acc-stats-twofeats.cc:140) Average like for this file is -47.2801 over 1051 frames.
LOG (apply-cmvn[5.5.896~1-8a59]:main():apply-cmvn.cc:162) Applied cepstral mean normalization to 45 utterances, errors on 0
LOG (gmm-acc-stats-twofeats[5.5.896~1-8a59]:main():gmm-acc-stats-twofeats.cc:140) Average like for this file is -46.7334 over 1164 frames.
LOG (transform-feats[5.5.896~1-8a59]:main():transform-feats.cc:158) Overall average [pseudo-]logdet is -83.7749 over 48674 frames.
LOG (transform-feats[5.5.896~1-8a59]:main():transform-feats.cc:161) Applied transform to 45 utterances; 0 had errors.
LOG (gmm-acc-stats-twofeats[5.5.896~1-8a59]:main():gmm-acc-stats-twofeats.cc:140) Average like for this file is -46.8125 over 1135 frames.
LOG (transform-feats[5.5.896~1-8a59]:main():transform-feats.cc:158) Overall average logdet is 10.379 over 48674 frames.
LOG (transform-feats[5.5.896~1-8a59]:main():transform-feats.cc:161) Applied transform to 45 utterances; 0 had errors.
LOG (transform-feats[5.5.896~1-8a59]:main():transform-feats.cc:158) Overall average [pseudo-]logdet is -83.7749 over 48674 frames.
LOG (transform-feats[5.5.896~1-8a59]:main():transform-feats.cc:161) Applied transform to 45 utterances; 0 had errors.
LOG (gmm-acc-stats-twofeats[5.5.896~1-8a59]:main():gmm-acc-stats-twofeats.cc:140) Average like for this file is -46.4895 over 912 frames.
LOG (gmm-acc-stats-twofeats[5.5.896~1-8a59]:main():gmm-acc-stats-twofeats.cc:150) Done 45 files, 0 with no posteriors, 0 with no second features, 0 with other errors.
LOG (gmm-acc-stats-twofeats[5.5.896~1-8a59]:main():gmm-acc-stats-twofeats.cc:155) Overall avg like per frame (Gaussian only) = -47.2906 over 48674 frames.
LOG (gmm-acc-stats-twofeats[5.5.896~1-8a59]:main():gmm-acc-stats-twofeats.cc:163) Written accs.
# Accounting: time=5 threads=1
# Ended (code 0) at Sun May 16 20:57:54 CST 2021, elapsed time 5 seconds
