# ali-to-post "ark:gunzip -c exp/tri3a/ali.14.gz|" ark:- | gmm-acc-stats-twofeats exp/tri3a/35.mdl "ark,s,cs:apply-cmvn  --utt2spk=ark:data/train/split16/14/utt2spk scp:data/train/split16/14/cmvn.scp scp:data/train/split16/14/feats.scp ark:- | splice-feats --left-context=3 --right-context=3 ark:- ark:- | transform-feats exp/tri2a_ali/final.mat ark:- ark:- | transform-feats --utt2spk=ark:data/train/split16/14/utt2spk ark:exp/tri3a/trans.14 ark:- ark:- |" "ark,s,cs:apply-cmvn  --utt2spk=ark:data/train/split16/14/utt2spk scp:data/train/split16/14/cmvn.scp scp:data/train/split16/14/feats.scp ark:- | splice-feats --left-context=3 --right-context=3 ark:- ark:- | transform-feats exp/tri2a_ali/final.mat ark:- ark:- |" ark,s,cs:- exp/tri3a/35.14.acc 
# Started at Sun May 16 20:57:48 CST 2021
#
ali-to-post 'ark:gunzip -c exp/tri3a/ali.14.gz|' ark:- 
gmm-acc-stats-twofeats exp/tri3a/35.mdl 'ark,s,cs:apply-cmvn  --utt2spk=ark:data/train/split16/14/utt2spk scp:data/train/split16/14/cmvn.scp scp:data/train/split16/14/feats.scp ark:- | splice-feats --left-context=3 --right-context=3 ark:- ark:- | transform-feats exp/tri2a_ali/final.mat ark:- ark:- | transform-feats --utt2spk=ark:data/train/split16/14/utt2spk ark:exp/tri3a/trans.14 ark:- ark:- |' 'ark,s,cs:apply-cmvn  --utt2spk=ark:data/train/split16/14/utt2spk scp:data/train/split16/14/cmvn.scp scp:data/train/split16/14/feats.scp ark:- | splice-feats --left-context=3 --right-context=3 ark:- ark:- | transform-feats exp/tri2a_ali/final.mat ark:- ark:- |' ark,s,cs:- exp/tri3a/35.14.acc 
transform-feats exp/tri2a_ali/final.mat ark:- ark:- 
apply-cmvn --utt2spk=ark:data/train/split16/14/utt2spk scp:data/train/split16/14/cmvn.scp scp:data/train/split16/14/feats.scp ark:- 
splice-feats --left-context=3 --right-context=3 ark:- ark:- 
transform-feats --utt2spk=ark:data/train/split16/14/utt2spk ark:exp/tri3a/trans.14 ark:- ark:- 
apply-cmvn --utt2spk=ark:data/train/split16/14/utt2spk scp:data/train/split16/14/cmvn.scp scp:data/train/split16/14/feats.scp ark:- 
splice-feats --left-context=3 --right-context=3 ark:- ark:- 
transform-feats exp/tri2a_ali/final.mat ark:- ark:- 
LOG (gmm-acc-stats-twofeats[5.5.896~1-8a59]:main():gmm-acc-stats-twofeats.cc:140) Average like for this file is -46.7075 over 725 frames.
LOG (gmm-acc-stats-twofeats[5.5.896~1-8a59]:main():gmm-acc-stats-twofeats.cc:140) Average like for this file is -46.2744 over 729 frames.
LOG (gmm-acc-stats-twofeats[5.5.896~1-8a59]:main():gmm-acc-stats-twofeats.cc:140) Average like for this file is -46.7 over 785 frames.
LOG (gmm-acc-stats-twofeats[5.5.896~1-8a59]:main():gmm-acc-stats-twofeats.cc:140) Average like for this file is -42.8837 over 332 frames.
LOG (gmm-acc-stats-twofeats[5.5.896~1-8a59]:main():gmm-acc-stats-twofeats.cc:140) Average like for this file is -46.7031 over 738 frames.
LOG (gmm-acc-stats-twofeats[5.5.896~1-8a59]:main():gmm-acc-stats-twofeats.cc:140) Average like for this file is -47.7791 over 588 frames.
LOG (gmm-acc-stats-twofeats[5.5.896~1-8a59]:main():gmm-acc-stats-twofeats.cc:140) Average like for this file is -47.5787 over 523 frames.
LOG (gmm-acc-stats-twofeats[5.5.896~1-8a59]:main():gmm-acc-stats-twofeats.cc:140) Average like for this file is -44.3817 over 404 frames.
LOG (gmm-acc-stats-twofeats[5.5.896~1-8a59]:main():gmm-acc-stats-twofeats.cc:140) Average like for this file is -42.9402 over 512 frames.
LOG (gmm-acc-stats-twofeats[5.5.896~1-8a59]:main():gmm-acc-stats-twofeats.cc:140) Average like for this file is -44.4999 over 468 frames.
LOG (gmm-acc-stats-twofeats[5.5.896~1-8a59]:main():gmm-acc-stats-twofeats.cc:146) Avg like per frame so far is -45.9476
LOG (gmm-acc-stats-twofeats[5.5.896~1-8a59]:main():gmm-acc-stats-twofeats.cc:140) Average like for this file is -46.8726 over 584 frames.
LOG (gmm-acc-stats-twofeats[5.5.896~1-8a59]:main():gmm-acc-stats-twofeats.cc:140) Average like for this file is -43.0428 over 416 frames.
LOG (gmm-acc-stats-twofeats[5.5.896~1-8a59]:main():gmm-acc-stats-twofeats.cc:140) Average like for this file is -49.1173 over 1218 frames.
LOG (gmm-acc-stats-twofeats[5.5.896~1-8a59]:main():gmm-acc-stats-twofeats.cc:140) Average like for this file is -49.5835 over 622 frames.
LOG (gmm-acc-stats-twofeats[5.5.896~1-8a59]:main():gmm-acc-stats-twofeats.cc:140) Average like for this file is -49.5076 over 975 frames.
LOG (gmm-acc-stats-twofeats[5.5.896~1-8a59]:main():gmm-acc-stats-twofeats.cc:140) Average like for this file is -48.3856 over 525 frames.
LOG (gmm-acc-stats-twofeats[5.5.896~1-8a59]:main():gmm-acc-stats-twofeats.cc:140) Average like for this file is -50.1363 over 531 frames.
LOG (gmm-acc-stats-twofeats[5.5.896~1-8a59]:main():gmm-acc-stats-twofeats.cc:140) Average like for this file is -47.8799 over 869 frames.
LOG (gmm-acc-stats-twofeats[5.5.896~1-8a59]:main():gmm-acc-stats-twofeats.cc:140) Average like for this file is -48.7883 over 1055 frames.
LOG (gmm-acc-stats-twofeats[5.5.896~1-8a59]:main():gmm-acc-stats-twofeats.cc:140) Average like for this file is -49.0718 over 1154 frames.
LOG (gmm-acc-stats-twofeats[5.5.896~1-8a59]:main():gmm-acc-stats-twofeats.cc:146) Avg like per frame so far is -47.4535
LOG (gmm-acc-stats-twofeats[5.5.896~1-8a59]:main():gmm-acc-stats-twofeats.cc:140) Average like for this file is -48.9558 over 697 frames.
LOG (gmm-acc-stats-twofeats[5.5.896~1-8a59]:main():gmm-acc-stats-twofeats.cc:140) Average like for this file is -48.8013 over 815 frames.
LOG (gmm-acc-stats-twofeats[5.5.896~1-8a59]:main():gmm-acc-stats-twofeats.cc:140) Average like for this file is -47.6337 over 421 frames.
LOG (gmm-acc-stats-twofeats[5.5.896~1-8a59]:main():gmm-acc-stats-twofeats.cc:140) Average like for this file is -49.418 over 955 frames.
LOG (gmm-acc-stats-twofeats[5.5.896~1-8a59]:main():gmm-acc-stats-twofeats.cc:140) Average like for this file is -49.4347 over 823 frames.
LOG (gmm-acc-stats-twofeats[5.5.896~1-8a59]:main():gmm-acc-stats-twofeats.cc:140) Average like for this file is -48.7153 over 840 frames.
LOG (gmm-acc-stats-twofeats[5.5.896~1-8a59]:main():gmm-acc-stats-twofeats.cc:140) Average like for this file is -49.5919 over 1106 frames.
LOG (gmm-acc-stats-twofeats[5.5.896~1-8a59]:main():gmm-acc-stats-twofeats.cc:140) Average like for this file is -50.0748 over 793 frames.
LOG (gmm-acc-stats-twofeats[5.5.896~1-8a59]:main():gmm-acc-stats-twofeats.cc:140) Average like for this file is -47.9204 over 607 frames.
LOG (gmm-acc-stats-twofeats[5.5.896~1-8a59]:main():gmm-acc-stats-twofeats.cc:140) Average like for this file is -48.7177 over 735 frames.
LOG (gmm-acc-stats-twofeats[5.5.896~1-8a59]:main():gmm-acc-stats-twofeats.cc:146) Avg like per frame so far is -48.0311
LOG (gmm-acc-stats-twofeats[5.5.896~1-8a59]:main():gmm-acc-stats-twofeats.cc:140) Average like for this file is -51.8589 over 593 frames.
LOG (gmm-acc-stats-twofeats[5.5.896~1-8a59]:main():gmm-acc-stats-twofeats.cc:140) Average like for this file is -49.6824 over 620 frames.
LOG (gmm-acc-stats-twofeats[5.5.896~1-8a59]:main():gmm-acc-stats-twofeats.cc:140) Average like for this file is -50.2416 over 610 frames.
LOG (gmm-acc-stats-twofeats[5.5.896~1-8a59]:main():gmm-acc-stats-twofeats.cc:140) Average like for this file is -50.0473 over 1124 frames.
LOG (gmm-acc-stats-twofeats[5.5.896~1-8a59]:main():gmm-acc-stats-twofeats.cc:140) Average like for this file is -50.8704 over 616 frames.
LOG (gmm-acc-stats-twofeats[5.5.896~1-8a59]:main():gmm-acc-stats-twofeats.cc:140) Average like for this file is -50.1518 over 962 frames.
LOG (gmm-acc-stats-twofeats[5.5.896~1-8a59]:main():gmm-acc-stats-twofeats.cc:140) Average like for this file is -51.6499 over 586 frames.
LOG (gmm-acc-stats-twofeats[5.5.896~1-8a59]:main():gmm-acc-stats-twofeats.cc:140) Average like for this file is -49.4485 over 1297 frames.
LOG (gmm-acc-stats-twofeats[5.5.896~1-8a59]:main():gmm-acc-stats-twofeats.cc:140) Average like for this file is -49.9469 over 1177 frames.
LOG (ali-to-post[5.5.896~1-8a59]:main():ali-to-post.cc:73) Converted 45 alignments.
LOG (gmm-acc-stats-twofeats[5.5.896~1-8a59]:main():gmm-acc-stats-twofeats.cc:140) Average like for this file is -49.5358 over 1243 frames.
LOG (gmm-acc-stats-twofeats[5.5.896~1-8a59]:main():gmm-acc-stats-twofeats.cc:146) Avg like per frame so far is -48.6495
LOG (apply-cmvn[5.5.896~1-8a59]:main():apply-cmvn.cc:162) Applied cepstral mean normalization to 45 utterances, errors on 0
LOG (gmm-acc-stats-twofeats[5.5.896~1-8a59]:main():gmm-acc-stats-twofeats.cc:140) Average like for this file is -50.6151 over 913 frames.
LOG (gmm-acc-stats-twofeats[5.5.896~1-8a59]:main():gmm-acc-stats-twofeats.cc:140) Average like for this file is -51.1991 over 676 frames.
LOG (apply-cmvn[5.5.896~1-8a59]:main():apply-cmvn.cc:162) Applied cepstral mean normalization to 45 utterances, errors on 0
LOG (gmm-acc-stats-twofeats[5.5.896~1-8a59]:main():gmm-acc-stats-twofeats.cc:140) Average like for this file is -50.5421 over 728 frames.
LOG (transform-feats[5.5.896~1-8a59]:main():transform-feats.cc:158) Overall average [pseudo-]logdet is -83.7749 over 34383 frames.
LOG (transform-feats[5.5.896~1-8a59]:main():transform-feats.cc:161) Applied transform to 45 utterances; 0 had errors.
LOG (transform-feats[5.5.896~1-8a59]:main():transform-feats.cc:158) Overall average logdet is 11.2704 over 34383 frames.
LOG (transform-feats[5.5.896~1-8a59]:main():transform-feats.cc:161) Applied transform to 45 utterances; 0 had errors.
LOG (transform-feats[5.5.896~1-8a59]:main():transform-feats.cc:158) Overall average [pseudo-]logdet is -83.7749 over 34383 frames.
LOG (transform-feats[5.5.896~1-8a59]:main():transform-feats.cc:161) Applied transform to 45 utterances; 0 had errors.
LOG (gmm-acc-stats-twofeats[5.5.896~1-8a59]:main():gmm-acc-stats-twofeats.cc:140) Average like for this file is -49.6702 over 1288 frames.
LOG (gmm-acc-stats-twofeats[5.5.896~1-8a59]:main():gmm-acc-stats-twofeats.cc:140) Average like for this file is -47.8049 over 405 frames.
LOG (gmm-acc-stats-twofeats[5.5.896~1-8a59]:main():gmm-acc-stats-twofeats.cc:150) Done 45 files, 0 with no posteriors, 0 with no second features, 0 with other errors.
LOG (gmm-acc-stats-twofeats[5.5.896~1-8a59]:main():gmm-acc-stats-twofeats.cc:155) Overall avg like per frame (Gaussian only) = -48.8202 over 34383 frames.
LOG (gmm-acc-stats-twofeats[5.5.896~1-8a59]:main():gmm-acc-stats-twofeats.cc:163) Written accs.
# Accounting: time=4 threads=1
# Ended (code 0) at Sun May 16 20:57:54 CST 2021, elapsed time 4 seconds
