# compile-train-graphs --read-disambig-syms=data/lang/phones/disambig.int exp/tri3a/tree exp/tri3a/1.mdl data/lang/L.fst "ark:utils/sym2int.pl --map-oov 1 -f 2- data/lang/words.txt < data/train/split4/2/text |" "ark:|gzip -c >exp/tri3a/fsts.2.gz" 
# Started at Sun Apr  4 16:13:07 CST 2021
#
compile-train-graphs --read-disambig-syms=data/lang/phones/disambig.int exp/tri3a/tree exp/tri3a/1.mdl data/lang/L.fst 'ark:utils/sym2int.pl --map-oov 1 -f 2- data/lang/words.txt < data/train/split4/2/text |' 'ark:|gzip -c >exp/tri3a/fsts.2.gz' 
sym2int.pl: replacing DYAN with 1
sym2int.pl: replacing THIRY with 1
sym2int.pl: replacing HANBANG with 1
sym2int.pl: replacing LATES with 1
sym2int.pl: replacing LORIDINE with 1
sym2int.pl: replacing UULAT.weather8 with 1
sym2int.pl: replacing DYAN with 1
sym2int.pl: replacing HANBANG with 1
sym2int.pl: replacing LATES with 1
sym2int.pl: replacing LORIDINE with 1
sym2int.pl: replacing DYAN with 1
sym2int.pl: replacing DYAN with 1
sym2int.pl: replacing DYAN with 1
sym2int.pl: replacing SABADAO with 1
sym2int.pl: replacing DYAN with 1
sym2int.pl: replacing DYAN with 1
sym2int.pl: replacing IBA’T with 1
** Replaced 17 instances of OOVs with 1
LOG (compile-train-graphs[5.5.896~1-8a59]:main():compile-train-graphs.cc:147) compile-train-graphs: succeeded for 66 graphs, failed for 0
# Accounting: time=0 threads=1
# Ended (code 0) at Sun Apr  4 16:13:07 CST 2021, elapsed time 0 seconds
