# ali-to-post "ark:gunzip -c exp/tri3a/ali.10.gz|" ark:- | weight-silence-post 0.0 1:2:3:4:5:6:7:8:9:10 exp/tri3a/6.mdl ark:- ark:- | gmm-est-fmllr --fmllr-update-type=full --spk2utt=ark:data/train/split16/10/spk2utt exp/tri3a/6.mdl "ark,s,cs:apply-cmvn  --utt2spk=ark:data/train/split16/10/utt2spk scp:data/train/split16/10/cmvn.scp scp:data/train/split16/10/feats.scp ark:- | splice-feats --left-context=3 --right-context=3 ark:- ark:- | transform-feats exp/tri2a_ali/final.mat ark:- ark:- | transform-feats --utt2spk=ark:data/train/split16/10/utt2spk ark:exp/tri3a/trans.10 ark:- ark:- |" ark:- ark:exp/tri3a/tmp_trans.10 
# Started at Sun May 16 20:53:28 CST 2021
#
gmm-est-fmllr --fmllr-update-type=full --spk2utt=ark:data/train/split16/10/spk2utt exp/tri3a/6.mdl 'ark,s,cs:apply-cmvn  --utt2spk=ark:data/train/split16/10/utt2spk scp:data/train/split16/10/cmvn.scp scp:data/train/split16/10/feats.scp ark:- | splice-feats --left-context=3 --right-context=3 ark:- ark:- | transform-feats exp/tri2a_ali/final.mat ark:- ark:- | transform-feats --utt2spk=ark:data/train/split16/10/utt2spk ark:exp/tri3a/trans.10 ark:- ark:- |' ark:- ark:exp/tri3a/tmp_trans.10 
weight-silence-post 0.0 1:2:3:4:5:6:7:8:9:10 exp/tri3a/6.mdl ark:- ark:- 
ali-to-post 'ark:gunzip -c exp/tri3a/ali.10.gz|' ark:- 
apply-cmvn --utt2spk=ark:data/train/split16/10/utt2spk scp:data/train/split16/10/cmvn.scp scp:data/train/split16/10/feats.scp ark:- 
splice-feats --left-context=3 --right-context=3 ark:- ark:- 
transform-feats exp/tri2a_ali/final.mat ark:- ark:- 
transform-feats --utt2spk=ark:data/train/split16/10/utt2spk ark:exp/tri3a/trans.10 ark:- ark:- 
WARNING (gmm-est-fmllr[5.5.896~1-8a59]:Update():fmllr-diag-gmm.cc:162) Not updating fMLLR since below min-count: count is 486
LOG (gmm-est-fmllr[5.5.896~1-8a59]:main():gmm-est-fmllr.cc:143) For speaker weather051_006, auxf-impr from fMLLR is 0, over 486 frames.
LOG (gmm-est-fmllr[5.5.896~1-8a59]:ComputeFmllrMatrixDiagGmmFull():fmllr-diag-gmm.cc:262) fMLLR objf improvement is 0.10581 per frame over 661 frames.
LOG (gmm-est-fmllr[5.5.896~1-8a59]:main():gmm-est-fmllr.cc:143) For speaker weather051_007, auxf-impr from fMLLR is 0.10581, over 661 frames.
WARNING (gmm-est-fmllr[5.5.896~1-8a59]:Update():fmllr-diag-gmm.cc:162) Not updating fMLLR since below min-count: count is 382
LOG (gmm-est-fmllr[5.5.896~1-8a59]:main():gmm-est-fmllr.cc:143) For speaker weather051_008, auxf-impr from fMLLR is 0, over 382 frames.
WARNING (gmm-est-fmllr[5.5.896~1-8a59]:Update():fmllr-diag-gmm.cc:162) Not updating fMLLR since below min-count: count is 397
LOG (gmm-est-fmllr[5.5.896~1-8a59]:main():gmm-est-fmllr.cc:143) For speaker weather051_009, auxf-impr from fMLLR is 0, over 397 frames.
WARNING (gmm-est-fmllr[5.5.896~1-8a59]:Update():fmllr-diag-gmm.cc:162) Not updating fMLLR since below min-count: count is 217
LOG (gmm-est-fmllr[5.5.896~1-8a59]:main():gmm-est-fmllr.cc:143) For speaker weather051_010, auxf-impr from fMLLR is 0, over 217 frames.
LOG (gmm-est-fmllr[5.5.896~1-8a59]:ComputeFmllrMatrixDiagGmmFull():fmllr-diag-gmm.cc:262) fMLLR objf improvement is 0.127265 per frame over 544 frames.
LOG (gmm-est-fmllr[5.5.896~1-8a59]:main():gmm-est-fmllr.cc:143) For speaker weather051_011, auxf-impr from fMLLR is 0.127265, over 544 frames.
WARNING (gmm-est-fmllr[5.5.896~1-8a59]:Update():fmllr-diag-gmm.cc:162) Not updating fMLLR since below min-count: count is 496
LOG (gmm-est-fmllr[5.5.896~1-8a59]:main():gmm-est-fmllr.cc:143) For speaker weather051_012, auxf-impr from fMLLR is 0, over 496 frames.
WARNING (gmm-est-fmllr[5.5.896~1-8a59]:Update():fmllr-diag-gmm.cc:162) Not updating fMLLR since below min-count: count is 197
LOG (gmm-est-fmllr[5.5.896~1-8a59]:main():gmm-est-fmllr.cc:143) For speaker weather051_013, auxf-impr from fMLLR is 0, over 197 frames.
WARNING (gmm-est-fmllr[5.5.896~1-8a59]:Update():fmllr-diag-gmm.cc:162) Not updating fMLLR since below min-count: count is 353
LOG (gmm-est-fmllr[5.5.896~1-8a59]:main():gmm-est-fmllr.cc:143) For speaker weather051_014, auxf-impr from fMLLR is 0, over 353 frames.
WARNING (gmm-est-fmllr[5.5.896~1-8a59]:Update():fmllr-diag-gmm.cc:162) Not updating fMLLR since below min-count: count is 288
LOG (gmm-est-fmllr[5.5.896~1-8a59]:main():gmm-est-fmllr.cc:143) For speaker weather051_015, auxf-impr from fMLLR is 0, over 288 frames.
WARNING (gmm-est-fmllr[5.5.896~1-8a59]:Update():fmllr-diag-gmm.cc:162) Not updating fMLLR since below min-count: count is 477
LOG (gmm-est-fmllr[5.5.896~1-8a59]:main():gmm-est-fmllr.cc:143) For speaker weather051_016, auxf-impr from fMLLR is 0, over 477 frames.
WARNING (gmm-est-fmllr[5.5.896~1-8a59]:Update():fmllr-diag-gmm.cc:162) Not updating fMLLR since below min-count: count is 271
LOG (gmm-est-fmllr[5.5.896~1-8a59]:main():gmm-est-fmllr.cc:143) For speaker weather051_017, auxf-impr from fMLLR is 0, over 271 frames.
LOG (gmm-est-fmllr[5.5.896~1-8a59]:ComputeFmllrMatrixDiagGmmFull():fmllr-diag-gmm.cc:262) fMLLR objf improvement is 0.139505 per frame over 623 frames.
LOG (gmm-est-fmllr[5.5.896~1-8a59]:main():gmm-est-fmllr.cc:143) For speaker weather051_018, auxf-impr from fMLLR is 0.139505, over 623 frames.
LOG (gmm-est-fmllr[5.5.896~1-8a59]:ComputeFmllrMatrixDiagGmmFull():fmllr-diag-gmm.cc:262) fMLLR objf improvement is 0.143556 per frame over 592 frames.
LOG (gmm-est-fmllr[5.5.896~1-8a59]:main():gmm-est-fmllr.cc:143) For speaker weather051_019, auxf-impr from fMLLR is 0.143556, over 592 frames.
LOG (gmm-est-fmllr[5.5.896~1-8a59]:ComputeFmllrMatrixDiagGmmFull():fmllr-diag-gmm.cc:262) fMLLR objf improvement is 0.12056 per frame over 669 frames.
LOG (gmm-est-fmllr[5.5.896~1-8a59]:main():gmm-est-fmllr.cc:143) For speaker weather051_020, auxf-impr from fMLLR is 0.12056, over 669 frames.
LOG (gmm-est-fmllr[5.5.896~1-8a59]:ComputeFmllrMatrixDiagGmmFull():fmllr-diag-gmm.cc:262) fMLLR objf improvement is 0.107281 per frame over 860 frames.
LOG (gmm-est-fmllr[5.5.896~1-8a59]:main():gmm-est-fmllr.cc:143) For speaker weather051_021, auxf-impr from fMLLR is 0.107281, over 860 frames.
LOG (gmm-est-fmllr[5.5.896~1-8a59]:ComputeFmllrMatrixDiagGmmFull():fmllr-diag-gmm.cc:262) fMLLR objf improvement is 0.0683705 per frame over 1668 frames.
LOG (gmm-est-fmllr[5.5.896~1-8a59]:main():gmm-est-fmllr.cc:143) For speaker weather051_022, auxf-impr from fMLLR is 0.0683705, over 1668 frames.
LOG (gmm-est-fmllr[5.5.896~1-8a59]:ComputeFmllrMatrixDiagGmmFull():fmllr-diag-gmm.cc:262) fMLLR objf improvement is 0.115142 per frame over 684 frames.
LOG (gmm-est-fmllr[5.5.896~1-8a59]:main():gmm-est-fmllr.cc:143) For speaker weather051_023, auxf-impr from fMLLR is 0.115142, over 684 frames.
LOG (gmm-est-fmllr[5.5.896~1-8a59]:ComputeFmllrMatrixDiagGmmFull():fmllr-diag-gmm.cc:262) fMLLR objf improvement is 0.10951 per frame over 682 frames.
LOG (gmm-est-fmllr[5.5.896~1-8a59]:main():gmm-est-fmllr.cc:143) For speaker weather051_024, auxf-impr from fMLLR is 0.10951, over 682 frames.
LOG (gmm-est-fmllr[5.5.896~1-8a59]:ComputeFmllrMatrixDiagGmmFull():fmllr-diag-gmm.cc:262) fMLLR objf improvement is 0.136586 per frame over 717 frames.
LOG (gmm-est-fmllr[5.5.896~1-8a59]:main():gmm-est-fmllr.cc:143) For speaker weather051_025, auxf-impr from fMLLR is 0.136586, over 717 frames.
WARNING (gmm-est-fmllr[5.5.896~1-8a59]:Update():fmllr-diag-gmm.cc:162) Not updating fMLLR since below min-count: count is 414
LOG (gmm-est-fmllr[5.5.896~1-8a59]:main():gmm-est-fmllr.cc:143) For speaker weather051_026, auxf-impr from fMLLR is 0, over 414 frames.
LOG (gmm-est-fmllr[5.5.896~1-8a59]:ComputeFmllrMatrixDiagGmmFull():fmllr-diag-gmm.cc:262) fMLLR objf improvement is 0.178413 per frame over 582 frames.
LOG (gmm-est-fmllr[5.5.896~1-8a59]:main():gmm-est-fmllr.cc:143) For speaker weather051_027, auxf-impr from fMLLR is 0.178413, over 582 frames.
LOG (gmm-est-fmllr[5.5.896~1-8a59]:ComputeFmllrMatrixDiagGmmFull():fmllr-diag-gmm.cc:262) fMLLR objf improvement is 0.0880766 per frame over 953 frames.
LOG (gmm-est-fmllr[5.5.896~1-8a59]:main():gmm-est-fmllr.cc:143) For speaker weather051_028, auxf-impr from fMLLR is 0.0880766, over 953 frames.
LOG (gmm-est-fmllr[5.5.896~1-8a59]:ComputeFmllrMatrixDiagGmmFull():fmllr-diag-gmm.cc:262) fMLLR objf improvement is 0.121472 per frame over 604 frames.
LOG (gmm-est-fmllr[5.5.896~1-8a59]:main():gmm-est-fmllr.cc:143) For speaker weather051_029, auxf-impr from fMLLR is 0.121472, over 604 frames.
LOG (gmm-est-fmllr[5.5.896~1-8a59]:ComputeFmllrMatrixDiagGmmFull():fmllr-diag-gmm.cc:262) fMLLR objf improvement is 0.102099 per frame over 802 frames.
LOG (gmm-est-fmllr[5.5.896~1-8a59]:main():gmm-est-fmllr.cc:143) For speaker weather051_030, auxf-impr from fMLLR is 0.102099, over 802 frames.
LOG (gmm-est-fmllr[5.5.896~1-8a59]:ComputeFmllrMatrixDiagGmmFull():fmllr-diag-gmm.cc:262) fMLLR objf improvement is 0.117361 per frame over 912 frames.
LOG (gmm-est-fmllr[5.5.896~1-8a59]:main():gmm-est-fmllr.cc:143) For speaker weather051_031, auxf-impr from fMLLR is 0.117361, over 912 frames.
LOG (gmm-est-fmllr[5.5.896~1-8a59]:ComputeFmllrMatrixDiagGmmFull():fmllr-diag-gmm.cc:262) fMLLR objf improvement is 0.113381 per frame over 859 frames.
LOG (gmm-est-fmllr[5.5.896~1-8a59]:main():gmm-est-fmllr.cc:143) For speaker weather051_032, auxf-impr from fMLLR is 0.113381, over 859 frames.
LOG (gmm-est-fmllr[5.5.896~1-8a59]:ComputeFmllrMatrixDiagGmmFull():fmllr-diag-gmm.cc:262) fMLLR objf improvement is 0.0756812 per frame over 1429 frames.
LOG (gmm-est-fmllr[5.5.896~1-8a59]:main():gmm-est-fmllr.cc:143) For speaker weather051_033, auxf-impr from fMLLR is 0.0756812, over 1429 frames.
LOG (gmm-est-fmllr[5.5.896~1-8a59]:ComputeFmllrMatrixDiagGmmFull():fmllr-diag-gmm.cc:262) fMLLR objf improvement is 0.0996458 per frame over 939 frames.
LOG (gmm-est-fmllr[5.5.896~1-8a59]:main():gmm-est-fmllr.cc:143) For speaker weather051_034, auxf-impr from fMLLR is 0.0996458, over 939 frames.
LOG (gmm-est-fmllr[5.5.896~1-8a59]:ComputeFmllrMatrixDiagGmmFull():fmllr-diag-gmm.cc:262) fMLLR objf improvement is 0.0925302 per frame over 1140 frames.
LOG (gmm-est-fmllr[5.5.896~1-8a59]:main():gmm-est-fmllr.cc:143) For speaker weather051_035, auxf-impr from fMLLR is 0.0925302, over 1140 frames.
LOG (gmm-est-fmllr[5.5.896~1-8a59]:ComputeFmllrMatrixDiagGmmFull():fmllr-diag-gmm.cc:262) fMLLR objf improvement is 0.159865 per frame over 750 frames.
LOG (gmm-est-fmllr[5.5.896~1-8a59]:main():gmm-est-fmllr.cc:143) For speaker weather051_036, auxf-impr from fMLLR is 0.159865, over 750 frames.
LOG (gmm-est-fmllr[5.5.896~1-8a59]:ComputeFmllrMatrixDiagGmmFull():fmllr-diag-gmm.cc:262) fMLLR objf improvement is 0.0880183 per frame over 1491 frames.
LOG (gmm-est-fmllr[5.5.896~1-8a59]:main():gmm-est-fmllr.cc:143) For speaker weather051_037, auxf-impr from fMLLR is 0.0880183, over 1491 frames.
LOG (gmm-est-fmllr[5.5.896~1-8a59]:ComputeFmllrMatrixDiagGmmFull():fmllr-diag-gmm.cc:262) fMLLR objf improvement is 0.146712 per frame over 525 frames.
LOG (gmm-est-fmllr[5.5.896~1-8a59]:main():gmm-est-fmllr.cc:143) For speaker weather051_038, auxf-impr from fMLLR is 0.146712, over 525 frames.
LOG (ali-to-post[5.5.896~1-8a59]:main():ali-to-post.cc:73) Converted 45 alignments.
WARNING (gmm-est-fmllr[5.5.896~1-8a59]:Update():fmllr-diag-gmm.cc:162) Not updating fMLLR since below min-count: count is 471
LOG (gmm-est-fmllr[5.5.896~1-8a59]:main():gmm-est-fmllr.cc:143) For speaker weather052_001, auxf-impr from fMLLR is 0, over 471 frames.
WARNING (gmm-est-fmllr[5.5.896~1-8a59]:Update():fmllr-diag-gmm.cc:162) Not updating fMLLR since below min-count: count is 402
LOG (gmm-est-fmllr[5.5.896~1-8a59]:main():gmm-est-fmllr.cc:143) For speaker weather052_002, auxf-impr from fMLLR is 0, over 402 frames.
LOG (gmm-est-fmllr[5.5.896~1-8a59]:ComputeFmllrMatrixDiagGmmFull():fmllr-diag-gmm.cc:262) fMLLR objf improvement is 0.0982301 per frame over 810 frames.
LOG (gmm-est-fmllr[5.5.896~1-8a59]:main():gmm-est-fmllr.cc:143) For speaker weather052_003, auxf-impr from fMLLR is 0.0982301, over 810 frames.
LOG (gmm-est-fmllr[5.5.896~1-8a59]:ComputeFmllrMatrixDiagGmmFull():fmllr-diag-gmm.cc:262) fMLLR objf improvement is 0.120223 per frame over 833 frames.
LOG (gmm-est-fmllr[5.5.896~1-8a59]:main():gmm-est-fmllr.cc:143) For speaker weather052_004, auxf-impr from fMLLR is 0.120223, over 833 frames.
LOG (gmm-est-fmllr[5.5.896~1-8a59]:ComputeFmllrMatrixDiagGmmFull():fmllr-diag-gmm.cc:262) fMLLR objf improvement is 0.163807 per frame over 504 frames.
LOG (gmm-est-fmllr[5.5.896~1-8a59]:main():gmm-est-fmllr.cc:143) For speaker weather052_005, auxf-impr from fMLLR is 0.163807, over 504 frames.
LOG (gmm-est-fmllr[5.5.896~1-8a59]:ComputeFmllrMatrixDiagGmmFull():fmllr-diag-gmm.cc:262) fMLLR objf improvement is 0.120707 per frame over 697 frames.
LOG (gmm-est-fmllr[5.5.896~1-8a59]:main():gmm-est-fmllr.cc:143) For speaker weather052_006, auxf-impr from fMLLR is 0.120707, over 697 frames.
LOG (gmm-est-fmllr[5.5.896~1-8a59]:ComputeFmllrMatrixDiagGmmFull():fmllr-diag-gmm.cc:262) fMLLR objf improvement is 0.0893336 per frame over 847 frames.
LOG (gmm-est-fmllr[5.5.896~1-8a59]:main():gmm-est-fmllr.cc:143) For speaker weather052_007, auxf-impr from fMLLR is 0.0893336, over 847 frames.
LOG (weight-silence-post[5.5.896~1-8a59]:main():weight-silence-post.cc:95) Done 45 posteriors.
LOG (apply-cmvn[5.5.896~1-8a59]:main():apply-cmvn.cc:162) Applied cepstral mean normalization to 45 utterances, errors on 0
LOG (gmm-est-fmllr[5.5.896~1-8a59]:ComputeFmllrMatrixDiagGmmFull():fmllr-diag-gmm.cc:262) fMLLR objf improvement is 0.100237 per frame over 816 frames.
LOG (gmm-est-fmllr[5.5.896~1-8a59]:main():gmm-est-fmllr.cc:143) For speaker weather052_008, auxf-impr from fMLLR is 0.100237, over 816 frames.
LOG (gmm-est-fmllr[5.5.896~1-8a59]:ComputeFmllrMatrixDiagGmmFull():fmllr-diag-gmm.cc:262) fMLLR objf improvement is 0.126087 per frame over 562 frames.
LOG (gmm-est-fmllr[5.5.896~1-8a59]:main():gmm-est-fmllr.cc:143) For speaker weather052_009, auxf-impr from fMLLR is 0.126087, over 562 frames.
LOG (gmm-est-fmllr[5.5.896~1-8a59]:ComputeFmllrMatrixDiagGmmFull():fmllr-diag-gmm.cc:262) fMLLR objf improvement is 0.0803189 per frame over 1233 frames.
LOG (gmm-est-fmllr[5.5.896~1-8a59]:main():gmm-est-fmllr.cc:143) For speaker weather052_010, auxf-impr from fMLLR is 0.0803189, over 1233 frames.
LOG (transform-feats[5.5.896~1-8a59]:main():transform-feats.cc:158) Overall average [pseudo-]logdet is -83.7749 over 34936 frames.
LOG (transform-feats[5.5.896~1-8a59]:main():transform-feats.cc:161) Applied transform to 45 utterances; 0 had errors.
LOG (gmm-est-fmllr[5.5.896~1-8a59]:ComputeFmllrMatrixDiagGmmFull():fmllr-diag-gmm.cc:262) fMLLR objf improvement is 0.0729825 per frame over 1463 frames.
LOG (gmm-est-fmllr[5.5.896~1-8a59]:main():gmm-est-fmllr.cc:143) For speaker weather052_011, auxf-impr from fMLLR is 0.0729825, over 1463 frames.
LOG (transform-feats[5.5.896~1-8a59]:main():transform-feats.cc:158) Overall average logdet is 7.85579 over 34936 frames.
LOG (transform-feats[5.5.896~1-8a59]:main():transform-feats.cc:161) Applied transform to 45 utterances; 0 had errors.
WARNING (gmm-est-fmllr[5.5.896~1-8a59]:Update():fmllr-diag-gmm.cc:162) Not updating fMLLR since below min-count: count is 480
LOG (gmm-est-fmllr[5.5.896~1-8a59]:main():gmm-est-fmllr.cc:143) For speaker weather052_012, auxf-impr from fMLLR is 0, over 480 frames.
LOG (gmm-est-fmllr[5.5.896~1-8a59]:main():gmm-est-fmllr.cc:188) Done 45 files, 0 with no posts, 0 with other errors.
LOG (gmm-est-fmllr[5.5.896~1-8a59]:main():gmm-est-fmllr.cc:190) Overall fMLLR auxf impr per frame is 0.0885012 over 31782 frames.
# Accounting: time=15 threads=1
# Ended (code 0) at Sun May 16 20:53:43 CST 2021, elapsed time 15 seconds
