# ali-to-post "ark:gunzip -c exp/tri3a/ali.13.gz|" ark:- | weight-silence-post 0.0 1:2:3:4:5:6:7:8:9:10 exp/tri3a/6.mdl ark:- ark:- | gmm-est-fmllr --fmllr-update-type=full --spk2utt=ark:data/train/split16/13/spk2utt exp/tri3a/6.mdl "ark,s,cs:apply-cmvn  --utt2spk=ark:data/train/split16/13/utt2spk scp:data/train/split16/13/cmvn.scp scp:data/train/split16/13/feats.scp ark:- | splice-feats --left-context=3 --right-context=3 ark:- ark:- | transform-feats exp/tri2a_ali/final.mat ark:- ark:- | transform-feats --utt2spk=ark:data/train/split16/13/utt2spk ark:exp/tri3a/trans.13 ark:- ark:- |" ark:- ark:exp/tri3a/tmp_trans.13 
# Started at Sun May 16 20:53:28 CST 2021
#
ali-to-post 'ark:gunzip -c exp/tri3a/ali.13.gz|' ark:- 
weight-silence-post 0.0 1:2:3:4:5:6:7:8:9:10 exp/tri3a/6.mdl ark:- ark:- 
gmm-est-fmllr --fmllr-update-type=full --spk2utt=ark:data/train/split16/13/spk2utt exp/tri3a/6.mdl 'ark,s,cs:apply-cmvn  --utt2spk=ark:data/train/split16/13/utt2spk scp:data/train/split16/13/cmvn.scp scp:data/train/split16/13/feats.scp ark:- | splice-feats --left-context=3 --right-context=3 ark:- ark:- | transform-feats exp/tri2a_ali/final.mat ark:- ark:- | transform-feats --utt2spk=ark:data/train/split16/13/utt2spk ark:exp/tri3a/trans.13 ark:- ark:- |' ark:- ark:exp/tri3a/tmp_trans.13 
splice-feats --left-context=3 --right-context=3 ark:- ark:- 
transform-feats exp/tri2a_ali/final.mat ark:- ark:- 
apply-cmvn --utt2spk=ark:data/train/split16/13/utt2spk scp:data/train/split16/13/cmvn.scp scp:data/train/split16/13/feats.scp ark:- 
transform-feats --utt2spk=ark:data/train/split16/13/utt2spk ark:exp/tri3a/trans.13 ark:- ark:- 
LOG (gmm-est-fmllr[5.5.896~1-8a59]:ComputeFmllrMatrixDiagGmmFull():fmllr-diag-gmm.cc:262) fMLLR objf improvement is 0.106955 per frame over 943 frames.
LOG (gmm-est-fmllr[5.5.896~1-8a59]:main():gmm-est-fmllr.cc:143) For speaker weather056_018, auxf-impr from fMLLR is 0.106955, over 943 frames.
WARNING (gmm-est-fmllr[5.5.896~1-8a59]:Update():fmllr-diag-gmm.cc:162) Not updating fMLLR since below min-count: count is 433
LOG (gmm-est-fmllr[5.5.896~1-8a59]:main():gmm-est-fmllr.cc:143) For speaker weather056_019, auxf-impr from fMLLR is 0, over 433 frames.
LOG (gmm-est-fmllr[5.5.896~1-8a59]:ComputeFmllrMatrixDiagGmmFull():fmllr-diag-gmm.cc:262) fMLLR objf improvement is 0.098225 per frame over 722 frames.
LOG (gmm-est-fmllr[5.5.896~1-8a59]:main():gmm-est-fmllr.cc:143) For speaker weather057_001, auxf-impr from fMLLR is 0.098225, over 722 frames.
LOG (gmm-est-fmllr[5.5.896~1-8a59]:ComputeFmllrMatrixDiagGmmFull():fmllr-diag-gmm.cc:262) fMLLR objf improvement is 0.0981186 per frame over 1016 frames.
LOG (gmm-est-fmllr[5.5.896~1-8a59]:main():gmm-est-fmllr.cc:143) For speaker weather057_002, auxf-impr from fMLLR is 0.0981186, over 1016 frames.
LOG (gmm-est-fmllr[5.5.896~1-8a59]:ComputeFmllrMatrixDiagGmmFull():fmllr-diag-gmm.cc:262) fMLLR objf improvement is 0.0798875 per frame over 1035 frames.
LOG (gmm-est-fmllr[5.5.896~1-8a59]:main():gmm-est-fmllr.cc:143) For speaker weather057_003, auxf-impr from fMLLR is 0.0798875, over 1035 frames.
LOG (gmm-est-fmllr[5.5.896~1-8a59]:ComputeFmllrMatrixDiagGmmFull():fmllr-diag-gmm.cc:262) fMLLR objf improvement is 0.0702929 per frame over 1692 frames.
LOG (gmm-est-fmllr[5.5.896~1-8a59]:main():gmm-est-fmllr.cc:143) For speaker weather057_004, auxf-impr from fMLLR is 0.0702929, over 1692 frames.
LOG (gmm-est-fmllr[5.5.896~1-8a59]:ComputeFmllrMatrixDiagGmmFull():fmllr-diag-gmm.cc:262) fMLLR objf improvement is 0.121168 per frame over 669 frames.
LOG (gmm-est-fmllr[5.5.896~1-8a59]:main():gmm-est-fmllr.cc:143) For speaker weather057_005, auxf-impr from fMLLR is 0.121168, over 669 frames.
LOG (ali-to-post[5.5.896~1-8a59]:main():ali-to-post.cc:73) Converted 44 alignments.
LOG (weight-silence-post[5.5.896~1-8a59]:main():weight-silence-post.cc:95) Done 44 posteriors.
WARNING (gmm-est-fmllr[5.5.896~1-8a59]:main():gmm-est-fmllr.cc:118) Did not find posteriors for utterance weather057_006
WARNING (gmm-est-fmllr[5.5.896~1-8a59]:Update():fmllr-diag-gmm.cc:162) Not updating fMLLR since below min-count: count is 0
LOG (gmm-est-fmllr[5.5.896~1-8a59]:main():gmm-est-fmllr.cc:143) For speaker weather057_006, auxf-impr from fMLLR is -nan, over 0 frames.
LOG (gmm-est-fmllr[5.5.896~1-8a59]:ComputeFmllrMatrixDiagGmmFull():fmllr-diag-gmm.cc:262) fMLLR objf improvement is 0.105378 per frame over 1053 frames.
LOG (gmm-est-fmllr[5.5.896~1-8a59]:main():gmm-est-fmllr.cc:143) For speaker weather057_007, auxf-impr from fMLLR is 0.105378, over 1053 frames.
WARNING (gmm-est-fmllr[5.5.896~1-8a59]:Update():fmllr-diag-gmm.cc:162) Not updating fMLLR since below min-count: count is 348
LOG (gmm-est-fmllr[5.5.896~1-8a59]:main():gmm-est-fmllr.cc:143) For speaker weather057_008, auxf-impr from fMLLR is 0, over 348 frames.
LOG (gmm-est-fmllr[5.5.896~1-8a59]:ComputeFmllrMatrixDiagGmmFull():fmllr-diag-gmm.cc:262) fMLLR objf improvement is 0.0832437 per frame over 1155 frames.
LOG (gmm-est-fmllr[5.5.896~1-8a59]:main():gmm-est-fmllr.cc:143) For speaker weather057_009, auxf-impr from fMLLR is 0.0832437, over 1155 frames.
LOG (gmm-est-fmllr[5.5.896~1-8a59]:ComputeFmllrMatrixDiagGmmFull():fmllr-diag-gmm.cc:262) fMLLR objf improvement is 0.103345 per frame over 670 frames.
LOG (gmm-est-fmllr[5.5.896~1-8a59]:main():gmm-est-fmllr.cc:143) For speaker weather057_010, auxf-impr from fMLLR is 0.103345, over 670 frames.
LOG (gmm-est-fmllr[5.5.896~1-8a59]:ComputeFmllrMatrixDiagGmmFull():fmllr-diag-gmm.cc:262) fMLLR objf improvement is 0.0996443 per frame over 839 frames.
LOG (gmm-est-fmllr[5.5.896~1-8a59]:main():gmm-est-fmllr.cc:143) For speaker weather057_011, auxf-impr from fMLLR is 0.0996443, over 839 frames.
LOG (gmm-est-fmllr[5.5.896~1-8a59]:ComputeFmllrMatrixDiagGmmFull():fmllr-diag-gmm.cc:262) fMLLR objf improvement is 0.100036 per frame over 741 frames.
LOG (gmm-est-fmllr[5.5.896~1-8a59]:main():gmm-est-fmllr.cc:143) For speaker weather057_012, auxf-impr from fMLLR is 0.100036, over 741 frames.
LOG (gmm-est-fmllr[5.5.896~1-8a59]:ComputeFmllrMatrixDiagGmmFull():fmllr-diag-gmm.cc:262) fMLLR objf improvement is 0.0858744 per frame over 1160 frames.
LOG (gmm-est-fmllr[5.5.896~1-8a59]:main():gmm-est-fmllr.cc:143) For speaker weather057_013, auxf-impr from fMLLR is 0.0858744, over 1160 frames.
LOG (gmm-est-fmllr[5.5.896~1-8a59]:ComputeFmllrMatrixDiagGmmFull():fmllr-diag-gmm.cc:262) fMLLR objf improvement is 0.160208 per frame over 534 frames.
LOG (gmm-est-fmllr[5.5.896~1-8a59]:main():gmm-est-fmllr.cc:143) For speaker weather057_014, auxf-impr from fMLLR is 0.160208, over 534 frames.
LOG (gmm-est-fmllr[5.5.896~1-8a59]:ComputeFmllrMatrixDiagGmmFull():fmllr-diag-gmm.cc:262) fMLLR objf improvement is 0.0786143 per frame over 1006 frames.
LOG (gmm-est-fmllr[5.5.896~1-8a59]:main():gmm-est-fmllr.cc:143) For speaker weather057_015, auxf-impr from fMLLR is 0.0786142, over 1006 frames.
LOG (gmm-est-fmllr[5.5.896~1-8a59]:ComputeFmllrMatrixDiagGmmFull():fmllr-diag-gmm.cc:262) fMLLR objf improvement is 0.135308 per frame over 1317 frames.
LOG (gmm-est-fmllr[5.5.896~1-8a59]:main():gmm-est-fmllr.cc:143) For speaker weather057_016, auxf-impr from fMLLR is 0.135308, over 1317 frames.
LOG (gmm-est-fmllr[5.5.896~1-8a59]:ComputeFmllrMatrixDiagGmmFull():fmllr-diag-gmm.cc:262) fMLLR objf improvement is 0.10168 per frame over 1367 frames.
LOG (gmm-est-fmllr[5.5.896~1-8a59]:main():gmm-est-fmllr.cc:143) For speaker weather057_017, auxf-impr from fMLLR is 0.10168, over 1367 frames.
LOG (gmm-est-fmllr[5.5.896~1-8a59]:ComputeFmllrMatrixDiagGmmFull():fmllr-diag-gmm.cc:262) fMLLR objf improvement is 0.117355 per frame over 1183 frames.
LOG (gmm-est-fmllr[5.5.896~1-8a59]:main():gmm-est-fmllr.cc:143) For speaker weather057_018, auxf-impr from fMLLR is 0.117355, over 1183 frames.
LOG (gmm-est-fmllr[5.5.896~1-8a59]:ComputeFmllrMatrixDiagGmmFull():fmllr-diag-gmm.cc:262) fMLLR objf improvement is 0.0787231 per frame over 1569 frames.
LOG (gmm-est-fmllr[5.5.896~1-8a59]:main():gmm-est-fmllr.cc:143) For speaker weather057_019, auxf-impr from fMLLR is 0.0787231, over 1569 frames.
LOG (gmm-est-fmllr[5.5.896~1-8a59]:ComputeFmllrMatrixDiagGmmFull():fmllr-diag-gmm.cc:262) fMLLR objf improvement is 0.100107 per frame over 1471 frames.
LOG (gmm-est-fmllr[5.5.896~1-8a59]:main():gmm-est-fmllr.cc:143) For speaker weather057_020, auxf-impr from fMLLR is 0.100107, over 1471 frames.
LOG (gmm-est-fmllr[5.5.896~1-8a59]:ComputeFmllrMatrixDiagGmmFull():fmllr-diag-gmm.cc:262) fMLLR objf improvement is 0.1031 per frame over 746 frames.
LOG (gmm-est-fmllr[5.5.896~1-8a59]:main():gmm-est-fmllr.cc:143) For speaker weather058_001, auxf-impr from fMLLR is 0.1031, over 746 frames.
LOG (gmm-est-fmllr[5.5.896~1-8a59]:ComputeFmllrMatrixDiagGmmFull():fmllr-diag-gmm.cc:262) fMLLR objf improvement is 0.126111 per frame over 579 frames.
LOG (gmm-est-fmllr[5.5.896~1-8a59]:main():gmm-est-fmllr.cc:143) For speaker weather058_002, auxf-impr from fMLLR is 0.126111, over 579 frames.
LOG (gmm-est-fmllr[5.5.896~1-8a59]:ComputeFmllrMatrixDiagGmmFull():fmllr-diag-gmm.cc:262) fMLLR objf improvement is 0.129921 per frame over 621 frames.
LOG (gmm-est-fmllr[5.5.896~1-8a59]:main():gmm-est-fmllr.cc:143) For speaker weather058_003, auxf-impr from fMLLR is 0.129921, over 621 frames.
WARNING (gmm-est-fmllr[5.5.896~1-8a59]:Update():fmllr-diag-gmm.cc:162) Not updating fMLLR since below min-count: count is 473
LOG (gmm-est-fmllr[5.5.896~1-8a59]:main():gmm-est-fmllr.cc:143) For speaker weather058_004, auxf-impr from fMLLR is 0, over 473 frames.
WARNING (gmm-est-fmllr[5.5.896~1-8a59]:Update():fmllr-diag-gmm.cc:162) Not updating fMLLR since below min-count: count is 470
LOG (gmm-est-fmllr[5.5.896~1-8a59]:main():gmm-est-fmllr.cc:143) For speaker weather058_005, auxf-impr from fMLLR is 0, over 470 frames.
LOG (gmm-est-fmllr[5.5.896~1-8a59]:ComputeFmllrMatrixDiagGmmFull():fmllr-diag-gmm.cc:262) fMLLR objf improvement is 0.135215 per frame over 504 frames.
LOG (gmm-est-fmllr[5.5.896~1-8a59]:main():gmm-est-fmllr.cc:143) For speaker weather058_006, auxf-impr from fMLLR is 0.135215, over 504 frames.
WARNING (gmm-est-fmllr[5.5.896~1-8a59]:Update():fmllr-diag-gmm.cc:162) Not updating fMLLR since below min-count: count is 359
LOG (gmm-est-fmllr[5.5.896~1-8a59]:main():gmm-est-fmllr.cc:143) For speaker weather058_007, auxf-impr from fMLLR is 0, over 359 frames.
WARNING (gmm-est-fmllr[5.5.896~1-8a59]:Update():fmllr-diag-gmm.cc:162) Not updating fMLLR since below min-count: count is 356
LOG (gmm-est-fmllr[5.5.896~1-8a59]:main():gmm-est-fmllr.cc:143) For speaker weather058_008, auxf-impr from fMLLR is 0, over 356 frames.
LOG (gmm-est-fmllr[5.5.896~1-8a59]:ComputeFmllrMatrixDiagGmmFull():fmllr-diag-gmm.cc:262) fMLLR objf improvement is 0.107016 per frame over 691 frames.
LOG (gmm-est-fmllr[5.5.896~1-8a59]:main():gmm-est-fmllr.cc:143) For speaker weather058_009, auxf-impr from fMLLR is 0.107016, over 691 frames.
WARNING (gmm-est-fmllr[5.5.896~1-8a59]:Update():fmllr-diag-gmm.cc:162) Not updating fMLLR since below min-count: count is 288
LOG (gmm-est-fmllr[5.5.896~1-8a59]:main():gmm-est-fmllr.cc:143) For speaker weather058_010, auxf-impr from fMLLR is 0, over 288 frames.
LOG (gmm-est-fmllr[5.5.896~1-8a59]:ComputeFmllrMatrixDiagGmmFull():fmllr-diag-gmm.cc:262) fMLLR objf improvement is 0.101434 per frame over 784 frames.
LOG (gmm-est-fmllr[5.5.896~1-8a59]:main():gmm-est-fmllr.cc:143) For speaker weather058_011, auxf-impr from fMLLR is 0.101434, over 784 frames.
WARNING (gmm-est-fmllr[5.5.896~1-8a59]:Update():fmllr-diag-gmm.cc:162) Not updating fMLLR since below min-count: count is 397
LOG (gmm-est-fmllr[5.5.896~1-8a59]:main():gmm-est-fmllr.cc:143) For speaker weather058_012, auxf-impr from fMLLR is 0, over 397 frames.
LOG (gmm-est-fmllr[5.5.896~1-8a59]:ComputeFmllrMatrixDiagGmmFull():fmllr-diag-gmm.cc:262) fMLLR objf improvement is 0.104518 per frame over 692 frames.
LOG (gmm-est-fmllr[5.5.896~1-8a59]:main():gmm-est-fmllr.cc:143) For speaker weather058_013, auxf-impr from fMLLR is 0.104518, over 692 frames.
WARNING (gmm-est-fmllr[5.5.896~1-8a59]:Update():fmllr-diag-gmm.cc:162) Not updating fMLLR since below min-count: count is 440
LOG (gmm-est-fmllr[5.5.896~1-8a59]:main():gmm-est-fmllr.cc:143) For speaker weather058_014, auxf-impr from fMLLR is 0, over 440 frames.
WARNING (gmm-est-fmllr[5.5.896~1-8a59]:Update():fmllr-diag-gmm.cc:162) Not updating fMLLR since below min-count: count is 491
LOG (gmm-est-fmllr[5.5.896~1-8a59]:main():gmm-est-fmllr.cc:143) For speaker weather058_015, auxf-impr from fMLLR is 0, over 491 frames.
WARNING (gmm-est-fmllr[5.5.896~1-8a59]:Update():fmllr-diag-gmm.cc:162) Not updating fMLLR since below min-count: count is 390
LOG (gmm-est-fmllr[5.5.896~1-8a59]:main():gmm-est-fmllr.cc:143) For speaker weather058_016, auxf-impr from fMLLR is 0, over 390 frames.
LOG (gmm-est-fmllr[5.5.896~1-8a59]:ComputeFmllrMatrixDiagGmmFull():fmllr-diag-gmm.cc:262) fMLLR objf improvement is 0.111319 per frame over 605 frames.
LOG (gmm-est-fmllr[5.5.896~1-8a59]:main():gmm-est-fmllr.cc:143) For speaker weather058_017, auxf-impr from fMLLR is 0.111319, over 605 frames.
LOG (apply-cmvn[5.5.896~1-8a59]:main():apply-cmvn.cc:162) Applied cepstral mean normalization to 45 utterances, errors on 0
WARNING (gmm-est-fmllr[5.5.896~1-8a59]:Update():fmllr-diag-gmm.cc:162) Not updating fMLLR since below min-count: count is 462
LOG (gmm-est-fmllr[5.5.896~1-8a59]:main():gmm-est-fmllr.cc:143) For speaker weather058_018, auxf-impr from fMLLR is 0, over 462 frames.
WARNING (gmm-est-fmllr[5.5.896~1-8a59]:Update():fmllr-diag-gmm.cc:162) Not updating fMLLR since below min-count: count is 319
LOG (gmm-est-fmllr[5.5.896~1-8a59]:main():gmm-est-fmllr.cc:143) For speaker weather058_019, auxf-impr from fMLLR is 0, over 319 frames.
LOG (gmm-est-fmllr[5.5.896~1-8a59]:ComputeFmllrMatrixDiagGmmFull():fmllr-diag-gmm.cc:262) fMLLR objf improvement is 0.0995788 per frame over 925 frames.
LOG (gmm-est-fmllr[5.5.896~1-8a59]:main():gmm-est-fmllr.cc:143) For speaker weather058_020, auxf-impr from fMLLR is 0.0995788, over 925 frames.
LOG (gmm-est-fmllr[5.5.896~1-8a59]:ComputeFmllrMatrixDiagGmmFull():fmllr-diag-gmm.cc:262) fMLLR objf improvement is 0.116687 per frame over 701 frames.
LOG (gmm-est-fmllr[5.5.896~1-8a59]:main():gmm-est-fmllr.cc:143) For speaker weather058_021, auxf-impr from fMLLR is 0.116687, over 701 frames.
LOG (transform-feats[5.5.896~1-8a59]:main():transform-feats.cc:158) Overall average [pseudo-]logdet is -83.7749 over 37187 frames.
LOG (transform-feats[5.5.896~1-8a59]:main():transform-feats.cc:161) Applied transform to 45 utterances; 0 had errors.
WARNING (gmm-est-fmllr[5.5.896~1-8a59]:Update():fmllr-diag-gmm.cc:162) Not updating fMLLR since below min-count: count is 448
LOG (gmm-est-fmllr[5.5.896~1-8a59]:main():gmm-est-fmllr.cc:143) For speaker weather058_022, auxf-impr from fMLLR is 0, over 448 frames.
LOG (transform-feats[5.5.896~1-8a59]:main():transform-feats.cc:158) Overall average logdet is 9.94119 over 37187 frames.
LOG (transform-feats[5.5.896~1-8a59]:main():transform-feats.cc:161) Applied transform to 45 utterances; 0 had errors.
WARNING (gmm-est-fmllr[5.5.896~1-8a59]:Update():fmllr-diag-gmm.cc:162) Not updating fMLLR since below min-count: count is 464
LOG (gmm-est-fmllr[5.5.896~1-8a59]:main():gmm-est-fmllr.cc:143) For speaker weather058_023, auxf-impr from fMLLR is 0, over 464 frames.
LOG (gmm-est-fmllr[5.5.896~1-8a59]:main():gmm-est-fmllr.cc:188) Done 44 files, 1 with no posts, 0 with other errors.
LOG (gmm-est-fmllr[5.5.896~1-8a59]:main():gmm-est-fmllr.cc:190) Overall fMLLR auxf impr per frame is 0.0828633 over 33128 frames.
# Accounting: time=14 threads=1
# Ended (code 0) at Sun May 16 20:53:43 CST 2021, elapsed time 14 seconds
