# ali-to-post "ark:gunzip -c exp/tri3a/ali.15.gz|" ark:- | weight-silence-post 0.0 1:2:3:4:5:6:7:8:9:10 exp/tri3a/12.mdl ark:- ark:- | gmm-est-fmllr --fmllr-update-type=full --spk2utt=ark:data/train/split16/15/spk2utt exp/tri3a/12.mdl "ark,s,cs:apply-cmvn  --utt2spk=ark:data/train/split16/15/utt2spk scp:data/train/split16/15/cmvn.scp scp:data/train/split16/15/feats.scp ark:- | splice-feats --left-context=3 --right-context=3 ark:- ark:- | transform-feats exp/tri2a_ali/final.mat ark:- ark:- | transform-feats --utt2spk=ark:data/train/split16/15/utt2spk ark:exp/tri3a/trans.15 ark:- ark:- |" ark:- ark:exp/tri3a/tmp_trans.15 
# Started at Sun May 16 20:54:34 CST 2021
#
weight-silence-post 0.0 1:2:3:4:5:6:7:8:9:10 exp/tri3a/12.mdl ark:- ark:- 
gmm-est-fmllr --fmllr-update-type=full --spk2utt=ark:data/train/split16/15/spk2utt exp/tri3a/12.mdl 'ark,s,cs:apply-cmvn  --utt2spk=ark:data/train/split16/15/utt2spk scp:data/train/split16/15/cmvn.scp scp:data/train/split16/15/feats.scp ark:- | splice-feats --left-context=3 --right-context=3 ark:- ark:- | transform-feats exp/tri2a_ali/final.mat ark:- ark:- | transform-feats --utt2spk=ark:data/train/split16/15/utt2spk ark:exp/tri3a/trans.15 ark:- ark:- |' ark:- ark:exp/tri3a/tmp_trans.15 
ali-to-post 'ark:gunzip -c exp/tri3a/ali.15.gz|' ark:- 
splice-feats --left-context=3 --right-context=3 ark:- ark:- 
transform-feats exp/tri2a_ali/final.mat ark:- ark:- 
transform-feats --utt2spk=ark:data/train/split16/15/utt2spk ark:exp/tri3a/trans.15 ark:- ark:- 
apply-cmvn --utt2spk=ark:data/train/split16/15/utt2spk scp:data/train/split16/15/cmvn.scp scp:data/train/split16/15/feats.scp ark:- 
LOG (gmm-est-fmllr[5.5.896~1-8a59]:ComputeFmllrMatrixDiagGmmFull():fmllr-diag-gmm.cc:262) fMLLR objf improvement is 0.449201 per frame over 1555 frames.
LOG (gmm-est-fmllr[5.5.896~1-8a59]:main():gmm-est-fmllr.cc:143) For speaker weather060_012, auxf-impr from fMLLR is 0.449201, over 1555 frames.
WARNING (gmm-est-fmllr[5.5.896~1-8a59]:Update():fmllr-diag-gmm.cc:162) Not updating fMLLR since below min-count: count is 396
LOG (gmm-est-fmllr[5.5.896~1-8a59]:main():gmm-est-fmllr.cc:143) For speaker weather060_013, auxf-impr from fMLLR is 0, over 396 frames.
LOG (gmm-est-fmllr[5.5.896~1-8a59]:ComputeFmllrMatrixDiagGmmFull():fmllr-diag-gmm.cc:262) fMLLR objf improvement is 0.747326 per frame over 831 frames.
LOG (gmm-est-fmllr[5.5.896~1-8a59]:main():gmm-est-fmllr.cc:143) For speaker weather060_014, auxf-impr from fMLLR is 0.747326, over 831 frames.
LOG (gmm-est-fmllr[5.5.896~1-8a59]:ComputeFmllrMatrixDiagGmmFull():fmllr-diag-gmm.cc:262) fMLLR objf improvement is 0.39043 per frame over 1182 frames.
LOG (gmm-est-fmllr[5.5.896~1-8a59]:main():gmm-est-fmllr.cc:143) For speaker weather060_015, auxf-impr from fMLLR is 0.39043, over 1182 frames.
LOG (gmm-est-fmllr[5.5.896~1-8a59]:ComputeFmllrMatrixDiagGmmFull():fmllr-diag-gmm.cc:262) fMLLR objf improvement is 0.625532 per frame over 623 frames.
LOG (gmm-est-fmllr[5.5.896~1-8a59]:main():gmm-est-fmllr.cc:143) For speaker weather060_016, auxf-impr from fMLLR is 0.625532, over 623 frames.
LOG (gmm-est-fmllr[5.5.896~1-8a59]:ComputeFmllrMatrixDiagGmmFull():fmllr-diag-gmm.cc:262) fMLLR objf improvement is 0.538785 per frame over 649 frames.
LOG (gmm-est-fmllr[5.5.896~1-8a59]:main():gmm-est-fmllr.cc:143) For speaker weather060_017, auxf-impr from fMLLR is 0.538785, over 649 frames.
LOG (gmm-est-fmllr[5.5.896~1-8a59]:ComputeFmllrMatrixDiagGmmFull():fmllr-diag-gmm.cc:262) fMLLR objf improvement is 0.591094 per frame over 708 frames.
LOG (gmm-est-fmllr[5.5.896~1-8a59]:main():gmm-est-fmllr.cc:143) For speaker weather060_018, auxf-impr from fMLLR is 0.591094, over 708 frames.
LOG (gmm-est-fmllr[5.5.896~1-8a59]:ComputeFmllrMatrixDiagGmmFull():fmllr-diag-gmm.cc:262) fMLLR objf improvement is 0.512859 per frame over 1059 frames.
LOG (gmm-est-fmllr[5.5.896~1-8a59]:main():gmm-est-fmllr.cc:143) For speaker weather060_019, auxf-impr from fMLLR is 0.512859, over 1059 frames.
LOG (gmm-est-fmllr[5.5.896~1-8a59]:ComputeFmllrMatrixDiagGmmFull():fmllr-diag-gmm.cc:262) fMLLR objf improvement is 0.717102 per frame over 733 frames.
LOG (gmm-est-fmllr[5.5.896~1-8a59]:main():gmm-est-fmllr.cc:143) For speaker weather060_020, auxf-impr from fMLLR is 0.717102, over 733 frames.
LOG (gmm-est-fmllr[5.5.896~1-8a59]:ComputeFmllrMatrixDiagGmmFull():fmllr-diag-gmm.cc:262) fMLLR objf improvement is 0.476591 per frame over 640 frames.
LOG (gmm-est-fmllr[5.5.896~1-8a59]:main():gmm-est-fmllr.cc:143) For speaker weather060_021, auxf-impr from fMLLR is 0.476591, over 640 frames.
LOG (gmm-est-fmllr[5.5.896~1-8a59]:ComputeFmllrMatrixDiagGmmFull():fmllr-diag-gmm.cc:262) fMLLR objf improvement is 0.342355 per frame over 1602 frames.
LOG (gmm-est-fmllr[5.5.896~1-8a59]:main():gmm-est-fmllr.cc:143) For speaker weather060_022, auxf-impr from fMLLR is 0.342355, over 1602 frames.
LOG (gmm-est-fmllr[5.5.896~1-8a59]:ComputeFmllrMatrixDiagGmmFull():fmllr-diag-gmm.cc:262) fMLLR objf improvement is 0.616107 per frame over 620 frames.
LOG (gmm-est-fmllr[5.5.896~1-8a59]:main():gmm-est-fmllr.cc:143) For speaker weather060_023, auxf-impr from fMLLR is 0.616107, over 620 frames.
LOG (gmm-est-fmllr[5.5.896~1-8a59]:ComputeFmllrMatrixDiagGmmFull():fmllr-diag-gmm.cc:262) fMLLR objf improvement is 0.692959 per frame over 644 frames.
LOG (gmm-est-fmllr[5.5.896~1-8a59]:main():gmm-est-fmllr.cc:143) For speaker weather060_024, auxf-impr from fMLLR is 0.692959, over 644 frames.
LOG (gmm-est-fmllr[5.5.896~1-8a59]:ComputeFmllrMatrixDiagGmmFull():fmllr-diag-gmm.cc:262) fMLLR objf improvement is 0.70276 per frame over 668 frames.
LOG (gmm-est-fmllr[5.5.896~1-8a59]:main():gmm-est-fmllr.cc:143) For speaker weather061_001, auxf-impr from fMLLR is 0.70276, over 668 frames.
LOG (gmm-est-fmllr[5.5.896~1-8a59]:ComputeFmllrMatrixDiagGmmFull():fmllr-diag-gmm.cc:262) fMLLR objf improvement is 0.370046 per frame over 1294 frames.
LOG (gmm-est-fmllr[5.5.896~1-8a59]:main():gmm-est-fmllr.cc:143) For speaker weather061_002, auxf-impr from fMLLR is 0.370046, over 1294 frames.
LOG (gmm-est-fmllr[5.5.896~1-8a59]:ComputeFmllrMatrixDiagGmmFull():fmllr-diag-gmm.cc:262) fMLLR objf improvement is 0.456958 per frame over 859 frames.
LOG (gmm-est-fmllr[5.5.896~1-8a59]:main():gmm-est-fmllr.cc:143) For speaker weather061_003, auxf-impr from fMLLR is 0.456958, over 859 frames.
LOG (gmm-est-fmllr[5.5.896~1-8a59]:ComputeFmllrMatrixDiagGmmFull():fmllr-diag-gmm.cc:262) fMLLR objf improvement is 0.650433 per frame over 532 frames.
LOG (gmm-est-fmllr[5.5.896~1-8a59]:main():gmm-est-fmllr.cc:143) For speaker weather061_004, auxf-impr from fMLLR is 0.650433, over 532 frames.
WARNING (gmm-est-fmllr[5.5.896~1-8a59]:Update():fmllr-diag-gmm.cc:162) Not updating fMLLR since below min-count: count is 453
LOG (gmm-est-fmllr[5.5.896~1-8a59]:main():gmm-est-fmllr.cc:143) For speaker weather061_005, auxf-impr from fMLLR is 0, over 453 frames.
WARNING (gmm-est-fmllr[5.5.896~1-8a59]:Update():fmllr-diag-gmm.cc:162) Not updating fMLLR since below min-count: count is 402
LOG (gmm-est-fmllr[5.5.896~1-8a59]:main():gmm-est-fmllr.cc:143) For speaker weather061_006, auxf-impr from fMLLR is 0, over 402 frames.
LOG (gmm-est-fmllr[5.5.896~1-8a59]:ComputeFmllrMatrixDiagGmmFull():fmllr-diag-gmm.cc:262) fMLLR objf improvement is 0.470475 per frame over 957 frames.
LOG (gmm-est-fmllr[5.5.896~1-8a59]:main():gmm-est-fmllr.cc:143) For speaker weather061_007, auxf-impr from fMLLR is 0.470475, over 957 frames.
LOG (gmm-est-fmllr[5.5.896~1-8a59]:ComputeFmllrMatrixDiagGmmFull():fmllr-diag-gmm.cc:262) fMLLR objf improvement is 0.717782 per frame over 633 frames.
LOG (gmm-est-fmllr[5.5.896~1-8a59]:main():gmm-est-fmllr.cc:143) For speaker weather061_008, auxf-impr from fMLLR is 0.717782, over 633 frames.
LOG (gmm-est-fmllr[5.5.896~1-8a59]:ComputeFmllrMatrixDiagGmmFull():fmllr-diag-gmm.cc:262) fMLLR objf improvement is 0.681569 per frame over 511 frames.
LOG (gmm-est-fmllr[5.5.896~1-8a59]:main():gmm-est-fmllr.cc:143) For speaker weather061_009, auxf-impr from fMLLR is 0.681569, over 511 frames.
WARNING (gmm-est-fmllr[5.5.896~1-8a59]:Update():fmllr-diag-gmm.cc:162) Not updating fMLLR since below min-count: count is 133
LOG (gmm-est-fmllr[5.5.896~1-8a59]:main():gmm-est-fmllr.cc:143) For speaker weather061_010, auxf-impr from fMLLR is 0, over 133 frames.
LOG (gmm-est-fmllr[5.5.896~1-8a59]:ComputeFmllrMatrixDiagGmmFull():fmllr-diag-gmm.cc:262) fMLLR objf improvement is 0.510823 per frame over 848 frames.
LOG (gmm-est-fmllr[5.5.896~1-8a59]:main():gmm-est-fmllr.cc:143) For speaker weather063_001, auxf-impr from fMLLR is 0.510823, over 848 frames.
WARNING (gmm-est-fmllr[5.5.896~1-8a59]:Update():fmllr-diag-gmm.cc:162) Not updating fMLLR since below min-count: count is 273
LOG (gmm-est-fmllr[5.5.896~1-8a59]:main():gmm-est-fmllr.cc:143) For speaker weather063_002, auxf-impr from fMLLR is 0, over 273 frames.
LOG (gmm-est-fmllr[5.5.896~1-8a59]:ComputeFmllrMatrixDiagGmmFull():fmllr-diag-gmm.cc:262) fMLLR objf improvement is 0.464316 per frame over 787 frames.
LOG (gmm-est-fmllr[5.5.896~1-8a59]:main():gmm-est-fmllr.cc:143) For speaker weather063_003, auxf-impr from fMLLR is 0.464316, over 787 frames.
WARNING (gmm-est-fmllr[5.5.896~1-8a59]:Update():fmllr-diag-gmm.cc:162) Not updating fMLLR since below min-count: count is 396
LOG (gmm-est-fmllr[5.5.896~1-8a59]:main():gmm-est-fmllr.cc:143) For speaker weather063_004, auxf-impr from fMLLR is 0, over 396 frames.
LOG (gmm-est-fmllr[5.5.896~1-8a59]:ComputeFmllrMatrixDiagGmmFull():fmllr-diag-gmm.cc:262) fMLLR objf improvement is 0.452891 per frame over 1189 frames.
LOG (gmm-est-fmllr[5.5.896~1-8a59]:main():gmm-est-fmllr.cc:143) For speaker weather063_005, auxf-impr from fMLLR is 0.452891, over 1189 frames.
LOG (ali-to-post[5.5.896~1-8a59]:main():ali-to-post.cc:73) Converted 38 alignments.
LOG (gmm-est-fmllr[5.5.896~1-8a59]:ComputeFmllrMatrixDiagGmmFull():fmllr-diag-gmm.cc:262) fMLLR objf improvement is 0.452539 per frame over 881 frames.
LOG (gmm-est-fmllr[5.5.896~1-8a59]:main():gmm-est-fmllr.cc:143) For speaker weather063_006, auxf-impr from fMLLR is 0.452539, over 881 frames.
LOG (weight-silence-post[5.5.896~1-8a59]:main():weight-silence-post.cc:95) Done 38 posteriors.
WARNING (gmm-est-fmllr[5.5.896~1-8a59]:main():gmm-est-fmllr.cc:118) Did not find posteriors for utterance weather063_007
WARNING (gmm-est-fmllr[5.5.896~1-8a59]:Update():fmllr-diag-gmm.cc:162) Not updating fMLLR since below min-count: count is 0
LOG (gmm-est-fmllr[5.5.896~1-8a59]:main():gmm-est-fmllr.cc:143) For speaker weather063_007, auxf-impr from fMLLR is -nan, over 0 frames.
LOG (gmm-est-fmllr[5.5.896~1-8a59]:ComputeFmllrMatrixDiagGmmFull():fmllr-diag-gmm.cc:262) fMLLR objf improvement is 0.571548 per frame over 663 frames.
LOG (gmm-est-fmllr[5.5.896~1-8a59]:main():gmm-est-fmllr.cc:143) For speaker weather063_008, auxf-impr from fMLLR is 0.571548, over 663 frames.
WARNING (gmm-est-fmllr[5.5.896~1-8a59]:main():gmm-est-fmllr.cc:118) Did not find posteriors for utterance weather063_009
WARNING (gmm-est-fmllr[5.5.896~1-8a59]:Update():fmllr-diag-gmm.cc:162) Not updating fMLLR since below min-count: count is 0
LOG (gmm-est-fmllr[5.5.896~1-8a59]:main():gmm-est-fmllr.cc:143) For speaker weather063_009, auxf-impr from fMLLR is -nan, over 0 frames.
LOG (gmm-est-fmllr[5.5.896~1-8a59]:ComputeFmllrMatrixDiagGmmFull():fmllr-diag-gmm.cc:262) fMLLR objf improvement is 0.305675 per frame over 1365 frames.
LOG (gmm-est-fmllr[5.5.896~1-8a59]:main():gmm-est-fmllr.cc:143) For speaker weather063_010, auxf-impr from fMLLR is 0.305675, over 1365 frames.
LOG (gmm-est-fmllr[5.5.896~1-8a59]:ComputeFmllrMatrixDiagGmmFull():fmllr-diag-gmm.cc:262) fMLLR objf improvement is 0.352855 per frame over 1556 frames.
LOG (gmm-est-fmllr[5.5.896~1-8a59]:main():gmm-est-fmllr.cc:143) For speaker weather063_011, auxf-impr from fMLLR is 0.352855, over 1556 frames.
WARNING (gmm-est-fmllr[5.5.896~1-8a59]:main():gmm-est-fmllr.cc:118) Did not find posteriors for utterance weather063_012
WARNING (gmm-est-fmllr[5.5.896~1-8a59]:Update():fmllr-diag-gmm.cc:162) Not updating fMLLR since below min-count: count is 0
LOG (gmm-est-fmllr[5.5.896~1-8a59]:main():gmm-est-fmllr.cc:143) For speaker weather063_012, auxf-impr from fMLLR is -nan, over 0 frames.
LOG (gmm-est-fmllr[5.5.896~1-8a59]:ComputeFmllrMatrixDiagGmmFull():fmllr-diag-gmm.cc:262) fMLLR objf improvement is 0.408096 per frame over 860 frames.
LOG (gmm-est-fmllr[5.5.896~1-8a59]:main():gmm-est-fmllr.cc:143) For speaker weather063_013, auxf-impr from fMLLR is 0.408096, over 860 frames.
LOG (gmm-est-fmllr[5.5.896~1-8a59]:ComputeFmllrMatrixDiagGmmFull():fmllr-diag-gmm.cc:262) fMLLR objf improvement is 0.713097 per frame over 676 frames.
LOG (gmm-est-fmllr[5.5.896~1-8a59]:main():gmm-est-fmllr.cc:143) For speaker weather063_014, auxf-impr from fMLLR is 0.713097, over 676 frames.
WARNING (gmm-est-fmllr[5.5.896~1-8a59]:main():gmm-est-fmllr.cc:118) Did not find posteriors for utterance weather063_015
WARNING (gmm-est-fmllr[5.5.896~1-8a59]:Update():fmllr-diag-gmm.cc:162) Not updating fMLLR since below min-count: count is 0
LOG (gmm-est-fmllr[5.5.896~1-8a59]:main():gmm-est-fmllr.cc:143) For speaker weather063_015, auxf-impr from fMLLR is -nan, over 0 frames.
WARNING (gmm-est-fmllr[5.5.896~1-8a59]:main():gmm-est-fmllr.cc:118) Did not find posteriors for utterance weather063_016
WARNING (gmm-est-fmllr[5.5.896~1-8a59]:Update():fmllr-diag-gmm.cc:162) Not updating fMLLR since below min-count: count is 0
LOG (gmm-est-fmllr[5.5.896~1-8a59]:main():gmm-est-fmllr.cc:143) For speaker weather063_016, auxf-impr from fMLLR is -nan, over 0 frames.
LOG (gmm-est-fmllr[5.5.896~1-8a59]:ComputeFmllrMatrixDiagGmmFull():fmllr-diag-gmm.cc:262) fMLLR objf improvement is 0.603105 per frame over 756 frames.
LOG (gmm-est-fmllr[5.5.896~1-8a59]:main():gmm-est-fmllr.cc:143) For speaker weather063_017, auxf-impr from fMLLR is 0.603105, over 756 frames.
LOG (apply-cmvn[5.5.896~1-8a59]:main():apply-cmvn.cc:162) Applied cepstral mean normalization to 45 utterances, errors on 0
LOG (gmm-est-fmllr[5.5.896~1-8a59]:ComputeFmllrMatrixDiagGmmFull():fmllr-diag-gmm.cc:262) fMLLR objf improvement is 0.419603 per frame over 1176 frames.
LOG (gmm-est-fmllr[5.5.896~1-8a59]:main():gmm-est-fmllr.cc:143) For speaker weather063_018, auxf-impr from fMLLR is 0.419603, over 1176 frames.
LOG (gmm-est-fmllr[5.5.896~1-8a59]:ComputeFmllrMatrixDiagGmmFull():fmllr-diag-gmm.cc:262) fMLLR objf improvement is 0.68686 per frame over 755 frames.
LOG (gmm-est-fmllr[5.5.896~1-8a59]:main():gmm-est-fmllr.cc:143) For speaker weather063_019, auxf-impr from fMLLR is 0.68686, over 755 frames.
WARNING (gmm-est-fmllr[5.5.896~1-8a59]:Update():fmllr-diag-gmm.cc:162) Not updating fMLLR since below min-count: count is 354
LOG (gmm-est-fmllr[5.5.896~1-8a59]:main():gmm-est-fmllr.cc:143) For speaker weather063_020, auxf-impr from fMLLR is 0, over 354 frames.
WARNING (gmm-est-fmllr[5.5.896~1-8a59]:main():gmm-est-fmllr.cc:118) Did not find posteriors for utterance weather063_021
WARNING (gmm-est-fmllr[5.5.896~1-8a59]:Update():fmllr-diag-gmm.cc:162) Not updating fMLLR since below min-count: count is 0
LOG (transform-feats[5.5.896~1-8a59]:main():transform-feats.cc:158) Overall average [pseudo-]logdet is -83.7749 over 36421 frames.
LOG (transform-feats[5.5.896~1-8a59]:main():transform-feats.cc:161) Applied transform to 45 utterances; 0 had errors.
LOG (gmm-est-fmllr[5.5.896~1-8a59]:main():gmm-est-fmllr.cc:143) For speaker weather063_021, auxf-impr from fMLLR is -nan, over 0 frames.
LOG (transform-feats[5.5.896~1-8a59]:main():transform-feats.cc:158) Overall average logdet is 3.79931 over 36421 frames.
LOG (transform-feats[5.5.896~1-8a59]:main():transform-feats.cc:161) Applied transform to 45 utterances; 0 had errors.
WARNING (gmm-est-fmllr[5.5.896~1-8a59]:main():gmm-est-fmllr.cc:118) Did not find posteriors for utterance weather063_022
WARNING (gmm-est-fmllr[5.5.896~1-8a59]:Update():fmllr-diag-gmm.cc:162) Not updating fMLLR since below min-count: count is 0
LOG (gmm-est-fmllr[5.5.896~1-8a59]:main():gmm-est-fmllr.cc:143) For speaker weather063_022, auxf-impr from fMLLR is -nan, over 0 frames.
LOG (gmm-est-fmllr[5.5.896~1-8a59]:main():gmm-est-fmllr.cc:188) Done 38 files, 7 with no posts, 0 with other errors.
LOG (gmm-est-fmllr[5.5.896~1-8a59]:main():gmm-est-fmllr.cc:190) Overall fMLLR auxf impr per frame is 0.463652 over 30219 frames.
# Accounting: time=14 threads=1
# Ended (code 0) at Sun May 16 20:54:48 CST 2021, elapsed time 14 seconds
