# ali-to-post "ark:gunzip -c exp/tri3a/ali.1.gz|" ark:- | weight-silence-post 0.0 1:2:3:4:5:6:7:8:9:10 exp/tri3a/12.mdl ark:- ark:- | gmm-acc-mllt --rand-prune=4.0 exp/tri3a/12.mdl "ark,s,cs:apply-cmvn  --utt2spk=ark:data/train/split4/1/utt2spk scp:data/train/split4/1/cmvn.scp scp:data/train/split4/1/feats.scp ark:- | splice-feats  ark:- ark:- | transform-feats exp/tri3a/6.mat ark:- ark:- |" ark:- exp/tri3a/12.1.macc 
# Started at Sun Apr  4 16:13:35 CST 2021
#
weight-silence-post 0.0 1:2:3:4:5:6:7:8:9:10 exp/tri3a/12.mdl ark:- ark:- 
gmm-acc-mllt --rand-prune=4.0 exp/tri3a/12.mdl 'ark,s,cs:apply-cmvn  --utt2spk=ark:data/train/split4/1/utt2spk scp:data/train/split4/1/cmvn.scp scp:data/train/split4/1/feats.scp ark:- | splice-feats  ark:- ark:- | transform-feats exp/tri3a/6.mat ark:- ark:- |' ark:- exp/tri3a/12.1.macc 
ali-to-post 'ark:gunzip -c exp/tri3a/ali.1.gz|' ark:- 
apply-cmvn --utt2spk=ark:data/train/split4/1/utt2spk scp:data/train/split4/1/cmvn.scp scp:data/train/split4/1/feats.scp ark:- 
splice-feats ark:- ark:- 
transform-feats exp/tri3a/6.mat ark:- ark:- 
LOG (gmm-acc-mllt[5.5.896~1-8a59]:main():gmm-acc-mllt.cc:108) Average like for this file is -50.203 over 482 frames.
LOG (gmm-acc-mllt[5.5.896~1-8a59]:main():gmm-acc-mllt.cc:108) Average like for this file is -48.9332 over 345 frames.
LOG (gmm-acc-mllt[5.5.896~1-8a59]:main():gmm-acc-mllt.cc:108) Average like for this file is -51.5033 over 261 frames.
LOG (gmm-acc-mllt[5.5.896~1-8a59]:main():gmm-acc-mllt.cc:108) Average like for this file is -48.9916 over 1604 frames.
LOG (gmm-acc-mllt[5.5.896~1-8a59]:main():gmm-acc-mllt.cc:108) Average like for this file is -50.6041 over 807 frames.
LOG (gmm-acc-mllt[5.5.896~1-8a59]:main():gmm-acc-mllt.cc:108) Average like for this file is -50.8349 over 729 frames.
LOG (gmm-acc-mllt[5.5.896~1-8a59]:main():gmm-acc-mllt.cc:108) Average like for this file is -50.9846 over 918 frames.
LOG (gmm-acc-mllt[5.5.896~1-8a59]:main():gmm-acc-mllt.cc:108) Average like for this file is -50.0921 over 706 frames.
LOG (gmm-acc-mllt[5.5.896~1-8a59]:main():gmm-acc-mllt.cc:108) Average like for this file is -45.6167 over 1049 frames.
LOG (gmm-acc-mllt[5.5.896~1-8a59]:main():gmm-acc-mllt.cc:108) Average like for this file is -47.5859 over 816 frames.
LOG (gmm-acc-mllt[5.5.896~1-8a59]:main():gmm-acc-mllt.cc:114) Avg like per frame so far is -49.2227
LOG (gmm-acc-mllt[5.5.896~1-8a59]:main():gmm-acc-mllt.cc:108) Average like for this file is -45.5036 over 827 frames.
LOG (gmm-acc-mllt[5.5.896~1-8a59]:main():gmm-acc-mllt.cc:108) Average like for this file is -46.9857 over 2632 frames.
LOG (gmm-acc-mllt[5.5.896~1-8a59]:main():gmm-acc-mllt.cc:108) Average like for this file is -49.5772 over 823 frames.
LOG (gmm-acc-mllt[5.5.896~1-8a59]:main():gmm-acc-mllt.cc:108) Average like for this file is -41.1787 over 949 frames.
LOG (gmm-acc-mllt[5.5.896~1-8a59]:main():gmm-acc-mllt.cc:108) Average like for this file is -41.9105 over 2295 frames.
LOG (gmm-acc-mllt[5.5.896~1-8a59]:main():gmm-acc-mllt.cc:108) Average like for this file is -41.8525 over 563 frames.
LOG (gmm-acc-mllt[5.5.896~1-8a59]:main():gmm-acc-mllt.cc:108) Average like for this file is -39.6026 over 967 frames.
LOG (gmm-acc-mllt[5.5.896~1-8a59]:main():gmm-acc-mllt.cc:108) Average like for this file is -39.8211 over 2165 frames.
LOG (gmm-acc-mllt[5.5.896~1-8a59]:main():gmm-acc-mllt.cc:108) Average like for this file is -40.4107 over 992 frames.
LOG (gmm-acc-mllt[5.5.896~1-8a59]:main():gmm-acc-mllt.cc:108) Average like for this file is -39.8616 over 2458 frames.
LOG (gmm-acc-mllt[5.5.896~1-8a59]:main():gmm-acc-mllt.cc:114) Avg like per frame so far is -44.8166
LOG (gmm-acc-mllt[5.5.896~1-8a59]:main():gmm-acc-mllt.cc:108) Average like for this file is -38.8113 over 3183 frames.
LOG (gmm-acc-mllt[5.5.896~1-8a59]:main():gmm-acc-mllt.cc:108) Average like for this file is -39.8962 over 1595 frames.
LOG (gmm-acc-mllt[5.5.896~1-8a59]:main():gmm-acc-mllt.cc:108) Average like for this file is -39.2216 over 857 frames.
LOG (gmm-acc-mllt[5.5.896~1-8a59]:main():gmm-acc-mllt.cc:108) Average like for this file is -38.2979 over 401 frames.
LOG (gmm-acc-mllt[5.5.896~1-8a59]:main():gmm-acc-mllt.cc:108) Average like for this file is -38.7622 over 1718 frames.
LOG (gmm-acc-mllt[5.5.896~1-8a59]:main():gmm-acc-mllt.cc:108) Average like for this file is -40.3992 over 946 frames.
LOG (gmm-acc-mllt[5.5.896~1-8a59]:main():gmm-acc-mllt.cc:108) Average like for this file is -38.6211 over 1613 frames.
LOG (gmm-acc-mllt[5.5.896~1-8a59]:main():gmm-acc-mllt.cc:108) Average like for this file is -37.4424 over 690 frames.
LOG (gmm-acc-mllt[5.5.896~1-8a59]:main():gmm-acc-mllt.cc:108) Average like for this file is -41.1725 over 848 frames.
LOG (gmm-acc-mllt[5.5.896~1-8a59]:main():gmm-acc-mllt.cc:108) Average like for this file is -32.6993 over 39 frames.
LOG (gmm-acc-mllt[5.5.896~1-8a59]:main():gmm-acc-mllt.cc:114) Avg like per frame so far is -42.8446
LOG (gmm-acc-mllt[5.5.896~1-8a59]:main():gmm-acc-mllt.cc:108) Average like for this file is -37.6703 over 608 frames.
LOG (gmm-acc-mllt[5.5.896~1-8a59]:main():gmm-acc-mllt.cc:108) Average like for this file is -38.9411 over 1792 frames.
LOG (gmm-acc-mllt[5.5.896~1-8a59]:main():gmm-acc-mllt.cc:108) Average like for this file is -39.9207 over 851 frames.
LOG (gmm-acc-mllt[5.5.896~1-8a59]:main():gmm-acc-mllt.cc:108) Average like for this file is -39.102 over 1307 frames.
LOG (gmm-acc-mllt[5.5.896~1-8a59]:main():gmm-acc-mllt.cc:108) Average like for this file is -37.8637 over 787 frames.
LOG (gmm-acc-mllt[5.5.896~1-8a59]:main():gmm-acc-mllt.cc:108) Average like for this file is -40.6369 over 559 frames.
LOG (gmm-acc-mllt[5.5.896~1-8a59]:main():gmm-acc-mllt.cc:108) Average like for this file is -40.3714 over 579 frames.
LOG (gmm-acc-mllt[5.5.896~1-8a59]:main():gmm-acc-mllt.cc:108) Average like for this file is -41.0233 over 2279 frames.
LOG (gmm-acc-mllt[5.5.896~1-8a59]:main():gmm-acc-mllt.cc:108) Average like for this file is -41.1394 over 2370 frames.
LOG (gmm-acc-mllt[5.5.896~1-8a59]:main():gmm-acc-mllt.cc:108) Average like for this file is -41.2445 over 1509 frames.
LOG (gmm-acc-mllt[5.5.896~1-8a59]:main():gmm-acc-mllt.cc:114) Avg like per frame so far is -42.1047
LOG (gmm-acc-mllt[5.5.896~1-8a59]:main():gmm-acc-mllt.cc:108) Average like for this file is -38.5247 over 815 frames.
LOG (gmm-acc-mllt[5.5.896~1-8a59]:main():gmm-acc-mllt.cc:108) Average like for this file is -39.8737 over 1682 frames.
LOG (gmm-acc-mllt[5.5.896~1-8a59]:main():gmm-acc-mllt.cc:108) Average like for this file is -39.1419 over 2548 frames.
LOG (gmm-acc-mllt[5.5.896~1-8a59]:main():gmm-acc-mllt.cc:108) Average like for this file is -39.3087 over 1686 frames.
LOG (gmm-acc-mllt[5.5.896~1-8a59]:main():gmm-acc-mllt.cc:108) Average like for this file is -41.6694 over 969 frames.
LOG (gmm-acc-mllt[5.5.896~1-8a59]:main():gmm-acc-mllt.cc:108) Average like for this file is -41.612 over 377 frames.
LOG (gmm-acc-mllt[5.5.896~1-8a59]:main():gmm-acc-mllt.cc:108) Average like for this file is -40.7121 over 1069 frames.
LOG (gmm-acc-mllt[5.5.896~1-8a59]:main():gmm-acc-mllt.cc:108) Average like for this file is -40.9454 over 905 frames.
LOG (gmm-acc-mllt[5.5.896~1-8a59]:main():gmm-acc-mllt.cc:108) Average like for this file is -43.0356 over 997 frames.
LOG (gmm-acc-mllt[5.5.896~1-8a59]:main():gmm-acc-mllt.cc:108) Average like for this file is -42.6037 over 661 frames.
LOG (gmm-acc-mllt[5.5.896~1-8a59]:main():gmm-acc-mllt.cc:114) Avg like per frame so far is -41.7496
LOG (gmm-acc-mllt[5.5.896~1-8a59]:main():gmm-acc-mllt.cc:108) Average like for this file is -40.0139 over 618 frames.
LOG (gmm-acc-mllt[5.5.896~1-8a59]:main():gmm-acc-mllt.cc:108) Average like for this file is -43.0333 over 1418 frames.
LOG (gmm-acc-mllt[5.5.896~1-8a59]:main():gmm-acc-mllt.cc:108) Average like for this file is -39.9909 over 1528 frames.
LOG (gmm-acc-mllt[5.5.896~1-8a59]:main():gmm-acc-mllt.cc:108) Average like for this file is -39.9699 over 1328 frames.
LOG (gmm-acc-mllt[5.5.896~1-8a59]:main():gmm-acc-mllt.cc:108) Average like for this file is -41.0381 over 3241 frames.
LOG (gmm-acc-mllt[5.5.896~1-8a59]:main():gmm-acc-mllt.cc:108) Average like for this file is -41.7687 over 1933 frames.
LOG (gmm-acc-mllt[5.5.896~1-8a59]:main():gmm-acc-mllt.cc:108) Average like for this file is -40.6435 over 2430 frames.
LOG (gmm-acc-mllt[5.5.896~1-8a59]:main():gmm-acc-mllt.cc:108) Average like for this file is -42.4484 over 781 frames.
LOG (ali-to-post[5.5.896~1-8a59]:main():ali-to-post.cc:73) Converted 67 alignments.
LOG (gmm-acc-mllt[5.5.896~1-8a59]:main():gmm-acc-mllt.cc:108) Average like for this file is -43.5415 over 3440 frames.
LOG (gmm-acc-mllt[5.5.896~1-8a59]:main():gmm-acc-mllt.cc:108) Average like for this file is -40.4274 over 987 frames.
LOG (gmm-acc-mllt[5.5.896~1-8a59]:main():gmm-acc-mllt.cc:114) Avg like per frame so far is -41.6991
LOG (gmm-acc-mllt[5.5.896~1-8a59]:main():gmm-acc-mllt.cc:108) Average like for this file is -41.9647 over 990 frames.
LOG (gmm-acc-mllt[5.5.896~1-8a59]:main():gmm-acc-mllt.cc:108) Average like for this file is -39.5727 over 617 frames.
LOG (weight-silence-post[5.5.896~1-8a59]:main():weight-silence-post.cc:95) Done 67 posteriors.
LOG (gmm-acc-mllt[5.5.896~1-8a59]:main():gmm-acc-mllt.cc:108) Average like for this file is -40.1222 over 2657 frames.
LOG (apply-cmvn[5.5.896~1-8a59]:main():apply-cmvn.cc:162) Applied cepstral mean normalization to 67 utterances, errors on 0
LOG (gmm-acc-mllt[5.5.896~1-8a59]:main():gmm-acc-mllt.cc:108) Average like for this file is -40.2665 over 725 frames.
LOG (gmm-acc-mllt[5.5.896~1-8a59]:main():gmm-acc-mllt.cc:108) Average like for this file is -40.3538 over 1424 frames.
LOG (gmm-acc-mllt[5.5.896~1-8a59]:main():gmm-acc-mllt.cc:108) Average like for this file is -38.8628 over 957 frames.
LOG (transform-feats[5.5.896~1-8a59]:main():transform-feats.cc:158) Overall average [pseudo-]logdet is -88.5931 over 93879 frames.
LOG (transform-feats[5.5.896~1-8a59]:main():transform-feats.cc:161) Applied transform to 67 utterances; 0 had errors.
LOG (gmm-acc-mllt[5.5.896~1-8a59]:main():gmm-acc-mllt.cc:108) Average like for this file is -40.6154 over 457 frames.
LOG (gmm-acc-mllt[5.5.896~1-8a59]:main():gmm-acc-mllt.cc:119) Done 67 files, 0 with no posteriors, 0 with other errors.
LOG (gmm-acc-mllt[5.5.896~1-8a59]:main():gmm-acc-mllt.cc:123) Overall avg like per frame (Gaussian only) = -41.5636 over 84159 frames.
LOG (gmm-acc-mllt[5.5.896~1-8a59]:main():gmm-acc-mllt.cc:127) Written accs.
# Accounting: time=1 threads=1
# Ended (code 0) at Sun Apr  4 16:13:36 CST 2021, elapsed time 1 seconds
