# ali-to-post "ark:gunzip -c exp/tri3a/ali.2.gz|" ark:- | weight-silence-post 0.0 1:2:3:4:5:6:7:8:9:10 exp/tri3a/6.mdl ark:- ark:- | gmm-acc-mllt --rand-prune=4.0 exp/tri3a/6.mdl "ark,s,cs:apply-cmvn  --utt2spk=ark:data/train/split4/2/utt2spk scp:data/train/split4/2/cmvn.scp scp:data/train/split4/2/feats.scp ark:- | splice-feats  ark:- ark:- | transform-feats exp/tri3a/4.mat ark:- ark:- |" ark:- exp/tri3a/6.2.macc 
# Started at Sun Apr  4 16:13:16 CST 2021
#
weight-silence-post 0.0 1:2:3:4:5:6:7:8:9:10 exp/tri3a/6.mdl ark:- ark:- 
gmm-acc-mllt --rand-prune=4.0 exp/tri3a/6.mdl 'ark,s,cs:apply-cmvn  --utt2spk=ark:data/train/split4/2/utt2spk scp:data/train/split4/2/cmvn.scp scp:data/train/split4/2/feats.scp ark:- | splice-feats  ark:- ark:- | transform-feats exp/tri3a/4.mat ark:- ark:- |' ark:- exp/tri3a/6.2.macc 
ali-to-post 'ark:gunzip -c exp/tri3a/ali.2.gz|' ark:- 
apply-cmvn --utt2spk=ark:data/train/split4/2/utt2spk scp:data/train/split4/2/cmvn.scp scp:data/train/split4/2/feats.scp ark:- 
splice-feats ark:- ark:- 
transform-feats exp/tri3a/4.mat ark:- ark:- 
LOG (gmm-acc-mllt[5.5.896~1-8a59]:main():gmm-acc-mllt.cc:108) Average like for this file is -43.5834 over 2148 frames.
LOG (gmm-acc-mllt[5.5.896~1-8a59]:main():gmm-acc-mllt.cc:108) Average like for this file is -43.113 over 520 frames.
LOG (gmm-acc-mllt[5.5.896~1-8a59]:main():gmm-acc-mllt.cc:108) Average like for this file is -41.5962 over 1282 frames.
LOG (gmm-acc-mllt[5.5.896~1-8a59]:main():gmm-acc-mllt.cc:108) Average like for this file is -40.7788 over 1039 frames.
LOG (gmm-acc-mllt[5.5.896~1-8a59]:main():gmm-acc-mllt.cc:108) Average like for this file is -41.0197 over 493 frames.
LOG (gmm-acc-mllt[5.5.896~1-8a59]:main():gmm-acc-mllt.cc:108) Average like for this file is -41.6167 over 1854 frames.
LOG (gmm-acc-mllt[5.5.896~1-8a59]:main():gmm-acc-mllt.cc:108) Average like for this file is -43.8649 over 892 frames.
LOG (gmm-acc-mllt[5.5.896~1-8a59]:main():gmm-acc-mllt.cc:108) Average like for this file is -44.2105 over 427 frames.
LOG (gmm-acc-mllt[5.5.896~1-8a59]:main():gmm-acc-mllt.cc:108) Average like for this file is -41.4355 over 633 frames.
LOG (gmm-acc-mllt[5.5.896~1-8a59]:main():gmm-acc-mllt.cc:108) Average like for this file is -42.0991 over 866 frames.
LOG (gmm-acc-mllt[5.5.896~1-8a59]:main():gmm-acc-mllt.cc:114) Avg like per frame so far is -42.3285
LOG (gmm-acc-mllt[5.5.896~1-8a59]:main():gmm-acc-mllt.cc:108) Average like for this file is -40.4806 over 1469 frames.
LOG (gmm-acc-mllt[5.5.896~1-8a59]:main():gmm-acc-mllt.cc:108) Average like for this file is -40.3864 over 1731 frames.
LOG (ali-to-post[5.5.896~1-8a59]:main():ali-to-post.cc:73) Converted 63 alignments.
LOG (weight-silence-post[5.5.896~1-8a59]:main():weight-silence-post.cc:95) Done 63 posteriors.
LOG (gmm-acc-mllt[5.5.896~1-8a59]:main():gmm-acc-mllt.cc:108) Average like for this file is -41.6982 over 224 frames.
LOG (gmm-acc-mllt[5.5.896~1-8a59]:main():gmm-acc-mllt.cc:108) Average like for this file is -41.6077 over 883 frames.
LOG (gmm-acc-mllt[5.5.896~1-8a59]:main():gmm-acc-mllt.cc:108) Average like for this file is -40.7999 over 898 frames.
LOG (gmm-acc-mllt[5.5.896~1-8a59]:main():gmm-acc-mllt.cc:108) Average like for this file is -41.2541 over 1037 frames.
LOG (gmm-acc-mllt[5.5.896~1-8a59]:main():gmm-acc-mllt.cc:108) Average like for this file is -42.3628 over 2461 frames.
LOG (gmm-acc-mllt[5.5.896~1-8a59]:main():gmm-acc-mllt.cc:108) Average like for this file is -41.6439 over 1084 frames.
LOG (gmm-acc-mllt[5.5.896~1-8a59]:main():gmm-acc-mllt.cc:108) Average like for this file is -40.6137 over 778 frames.
LOG (gmm-acc-mllt[5.5.896~1-8a59]:main():gmm-acc-mllt.cc:108) Average like for this file is -44.3049 over 690 frames.
LOG (gmm-acc-mllt[5.5.896~1-8a59]:main():gmm-acc-mllt.cc:114) Avg like per frame so far is -41.8628
LOG (gmm-acc-mllt[5.5.896~1-8a59]:main():gmm-acc-mllt.cc:108) Average like for this file is -45.1831 over 412 frames.
LOG (gmm-acc-mllt[5.5.896~1-8a59]:main():gmm-acc-mllt.cc:108) Average like for this file is -49.1605 over 739 frames.
LOG (gmm-acc-mllt[5.5.896~1-8a59]:main():gmm-acc-mllt.cc:108) Average like for this file is -48.765 over 917 frames.
LOG (gmm-acc-mllt[5.5.896~1-8a59]:main():gmm-acc-mllt.cc:108) Average like for this file is -47.4467 over 1159 frames.
LOG (gmm-acc-mllt[5.5.896~1-8a59]:main():gmm-acc-mllt.cc:108) Average like for this file is -49.2742 over 2460 frames.
LOG (gmm-acc-mllt[5.5.896~1-8a59]:main():gmm-acc-mllt.cc:108) Average like for this file is -49.865 over 779 frames.
LOG (gmm-acc-mllt[5.5.896~1-8a59]:main():gmm-acc-mllt.cc:108) Average like for this file is -48.7003 over 3113 frames.
LOG (gmm-acc-mllt[5.5.896~1-8a59]:main():gmm-acc-mllt.cc:108) Average like for this file is -49.3209 over 670 frames.
LOG (gmm-acc-mllt[5.5.896~1-8a59]:main():gmm-acc-mllt.cc:108) Average like for this file is -48.4582 over 473 frames.
LOG (gmm-acc-mllt[5.5.896~1-8a59]:main():gmm-acc-mllt.cc:108) Average like for this file is -62.4545 over 371 frames.
LOG (gmm-acc-mllt[5.5.896~1-8a59]:main():gmm-acc-mllt.cc:114) Avg like per frame so far is -44.3571
LOG (gmm-acc-mllt[5.5.896~1-8a59]:main():gmm-acc-mllt.cc:108) Average like for this file is -57.1778 over 494 frames.
LOG (gmm-acc-mllt[5.5.896~1-8a59]:main():gmm-acc-mllt.cc:108) Average like for this file is -60.1334 over 325 frames.
LOG (gmm-acc-mllt[5.5.896~1-8a59]:main():gmm-acc-mllt.cc:108) Average like for this file is -56.3855 over 692 frames.
LOG (gmm-acc-mllt[5.5.896~1-8a59]:main():gmm-acc-mllt.cc:108) Average like for this file is -55.4676 over 1174 frames.
LOG (gmm-acc-mllt[5.5.896~1-8a59]:main():gmm-acc-mllt.cc:108) Average like for this file is -56.9253 over 810 frames.
LOG (gmm-acc-mllt[5.5.896~1-8a59]:main():gmm-acc-mllt.cc:108) Average like for this file is -54.8669 over 1964 frames.
LOG (gmm-acc-mllt[5.5.896~1-8a59]:main():gmm-acc-mllt.cc:108) Average like for this file is -54.7736 over 3001 frames.
LOG (gmm-acc-mllt[5.5.896~1-8a59]:main():gmm-acc-mllt.cc:108) Average like for this file is -54.9892 over 594 frames.
LOG (gmm-acc-mllt[5.5.896~1-8a59]:main():gmm-acc-mllt.cc:108) Average like for this file is -47.9156 over 437 frames.
LOG (gmm-acc-mllt[5.5.896~1-8a59]:main():gmm-acc-mllt.cc:108) Average like for this file is -47.7649 over 2801 frames.
LOG (gmm-acc-mllt[5.5.896~1-8a59]:main():gmm-acc-mllt.cc:114) Avg like per frame so far is -46.8647
LOG (gmm-acc-mllt[5.5.896~1-8a59]:main():gmm-acc-mllt.cc:108) Average like for this file is -47.395 over 1048 frames.
LOG (gmm-acc-mllt[5.5.896~1-8a59]:main():gmm-acc-mllt.cc:108) Average like for this file is -46.1825 over 953 frames.
LOG (gmm-acc-mllt[5.5.896~1-8a59]:main():gmm-acc-mllt.cc:108) Average like for this file is -45.3955 over 627 frames.
LOG (gmm-acc-mllt[5.5.896~1-8a59]:main():gmm-acc-mllt.cc:108) Average like for this file is -46.7036 over 965 frames.
LOG (gmm-acc-mllt[5.5.896~1-8a59]:main():gmm-acc-mllt.cc:108) Average like for this file is -45.1955 over 685 frames.
LOG (gmm-acc-mllt[5.5.896~1-8a59]:main():gmm-acc-mllt.cc:108) Average like for this file is -51.686 over 305 frames.
LOG (gmm-acc-mllt[5.5.896~1-8a59]:main():gmm-acc-mllt.cc:108) Average like for this file is -50.7077 over 1197 frames.
LOG (gmm-acc-mllt[5.5.896~1-8a59]:main():gmm-acc-mllt.cc:108) Average like for this file is -48.9322 over 1340 frames.
LOG (gmm-acc-mllt[5.5.896~1-8a59]:main():gmm-acc-mllt.cc:108) Average like for this file is -50.492 over 514 frames.
LOG (gmm-acc-mllt[5.5.896~1-8a59]:main():gmm-acc-mllt.cc:108) Average like for this file is -54.8045 over 677 frames.
LOG (gmm-acc-mllt[5.5.896~1-8a59]:main():gmm-acc-mllt.cc:114) Avg like per frame so far is -47.1239
LOG (gmm-acc-mllt[5.5.896~1-8a59]:main():gmm-acc-mllt.cc:108) Average like for this file is -54.0237 over 668 frames.
LOG (gmm-acc-mllt[5.5.896~1-8a59]:main():gmm-acc-mllt.cc:108) Average like for this file is -54.5651 over 1042 frames.
LOG (gmm-acc-mllt[5.5.896~1-8a59]:main():gmm-acc-mllt.cc:108) Average like for this file is -52.9674 over 1493 frames.
LOG (gmm-acc-mllt[5.5.896~1-8a59]:main():gmm-acc-mllt.cc:108) Average like for this file is -53.8855 over 1266 frames.
LOG (gmm-acc-mllt[5.5.896~1-8a59]:main():gmm-acc-mllt.cc:108) Average like for this file is -51.9718 over 703 frames.
LOG (gmm-acc-mllt[5.5.896~1-8a59]:main():gmm-acc-mllt.cc:108) Average like for this file is -52.3427 over 862 frames.
LOG (gmm-acc-mllt[5.5.896~1-8a59]:main():gmm-acc-mllt.cc:108) Average like for this file is -52.5623 over 892 frames.
LOG (gmm-acc-mllt[5.5.896~1-8a59]:main():gmm-acc-mllt.cc:108) Average like for this file is -52.4548 over 916 frames.
LOG (gmm-acc-mllt[5.5.896~1-8a59]:main():gmm-acc-mllt.cc:108) Average like for this file is -50.0474 over 670 frames.
LOG (apply-cmvn[5.5.896~1-8a59]:main():apply-cmvn.cc:162) Applied cepstral mean normalization to 66 utterances, errors on 0
LOG (gmm-acc-mllt[5.5.896~1-8a59]:main():gmm-acc-mllt.cc:108) Average like for this file is -64.6168 over 426 frames.
LOG (gmm-acc-mllt[5.5.896~1-8a59]:main():gmm-acc-mllt.cc:114) Avg like per frame so far is -48.0378
LOG (gmm-acc-mllt[5.5.896~1-8a59]:main():gmm-acc-mllt.cc:108) Average like for this file is -65.4201 over 447 frames.
LOG (gmm-acc-mllt[5.5.896~1-8a59]:main():gmm-acc-mllt.cc:108) Average like for this file is -63.528 over 464 frames.
LOG (transform-feats[5.5.896~1-8a59]:main():transform-feats.cc:158) Overall average [pseudo-]logdet is -89.6216 over 76289 frames.
LOG (transform-feats[5.5.896~1-8a59]:main():transform-feats.cc:161) Applied transform to 66 utterances; 0 had errors.
LOG (gmm-acc-mllt[5.5.896~1-8a59]:main():gmm-acc-mllt.cc:108) Average like for this file is -65.0735 over 848 frames.
LOG (gmm-acc-mllt[5.5.896~1-8a59]:main():gmm-acc-mllt.cc:119) Done 63 files, 3 with no posteriors, 0 with other errors.
LOG (gmm-acc-mllt[5.5.896~1-8a59]:main():gmm-acc-mllt.cc:123) Overall avg like per frame (Gaussian only) = -48.4986 over 63802 frames.
LOG (gmm-acc-mllt[5.5.896~1-8a59]:main():gmm-acc-mllt.cc:127) Written accs.
# Accounting: time=1 threads=1
# Ended (code 0) at Sun Apr  4 16:13:17 CST 2021, elapsed time 1 seconds
