# gmm-est --power=0.2 --write-occs=exp/tri3a/31.occs --mix-up=15000 exp/tri3a/30.mdl "gmm-sum-accs - exp/tri3a/30.*.acc |" exp/tri3a/31.mdl 
# Started at Sun May 16 20:57:19 CST 2021
#
gmm-est --power=0.2 --write-occs=exp/tri3a/31.occs --mix-up=15000 exp/tri3a/30.mdl 'gmm-sum-accs - exp/tri3a/30.*.acc |' exp/tri3a/31.mdl 
gmm-sum-accs - exp/tri3a/30.1.acc exp/tri3a/30.10.acc exp/tri3a/30.11.acc exp/tri3a/30.12.acc exp/tri3a/30.13.acc exp/tri3a/30.14.acc exp/tri3a/30.15.acc exp/tri3a/30.16.acc exp/tri3a/30.2.acc exp/tri3a/30.3.acc exp/tri3a/30.4.acc exp/tri3a/30.5.acc exp/tri3a/30.6.acc exp/tri3a/30.7.acc exp/tri3a/30.8.acc exp/tri3a/30.9.acc 
LOG (gmm-sum-accs[5.5.896~1-8a59]:main():gmm-sum-accs.cc:63) Summed 16 stats, total count 694376, avg like/frame -48.6124
LOG (gmm-sum-accs[5.5.896~1-8a59]:main():gmm-sum-accs.cc:66) Total count of stats is 694376
LOG (gmm-sum-accs[5.5.896~1-8a59]:main():gmm-sum-accs.cc:67) Written stats to -
LOG (gmm-est[5.5.896~1-8a59]:MleUpdate():transition-model.cc:528) TransitionModel::Update, objf change is 6.14846e-05 per frame over 694376 frames. 
LOG (gmm-est[5.5.896~1-8a59]:MleUpdate():transition-model.cc:531) 212 probabilities floored, 1182 out of 2783 transition-states skipped due to insuffient data (it is normal to have some skipped.)
LOG (gmm-est[5.5.896~1-8a59]:main():gmm-est.cc:102) Transition model update: Overall 6.14846e-05 log-like improvement per frame over 694376 frames.
WARNING (gmm-est[5.5.896~1-8a59]:MleDiagGmmUpdate():mle-diag-gmm.cc:365) Gaussian has too little data but not removing it because it is the last Gaussian: i = 0, occ = 0, weight = 1
LOG (gmm-est[5.5.896~1-8a59]:MleAmDiagGmmUpdate():mle-am-diag-gmm.cc:225) 0 variance elements floored in 0 Gaussians, out of 15000
LOG (gmm-est[5.5.896~1-8a59]:MleAmDiagGmmUpdate():mle-am-diag-gmm.cc:229) Removed 0 Gaussians due to counts < --min-gaussian-occupancy=10 and --remove-low-count-gaussians=true
LOG (gmm-est[5.5.896~1-8a59]:main():gmm-est.cc:113) GMM update: Overall 0.0590555 objective function improvement per frame over 694376 frames
LOG (gmm-est[5.5.896~1-8a59]:main():gmm-est.cc:116) GMM update: Overall avg like per frame = -48.6124 over 694376 frames.
LOG (gmm-est[5.5.896~1-8a59]:SplitByCount():am-diag-gmm.cc:116) Split 576 states with target = 15000, power = 0.2, perturb_factor = 0.01 and min_count = 20, split #Gauss from 15000 to 15013
LOG (gmm-est[5.5.896~1-8a59]:main():gmm-est.cc:146) Written model to exp/tri3a/31.mdl
# Accounting: time=1 threads=1
# Ended (code 0) at Sun May 16 20:57:20 CST 2021, elapsed time 1 seconds
