# gmm-est --power=0.2 --write-occs=exp/tri3a/24.occs --mix-up=13284 exp/tri3a/23.mdl "gmm-sum-accs - exp/tri3a/23.*.acc |" exp/tri3a/24.mdl 
# Started at Sun May 16 20:56:19 CST 2021
#
gmm-est --power=0.2 --write-occs=exp/tri3a/24.occs --mix-up=13284 exp/tri3a/23.mdl 'gmm-sum-accs - exp/tri3a/23.*.acc |' exp/tri3a/24.mdl 
gmm-sum-accs - exp/tri3a/23.1.acc exp/tri3a/23.10.acc exp/tri3a/23.11.acc exp/tri3a/23.12.acc exp/tri3a/23.13.acc exp/tri3a/23.14.acc exp/tri3a/23.15.acc exp/tri3a/23.16.acc exp/tri3a/23.2.acc exp/tri3a/23.3.acc exp/tri3a/23.4.acc exp/tri3a/23.5.acc exp/tri3a/23.6.acc exp/tri3a/23.7.acc exp/tri3a/23.8.acc exp/tri3a/23.9.acc 
LOG (gmm-sum-accs[5.5.896~1-8a59]:main():gmm-sum-accs.cc:63) Summed 16 stats, total count 694376, avg like/frame -49.296
LOG (gmm-sum-accs[5.5.896~1-8a59]:main():gmm-sum-accs.cc:66) Total count of stats is 694376
LOG (gmm-sum-accs[5.5.896~1-8a59]:main():gmm-sum-accs.cc:67) Written stats to -
LOG (gmm-est[5.5.896~1-8a59]:MleUpdate():transition-model.cc:528) TransitionModel::Update, objf change is 0 per frame over 694376 frames. 
LOG (gmm-est[5.5.896~1-8a59]:MleUpdate():transition-model.cc:531) 214 probabilities floored, 1181 out of 2783 transition-states skipped due to insuffient data (it is normal to have some skipped.)
LOG (gmm-est[5.5.896~1-8a59]:main():gmm-est.cc:102) Transition model update: Overall 0 log-like improvement per frame over 694376 frames.
WARNING (gmm-est[5.5.896~1-8a59]:MleDiagGmmUpdate():mle-diag-gmm.cc:365) Gaussian has too little data but not removing it because it is the last Gaussian: i = 0, occ = 0, weight = 1
WARNING (gmm-est[5.5.896~1-8a59]:MleDiagGmmUpdate():mle-diag-gmm.cc:359) Too little data - removing Gaussian (weight 0.021629, occupation count 9.257239, vector size 40)
WARNING (gmm-est[5.5.896~1-8a59]:MleDiagGmmUpdate():mle-diag-gmm.cc:359) Too little data - removing Gaussian (weight 0.035971, occupation count 9.999994, vector size 40)
WARNING (gmm-est[5.5.896~1-8a59]:MleDiagGmmUpdate():mle-diag-gmm.cc:359) Too little data - removing Gaussian (weight 0.036377, occupation count 9.785447, vector size 40)
WARNING (gmm-est[5.5.896~1-8a59]:MleDiagGmmUpdate():mle-diag-gmm.cc:359) Too little data - removing Gaussian (weight 0.038827, occupation count 9.978417, vector size 40)
LOG (gmm-est[5.5.896~1-8a59]:MleAmDiagGmmUpdate():mle-am-diag-gmm.cc:225) 0 variance elements floored in 0 Gaussians, out of 12708
LOG (gmm-est[5.5.896~1-8a59]:MleAmDiagGmmUpdate():mle-am-diag-gmm.cc:229) Removed 4 Gaussians due to counts < --min-gaussian-occupancy=10 and --remove-low-count-gaussians=true
LOG (gmm-est[5.5.896~1-8a59]:main():gmm-est.cc:113) GMM update: Overall 0.055762 objective function improvement per frame over 694376 frames
LOG (gmm-est[5.5.896~1-8a59]:main():gmm-est.cc:116) GMM update: Overall avg like per frame = -49.296 over 694376 frames.
LOG (gmm-est[5.5.896~1-8a59]:SplitByCount():am-diag-gmm.cc:116) Split 576 states with target = 13284, power = 0.2, perturb_factor = 0.01 and min_count = 20, split #Gauss from 12708 to 13284
LOG (gmm-est[5.5.896~1-8a59]:main():gmm-est.cc:146) Written model to exp/tri3a/24.mdl
# Accounting: time=0 threads=1
# Ended (code 0) at Sun May 16 20:56:19 CST 2021, elapsed time 0 seconds
