# gmm-est --power=0.2 --write-occs=exp/tri3a/15.occs --mix-up=8136 exp/tri3a/14.mdl "gmm-sum-accs - exp/tri3a/14.*.acc |" exp/tri3a/15.mdl 
# Started at Sun May 16 20:55:12 CST 2021
#
gmm-est --power=0.2 --write-occs=exp/tri3a/15.occs --mix-up=8136 exp/tri3a/14.mdl 'gmm-sum-accs - exp/tri3a/14.*.acc |' exp/tri3a/15.mdl 
gmm-sum-accs - exp/tri3a/14.1.acc exp/tri3a/14.10.acc exp/tri3a/14.11.acc exp/tri3a/14.12.acc exp/tri3a/14.13.acc exp/tri3a/14.14.acc exp/tri3a/14.15.acc exp/tri3a/14.16.acc exp/tri3a/14.2.acc exp/tri3a/14.3.acc exp/tri3a/14.4.acc exp/tri3a/14.5.acc exp/tri3a/14.6.acc exp/tri3a/14.7.acc exp/tri3a/14.8.acc exp/tri3a/14.9.acc 
LOG (gmm-sum-accs[5.5.896~1-8a59]:main():gmm-sum-accs.cc:63) Summed 16 stats, total count 694376, avg like/frame -50.5361
LOG (gmm-sum-accs[5.5.896~1-8a59]:main():gmm-sum-accs.cc:66) Total count of stats is 694376
LOG (gmm-sum-accs[5.5.896~1-8a59]:main():gmm-sum-accs.cc:67) Written stats to -
LOG (gmm-est[5.5.896~1-8a59]:MleUpdate():transition-model.cc:528) TransitionModel::Update, objf change is 0 per frame over 694376 frames. 
LOG (gmm-est[5.5.896~1-8a59]:MleUpdate():transition-model.cc:531) 215 probabilities floored, 1182 out of 2783 transition-states skipped due to insuffient data (it is normal to have some skipped.)
LOG (gmm-est[5.5.896~1-8a59]:main():gmm-est.cc:102) Transition model update: Overall 0 log-like improvement per frame over 694376 frames.
WARNING (gmm-est[5.5.896~1-8a59]:MleDiagGmmUpdate():mle-diag-gmm.cc:365) Gaussian has too little data but not removing it because it is the last Gaussian: i = 0, occ = 0, weight = 1
WARNING (gmm-est[5.5.896~1-8a59]:MleDiagGmmUpdate():mle-diag-gmm.cc:359) Too little data - removing Gaussian (weight 0.037269, occupation count 9.056329, vector size 40)
LOG (gmm-est[5.5.896~1-8a59]:MleAmDiagGmmUpdate():mle-am-diag-gmm.cc:225) 2 variance elements floored in 2 Gaussians, out of 7563
LOG (gmm-est[5.5.896~1-8a59]:MleAmDiagGmmUpdate():mle-am-diag-gmm.cc:229) Removed 1 Gaussians due to counts < --min-gaussian-occupancy=10 and --remove-low-count-gaussians=true
LOG (gmm-est[5.5.896~1-8a59]:main():gmm-est.cc:113) GMM update: Overall 0.0808655 objective function improvement per frame over 694376 frames
LOG (gmm-est[5.5.896~1-8a59]:main():gmm-est.cc:116) GMM update: Overall avg like per frame = -50.5361 over 694376 frames.
LOG (gmm-est[5.5.896~1-8a59]:SplitByCount():am-diag-gmm.cc:116) Split 576 states with target = 8136, power = 0.2, perturb_factor = 0.01 and min_count = 20, split #Gauss from 7563 to 8136
LOG (gmm-est[5.5.896~1-8a59]:main():gmm-est.cc:146) Written model to exp/tri3a/15.mdl
# Accounting: time=0 threads=1
# Ended (code 0) at Sun May 16 20:55:12 CST 2021, elapsed time 0 seconds
