# gmm-est --power=0.2 --write-occs=exp/tri3a/10.occs --mix-up=5276 exp/tri3a/9.mdl "gmm-sum-accs - exp/tri3a/9.*.acc |" exp/tri3a/10.mdl 
# Started at Sun May 16 20:54:12 CST 2021
#
gmm-est --power=0.2 --write-occs=exp/tri3a/10.occs --mix-up=5276 exp/tri3a/9.mdl 'gmm-sum-accs - exp/tri3a/9.*.acc |' exp/tri3a/10.mdl 
gmm-sum-accs - exp/tri3a/9.1.acc exp/tri3a/9.10.acc exp/tri3a/9.11.acc exp/tri3a/9.12.acc exp/tri3a/9.13.acc exp/tri3a/9.14.acc exp/tri3a/9.15.acc exp/tri3a/9.16.acc exp/tri3a/9.2.acc exp/tri3a/9.3.acc exp/tri3a/9.4.acc exp/tri3a/9.5.acc exp/tri3a/9.6.acc exp/tri3a/9.7.acc exp/tri3a/9.8.acc exp/tri3a/9.9.acc 
LOG (gmm-sum-accs[5.5.896~1-8a59]:main():gmm-sum-accs.cc:63) Summed 16 stats, total count 694759, avg like/frame -52.3084
LOG (gmm-sum-accs[5.5.896~1-8a59]:main():gmm-sum-accs.cc:66) Total count of stats is 694759
LOG (gmm-sum-accs[5.5.896~1-8a59]:main():gmm-sum-accs.cc:67) Written stats to -
LOG (gmm-est[5.5.896~1-8a59]:MleUpdate():transition-model.cc:528) TransitionModel::Update, objf change is 0 per frame over 694759 frames. 
LOG (gmm-est[5.5.896~1-8a59]:MleUpdate():transition-model.cc:531) 152 probabilities floored, 1175 out of 2783 transition-states skipped due to insuffient data (it is normal to have some skipped.)
LOG (gmm-est[5.5.896~1-8a59]:main():gmm-est.cc:102) Transition model update: Overall 0 log-like improvement per frame over 694759 frames.
WARNING (gmm-est[5.5.896~1-8a59]:MleDiagGmmUpdate():mle-diag-gmm.cc:365) Gaussian has too little data but not removing it because it is the last Gaussian: i = 0, occ = 0, weight = 1
LOG (gmm-est[5.5.896~1-8a59]:MleAmDiagGmmUpdate():mle-am-diag-gmm.cc:225) 0 variance elements floored in 0 Gaussians, out of 4704
LOG (gmm-est[5.5.896~1-8a59]:MleAmDiagGmmUpdate():mle-am-diag-gmm.cc:229) Removed 0 Gaussians due to counts < --min-gaussian-occupancy=10 and --remove-low-count-gaussians=true
LOG (gmm-est[5.5.896~1-8a59]:main():gmm-est.cc:113) GMM update: Overall 0.146122 objective function improvement per frame over 694759 frames
LOG (gmm-est[5.5.896~1-8a59]:main():gmm-est.cc:116) GMM update: Overall avg like per frame = -52.3084 over 694759 frames.
LOG (gmm-est[5.5.896~1-8a59]:SplitByCount():am-diag-gmm.cc:116) Split 576 states with target = 5276, power = 0.2, perturb_factor = 0.01 and min_count = 20, split #Gauss from 4704 to 5276
LOG (gmm-est[5.5.896~1-8a59]:main():gmm-est.cc:146) Written model to exp/tri3a/10.mdl
# Accounting: time=1 threads=1
# Ended (code 0) at Sun May 16 20:54:13 CST 2021, elapsed time 1 seconds
