# gmm-est --power=0.2 --write-occs=exp/tri3a/4.occs --mix-up=1844 exp/tri3a/3.mdl "gmm-sum-accs - exp/tri3a/3.*.acc |" exp/tri3a/4.mdl 
# Started at Sun May 16 20:52:54 CST 2021
#
gmm-est --power=0.2 --write-occs=exp/tri3a/4.occs --mix-up=1844 exp/tri3a/3.mdl 'gmm-sum-accs - exp/tri3a/3.*.acc |' exp/tri3a/4.mdl 
gmm-sum-accs - exp/tri3a/3.1.acc exp/tri3a/3.10.acc exp/tri3a/3.11.acc exp/tri3a/3.12.acc exp/tri3a/3.13.acc exp/tri3a/3.14.acc exp/tri3a/3.15.acc exp/tri3a/3.16.acc exp/tri3a/3.2.acc exp/tri3a/3.3.acc exp/tri3a/3.4.acc exp/tri3a/3.5.acc exp/tri3a/3.6.acc exp/tri3a/3.7.acc exp/tri3a/3.8.acc exp/tri3a/3.9.acc 
LOG (gmm-sum-accs[5.5.896~1-8a59]:main():gmm-sum-accs.cc:63) Summed 16 stats, total count 694759, avg like/frame -54.1911
LOG (gmm-sum-accs[5.5.896~1-8a59]:main():gmm-sum-accs.cc:66) Total count of stats is 694759
LOG (gmm-sum-accs[5.5.896~1-8a59]:main():gmm-sum-accs.cc:67) Written stats to -
LOG (gmm-est[5.5.896~1-8a59]:MleUpdate():transition-model.cc:528) TransitionModel::Update, objf change is 0 per frame over 694759 frames. 
LOG (gmm-est[5.5.896~1-8a59]:MleUpdate():transition-model.cc:531) 152 probabilities floored, 1175 out of 2783 transition-states skipped due to insuffient data (it is normal to have some skipped.)
LOG (gmm-est[5.5.896~1-8a59]:main():gmm-est.cc:102) Transition model update: Overall 0 log-like improvement per frame over 694759 frames.
WARNING (gmm-est[5.5.896~1-8a59]:MleDiagGmmUpdate():mle-diag-gmm.cc:365) Gaussian has too little data but not removing it because it is the last Gaussian: i = 0, occ = 0, weight = 1
LOG (gmm-est[5.5.896~1-8a59]:MleAmDiagGmmUpdate():mle-am-diag-gmm.cc:225) 0 variance elements floored in 0 Gaussians, out of 1272
LOG (gmm-est[5.5.896~1-8a59]:MleAmDiagGmmUpdate():mle-am-diag-gmm.cc:229) Removed 0 Gaussians due to counts < --min-gaussian-occupancy=10 and --remove-low-count-gaussians=true
LOG (gmm-est[5.5.896~1-8a59]:main():gmm-est.cc:113) GMM update: Overall 0.0141357 objective function improvement per frame over 694759 frames
LOG (gmm-est[5.5.896~1-8a59]:main():gmm-est.cc:116) GMM update: Overall avg like per frame = -54.1911 over 694759 frames.
LOG (gmm-est[5.5.896~1-8a59]:SplitByCount():am-diag-gmm.cc:116) Split 576 states with target = 1844, power = 0.2, perturb_factor = 0.01 and min_count = 20, split #Gauss from 1272 to 1844
LOG (gmm-est[5.5.896~1-8a59]:main():gmm-est.cc:146) Written model to exp/tri3a/4.mdl
# Accounting: time=0 threads=1
# Ended (code 0) at Sun May 16 20:52:54 CST 2021, elapsed time 0 seconds
