# lattice-best-path --lm-scale=8 --word-symbol-table=exp/tri3a/graph/words.txt "ark:gunzip -c exp/tri3a/decode.si/lat.*.gz|" ark,t:exp/tri3a/decode.si/scoring/8.tra 
# Started at Sun May 16 20:58:59 CST 2021
#
lattice-best-path --lm-scale=8 --word-symbol-table=exp/tri3a/graph/words.txt 'ark:gunzip -c exp/tri3a/decode.si/lat.*.gz|' ark,t:exp/tri3a/decode.si/scoring/8.tra 
LOG (lattice-best-path[5.5.896~1-8a59]:main():lattice-best-path.cc:99) For utterance weather001_001, best cost 489.327 + 25192.8 = 25682.1 over 517 frames.
weather001_001 DALAWANG LOW PRESSURE AREA SA LOOB NG PHILIPPINE AREA OF RESPONSIBILITY O PAR 
LOG (lattice-best-path[5.5.896~1-8a59]:main():lattice-best-path.cc:99) For utterance weather001_002, best cost 464.096 + 17633.2 = 18097.3 over 370 frames.
weather001_002 ANG MAGPAPAULAN SA MALAKING BAHAGI NG LUZON AT VISAYAS 
LOG (lattice-best-path[5.5.896~1-8a59]:main():lattice-best-path.cc:99) For utterance weather001_003, best cost 484.064 + 14609.8 = 15093.8 over 297 frames.
weather001_003 BASA SA PINAKAHULING WEATHER BULLETIN NG PAGASA 
LOG (lattice-best-path[5.5.896~1-8a59]:main():lattice-best-path.cc:99) For utterance weather001_004, best cost 1942.1 + 89781.7 = 91723.8 over 1788 frames.
weather001_004 ANG ISA SA MGA LPA NA ITO AY NASA LAYONG SEVEN HUNDRED FIFTEEN KILOMETERS SILANGAN NG BASCO BATANES ANG IKALAWANG LPA AY NAMATAAN SA LAYONG ONE HUNDRED THIRTY KILOMETERS WEST SOUTHWEST NG IBA ZAMBALES HINAHATAK NITO ANG SOUTHWEST MONSOON O HANGING HABAGAT 
LOG (lattice-best-path[5.5.896~1-8a59]:main():lattice-best-path.cc:99) For utterance weather001_005, best cost 1059.95 + 46962.2 = 48022.1 over 942 frames.
weather001_005 ASAHAN PO NGAYONG ARAW ANG MONSOON RAINS SA METRO MANILA ZAMBALES BATAAN CAVITE BATANGAS PALAWAN AT MINDORO PROVINCES 
LOG (lattice-best-path[5.5.896~1-8a59]:main():lattice-best-path.cc:99) For utterance weather001_006, best cost 1063.2 + 44074.7 = 45137.9 over 892 frames.
weather001_006 MAKARARANAS NAMAN ANG RAIN SHOWERS AT THUNDERSTORMS SA BICOL WESTERN VISAYAS AT SA NALALABING BAHAGI NG CENTRAL LUZON CALABARZON AT MIMAROPA 
LOG (lattice-best-path[5.5.896~1-8a59]:main():lattice-best-path.cc:99) For utterance weather001_007, best cost 1191.59 + 50247.8 = 51439.4 over 1007 frames.
weather001_007 DAHIL NAMAN SA TROUGH O EXTENSION NG LPA DARANAS NG KALAT-KALAT NA RAIN SHOWERS AT THUNDERSTORMS SA CAGAYAN VALLEY CORDILLERA ADMINISTRATIVE REGION AT ILOCOS 
LOG (lattice-best-path[5.5.896~1-8a59]:main():lattice-best-path.cc:99) For utterance weather001_008, best cost 920.321 + 38378.8 = 39299.1 over 751 frames.
weather001_008 ISOLATED RAINSHOWERS NAMAN NG BILIRAN SA MINDANAO AT NALALABING BAHAGI NG VISAYAS DULOT NG LOCALIZED THUNDERSTORMS 
LOG (lattice-best-path[5.5.896~1-8a59]:main():lattice-best-path.cc:99) For utterance weather002_001, best cost 1672.61 + 59452.2 = 61124.9 over 1269 frames.
weather002_001 SA ATIN NAMANG ULAT PANAHON TATLO ANG LOW PRESSURE AREA O LPA NA BINABANTAYAN NG PAGASA ANG UNA'Y NA MATA SO LAYONG ONE HUNDRED NINE FIVE KILOMETERS TIMOG KANLURAN NG SINAIT ILOCOS SUR 
LOG (lattice-best-path[5.5.896~1-8a59]:main():lattice-best-path.cc:99) For utterance weather008_006, best cost 546.402 + 9620.97 = 10167.4 over 237 frames.
weather008_006 YAN OPO SA NATITIRANG BAHAGI PAN NG ATING BANSA 
LOG (lattice-best-path[5.5.896~1-8a59]:main():lattice-best-path.cc:99) For utterance weather008_007, best cost 1348.49 + 41184.8 = 42533.3 over 1000 frames.
weather008_007 KASAMA NA JENNY NATITIRANG BAHAGI NG KABISAYAAN AT MINDANAO AY ISA NA RIN FAIR WEATHER TAYO SA ARAW NA ITO MALIBAN NA LAMANG SA MGA PULO-PULONG MGA PAGULAN O PAGKIDLAT PAGKULOG 
LOG (lattice-best-path[5.5.896~1-8a59]:main():lattice-best-path.cc:99) For utterance weather008_008, best cost 1121.72 + 39634.2 = 40755.9 over 990 frames.
weather008_008 ANG ATIN PONG GALE WARNING AY NAKATAAS PA RIN SA MGA BAYBAYING DAGAT NG BATANES CALAYAN BABUYAN CAGAYAN ISABELA AT NORTHERN COAST PO NG ILOCOS NORTE 
LOG (lattice-best-path[5.5.896~1-8a59]:main():lattice-best-path.cc:99) For utterance weather008_009, best cost 1084.77 + 46797.7 = 47882.5 over 1113 frames.
weather008_009 KAYA SA MGA NASABI KONG LUGAR AY HINDI PA RIN PINAPAYAGAN NG PHILIPPINE COAST GUARD NA PUMALAOT ANG ATING MGA KABABAYANG MANGINGISDA SAPAGKAT MAGING MAALON HANGGANG SA NAPAKAALON PA RIN PO NG MGA KARAGATAN DITO 
LOG (lattice-best-path[5.5.896~1-8a59]:main():lattice-best-path.cc:99) For utterance weather008_010, best cost 2828.79 + 119297 = 122126 over 2786 frames.
weather008_010 DUMAKO NAMAN TAYO SA MAGIGING AGWAT NG TEMPERATURA SA IBA'T IBANG AH LUGAR PO DITO SA PILIPINAS DITO NG SA METRO MANILA INAASAHANG MAGIGING TEMPERATURE FORECAST PO O TEMPERATURE RANGE AY MULA SA TWENTY FOUR HANGGANG SA THIRTY ONE DEGREES CELSIUS SAMANTALA DITO NAMAN SA BAGUIO AY MULA SA FIFTEEN HANGGANG SA TWENTY TWO TAGAYTAY PO AY MULA SA TWENTY HANGGANG SA TWENTY NINE DEGREES CELSIUS HABANG SA PUERTO PRINCESA AY MULA SA TWENTY THREE HANGGANG SA THIRTY ONE DEGREES CELSIUS 
LOG (lattice-best-path[5.5.896~1-8a59]:main():lattice-best-path.cc:99) For utterance weather008_011, best cost 1147.58 + 50142.1 = 51289.6 over 1170 frames.
weather008_011 DUMAKO NAMAN TAYO SA CEBU INAASAHANG MAGIGING TEMPERATURE RANGE DOON AY MULA SA TWENTY FIVE HANGGANG SA THIRTY TWO DEGREES CELSIUS SAMANTALA SA ILOILO AY MULA SA TWENTY SIX HANGGANG SA THIRTY ONE DEGREES CELSIUS 
LOG (lattice-best-path[5.5.896~1-8a59]:main():lattice-best-path.cc:99) For utterance weather008_012, best cost 891.641 + 36474.1 = 37365.7 over 882 frames.
weather008_012 SA DAVAO NAMAN AY MULA SA TWENTY FIVE HANGGANG SA THIRTY THREE DEGREES CELSIUS HABANG SA ZAMBOANGA AY MULA SA TWENTY FOUR HANGGANG SA THIRTY TWO DEGREES CELSIUS 
LOG (lattice-best-path[5.5.896~1-8a59]:main():lattice-best-path.cc:99) For utterance weather008_013, best cost 1342.92 + 32889.8 = 34232.7 over 741 frames.
weather008_013 SAAN SA PO FOR TODAY AY AY FIVE TWENTY EIGHT IN THE AFTERNOON SAMANTALANG INAASAHAN NATING SANTOS TOMORROW AY SIX SA LAMANG IN THE MORNING 
LOG (lattice-best-path[5.5.896~1-8a59]:main():lattice-best-path.cc:99) For utterance weather008_014, best cost 503.591 + 21898.8 = 22402.4 over 513 frames.
weather008_014 YAN HO MUNA ANG LATEST MULA DITO SA PAGASA ITO PO SI LORIDIN DELA CRUZ NAG UULAT 
LOG (lattice-best-path[5.5.896~1-8a59]:main():lattice-best-path.cc:99) For utterance weather009_001, best cost 967.303 + 36233.9 = 37201.2 over 772 frames.
weather009_001 MAGANDANG HAPON AT ITO ANG MAGIGING LAGAY NG ATING AH PANAHON NGAYONG DECEMBER SIX TWO THOUSAND AND SIXTEEN ARAW NG MARTES 
LOG (lattice-best-path[5.5.896~1-8a59]:main():lattice-best-path.cc:99) For utterance weather009_002, best cost 1266.98 + 45249.8 = 46516.7 over 974 frames.
weather009_002 DAHIL SA AMIHAN AY ASAHAN DITO SA ILOCOS REGION CORDILLERA ADMINISTRATIVE REGION AT CAGAYAN VALLEY MINSAN ANG AH MAULAP NA KALANGITAN NA MAY MAHINANG MGA PAGULAN 
LOG (lattice-best-path[5.5.896~1-8a59]:main():lattice-best-path.cc:99) For utterance weather009_003, best cost 1494.16 + 55988.2 = 57482.3 over 1244 frames.
weather009_003 EASTERLIES NAMAN ANG DAHILAN KUNG KAYAT ANG METRO MANILA AT NALALABING BAHAGI NG BANSA AY ASAHANG MAKAKARANAS NG MAALIWALAS NA KALANGITAN MALIBAN SA MGA PULO-PULONG PAGKIDLAT AT PAGKULOG SA HAPON O GABI 
LOG (lattice-best-path[5.5.896~1-8a59]:main():lattice-best-path.cc:99) For utterance weather009_004, best cost 3380.58 + 126446 = 129826 over 2719 frames.
weather009_004 KAUGNAY NG ATING AMIHAN AY INA INAASAHAN PO NATIN NAGI MAGIGING MAALON HANGGANG SA NAPAKAALON NG KARAGATAN DITO SA SEABOARDS NG NA BATANES CALAYAN NORTHERN COAST NG CAGAYAN AT NORTHERN COAST NG ILOCOS NORTE KAYA PO NAGTAAS PO TAYONG SAAN NG GALE WARNING IBIG SABIHIN BAWAL PUMALAOT ANG ATING MGA KABABAYAN NA MAG GUMAGAMIT PO NG MALILIIT NA SASAKYANG PANDAGAT DAHIL LUBHA PONG MAPANGANIB NGAYON ANG PAGLALAYAG SA BAHAGING YAN NG ATING BANSA 
LOG (lattice-best-path[5.5.896~1-8a59]:main():lattice-best-path.cc:99) For utterance weather009_005, best cost 1465.02 + 41449.3 = 42914.3 over 882 frames.
weather009_005 PARA NAMAN SA MAGIGING LAGAY NG TEMPERATURA SA IBA'T-IBANG SYUDAD PO NG ATING BANSA ETO PO ANG ATING AT TEMPERATURE FORECAST RAINS FORTY CITY EAST 
LOG (lattice-best-path[5.5.896~1-8a59]:main():lattice-best-path.cc:99) For utterance weather009_006, best cost 3620.54 + 156406 = 160027 over 3404 frames.
weather009_006 METRO MANILA MERON PO TAYONG FORECAST TEMPERATURE NA TWENTY FOUR TO THIRTY TWO DEGREES CELSIUS AT DITO NAMAN SA AT CAGAYAN ANG CITY AY MERON PO TAYONG TWENTY TWO TO TWENTY NINE DEGREES CELSIUS SAMANTALA SA BAGUIO CITY AY NASA FIFTEEN TO TWENTY FIVE DEGREES CELSIUS ANG INAASAHANG TEMPERATURA AT FOR LEGAZPI AY MERON TAYONG TWENTY SIX TO THIRTY ONE DEGREES CELSIUS SA METRO CEBU AY INAASAHAN DIN PO NATIN NA TWENTY SIX TO THIRTY ONE DEGREES CELSIUS ANG MAGIGING AGWAT NG TEMPERATURA AT FOR METRO DAVAO WE HAVE TWENTY FIVE TO THIRTY ONE DEGREES CELSIUS 
LOG (lattice-best-path[5.5.896~1-8a59]:main():lattice-best-path.cc:99) For utterance weather009_007, best cost 1033.35 + 34119.1 = 35152.5 over 738 frames.
weather009_007 ANG ARAW PO AY LULUBOG ALAS SINGKO BENTE SAIS NG HAPON AT SISIKAT NAMAN YAN BUKAS ALAS SAIS NUEBE NG UMAGA 
LOG (lattice-best-path[5.5.896~1-8a59]:main():lattice-best-path.cc:99) For utterance weather009_008, best cost 608.509 + 24669.4 = 25277.9 over 545 frames.
weather009_008 MULA DITO SA WEATHER FORECASTING CENTER NG PAGASA ITO SI GLAIZA ESCOLIAR NAG UULAT 
LOG (lattice-best-path[5.5.896~1-8a59]:main():lattice-best-path.cc:99) For utterance weather010_001, best cost 788.761 + 28716.4 = 29505.2 over 438 frames.
weather010_001 ANG ULAT PANAHON NI GMA YUNG PRESSURE NG NANDYAN MANG TANI 
LOG (lattice-best-path[5.5.896~1-8a59]:main():lattice-best-path.cc:99) For utterance weather010_002, best cost 690.143 + 30896.5 = 31586.7 over 537 frames.
weather010_002 MGA KAPUSO NAITALA KANINANG UMAGA YUNG PINAKA MABABANG TEMPERATURA SA BANSA NGAYONG AMIHAN SEASON 
LOG (lattice-best-path[5.5.896~1-8a59]:main():lattice-best-path.cc:99) For utterance weather010_003, best cost 472.224 + 21688 = 22160.2 over 371 frames.
weather010_003 AYON SA PAGASA BUMAGSAK SA ELEVEN POINT TWO DEGREES CELSIUS 
LOG (lattice-best-path[5.5.896~1-8a59]:main():lattice-best-path.cc:99) For utterance weather010_004, best cost 1217.62 + 43109.9 = 44327.5 over 786 frames.
weather010_004 ANG TEMPERATURA DIYAN SA MAY BAGYO CITY KANINA PO YANG MAG AALAS SINGKO NG UMAGA MGA KAPUSO ITO NA YUNG PINAKA MALAMIG NA TEMPERATURA NGAYONG AMIHAN SEASON 
LOG (lattice-best-path[5.5.896~1-8a59]:main():lattice-best-path.cc:99) For utterance weather010_005, best cost 2258.03 + 76864.1 = 79122.1 over 1430 frames.
weather010_005 AT NGAYONG WEEKEND EH POSIBLENG BUMABA PARA SA TEN DEGREES CELSIUS O KAYA I AM READY DEGREES CELSIUS YUNG TEMPERATURA DIYAN SA BAGYO AH MABABA LAMANG PO ANG TSANSANG UMULAN EH YUNG MGA PUPUNTA NG BAGYO EH MAGING I AM READY KAYO SA YUNG MGA DIYAN MAY 
LOG (lattice-best-path[5.5.896~1-8a59]:main():lattice-best-path.cc:99) For utterance weather010_006, best cost 1120.27 + 53956.3 = 55076.5 over 975 frames.
weather010_006 SA METRO MANILA NASA FORTY TO TWENTY ONE DEGREES CELSIUS NAMAN ANG POSIBLENG MINIMUM TEMPERATURE AT PAGULAN SA BAGYO WALA RING INAASAHANG ULAN NGAYONG WEEKEND 
LOG (lattice-best-path[5.5.896~1-8a59]:main():lattice-best-path.cc:99) For utterance weather010_007, best cost 3162.42 + 123393 = 126555 over 2322 frames.
weather010_007 SA LUZON MAGIGING MAULAN DIYAN SA MGA REHIYON NG CORDILLERA DIYAN SA MAY CAGAYAN VALLEY SA MGA PROBINSYA NG QUEZON AURORA MAGING SA MINDORO ORIENTAL AT DIYAN SA ILANG BAHAGI NG BICOL REGION BUKAS YAN SABADO HABANG SA LINGGO MAG TOTOO ITO NA YUNG ULAN SA MGA LUGAR SA CAGAYAN VALLEY DIYAN SA MAY AURORA AT NORTHERN QUEZON MAGING SA MINDORO ORIENTAL PERO WALA NASA BICOL REGION CENTRAL LUZON MAGING SA CORDILLERA AT ILOCOS REGION 
LOG (lattice-best-path[5.5.896~1-8a59]:main():lattice-best-path.cc:99) For utterance weather010_008, best cost 4701.52 + 189050 = 193752 over 3608 frames.
weather010_008 SA VISAYAS MAGHAPON MANG MAULAN DITO SA MAY LEYTE AT SAMAR PROVINCES MAGING SA ILANG BAHAGI NG NEGROS PROVINCES BUKAS NAMAN YAN NG HAPON AT MAGTUTULOY ITONG YUNG ULAN DIYAN SA NEGROS AT AKLAN PROVINCES PAGDATING NG LINGGO PERO DITO SA ILANG BAHAGI NG VISAYAS HALOS WALA NG ULAN SA LINGGO SA MINDANAO BUONG ARAW NA MAULAN SA SURIGAO PROVINCES AT DAVAO ORIENTAL DIYAN WARNING ARAW NG SABADO AT SA LINGGO MARAMING LUGAR O SA EASTERN MINDANAO YUNG AH DAVAO REGION AT CARAGA REGION MAY MGA PAGULAN AT MAULAN NA RIN SA NORTHERN MINDANAO PAGDATING SA HAPON NGAYONG WEEKEND 
LOG (lattice-best-path[5.5.896~1-8a59]:main():lattice-best-path.cc:99) For utterance weather010_009, best cost 1947.06 + 79440.8 = 81387.9 over 1427 frames.
weather010_009 MAGANDANG RIN ANG MALAKAS NA AMIHAN ANG EASTERN SEABOARD NAMAN NG AH LUZON DITO SA MAY CAGAYAN VALLEY AURORA DIYAN SA MAY BICOL REGION HANGGANG SA MAY SAMAR PROVINCES IBIG SABIHIN PO NIYAN MATAAS ANG MGA ALON AT DELIKADO SA MGA MAGING 
LOG (lattice-best-path[5.5.896~1-8a59]:main():lattice-best-path.cc:99) For utterance weather010_010, best cost 1626.13 + 50420.5 = 52046.6 over 883 frames.
weather010_010 MGA KAPUSO WAG KAKALIMUTAN AH ANG I AM READY SA DOBOL B ALAS NUEBE NA LESS IS MAY NG UMAGA TUWING SABADO SA SUPER EH DIYAN DZ DOBOL B REGION AH 
LOG (lattice-best-path[5.5.896~1-8a59]:main():lattice-best-path.cc:99) For utterance weather010_011, best cost 677.202 + 38621.1 = 39298.3 over 732 frames.
weather010_011 AH AT YAN ANG LATEST MULA SA GMA WEATHER AKO PO SI NATHANIEL CRUZ MAGPLANO PARA SIGURADO I AM READY SERBISYONG TOTOO NG 
LOG (lattice-best-path[5.5.896~1-8a59]:main():lattice-best-path.cc:99) For utterance weather011_001, best cost 684.999 + 22430.8 = 23115.8 over 466 frames.
weather011_001 KAPUSO MATINDING INIT ANG NARAMDAMAN SA ILANG LUGAR SA BANSA NGAYONG UNANG ARAW NG MAYO 
LOG (lattice-best-path[5.5.896~1-8a59]:main():lattice-best-path.cc:99) For utterance weather011_002, best cost 3600.3 + 162358 = 165959 over 3290 frames.
weather011_002 SA DATOS NG PAGASA EH PUMALO SA FORTY SIX POINT NINE DEGREES CELSIUS YUNG INIT FACTOR DIYAN SA MAY CASIGURAN AURORA AT KANINANG ALAS DOS YAN NG HAPON UMABOT NAMAN SA FORTY SIX POINT THREE DEGREES CELSIUS ANG DAMANG INIT DIYAN SA MAY GIWAN EASTERN SAMAR ALAS ONSE NG UMAGA MGA KAPUSO HABANG FORTY FIVE POINT SIX DEGREES CELSIUS NAMAN DIYAN SA MAY DAGUPAN PANGASINAN AT SA METRO MANILA NASA FORTY DEGREES CELSIUS YUNG DAMANG INIT KANINANG ALAS DOS AT ALAS QUATRO NG HAPON PERO SA NAIA UMABOT NASA FORTY TWO POINT THREE DEGREES CELSIUS ANG INIT FACTOR 
LOG (lattice-best-path[5.5.896~1-8a59]:main():lattice-best-path.cc:99) For utterance weather011_003, best cost 1408.85 + 59270.8 = 60679.7 over 1228 frames.
weather011_003 AT MANATILING I AM READY BUKAS DAHIL POSIBLENG AH MARAMDAMAN MULI YUNG FORTY DEGREES CELSIUS NA INIT FACTOR DITO SA METRO MANILA PERO MGA KAPUSO AH ASAHAN ANG THUNDERSTORM SA HAPON AT SA GABI 
LOG (lattice-best-path[5.5.896~1-8a59]:main():lattice-best-path.cc:99) For utterance weather011_004, best cost 1478.81 + 51858.3 = 53337.1 over 1113 frames.
weather011_004 SA LUZON MAGHAPONG MAY ULAN SA MAY NORTHERN LUZON LALO DIYAN SA MAY CORDILLERA SA MGA PROBINSYA NG AURORAT QUEZON AT MAULAN NA RIN SA MAY CENTRAL LUZON CALABARZON AT MINDORO PAGDATING SA HAPON 
LOG (lattice-best-path[5.5.896~1-8a59]:main():lattice-best-path.cc:99) For utterance weather011_005, best cost 870.935 + 36342.2 = 37213.2 over 778 frames.
weather011_005 SA VISAYAS WALANG ULAN SA UMAGA AT SA NEGROS PROVINCES AT DIYAN SA MAY LEYTE MAY MGA PAGULAN PAGDATING SA HAPON 
LOG (lattice-best-path[5.5.896~1-8a59]:main():lattice-best-path.cc:99) For utterance weather011_006, best cost 1292.55 + 52901.3 = 54193.9 over 1123 frames.
weather011_006 AT SA MINDANAO MAGHAPONG MAULAN SA REHIYON NG SOCSARGEN AT MAULAN NA RIN SA HALOS BUONG MINDANAO NA KUNG MINSAN MALALAKAS MGA KAPUSO MALIBAN DIYAN SA MAY REHIYON NG CARAGA SA HAPON 
LOG (lattice-best-path[5.5.896~1-8a59]:main():lattice-best-path.cc:99) For utterance weather011_007, best cost 586.815 + 36925.1 = 37511.9 over 782 frames.
weather011_007 AT YAN ANG LATEST MULA SA GMA WEATHER AKO PO SI NATHANIEL CRUZ MAGPLANO PARA SIGURADO I AM READY SERBISYONG TOTOO NG GMA NEWS 
LOG (lattice-best-path[5.5.896~1-8a59]:main():lattice-best-path.cc:99) For utterance weather012_001, best cost 432.068 + 16883.2 = 17315.2 over 327 frames.
weather012_001 NAGPAPATULOY PONG ALINSANGAN SA IBA'T-IBANG BAHAGI NG BANSA 
LOG (lattice-best-path[5.5.896~1-8a59]:main():lattice-best-path.cc:99) For utterance weather012_002, best cost 1720.11 + 66582.3 = 68302.4 over 1292 frames.
weather012_002 HAPON NAITALA NG PAGASA ANG FORTY SA NG POINT NINE DEGREES CELSIUS NA INIT FACTOR SA COTABATO CITY FORTY FOUR POINT SIX DEGREES CELSIUS NAMAN SA DAGUPAN CITY PANGASINAN HABANG FORTY THREE FORTY DEGREES CELSIUS SA TUGUEGARAO CITY CAGAYAN 
LOG (lattice-best-path[5.5.896~1-8a59]:main():lattice-best-path.cc:99) For utterance weather012_003, best cost 1815.61 + 77907.6 = 79723.2 over 1567 frames.
weather012_003 BUKAS POSIBLENG PUMALO SA FORTY TWO DEGREES CELSIUS ANG INIT FACTOR SA DAGUPAN FORTY ONE DEGREES CELSIUS NAMAN SA COTABATO FORTY DEGREES CELSIUS SA TUGUEGARAO THIRTY NA DEGREES CELSIUS SA CATBALOGAN AT ZAMBOANGA CITY ANG AH FORTY DEGREES CELSIUS O SUBIC BAY ZAMBALES 
LOG (lattice-best-path[5.5.896~1-8a59]:main():lattice-best-path.cc:99) For utterance weather012_004, best cost 777.789 + 27544 = 28321.8 over 535 frames.
weather012_004 YELO PO SA METRO MANILA ASAHAN DING MAGING MAALINSANGAN SA FORTY DEGREES CELSIUS SA NA INIT FACTOR 
LOG (lattice-best-path[5.5.896~1-8a59]:main():lattice-best-path.cc:99) For utterance weather013_001, best cost 1290.61 + 38564 = 39854.6 over 719 frames.
weather013_001 MGA KAPUSO WALANG BAGYONG NABUO SA BANSA NGAYONG AH ABRIL AT NAGING MABABA RIN ANG DAMI NG ULAN NA EPEKTO PO YAN NG GAYUNDIN YUNG 
LOG (lattice-best-path[5.5.896~1-8a59]:main():lattice-best-path.cc:99) For utterance weather013_002, best cost 1158.03 + 39712.7 = 40870.7 over 768 frames.
weather013_002 AT NGAYONG PAPASOK NA ANG BUWAN NG MAYO EH POSIBLE MGA KAPUSO MABAWASAN ANG MGA LUGAR NA APEKTADO NG DROUGHT AT DRY SPELL 
LOG (lattice-best-path[5.5.896~1-8a59]:main():lattice-best-path.cc:99) For utterance weather013_003, best cost 2060.49 + 62608.1 = 64668.6 over 1197 frames.
weather013_003 AYON SA PAGASA WALA NG DROUGHT SA MINDANAO PAGKATAPOS NG BA NG MAYO PERO MAY MGA APEKTADO PA RING AH LUGAR EH SA LUZON GAYA NA LAMANG NG BICOL REGION AT ILANG LUGAR DIYAN SA VISAYAS ITO YUNG EASTERN VISAYAS 
LOG (lattice-best-path[5.5.896~1-8a59]:main():lattice-best-path.cc:99) For utterance weather013_004, best cost 2642.71 + 92896.1 = 95538.8 over 1817 frames.
weather013_004 AT SA LAGAY NAMAN ANG PANAHON BUKAS WALA PA RING INAASAHANG ULAN DIYAN SA MALAKING BAHAGI NG LUZON BUKAS PERO PAGDATING NG HAPON ANG MAY ULAN SA ILOCOS REGION CORDILLERA CAGAYAN VALLEY AT SA MGA PROBINSYA NG DIYES SA MGA LESS TARLAC DIYAN SA MAY WELL MAY SIYA KASAMA NG AURORA PAGDATING SA HAPON 
LOG (lattice-best-path[5.5.896~1-8a59]:main():lattice-best-path.cc:99) For utterance weather013_005, best cost 2024.95 + 75761.1 = 77786.1 over 1465 frames.
weather013_005 ANG DIYAN SA NORZAGARAY BULACAN KUNG SAAN NANDOON ANG ANGAT DAM EH WALA PA RING INAASAHANG ULAN BUKAS PERO POSIBLE PONG UMULAN SA HUWEBES AT SABADO PERO MGA KAPUSO AH MGA MAHIHINANG PAGULAN YAN NA HALOS HINDI MARARAMDAMAN YUNG PAGTAAS NG LEBEL NG TUBIG 
LOG (lattice-best-path[5.5.896~1-8a59]:main():lattice-best-path.cc:99) For utterance weather013_006, best cost 1152.8 + 45409.1 = 46561.9 over 893 frames.
weather013_006 AT SA METRO MANILA NASA AT THIRTY NINE DEGREES CELSIUS ANG INIT FACTOR NATIN BUKAS AT MAP ARAW WALA PA RING ULAN MAGHAPON 
LOG (lattice-best-path[5.5.896~1-8a59]:main():lattice-best-path.cc:99) For utterance weather013_007, best cost 1291.95 + 51356.5 = 52648.5 over 995 frames.
weather013_007 SA VISAYAS MAAYOS ANG PANAHON SA UMAGA PERO MAY ULAN NA SA WESTERN VISAYAS LALO NA SA MAY NEGROS PROVINCES AT DIYAN SA MAY AH CEBU AT BOHOL PAGDATING NAMAN ANG HAPON 
LOG (lattice-best-path[5.5.896~1-8a59]:main():lattice-best-path.cc:99) For utterance weather013_008, best cost 1393.05 + 51918.4 = 53311.5 over 1023 frames.
weather013_008 MAGHAPON MANG MAULAN SA MGA REHIYON NG NORTHERN MINDANAO AT DAVAO REGION AT MAGING I AM READY PO SA THUNDERSTORM NA KUNG MINSAN MALALAKAS MGA KULAY O RIN SA YAN PAGDATING SA HAPON 
LOG (lattice-best-path[5.5.896~1-8a59]:main():lattice-best-path.cc:99) For utterance weather013_009, best cost 1362.38 + 55011.8 = 56374.2 over 1074 frames.
weather013_009 AT SA DAVAO SIXTY MGA KAPUSO SAAN GINAGANAP ANG PALARONG PAMBANSA MAGHAPON NA MAKAKARANAS NG PAGULAN AT NASA THIRTY DEGREES CELSIUS YUNG POSIBLENG INIT FACTOR 
LOG (lattice-best-path[5.5.896~1-8a59]:main():lattice-best-path.cc:99) For utterance weather013_010, best cost 573.255 + 38450.6 = 39023.8 over 748 frames.
weather013_010 AT YAN ANG LATEST MULA SA GMA WEATHER AKO PO SI NATHANIEL CRUZ MAGPLANO PARA SIGURADO I AM READY SERBISYONG TOTOO NG GMA NEWS 
LOG (lattice-best-path[5.5.896~1-8a59]:main():lattice-best-path.cc:99) For utterance weather014_001, best cost 670.086 + 28038.3 = 28708.4 over 426 frames.
weather014_001 WALANG BAGYONG NAMAMATAAN SA LOOB O LABAS ANG MALAKING AIR RESPONSIBILITY 
LOG (lattice-best-path[5.5.896~1-8a59]:main():lattice-best-path.cc:99) For utterance weather014_002, best cost 661.695 + 29708.7 = 30370.4 over 447 frames.
weather014_002 EASTERLIES ANG PANGUNAHING WEATHER SYSTEM NA NAKAKAAPEKTO NGAYON SA MARAMING LUGAR SA BANSA 
LOG (lattice-best-path[5.5.896~1-8a59]:main():lattice-best-path.cc:99) For utterance weather014_003, best cost 738.306 + 33425.9 = 34164.2 over 489 frames.
weather014_003 PARTIKULAR SA SILANGANG BAHAGI NG LUZON VISAYAS AT MINDANAO AYON PO YAN SA PAGASA 
LOG (lattice-best-path[5.5.896~1-8a59]:main():lattice-best-path.cc:99) For utterance weather014_004, best cost 1398.29 + 59890.2 = 61288.5 over 917 frames.
weather014_004 BUKAS MAGIGING MAULAP AT MAALINSANGAN DITO SA METRO MANILA PERO BANSA BA PO SA METRO WEATHER POSIBLE PA RIN ANG ULAN O KAYA'Y THUNDERSTORMS SA ILANG BAHAGI NG AH MANILA 
LOG (lattice-best-path[5.5.896~1-8a59]:main():lattice-best-path.cc:99) For utterance weather014_005, best cost 801.85 + 22083.5 = 22885.4 over 346 frames.
weather014_005 UMAGA BA LANG MAKARARANAS NA NG ULAN ANG SOUTHERN LUZON AT ISA YAN 
LOG (lattice-best-path[5.5.896~1-8a59]:main():lattice-best-path.cc:99) For utterance weather014_006, best cost 705.623 + 31073.6 = 31779.2 over 481 frames.
weather014_006 ASAHAN NAMAN ANG HANGGANG MATITINDING BUHOS NG ULAN SA MINDANAO PAGSAPIT NG HAPON AT GABI 
LOG (lattice-best-path[5.5.896~1-8a59]:main():lattice-best-path.cc:99) For utterance weather015_001, best cost 662.268 + 24999.7 = 25661.9 over 433 frames.
weather015_001 MGA KAPUSO KAKAIBANG INIT ANG NARAMDAMAN DIYAN SA PANGASINAN SA TAAS NG PAGASA 
LOG (lattice-best-path[5.5.896~1-8a59]:main():lattice-best-path.cc:99) For utterance weather015_002, best cost 1943.55 + 91900 = 93843.6 over 1487 frames.
weather015_002 PUMALO SA FORTY EIGHT POINT TWO DEGREES CELSIUS YUNG INIT FACTOR SA DAGUPAN PANGASINAN KAHAPON YAN ANG HAPON HABANG NASA FORTY FOUR POINT FIVE DEGREES CELSIUS NAMAN YUNG DAMANG INIT KANINANG HAPON YUNG MGA GANYANG KAALINSANGAN MGA KAPUSO AH POSIBLE PONG HEAT STRESS AT HEAT STROKE 
LOG (lattice-best-path[5.5.896~1-8a59]:main():lattice-best-path.cc:99) For utterance weather015_003, best cost 442.329 + 17475.4 = 17917.8 over 296 frames.
weather015_003 AT MAGING I AM READY PA RIN SA MAALINSANGANG PANAHON BUKAS 
LOG (lattice-best-path[5.5.896~1-8a59]:main():lattice-best-path.cc:99) For utterance weather015_004, best cost 2647.38 + 130575 = 133223 over 2214 frames.
weather015_004 SA DATOS NG METRAWEATHER NASA FORTY ONE DEGREES CELSIUS YUNG INIT FACTOR DIYAN SA DAGUPAN NASA FORTY DEGREES CELSIUS NAMAN YUNG DAMANG INIT POSIBLE SA TUGUEGARAO AT CABANATUAN AT THIRTY NINE DEGREES CELSIUS NAMAN DIYAN SA MAY CATBALOGAN AT TAGBILARAN SA VISAYAS AT SA MAY GENERAL SANTOS SA MINDANAO HABANG FORTY TWO DEGREES CELSIUS MGA KAPUSO ANG POSIBLENG DAMANG INIT DIYAN SA MAY COTABATO CITY 
LOG (lattice-best-path[5.5.896~1-8a59]:main():lattice-best-path.cc:99) For utterance weather015_005, best cost 1281.33 + 52910.1 = 54191.4 over 927 frames.
weather015_005 SA METRO MANILA POSIBLENG UMABOT NAMAN SA THIRTY SEVEN DEGREES CELSIUS YUNG DAMANG INIT AT BAHAGYANG MAULAP PA RIN PERO WALA PONG ULAN NA INAASAHAN SA MAGHAPON 
LOG (lattice-best-path[5.5.896~1-8a59]:main():lattice-best-path.cc:99) For utterance weather015_006, best cost 1449.62 + 62736.4 = 64186 over 1100 frames.
weather015_006 MAAYOS NAMAN ANG PANAHON SA LUZON BUKAS NG UMAGA PERO ASAHAN ANG ULAN DIYAN SA MAY CORDILLERA ILOCOS REGION SA MAY AH PROBINSYA NG CAGAYAN ISABELA DIYAN SA MAY ZAMBALES AT AURORA PAGDATING SA HAPON 
LOG (lattice-best-path[5.5.896~1-8a59]:main():lattice-best-path.cc:99) For utterance weather015_007, best cost 1235.62 + 59936.4 = 61172 over 1036 frames.
weather015_007 SA VISAYAS WALANG ULAN SA UMAGA PERO PAGDATING NG HAPON MAY ULAN DIYAN SA MAY EASTERN SAMAR SAMAR AT PAGDATING SA HAPON DIN KASAMA NA ANG LEYTE PROVINCES 
LOG (lattice-best-path[5.5.896~1-8a59]:main():lattice-best-path.cc:99) For utterance weather002_002, best cost 1049.62 + 46305.7 = 47355.3 over 961 frames.
weather002_002 MAY IKALAWA NAMAN AY NASA THREE HUNDRED THIRTY FIVE KILOMETERS SILANGAN NG APARRI CAGAYAN HABANG IKATLO AY NASA LABAS NG PHILIPPINE AREA OF RESPONSIBILITY 
LOG (lattice-best-path[5.5.896~1-8a59]:main():lattice-best-path.cc:99) For utterance weather002_003, best cost 1178.99 + 44458.7 = 45637.7 over 949 frames.
weather002_003 NAMATAAN ITO SA LAYONG ONE THOUSAND ONE HUNDRED TWENTY KILOMETERS EAST NG MINDANAO AYON SA PAGASA MABABA ANG TSANSANG AH MAGIGING BAGYO ANG TATLONG LPA 
LOG (lattice-best-path[5.5.896~1-8a59]:main():lattice-best-path.cc:99) For utterance weather002_004, best cost 3460.68 + 154836 = 158296 over 3153 frames.
weather002_004 AT NARITO NAMAN ANG MAGIGING TEMPERATURA BUKAS SA ILANG PILING LUGAR SA BANSA SA LUZON MAGIGING PINAKA MAINIT PA RIN SA TUGUEGARAO CITY KUNG SAAN PAPALO SA FORTY TWO DEGREES CELSIUS ANG HEAT INDEX SA VISAYAS PINAKAMATAAS NA INIT ANG MARARAMDAMANG SA DUMAGUETE THIRTY NINE DEGREES CELSIUS AT SA MINDANAO PINAKA MAINIT SA GENERAL SANTOS CITY KUNG SAAN NASA FORTY TWO DEGREES CELSIUS ANG MAXIMUM HEAT INDEX HABANG SA METRO MANILA AY NASA PAPALO SA FORTY ONE DEGREES CELSIUS ANG HEAT INDEX 
LOG (lattice-best-path[5.5.896~1-8a59]:main():lattice-best-path.cc:99) For utterance weather002_005, best cost 1328.21 + 42887.6 = 44215.8 over 859 frames.
weather002_005 MANATILING NAKATUTOK SA ABS-CBN ANC DZMM NEWS DOT ABS DASH CBN DOT COM AT PATROL CAPIZ PARA SIDE O PANG NAGBABAGANG BALITA AKO PO SI STANLEY PALISADA 
LOG (lattice-best-path[5.5.896~1-8a59]:main():lattice-best-path.cc:99) For utterance weather003_001, best cost 965.618 + 44421.3 = 45386.9 over 1016 frames.
weather003_001 MAGANDANG ARAW PO SA ATING LAHAT WELCOME PO SA WEATHER FORECASTING SECTION NG PAGASA AT NARITO NA NGA ANG LATEST SA LAGAY NG ATING PANAHON NGAYONG ARAW NG MARTES ALAS SINGKO NG UMAGA 
LOG (lattice-best-path[5.5.896~1-8a59]:main():lattice-best-path.cc:99) For utterance weather003_002, best cost 3218.53 + 115549 = 118767 over 2581 frames.
weather003_002 UPDATE MULA SA BINABANTAYAN DIN BAGYO NASA WEST PHILIPPINE SEA NA PO ANG MATA NITO SI BAGYONG NINA AT KANINA NGAY HULI ITONG NAMATAAN SA LAYONG SEVEN HUNDRED SIXTY KILOMETERS KANLURAN NG IBA ZAMBALES AT NANATILI PO ITONG NASA TYPHOON CATEGORY TAGLAY PA RIN ANG LAKAS NG HANGIN PO MGA PO SA ONE HUNDRED TWENTY KILOMETERS PER HOUR MALAPIT SA GITNA AT PAGBUGSO PO NG HANGING UMAABOT THE SA ONE HUNDRED TWENTY KILOMETERS PER HOUR AT 
LOG (lattice-best-path[5.5.896~1-8a59]:main():lattice-best-path.cc:99) For utterance weather003_003, best cost 775.663 + 27703.5 = 28479.1 over 624 frames.
weather003_003 TINATAYA PONG KIKILOS ITO SA DIRECTION PAKANLURAN SA BILIS NA SEVENTEEN KILOMETERS PER HOUR 
LOG (lattice-best-path[5.5.896~1-8a59]:main():lattice-best-path.cc:99) For utterance weather003_004, best cost 1503.14 + 45765.7 = 47268.9 over 1062 frames.
weather003_004 AT KUNG HINDI PO MAGBAGO ANG BILIS NG TAKBO AT DIRECTION PO NITONG SI BAGYONG NINA INAASAHAN NATIN THAT LATE EVENING TODAY AY NASA LABAS NA PO ITO NG ATING AREA OF RESPONSIBILITY 
LOG (lattice-best-path[5.5.896~1-8a59]:main():lattice-best-path.cc:99) For utterance weather003_005, best cost 3252.79 + 103075 = 106328 over 2377 frames.
weather003_005 BAGAMAT WALA PO TAYONG NAKATAAS RIN ANG TROPICAL CYCLONE WARNING SIGNAL SA NAMANG BAHAGI PAN ANG ATING KALUPAAN AY NANANATILI PONG MAKARANAS NG MAULAP NA KALANGITAN NA MAY MAHINANG MGA PAGULAN NG CAGAYAN VALLEY REGION DULOT PA RIN PO YAN NG NORTH EAST MONSOON O YUNG HANGING AMIHAN NA UMIIRAL SA HILAGANG LUZON SAMANTALANG ILOCOS REGION NAMAN KASAMA PO ANG CORDILLERA AY MAKAKARANAS NA MGA PULO-PULONG MAHIHINANG MGA PAG ULAN 
LOG (lattice-best-path[5.5.896~1-8a59]:main():lattice-best-path.cc:99) For utterance weather003_006, best cost 1581.26 + 48472.8 = 50054 over 1116 frames.
weather003_006 MARTES NAMAN FOR METRO MANILA AND FOR THE REST OF THE COUNTRY DAHIL INAASAHAN PO NATING SA NA RIN FAIR WEATHER ANG ASAHAN NATIN NGAYON MALIBAN NA LAMANG SA MGA PULO-PULONG MGA PAGULAN O PAGKIDLAT PAGKULOG 
LOG (lattice-best-path[5.5.896~1-8a59]:main():lattice-best-path.cc:99) For utterance weather003_007, best cost 3231.32 + 119686 = 122917 over 2779 frames.
weather003_007 PAALALA PA RIN PO SA LAHAT PO NG ATING MGA KABABAYANG MANGINGISDA NAKATAAS PA RIN PO ANG ATING GALE WARNING SA LAHAT NG BAYBAYING DAGAT DOON SA NORTHERN LUZON KASAMA NA PO ANG MGA BAYBAYING DAGAT SA E SA ZAMBALES AT BATAAN KAYA HINDI PA RIN PINAPAYAGAN PHILIPPINE COAST GUARD NA PUMALAOT ANG ATING MGA KABABAYANG MANGINGISDA DITO LALONG LALO NA PO NA YUNG MGA GUMAGAMIT NG MALILIIT NA SASAKYANG PANDAGAT SAPAGKAT MAGIGING MAALON HANGGANG SA NAPAKAALON PA RIN PO NG MGA KARAGATAN DITO 
LOG (lattice-best-path[5.5.896~1-8a59]:main():lattice-best-path.cc:99) For utterance weather003_008, best cost 3897.3 + 150467 = 154364 over 3494 frames.
weather003_008 DUMAKO NAMAN TAYO SA MAGIGING AGWAT NG TEMPERATURA SA MGA PILING LUGAR DITO SA PILIPINAS INAASAHAN PO NATIN NA SA METRO MANILA AH AY BAHAGING TATAAS NA PO ANG TEMPERATURA DAHIL FAIR WEATHER NA PO TAYO SA ARAW NA ITO MULA PO TWENTY FIVE HANGGANG SA THIRTY ONE DEGREES CELSIUS ANG ATING INAASAHANG MAGIGING TEMPERATURA SAMANTALANG DOON NAMAN SA BAGUIO AY MULA SA SIXTEEN HANGGANG SA TWENTY THREE DEGREES CELSIUS DOON NAMAN PO SA TAGAYTAY AY INAASAHAN NATING MULA SA TWENTY ONE HANGGANG SA TWENTY EIGHT DEGREES CELSIUS ANG MAGIGING AGWAT NG TEMPERATURA SAMANTALANG TWENTY FIVE HANGGANG SA THIRTY TWO DEGREES CELSIUS NAMAN SA PUERTO PRINCESA 
LOG (lattice-best-path[5.5.896~1-8a59]:main():lattice-best-path.cc:99) For utterance weather003_009, best cost 1958.28 + 83400.6 = 85358.8 over 1883 frames.
weather003_009 DOON NAMAN PO SA METRO DA METRO CEBU AY MULA SA TWENTY SIX HANGGANG SA THIRTY TWO DEGREES CELSIUS SAMANTALANG TWENTY SIX HANGGANG THIRTY ONE DEGREES CELSIUS NAMAN SA ILOILO AT TWENTY SIX HANGGANG THIRTY TWO DEGREES CELSIUS PO SA METRO DAVAO AT TWENTY FOUR HANGGANG SA THIRTY THREE DEGREES CELSIUS NAMAN DOON PO SA ZAMBOANGA CITY 
LOG (lattice-best-path[5.5.896~1-8a59]:main():lattice-best-path.cc:99) For utterance weather003_010, best cost 1316.29 + 39936.7 = 41253 over 943 frames.
weather003_010 ANG SA NA RAINS PO NATIN NGAYON IS SIX NINETEEN IN THE MORNING SAMANTALANG INAASAHAN DIN PO NATIN LULUBOG ANG ARAW SA GANAP NA ALAS SINGKO TRENTAY SINGKO NG HAPON 
LOG (lattice-best-path[5.5.896~1-8a59]:main():lattice-best-path.cc:99) For utterance weather003_011, best cost 463.409 + 18684 = 19147.4 over 441 frames.
weather003_011 YAN NA PO ANG LATEST MULA DITO SA PAGASA ITO PO SI LORIDIN DELA CRUZ 
LOG (lattice-best-path[5.5.896~1-8a59]:main():lattice-best-path.cc:99) For utterance weather004_001, best cost 2370.53 + 80975.6 = 83346.2 over 1879 frames.
weather004_001 MAGANDANG PAGBATI SA ATING MGA TAGA PANOOD AT PARA NGA DITO SA NILALAMAN NG ATING FIVE PM WEATHER FORECAST NGAYONG DECEMBER EIGHT TWO THOUSAND SIXTEEN AY PARA PO DITO AY IEXPLAIN PO NATIN KUNG BAKIT PO ITONG ANG NAFORECAST PO NATIN NA MAGIGING TAYA NG PANAHON SA LOOB NG BENTE QUATRO ORAS 
LOG (lattice-best-path[5.5.896~1-8a59]:main():lattice-best-path.cc:99) For utterance weather004_002, best cost 1344.61 + 45741.6 = 47086.2 over 1024 frames.
weather004_002 O DITO PO SA ATING HIMAWARI IMAGE AY KUNG MAPAPANSIN NYO MERON PO TAYONG TAIL END OF A COLD ONE ANG MAS NA NAKAKAAPEKTO PO YAN DITO SA SILANGANG BAHAGI NG ATING LUZON 
LOG (lattice-best-path[5.5.896~1-8a59]:main():lattice-best-path.cc:99) For utterance weather004_003, best cost 2322.79 + 80724.7 = 83047.5 over 1852 frames.
weather004_003 AT SA SA YUNG BUONG NG DALAWANG HANGIN ISANG YUNG EASTERLIES AT ITONG NORTHEAST MONSOON DAHIL DIYAN ASAHAN NATIN METRO MANILA PROBINSYA NG CAGAYAN ISABELA NUEVA VIZCAYA QUIRINO THREE SAAN QUEZON KASAMA NA AY ITONG BUONG REHIYON NG CENTRAL LUZON NG AT CORDILLERA 
LOG (lattice-best-path[5.5.896~1-8a59]:main():lattice-best-path.cc:99) For utterance weather004_004, best cost 762.229 + 33942.7 = 34705 over 784 frames.
weather004_004 NARANASAN NG MAULAP NA KALANGITAN NA MAY KASAMA YANG MAHINA HANGGANG SA KATAMTAMANG MGA PAGULAN AT MGA PAGKIDLAT AT PAGKULOG 
LOG (lattice-best-path[5.5.896~1-8a59]:main():lattice-best-path.cc:99) For utterance weather004_005, best cost 1224.96 + 40929.6 = 42154.5 over 930 frames.
weather004_005 SAMANTALANG DITO SA NATITIRANG BAHAGI NG CAGAYAN VALLEY ITONG PROBINSYA NG BATANES AT YAN AY LUZON KAILAN AT DITO SA REHIYON NG ILOCOS REGION 
LOG (lattice-best-path[5.5.896~1-8a59]:main():lattice-best-path.cc:99) For utterance weather004_006, best cost 169.498 + 2201.09 = 2370.58 over 50 frames.
weather004_006 ANG AY 
LOG (lattice-best-path[5.5.896~1-8a59]:main():lattice-best-path.cc:99) For utterance weather004_007, best cost 913.796 + 27996.6 = 28910.4 over 651 frames.
weather004_007 DAHIL NGA SA NORTHEAST MONSOON MAKAKARANAS SA MAY YAN NG MAULAP NA KALANGITAN NA MAY KASAMA LAMANG YANG MGA LIGHT RAINS 
LOG (lattice-best-path[5.5.896~1-8a59]:main():lattice-best-path.cc:99) For utterance weather004_008, best cost 2553.49 + 84012.7 = 86566.2 over 1962 frames.
weather004_008 SAMANTALA SA TV NG BAHAGI NG ATING BANSA ITONG NATITIRANG BAHAGI NG SOUTHERN LUZON BUONG KABISAYAAN BUONG MINDANAO MAGIGING MAGANDA ANG ATING TAYA NG PANAHON SA UMAGA PERO PAMINSAN MINSAN MAGKAKAROON PO TAYO NG PULO-PULONG MGA PAGKIDLAT AT PAGKULOG O INTENSE ANG ATING MGA LOCALIZE THUNDERSTORM NGUNIT ITO AY PANANDALIAN LAMANG 
LOG (lattice-best-path[5.5.896~1-8a59]:main():lattice-best-path.cc:99) For utterance weather004_009, best cost 1260.16 + 42254.1 = 43514.2 over 982 frames.
weather004_009 SAMANTALANG ANG ATING LAGAY NG KARAGATAN DAHIL PAMINSAN NORTHEAST MONSOON NA NAKAKAAPEKTO DITO SA EXTREME NORTHERN LUZON PO DITO SA MAY DULONG HILAGANG LUZON 
LOG (lattice-best-path[5.5.896~1-8a59]:main():lattice-best-path.cc:99) For utterance weather004_010, best cost 1610.75 + 64490.7 = 66101.5 over 1518 frames.
weather004_010 ASAHAN NATIN NAMAN MERON TAYONG GALE WARNING DITO SA MGA BAYBAYIN NG BATANES CALAYAN BABUYAN HILAGANG BAYBAYIN NG CAGAYAN AT DITO SA PROBINSYA NG ILOCOS NORTE ILOCOS SUR LA UNION AT PANGASINAN 
LOG (lattice-best-path[5.5.896~1-8a59]:main():lattice-best-path.cc:99) For utterance weather004_011, best cost 995.004 + 38174 = 39169 over 880 frames.
weather004_011 HINDI PO NATIN PINAPAYAGANG PUMALAOT YUNG MGA MALILIIT SASAKYANG PANDAGAT PERO YUNG MALALAKI AY PINAPAYUHANG MAG INGAT SA MGA MALALAKING ALON 
LOG (lattice-best-path[5.5.896~1-8a59]:main():lattice-best-path.cc:99) For utterance weather004_012, best cost 702.595 + 26463.4 = 27166 over 596 frames.
weather004_012 AT YAN ANG ATING LATEST UPDATE MULA DITO SA PAGASA WEATHER FORECASTING CENTER SHERYL IGNACIO NAG UULAT 
LOG (lattice-best-path[5.5.896~1-8a59]:main():lattice-best-path.cc:99) For utterance weather005_001, best cost 546.329 + 24971.2 = 25517.6 over 579 frames.
weather005_001 MAGANDANG ARAW PO SA ATING LAHAT NARITO ANG PINAKAHULING ULAT SA LAGAY NG ATING PANAHON NGAYONG ALAS SINGKO NG HAPON 
LOG (lattice-best-path[5.5.896~1-8a59]:main():lattice-best-path.cc:99) For utterance weather005_002, best cost 2856.43 + 109950 = 112806 over 2513 frames.
weather005_002 TATLONG WEATHER SYSTEM NG SA KASALUKUYAN AY NAKAKAAPEKTO SA PHILIPPINE LAND MASS AT ISA NA NGA PO DIYAN YUNG TINATAWAG NATING TAIL END OF A COLD SAAN NASA NGAYON AY NAKAKAAPEKTO SA SILANGANG BAHAGI NG CENTRAL AT SOUTHERN LUZON KAYAT ASAHAN PA RIN HO NATIN ANG MAHINA HANGGANG SA KATAMTAMANG MGA PAGULAN AT PAGKIDLAT PAGKULOG SA KAMAYNILAAN SA MGA LUGAR PO NG SOUTHERN LUZON EXCEPT FOR PALAWAN AT SA LALAWIGAN NG AURORA 
LOG (lattice-best-path[5.5.896~1-8a59]:main():lattice-best-path.cc:99) For utterance weather005_003, best cost 3330.94 + 115453 = 118784 over 2638 frames.
weather005_003 SAMANTALA TROUGH O BABA LOW PRESSURE AREA NAMAN ITO PONG LOW PRESSURE AREA HANGGANG SA NGAYON AY NASA LABAS PA RIN ANG ATING PINAKA AN NGUNIT YUNG KANYANG TROUGH PO YUNG BUNTOT AY PATULOY NA NAKAKAAPEKTO SA EASTERN AH SECTION OF VISAYAS KAYAT ASAHAN PA RIN HO NATIN ANG MAHINA HANGGANG SA KATAMTAMANG MGA PAGULAN AT PAGKIDLAT PAGKULOG SA E SILANGANG KABISAYAAN KASAMA NA PO DIYAN ANG CARAGA AT DAVAO REGION AT SOCSARGEN REGION 
LOG (lattice-best-path[5.5.896~1-8a59]:main():lattice-best-path.cc:99) For utterance weather005_004, best cost 1928.62 + 72569.9 = 74498.5 over 1687 frames.
weather005_004 SA HILAGANG LUZON NAMAN AY PATULOY PA RING UMIIRAL ANG NORTHEAST MONSOON O YUNG HANGING AMIHAN KAYAT ASAHAN PA RIN NATIN NG MAHINANG MGA PAGULAN DOON SA REHIYON NG ILOCOS KASAMA PO DIYAN ANG CORDILLERA AT CAGAYAN VALLEY MAGING ANG NATITIRANG BAHAGI NG CENTRAL LUZON 
LOG (lattice-best-path[5.5.896~1-8a59]:main():lattice-best-path.cc:99) For utterance weather005_005, best cost 936.044 + 37538.5 = 38474.5 over 885 frames.
weather005_005 SA NATITIRANG BAHAGI NAMAN NG ATING BANSA AY GENERALLY FAIR WEATHER PO TAYO NGAYON MALIBAN NA LAMANG SA MGA PULO-PULONG MGA PAGULAN O PAGKIDLAT PAGKULOG 
LOG (lattice-best-path[5.5.896~1-8a59]:main():lattice-best-path.cc:99) For utterance weather005_006, best cost 1787.58 + 78508.4 = 80295.9 over 1833 frames.
weather005_006 ANG ATING GALE WARNING AY NAKATAAS PA RIN PO SA NORTHERN AND WESTERN SECTION NG AH NORTHERN LUZON KAYAT SA MGA NABANGGIT KONG LUGAR AY HINDI PA RIN HO PINAPAYAGAN NG PHILIPPINE COAST GUARD NA PUMALAOT ANG ATING MGA KABABAYANG MANGINGISDA SAPAGKAT MAGIGING MAALON HANGGANG SA NAPAKAALON PA RIN PO NG MGA KARAGATAN DITO 
LOG (lattice-best-path[5.5.896~1-8a59]:main():lattice-best-path.cc:99) For utterance weather005_007, best cost 2750.55 + 118152 = 120902 over 2785 frames.
weather005_007 DUMAKO NAMAN TAYO SA MAGIGING TEMPERATURE FORECAST PO NATIN SA IBA'T IBANG LUGAR DITO SA PILIPINAS DITO NALAMANG SA METRO MANILA INAASAHAN NATING ANG MAGIGING AGWAT NG TEMPERATURA AY MULA SA TWENTY FOUR HANGGANG SA THIRTY DEGREES CELSIUS SA BHAGYA NAMAN AY MULA SA FIFTEEN HANGGANG SA TWENTY FOUR DEGREES CELSIUS SAMANTALANG SA TAGAYTAY AY MULA SA TWENTY TWO HANGGANG SA TWENTY SEVEN DEGREES CELSIUS AT SA PUERTO PRINCESA AY MULA SA TWENTY FOUR HANGGANG SA THIRTY TWO DEGREES CELSIUS 
LOG (lattice-best-path[5.5.896~1-8a59]:main():lattice-best-path.cc:99) For utterance weather005_008, best cost 1732.82 + 80198.3 = 81931.1 over 1862 frames.
weather005_008 METRO CEBU AY MULA SA TWENTY FIVE HANGGANG SA THIRTY ONE DEGREES CELSIUS SAMANTALA SA ILOILO AY MULA SA TWENTY FOUR HANGGANG THIRTY DEGREES CELSIUS ANG TINATAYANG MAGIGING AGWAT NG TEMPERATURA SAMANTALANG SA METRO DAVAO AY MULA SA TWENTY FIVE HANGGANG THIRTY DEGREES CELSIUS AT TWENTY FOUR HANGGANG THIRTY TWO DEGREES CELSIUS DOON SA ZAMBOANGA CITY 
LOG (lattice-best-path[5.5.896~1-8a59]:main():lattice-best-path.cc:99) For utterance weather005_009, best cost 1461.82 + 45262.3 = 46724.1 over 1057 frames.
weather005_009 ANG SA NA IS PO NATIN FOR TOMORROW INAASAHAN NATING SIX FOURTEEN IN THE MORNING MAGAGANAP SAMANTALA LULUBOG NAMAN ANG ARAW NATIN MAMAYA SA GANAP NA ALAS SINGKO BENTE NUEBE NG HAPON 
LOG (lattice-best-path[5.5.896~1-8a59]:main():lattice-best-path.cc:99) For utterance weather005_010, best cost 362.695 + 17343.8 = 17706.5 over 391 frames.
weather005_010 YAN ANG LATEST MULA DITO SA PAGASA ITO PO SI LORIDIN DELA CRUZ 
LOG (lattice-best-path[5.5.896~1-8a59]:main():lattice-best-path.cc:99) For utterance weather006_001, best cost 1486.82 + 50251.4 = 51738.2 over 1146 frames.
weather006_001 MAGANDANG HAPON SA ATING MGA TAGA PANOOD AT NANDITO PO ULIT TAYO PARA ALAMIN ANG NILALAMAN NG ATING FIVE PM WEATHER FORECAST NGAYONG ARAW NG BIYERNES DECEMBER SIXTEEN TWO TAAS AND SIXTEEN 
LOG (lattice-best-path[5.5.896~1-8a59]:main():lattice-best-path.cc:99) For utterance weather006_002, best cost 1144.27 + 42574.9 = 43719.2 over 966 frames.
weather006_002 MERON PO TAYONG TATLONG WEATHER SYSTEM NA NAKAKAAPEKTO DITO SA ATING BANSA ANG UNA PO AY ITONG NORTHEAST MONSOON NA NAKAKAAPEKTO PO YAN DITO SA MAY NORTHERN LUZON 
LOG (lattice-best-path[5.5.896~1-8a59]:main():lattice-best-path.cc:99) For utterance weather006_003, best cost 1624.6 + 49143.3 = 50767.9 over 1086 frames.
weather006_003 SAMANTALANG MERON PO TAYONG TAIL END BACOLOD PRONE O ETO PONG PAG SA SA LOOB O NG NORTHEAST MONSOON AT EASTERLIES NAKAKAAPEKTO NAMAN YAN DITO SA SILANGANG BAHAGI NG CENTRAL AND SOUTHERN LUZON 
LOG (lattice-best-path[5.5.896~1-8a59]:main():lattice-best-path.cc:99) For utterance weather006_004, best cost 1010.83 + 31837.2 = 32848 over 707 frames.
weather006_004 YUNG PANGATLONG WEATHER SYSTEM PO NATIN AY ITONG TROUGH NG LOW PRESSURE AREA NA NAKAKAAPEKTO NAMAN PO YAN DITO SA MAY MINDANAO 
LOG (lattice-best-path[5.5.896~1-8a59]:main():lattice-best-path.cc:99) For utterance weather006_005, best cost 896.391 + 28351.9 = 29248.2 over 642 frames.
weather006_005 DAHIL DIYAN ALAMIN PO NATIN YUNG MAGIGING TAYA NG PANAHON NATIN SA LOOB PO SA SUSUNOD NA BENTE QUATRO ORAS 
LOG (lattice-best-path[5.5.896~1-8a59]:main():lattice-best-path.cc:99) For utterance weather006_006, best cost 2072.58 + 73796.6 = 75869.2 over 1650 frames.
weather006_006 DITO PO SA PROBINSYA NA NI SAAN AURORA QUEZON KASAMA NA PO YUNG BUONG KABIKULAN AT DITO SA DITO SA MAY SAMAR PROVINCES MAGKAKAROON TAYO NG MODERATE TO OCCASIONALLY HEAVY RAINS NA MAARI PO YANG MAGDULOT NG FLASH FLOOD AND LANDSLIDE 
LOG (lattice-best-path[5.5.896~1-8a59]:main():lattice-best-path.cc:99) For utterance weather006_007, best cost 1682.95 + 76935.3 = 78618.2 over 1730 frames.
weather006_007 SAMANTALANG SA METRO MANILA SA NATITIRANG BAHAGI NG CALABARZON MIMAROPA NATITIRANG BAHAGI NG VISAYAS AT BUONG MINDANAO ASAHAN PO NATIN MAGIGING MAULAP ANG ATING KALANGITAN NA MAY KASAMA YANG MAHINA HANGGANG SA KATAMTAMANG MGA PAGULAN AT MGA PAGKIDLAT AT PAGKULOG 
LOG (lattice-best-path[5.5.896~1-8a59]:main():lattice-best-path.cc:99) For utterance weather006_008, best cost 1686.7 + 69690.7 = 71377.4 over 1571 frames.
weather006_008 SAMANTALANG SA NATITIRANG BAHAGI NG LUZON ETO PONG REHIYON NG ILOCOS CORDILLERA CAGAYAN VALLEY NATITIRANG BAHAGI NG CENTRAL LUZON AY ASAHAN ANG PO NATIN MAGIGING MAULAP RIN ANG KALANGITAN NA MAY KASAMA LAMANG MGA MAHINANG MGA PAGULAN 
LOG (lattice-best-path[5.5.896~1-8a59]:main():lattice-best-path.cc:99) For utterance weather006_009, best cost 4047.82 + 163085 = 167132 over 3621 frames.
weather006_009 AT SILIPIN PO NATIN YUNG MAGIGING TAYA O MAGIGING AGWAT NG TEMPERATURA SA ILANG PILING LUGAR DITO PO SA METRO MANILA DAHIL PATULOY PA RIN NA MAKULIMLIM ANG ATING KALANGITAN YUNG RAINS PO NG TEMPERATURE NATIN AY NASA PAGITAN LAMANG NG TWENTY FOUR TO THIRTY DEGREES CELSIUS SA MAY BAGUIO DAHIL PATULOY PA RIN PONG NAMAMAYANI ITONG NORTHEAST MONSOON ANG RAINS NG TEMPERATURE NG ATING INAASAHAN AY FIFTEEN TO TWENTY ONE DEGREES CELSIUS SA MAY TAGAYTAY NAMAN TWENTY ONE TO TWENTY SEVEN DEGREES CELSIUS SA MAY PUERTO PRINCESA ASAHAN PO NATIN TWENTY FOUR TO THIRTY ONE DEGREES CELSIUS 
LOG (lattice-best-path[5.5.896~1-8a59]:main():lattice-best-path.cc:99) For utterance weather006_010, best cost 2306.36 + 96593.4 = 98899.8 over 2167 frames.
weather006_010 SA ILANG LUGAR NAMAN PO SA MAY VISAYAS DITO PO SA METRO CEBU ANG INAASAHAN PO NATING AGWAT NG TEMPERATURA AY TWENTY FIVE TO THIRTY DEGREES CELSIUS SA MAY ILOILO TWENTY FIVE TO TWENTY NINE DEGREES CELSIUS SA MAY MINDANAO NAMAN PO ITONG DAVAO TWENTY FIVE TO THIRTY ONE DEGREES CELSIUS SA MAY ZAMBOANGA TWENTY FOUR TO THIRTY TWO DEGREES 
LOG (lattice-best-path[5.5.896~1-8a59]:main():lattice-best-path.cc:99) For utterance weather006_011, best cost 3042.69 + 123583 = 126626 over 2815 frames.
weather006_011 SILIPIN NAMAN PO NATIN YUNG MAGIGING TAYA NG ATING KARAGATAN PATULOY PA RIN PONG NAKATAAS ANG ATING GALE WARNING DITO PO SA SEABOARDS NG NORTHERN LUZON EASTERN SEABOARD NG CENTRAL LUZON EASTERN SEABOARD NG SOUTHERN LUZON AT EASTERN SEABOARD NG KABISAYAAN DAHIL DIYAN ASAHAN PO NATIN HINDI PO NATIN PINAPAYAGANG MAG LAYAG YUNG MALILIIT SASAKYANG PANDAGAT NGUNIT YUNG MGA MALALAKI NAMAN PO AY PINAPAYUHANG MAG INGAT SA MGA MALAPIT MALALAKING 
LOG (lattice-best-path[5.5.896~1-8a59]:main():lattice-best-path.cc:99) For utterance weather006_012, best cost 1198.56 + 40819.1 = 42017.6 over 903 frames.
weather006_012 AT ANG ATING ARAW INAASAHAN PO NATIN LULUBOG FIVE THIRTY NGAYONG HAPON SAMANTALANG BUKAS NG UMAGA SISIKAT NAMAN ITO SA FORTY SIX FOURTEEN 
LOG (lattice-best-path[5.5.896~1-8a59]:main():lattice-best-path.cc:99) For utterance weather006_013, best cost 4682.02 + 176622 = 181304 over 3873 frames.
weather006_013 AT PARA NAMAN PO SA MGA LATEST UPDATE TUNGKOL PO SA ATING PANAHON MAAARI PO NATING I FOLLOW ANG ATING TWITTER ACCOUNT PAG DOST UNDERSCORE PAGASA MAARI PO NATING I LIKE ANG ATING FACEBOOK ACCOUNT PAGASA DOT DOST DOT GOV DOT PH ANG ATING YOUTUBE NAMAN PO PAGASA EIGHTEEN DIN MAARI RIN PO NATING BISITAHIN ANG ATING WEBSITE WW DA AT PAGASA NA DOST DOT GOV DOT PH AT MULA NGA PO DITO SA WEATHER FORECASTING CENTER SHERY IGNACIO ISA PO SA MGA WEATHER FORECASTER NG PAGASA DOST NAG UULAT NAGBIBIGAY IMPORMASYON MARAMING SALAMAT PO SA INYONG PANONOOD HANGGANG SA MULI HAPPY WEEKEND 
LOG (lattice-best-path[5.5.896~1-8a59]:main():lattice-best-path.cc:99) For utterance weather007_001, best cost 942.176 + 44921.8 = 45864 over 1058 frames.
weather007_001 MAGANDANG ARAW PO SA ATING LAHAT WELCOME SA WEATHER FORECASTING SECTION NG PAGASA AT NARITO NA NGA ANG LATEST SA LAGAY NG ATING PANAHON NGAYONG ARAW NG SABADO ALAS SINGKO NG HAPON 
LOG (lattice-best-path[5.5.896~1-8a59]:main():lattice-best-path.cc:99) For utterance weather007_002, best cost 1385.92 + 45157.8 = 46543.7 over 1027 frames.
weather007_002 DALAWANG WEATHER SYSTEM PA RIN ANG PATULOY NAGBIBIGAY O NAG CACAUSE NG MGA PAGULAN SA MALAKING BAHAGI PO NG ATING BANSA AT ISA NA NGA PO DIYAN YUNG TINATAWAG NATING TAIL END OF A COLD FAR 
LOG (lattice-best-path[5.5.896~1-8a59]:main():lattice-best-path.cc:99) For utterance weather007_003, best cost 1139.84 + 27344 = 28483.8 over 655 frames.
weather007_003 ITO PO YUNG BANG VALLEY SA PAGITAN NG DALAWANG MALAKING AIR MASS NA MALAKI PO ANG ANG DIFFERENCE NG KANILANG TEMPERATURA 
LOG (lattice-best-path[5.5.896~1-8a59]:main():lattice-best-path.cc:99) For utterance weather007_004, best cost 3660.73 + 124748 = 128409 over 2935 frames.
weather007_004 KAYAT KUNG MAPAPANSIN PO NATIN KUMPARA PO NG MGA NAKARAANG ARAW AY BAHAGYANG BUMABA PO YUNG AXIS O ORIENTATION NETONG TAIL END NATIN KAYAT DOON PO SA KABIKULAN AT SA EASTERN VISAYAS AT SA SILANGANG KABISAYAAN AY PATULOY PONG MAKAKARANAS ANG ATING MGA KABABAYAN DOON NG KATAMTAMAN HANGGANG SA KUNG MINSAN AY MALAKAS NA MGA PAGULAN KAYAT DOBLENG INGAT PO TAYO DAHIL ANG GANITONG KLASENG INTENSITY NG PAGULAN AY PWEDE PONG MAG AH CLOSE NG MGA PAGBAHA AT PAGGUHO NG LUPA 
LOG (lattice-best-path[5.5.896~1-8a59]:main():lattice-best-path.cc:99) For utterance weather007_005, best cost 1004.81 + 32973.6 = 33978.4 over 767 frames.
weather007_005 SAMANTALANG YUNG NORTHEAST MONSOON PA RIN PO NATIN O YUNG HANGING AMIHAN ANG PATULOY NA UMIIRAL SA NORTHERN AND CENTRAL LUZON 
LOG (lattice-best-path[5.5.896~1-8a59]:main():lattice-best-path.cc:99) For utterance weather007_006, best cost 1917.9 + 67580.2 = 69498.1 over 1584 frames.
weather007_006 KAYA DAHIL PO SA DALAWANG MALAKING WEATHER SYSTEM NA ITO HALOS BUONG LUZON PO KASAMA NA DIYAN ANG KABISAYAAN AT ANG MGA REHIYON NG CARAGA DAVAO AT SOCSARGEN AY MAGIGING MAULAP PO NA MAY MAHINA HANGGANG SA KATAMTAMANG MGA PAGULAN AT PAGKIDLAT PAGKULOG 
LOG (lattice-best-path[5.5.896~1-8a59]:main():lattice-best-path.cc:99) For utterance weather007_007, best cost 1303.6 + 44850.3 = 46153.9 over 1057 frames.
weather007_007 ULIT SA NALALABING BAHAGI NG ATING AH NG MINDANAO GOOD IS NAMAN DAHIL GENERALLY FAIR WEATHER PO TAYO DOON MALIBAN NA LAMANG SA MGA PULO-PULONG MGA PAGULAN O PAGKIDLAT PAGKULOG 
LOG (lattice-best-path[5.5.896~1-8a59]:main():lattice-best-path.cc:99) For utterance weather007_008, best cost 552.945 + 21432.8 = 21985.7 over 487 frames.
weather007_008 ANG ATING GALE WARNING AY NAKATAAS PA RIN PO SA MGA BAYBAYING DAGAT NG NORTHERN LUZON 
LOG (lattice-best-path[5.5.896~1-8a59]:main():lattice-best-path.cc:99) For utterance weather007_009, best cost 2444.51 + 100800 = 103245 over 2333 frames.
weather007_009 KASAMA PO DIYAN ANG EASTERN SEABOARD NG CENTRAL LUZON WHICH IS AURORA AT ANG EASTERN AND SOUTHERN SEABOARD PO NG SOUTHERN LUZON MAGING ANG MGA BAYBAYING DAGAT NG NORTHERN SAMAR AND EASTERN SAMAR KAYA SA MGA NABANGGIT KO PONG LUGAR AY HINDI PA RIN PINAPAYAGAN NG PHILIPPINE COAST GUARD NA PUMALAOT ANG ATING MGA KABABAYANG MANGINGISDA SAPAGKAT MAGIGING MAALON HANGGANG SA NAPAKAALON PO NG MGA KARAGATAN DOON 
LOG (lattice-best-path[5.5.896~1-8a59]:main():lattice-best-path.cc:99) For utterance weather007_010, best cost 652.201 + 22554.8 = 23207 over 520 frames.
weather007_010 DUMAKO NAMAN PO TAYO SA MAGIGING AGWAT NG TEMPERATURA SA ILANG MGA PILING LUGAR DITO SA PILIPINAS 
LOG (lattice-best-path[5.5.896~1-8a59]:main():lattice-best-path.cc:99) For utterance weather007_011, best cost 1892.82 + 57505.7 = 59398.5 over 1369 frames.
weather007_011 ITO NA LAMANG SA KAMAYNILAAN INAASAHANG ANG MAGIGING AGWAT NG TEMPERATURA AY MULA SA TWENTY FOUR HANGGANG SA TWENTY NINE DEGREES CELSIUS BHAGYA PONG BUMABA ANG MAXIMUM PO NATIN DAHIL NA NGA PO YAN SA ATING WEATHER CONDITION DITO NA MAULAP NA MAY MGA PAGULAN 
LOG (lattice-best-path[5.5.896~1-8a59]:main():lattice-best-path.cc:99) For utterance weather007_012, best cost 1206.39 + 45358.3 = 46564.7 over 1086 frames.
weather007_012 SAMANTALA SA BAGUIO AY MULA NAMAN SA SIXTEEN HANGGANG SA TWENTY ONE DEGREES CELSIUS ANG TINATAYANG MAGIGING AGWAT NG TEMPERATURA AT SA TAGAYTAY NAMAN AY MULA SA TWENTY HANGGANG SA TWENTY EIGHT DEGREES CELSIUS 
LOG (lattice-best-path[5.5.896~1-8a59]:main():lattice-best-path.cc:99) For utterance weather007_013, best cost 531.168 + 22081.8 = 22612.9 over 524 frames.
weather007_013 SAMANTALA SA PUERTO PRINCESA AY MULA SA TWENTY FIVE HANGGANG SA THIRTY ONE DEGREES CELSIUS 
LOG (lattice-best-path[5.5.896~1-8a59]:main():lattice-best-path.cc:99) For utterance weather007_014, best cost 1988.2 + 86855.1 = 88843.3 over 2031 frames.
weather007_014 DUMAKO NAMAN TAYO SA CEBU INAASAHANG TWENTY FOUR HANGGANG SA THIRTY ANG TEMPERATURE RANGE SAMANTALANG SA MAY ILOILO CITY AY MULA SA TWENTY FIVE HANGGANG SA TWENTY NINE DEGREES CELSIUS DOON NAMAN SA METRO DAVAO AY MULA SA TWENTY FOUR HANGGANG SA THIRTY DEGREES CELSIUS AT SA ZAMBOANGA CITY NAMAN AY MULA SA TWENTY FOUR HANGGANG SA THIRTY ONE DEGREES CELSIUS 
LOG (lattice-best-path[5.5.896~1-8a59]:main():lattice-best-path.cc:99) For utterance weather007_015, best cost 1513.72 + 40685.7 = 42199.4 over 948 frames.
weather007_015 ANG ATIN PONG SUNSET TODAY AY INAASAHAN PONG FIVE THIRTY IN DI NA THIRTY ONE SAMANTALANG ANG SA NA IS PO NATIN BUKAS AY SIX FIFTEEN IN THE MORNING 
LOG (lattice-best-path[5.5.896~1-8a59]:main():lattice-best-path.cc:99) For utterance weather007_016, best cost 418.914 + 20061.5 = 20480.4 over 467 frames.
weather007_016 YAN HO MUNA ANG LATEST MULA DITO SA PAGASA ITO PO SI LORIDIN DELA CRUZ 
LOG (lattice-best-path[5.5.896~1-8a59]:main():lattice-best-path.cc:99) For utterance weather008_001, best cost 567.273 + 26620.8 = 27188 over 638 frames.
weather008_001 MAGANDANG ARAW PO SA ATING LAHAT NARITO ANG PINAKAHULING ULAT SA LAGAY NG ATING PANAHON NGAYONG ALAS SINGKO NG HAPON 
LOG (lattice-best-path[5.5.896~1-8a59]:main():lattice-best-path.cc:99) For utterance weather008_002, best cost 1203.3 + 37743.2 = 38946.5 over 913 frames.
weather008_002 MERON TAYONG BINABANTAYANG ISANG LOW PRESSURE AREA SA LOOB PO NG ATING PA YAN AT HULI ITONG NAMATAAN KANINA SA VICINITY NG BUENAVISTA QUEZON PROVINCE 
LOG (lattice-best-path[5.5.896~1-8a59]:main():lattice-best-path.cc:99) For utterance weather008_003, best cost 1833.92 + 65384.6 = 67218.5 over 1600 frames.
weather008_003 KAYAT SA MGA LALAWIGAN PO NG CAMARINES NORTE AT QUEZON AY PATULOY NATING PINAG IINGAT NG ATING MGA KABABAYAN MULA SA KATAMTAMAN HANGGANG SA KUNG MINSAN AY MALAKAS NA MGA PAGULAN AT PAGKIDLAT PAGKULOG NA MAARI PONG MAGDULOT NG MGA PAGBAHA O PAGGUHO NG LUPA 
LOG (lattice-best-path[5.5.896~1-8a59]:main():lattice-best-path.cc:99) For utterance weather008_004, best cost 2115.24 + 79022.7 = 81137.9 over 1921 frames.
weather008_004 SAMANTALA SA MGA LUGAR PO DITO SA SOUTHERN LUZON EXCEPT FOR PALAWAN KASAMA PO DIYAN ANG LUGAR NG NORTHERN SAMAR METRO MANILA AT MGA LALAWIGAN PO NG CAGAYAN ISABELA AT AURORA AY MAGIGING MAULAP DIN TAYO SA ARAW NA ITO NA MAY MAHINA HANGGANG SA KATAMTAMANG MGA PAGULAN AT PAGKIDLAT PAGKULOG 
LOG (lattice-best-path[5.5.896~1-8a59]:main():lattice-best-path.cc:99) For utterance weather008_005, best cost 2924.74 + 94504.8 = 97429.5 over 2236 frames.
weather008_005 DAHIL PO SA PREVAILING PA RIN NA NORTHEAST MONSOON O YUNG HANGING AMIHAN AASAHAN PO NATIN NA SA ARAW NA ITO AY MAY MGA MAHINANG MGA PAGULAN PA RIN DOON SA MGA REHIYON NG NORTHERN LUZON SO YUN PO YUNG REGION NG ILOCOS KASAMA DIYAN ANG CORDILLERA REGION CAGAYAN VALLEY AT NATITIRANG BAHAGI PAG PO NG CENTRAL LUZON KASAMA PO SILA SA PWEDENG MAAPEKTUHAN NG MGA MAHINANG MGA PAGULAN 
LOG (lattice-best-path[5.5.896~1-8a59]:main():lattice-best-path.cc:124) Overall cost per frame is 47.9181 = 1.22182 [graph] + 46.6962 [acoustic] over 178460 frames.
LOG (lattice-best-path[5.5.896~1-8a59]:main():lattice-best-path.cc:128) Done 142 lattices, failed for 0
# Accounting: time=3 threads=1
# Ended (code 0) at Sun May 16 20:59:02 CST 2021, elapsed time 3 seconds
